--2025-06-17 07:11:13--  https://downloads.xiph.org/releases/ogg/libogg-1.3.6.tar.xz
Resolving downloads.xiph.org (downloads.xiph.org)... 2001:470:eb26:42::1, 140.211.166.31
Connecting to downloads.xiph.org (downloads.xiph.org)|2001:470:eb26:42::1|:443... connected.
HTTP request sent, awaiting response... 302 Moved Temporarily
Location: https://ftp.osuosl.org/pub/xiph/releases/ogg/libogg-1.3.6.tar.xz [following]
--2025-06-17 07:11:13--  https://ftp.osuosl.org/pub/xiph/releases/ogg/libogg-1.3.6.tar.xz
Resolving ftp.osuosl.org (ftp.osuosl.org)... 2600:3404:200:237::2, 2600:3402:200:227::2, 2605:bc80:3010::134, ...
Connecting to ftp.osuosl.org (ftp.osuosl.org)|2600:3404:200:237::2|:443... connected.
HTTP request sent, awaiting response... 200 OK
Length: 439952 (430K) [application/x-xz]
Saving to: 'libogg-1.3.6.tar.xz'

     0K .......... .......... .......... .......... .......... 11% 3.23M 0s
    50K .......... .......... .......... .......... .......... 23% 6.12M 0s
   100K .......... .......... .......... .......... .......... 34% 6.13M 0s
   150K .......... .......... .......... .......... .......... 46%  111M 0s
   200K .......... .......... .......... .......... .......... 58% 6.08M 0s
   250K .......... .......... .......... .......... .......... 69% 6.40M 0s
   300K .......... .......... .......... .......... .......... 81% 76.2M 0s
   350K .......... .......... .......... .......... .......... 93% 6.25M 0s
   400K .......... .......... .........                       100% 3.88M=0.06s

2025-06-17 07:11:13 (6.65 MB/s) - 'libogg-1.3.6.tar.xz' saved [439952/439952]

libogg-1.3.6/
libogg-1.3.6/aclocal.m4
libogg-1.3.6/compile
libogg-1.3.6/CHANGES
libogg-1.3.6/configure.ac
libogg-1.3.6/ogg.pc.in
libogg-1.3.6/depcomp
libogg-1.3.6/win32/
libogg-1.3.6/win32/VS2015/
libogg-1.3.6/win32/VS2015/libogg.sln
libogg-1.3.6/win32/VS2015/libogg.vcxproj
libogg-1.3.6/win32/VS2015/libogg.vcxproj.filters
libogg-1.3.6/win32/ogg.def
libogg-1.3.6/win32/.gitignore
libogg-1.3.6/ogg-uninstalled.pc.in
libogg-1.3.6/CMakeLists.txt
libogg-1.3.6/libogg.spec
libogg-1.3.6/test-driver
libogg-1.3.6/cmake/
libogg-1.3.6/cmake/OggConfig.cmake.in
libogg-1.3.6/cmake/CheckSizes.cmake
libogg-1.3.6/missing
libogg-1.3.6/src/
libogg-1.3.6/src/bitwise.c
libogg-1.3.6/src/crctable.h
libogg-1.3.6/src/framing.c
libogg-1.3.6/src/Makefile.in
libogg-1.3.6/src/Makefile.am
libogg-1.3.6/configure
libogg-1.3.6/include/
libogg-1.3.6/include/ogg/
libogg-1.3.6/include/ogg/os_types.h
libogg-1.3.6/include/ogg/config_types.h.in
libogg-1.3.6/include/ogg/Makefile.in
libogg-1.3.6/include/ogg/Makefile.am
libogg-1.3.6/include/ogg/ogg.h
libogg-1.3.6/include/Makefile.in
libogg-1.3.6/include/Makefile.am
libogg-1.3.6/Makefile.in
libogg-1.3.6/config.guess
libogg-1.3.6/README.md
libogg-1.3.6/m4/
libogg-1.3.6/m4/ltoptions.m4
libogg-1.3.6/m4/ltversion.m4
libogg-1.3.6/m4/libtool.m4
libogg-1.3.6/m4/lt~obsolete.m4
libogg-1.3.6/m4/ltsugar.m4
libogg-1.3.6/COPYING
libogg-1.3.6/install-sh
libogg-1.3.6/doc/
libogg-1.3.6/doc/white-ogg.png
libogg-1.3.6/doc/stream.png
libogg-1.3.6/doc/pages.png
libogg-1.3.6/doc/oggstream.html
libogg-1.3.6/doc/vorbisword2.png
libogg-1.3.6/doc/rfc5334.txt
libogg-1.3.6/doc/framing.html
libogg-1.3.6/doc/multiplex1.png
libogg-1.3.6/doc/fish_xiph_org.png
libogg-1.3.6/doc/libogg/
libogg-1.3.6/doc/libogg/oggpack_writetrunc.html
libogg-1.3.6/doc/libogg/oggpack_bits.html
libogg-1.3.6/doc/libogg/ogg_stream_init.html
libogg-1.3.6/doc/libogg/bitpacking.html
libogg-1.3.6/doc/libogg/ogg_sync_wrote.html
libogg-1.3.6/doc/libogg/ogg_sync_pageseek.html
libogg-1.3.6/doc/libogg/ogg_stream_pageout_fill.html
libogg-1.3.6/doc/libogg/ogg_page_packets.html
libogg-1.3.6/doc/libogg/ogg_stream_destroy.html
libogg-1.3.6/doc/libogg/oggpack_get_buffer.html
libogg-1.3.6/doc/libogg/oggpack_writecheck.html
libogg-1.3.6/doc/libogg/oggpack_writealign.html
libogg-1.3.6/doc/libogg/ogg_page.html
libogg-1.3.6/doc/libogg/ogg_sync_reset.html
libogg-1.3.6/doc/libogg/ogg_sync_destroy.html
libogg-1.3.6/doc/libogg/decoding.html
libogg-1.3.6/doc/libogg/reference.html
libogg-1.3.6/doc/libogg/ogg_stream_pageout.html
libogg-1.3.6/doc/libogg/encoding.html
libogg-1.3.6/doc/libogg/oggpack_reset.html
libogg-1.3.6/doc/libogg/oggpack_write.html
libogg-1.3.6/doc/libogg/ogg_sync_check.html
libogg-1.3.6/doc/libogg/ogg_stream_state.html
libogg-1.3.6/doc/libogg/ogg_iovec_t.html
libogg-1.3.6/doc/libogg/ogg_page_checksum_set.html
libogg-1.3.6/doc/libogg/ogg_stream_flush.html
libogg-1.3.6/doc/libogg/oggpack_read1.html
libogg-1.3.6/doc/libogg/oggpack_writeclear.html
libogg-1.3.6/doc/libogg/ogg_page_serialno.html
libogg-1.3.6/doc/libogg/ogg_sync_state.html
libogg-1.3.6/doc/libogg/oggpack_readinit.html
libogg-1.3.6/doc/libogg/ogg_sync_init.html
libogg-1.3.6/doc/libogg/ogg_stream_pagein.html
libogg-1.3.6/doc/libogg/ogg_page_pageno.html
libogg-1.3.6/doc/libogg/oggpack_adv.html
libogg-1.3.6/doc/libogg/ogg_stream_check.html
libogg-1.3.6/doc/libogg/oggpack_writeinit.html
libogg-1.3.6/doc/libogg/ogg_stream_packetpeek.html
libogg-1.3.6/doc/libogg/datastructures.html
libogg-1.3.6/doc/libogg/ogg_page_bos.html
libogg-1.3.6/doc/libogg/general.html
libogg-1.3.6/doc/libogg/ogg_page_version.html
libogg-1.3.6/doc/libogg/ogg_stream_packetout.html
libogg-1.3.6/doc/libogg/ogg_packet.html
libogg-1.3.6/doc/libogg/overview.html
libogg-1.3.6/doc/libogg/ogg_page_continued.html
libogg-1.3.6/doc/libogg/oggpack_look.html
libogg-1.3.6/doc/libogg/Makefile.in
libogg-1.3.6/doc/libogg/ogg_sync_buffer.html
libogg-1.3.6/doc/libogg/ogg_sync_clear.html
libogg-1.3.6/doc/libogg/index.html
libogg-1.3.6/doc/libogg/style.css
libogg-1.3.6/doc/libogg/ogg_page_eos.html
libogg-1.3.6/doc/libogg/ogg_sync_pageout.html
libogg-1.3.6/doc/libogg/oggpack_look1.html
libogg-1.3.6/doc/libogg/ogg_stream_iovecin.html
libogg-1.3.6/doc/libogg/oggpack_bytes.html
libogg-1.3.6/doc/libogg/ogg_stream_packetin.html
libogg-1.3.6/doc/libogg/oggpack_read.html
libogg-1.3.6/doc/libogg/Makefile.am
libogg-1.3.6/doc/libogg/oggpack_buffer.html
libogg-1.3.6/doc/libogg/ogg_stream_reset_serialno.html
libogg-1.3.6/doc/libogg/ogg_packet_clear.html
libogg-1.3.6/doc/libogg/ogg_page_granulepos.html
libogg-1.3.6/doc/libogg/oggpack_adv1.html
libogg-1.3.6/doc/libogg/ogg_stream_flush_fill.html
libogg-1.3.6/doc/libogg/ogg_stream_clear.html
libogg-1.3.6/doc/libogg/ogg_stream_reset.html
libogg-1.3.6/doc/libogg/oggpack_writecopy.html
libogg-1.3.6/doc/libogg/ogg_stream_eos.html
libogg-1.3.6/doc/Makefile.in
libogg-1.3.6/doc/index.html
libogg-1.3.6/doc/skeleton.html
libogg-1.3.6/doc/rfc3533.txt
libogg-1.3.6/doc/Makefile.am
libogg-1.3.6/doc/ogg-multiplex.html
libogg-1.3.6/doc/packets.png
libogg-1.3.6/doc/white-xifish.png
libogg-1.3.6/Makefile.am
libogg-1.3.6/config.h.in
libogg-1.3.6/ogg.m4
libogg-1.3.6/config.sub
libogg-1.3.6/ltmain.sh
libogg-1.3.6/AUTHORS
libogg-1.3.6/libogg.spec.in
checking build system type... x86_64-pc-linux-gnu
checking host system type... x86_64-pc-linux-gnu
checking how to print strings... printf
checking for gcc... gcc
checking whether the C compiler works... yes
checking for C compiler default output file name... a.out
checking for suffix of executables... 
checking whether we are cross compiling... no
checking for suffix of object files... o
checking whether the compiler supports GNU C... yes
checking whether gcc accepts -g... yes
checking for gcc option to enable C11 features... none needed
checking whether gcc understands -c and -o together... yes
checking for a sed that does not truncate output... /usr/bin/sed
checking for grep that handles long lines and -e... /usr/bin/grep
checking for egrep... /usr/bin/grep -E
checking for fgrep... /usr/bin/grep -F
checking for ld used by gcc... /usr/bin/ld
checking if the linker (/usr/bin/ld) is GNU ld... yes
checking for BSD- or MS-compatible name lister (nm)... /usr/bin/nm -B
checking the name lister (/usr/bin/nm -B) interface... BSD nm
checking whether ln -s works... yes
checking the maximum length of command line arguments... 1572864
checking how to convert x86_64-pc-linux-gnu file names to x86_64-pc-linux-gnu format... func_convert_file_noop
checking how to convert x86_64-pc-linux-gnu file names to toolchain format... func_convert_file_noop
checking for /usr/bin/ld option to reload object files... -r
checking for file... file
checking for objdump... objdump
checking how to recognize dependent libraries... pass_all
checking for dlltool... no
checking how to associate runtime and link libraries... printf %s\n
checking for ar... ar
checking for archiver @FILE support... @
checking for strip... strip
checking for ranlib... ranlib
checking for gawk... gawk
checking command to parse /usr/bin/nm -B output from gcc object... ok
checking for sysroot... no
checking for a working dd... /usr/bin/dd
checking how to truncate binary pipes... /usr/bin/dd bs=4096 count=1
checking for mt... mt
checking if mt is a manifest tool... no
checking for stdio.h... yes
checking for stdlib.h... yes
checking for string.h... yes
checking for inttypes.h... yes
checking for stdint.h... yes
checking for strings.h... yes
checking for sys/stat.h... yes
checking for sys/types.h... yes
checking for unistd.h... yes
checking for dlfcn.h... yes
checking for objdir... .libs
checking if gcc supports -fno-rtti -fno-exceptions... no
checking for gcc option to produce PIC... -fPIC -DPIC
checking if gcc PIC flag -fPIC -DPIC works... yes
checking if gcc static flag -static works... yes
checking if gcc supports -c -o file.o... yes
checking if gcc supports -c -o file.o... (cached) yes
checking whether the gcc linker (/usr/bin/ld -m elf_x86_64) supports shared libraries... yes
checking whether -lc should be explicitly linked in... no
checking dynamic linker characteristics... GNU/Linux ld.so
checking how to hardcode library paths into programs... immediate
checking whether stripping libraries is possible... yes
checking if libtool supports shared libraries... yes
checking whether to build shared libraries... yes
checking whether to build static libraries... no
checking for a BSD-compatible install... /usr/bin/install -c
checking whether build environment is sane... yes
checking for a race-free mkdir -p... /usr/bin/mkdir -p
checking whether make sets $(MAKE)... yes
checking whether make supports the include directive... yes (GNU style)
checking whether make supports nested variables... yes
checking dependency style of gcc... gcc3
checking whether to enable maintainer-specific portions of Makefiles... yes
checking for gcc... (cached) gcc
checking whether the compiler supports GNU C... (cached) yes
checking whether gcc accepts -g... (cached) yes
checking for gcc option to enable C11 features... (cached) none needed
checking whether gcc understands -c and -o together... (cached) yes
checking for inttypes.h... (cached) yes
checking for stdint.h... (cached) yes
checking for sys/types.h... (cached) yes
checking for an ANSI C-conforming const... yes
checking size of int16_t... 2
checking size of uint16_t... 2
checking size of u_int16_t... 2
checking size of int32_t... 4
checking size of uint32_t... 4
checking size of u_int32_t... 4
checking size of int64_t... 8
checking size of uint64_t... 8
checking size of short... 2
checking size of int... 4
checking size of long... 8
checking size of long long... 8
checking for working memcmp... yes
checking that generated files are newer than configure... done
configure: creating ./config.status
config.status: creating Makefile
config.status: creating src/Makefile
config.status: creating doc/Makefile
config.status: creating doc/libogg/Makefile
config.status: creating include/Makefile
config.status: creating include/ogg/Makefile
config.status: creating include/ogg/config_types.h
config.status: creating libogg.spec
config.status: creating ogg.pc
config.status: creating ogg-uninstalled.pc
config.status: creating config.h
config.status: executing libtool commands
config.status: executing depfiles commands
make  all-recursive
make[1]: Entering directory '/blfs/builds/libogg-1.3.6'
Making all in src
make[2]: Entering directory '/blfs/builds/libogg-1.3.6/src'
gcc -DHAVE_CONFIG_H -I. -I..  -I../include -I../include  -D_V_SELFTEST -O2 -Wall -Wextra -ffast-math -fsigned-char -O2  -MT test_bitwise-bitwise.o -MD -MP -MF .deps/test_bitwise-bitwise.Tpo -c -o test_bitwise-bitwise.o `test -f 'bitwise.c' || echo './'`bitwise.c
gcc -DHAVE_CONFIG_H -I. -I..  -I../include -I../include  -D_V_SELFTEST -O2 -Wall -Wextra -ffast-math -fsigned-char -O2  -MT test_framing-framing.o -MD -MP -MF .deps/test_framing-framing.Tpo -c -o test_framing-framing.o `test -f 'framing.c' || echo './'`framing.c
/bin/sh ../libtool  --tag=CC   --mode=compile gcc -DHAVE_CONFIG_H -I. -I..  -I../include -I../include   -O2 -Wall -Wextra -ffast-math -fsigned-char -O2  -MT framing.lo -MD -MP -MF .deps/framing.Tpo -c -o framing.lo framing.c
/bin/sh ../libtool  --tag=CC   --mode=compile gcc -DHAVE_CONFIG_H -I. -I..  -I../include -I../include   -O2 -Wall -Wextra -ffast-math -fsigned-char -O2  -MT bitwise.lo -MD -MP -MF .deps/bitwise.Tpo -c -o bitwise.lo bitwise.c
libtool: compile:  gcc -DHAVE_CONFIG_H -I. -I.. -I../include -I../include -O2 -Wall -Wextra -ffast-math -fsigned-char -O2 -MT framing.lo -MD -MP -MF .deps/framing.Tpo -c framing.c  -fPIC -DPIC -o .libs/framing.o
libtool: compile:  gcc -DHAVE_CONFIG_H -I. -I.. -I../include -I../include -O2 -Wall -Wextra -ffast-math -fsigned-char -O2 -MT bitwise.lo -MD -MP -MF .deps/bitwise.Tpo -c bitwise.c  -fPIC -DPIC -o .libs/bitwise.o
mv -f .deps/bitwise.Tpo .deps/bitwise.Plo
mv -f .deps/framing.Tpo .deps/framing.Plo
/bin/sh ../libtool  --tag=CC   --mode=link gcc  -O2 -Wall -Wextra -ffast-math -fsigned-char -O2  -no-undefined -version-info 8:6:8  -o libogg.la -rpath /usr/lib framing.lo bitwise.lo  
libtool: link: gcc -shared  -fPIC -DPIC  .libs/framing.o .libs/bitwise.o    -O2 -O2   -Wl,-soname -Wl,libogg.so.0 -o .libs/libogg.so.0.8.6
libtool: link: (cd ".libs" && rm -f "libogg.so.0" && ln -s "libogg.so.0.8.6" "libogg.so.0")
libtool: link: (cd ".libs" && rm -f "libogg.so" && ln -s "libogg.so.0.8.6" "libogg.so")
libtool: link: ( cd ".libs" && rm -f "libogg.la" && ln -s "../libogg.la" "libogg.la" )
mv -f .deps/test_bitwise-bitwise.Tpo .deps/test_bitwise-bitwise.Po
/bin/sh ../libtool  --tag=CC   --mode=link gcc -D_V_SELFTEST -O2 -Wall -Wextra -ffast-math -fsigned-char -O2    -o test_bitwise test_bitwise-bitwise.o  
libtool: link: gcc -D_V_SELFTEST -O2 -Wall -Wextra -ffast-math -fsigned-char -O2 -o test_bitwise test_bitwise-bitwise.o 
mv -f .deps/test_framing-framing.Tpo .deps/test_framing-framing.Po
/bin/sh ../libtool  --tag=CC   --mode=link gcc -D_V_SELFTEST -O2 -Wall -Wextra -ffast-math -fsigned-char -O2    -o test_framing test_framing-framing.o  
libtool: link: gcc -D_V_SELFTEST -O2 -Wall -Wextra -ffast-math -fsigned-char -O2 -o test_framing test_framing-framing.o 
make[2]: Leaving directory '/blfs/builds/libogg-1.3.6/src'
Making all in include
make[2]: Entering directory '/blfs/builds/libogg-1.3.6/include'
Making all in ogg
make[3]: Entering directory '/blfs/builds/libogg-1.3.6/include/ogg'
make[3]: Nothing to be done for 'all'.
make[3]: Leaving directory '/blfs/builds/libogg-1.3.6/include/ogg'
make[3]: Entering directory '/blfs/builds/libogg-1.3.6/include'
make[3]: Nothing to be done for 'all-am'.
make[3]: Leaving directory '/blfs/builds/libogg-1.3.6/include'
make[2]: Leaving directory '/blfs/builds/libogg-1.3.6/include'
Making all in doc
make[2]: Entering directory '/blfs/builds/libogg-1.3.6/doc'
Making all in libogg
make[3]: Entering directory '/blfs/builds/libogg-1.3.6/doc/libogg'
make[3]: Nothing to be done for 'all'.
make[3]: Leaving directory '/blfs/builds/libogg-1.3.6/doc/libogg'
make[3]: Entering directory '/blfs/builds/libogg-1.3.6/doc'
make[3]: Nothing to be done for 'all-am'.
make[3]: Leaving directory '/blfs/builds/libogg-1.3.6/doc'
make[2]: Leaving directory '/blfs/builds/libogg-1.3.6/doc'
make[2]: Entering directory '/blfs/builds/libogg-1.3.6'
make[2]: Leaving directory '/blfs/builds/libogg-1.3.6'
make[1]: Leaving directory '/blfs/builds/libogg-1.3.6'
Making install in src
make[1]: Entering directory '/blfs/builds/libogg-1.3.6/src'
make[2]: Entering directory '/blfs/builds/libogg-1.3.6/src'
 /usr/bin/mkdir -p '/pkgs/libogg/usr/lib'
 /bin/sh ../libtool   --mode=install /usr/bin/install -c   libogg.la '/pkgs/libogg/usr/lib'
libtool: install: /usr/bin/install -c .libs/libogg.so.0.8.6 /pkgs/libogg/usr/lib/libogg.so.0.8.6
libtool: install: (cd /pkgs/libogg/usr/lib && { ln -s -f libogg.so.0.8.6 libogg.so.0 || { rm -f libogg.so.0 && ln -s libogg.so.0.8.6 libogg.so.0; }; })
libtool: install: (cd /pkgs/libogg/usr/lib && { ln -s -f libogg.so.0.8.6 libogg.so || { rm -f libogg.so && ln -s libogg.so.0.8.6 libogg.so; }; })
libtool: install: /usr/bin/install -c .libs/libogg.lai /pkgs/libogg/usr/lib/libogg.la
libtool: warning: remember to run 'libtool --finish /usr/lib'
make[2]: Nothing to be done for 'install-data-am'.
make[2]: Leaving directory '/blfs/builds/libogg-1.3.6/src'
make[1]: Leaving directory '/blfs/builds/libogg-1.3.6/src'
Making install in include
make[1]: Entering directory '/blfs/builds/libogg-1.3.6/include'
Making install in ogg
make[2]: Entering directory '/blfs/builds/libogg-1.3.6/include/ogg'
make[3]: Entering directory '/blfs/builds/libogg-1.3.6/include/ogg'
make[3]: Nothing to be done for 'install-exec-am'.
 /usr/bin/mkdir -p '/pkgs/libogg/usr/include/ogg'
 /usr/bin/install -c -m 644 config_types.h '/pkgs/libogg/usr/include/ogg'
 /usr/bin/mkdir -p '/pkgs/libogg/usr/include/ogg'
 /usr/bin/install -c -m 644 ogg.h os_types.h '/pkgs/libogg/usr/include/ogg'
make[3]: Leaving directory '/blfs/builds/libogg-1.3.6/include/ogg'
make[2]: Leaving directory '/blfs/builds/libogg-1.3.6/include/ogg'
make[2]: Entering directory '/blfs/builds/libogg-1.3.6/include'
make[3]: Entering directory '/blfs/builds/libogg-1.3.6/include'
make[3]: Nothing to be done for 'install-exec-am'.
make[3]: Nothing to be done for 'install-data-am'.
make[3]: Leaving directory '/blfs/builds/libogg-1.3.6/include'
make[2]: Leaving directory '/blfs/builds/libogg-1.3.6/include'
make[1]: Leaving directory '/blfs/builds/libogg-1.3.6/include'
Making install in doc
make[1]: Entering directory '/blfs/builds/libogg-1.3.6/doc'
Making install in libogg
make[2]: Entering directory '/blfs/builds/libogg-1.3.6/doc/libogg'
make[3]: Entering directory '/blfs/builds/libogg-1.3.6/doc/libogg'
make[3]: Nothing to be done for 'install-exec-am'.
 /usr/bin/mkdir -p '/pkgs/libogg/usr/share/doc/libogg/libogg'
 /usr/bin/install -c -m 644 bitpacking.html datastructures.html decoding.html encoding.html general.html index.html ogg_iovec_t.html ogg_packet.html ogg_packet_clear.html ogg_page.html ogg_page_bos.html ogg_page_checksum_set.html ogg_page_continued.html ogg_page_eos.html ogg_page_granulepos.html ogg_page_packets.html ogg_page_pageno.html ogg_page_serialno.html ogg_page_version.html ogg_stream_check.html ogg_stream_clear.html ogg_stream_destroy.html ogg_stream_eos.html ogg_stream_flush.html ogg_stream_flush_fill.html ogg_stream_init.html ogg_stream_iovecin.html ogg_stream_packetin.html ogg_stream_packetout.html ogg_stream_packetpeek.html ogg_stream_pagein.html ogg_stream_pageout.html ogg_stream_pageout_fill.html ogg_stream_reset.html ogg_stream_reset_serialno.html ogg_stream_state.html ogg_sync_buffer.html ogg_sync_check.html ogg_sync_clear.html ogg_sync_destroy.html '/pkgs/libogg/usr/share/doc/libogg/libogg'
 /usr/bin/install -c -m 644 ogg_sync_init.html ogg_sync_pageout.html ogg_sync_pageseek.html ogg_sync_reset.html ogg_sync_state.html ogg_sync_wrote.html oggpack_adv.html oggpack_adv1.html oggpack_bits.html oggpack_buffer.html oggpack_bytes.html oggpack_get_buffer.html oggpack_look.html oggpack_look1.html oggpack_read.html oggpack_read1.html oggpack_readinit.html oggpack_reset.html oggpack_write.html oggpack_writealign.html oggpack_writecheck.html oggpack_writeclear.html oggpack_writecopy.html oggpack_writeinit.html oggpack_writetrunc.html overview.html reference.html style.css '/pkgs/libogg/usr/share/doc/libogg/libogg'
make[3]: Leaving directory '/blfs/builds/libogg-1.3.6/doc/libogg'
make[2]: Leaving directory '/blfs/builds/libogg-1.3.6/doc/libogg'
make[2]: Entering directory '/blfs/builds/libogg-1.3.6/doc'
make[3]: Entering directory '/blfs/builds/libogg-1.3.6/doc'
make[3]: Nothing to be done for 'install-exec-am'.
 /usr/bin/mkdir -p '/pkgs/libogg/usr/share/doc/libogg'
 /usr/bin/install -c -m 644 framing.html index.html oggstream.html ogg-multiplex.html fish_xiph_org.png multiplex1.png packets.png pages.png stream.png vorbisword2.png white-ogg.png white-xifish.png rfc3533.txt rfc5334.txt skeleton.html '/pkgs/libogg/usr/share/doc/libogg'
make[3]: Leaving directory '/blfs/builds/libogg-1.3.6/doc'
make[2]: Leaving directory '/blfs/builds/libogg-1.3.6/doc'
make[1]: Leaving directory '/blfs/builds/libogg-1.3.6/doc'
make[1]: Entering directory '/blfs/builds/libogg-1.3.6'
make[2]: Entering directory '/blfs/builds/libogg-1.3.6'
make[2]: Nothing to be done for 'install-exec-am'.
 /usr/bin/mkdir -p '/pkgs/libogg/usr/share/aclocal'
 /usr/bin/install -c -m 644 ogg.m4 '/pkgs/libogg/usr/share/aclocal'
 /usr/bin/mkdir -p '/pkgs/libogg/usr/lib/pkgconfig'
 /usr/bin/install -c -m 644 ogg.pc '/pkgs/libogg/usr/lib/pkgconfig'
make[2]: Leaving directory '/blfs/builds/libogg-1.3.6'
make[1]: Leaving directory '/blfs/builds/libogg-1.3.6'
Making install in src
make[1]: Entering directory '/blfs/builds/libogg-1.3.6/src'
make[2]: Entering directory '/blfs/builds/libogg-1.3.6/src'
 /usr/bin/mkdir -p '/usr/lib'
 /bin/sh ../libtool   --mode=install /usr/bin/install -c   libogg.la '/usr/lib'
libtool: install: /usr/bin/install -c .libs/libogg.so.0.8.6 /usr/lib/libogg.so.0.8.6
libtool: install: (cd /usr/lib && { ln -s -f libogg.so.0.8.6 libogg.so.0 || { rm -f libogg.so.0 && ln -s libogg.so.0.8.6 libogg.so.0; }; })
libtool: install: (cd /usr/lib && { ln -s -f libogg.so.0.8.6 libogg.so || { rm -f libogg.so && ln -s libogg.so.0.8.6 libogg.so; }; })
libtool: install: /usr/bin/install -c .libs/libogg.lai /usr/lib/libogg.la
libtool: finish: PATH="/usr/sbin:/usr/bin:/sbin" ldconfig -n /usr/lib
----------------------------------------------------------------------
Libraries have been installed in:
   /usr/lib

If you ever happen to want to link against installed libraries
in a given directory, LIBDIR, you must either use libtool, and
specify the full pathname of the library, or use the '-LLIBDIR'
flag during linking and do at least one of the following:
   - add LIBDIR to the 'LD_LIBRARY_PATH' environment variable
     during execution
   - add LIBDIR to the 'LD_RUN_PATH' environment variable
     during linking
   - use the '-Wl,-rpath -Wl,LIBDIR' linker flag
   - have your system administrator add LIBDIR to '/etc/ld.so.conf'

See any operating system documentation about shared libraries for
more information, such as the ld(1) and ld.so(8) manual pages.
----------------------------------------------------------------------
make[2]: Nothing to be done for 'install-data-am'.
make[2]: Leaving directory '/blfs/builds/libogg-1.3.6/src'
make[1]: Leaving directory '/blfs/builds/libogg-1.3.6/src'
Making install in include
make[1]: Entering directory '/blfs/builds/libogg-1.3.6/include'
Making install in ogg
make[2]: Entering directory '/blfs/builds/libogg-1.3.6/include/ogg'
make[3]: Entering directory '/blfs/builds/libogg-1.3.6/include/ogg'
make[3]: Nothing to be done for 'install-exec-am'.
 /usr/bin/mkdir -p '/usr/include/ogg'
 /usr/bin/install -c -m 644 config_types.h '/usr/include/ogg'
 /usr/bin/mkdir -p '/usr/include/ogg'
 /usr/bin/install -c -m 644 ogg.h os_types.h '/usr/include/ogg'
make[3]: Leaving directory '/blfs/builds/libogg-1.3.6/include/ogg'
make[2]: Leaving directory '/blfs/builds/libogg-1.3.6/include/ogg'
make[2]: Entering directory '/blfs/builds/libogg-1.3.6/include'
make[3]: Entering directory '/blfs/builds/libogg-1.3.6/include'
make[3]: Nothing to be done for 'install-exec-am'.
make[3]: Nothing to be done for 'install-data-am'.
make[3]: Leaving directory '/blfs/builds/libogg-1.3.6/include'
make[2]: Leaving directory '/blfs/builds/libogg-1.3.6/include'
make[1]: Leaving directory '/blfs/builds/libogg-1.3.6/include'
Making install in doc
make[1]: Entering directory '/blfs/builds/libogg-1.3.6/doc'
Making install in libogg
make[2]: Entering directory '/blfs/builds/libogg-1.3.6/doc/libogg'
make[3]: Entering directory '/blfs/builds/libogg-1.3.6/doc/libogg'
make[3]: Nothing to be done for 'install-exec-am'.
 /usr/bin/mkdir -p '/usr/share/doc/libogg/libogg'
 /usr/bin/install -c -m 644 bitpacking.html datastructures.html decoding.html encoding.html general.html index.html ogg_iovec_t.html ogg_packet.html ogg_packet_clear.html ogg_page.html ogg_page_bos.html ogg_page_checksum_set.html ogg_page_continued.html ogg_page_eos.html ogg_page_granulepos.html ogg_page_packets.html ogg_page_pageno.html ogg_page_serialno.html ogg_page_version.html ogg_stream_check.html ogg_stream_clear.html ogg_stream_destroy.html ogg_stream_eos.html ogg_stream_flush.html ogg_stream_flush_fill.html ogg_stream_init.html ogg_stream_iovecin.html ogg_stream_packetin.html ogg_stream_packetout.html ogg_stream_packetpeek.html ogg_stream_pagein.html ogg_stream_pageout.html ogg_stream_pageout_fill.html ogg_stream_reset.html ogg_stream_reset_serialno.html ogg_stream_state.html ogg_sync_buffer.html ogg_sync_check.html ogg_sync_clear.html ogg_sync_destroy.html '/usr/share/doc/libogg/libogg'
 /usr/bin/install -c -m 644 ogg_sync_init.html ogg_sync_pageout.html ogg_sync_pageseek.html ogg_sync_reset.html ogg_sync_state.html ogg_sync_wrote.html oggpack_adv.html oggpack_adv1.html oggpack_bits.html oggpack_buffer.html oggpack_bytes.html oggpack_get_buffer.html oggpack_look.html oggpack_look1.html oggpack_read.html oggpack_read1.html oggpack_readinit.html oggpack_reset.html oggpack_write.html oggpack_writealign.html oggpack_writecheck.html oggpack_writeclear.html oggpack_writecopy.html oggpack_writeinit.html oggpack_writetrunc.html overview.html reference.html style.css '/usr/share/doc/libogg/libogg'
make[3]: Leaving directory '/blfs/builds/libogg-1.3.6/doc/libogg'
make[2]: Leaving directory '/blfs/builds/libogg-1.3.6/doc/libogg'
make[2]: Entering directory '/blfs/builds/libogg-1.3.6/doc'
make[3]: Entering directory '/blfs/builds/libogg-1.3.6/doc'
make[3]: Nothing to be done for 'install-exec-am'.
 /usr/bin/mkdir -p '/usr/share/doc/libogg'
 /usr/bin/install -c -m 644 framing.html index.html oggstream.html ogg-multiplex.html fish_xiph_org.png multiplex1.png packets.png pages.png stream.png vorbisword2.png white-ogg.png white-xifish.png rfc3533.txt rfc5334.txt skeleton.html '/usr/share/doc/libogg'
make[3]: Leaving directory '/blfs/builds/libogg-1.3.6/doc'
make[2]: Leaving directory '/blfs/builds/libogg-1.3.6/doc'
make[1]: Leaving directory '/blfs/builds/libogg-1.3.6/doc'
make[1]: Entering directory '/blfs/builds/libogg-1.3.6'
make[2]: Entering directory '/blfs/builds/libogg-1.3.6'
make[2]: Nothing to be done for 'install-exec-am'.
 /usr/bin/mkdir -p '/usr/share/aclocal'
 /usr/bin/install -c -m 644 ogg.m4 '/usr/share/aclocal'
 /usr/bin/mkdir -p '/usr/lib/pkgconfig'
 /usr/bin/install -c -m 644 ogg.pc '/usr/lib/pkgconfig'
make[2]: Leaving directory '/blfs/builds/libogg-1.3.6'
make[1]: Leaving directory '/blfs/builds/libogg-1.3.6'
libogg/
libogg/usr/
libogg/usr/share/
libogg/usr/share/aclocal/
libogg/usr/share/aclocal/ogg.m4
libogg/usr/share/doc/
libogg/usr/share/doc/libogg/
libogg/usr/share/doc/libogg/ogg-multiplex.html
libogg/usr/share/doc/libogg/framing.html
libogg/usr/share/doc/libogg/index.html
libogg/usr/share/doc/libogg/fish_xiph_org.png
libogg/usr/share/doc/libogg/vorbisword2.png
libogg/usr/share/doc/libogg/stream.png
libogg/usr/share/doc/libogg/skeleton.html
libogg/usr/share/doc/libogg/multiplex1.png
libogg/usr/share/doc/libogg/rfc5334.txt
libogg/usr/share/doc/libogg/packets.png
libogg/usr/share/doc/libogg/white-ogg.png
libogg/usr/share/doc/libogg/white-xifish.png
libogg/usr/share/doc/libogg/rfc3533.txt
libogg/usr/share/doc/libogg/libogg/
libogg/usr/share/doc/libogg/libogg/ogg_page_bos.html
libogg/usr/share/doc/libogg/libogg/overview.html
libogg/usr/share/doc/libogg/libogg/oggpack_buffer.html
libogg/usr/share/doc/libogg/libogg/general.html
libogg/usr/share/doc/libogg/libogg/encoding.html
libogg/usr/share/doc/libogg/libogg/ogg_sync_init.html
libogg/usr/share/doc/libogg/libogg/oggpack_writecopy.html
libogg/usr/share/doc/libogg/libogg/ogg_page_packets.html
libogg/usr/share/doc/libogg/libogg/ogg_stream_pageout_fill.html
libogg/usr/share/doc/libogg/libogg/oggpack_readinit.html
libogg/usr/share/doc/libogg/libogg/index.html
libogg/usr/share/doc/libogg/libogg/ogg_stream_iovecin.html
libogg/usr/share/doc/libogg/libogg/oggpack_adv.html
libogg/usr/share/doc/libogg/libogg/oggpack_writeinit.html
libogg/usr/share/doc/libogg/libogg/oggpack_write.html
libogg/usr/share/doc/libogg/libogg/ogg_page_eos.html
libogg/usr/share/doc/libogg/libogg/style.css
libogg/usr/share/doc/libogg/libogg/ogg_sync_pageseek.html
libogg/usr/share/doc/libogg/libogg/oggpack_look.html
libogg/usr/share/doc/libogg/libogg/ogg_stream_pageout.html
libogg/usr/share/doc/libogg/libogg/ogg_stream_init.html
libogg/usr/share/doc/libogg/libogg/ogg_stream_check.html
libogg/usr/share/doc/libogg/libogg/ogg_stream_flush_fill.html
libogg/usr/share/doc/libogg/libogg/ogg_page_serialno.html
libogg/usr/share/doc/libogg/libogg/ogg_page.html
libogg/usr/share/doc/libogg/libogg/ogg_page_checksum_set.html
libogg/usr/share/doc/libogg/libogg/reference.html
libogg/usr/share/doc/libogg/libogg/ogg_page_granulepos.html
libogg/usr/share/doc/libogg/libogg/ogg_sync_pageout.html
libogg/usr/share/doc/libogg/libogg/oggpack_look1.html
libogg/usr/share/doc/libogg/libogg/ogg_stream_destroy.html
libogg/usr/share/doc/libogg/libogg/ogg_sync_state.html
libogg/usr/share/doc/libogg/libogg/ogg_page_continued.html
libogg/usr/share/doc/libogg/libogg/oggpack_bits.html
libogg/usr/share/doc/libogg/libogg/ogg_page_version.html
libogg/usr/share/doc/libogg/libogg/oggpack_read1.html
libogg/usr/share/doc/libogg/libogg/oggpack_reset.html
libogg/usr/share/doc/libogg/libogg/ogg_stream_state.html
libogg/usr/share/doc/libogg/libogg/ogg_stream_packetout.html
libogg/usr/share/doc/libogg/libogg/ogg_sync_reset.html
libogg/usr/share/doc/libogg/libogg/ogg_sync_wrote.html
libogg/usr/share/doc/libogg/libogg/oggpack_read.html
libogg/usr/share/doc/libogg/libogg/oggpack_writealign.html
libogg/usr/share/doc/libogg/libogg/ogg_page_pageno.html
libogg/usr/share/doc/libogg/libogg/ogg_stream_reset_serialno.html
libogg/usr/share/doc/libogg/libogg/ogg_stream_clear.html
libogg/usr/share/doc/libogg/libogg/ogg_stream_pagein.html
libogg/usr/share/doc/libogg/libogg/ogg_packet.html
libogg/usr/share/doc/libogg/libogg/ogg_sync_check.html
libogg/usr/share/doc/libogg/libogg/ogg_stream_packetin.html
libogg/usr/share/doc/libogg/libogg/bitpacking.html
libogg/usr/share/doc/libogg/libogg/ogg_sync_destroy.html
libogg/usr/share/doc/libogg/libogg/ogg_sync_buffer.html
libogg/usr/share/doc/libogg/libogg/oggpack_bytes.html
libogg/usr/share/doc/libogg/libogg/ogg_stream_eos.html
libogg/usr/share/doc/libogg/libogg/datastructures.html
libogg/usr/share/doc/libogg/libogg/ogg_stream_packetpeek.html
libogg/usr/share/doc/libogg/libogg/ogg_sync_clear.html
libogg/usr/share/doc/libogg/libogg/ogg_stream_reset.html
libogg/usr/share/doc/libogg/libogg/oggpack_writeclear.html
libogg/usr/share/doc/libogg/libogg/decoding.html
libogg/usr/share/doc/libogg/libogg/oggpack_get_buffer.html
libogg/usr/share/doc/libogg/libogg/oggpack_adv1.html
libogg/usr/share/doc/libogg/libogg/ogg_iovec_t.html
libogg/usr/share/doc/libogg/libogg/ogg_stream_flush.html
libogg/usr/share/doc/libogg/libogg/oggpack_writetrunc.html
libogg/usr/share/doc/libogg/libogg/ogg_packet_clear.html
libogg/usr/share/doc/libogg/libogg/oggpack_writecheck.html
libogg/usr/share/doc/libogg/pages.png
libogg/usr/share/doc/libogg/oggstream.html
libogg/usr/lib/
libogg/usr/lib/libogg.so.0.8.6
libogg/usr/lib/libogg.la
libogg/usr/lib/libogg.so
libogg/usr/lib/pkgconfig/
libogg/usr/lib/pkgconfig/ogg.pc
libogg/usr/lib/libogg.so.0
libogg/usr/include/
libogg/usr/include/ogg/
libogg/usr/include/ogg/os_types.h
libogg/usr/include/ogg/ogg.h
libogg/usr/include/ogg/config_types.h
libogg/version
libogg/depends
libogg/make-depends
