--2025-06-21 07:10:14--  https://github.com/KhronosGroup/Vulkan-Headers/archive/refs/tags/v1.4.319/Vulkan-Headers-1.4.319.tar.gz
Resolving github.com (github.com)... 140.82.112.4
Connecting to github.com (github.com)|140.82.112.4|:443... connected.
HTTP request sent, awaiting response... 302 Found
Location: https://codeload.github.com/KhronosGroup/Vulkan-Headers/tar.gz/refs/tags/v1.4.319 [following]
--2025-06-21 07:10:14--  https://codeload.github.com/KhronosGroup/Vulkan-Headers/tar.gz/refs/tags/v1.4.319
Resolving codeload.github.com (codeload.github.com)... 140.82.113.9
Connecting to codeload.github.com (codeload.github.com)|140.82.113.9|:443... connected.
HTTP request sent, awaiting response... 200 OK
Length: unspecified [application/x-gzip]
Saving to: 'Vulkan-Headers-1.4.319.tar.gz'

     0K .......... .......... .......... .......... .......... 2.28M
    50K .......... .......... .......... .......... .......... 4.05M
   100K .......... .......... .......... .......... ..........  106M
   150K .......... .......... .......... .......... .......... 73.8M
   200K .......... .......... .......... .......... .......... 4.31M
   250K .......... .......... .......... .......... .......... 11.1M
   300K .......... .......... .......... .......... .......... 92.2M
   350K .......... .......... .......... .......... ..........  130M
   400K .......... .......... .......... .......... .......... 7.55M
   450K .......... .......... .......... .......... .......... 12.3M
   500K .......... .......... .......... .......... .......... 1.03M
   550K .......... .......... .......... .......... ..........  126M
   600K .......... .......... .......... .......... ..........  125M
   650K .......... .......... .......... .......... ..........  100M
   700K .......... .......... .......... .......... ..........  159M
   750K .......... .......... .......... .......... ..........  667K
   800K .......... .......... .......... .......... ..........  148M
   850K .......... .......... .......... .......... ..........  123M
   900K .......... .......... .......... .......... .......... 85.0M
   950K .......... .......... .......... .......... ..........  130M
  1000K .......... .......... .......... .......... ..........  968K
  1050K .......... .......... .......... .......... ..........  121M
  1100K .......... .......... .......... .......... .......... 91.5M
  1150K .......... .......... .......... .......... .......... 87.4M
  1200K .......... .......... .......... .......... ..........  163M
  1250K .......... .......... .......... .......... .......... 1.55M
  1300K .......... .......... .......... .......... ..........  163M
  1350K .......... .......... .......... .......... .......... 78.1M
  1400K .......... .......... .......... .......... ..........  121M
  1450K .......... .......... .......... .......... ..........  168M
  1500K .......... .......... .......... .......... ..........  639K
  1550K .......... .......... .......... .......... .......... 95.9M
  1600K .......... .......... .......... .......... .......... 80.3M
  1650K .......... .......... .......... .......... ..........  197M
  1700K .......... .......... .......... .......... .......... 89.9M
  1750K .......... .......... .......... .......... .......... 1.25M
  1800K .......... .......... .......... .......... ..........  111M
  1850K .......... .......... .......... .......... ..........  121M
  1900K .......... .......... .......... .......... .......... 91.8M
  1950K .......... .......... .......... .......... ..........  114M
  2000K .......... .......... .......... .......... .......... 1.24M
  2050K .......... .......... .......... .......... ..........  146M
  2100K .......... .......... .......... .......... .......... 86.4M
  2150K .......... .......... .......... .......... .......... 87.6M
  2200K .......... .......... .......... .......... ..........  115M
  2250K .......... .......... .......... .......... ..........  196M
  2300K .......... .......... .......... .......... .......... 1.19M
  2350K .......... .......... .......... .......... ..........  149M
  2400K .......... .......... .......... .......... ..........  135M
  2450K .......... .......... .......... .......... .......... 83.8M
  2500K .......... .......... .......... .......... ..........  180M
  2550K .......... .......... .......... .......... .......... 2.97M
  2600K .......... .......... .......... .......... ..........  130M
  2650K .......... .......... .......... .......... .......     161M=0.5s

2025-06-21 07:10:15 (5.30 MB/s) - 'Vulkan-Headers-1.4.319.tar.gz' saved [2761732]

Vulkan-Headers-1.4.319/
Vulkan-Headers-1.4.319/.gitattributes
Vulkan-Headers-1.4.319/.github/
Vulkan-Headers-1.4.319/.github/ISSUE_TEMPLATE/
Vulkan-Headers-1.4.319/.github/ISSUE_TEMPLATE/bug_report.md
Vulkan-Headers-1.4.319/.github/dependabot.yml
Vulkan-Headers-1.4.319/.github/pull_request_template.md
Vulkan-Headers-1.4.319/.github/workflows/
Vulkan-Headers-1.4.319/.github/workflows/ci.yml
Vulkan-Headers-1.4.319/.gitignore
Vulkan-Headers-1.4.319/.reuse/
Vulkan-Headers-1.4.319/.reuse/dep5
Vulkan-Headers-1.4.319/BUILD.gn
Vulkan-Headers-1.4.319/BUILD.md
Vulkan-Headers-1.4.319/CMakeLists.txt
Vulkan-Headers-1.4.319/CODE_OF_CONDUCT.adoc
Vulkan-Headers-1.4.319/CONTRIBUTING.md
Vulkan-Headers-1.4.319/LICENSE.md
Vulkan-Headers-1.4.319/LICENSES/
Vulkan-Headers-1.4.319/LICENSES/Apache-2.0.txt
Vulkan-Headers-1.4.319/LICENSES/MIT.txt
Vulkan-Headers-1.4.319/Makefile.release
Vulkan-Headers-1.4.319/README.md
Vulkan-Headers-1.4.319/SECURITY.md
Vulkan-Headers-1.4.319/include/
Vulkan-Headers-1.4.319/include/vk_video/
Vulkan-Headers-1.4.319/include/vk_video/vulkan_video_codec_av1std.h
Vulkan-Headers-1.4.319/include/vk_video/vulkan_video_codec_av1std_decode.h
Vulkan-Headers-1.4.319/include/vk_video/vulkan_video_codec_av1std_encode.h
Vulkan-Headers-1.4.319/include/vk_video/vulkan_video_codec_h264std.h
Vulkan-Headers-1.4.319/include/vk_video/vulkan_video_codec_h264std_decode.h
Vulkan-Headers-1.4.319/include/vk_video/vulkan_video_codec_h264std_encode.h
Vulkan-Headers-1.4.319/include/vk_video/vulkan_video_codec_h265std.h
Vulkan-Headers-1.4.319/include/vk_video/vulkan_video_codec_h265std_decode.h
Vulkan-Headers-1.4.319/include/vk_video/vulkan_video_codec_h265std_encode.h
Vulkan-Headers-1.4.319/include/vk_video/vulkan_video_codec_vp9std.h
Vulkan-Headers-1.4.319/include/vk_video/vulkan_video_codec_vp9std_decode.h
Vulkan-Headers-1.4.319/include/vk_video/vulkan_video_codecs_common.h
Vulkan-Headers-1.4.319/include/vulkan/
Vulkan-Headers-1.4.319/include/vulkan/vk_icd.h
Vulkan-Headers-1.4.319/include/vulkan/vk_layer.h
Vulkan-Headers-1.4.319/include/vulkan/vk_platform.h
Vulkan-Headers-1.4.319/include/vulkan/vulkan.cppm
Vulkan-Headers-1.4.319/include/vulkan/vulkan.h
Vulkan-Headers-1.4.319/include/vulkan/vulkan.hpp
Vulkan-Headers-1.4.319/include/vulkan/vulkan_android.h
Vulkan-Headers-1.4.319/include/vulkan/vulkan_beta.h
Vulkan-Headers-1.4.319/include/vulkan/vulkan_core.h
Vulkan-Headers-1.4.319/include/vulkan/vulkan_directfb.h
Vulkan-Headers-1.4.319/include/vulkan/vulkan_enums.hpp
Vulkan-Headers-1.4.319/include/vulkan/vulkan_extension_inspection.hpp
Vulkan-Headers-1.4.319/include/vulkan/vulkan_format_traits.hpp
Vulkan-Headers-1.4.319/include/vulkan/vulkan_fuchsia.h
Vulkan-Headers-1.4.319/include/vulkan/vulkan_funcs.hpp
Vulkan-Headers-1.4.319/include/vulkan/vulkan_ggp.h
Vulkan-Headers-1.4.319/include/vulkan/vulkan_handles.hpp
Vulkan-Headers-1.4.319/include/vulkan/vulkan_hash.hpp
Vulkan-Headers-1.4.319/include/vulkan/vulkan_hpp_macros.hpp
Vulkan-Headers-1.4.319/include/vulkan/vulkan_ios.h
Vulkan-Headers-1.4.319/include/vulkan/vulkan_macos.h
Vulkan-Headers-1.4.319/include/vulkan/vulkan_metal.h
Vulkan-Headers-1.4.319/include/vulkan/vulkan_ohos.h
Vulkan-Headers-1.4.319/include/vulkan/vulkan_raii.hpp
Vulkan-Headers-1.4.319/include/vulkan/vulkan_screen.h
Vulkan-Headers-1.4.319/include/vulkan/vulkan_shared.hpp
Vulkan-Headers-1.4.319/include/vulkan/vulkan_static_assertions.hpp
Vulkan-Headers-1.4.319/include/vulkan/vulkan_structs.hpp
Vulkan-Headers-1.4.319/include/vulkan/vulkan_to_string.hpp
Vulkan-Headers-1.4.319/include/vulkan/vulkan_vi.h
Vulkan-Headers-1.4.319/include/vulkan/vulkan_video.cppm
Vulkan-Headers-1.4.319/include/vulkan/vulkan_video.hpp
Vulkan-Headers-1.4.319/include/vulkan/vulkan_wayland.h
Vulkan-Headers-1.4.319/include/vulkan/vulkan_win32.h
Vulkan-Headers-1.4.319/include/vulkan/vulkan_xcb.h
Vulkan-Headers-1.4.319/include/vulkan/vulkan_xlib.h
Vulkan-Headers-1.4.319/include/vulkan/vulkan_xlib_xrandr.h
Vulkan-Headers-1.4.319/registry/
Vulkan-Headers-1.4.319/registry/apiconventions.py
Vulkan-Headers-1.4.319/registry/base_generator.py
Vulkan-Headers-1.4.319/registry/cgenerator.py
Vulkan-Headers-1.4.319/registry/generator.py
Vulkan-Headers-1.4.319/registry/parse_dependency.py
Vulkan-Headers-1.4.319/registry/profiles/
Vulkan-Headers-1.4.319/registry/profiles/VP_KHR_roadmap.json
Vulkan-Headers-1.4.319/registry/reg.py
Vulkan-Headers-1.4.319/registry/spec_tools/
Vulkan-Headers-1.4.319/registry/spec_tools/conventions.py
Vulkan-Headers-1.4.319/registry/spec_tools/util.py
Vulkan-Headers-1.4.319/registry/stripAPI.py
Vulkan-Headers-1.4.319/registry/validusage.json
Vulkan-Headers-1.4.319/registry/video.xml
Vulkan-Headers-1.4.319/registry/vk.xml
Vulkan-Headers-1.4.319/registry/vkconventions.py
Vulkan-Headers-1.4.319/registry/vulkan_object.py
Vulkan-Headers-1.4.319/tests/
Vulkan-Headers-1.4.319/tests/CMakeLists.txt
Vulkan-Headers-1.4.319/tests/integration/
Vulkan-Headers-1.4.319/tests/integration/CMakeLists.txt
Vulkan-Headers-1.4.319/tests/vk_hpp.cpp
Vulkan-Headers-1.4.319/tests/vk_hpp_module.cpp
Vulkan-Headers-1.4.319/tests/vk_icd.c
Vulkan-Headers-1.4.319/tests/vk_layer.c
-- The C compiler identification is GNU 14.2.0
-- The CXX compiler identification is GNU 14.2.0
-- Detecting C compiler ABI info
-- Detecting C compiler ABI info - done
-- Check for working C compiler: /usr/bin/cc - skipped
-- Detecting C compile features
-- Detecting C compile features - done
-- Detecting CXX compiler ABI info
-- Detecting CXX compiler ABI info - done
-- Check for working CXX compiler: /usr/bin/c++ - skipped
-- Detecting CXX compile features
-- Detecting CXX compile features - done
-- Configuring done (0.2s)
-- Generating done (0.0s)
-- Build files have been written to: /blfs/builds/Vulkan-Headers-1.4.319/build
ninja: no work to do.
[0/1] Install the project...
-- Install configuration: ""
-- Installing: /pkgs/vulkan-headers/usr/include/vk_video
-- Installing: /pkgs/vulkan-headers/usr/include/vk_video/vulkan_video_codec_vp9std_decode.h
-- Installing: /pkgs/vulkan-headers/usr/include/vk_video/vulkan_video_codec_h264std.h
-- Installing: /pkgs/vulkan-headers/usr/include/vk_video/vulkan_video_codec_h264std_encode.h
-- Installing: /pkgs/vulkan-headers/usr/include/vk_video/vulkan_video_codec_h265std.h
-- Installing: /pkgs/vulkan-headers/usr/include/vk_video/vulkan_video_codecs_common.h
-- Installing: /pkgs/vulkan-headers/usr/include/vk_video/vulkan_video_codec_h265std_decode.h
-- Installing: /pkgs/vulkan-headers/usr/include/vk_video/vulkan_video_codec_vp9std.h
-- Installing: /pkgs/vulkan-headers/usr/include/vk_video/vulkan_video_codec_av1std_encode.h
-- Installing: /pkgs/vulkan-headers/usr/include/vk_video/vulkan_video_codec_av1std_decode.h
-- Installing: /pkgs/vulkan-headers/usr/include/vk_video/vulkan_video_codec_av1std.h
-- Installing: /pkgs/vulkan-headers/usr/include/vk_video/vulkan_video_codec_h264std_decode.h
-- Installing: /pkgs/vulkan-headers/usr/include/vk_video/vulkan_video_codec_h265std_encode.h
-- Installing: /pkgs/vulkan-headers/usr/include/vulkan
-- Installing: /pkgs/vulkan-headers/usr/include/vulkan/vk_layer.h
-- Installing: /pkgs/vulkan-headers/usr/include/vulkan/vulkan_fuchsia.h
-- Installing: /pkgs/vulkan-headers/usr/include/vulkan/vulkan_android.h
-- Installing: /pkgs/vulkan-headers/usr/include/vulkan/vulkan_format_traits.hpp
-- Installing: /pkgs/vulkan-headers/usr/include/vulkan/vulkan_ios.h
-- Installing: /pkgs/vulkan-headers/usr/include/vulkan/vulkan.h
-- Installing: /pkgs/vulkan-headers/usr/include/vulkan/vulkan_ohos.h
-- Installing: /pkgs/vulkan-headers/usr/include/vulkan/vulkan_vi.h
-- Installing: /pkgs/vulkan-headers/usr/include/vulkan/vulkan_raii.hpp
-- Installing: /pkgs/vulkan-headers/usr/include/vulkan/vulkan_core.h
-- Installing: /pkgs/vulkan-headers/usr/include/vulkan/vulkan_extension_inspection.hpp
-- Installing: /pkgs/vulkan-headers/usr/include/vulkan/vulkan_directfb.h
-- Installing: /pkgs/vulkan-headers/usr/include/vulkan/vk_icd.h
-- Installing: /pkgs/vulkan-headers/usr/include/vulkan/vulkan_metal.h
-- Installing: /pkgs/vulkan-headers/usr/include/vulkan/vulkan.cppm
-- Installing: /pkgs/vulkan-headers/usr/include/vulkan/vulkan_xlib_xrandr.h
-- Installing: /pkgs/vulkan-headers/usr/include/vulkan/vulkan_handles.hpp
-- Installing: /pkgs/vulkan-headers/usr/include/vulkan/vulkan_hash.hpp
-- Installing: /pkgs/vulkan-headers/usr/include/vulkan/vulkan_hpp_macros.hpp
-- Installing: /pkgs/vulkan-headers/usr/include/vulkan/vulkan_to_string.hpp
-- Installing: /pkgs/vulkan-headers/usr/include/vulkan/vulkan_ggp.h
-- Installing: /pkgs/vulkan-headers/usr/include/vulkan/vulkan_enums.hpp
-- Installing: /pkgs/vulkan-headers/usr/include/vulkan/vulkan_screen.h
-- Installing: /pkgs/vulkan-headers/usr/include/vulkan/vulkan_beta.h
-- Installing: /pkgs/vulkan-headers/usr/include/vulkan/vulkan_static_assertions.hpp
-- Installing: /pkgs/vulkan-headers/usr/include/vulkan/vulkan_xcb.h
-- Installing: /pkgs/vulkan-headers/usr/include/vulkan/vulkan.hpp
-- Installing: /pkgs/vulkan-headers/usr/include/vulkan/vulkan_structs.hpp
-- Installing: /pkgs/vulkan-headers/usr/include/vulkan/vulkan_funcs.hpp
-- Installing: /pkgs/vulkan-headers/usr/include/vulkan/vulkan_win32.h
-- Installing: /pkgs/vulkan-headers/usr/include/vulkan/vulkan_xlib.h
-- Installing: /pkgs/vulkan-headers/usr/include/vulkan/vk_platform.h
-- Installing: /pkgs/vulkan-headers/usr/include/vulkan/vulkan_shared.hpp
-- Installing: /pkgs/vulkan-headers/usr/include/vulkan/vulkan_video.cppm
-- Installing: /pkgs/vulkan-headers/usr/include/vulkan/vulkan_video.hpp
-- Installing: /pkgs/vulkan-headers/usr/include/vulkan/vulkan_macos.h
-- Installing: /pkgs/vulkan-headers/usr/include/vulkan/vulkan_wayland.h
-- Installing: /pkgs/vulkan-headers/usr/share/vulkan/registry
-- Installing: /pkgs/vulkan-headers/usr/share/vulkan/registry/stripAPI.py
-- Installing: /pkgs/vulkan-headers/usr/share/vulkan/registry/vkconventions.py
-- Installing: /pkgs/vulkan-headers/usr/share/vulkan/registry/spec_tools
-- Installing: /pkgs/vulkan-headers/usr/share/vulkan/registry/spec_tools/conventions.py
-- Installing: /pkgs/vulkan-headers/usr/share/vulkan/registry/spec_tools/util.py
-- Installing: /pkgs/vulkan-headers/usr/share/vulkan/registry/generator.py
-- Installing: /pkgs/vulkan-headers/usr/share/vulkan/registry/validusage.json
-- Installing: /pkgs/vulkan-headers/usr/share/vulkan/registry/profiles
-- Installing: /pkgs/vulkan-headers/usr/share/vulkan/registry/profiles/VP_KHR_roadmap.json
-- Installing: /pkgs/vulkan-headers/usr/share/vulkan/registry/video.xml
-- Installing: /pkgs/vulkan-headers/usr/share/vulkan/registry/vk.xml
-- Installing: /pkgs/vulkan-headers/usr/share/vulkan/registry/vulkan_object.py
-- Installing: /pkgs/vulkan-headers/usr/share/vulkan/registry/apiconventions.py
-- Installing: /pkgs/vulkan-headers/usr/share/vulkan/registry/cgenerator.py
-- Installing: /pkgs/vulkan-headers/usr/share/vulkan/registry/base_generator.py
-- Installing: /pkgs/vulkan-headers/usr/share/vulkan/registry/parse_dependency.py
-- Installing: /pkgs/vulkan-headers/usr/share/vulkan/registry/reg.py
-- Installing: /pkgs/vulkan-headers/usr/share/cmake/VulkanHeaders/VulkanHeadersConfig.cmake
-- Installing: /pkgs/vulkan-headers/usr/share/cmake/VulkanHeaders/VulkanHeadersConfigVersion.cmake
[0/1] Install the project...
-- Install configuration: ""
-- Up-to-date: /usr/include/vk_video
-- Installing: /usr/include/vk_video/vulkan_video_codec_vp9std_decode.h
-- Installing: /usr/include/vk_video/vulkan_video_codec_h264std.h
-- Installing: /usr/include/vk_video/vulkan_video_codec_h264std_encode.h
-- Installing: /usr/include/vk_video/vulkan_video_codec_h265std.h
-- Installing: /usr/include/vk_video/vulkan_video_codecs_common.h
-- Installing: /usr/include/vk_video/vulkan_video_codec_h265std_decode.h
-- Installing: /usr/include/vk_video/vulkan_video_codec_vp9std.h
-- Installing: /usr/include/vk_video/vulkan_video_codec_av1std_encode.h
-- Installing: /usr/include/vk_video/vulkan_video_codec_av1std_decode.h
-- Installing: /usr/include/vk_video/vulkan_video_codec_av1std.h
-- Installing: /usr/include/vk_video/vulkan_video_codec_h264std_decode.h
-- Installing: /usr/include/vk_video/vulkan_video_codec_h265std_encode.h
-- Up-to-date: /usr/include/vulkan
-- Installing: /usr/include/vulkan/vk_layer.h
-- Installing: /usr/include/vulkan/vulkan_fuchsia.h
-- Installing: /usr/include/vulkan/vulkan_android.h
-- Installing: /usr/include/vulkan/vulkan_format_traits.hpp
-- Installing: /usr/include/vulkan/vulkan_ios.h
-- Installing: /usr/include/vulkan/vulkan.h
-- Installing: /usr/include/vulkan/vulkan_ohos.h
-- Installing: /usr/include/vulkan/vulkan_vi.h
-- Installing: /usr/include/vulkan/vulkan_raii.hpp
-- Installing: /usr/include/vulkan/vulkan_core.h
-- Installing: /usr/include/vulkan/vulkan_extension_inspection.hpp
-- Installing: /usr/include/vulkan/vulkan_directfb.h
-- Installing: /usr/include/vulkan/vk_icd.h
-- Installing: /usr/include/vulkan/vulkan_metal.h
-- Installing: /usr/include/vulkan/vulkan.cppm
-- Installing: /usr/include/vulkan/vulkan_xlib_xrandr.h
-- Installing: /usr/include/vulkan/vulkan_handles.hpp
-- Installing: /usr/include/vulkan/vulkan_hash.hpp
-- Installing: /usr/include/vulkan/vulkan_hpp_macros.hpp
-- Installing: /usr/include/vulkan/vulkan_to_string.hpp
-- Installing: /usr/include/vulkan/vulkan_ggp.h
-- Installing: /usr/include/vulkan/vulkan_enums.hpp
-- Installing: /usr/include/vulkan/vulkan_screen.h
-- Installing: /usr/include/vulkan/vulkan_beta.h
-- Installing: /usr/include/vulkan/vulkan_static_assertions.hpp
-- Installing: /usr/include/vulkan/vulkan_xcb.h
-- Installing: /usr/include/vulkan/vulkan.hpp
-- Installing: /usr/include/vulkan/vulkan_structs.hpp
-- Installing: /usr/include/vulkan/vulkan_funcs.hpp
-- Installing: /usr/include/vulkan/vulkan_win32.h
-- Installing: /usr/include/vulkan/vulkan_xlib.h
-- Installing: /usr/include/vulkan/vk_platform.h
-- Installing: /usr/include/vulkan/vulkan_shared.hpp
-- Installing: /usr/include/vulkan/vulkan_video.cppm
-- Installing: /usr/include/vulkan/vulkan_video.hpp
-- Installing: /usr/include/vulkan/vulkan_macos.h
-- Installing: /usr/include/vulkan/vulkan_wayland.h
-- Up-to-date: /usr/share/vulkan/registry
-- Installing: /usr/share/vulkan/registry/stripAPI.py
-- Installing: /usr/share/vulkan/registry/vkconventions.py
-- Up-to-date: /usr/share/vulkan/registry/spec_tools
-- Installing: /usr/share/vulkan/registry/spec_tools/conventions.py
-- Installing: /usr/share/vulkan/registry/spec_tools/util.py
-- Installing: /usr/share/vulkan/registry/generator.py
-- Installing: /usr/share/vulkan/registry/validusage.json
-- Up-to-date: /usr/share/vulkan/registry/profiles
-- Installing: /usr/share/vulkan/registry/profiles/VP_KHR_roadmap.json
-- Installing: /usr/share/vulkan/registry/video.xml
-- Installing: /usr/share/vulkan/registry/vk.xml
-- Installing: /usr/share/vulkan/registry/vulkan_object.py
-- Installing: /usr/share/vulkan/registry/apiconventions.py
-- Installing: /usr/share/vulkan/registry/cgenerator.py
-- Installing: /usr/share/vulkan/registry/base_generator.py
-- Installing: /usr/share/vulkan/registry/parse_dependency.py
-- Installing: /usr/share/vulkan/registry/reg.py
-- Installing: /usr/share/cmake/VulkanHeaders/VulkanHeadersConfig.cmake
-- Installing: /usr/share/cmake/VulkanHeaders/VulkanHeadersConfigVersion.cmake
vulkan-headers/
vulkan-headers/usr/
vulkan-headers/usr/share/
vulkan-headers/usr/share/cmake/
vulkan-headers/usr/share/cmake/VulkanHeaders/
vulkan-headers/usr/share/cmake/VulkanHeaders/VulkanHeadersConfigVersion.cmake
vulkan-headers/usr/share/cmake/VulkanHeaders/VulkanHeadersConfig.cmake
vulkan-headers/usr/share/vulkan/
vulkan-headers/usr/share/vulkan/registry/
vulkan-headers/usr/share/vulkan/registry/stripAPI.py
vulkan-headers/usr/share/vulkan/registry/vkconventions.py
vulkan-headers/usr/share/vulkan/registry/spec_tools/
vulkan-headers/usr/share/vulkan/registry/spec_tools/conventions.py
vulkan-headers/usr/share/vulkan/registry/spec_tools/util.py
vulkan-headers/usr/share/vulkan/registry/generator.py
vulkan-headers/usr/share/vulkan/registry/validusage.json
vulkan-headers/usr/share/vulkan/registry/profiles/
vulkan-headers/usr/share/vulkan/registry/profiles/VP_KHR_roadmap.json
vulkan-headers/usr/share/vulkan/registry/video.xml
vulkan-headers/usr/share/vulkan/registry/vk.xml
vulkan-headers/usr/share/vulkan/registry/vulkan_object.py
vulkan-headers/usr/share/vulkan/registry/apiconventions.py
vulkan-headers/usr/share/vulkan/registry/cgenerator.py
vulkan-headers/usr/share/vulkan/registry/base_generator.py
vulkan-headers/usr/share/vulkan/registry/parse_dependency.py
vulkan-headers/usr/share/vulkan/registry/reg.py
vulkan-headers/usr/include/
vulkan-headers/usr/include/vk_video/
vulkan-headers/usr/include/vk_video/vulkan_video_codec_vp9std_decode.h
vulkan-headers/usr/include/vk_video/vulkan_video_codec_h264std.h
vulkan-headers/usr/include/vk_video/vulkan_video_codec_h264std_encode.h
vulkan-headers/usr/include/vk_video/vulkan_video_codec_h265std.h
vulkan-headers/usr/include/vk_video/vulkan_video_codecs_common.h
vulkan-headers/usr/include/vk_video/vulkan_video_codec_h265std_decode.h
vulkan-headers/usr/include/vk_video/vulkan_video_codec_vp9std.h
vulkan-headers/usr/include/vk_video/vulkan_video_codec_av1std_encode.h
vulkan-headers/usr/include/vk_video/vulkan_video_codec_av1std_decode.h
vulkan-headers/usr/include/vk_video/vulkan_video_codec_av1std.h
vulkan-headers/usr/include/vk_video/vulkan_video_codec_h264std_decode.h
vulkan-headers/usr/include/vk_video/vulkan_video_codec_h265std_encode.h
vulkan-headers/usr/include/vulkan/
vulkan-headers/usr/include/vulkan/vk_layer.h
vulkan-headers/usr/include/vulkan/vulkan_fuchsia.h
vulkan-headers/usr/include/vulkan/vulkan_android.h
vulkan-headers/usr/include/vulkan/vulkan_format_traits.hpp
vulkan-headers/usr/include/vulkan/vulkan_ios.h
vulkan-headers/usr/include/vulkan/vulkan.h
vulkan-headers/usr/include/vulkan/vulkan_ohos.h
vulkan-headers/usr/include/vulkan/vulkan_vi.h
vulkan-headers/usr/include/vulkan/vulkan_raii.hpp
vulkan-headers/usr/include/vulkan/vulkan_core.h
vulkan-headers/usr/include/vulkan/vulkan_extension_inspection.hpp
vulkan-headers/usr/include/vulkan/vulkan_directfb.h
vulkan-headers/usr/include/vulkan/vk_icd.h
vulkan-headers/usr/include/vulkan/vulkan_metal.h
vulkan-headers/usr/include/vulkan/vulkan.cppm
vulkan-headers/usr/include/vulkan/vulkan_xlib_xrandr.h
vulkan-headers/usr/include/vulkan/vulkan_handles.hpp
vulkan-headers/usr/include/vulkan/vulkan_hash.hpp
vulkan-headers/usr/include/vulkan/vulkan_hpp_macros.hpp
vulkan-headers/usr/include/vulkan/vulkan_to_string.hpp
vulkan-headers/usr/include/vulkan/vulkan_ggp.h
vulkan-headers/usr/include/vulkan/vulkan_enums.hpp
vulkan-headers/usr/include/vulkan/vulkan_screen.h
vulkan-headers/usr/include/vulkan/vulkan_beta.h
vulkan-headers/usr/include/vulkan/vulkan_static_assertions.hpp
vulkan-headers/usr/include/vulkan/vulkan_xcb.h
vulkan-headers/usr/include/vulkan/vulkan.hpp
vulkan-headers/usr/include/vulkan/vulkan_structs.hpp
vulkan-headers/usr/include/vulkan/vulkan_funcs.hpp
vulkan-headers/usr/include/vulkan/vulkan_win32.h
vulkan-headers/usr/include/vulkan/vulkan_xlib.h
vulkan-headers/usr/include/vulkan/vk_platform.h
vulkan-headers/usr/include/vulkan/vulkan_shared.hpp
vulkan-headers/usr/include/vulkan/vulkan_video.cppm
vulkan-headers/usr/include/vulkan/vulkan_video.hpp
vulkan-headers/usr/include/vulkan/vulkan_macos.h
vulkan-headers/usr/include/vulkan/vulkan_wayland.h
vulkan-headers/version
vulkan-headers/depends
vulkan-headers/make-depends
