--2025-06-19 18:28:56--  https://download.gnome.org/sources/gnome-shell-extensions/48/gnome-shell-extensions-48.2.tar.xz
Resolving download.gnome.org (download.gnome.org)... 2a02:6ea0:c400::54, 2a02:6ea0:c400::53, 79.127.206.208, ...
Connecting to download.gnome.org (download.gnome.org)|2a02:6ea0:c400::54|:443... connected.
HTTP request sent, awaiting response... 200 OK
Length: 231188 (226K) [application/octet-stream]
Saving to: ‘gnome-shell-extensions-48.2.tar.xz’

     0K .......... .......... .......... .......... .......... 22% 4.10M 0s
    50K .......... .......... .......... .......... .......... 44% 9.47M 0s
   100K .......... .......... .......... .......... .......... 66% 16.8M 0s
   150K .......... .......... .......... .......... .......... 88% 12.0M 0s
   200K .......... .......... .....                           100% 32.3M=0.02s

2025-06-19 18:28:56 (8.88 MB/s) - ‘gnome-shell-extensions-48.2.tar.xz’ saved [231188/231188]

gnome-shell-extensions-48.2/
gnome-shell-extensions-48.2/.editorconfig
gnome-shell-extensions-48.2/.eslintrc.yml
gnome-shell-extensions-48.2/.gitignore
gnome-shell-extensions-48.2/.gitlab/
gnome-shell-extensions-48.2/.gitlab/issue_templates/
gnome-shell-extensions-48.2/.gitlab/issue_templates/Default.md
gnome-shell-extensions-48.2/.gitlab/issue_templates/Default.md.license
gnome-shell-extensions-48.2/.gitlab/issue_templates/Feature.md
gnome-shell-extensions-48.2/.gitlab/issue_templates/Feature.md.license
gnome-shell-extensions-48.2/.gitlab-ci/
gnome-shell-extensions-48.2/.gitlab-ci/commit-rules.yml
gnome-shell-extensions-48.2/.gitlab-ci/run-eslint
gnome-shell-extensions-48.2/.gitlab-ci.yml
gnome-shell-extensions-48.2/COPYING
gnome-shell-extensions-48.2/HACKING.md
gnome-shell-extensions-48.2/LICENSES/
gnome-shell-extensions-48.2/LICENSES/CC-BY-SA-4.0.txt
gnome-shell-extensions-48.2/LICENSES/CC0-1.0.txt
gnome-shell-extensions-48.2/LICENSES/GPL-2.0-or-later.txt
gnome-shell-extensions-48.2/LICENSES/LGPL-2.0-or-later.txt
gnome-shell-extensions-48.2/LICENSES/MIT.txt
gnome-shell-extensions-48.2/NEWS
gnome-shell-extensions-48.2/README.md
gnome-shell-extensions-48.2/REUSE.toml
gnome-shell-extensions-48.2/data/
gnome-shell-extensions-48.2/data/00_org.gnome.shell.extensions.classic.gschema.override
gnome-shell-extensions-48.2/data/classic.json.in
gnome-shell-extensions-48.2/data/gnome-classic-wayland.desktop.in
gnome-shell-extensions-48.2/data/gnome-classic-xorg.desktop.in
gnome-shell-extensions-48.2/data/gnome-classic.desktop.in
gnome-shell-extensions-48.2/data/meson.build
gnome-shell-extensions-48.2/export-zips.sh
gnome-shell-extensions-48.2/extensions/
gnome-shell-extensions-48.2/extensions/.lock
gnome-shell-extensions-48.2/extensions/apps-menu/
gnome-shell-extensions-48.2/extensions/apps-menu/extension.js
gnome-shell-extensions-48.2/extensions/apps-menu/meson.build
gnome-shell-extensions-48.2/extensions/apps-menu/metadata.json.in
gnome-shell-extensions-48.2/extensions/apps-menu/org.gnome.shell.extensions.apps-menu.gschema.xml
gnome-shell-extensions-48.2/extensions/apps-menu/stylesheet.css
gnome-shell-extensions-48.2/extensions/auto-move-windows/
gnome-shell-extensions-48.2/extensions/auto-move-windows/extension.js
gnome-shell-extensions-48.2/extensions/auto-move-windows/meson.build
gnome-shell-extensions-48.2/extensions/auto-move-windows/metadata.json.in
gnome-shell-extensions-48.2/extensions/auto-move-windows/org.gnome.shell.extensions.auto-move-windows.gschema.xml
gnome-shell-extensions-48.2/extensions/auto-move-windows/prefs.js
gnome-shell-extensions-48.2/extensions/drive-menu/
gnome-shell-extensions-48.2/extensions/drive-menu/extension.js
gnome-shell-extensions-48.2/extensions/drive-menu/meson.build
gnome-shell-extensions-48.2/extensions/drive-menu/metadata.json.in
gnome-shell-extensions-48.2/extensions/drive-menu/stylesheet.css
gnome-shell-extensions-48.2/extensions/launch-new-instance/
gnome-shell-extensions-48.2/extensions/launch-new-instance/extension.js
gnome-shell-extensions-48.2/extensions/launch-new-instance/meson.build
gnome-shell-extensions-48.2/extensions/launch-new-instance/metadata.json.in
gnome-shell-extensions-48.2/extensions/light-style/
gnome-shell-extensions-48.2/extensions/light-style/extension.js
gnome-shell-extensions-48.2/extensions/light-style/meson.build
gnome-shell-extensions-48.2/extensions/light-style/metadata.json.in
gnome-shell-extensions-48.2/extensions/meson.build
gnome-shell-extensions-48.2/extensions/meson.build.template
gnome-shell-extensions-48.2/extensions/native-window-placement/
gnome-shell-extensions-48.2/extensions/native-window-placement/extension.js
gnome-shell-extensions-48.2/extensions/native-window-placement/meson.build
gnome-shell-extensions-48.2/extensions/native-window-placement/metadata.json.in
gnome-shell-extensions-48.2/extensions/native-window-placement/org.gnome.shell.extensions.native-window-placement.gschema.xml
gnome-shell-extensions-48.2/extensions/places-menu/
gnome-shell-extensions-48.2/extensions/places-menu/extension.js
gnome-shell-extensions-48.2/extensions/places-menu/meson.build
gnome-shell-extensions-48.2/extensions/places-menu/metadata.json.in
gnome-shell-extensions-48.2/extensions/places-menu/placeDisplay.js
gnome-shell-extensions-48.2/extensions/places-menu/stylesheet.css
gnome-shell-extensions-48.2/extensions/screenshot-window-sizer/
gnome-shell-extensions-48.2/extensions/screenshot-window-sizer/extension.js
gnome-shell-extensions-48.2/extensions/screenshot-window-sizer/meson.build
gnome-shell-extensions-48.2/extensions/screenshot-window-sizer/metadata.json.in
gnome-shell-extensions-48.2/extensions/screenshot-window-sizer/org.gnome.shell.extensions.screenshot-window-sizer.gschema.xml
gnome-shell-extensions-48.2/extensions/screenshot-window-sizer/stylesheet.css
gnome-shell-extensions-48.2/extensions/status-icons/
gnome-shell-extensions-48.2/extensions/status-icons/extension.js
gnome-shell-extensions-48.2/extensions/status-icons/meson.build
gnome-shell-extensions-48.2/extensions/status-icons/metadata.json.in
gnome-shell-extensions-48.2/extensions/system-monitor/
gnome-shell-extensions-48.2/extensions/system-monitor/extension.js
gnome-shell-extensions-48.2/extensions/system-monitor/icons/
gnome-shell-extensions-48.2/extensions/system-monitor/icons/download-symbolic.svg
gnome-shell-extensions-48.2/extensions/system-monitor/icons/download-symbolic.svg.license
gnome-shell-extensions-48.2/extensions/system-monitor/icons/memory-symbolic.svg
gnome-shell-extensions-48.2/extensions/system-monitor/icons/memory-symbolic.svg.license
gnome-shell-extensions-48.2/extensions/system-monitor/icons/processor-symbolic.svg
gnome-shell-extensions-48.2/extensions/system-monitor/icons/processor-symbolic.svg.license
gnome-shell-extensions-48.2/extensions/system-monitor/icons/swap-symbolic.svg
gnome-shell-extensions-48.2/extensions/system-monitor/icons/swap-symbolic.svg.license
gnome-shell-extensions-48.2/extensions/system-monitor/icons/upload-symbolic.svg
gnome-shell-extensions-48.2/extensions/system-monitor/icons/upload-symbolic.svg.license
gnome-shell-extensions-48.2/extensions/system-monitor/meson.build
gnome-shell-extensions-48.2/extensions/system-monitor/metadata.json.in
gnome-shell-extensions-48.2/extensions/system-monitor/schemas/
gnome-shell-extensions-48.2/extensions/system-monitor/schemas/org.gnome.shell.extensions.system-monitor.gschema.xml
gnome-shell-extensions-48.2/extensions/system-monitor/stylesheet.css
gnome-shell-extensions-48.2/extensions/user-theme/
gnome-shell-extensions-48.2/extensions/user-theme/extension.js
gnome-shell-extensions-48.2/extensions/user-theme/meson.build
gnome-shell-extensions-48.2/extensions/user-theme/metadata.json.in
gnome-shell-extensions-48.2/extensions/user-theme/org.gnome.shell.extensions.user-theme.gschema.xml
gnome-shell-extensions-48.2/extensions/user-theme/prefs.js
gnome-shell-extensions-48.2/extensions/user-theme/util.js
gnome-shell-extensions-48.2/extensions/window-list/
gnome-shell-extensions-48.2/extensions/window-list/extension.js
gnome-shell-extensions-48.2/extensions/window-list/meson.build
gnome-shell-extensions-48.2/extensions/window-list/metadata.json.in
gnome-shell-extensions-48.2/extensions/window-list/org.gnome.shell.extensions.window-list.gschema.xml
gnome-shell-extensions-48.2/extensions/window-list/prefs.js
gnome-shell-extensions-48.2/extensions/window-list/stylesheet-dark.css
gnome-shell-extensions-48.2/extensions/window-list/stylesheet-light.css
gnome-shell-extensions-48.2/extensions/windowsNavigator/
gnome-shell-extensions-48.2/extensions/windowsNavigator/extension.js
gnome-shell-extensions-48.2/extensions/windowsNavigator/meson.build
gnome-shell-extensions-48.2/extensions/windowsNavigator/metadata.json.in
gnome-shell-extensions-48.2/extensions/windowsNavigator/stylesheet.css
gnome-shell-extensions-48.2/extensions/workspace-indicator/
gnome-shell-extensions-48.2/extensions/workspace-indicator/extension.js
gnome-shell-extensions-48.2/extensions/workspace-indicator/meson.build
gnome-shell-extensions-48.2/extensions/workspace-indicator/metadata.json.in
gnome-shell-extensions-48.2/extensions/workspace-indicator/prefs.js
gnome-shell-extensions-48.2/extensions/workspace-indicator/schemas/
gnome-shell-extensions-48.2/extensions/workspace-indicator/schemas/org.gnome.shell.extensions.workspace-indicator.gschema.xml
gnome-shell-extensions-48.2/extensions/workspace-indicator/stylesheet-dark.css
gnome-shell-extensions-48.2/extensions/workspace-indicator/stylesheet-light.css
gnome-shell-extensions-48.2/extensions/workspace-indicator/workspaceIndicator.js
gnome-shell-extensions-48.2/extensions/workspace-indicator/workspacePrefs.js
gnome-shell-extensions-48.2/gnome-shell-extensions.doap
gnome-shell-extensions-48.2/lint/
gnome-shell-extensions-48.2/lint/eslintrc-gjs.yml
gnome-shell-extensions-48.2/lint/eslintrc-shell.yml
gnome-shell-extensions-48.2/meson/
gnome-shell-extensions-48.2/meson/check-version.py
gnome-shell-extensions-48.2/meson/session-post-install.py
gnome-shell-extensions-48.2/meson.build
gnome-shell-extensions-48.2/meson.options
gnome-shell-extensions-48.2/po/
gnome-shell-extensions-48.2/po/LINGUAS
gnome-shell-extensions-48.2/po/POTFILES.in
gnome-shell-extensions-48.2/po/ab.po
gnome-shell-extensions-48.2/po/af.po
gnome-shell-extensions-48.2/po/an.po
gnome-shell-extensions-48.2/po/ar.po
gnome-shell-extensions-48.2/po/as.po
gnome-shell-extensions-48.2/po/be.po
gnome-shell-extensions-48.2/po/bg.po
gnome-shell-extensions-48.2/po/bn_IN.po
gnome-shell-extensions-48.2/po/bs.po
gnome-shell-extensions-48.2/po/ca.po
gnome-shell-extensions-48.2/po/ca@valencia.po
gnome-shell-extensions-48.2/po/cs.po
gnome-shell-extensions-48.2/po/da.po
gnome-shell-extensions-48.2/po/de.po
gnome-shell-extensions-48.2/po/el.po
gnome-shell-extensions-48.2/po/en_GB.po
gnome-shell-extensions-48.2/po/eo.po
gnome-shell-extensions-48.2/po/es.po
gnome-shell-extensions-48.2/po/et.po
gnome-shell-extensions-48.2/po/eu.po
gnome-shell-extensions-48.2/po/fa.po
gnome-shell-extensions-48.2/po/fi.po
gnome-shell-extensions-48.2/po/fr.po
gnome-shell-extensions-48.2/po/fur.po
gnome-shell-extensions-48.2/po/gd.po
gnome-shell-extensions-48.2/po/gl.po
gnome-shell-extensions-48.2/po/gu.po
gnome-shell-extensions-48.2/po/he.po
gnome-shell-extensions-48.2/po/hi.po
gnome-shell-extensions-48.2/po/hr.po
gnome-shell-extensions-48.2/po/hu.po
gnome-shell-extensions-48.2/po/ia.po
gnome-shell-extensions-48.2/po/id.po
gnome-shell-extensions-48.2/po/is.po
gnome-shell-extensions-48.2/po/it.po
gnome-shell-extensions-48.2/po/ja.po
gnome-shell-extensions-48.2/po/ka.po
gnome-shell-extensions-48.2/po/kab.po
gnome-shell-extensions-48.2/po/kk.po
gnome-shell-extensions-48.2/po/km.po
gnome-shell-extensions-48.2/po/kn.po
gnome-shell-extensions-48.2/po/ko.po
gnome-shell-extensions-48.2/po/lt.po
gnome-shell-extensions-48.2/po/lv.po
gnome-shell-extensions-48.2/po/meson.build
gnome-shell-extensions-48.2/po/mjw.po
gnome-shell-extensions-48.2/po/ml.po
gnome-shell-extensions-48.2/po/mr.po
gnome-shell-extensions-48.2/po/ms.po
gnome-shell-extensions-48.2/po/nb.po
gnome-shell-extensions-48.2/po/ne.po
gnome-shell-extensions-48.2/po/nl.po
gnome-shell-extensions-48.2/po/oc.po
gnome-shell-extensions-48.2/po/or.po
gnome-shell-extensions-48.2/po/pa.po
gnome-shell-extensions-48.2/po/pl.po
gnome-shell-extensions-48.2/po/pt.po
gnome-shell-extensions-48.2/po/pt_BR.po
gnome-shell-extensions-48.2/po/ro.po
gnome-shell-extensions-48.2/po/ru.po
gnome-shell-extensions-48.2/po/sk.po
gnome-shell-extensions-48.2/po/sl.po
gnome-shell-extensions-48.2/po/sr.po
gnome-shell-extensions-48.2/po/sr@latin.po
gnome-shell-extensions-48.2/po/sv.po
gnome-shell-extensions-48.2/po/ta.po
gnome-shell-extensions-48.2/po/te.po
gnome-shell-extensions-48.2/po/tg.po
gnome-shell-extensions-48.2/po/th.po
gnome-shell-extensions-48.2/po/tr.po
gnome-shell-extensions-48.2/po/uk.po
gnome-shell-extensions-48.2/po/vi.po
gnome-shell-extensions-48.2/po/zh_CN.po
gnome-shell-extensions-48.2/po/zh_HK.po
gnome-shell-extensions-48.2/po/zh_TW.po
The Meson build system
Version: 1.7.0
Source dir: /blfs/builds/gnome-shell-extensions-48.2
Build dir: /blfs/builds/gnome-shell-extensions-48.2/build
Build type: native build
Project name: gnome-shell-extensions
Project version: 48.2
Host machine cpu family: x86_64
Host machine cpu: x86_64
Configuring metadata.json using configuration
Configuring metadata.json using configuration
Configuring metadata.json using configuration
Configuring metadata.json using configuration
Configuring stylesheet-workspace-switcher-dark.css with command
Configuring stylesheet-workspace-switcher-light.css with command
Configuring metadata.json using configuration
Configuring metadata.json using configuration
Configuring metadata.json using configuration
Configuring metadata.json using configuration
Configuring metadata.json using configuration
Configuring metadata.json using configuration
Configuring metadata.json using configuration
Program msgfmt found: YES (/usr/bin/msgfmt)
Program msginit found: YES (/usr/bin/msginit)
Program msgmerge found: YES (/usr/bin/msgmerge)
Program xgettext found: YES (/usr/bin/xgettext)
Found pkg-config: YES (/usr/bin/pkg-config) 2.5.0
Build-time dependency gio-2.0 found: YES 2.84.3
Program /usr/bin/glib-compile-schemas found: YES (/usr/bin/glib-compile-schemas)
Build targets in project: 77

gnome-shell-extensions 48.2

  Directories
    prefix      : /usr
    datadir     : share

  Build Options
    extensions  : apps-menu
                  places-menu
                  launch-new-instance
                  window-list
                  drive-menu
                  light-style
                  screenshot-window-sizer
                  status-icons
                  system-monitor
                  windowsNavigator
                  workspace-indicator
    classic_mode: false

  User defined options
    prefix      : /usr

Found ninja-1.13.0 at /usr/bin/ninja
[1/75] Building translation po/ab/LC_MESSAGES/gnome-shell-extensions-ab.mo
[2/75] Building translation po/af/LC_MESSAGES/gnome-shell-extensions-af.mo
[3/75] Building translation po/an/LC_MESSAGES/gnome-shell-extensions-an.mo
[4/75] Building translation po/ar/LC_MESSAGES/gnome-shell-extensions-ar.mo
[5/75] Building translation po/as/LC_MESSAGES/gnome-shell-extensions-as.mo
[6/75] Building translation po/bg/LC_MESSAGES/gnome-shell-extensions-bg.mo
[7/75] Building translation po/bs/LC_MESSAGES/gnome-shell-extensions-bs.mo
[8/75] Building translation po/be/LC_MESSAGES/gnome-shell-extensions-be.mo
[9/75] Building translation po/bn_IN/LC_MESSAGES/gnome-shell-extensions-bn_IN.mo
[10/75] Building translation po/ca/LC_MESSAGES/gnome-shell-extensions-ca.mo
[11/75] Building translation po/ca@valencia/LC_MESSAGES/gnome-shell-extensions-ca@valencia.mo
[12/75] Building translation po/cs/LC_MESSAGES/gnome-shell-extensions-cs.mo
[13/75] Building translation po/da/LC_MESSAGES/gnome-shell-extensions-da.mo
[14/75] Building translation po/de/LC_MESSAGES/gnome-shell-extensions-de.mo
[15/75] Building translation po/en_GB/LC_MESSAGES/gnome-shell-extensions-en_GB.mo
[16/75] Building translation po/eo/LC_MESSAGES/gnome-shell-extensions-eo.mo
[17/75] Building translation po/et/LC_MESSAGES/gnome-shell-extensions-et.mo
[18/75] Building translation po/el/LC_MESSAGES/gnome-shell-extensions-el.mo
[19/75] Building translation po/es/LC_MESSAGES/gnome-shell-extensions-es.mo
[20/75] Building translation po/eu/LC_MESSAGES/gnome-shell-extensions-eu.mo
[21/75] Building translation po/fa/LC_MESSAGES/gnome-shell-extensions-fa.mo
[22/75] Building translation po/fi/LC_MESSAGES/gnome-shell-extensions-fi.mo
[23/75] Building translation po/fr/LC_MESSAGES/gnome-shell-extensions-fr.mo
[24/75] Building translation po/fur/LC_MESSAGES/gnome-shell-extensions-fur.mo
[25/75] Building translation po/gd/LC_MESSAGES/gnome-shell-extensions-gd.mo
[26/75] Building translation po/gu/LC_MESSAGES/gnome-shell-extensions-gu.mo
[27/75] Building translation po/gl/LC_MESSAGES/gnome-shell-extensions-gl.mo
[28/75] Building translation po/he/LC_MESSAGES/gnome-shell-extensions-he.mo
[29/75] Building translation po/hi/LC_MESSAGES/gnome-shell-extensions-hi.mo
[30/75] Building translation po/hr/LC_MESSAGES/gnome-shell-extensions-hr.mo
[31/75] Building translation po/hu/LC_MESSAGES/gnome-shell-extensions-hu.mo
[32/75] Building translation po/ia/LC_MESSAGES/gnome-shell-extensions-ia.mo
[33/75] Building translation po/id/LC_MESSAGES/gnome-shell-extensions-id.mo
[34/75] Building translation po/ja/LC_MESSAGES/gnome-shell-extensions-ja.mo
[35/75] Building translation po/ka/LC_MESSAGES/gnome-shell-extensions-ka.mo
[36/75] Building translation po/is/LC_MESSAGES/gnome-shell-extensions-is.mo
[37/75] Building translation po/it/LC_MESSAGES/gnome-shell-extensions-it.mo
[38/75] Building translation po/kab/LC_MESSAGES/gnome-shell-extensions-kab.mo
[39/75] Building translation po/kk/LC_MESSAGES/gnome-shell-extensions-kk.mo
[40/75] Building translation po/km/LC_MESSAGES/gnome-shell-extensions-km.mo
[41/75] Building translation po/kn/LC_MESSAGES/gnome-shell-extensions-kn.mo
[42/75] Building translation po/ko/LC_MESSAGES/gnome-shell-extensions-ko.mo
[43/75] Building translation po/lt/LC_MESSAGES/gnome-shell-extensions-lt.mo
[44/75] Building translation po/lv/LC_MESSAGES/gnome-shell-extensions-lv.mo
[45/75] Building translation po/mjw/LC_MESSAGES/gnome-shell-extensions-mjw.mo
[46/75] Building translation po/mr/LC_MESSAGES/gnome-shell-extensions-mr.mo
[47/75] Building translation po/ms/LC_MESSAGES/gnome-shell-extensions-ms.mo
[48/75] Building translation po/ml/LC_MESSAGES/gnome-shell-extensions-ml.mo
[49/75] Building translation po/nb/LC_MESSAGES/gnome-shell-extensions-nb.mo
[50/75] Building translation po/ne/LC_MESSAGES/gnome-shell-extensions-ne.mo
[51/75] Building translation po/nl/LC_MESSAGES/gnome-shell-extensions-nl.mo
[52/75] Building translation po/oc/LC_MESSAGES/gnome-shell-extensions-oc.mo
[53/75] Building translation po/or/LC_MESSAGES/gnome-shell-extensions-or.mo
[54/75] Building translation po/pa/LC_MESSAGES/gnome-shell-extensions-pa.mo
[55/75] Building translation po/pl/LC_MESSAGES/gnome-shell-extensions-pl.mo
[56/75] Building translation po/pt/LC_MESSAGES/gnome-shell-extensions-pt.mo
[57/75] Building translation po/ro/LC_MESSAGES/gnome-shell-extensions-ro.mo
[58/75] Building translation po/ru/LC_MESSAGES/gnome-shell-extensions-ru.mo
[59/75] Building translation po/sl/LC_MESSAGES/gnome-shell-extensions-sl.mo
[60/75] Building translation po/pt_BR/LC_MESSAGES/gnome-shell-extensions-pt_BR.mo
[61/75] Building translation po/sv/LC_MESSAGES/gnome-shell-extensions-sv.mo
[62/75] Building translation po/sr@latin/LC_MESSAGES/gnome-shell-extensions-sr@latin.mo
[63/75] Building translation po/th/LC_MESSAGES/gnome-shell-extensions-th.mo
[64/75] Building translation po/tr/LC_MESSAGES/gnome-shell-extensions-tr.mo
[65/75] Building translation po/te/LC_MESSAGES/gnome-shell-extensions-te.mo
[66/75] Building translation po/ta/LC_MESSAGES/gnome-shell-extensions-ta.mo
[67/75] Building translation po/uk/LC_MESSAGES/gnome-shell-extensions-uk.mo
[68/75] Building translation po/tg/LC_MESSAGES/gnome-shell-extensions-tg.mo
[69/75] Building translation po/sr/LC_MESSAGES/gnome-shell-extensions-sr.mo
[70/75] Building translation po/zh_HK/LC_MESSAGES/gnome-shell-extensions-zh_HK.mo
[71/75] Building translation po/zh_CN/LC_MESSAGES/gnome-shell-extensions-zh_CN.mo
[72/75] Building translation po/sk/LC_MESSAGES/gnome-shell-extensions-sk.mo
[73/75] Building translation po/vi/LC_MESSAGES/gnome-shell-extensions-vi.mo
[74/75] Building translation po/zh_TW/LC_MESSAGES/gnome-shell-extensions-zh_TW.mo
[74/75] Installing files
Installing subdir /blfs/builds/gnome-shell-extensions-48.2/extensions/system-monitor/icons to /usr/share/gnome-shell/extensions/system-monitor@gnome-shell-extensions.gcampax.github.com/icons
Installing /blfs/builds/gnome-shell-extensions-48.2/extensions/system-monitor/icons/processor-symbolic.svg.license to /usr/share/gnome-shell/extensions/system-monitor@gnome-shell-extensions.gcampax.github.com/icons
Installing /blfs/builds/gnome-shell-extensions-48.2/extensions/system-monitor/icons/download-symbolic.svg.license to /usr/share/gnome-shell/extensions/system-monitor@gnome-shell-extensions.gcampax.github.com/icons
Installing /blfs/builds/gnome-shell-extensions-48.2/extensions/system-monitor/icons/swap-symbolic.svg to /usr/share/gnome-shell/extensions/system-monitor@gnome-shell-extensions.gcampax.github.com/icons
Installing /blfs/builds/gnome-shell-extensions-48.2/extensions/system-monitor/icons/upload-symbolic.svg.license to /usr/share/gnome-shell/extensions/system-monitor@gnome-shell-extensions.gcampax.github.com/icons
Installing /blfs/builds/gnome-shell-extensions-48.2/extensions/system-monitor/icons/download-symbolic.svg to /usr/share/gnome-shell/extensions/system-monitor@gnome-shell-extensions.gcampax.github.com/icons
Installing /blfs/builds/gnome-shell-extensions-48.2/extensions/system-monitor/icons/processor-symbolic.svg to /usr/share/gnome-shell/extensions/system-monitor@gnome-shell-extensions.gcampax.github.com/icons
Installing /blfs/builds/gnome-shell-extensions-48.2/extensions/system-monitor/icons/upload-symbolic.svg to /usr/share/gnome-shell/extensions/system-monitor@gnome-shell-extensions.gcampax.github.com/icons
Installing /blfs/builds/gnome-shell-extensions-48.2/extensions/system-monitor/icons/memory-symbolic.svg.license to /usr/share/gnome-shell/extensions/system-monitor@gnome-shell-extensions.gcampax.github.com/icons
Installing /blfs/builds/gnome-shell-extensions-48.2/extensions/system-monitor/icons/swap-symbolic.svg.license to /usr/share/gnome-shell/extensions/system-monitor@gnome-shell-extensions.gcampax.github.com/icons
Installing /blfs/builds/gnome-shell-extensions-48.2/extensions/system-monitor/icons/memory-symbolic.svg to /usr/share/gnome-shell/extensions/system-monitor@gnome-shell-extensions.gcampax.github.com/icons
Installing po/ab/LC_MESSAGES/gnome-shell-extensions.mo to /usr/share/locale/ab/LC_MESSAGES
Installing po/af/LC_MESSAGES/gnome-shell-extensions.mo to /usr/share/locale/af/LC_MESSAGES
Installing po/an/LC_MESSAGES/gnome-shell-extensions.mo to /usr/share/locale/an/LC_MESSAGES
Installing po/ar/LC_MESSAGES/gnome-shell-extensions.mo to /usr/share/locale/ar/LC_MESSAGES
Installing po/as/LC_MESSAGES/gnome-shell-extensions.mo to /usr/share/locale/as/LC_MESSAGES
Installing po/be/LC_MESSAGES/gnome-shell-extensions.mo to /usr/share/locale/be/LC_MESSAGES
Installing po/bg/LC_MESSAGES/gnome-shell-extensions.mo to /usr/share/locale/bg/LC_MESSAGES
Installing po/bn_IN/LC_MESSAGES/gnome-shell-extensions.mo to /usr/share/locale/bn_IN/LC_MESSAGES
Installing po/bs/LC_MESSAGES/gnome-shell-extensions.mo to /usr/share/locale/bs/LC_MESSAGES
Installing po/ca/LC_MESSAGES/gnome-shell-extensions.mo to /usr/share/locale/ca/LC_MESSAGES
Installing po/ca@valencia/LC_MESSAGES/gnome-shell-extensions.mo to /usr/share/locale/ca@valencia/LC_MESSAGES
Installing po/cs/LC_MESSAGES/gnome-shell-extensions.mo to /usr/share/locale/cs/LC_MESSAGES
Installing po/da/LC_MESSAGES/gnome-shell-extensions.mo to /usr/share/locale/da/LC_MESSAGES
Installing po/de/LC_MESSAGES/gnome-shell-extensions.mo to /usr/share/locale/de/LC_MESSAGES
Installing po/el/LC_MESSAGES/gnome-shell-extensions.mo to /usr/share/locale/el/LC_MESSAGES
Installing po/en_GB/LC_MESSAGES/gnome-shell-extensions.mo to /usr/share/locale/en_GB/LC_MESSAGES
Installing po/eo/LC_MESSAGES/gnome-shell-extensions.mo to /usr/share/locale/eo/LC_MESSAGES
Installing po/es/LC_MESSAGES/gnome-shell-extensions.mo to /usr/share/locale/es/LC_MESSAGES
Installing po/et/LC_MESSAGES/gnome-shell-extensions.mo to /usr/share/locale/et/LC_MESSAGES
Installing po/eu/LC_MESSAGES/gnome-shell-extensions.mo to /usr/share/locale/eu/LC_MESSAGES
Installing po/fa/LC_MESSAGES/gnome-shell-extensions.mo to /usr/share/locale/fa/LC_MESSAGES
Installing po/fi/LC_MESSAGES/gnome-shell-extensions.mo to /usr/share/locale/fi/LC_MESSAGES
Installing po/fr/LC_MESSAGES/gnome-shell-extensions.mo to /usr/share/locale/fr/LC_MESSAGES
Installing po/fur/LC_MESSAGES/gnome-shell-extensions.mo to /usr/share/locale/fur/LC_MESSAGES
Installing po/gd/LC_MESSAGES/gnome-shell-extensions.mo to /usr/share/locale/gd/LC_MESSAGES
Installing po/gl/LC_MESSAGES/gnome-shell-extensions.mo to /usr/share/locale/gl/LC_MESSAGES
Installing po/gu/LC_MESSAGES/gnome-shell-extensions.mo to /usr/share/locale/gu/LC_MESSAGES
Installing po/he/LC_MESSAGES/gnome-shell-extensions.mo to /usr/share/locale/he/LC_MESSAGES
Installing po/hi/LC_MESSAGES/gnome-shell-extensions.mo to /usr/share/locale/hi/LC_MESSAGES
Installing po/hr/LC_MESSAGES/gnome-shell-extensions.mo to /usr/share/locale/hr/LC_MESSAGES
Installing po/hu/LC_MESSAGES/gnome-shell-extensions.mo to /usr/share/locale/hu/LC_MESSAGES
Installing po/ia/LC_MESSAGES/gnome-shell-extensions.mo to /usr/share/locale/ia/LC_MESSAGES
Installing po/id/LC_MESSAGES/gnome-shell-extensions.mo to /usr/share/locale/id/LC_MESSAGES
Installing po/is/LC_MESSAGES/gnome-shell-extensions.mo to /usr/share/locale/is/LC_MESSAGES
Installing po/it/LC_MESSAGES/gnome-shell-extensions.mo to /usr/share/locale/it/LC_MESSAGES
Installing po/ja/LC_MESSAGES/gnome-shell-extensions.mo to /usr/share/locale/ja/LC_MESSAGES
Installing po/ka/LC_MESSAGES/gnome-shell-extensions.mo to /usr/share/locale/ka/LC_MESSAGES
Installing po/kab/LC_MESSAGES/gnome-shell-extensions.mo to /usr/share/locale/kab/LC_MESSAGES
Installing po/kk/LC_MESSAGES/gnome-shell-extensions.mo to /usr/share/locale/kk/LC_MESSAGES
Installing po/km/LC_MESSAGES/gnome-shell-extensions.mo to /usr/share/locale/km/LC_MESSAGES
Installing po/kn/LC_MESSAGES/gnome-shell-extensions.mo to /usr/share/locale/kn/LC_MESSAGES
Installing po/ko/LC_MESSAGES/gnome-shell-extensions.mo to /usr/share/locale/ko/LC_MESSAGES
Installing po/lt/LC_MESSAGES/gnome-shell-extensions.mo to /usr/share/locale/lt/LC_MESSAGES
Installing po/lv/LC_MESSAGES/gnome-shell-extensions.mo to /usr/share/locale/lv/LC_MESSAGES
Installing po/mjw/LC_MESSAGES/gnome-shell-extensions.mo to /usr/share/locale/mjw/LC_MESSAGES
Installing po/ml/LC_MESSAGES/gnome-shell-extensions.mo to /usr/share/locale/ml/LC_MESSAGES
Installing po/mr/LC_MESSAGES/gnome-shell-extensions.mo to /usr/share/locale/mr/LC_MESSAGES
Installing po/ms/LC_MESSAGES/gnome-shell-extensions.mo to /usr/share/locale/ms/LC_MESSAGES
Installing po/nb/LC_MESSAGES/gnome-shell-extensions.mo to /usr/share/locale/nb/LC_MESSAGES
Installing po/ne/LC_MESSAGES/gnome-shell-extensions.mo to /usr/share/locale/ne/LC_MESSAGES
Installing po/nl/LC_MESSAGES/gnome-shell-extensions.mo to /usr/share/locale/nl/LC_MESSAGES
Installing po/oc/LC_MESSAGES/gnome-shell-extensions.mo to /usr/share/locale/oc/LC_MESSAGES
Installing po/or/LC_MESSAGES/gnome-shell-extensions.mo to /usr/share/locale/or/LC_MESSAGES
Installing po/pa/LC_MESSAGES/gnome-shell-extensions.mo to /usr/share/locale/pa/LC_MESSAGES
Installing po/pl/LC_MESSAGES/gnome-shell-extensions.mo to /usr/share/locale/pl/LC_MESSAGES
Installing po/pt/LC_MESSAGES/gnome-shell-extensions.mo to /usr/share/locale/pt/LC_MESSAGES
Installing po/pt_BR/LC_MESSAGES/gnome-shell-extensions.mo to /usr/share/locale/pt_BR/LC_MESSAGES
Installing po/ro/LC_MESSAGES/gnome-shell-extensions.mo to /usr/share/locale/ro/LC_MESSAGES
Installing po/ru/LC_MESSAGES/gnome-shell-extensions.mo to /usr/share/locale/ru/LC_MESSAGES
Installing po/sk/LC_MESSAGES/gnome-shell-extensions.mo to /usr/share/locale/sk/LC_MESSAGES
Installing po/sl/LC_MESSAGES/gnome-shell-extensions.mo to /usr/share/locale/sl/LC_MESSAGES
Installing po/sr/LC_MESSAGES/gnome-shell-extensions.mo to /usr/share/locale/sr/LC_MESSAGES
Installing po/sr@latin/LC_MESSAGES/gnome-shell-extensions.mo to /usr/share/locale/sr@latin/LC_MESSAGES
Installing po/sv/LC_MESSAGES/gnome-shell-extensions.mo to /usr/share/locale/sv/LC_MESSAGES
Installing po/ta/LC_MESSAGES/gnome-shell-extensions.mo to /usr/share/locale/ta/LC_MESSAGES
Installing po/te/LC_MESSAGES/gnome-shell-extensions.mo to /usr/share/locale/te/LC_MESSAGES
Installing po/tg/LC_MESSAGES/gnome-shell-extensions.mo to /usr/share/locale/tg/LC_MESSAGES
Installing po/th/LC_MESSAGES/gnome-shell-extensions.mo to /usr/share/locale/th/LC_MESSAGES
Installing po/tr/LC_MESSAGES/gnome-shell-extensions.mo to /usr/share/locale/tr/LC_MESSAGES
Installing po/uk/LC_MESSAGES/gnome-shell-extensions.mo to /usr/share/locale/uk/LC_MESSAGES
Installing po/vi/LC_MESSAGES/gnome-shell-extensions.mo to /usr/share/locale/vi/LC_MESSAGES
Installing po/zh_CN/LC_MESSAGES/gnome-shell-extensions.mo to /usr/share/locale/zh_CN/LC_MESSAGES
Installing po/zh_HK/LC_MESSAGES/gnome-shell-extensions.mo to /usr/share/locale/zh_HK/LC_MESSAGES
Installing po/zh_TW/LC_MESSAGES/gnome-shell-extensions.mo to /usr/share/locale/zh_TW/LC_MESSAGES
Installing /blfs/builds/gnome-shell-extensions-48.2/extensions/apps-menu/extension.js to /usr/share/gnome-shell/extensions/apps-menu@gnome-shell-extensions.gcampax.github.com
Installing /blfs/builds/gnome-shell-extensions-48.2/build/extensions/apps-menu/metadata.json to /usr/share/gnome-shell/extensions/apps-menu@gnome-shell-extensions.gcampax.github.com
Installing /blfs/builds/gnome-shell-extensions-48.2/extensions/apps-menu/stylesheet.css to /usr/share/gnome-shell/extensions/apps-menu@gnome-shell-extensions.gcampax.github.com
Installing /blfs/builds/gnome-shell-extensions-48.2/extensions/places-menu/extension.js to /usr/share/gnome-shell/extensions/places-menu@gnome-shell-extensions.gcampax.github.com
Installing /blfs/builds/gnome-shell-extensions-48.2/extensions/places-menu/placeDisplay.js to /usr/share/gnome-shell/extensions/places-menu@gnome-shell-extensions.gcampax.github.com
Installing /blfs/builds/gnome-shell-extensions-48.2/build/extensions/places-menu/metadata.json to /usr/share/gnome-shell/extensions/places-menu@gnome-shell-extensions.gcampax.github.com
Installing /blfs/builds/gnome-shell-extensions-48.2/extensions/places-menu/stylesheet.css to /usr/share/gnome-shell/extensions/places-menu@gnome-shell-extensions.gcampax.github.com
Installing /blfs/builds/gnome-shell-extensions-48.2/extensions/launch-new-instance/extension.js to /usr/share/gnome-shell/extensions/launch-new-instance@gnome-shell-extensions.gcampax.github.com
Installing /blfs/builds/gnome-shell-extensions-48.2/build/extensions/launch-new-instance/metadata.json to /usr/share/gnome-shell/extensions/launch-new-instance@gnome-shell-extensions.gcampax.github.com
Installing /blfs/builds/gnome-shell-extensions-48.2/extensions/window-list/extension.js to /usr/share/gnome-shell/extensions/window-list@gnome-shell-extensions.gcampax.github.com
Installing /blfs/builds/gnome-shell-extensions-48.2/extensions/window-list/prefs.js to /usr/share/gnome-shell/extensions/window-list@gnome-shell-extensions.gcampax.github.com
Installing /blfs/builds/gnome-shell-extensions-48.2/build/extensions/window-list/workspaceIndicator.js to /usr/share/gnome-shell/extensions/window-list@gnome-shell-extensions.gcampax.github.com
Installing /blfs/builds/gnome-shell-extensions-48.2/build/extensions/window-list/stylesheet-workspace-switcher-dark.css to /usr/share/gnome-shell/extensions/window-list@gnome-shell-extensions.gcampax.github.com
Installing /blfs/builds/gnome-shell-extensions-48.2/build/extensions/window-list/stylesheet-workspace-switcher-light.css to /usr/share/gnome-shell/extensions/window-list@gnome-shell-extensions.gcampax.github.com
Installing /blfs/builds/gnome-shell-extensions-48.2/extensions/window-list/../workspace-indicator/workspacePrefs.js to /usr/share/gnome-shell/extensions/window-list@gnome-shell-extensions.gcampax.github.com
Installing /blfs/builds/gnome-shell-extensions-48.2/build/extensions/window-list/metadata.json to /usr/share/gnome-shell/extensions/window-list@gnome-shell-extensions.gcampax.github.com
Installing /blfs/builds/gnome-shell-extensions-48.2/extensions/window-list/stylesheet-dark.css to /usr/share/gnome-shell/extensions/window-list@gnome-shell-extensions.gcampax.github.com
Installing /blfs/builds/gnome-shell-extensions-48.2/extensions/window-list/stylesheet-light.css to /usr/share/gnome-shell/extensions/window-list@gnome-shell-extensions.gcampax.github.com
Installing /blfs/builds/gnome-shell-extensions-48.2/extensions/drive-menu/extension.js to /usr/share/gnome-shell/extensions/drive-menu@gnome-shell-extensions.gcampax.github.com
Installing /blfs/builds/gnome-shell-extensions-48.2/build/extensions/drive-menu/metadata.json to /usr/share/gnome-shell/extensions/drive-menu@gnome-shell-extensions.gcampax.github.com
Installing /blfs/builds/gnome-shell-extensions-48.2/extensions/drive-menu/stylesheet.css to /usr/share/gnome-shell/extensions/drive-menu@gnome-shell-extensions.gcampax.github.com
Installing /blfs/builds/gnome-shell-extensions-48.2/extensions/light-style/extension.js to /usr/share/gnome-shell/extensions/light-style@gnome-shell-extensions.gcampax.github.com
Installing /blfs/builds/gnome-shell-extensions-48.2/build/extensions/light-style/metadata.json to /usr/share/gnome-shell/extensions/light-style@gnome-shell-extensions.gcampax.github.com
Installing /blfs/builds/gnome-shell-extensions-48.2/extensions/screenshot-window-sizer/extension.js to /usr/share/gnome-shell/extensions/screenshot-window-sizer@gnome-shell-extensions.gcampax.github.com
Installing /blfs/builds/gnome-shell-extensions-48.2/build/extensions/screenshot-window-sizer/metadata.json to /usr/share/gnome-shell/extensions/screenshot-window-sizer@gnome-shell-extensions.gcampax.github.com
Installing /blfs/builds/gnome-shell-extensions-48.2/extensions/screenshot-window-sizer/stylesheet.css to /usr/share/gnome-shell/extensions/screenshot-window-sizer@gnome-shell-extensions.gcampax.github.com
Installing /blfs/builds/gnome-shell-extensions-48.2/extensions/status-icons/extension.js to /usr/share/gnome-shell/extensions/status-icons@gnome-shell-extensions.gcampax.github.com
Installing /blfs/builds/gnome-shell-extensions-48.2/build/extensions/status-icons/metadata.json to /usr/share/gnome-shell/extensions/status-icons@gnome-shell-extensions.gcampax.github.com
Installing /blfs/builds/gnome-shell-extensions-48.2/extensions/system-monitor/extension.js to /usr/share/gnome-shell/extensions/system-monitor@gnome-shell-extensions.gcampax.github.com
Installing /blfs/builds/gnome-shell-extensions-48.2/build/extensions/system-monitor/metadata.json to /usr/share/gnome-shell/extensions/system-monitor@gnome-shell-extensions.gcampax.github.com
Installing /blfs/builds/gnome-shell-extensions-48.2/extensions/system-monitor/stylesheet.css to /usr/share/gnome-shell/extensions/system-monitor@gnome-shell-extensions.gcampax.github.com
Installing /blfs/builds/gnome-shell-extensions-48.2/extensions/windowsNavigator/extension.js to /usr/share/gnome-shell/extensions/windowsNavigator@gnome-shell-extensions.gcampax.github.com
Installing /blfs/builds/gnome-shell-extensions-48.2/build/extensions/windowsNavigator/metadata.json to /usr/share/gnome-shell/extensions/windowsNavigator@gnome-shell-extensions.gcampax.github.com
Installing /blfs/builds/gnome-shell-extensions-48.2/extensions/windowsNavigator/stylesheet.css to /usr/share/gnome-shell/extensions/windowsNavigator@gnome-shell-extensions.gcampax.github.com
Installing /blfs/builds/gnome-shell-extensions-48.2/extensions/workspace-indicator/extension.js to /usr/share/gnome-shell/extensions/workspace-indicator@gnome-shell-extensions.gcampax.github.com
Installing /blfs/builds/gnome-shell-extensions-48.2/extensions/workspace-indicator/prefs.js to /usr/share/gnome-shell/extensions/workspace-indicator@gnome-shell-extensions.gcampax.github.com
Installing /blfs/builds/gnome-shell-extensions-48.2/extensions/workspace-indicator/workspaceIndicator.js to /usr/share/gnome-shell/extensions/workspace-indicator@gnome-shell-extensions.gcampax.github.com
Installing /blfs/builds/gnome-shell-extensions-48.2/extensions/workspace-indicator/workspacePrefs.js to /usr/share/gnome-shell/extensions/workspace-indicator@gnome-shell-extensions.gcampax.github.com
Installing /blfs/builds/gnome-shell-extensions-48.2/build/extensions/workspace-indicator/metadata.json to /usr/share/gnome-shell/extensions/workspace-indicator@gnome-shell-extensions.gcampax.github.com
Installing /blfs/builds/gnome-shell-extensions-48.2/extensions/workspace-indicator/stylesheet-dark.css to /usr/share/gnome-shell/extensions/workspace-indicator@gnome-shell-extensions.gcampax.github.com
Installing /blfs/builds/gnome-shell-extensions-48.2/extensions/workspace-indicator/stylesheet-light.css to /usr/share/gnome-shell/extensions/workspace-indicator@gnome-shell-extensions.gcampax.github.com
Installing /blfs/builds/gnome-shell-extensions-48.2/extensions/apps-menu/org.gnome.shell.extensions.apps-menu.gschema.xml to /usr/share/glib-2.0/schemas
Installing /blfs/builds/gnome-shell-extensions-48.2/extensions/window-list/org.gnome.shell.extensions.window-list.gschema.xml to /usr/share/glib-2.0/schemas
Installing /blfs/builds/gnome-shell-extensions-48.2/extensions/screenshot-window-sizer/org.gnome.shell.extensions.screenshot-window-sizer.gschema.xml to /usr/share/glib-2.0/schemas
Installing /blfs/builds/gnome-shell-extensions-48.2/extensions/system-monitor/schemas/org.gnome.shell.extensions.system-monitor.gschema.xml to /usr/share/glib-2.0/schemas
Installing /blfs/builds/gnome-shell-extensions-48.2/extensions/workspace-indicator/schemas/org.gnome.shell.extensions.workspace-indicator.gschema.xml to /usr/share/glib-2.0/schemas
Running custom install script '/usr/bin/glib-compile-schemas /usr/share/glib-2.0/schemas'
[0/1] Installing files
Installing subdir /blfs/builds/gnome-shell-extensions-48.2/extensions/system-monitor/icons to /pkgs/gnome-shell-extensions/usr/share/gnome-shell/extensions/system-monitor@gnome-shell-extensions.gcampax.github.com/icons
Installing /blfs/builds/gnome-shell-extensions-48.2/extensions/system-monitor/icons/processor-symbolic.svg.license to /pkgs/gnome-shell-extensions/usr/share/gnome-shell/extensions/system-monitor@gnome-shell-extensions.gcampax.github.com/icons
Installing /blfs/builds/gnome-shell-extensions-48.2/extensions/system-monitor/icons/download-symbolic.svg.license to /pkgs/gnome-shell-extensions/usr/share/gnome-shell/extensions/system-monitor@gnome-shell-extensions.gcampax.github.com/icons
Installing /blfs/builds/gnome-shell-extensions-48.2/extensions/system-monitor/icons/swap-symbolic.svg to /pkgs/gnome-shell-extensions/usr/share/gnome-shell/extensions/system-monitor@gnome-shell-extensions.gcampax.github.com/icons
Installing /blfs/builds/gnome-shell-extensions-48.2/extensions/system-monitor/icons/upload-symbolic.svg.license to /pkgs/gnome-shell-extensions/usr/share/gnome-shell/extensions/system-monitor@gnome-shell-extensions.gcampax.github.com/icons
Installing /blfs/builds/gnome-shell-extensions-48.2/extensions/system-monitor/icons/download-symbolic.svg to /pkgs/gnome-shell-extensions/usr/share/gnome-shell/extensions/system-monitor@gnome-shell-extensions.gcampax.github.com/icons
Installing /blfs/builds/gnome-shell-extensions-48.2/extensions/system-monitor/icons/processor-symbolic.svg to /pkgs/gnome-shell-extensions/usr/share/gnome-shell/extensions/system-monitor@gnome-shell-extensions.gcampax.github.com/icons
Installing /blfs/builds/gnome-shell-extensions-48.2/extensions/system-monitor/icons/upload-symbolic.svg to /pkgs/gnome-shell-extensions/usr/share/gnome-shell/extensions/system-monitor@gnome-shell-extensions.gcampax.github.com/icons
Installing /blfs/builds/gnome-shell-extensions-48.2/extensions/system-monitor/icons/memory-symbolic.svg.license to /pkgs/gnome-shell-extensions/usr/share/gnome-shell/extensions/system-monitor@gnome-shell-extensions.gcampax.github.com/icons
Installing /blfs/builds/gnome-shell-extensions-48.2/extensions/system-monitor/icons/swap-symbolic.svg.license to /pkgs/gnome-shell-extensions/usr/share/gnome-shell/extensions/system-monitor@gnome-shell-extensions.gcampax.github.com/icons
Installing /blfs/builds/gnome-shell-extensions-48.2/extensions/system-monitor/icons/memory-symbolic.svg to /pkgs/gnome-shell-extensions/usr/share/gnome-shell/extensions/system-monitor@gnome-shell-extensions.gcampax.github.com/icons
Installing po/ab/LC_MESSAGES/gnome-shell-extensions.mo to /pkgs/gnome-shell-extensions/usr/share/locale/ab/LC_MESSAGES
Installing po/af/LC_MESSAGES/gnome-shell-extensions.mo to /pkgs/gnome-shell-extensions/usr/share/locale/af/LC_MESSAGES
Installing po/an/LC_MESSAGES/gnome-shell-extensions.mo to /pkgs/gnome-shell-extensions/usr/share/locale/an/LC_MESSAGES
Installing po/ar/LC_MESSAGES/gnome-shell-extensions.mo to /pkgs/gnome-shell-extensions/usr/share/locale/ar/LC_MESSAGES
Installing po/as/LC_MESSAGES/gnome-shell-extensions.mo to /pkgs/gnome-shell-extensions/usr/share/locale/as/LC_MESSAGES
Installing po/be/LC_MESSAGES/gnome-shell-extensions.mo to /pkgs/gnome-shell-extensions/usr/share/locale/be/LC_MESSAGES
Installing po/bg/LC_MESSAGES/gnome-shell-extensions.mo to /pkgs/gnome-shell-extensions/usr/share/locale/bg/LC_MESSAGES
Installing po/bn_IN/LC_MESSAGES/gnome-shell-extensions.mo to /pkgs/gnome-shell-extensions/usr/share/locale/bn_IN/LC_MESSAGES
Installing po/bs/LC_MESSAGES/gnome-shell-extensions.mo to /pkgs/gnome-shell-extensions/usr/share/locale/bs/LC_MESSAGES
Installing po/ca/LC_MESSAGES/gnome-shell-extensions.mo to /pkgs/gnome-shell-extensions/usr/share/locale/ca/LC_MESSAGES
Installing po/ca@valencia/LC_MESSAGES/gnome-shell-extensions.mo to /pkgs/gnome-shell-extensions/usr/share/locale/ca@valencia/LC_MESSAGES
Installing po/cs/LC_MESSAGES/gnome-shell-extensions.mo to /pkgs/gnome-shell-extensions/usr/share/locale/cs/LC_MESSAGES
Installing po/da/LC_MESSAGES/gnome-shell-extensions.mo to /pkgs/gnome-shell-extensions/usr/share/locale/da/LC_MESSAGES
Installing po/de/LC_MESSAGES/gnome-shell-extensions.mo to /pkgs/gnome-shell-extensions/usr/share/locale/de/LC_MESSAGES
Installing po/el/LC_MESSAGES/gnome-shell-extensions.mo to /pkgs/gnome-shell-extensions/usr/share/locale/el/LC_MESSAGES
Installing po/en_GB/LC_MESSAGES/gnome-shell-extensions.mo to /pkgs/gnome-shell-extensions/usr/share/locale/en_GB/LC_MESSAGES
Installing po/eo/LC_MESSAGES/gnome-shell-extensions.mo to /pkgs/gnome-shell-extensions/usr/share/locale/eo/LC_MESSAGES
Installing po/es/LC_MESSAGES/gnome-shell-extensions.mo to /pkgs/gnome-shell-extensions/usr/share/locale/es/LC_MESSAGES
Installing po/et/LC_MESSAGES/gnome-shell-extensions.mo to /pkgs/gnome-shell-extensions/usr/share/locale/et/LC_MESSAGES
Installing po/eu/LC_MESSAGES/gnome-shell-extensions.mo to /pkgs/gnome-shell-extensions/usr/share/locale/eu/LC_MESSAGES
Installing po/fa/LC_MESSAGES/gnome-shell-extensions.mo to /pkgs/gnome-shell-extensions/usr/share/locale/fa/LC_MESSAGES
Installing po/fi/LC_MESSAGES/gnome-shell-extensions.mo to /pkgs/gnome-shell-extensions/usr/share/locale/fi/LC_MESSAGES
Installing po/fr/LC_MESSAGES/gnome-shell-extensions.mo to /pkgs/gnome-shell-extensions/usr/share/locale/fr/LC_MESSAGES
Installing po/fur/LC_MESSAGES/gnome-shell-extensions.mo to /pkgs/gnome-shell-extensions/usr/share/locale/fur/LC_MESSAGES
Installing po/gd/LC_MESSAGES/gnome-shell-extensions.mo to /pkgs/gnome-shell-extensions/usr/share/locale/gd/LC_MESSAGES
Installing po/gl/LC_MESSAGES/gnome-shell-extensions.mo to /pkgs/gnome-shell-extensions/usr/share/locale/gl/LC_MESSAGES
Installing po/gu/LC_MESSAGES/gnome-shell-extensions.mo to /pkgs/gnome-shell-extensions/usr/share/locale/gu/LC_MESSAGES
Installing po/he/LC_MESSAGES/gnome-shell-extensions.mo to /pkgs/gnome-shell-extensions/usr/share/locale/he/LC_MESSAGES
Installing po/hi/LC_MESSAGES/gnome-shell-extensions.mo to /pkgs/gnome-shell-extensions/usr/share/locale/hi/LC_MESSAGES
Installing po/hr/LC_MESSAGES/gnome-shell-extensions.mo to /pkgs/gnome-shell-extensions/usr/share/locale/hr/LC_MESSAGES
Installing po/hu/LC_MESSAGES/gnome-shell-extensions.mo to /pkgs/gnome-shell-extensions/usr/share/locale/hu/LC_MESSAGES
Installing po/ia/LC_MESSAGES/gnome-shell-extensions.mo to /pkgs/gnome-shell-extensions/usr/share/locale/ia/LC_MESSAGES
Installing po/id/LC_MESSAGES/gnome-shell-extensions.mo to /pkgs/gnome-shell-extensions/usr/share/locale/id/LC_MESSAGES
Installing po/is/LC_MESSAGES/gnome-shell-extensions.mo to /pkgs/gnome-shell-extensions/usr/share/locale/is/LC_MESSAGES
Installing po/it/LC_MESSAGES/gnome-shell-extensions.mo to /pkgs/gnome-shell-extensions/usr/share/locale/it/LC_MESSAGES
Installing po/ja/LC_MESSAGES/gnome-shell-extensions.mo to /pkgs/gnome-shell-extensions/usr/share/locale/ja/LC_MESSAGES
Installing po/ka/LC_MESSAGES/gnome-shell-extensions.mo to /pkgs/gnome-shell-extensions/usr/share/locale/ka/LC_MESSAGES
Installing po/kab/LC_MESSAGES/gnome-shell-extensions.mo to /pkgs/gnome-shell-extensions/usr/share/locale/kab/LC_MESSAGES
Installing po/kk/LC_MESSAGES/gnome-shell-extensions.mo to /pkgs/gnome-shell-extensions/usr/share/locale/kk/LC_MESSAGES
Installing po/km/LC_MESSAGES/gnome-shell-extensions.mo to /pkgs/gnome-shell-extensions/usr/share/locale/km/LC_MESSAGES
Installing po/kn/LC_MESSAGES/gnome-shell-extensions.mo to /pkgs/gnome-shell-extensions/usr/share/locale/kn/LC_MESSAGES
Installing po/ko/LC_MESSAGES/gnome-shell-extensions.mo to /pkgs/gnome-shell-extensions/usr/share/locale/ko/LC_MESSAGES
Installing po/lt/LC_MESSAGES/gnome-shell-extensions.mo to /pkgs/gnome-shell-extensions/usr/share/locale/lt/LC_MESSAGES
Installing po/lv/LC_MESSAGES/gnome-shell-extensions.mo to /pkgs/gnome-shell-extensions/usr/share/locale/lv/LC_MESSAGES
Installing po/mjw/LC_MESSAGES/gnome-shell-extensions.mo to /pkgs/gnome-shell-extensions/usr/share/locale/mjw/LC_MESSAGES
Installing po/ml/LC_MESSAGES/gnome-shell-extensions.mo to /pkgs/gnome-shell-extensions/usr/share/locale/ml/LC_MESSAGES
Installing po/mr/LC_MESSAGES/gnome-shell-extensions.mo to /pkgs/gnome-shell-extensions/usr/share/locale/mr/LC_MESSAGES
Installing po/ms/LC_MESSAGES/gnome-shell-extensions.mo to /pkgs/gnome-shell-extensions/usr/share/locale/ms/LC_MESSAGES
Installing po/nb/LC_MESSAGES/gnome-shell-extensions.mo to /pkgs/gnome-shell-extensions/usr/share/locale/nb/LC_MESSAGES
Installing po/ne/LC_MESSAGES/gnome-shell-extensions.mo to /pkgs/gnome-shell-extensions/usr/share/locale/ne/LC_MESSAGES
Installing po/nl/LC_MESSAGES/gnome-shell-extensions.mo to /pkgs/gnome-shell-extensions/usr/share/locale/nl/LC_MESSAGES
Installing po/oc/LC_MESSAGES/gnome-shell-extensions.mo to /pkgs/gnome-shell-extensions/usr/share/locale/oc/LC_MESSAGES
Installing po/or/LC_MESSAGES/gnome-shell-extensions.mo to /pkgs/gnome-shell-extensions/usr/share/locale/or/LC_MESSAGES
Installing po/pa/LC_MESSAGES/gnome-shell-extensions.mo to /pkgs/gnome-shell-extensions/usr/share/locale/pa/LC_MESSAGES
Installing po/pl/LC_MESSAGES/gnome-shell-extensions.mo to /pkgs/gnome-shell-extensions/usr/share/locale/pl/LC_MESSAGES
Installing po/pt/LC_MESSAGES/gnome-shell-extensions.mo to /pkgs/gnome-shell-extensions/usr/share/locale/pt/LC_MESSAGES
Installing po/pt_BR/LC_MESSAGES/gnome-shell-extensions.mo to /pkgs/gnome-shell-extensions/usr/share/locale/pt_BR/LC_MESSAGES
Installing po/ro/LC_MESSAGES/gnome-shell-extensions.mo to /pkgs/gnome-shell-extensions/usr/share/locale/ro/LC_MESSAGES
Installing po/ru/LC_MESSAGES/gnome-shell-extensions.mo to /pkgs/gnome-shell-extensions/usr/share/locale/ru/LC_MESSAGES
Installing po/sk/LC_MESSAGES/gnome-shell-extensions.mo to /pkgs/gnome-shell-extensions/usr/share/locale/sk/LC_MESSAGES
Installing po/sl/LC_MESSAGES/gnome-shell-extensions.mo to /pkgs/gnome-shell-extensions/usr/share/locale/sl/LC_MESSAGES
Installing po/sr/LC_MESSAGES/gnome-shell-extensions.mo to /pkgs/gnome-shell-extensions/usr/share/locale/sr/LC_MESSAGES
Installing po/sr@latin/LC_MESSAGES/gnome-shell-extensions.mo to /pkgs/gnome-shell-extensions/usr/share/locale/sr@latin/LC_MESSAGES
Installing po/sv/LC_MESSAGES/gnome-shell-extensions.mo to /pkgs/gnome-shell-extensions/usr/share/locale/sv/LC_MESSAGES
Installing po/ta/LC_MESSAGES/gnome-shell-extensions.mo to /pkgs/gnome-shell-extensions/usr/share/locale/ta/LC_MESSAGES
Installing po/te/LC_MESSAGES/gnome-shell-extensions.mo to /pkgs/gnome-shell-extensions/usr/share/locale/te/LC_MESSAGES
Installing po/tg/LC_MESSAGES/gnome-shell-extensions.mo to /pkgs/gnome-shell-extensions/usr/share/locale/tg/LC_MESSAGES
Installing po/th/LC_MESSAGES/gnome-shell-extensions.mo to /pkgs/gnome-shell-extensions/usr/share/locale/th/LC_MESSAGES
Installing po/tr/LC_MESSAGES/gnome-shell-extensions.mo to /pkgs/gnome-shell-extensions/usr/share/locale/tr/LC_MESSAGES
Installing po/uk/LC_MESSAGES/gnome-shell-extensions.mo to /pkgs/gnome-shell-extensions/usr/share/locale/uk/LC_MESSAGES
Installing po/vi/LC_MESSAGES/gnome-shell-extensions.mo to /pkgs/gnome-shell-extensions/usr/share/locale/vi/LC_MESSAGES
Installing po/zh_CN/LC_MESSAGES/gnome-shell-extensions.mo to /pkgs/gnome-shell-extensions/usr/share/locale/zh_CN/LC_MESSAGES
Installing po/zh_HK/LC_MESSAGES/gnome-shell-extensions.mo to /pkgs/gnome-shell-extensions/usr/share/locale/zh_HK/LC_MESSAGES
Installing po/zh_TW/LC_MESSAGES/gnome-shell-extensions.mo to /pkgs/gnome-shell-extensions/usr/share/locale/zh_TW/LC_MESSAGES
Installing /blfs/builds/gnome-shell-extensions-48.2/extensions/apps-menu/extension.js to /pkgs/gnome-shell-extensions/usr/share/gnome-shell/extensions/apps-menu@gnome-shell-extensions.gcampax.github.com
Installing /blfs/builds/gnome-shell-extensions-48.2/build/extensions/apps-menu/metadata.json to /pkgs/gnome-shell-extensions/usr/share/gnome-shell/extensions/apps-menu@gnome-shell-extensions.gcampax.github.com
Installing /blfs/builds/gnome-shell-extensions-48.2/extensions/apps-menu/stylesheet.css to /pkgs/gnome-shell-extensions/usr/share/gnome-shell/extensions/apps-menu@gnome-shell-extensions.gcampax.github.com
Installing /blfs/builds/gnome-shell-extensions-48.2/extensions/places-menu/extension.js to /pkgs/gnome-shell-extensions/usr/share/gnome-shell/extensions/places-menu@gnome-shell-extensions.gcampax.github.com
Installing /blfs/builds/gnome-shell-extensions-48.2/extensions/places-menu/placeDisplay.js to /pkgs/gnome-shell-extensions/usr/share/gnome-shell/extensions/places-menu@gnome-shell-extensions.gcampax.github.com
Installing /blfs/builds/gnome-shell-extensions-48.2/build/extensions/places-menu/metadata.json to /pkgs/gnome-shell-extensions/usr/share/gnome-shell/extensions/places-menu@gnome-shell-extensions.gcampax.github.com
Installing /blfs/builds/gnome-shell-extensions-48.2/extensions/places-menu/stylesheet.css to /pkgs/gnome-shell-extensions/usr/share/gnome-shell/extensions/places-menu@gnome-shell-extensions.gcampax.github.com
Installing /blfs/builds/gnome-shell-extensions-48.2/extensions/launch-new-instance/extension.js to /pkgs/gnome-shell-extensions/usr/share/gnome-shell/extensions/launch-new-instance@gnome-shell-extensions.gcampax.github.com
Installing /blfs/builds/gnome-shell-extensions-48.2/build/extensions/launch-new-instance/metadata.json to /pkgs/gnome-shell-extensions/usr/share/gnome-shell/extensions/launch-new-instance@gnome-shell-extensions.gcampax.github.com
Installing /blfs/builds/gnome-shell-extensions-48.2/extensions/window-list/extension.js to /pkgs/gnome-shell-extensions/usr/share/gnome-shell/extensions/window-list@gnome-shell-extensions.gcampax.github.com
Installing /blfs/builds/gnome-shell-extensions-48.2/extensions/window-list/prefs.js to /pkgs/gnome-shell-extensions/usr/share/gnome-shell/extensions/window-list@gnome-shell-extensions.gcampax.github.com
Installing /blfs/builds/gnome-shell-extensions-48.2/build/extensions/window-list/workspaceIndicator.js to /pkgs/gnome-shell-extensions/usr/share/gnome-shell/extensions/window-list@gnome-shell-extensions.gcampax.github.com
Installing /blfs/builds/gnome-shell-extensions-48.2/build/extensions/window-list/stylesheet-workspace-switcher-dark.css to /pkgs/gnome-shell-extensions/usr/share/gnome-shell/extensions/window-list@gnome-shell-extensions.gcampax.github.com
Installing /blfs/builds/gnome-shell-extensions-48.2/build/extensions/window-list/stylesheet-workspace-switcher-light.css to /pkgs/gnome-shell-extensions/usr/share/gnome-shell/extensions/window-list@gnome-shell-extensions.gcampax.github.com
Installing /blfs/builds/gnome-shell-extensions-48.2/extensions/window-list/../workspace-indicator/workspacePrefs.js to /pkgs/gnome-shell-extensions/usr/share/gnome-shell/extensions/window-list@gnome-shell-extensions.gcampax.github.com
Installing /blfs/builds/gnome-shell-extensions-48.2/build/extensions/window-list/metadata.json to /pkgs/gnome-shell-extensions/usr/share/gnome-shell/extensions/window-list@gnome-shell-extensions.gcampax.github.com
Installing /blfs/builds/gnome-shell-extensions-48.2/extensions/window-list/stylesheet-dark.css to /pkgs/gnome-shell-extensions/usr/share/gnome-shell/extensions/window-list@gnome-shell-extensions.gcampax.github.com
Installing /blfs/builds/gnome-shell-extensions-48.2/extensions/window-list/stylesheet-light.css to /pkgs/gnome-shell-extensions/usr/share/gnome-shell/extensions/window-list@gnome-shell-extensions.gcampax.github.com
Installing /blfs/builds/gnome-shell-extensions-48.2/extensions/drive-menu/extension.js to /pkgs/gnome-shell-extensions/usr/share/gnome-shell/extensions/drive-menu@gnome-shell-extensions.gcampax.github.com
Installing /blfs/builds/gnome-shell-extensions-48.2/build/extensions/drive-menu/metadata.json to /pkgs/gnome-shell-extensions/usr/share/gnome-shell/extensions/drive-menu@gnome-shell-extensions.gcampax.github.com
Installing /blfs/builds/gnome-shell-extensions-48.2/extensions/drive-menu/stylesheet.css to /pkgs/gnome-shell-extensions/usr/share/gnome-shell/extensions/drive-menu@gnome-shell-extensions.gcampax.github.com
Installing /blfs/builds/gnome-shell-extensions-48.2/extensions/light-style/extension.js to /pkgs/gnome-shell-extensions/usr/share/gnome-shell/extensions/light-style@gnome-shell-extensions.gcampax.github.com
Installing /blfs/builds/gnome-shell-extensions-48.2/build/extensions/light-style/metadata.json to /pkgs/gnome-shell-extensions/usr/share/gnome-shell/extensions/light-style@gnome-shell-extensions.gcampax.github.com
Installing /blfs/builds/gnome-shell-extensions-48.2/extensions/screenshot-window-sizer/extension.js to /pkgs/gnome-shell-extensions/usr/share/gnome-shell/extensions/screenshot-window-sizer@gnome-shell-extensions.gcampax.github.com
Installing /blfs/builds/gnome-shell-extensions-48.2/build/extensions/screenshot-window-sizer/metadata.json to /pkgs/gnome-shell-extensions/usr/share/gnome-shell/extensions/screenshot-window-sizer@gnome-shell-extensions.gcampax.github.com
Installing /blfs/builds/gnome-shell-extensions-48.2/extensions/screenshot-window-sizer/stylesheet.css to /pkgs/gnome-shell-extensions/usr/share/gnome-shell/extensions/screenshot-window-sizer@gnome-shell-extensions.gcampax.github.com
Installing /blfs/builds/gnome-shell-extensions-48.2/extensions/status-icons/extension.js to /pkgs/gnome-shell-extensions/usr/share/gnome-shell/extensions/status-icons@gnome-shell-extensions.gcampax.github.com
Installing /blfs/builds/gnome-shell-extensions-48.2/build/extensions/status-icons/metadata.json to /pkgs/gnome-shell-extensions/usr/share/gnome-shell/extensions/status-icons@gnome-shell-extensions.gcampax.github.com
Installing /blfs/builds/gnome-shell-extensions-48.2/extensions/system-monitor/extension.js to /pkgs/gnome-shell-extensions/usr/share/gnome-shell/extensions/system-monitor@gnome-shell-extensions.gcampax.github.com
Installing /blfs/builds/gnome-shell-extensions-48.2/build/extensions/system-monitor/metadata.json to /pkgs/gnome-shell-extensions/usr/share/gnome-shell/extensions/system-monitor@gnome-shell-extensions.gcampax.github.com
Installing /blfs/builds/gnome-shell-extensions-48.2/extensions/system-monitor/stylesheet.css to /pkgs/gnome-shell-extensions/usr/share/gnome-shell/extensions/system-monitor@gnome-shell-extensions.gcampax.github.com
Installing /blfs/builds/gnome-shell-extensions-48.2/extensions/windowsNavigator/extension.js to /pkgs/gnome-shell-extensions/usr/share/gnome-shell/extensions/windowsNavigator@gnome-shell-extensions.gcampax.github.com
Installing /blfs/builds/gnome-shell-extensions-48.2/build/extensions/windowsNavigator/metadata.json to /pkgs/gnome-shell-extensions/usr/share/gnome-shell/extensions/windowsNavigator@gnome-shell-extensions.gcampax.github.com
Installing /blfs/builds/gnome-shell-extensions-48.2/extensions/windowsNavigator/stylesheet.css to /pkgs/gnome-shell-extensions/usr/share/gnome-shell/extensions/windowsNavigator@gnome-shell-extensions.gcampax.github.com
Installing /blfs/builds/gnome-shell-extensions-48.2/extensions/workspace-indicator/extension.js to /pkgs/gnome-shell-extensions/usr/share/gnome-shell/extensions/workspace-indicator@gnome-shell-extensions.gcampax.github.com
Installing /blfs/builds/gnome-shell-extensions-48.2/extensions/workspace-indicator/prefs.js to /pkgs/gnome-shell-extensions/usr/share/gnome-shell/extensions/workspace-indicator@gnome-shell-extensions.gcampax.github.com
Installing /blfs/builds/gnome-shell-extensions-48.2/extensions/workspace-indicator/workspaceIndicator.js to /pkgs/gnome-shell-extensions/usr/share/gnome-shell/extensions/workspace-indicator@gnome-shell-extensions.gcampax.github.com
Installing /blfs/builds/gnome-shell-extensions-48.2/extensions/workspace-indicator/workspacePrefs.js to /pkgs/gnome-shell-extensions/usr/share/gnome-shell/extensions/workspace-indicator@gnome-shell-extensions.gcampax.github.com
Installing /blfs/builds/gnome-shell-extensions-48.2/build/extensions/workspace-indicator/metadata.json to /pkgs/gnome-shell-extensions/usr/share/gnome-shell/extensions/workspace-indicator@gnome-shell-extensions.gcampax.github.com
Installing /blfs/builds/gnome-shell-extensions-48.2/extensions/workspace-indicator/stylesheet-dark.css to /pkgs/gnome-shell-extensions/usr/share/gnome-shell/extensions/workspace-indicator@gnome-shell-extensions.gcampax.github.com
Installing /blfs/builds/gnome-shell-extensions-48.2/extensions/workspace-indicator/stylesheet-light.css to /pkgs/gnome-shell-extensions/usr/share/gnome-shell/extensions/workspace-indicator@gnome-shell-extensions.gcampax.github.com
Installing /blfs/builds/gnome-shell-extensions-48.2/extensions/apps-menu/org.gnome.shell.extensions.apps-menu.gschema.xml to /pkgs/gnome-shell-extensions/usr/share/glib-2.0/schemas
Installing /blfs/builds/gnome-shell-extensions-48.2/extensions/window-list/org.gnome.shell.extensions.window-list.gschema.xml to /pkgs/gnome-shell-extensions/usr/share/glib-2.0/schemas
Installing /blfs/builds/gnome-shell-extensions-48.2/extensions/screenshot-window-sizer/org.gnome.shell.extensions.screenshot-window-sizer.gschema.xml to /pkgs/gnome-shell-extensions/usr/share/glib-2.0/schemas
Installing /blfs/builds/gnome-shell-extensions-48.2/extensions/system-monitor/schemas/org.gnome.shell.extensions.system-monitor.gschema.xml to /pkgs/gnome-shell-extensions/usr/share/glib-2.0/schemas
Installing /blfs/builds/gnome-shell-extensions-48.2/extensions/workspace-indicator/schemas/org.gnome.shell.extensions.workspace-indicator.gschema.xml to /pkgs/gnome-shell-extensions/usr/share/glib-2.0/schemas
Skipping custom install script because DESTDIR is set '/usr/bin/glib-compile-schemas /usr/share/glib-2.0/schemas'
gnome-shell-extensions/
gnome-shell-extensions/usr/
gnome-shell-extensions/usr/share/
gnome-shell-extensions/usr/share/glib-2.0/
gnome-shell-extensions/usr/share/glib-2.0/schemas/
gnome-shell-extensions/usr/share/glib-2.0/schemas/org.gnome.shell.extensions.system-monitor.gschema.xml
gnome-shell-extensions/usr/share/glib-2.0/schemas/org.gnome.shell.extensions.screenshot-window-sizer.gschema.xml
gnome-shell-extensions/usr/share/glib-2.0/schemas/org.gnome.shell.extensions.workspace-indicator.gschema.xml
gnome-shell-extensions/usr/share/glib-2.0/schemas/org.gnome.shell.extensions.window-list.gschema.xml
gnome-shell-extensions/usr/share/glib-2.0/schemas/org.gnome.shell.extensions.apps-menu.gschema.xml
gnome-shell-extensions/usr/share/gnome-shell/
gnome-shell-extensions/usr/share/gnome-shell/extensions/
gnome-shell-extensions/usr/share/gnome-shell/extensions/status-icons@gnome-shell-extensions.gcampax.github.com/
gnome-shell-extensions/usr/share/gnome-shell/extensions/status-icons@gnome-shell-extensions.gcampax.github.com/extension.js
gnome-shell-extensions/usr/share/gnome-shell/extensions/status-icons@gnome-shell-extensions.gcampax.github.com/metadata.json
gnome-shell-extensions/usr/share/gnome-shell/extensions/launch-new-instance@gnome-shell-extensions.gcampax.github.com/
gnome-shell-extensions/usr/share/gnome-shell/extensions/launch-new-instance@gnome-shell-extensions.gcampax.github.com/extension.js
gnome-shell-extensions/usr/share/gnome-shell/extensions/launch-new-instance@gnome-shell-extensions.gcampax.github.com/metadata.json
gnome-shell-extensions/usr/share/gnome-shell/extensions/drive-menu@gnome-shell-extensions.gcampax.github.com/
gnome-shell-extensions/usr/share/gnome-shell/extensions/drive-menu@gnome-shell-extensions.gcampax.github.com/extension.js
gnome-shell-extensions/usr/share/gnome-shell/extensions/drive-menu@gnome-shell-extensions.gcampax.github.com/stylesheet.css
gnome-shell-extensions/usr/share/gnome-shell/extensions/drive-menu@gnome-shell-extensions.gcampax.github.com/metadata.json
gnome-shell-extensions/usr/share/gnome-shell/extensions/workspace-indicator@gnome-shell-extensions.gcampax.github.com/
gnome-shell-extensions/usr/share/gnome-shell/extensions/workspace-indicator@gnome-shell-extensions.gcampax.github.com/stylesheet-dark.css
gnome-shell-extensions/usr/share/gnome-shell/extensions/workspace-indicator@gnome-shell-extensions.gcampax.github.com/workspacePrefs.js
gnome-shell-extensions/usr/share/gnome-shell/extensions/workspace-indicator@gnome-shell-extensions.gcampax.github.com/extension.js
gnome-shell-extensions/usr/share/gnome-shell/extensions/workspace-indicator@gnome-shell-extensions.gcampax.github.com/workspaceIndicator.js
gnome-shell-extensions/usr/share/gnome-shell/extensions/workspace-indicator@gnome-shell-extensions.gcampax.github.com/prefs.js
gnome-shell-extensions/usr/share/gnome-shell/extensions/workspace-indicator@gnome-shell-extensions.gcampax.github.com/stylesheet-light.css
gnome-shell-extensions/usr/share/gnome-shell/extensions/workspace-indicator@gnome-shell-extensions.gcampax.github.com/metadata.json
gnome-shell-extensions/usr/share/gnome-shell/extensions/window-list@gnome-shell-extensions.gcampax.github.com/
gnome-shell-extensions/usr/share/gnome-shell/extensions/window-list@gnome-shell-extensions.gcampax.github.com/stylesheet-workspace-switcher-light.css
gnome-shell-extensions/usr/share/gnome-shell/extensions/window-list@gnome-shell-extensions.gcampax.github.com/stylesheet-dark.css
gnome-shell-extensions/usr/share/gnome-shell/extensions/window-list@gnome-shell-extensions.gcampax.github.com/workspacePrefs.js
gnome-shell-extensions/usr/share/gnome-shell/extensions/window-list@gnome-shell-extensions.gcampax.github.com/extension.js
gnome-shell-extensions/usr/share/gnome-shell/extensions/window-list@gnome-shell-extensions.gcampax.github.com/workspaceIndicator.js
gnome-shell-extensions/usr/share/gnome-shell/extensions/window-list@gnome-shell-extensions.gcampax.github.com/prefs.js
gnome-shell-extensions/usr/share/gnome-shell/extensions/window-list@gnome-shell-extensions.gcampax.github.com/stylesheet-workspace-switcher-dark.css
gnome-shell-extensions/usr/share/gnome-shell/extensions/window-list@gnome-shell-extensions.gcampax.github.com/stylesheet-light.css
gnome-shell-extensions/usr/share/gnome-shell/extensions/window-list@gnome-shell-extensions.gcampax.github.com/metadata.json
gnome-shell-extensions/usr/share/gnome-shell/extensions/apps-menu@gnome-shell-extensions.gcampax.github.com/
gnome-shell-extensions/usr/share/gnome-shell/extensions/apps-menu@gnome-shell-extensions.gcampax.github.com/extension.js
gnome-shell-extensions/usr/share/gnome-shell/extensions/apps-menu@gnome-shell-extensions.gcampax.github.com/stylesheet.css
gnome-shell-extensions/usr/share/gnome-shell/extensions/apps-menu@gnome-shell-extensions.gcampax.github.com/metadata.json
gnome-shell-extensions/usr/share/gnome-shell/extensions/system-monitor@gnome-shell-extensions.gcampax.github.com/
gnome-shell-extensions/usr/share/gnome-shell/extensions/system-monitor@gnome-shell-extensions.gcampax.github.com/extension.js
gnome-shell-extensions/usr/share/gnome-shell/extensions/system-monitor@gnome-shell-extensions.gcampax.github.com/stylesheet.css
gnome-shell-extensions/usr/share/gnome-shell/extensions/system-monitor@gnome-shell-extensions.gcampax.github.com/icons/
gnome-shell-extensions/usr/share/gnome-shell/extensions/system-monitor@gnome-shell-extensions.gcampax.github.com/icons/processor-symbolic.svg.license
gnome-shell-extensions/usr/share/gnome-shell/extensions/system-monitor@gnome-shell-extensions.gcampax.github.com/icons/download-symbolic.svg.license
gnome-shell-extensions/usr/share/gnome-shell/extensions/system-monitor@gnome-shell-extensions.gcampax.github.com/icons/swap-symbolic.svg
gnome-shell-extensions/usr/share/gnome-shell/extensions/system-monitor@gnome-shell-extensions.gcampax.github.com/icons/upload-symbolic.svg.license
gnome-shell-extensions/usr/share/gnome-shell/extensions/system-monitor@gnome-shell-extensions.gcampax.github.com/icons/download-symbolic.svg
gnome-shell-extensions/usr/share/gnome-shell/extensions/system-monitor@gnome-shell-extensions.gcampax.github.com/icons/processor-symbolic.svg
gnome-shell-extensions/usr/share/gnome-shell/extensions/system-monitor@gnome-shell-extensions.gcampax.github.com/icons/upload-symbolic.svg
gnome-shell-extensions/usr/share/gnome-shell/extensions/system-monitor@gnome-shell-extensions.gcampax.github.com/icons/memory-symbolic.svg.license
gnome-shell-extensions/usr/share/gnome-shell/extensions/system-monitor@gnome-shell-extensions.gcampax.github.com/icons/swap-symbolic.svg.license
gnome-shell-extensions/usr/share/gnome-shell/extensions/system-monitor@gnome-shell-extensions.gcampax.github.com/icons/memory-symbolic.svg
gnome-shell-extensions/usr/share/gnome-shell/extensions/system-monitor@gnome-shell-extensions.gcampax.github.com/metadata.json
gnome-shell-extensions/usr/share/gnome-shell/extensions/screenshot-window-sizer@gnome-shell-extensions.gcampax.github.com/
gnome-shell-extensions/usr/share/gnome-shell/extensions/screenshot-window-sizer@gnome-shell-extensions.gcampax.github.com/extension.js
gnome-shell-extensions/usr/share/gnome-shell/extensions/screenshot-window-sizer@gnome-shell-extensions.gcampax.github.com/stylesheet.css
gnome-shell-extensions/usr/share/gnome-shell/extensions/screenshot-window-sizer@gnome-shell-extensions.gcampax.github.com/metadata.json
gnome-shell-extensions/usr/share/gnome-shell/extensions/places-menu@gnome-shell-extensions.gcampax.github.com/
gnome-shell-extensions/usr/share/gnome-shell/extensions/places-menu@gnome-shell-extensions.gcampax.github.com/extension.js
gnome-shell-extensions/usr/share/gnome-shell/extensions/places-menu@gnome-shell-extensions.gcampax.github.com/stylesheet.css
gnome-shell-extensions/usr/share/gnome-shell/extensions/places-menu@gnome-shell-extensions.gcampax.github.com/placeDisplay.js
gnome-shell-extensions/usr/share/gnome-shell/extensions/places-menu@gnome-shell-extensions.gcampax.github.com/metadata.json
gnome-shell-extensions/usr/share/gnome-shell/extensions/light-style@gnome-shell-extensions.gcampax.github.com/
gnome-shell-extensions/usr/share/gnome-shell/extensions/light-style@gnome-shell-extensions.gcampax.github.com/extension.js
gnome-shell-extensions/usr/share/gnome-shell/extensions/light-style@gnome-shell-extensions.gcampax.github.com/metadata.json
gnome-shell-extensions/usr/share/gnome-shell/extensions/windowsNavigator@gnome-shell-extensions.gcampax.github.com/
gnome-shell-extensions/usr/share/gnome-shell/extensions/windowsNavigator@gnome-shell-extensions.gcampax.github.com/extension.js
gnome-shell-extensions/usr/share/gnome-shell/extensions/windowsNavigator@gnome-shell-extensions.gcampax.github.com/stylesheet.css
gnome-shell-extensions/usr/share/gnome-shell/extensions/windowsNavigator@gnome-shell-extensions.gcampax.github.com/metadata.json
gnome-shell-extensions/usr/share/locale/
gnome-shell-extensions/usr/share/locale/zh_HK/
gnome-shell-extensions/usr/share/locale/zh_HK/LC_MESSAGES/
gnome-shell-extensions/usr/share/locale/zh_HK/LC_MESSAGES/gnome-shell-extensions.mo
gnome-shell-extensions/usr/share/locale/be/
gnome-shell-extensions/usr/share/locale/be/LC_MESSAGES/
gnome-shell-extensions/usr/share/locale/be/LC_MESSAGES/gnome-shell-extensions.mo
gnome-shell-extensions/usr/share/locale/af/
gnome-shell-extensions/usr/share/locale/af/LC_MESSAGES/
gnome-shell-extensions/usr/share/locale/af/LC_MESSAGES/gnome-shell-extensions.mo
gnome-shell-extensions/usr/share/locale/ca/
gnome-shell-extensions/usr/share/locale/ca/LC_MESSAGES/
gnome-shell-extensions/usr/share/locale/ca/LC_MESSAGES/gnome-shell-extensions.mo
gnome-shell-extensions/usr/share/locale/eu/
gnome-shell-extensions/usr/share/locale/eu/LC_MESSAGES/
gnome-shell-extensions/usr/share/locale/eu/LC_MESSAGES/gnome-shell-extensions.mo
gnome-shell-extensions/usr/share/locale/en_GB/
gnome-shell-extensions/usr/share/locale/en_GB/LC_MESSAGES/
gnome-shell-extensions/usr/share/locale/en_GB/LC_MESSAGES/gnome-shell-extensions.mo
gnome-shell-extensions/usr/share/locale/uk/
gnome-shell-extensions/usr/share/locale/uk/LC_MESSAGES/
gnome-shell-extensions/usr/share/locale/uk/LC_MESSAGES/gnome-shell-extensions.mo
gnome-shell-extensions/usr/share/locale/it/
gnome-shell-extensions/usr/share/locale/it/LC_MESSAGES/
gnome-shell-extensions/usr/share/locale/it/LC_MESSAGES/gnome-shell-extensions.mo
gnome-shell-extensions/usr/share/locale/he/
gnome-shell-extensions/usr/share/locale/he/LC_MESSAGES/
gnome-shell-extensions/usr/share/locale/he/LC_MESSAGES/gnome-shell-extensions.mo
gnome-shell-extensions/usr/share/locale/de/
gnome-shell-extensions/usr/share/locale/de/LC_MESSAGES/
gnome-shell-extensions/usr/share/locale/de/LC_MESSAGES/gnome-shell-extensions.mo
gnome-shell-extensions/usr/share/locale/pt/
gnome-shell-extensions/usr/share/locale/pt/LC_MESSAGES/
gnome-shell-extensions/usr/share/locale/pt/LC_MESSAGES/gnome-shell-extensions.mo
gnome-shell-extensions/usr/share/locale/kk/
gnome-shell-extensions/usr/share/locale/kk/LC_MESSAGES/
gnome-shell-extensions/usr/share/locale/kk/LC_MESSAGES/gnome-shell-extensions.mo
gnome-shell-extensions/usr/share/locale/es/
gnome-shell-extensions/usr/share/locale/es/LC_MESSAGES/
gnome-shell-extensions/usr/share/locale/es/LC_MESSAGES/gnome-shell-extensions.mo
gnome-shell-extensions/usr/share/locale/vi/
gnome-shell-extensions/usr/share/locale/vi/LC_MESSAGES/
gnome-shell-extensions/usr/share/locale/vi/LC_MESSAGES/gnome-shell-extensions.mo
gnome-shell-extensions/usr/share/locale/fur/
gnome-shell-extensions/usr/share/locale/fur/LC_MESSAGES/
gnome-shell-extensions/usr/share/locale/fur/LC_MESSAGES/gnome-shell-extensions.mo
gnome-shell-extensions/usr/share/locale/ne/
gnome-shell-extensions/usr/share/locale/ne/LC_MESSAGES/
gnome-shell-extensions/usr/share/locale/ne/LC_MESSAGES/gnome-shell-extensions.mo
gnome-shell-extensions/usr/share/locale/bs/
gnome-shell-extensions/usr/share/locale/bs/LC_MESSAGES/
gnome-shell-extensions/usr/share/locale/bs/LC_MESSAGES/gnome-shell-extensions.mo
gnome-shell-extensions/usr/share/locale/da/
gnome-shell-extensions/usr/share/locale/da/LC_MESSAGES/
gnome-shell-extensions/usr/share/locale/da/LC_MESSAGES/gnome-shell-extensions.mo
gnome-shell-extensions/usr/share/locale/zh_CN/
gnome-shell-extensions/usr/share/locale/zh_CN/LC_MESSAGES/
gnome-shell-extensions/usr/share/locale/zh_CN/LC_MESSAGES/gnome-shell-extensions.mo
gnome-shell-extensions/usr/share/locale/km/
gnome-shell-extensions/usr/share/locale/km/LC_MESSAGES/
gnome-shell-extensions/usr/share/locale/km/LC_MESSAGES/gnome-shell-extensions.mo
gnome-shell-extensions/usr/share/locale/ml/
gnome-shell-extensions/usr/share/locale/ml/LC_MESSAGES/
gnome-shell-extensions/usr/share/locale/ml/LC_MESSAGES/gnome-shell-extensions.mo
gnome-shell-extensions/usr/share/locale/ko/
gnome-shell-extensions/usr/share/locale/ko/LC_MESSAGES/
gnome-shell-extensions/usr/share/locale/ko/LC_MESSAGES/gnome-shell-extensions.mo
gnome-shell-extensions/usr/share/locale/pa/
gnome-shell-extensions/usr/share/locale/pa/LC_MESSAGES/
gnome-shell-extensions/usr/share/locale/pa/LC_MESSAGES/gnome-shell-extensions.mo
gnome-shell-extensions/usr/share/locale/or/
gnome-shell-extensions/usr/share/locale/or/LC_MESSAGES/
gnome-shell-extensions/usr/share/locale/or/LC_MESSAGES/gnome-shell-extensions.mo
gnome-shell-extensions/usr/share/locale/ta/
gnome-shell-extensions/usr/share/locale/ta/LC_MESSAGES/
gnome-shell-extensions/usr/share/locale/ta/LC_MESSAGES/gnome-shell-extensions.mo
gnome-shell-extensions/usr/share/locale/kab/
gnome-shell-extensions/usr/share/locale/kab/LC_MESSAGES/
gnome-shell-extensions/usr/share/locale/kab/LC_MESSAGES/gnome-shell-extensions.mo
gnome-shell-extensions/usr/share/locale/nb/
gnome-shell-extensions/usr/share/locale/nb/LC_MESSAGES/
gnome-shell-extensions/usr/share/locale/nb/LC_MESSAGES/gnome-shell-extensions.mo
gnome-shell-extensions/usr/share/locale/hr/
gnome-shell-extensions/usr/share/locale/hr/LC_MESSAGES/
gnome-shell-extensions/usr/share/locale/hr/LC_MESSAGES/gnome-shell-extensions.mo
gnome-shell-extensions/usr/share/locale/sr/
gnome-shell-extensions/usr/share/locale/sr/LC_MESSAGES/
gnome-shell-extensions/usr/share/locale/sr/LC_MESSAGES/gnome-shell-extensions.mo
gnome-shell-extensions/usr/share/locale/pt_BR/
gnome-shell-extensions/usr/share/locale/pt_BR/LC_MESSAGES/
gnome-shell-extensions/usr/share/locale/pt_BR/LC_MESSAGES/gnome-shell-extensions.mo
gnome-shell-extensions/usr/share/locale/gd/
gnome-shell-extensions/usr/share/locale/gd/LC_MESSAGES/
gnome-shell-extensions/usr/share/locale/gd/LC_MESSAGES/gnome-shell-extensions.mo
gnome-shell-extensions/usr/share/locale/tr/
gnome-shell-extensions/usr/share/locale/tr/LC_MESSAGES/
gnome-shell-extensions/usr/share/locale/tr/LC_MESSAGES/gnome-shell-extensions.mo
gnome-shell-extensions/usr/share/locale/ca@valencia/
gnome-shell-extensions/usr/share/locale/ca@valencia/LC_MESSAGES/
gnome-shell-extensions/usr/share/locale/ca@valencia/LC_MESSAGES/gnome-shell-extensions.mo
gnome-shell-extensions/usr/share/locale/fa/
gnome-shell-extensions/usr/share/locale/fa/LC_MESSAGES/
gnome-shell-extensions/usr/share/locale/fa/LC_MESSAGES/gnome-shell-extensions.mo
gnome-shell-extensions/usr/share/locale/bn_IN/
gnome-shell-extensions/usr/share/locale/bn_IN/LC_MESSAGES/
gnome-shell-extensions/usr/share/locale/bn_IN/LC_MESSAGES/gnome-shell-extensions.mo
gnome-shell-extensions/usr/share/locale/sk/
gnome-shell-extensions/usr/share/locale/sk/LC_MESSAGES/
gnome-shell-extensions/usr/share/locale/sk/LC_MESSAGES/gnome-shell-extensions.mo
gnome-shell-extensions/usr/share/locale/hi/
gnome-shell-extensions/usr/share/locale/hi/LC_MESSAGES/
gnome-shell-extensions/usr/share/locale/hi/LC_MESSAGES/gnome-shell-extensions.mo
gnome-shell-extensions/usr/share/locale/et/
gnome-shell-extensions/usr/share/locale/et/LC_MESSAGES/
gnome-shell-extensions/usr/share/locale/et/LC_MESSAGES/gnome-shell-extensions.mo
gnome-shell-extensions/usr/share/locale/ms/
gnome-shell-extensions/usr/share/locale/ms/LC_MESSAGES/
gnome-shell-extensions/usr/share/locale/ms/LC_MESSAGES/gnome-shell-extensions.mo
gnome-shell-extensions/usr/share/locale/te/
gnome-shell-extensions/usr/share/locale/te/LC_MESSAGES/
gnome-shell-extensions/usr/share/locale/te/LC_MESSAGES/gnome-shell-extensions.mo
gnome-shell-extensions/usr/share/locale/gl/
gnome-shell-extensions/usr/share/locale/gl/LC_MESSAGES/
gnome-shell-extensions/usr/share/locale/gl/LC_MESSAGES/gnome-shell-extensions.mo
gnome-shell-extensions/usr/share/locale/pl/
gnome-shell-extensions/usr/share/locale/pl/LC_MESSAGES/
gnome-shell-extensions/usr/share/locale/pl/LC_MESSAGES/gnome-shell-extensions.mo
gnome-shell-extensions/usr/share/locale/sl/
gnome-shell-extensions/usr/share/locale/sl/LC_MESSAGES/
gnome-shell-extensions/usr/share/locale/sl/LC_MESSAGES/gnome-shell-extensions.mo
gnome-shell-extensions/usr/share/locale/fi/
gnome-shell-extensions/usr/share/locale/fi/LC_MESSAGES/
gnome-shell-extensions/usr/share/locale/fi/LC_MESSAGES/gnome-shell-extensions.mo
gnome-shell-extensions/usr/share/locale/is/
gnome-shell-extensions/usr/share/locale/is/LC_MESSAGES/
gnome-shell-extensions/usr/share/locale/is/LC_MESSAGES/gnome-shell-extensions.mo
gnome-shell-extensions/usr/share/locale/ar/
gnome-shell-extensions/usr/share/locale/ar/LC_MESSAGES/
gnome-shell-extensions/usr/share/locale/ar/LC_MESSAGES/gnome-shell-extensions.mo
gnome-shell-extensions/usr/share/locale/zh_TW/
gnome-shell-extensions/usr/share/locale/zh_TW/LC_MESSAGES/
gnome-shell-extensions/usr/share/locale/zh_TW/LC_MESSAGES/gnome-shell-extensions.mo
gnome-shell-extensions/usr/share/locale/nl/
gnome-shell-extensions/usr/share/locale/nl/LC_MESSAGES/
gnome-shell-extensions/usr/share/locale/nl/LC_MESSAGES/gnome-shell-extensions.mo
gnome-shell-extensions/usr/share/locale/oc/
gnome-shell-extensions/usr/share/locale/oc/LC_MESSAGES/
gnome-shell-extensions/usr/share/locale/oc/LC_MESSAGES/gnome-shell-extensions.mo
gnome-shell-extensions/usr/share/locale/ka/
gnome-shell-extensions/usr/share/locale/ka/LC_MESSAGES/
gnome-shell-extensions/usr/share/locale/ka/LC_MESSAGES/gnome-shell-extensions.mo
gnome-shell-extensions/usr/share/locale/tg/
gnome-shell-extensions/usr/share/locale/tg/LC_MESSAGES/
gnome-shell-extensions/usr/share/locale/tg/LC_MESSAGES/gnome-shell-extensions.mo
gnome-shell-extensions/usr/share/locale/as/
gnome-shell-extensions/usr/share/locale/as/LC_MESSAGES/
gnome-shell-extensions/usr/share/locale/as/LC_MESSAGES/gnome-shell-extensions.mo
gnome-shell-extensions/usr/share/locale/fr/
gnome-shell-extensions/usr/share/locale/fr/LC_MESSAGES/
gnome-shell-extensions/usr/share/locale/fr/LC_MESSAGES/gnome-shell-extensions.mo
gnome-shell-extensions/usr/share/locale/ia/
gnome-shell-extensions/usr/share/locale/ia/LC_MESSAGES/
gnome-shell-extensions/usr/share/locale/ia/LC_MESSAGES/gnome-shell-extensions.mo
gnome-shell-extensions/usr/share/locale/sr@latin/
gnome-shell-extensions/usr/share/locale/sr@latin/LC_MESSAGES/
gnome-shell-extensions/usr/share/locale/sr@latin/LC_MESSAGES/gnome-shell-extensions.mo
gnome-shell-extensions/usr/share/locale/mr/
gnome-shell-extensions/usr/share/locale/mr/LC_MESSAGES/
gnome-shell-extensions/usr/share/locale/mr/LC_MESSAGES/gnome-shell-extensions.mo
gnome-shell-extensions/usr/share/locale/eo/
gnome-shell-extensions/usr/share/locale/eo/LC_MESSAGES/
gnome-shell-extensions/usr/share/locale/eo/LC_MESSAGES/gnome-shell-extensions.mo
gnome-shell-extensions/usr/share/locale/ro/
gnome-shell-extensions/usr/share/locale/ro/LC_MESSAGES/
gnome-shell-extensions/usr/share/locale/ro/LC_MESSAGES/gnome-shell-extensions.mo
gnome-shell-extensions/usr/share/locale/lt/
gnome-shell-extensions/usr/share/locale/lt/LC_MESSAGES/
gnome-shell-extensions/usr/share/locale/lt/LC_MESSAGES/gnome-shell-extensions.mo
gnome-shell-extensions/usr/share/locale/cs/
gnome-shell-extensions/usr/share/locale/cs/LC_MESSAGES/
gnome-shell-extensions/usr/share/locale/cs/LC_MESSAGES/gnome-shell-extensions.mo
gnome-shell-extensions/usr/share/locale/mjw/
gnome-shell-extensions/usr/share/locale/mjw/LC_MESSAGES/
gnome-shell-extensions/usr/share/locale/mjw/LC_MESSAGES/gnome-shell-extensions.mo
gnome-shell-extensions/usr/share/locale/sv/
gnome-shell-extensions/usr/share/locale/sv/LC_MESSAGES/
gnome-shell-extensions/usr/share/locale/sv/LC_MESSAGES/gnome-shell-extensions.mo
gnome-shell-extensions/usr/share/locale/gu/
gnome-shell-extensions/usr/share/locale/gu/LC_MESSAGES/
gnome-shell-extensions/usr/share/locale/gu/LC_MESSAGES/gnome-shell-extensions.mo
gnome-shell-extensions/usr/share/locale/el/
gnome-shell-extensions/usr/share/locale/el/LC_MESSAGES/
gnome-shell-extensions/usr/share/locale/el/LC_MESSAGES/gnome-shell-extensions.mo
gnome-shell-extensions/usr/share/locale/ja/
gnome-shell-extensions/usr/share/locale/ja/LC_MESSAGES/
gnome-shell-extensions/usr/share/locale/ja/LC_MESSAGES/gnome-shell-extensions.mo
gnome-shell-extensions/usr/share/locale/id/
gnome-shell-extensions/usr/share/locale/id/LC_MESSAGES/
gnome-shell-extensions/usr/share/locale/id/LC_MESSAGES/gnome-shell-extensions.mo
gnome-shell-extensions/usr/share/locale/hu/
gnome-shell-extensions/usr/share/locale/hu/LC_MESSAGES/
gnome-shell-extensions/usr/share/locale/hu/LC_MESSAGES/gnome-shell-extensions.mo
gnome-shell-extensions/usr/share/locale/an/
gnome-shell-extensions/usr/share/locale/an/LC_MESSAGES/
gnome-shell-extensions/usr/share/locale/an/LC_MESSAGES/gnome-shell-extensions.mo
gnome-shell-extensions/usr/share/locale/bg/
gnome-shell-extensions/usr/share/locale/bg/LC_MESSAGES/
gnome-shell-extensions/usr/share/locale/bg/LC_MESSAGES/gnome-shell-extensions.mo
gnome-shell-extensions/usr/share/locale/ru/
gnome-shell-extensions/usr/share/locale/ru/LC_MESSAGES/
gnome-shell-extensions/usr/share/locale/ru/LC_MESSAGES/gnome-shell-extensions.mo
gnome-shell-extensions/usr/share/locale/lv/
gnome-shell-extensions/usr/share/locale/lv/LC_MESSAGES/
gnome-shell-extensions/usr/share/locale/lv/LC_MESSAGES/gnome-shell-extensions.mo
gnome-shell-extensions/usr/share/locale/kn/
gnome-shell-extensions/usr/share/locale/kn/LC_MESSAGES/
gnome-shell-extensions/usr/share/locale/kn/LC_MESSAGES/gnome-shell-extensions.mo
gnome-shell-extensions/usr/share/locale/ab/
gnome-shell-extensions/usr/share/locale/ab/LC_MESSAGES/
gnome-shell-extensions/usr/share/locale/ab/LC_MESSAGES/gnome-shell-extensions.mo
gnome-shell-extensions/usr/share/locale/th/
gnome-shell-extensions/usr/share/locale/th/LC_MESSAGES/
gnome-shell-extensions/usr/share/locale/th/LC_MESSAGES/gnome-shell-extensions.mo
gnome-shell-extensions/version
gnome-shell-extensions/depends
