--2025-06-19 18:11:39--  https://github.com/ninja-build/ninja/archive/v1.13.0/ninja-1.13.0.tar.gz
Resolving github.com (github.com)... 140.82.114.3
Connecting to github.com (github.com)|140.82.114.3|:443... connected.
HTTP request sent, awaiting response... 302 Found
Location: https://codeload.github.com/ninja-build/ninja/tar.gz/refs/tags/v1.13.0 [following]
--2025-06-19 18:11:39--  https://codeload.github.com/ninja-build/ninja/tar.gz/refs/tags/v1.13.0
Resolving codeload.github.com (codeload.github.com)... 140.82.114.10
Connecting to codeload.github.com (codeload.github.com)|140.82.114.10|:443... connected.
HTTP request sent, awaiting response... 200 OK
Length: 291328 (284K) [application/x-gzip]
Saving to: ‘ninja-1.13.0.tar.gz’

     0K .......... .......... .......... .......... .......... 17% 2.18M 0s
    50K .......... .......... .......... .......... .......... 35% 4.07M 0s
   100K .......... .......... .......... .......... .......... 52%  111M 0s
   150K .......... .......... .......... .......... .......... 70% 95.4M 0s
   200K .......... .......... .......... .......... .......... 87% 4.25M 0s
   250K .......... .......... .......... ....                 100%  116M=0.05s

2025-06-19 18:11:39 (5.90 MB/s) - ‘ninja-1.13.0.tar.gz’ saved [291328/291328]

ninja-1.13.0/
ninja-1.13.0/.clang-format
ninja-1.13.0/.clang-tidy
ninja-1.13.0/.editorconfig
ninja-1.13.0/.github/
ninja-1.13.0/.github/dependabot.yml
ninja-1.13.0/.github/workflows/
ninja-1.13.0/.github/workflows/linux-musl.yml
ninja-1.13.0/.github/workflows/linux.yml
ninja-1.13.0/.github/workflows/macos.yml
ninja-1.13.0/.github/workflows/windows.yml
ninja-1.13.0/.gitignore
ninja-1.13.0/CMakeLists.txt
ninja-1.13.0/CONTRIBUTING.md
ninja-1.13.0/COPYING
ninja-1.13.0/README.md
ninja-1.13.0/RELEASING.md
ninja-1.13.0/appveyor.yml
ninja-1.13.0/configure.py
ninja-1.13.0/doc/
ninja-1.13.0/doc/README.md
ninja-1.13.0/doc/dblatex.xsl
ninja-1.13.0/doc/docbook.xsl
ninja-1.13.0/doc/doxygen.config
ninja-1.13.0/doc/manual.asciidoc
ninja-1.13.0/doc/style.css
ninja-1.13.0/misc/
ninja-1.13.0/misc/afl-fuzz-tokens/
ninja-1.13.0/misc/afl-fuzz-tokens/kw_build
ninja-1.13.0/misc/afl-fuzz-tokens/kw_default
ninja-1.13.0/misc/afl-fuzz-tokens/kw_include
ninja-1.13.0/misc/afl-fuzz-tokens/kw_pool
ninja-1.13.0/misc/afl-fuzz-tokens/kw_rule
ninja-1.13.0/misc/afl-fuzz-tokens/kw_subninja
ninja-1.13.0/misc/afl-fuzz-tokens/misc_a
ninja-1.13.0/misc/afl-fuzz-tokens/misc_b
ninja-1.13.0/misc/afl-fuzz-tokens/misc_colon
ninja-1.13.0/misc/afl-fuzz-tokens/misc_cont
ninja-1.13.0/misc/afl-fuzz-tokens/misc_dollar
ninja-1.13.0/misc/afl-fuzz-tokens/misc_eq
ninja-1.13.0/misc/afl-fuzz-tokens/misc_indent
ninja-1.13.0/misc/afl-fuzz-tokens/misc_pipe
ninja-1.13.0/misc/afl-fuzz-tokens/misc_pipepipe
ninja-1.13.0/misc/afl-fuzz-tokens/misc_space
ninja-1.13.0/misc/afl-fuzz/
ninja-1.13.0/misc/afl-fuzz/build.ninja
ninja-1.13.0/misc/bash-completion
ninja-1.13.0/misc/ci.py
ninja-1.13.0/misc/inherited-fds.ninja
ninja-1.13.0/misc/jobserver_pool.py
ninja-1.13.0/misc/jobserver_pool_test.py
ninja-1.13.0/misc/jobserver_test.py
ninja-1.13.0/misc/jobserver_test_helper.py
ninja-1.13.0/misc/long-slow-build.ninja
ninja-1.13.0/misc/manifest_fuzzer.cc
ninja-1.13.0/misc/measure.py
ninja-1.13.0/misc/ninja.vim
ninja-1.13.0/misc/ninja_syntax.py
ninja-1.13.0/misc/ninja_syntax_test.py
ninja-1.13.0/misc/oss-fuzz/
ninja-1.13.0/misc/oss-fuzz/build.sh
ninja-1.13.0/misc/oss-fuzz/sample_ninja_build
ninja-1.13.0/misc/output_test.py
ninja-1.13.0/misc/packaging/
ninja-1.13.0/misc/packaging/ninja.spec
ninja-1.13.0/misc/packaging/rpmbuild.sh
ninja-1.13.0/misc/write_fake_manifests.py
ninja-1.13.0/misc/zsh-completion
ninja-1.13.0/src/
ninja-1.13.0/src/browse.cc
ninja-1.13.0/src/browse.h
ninja-1.13.0/src/browse.py
ninja-1.13.0/src/build.cc
ninja-1.13.0/src/build.h
ninja-1.13.0/src/build_log.cc
ninja-1.13.0/src/build_log.h
ninja-1.13.0/src/build_log_perftest.cc
ninja-1.13.0/src/build_log_test.cc
ninja-1.13.0/src/build_test.cc
ninja-1.13.0/src/canon_perftest.cc
ninja-1.13.0/src/clean.cc
ninja-1.13.0/src/clean.h
ninja-1.13.0/src/clean_test.cc
ninja-1.13.0/src/clparser.cc
ninja-1.13.0/src/clparser.h
ninja-1.13.0/src/clparser_perftest.cc
ninja-1.13.0/src/clparser_test.cc
ninja-1.13.0/src/command_collector.h
ninja-1.13.0/src/debug_flags.cc
ninja-1.13.0/src/debug_flags.h
ninja-1.13.0/src/depfile_parser.cc
ninja-1.13.0/src/depfile_parser.h
ninja-1.13.0/src/depfile_parser.in.cc
ninja-1.13.0/src/depfile_parser_perftest.cc
ninja-1.13.0/src/depfile_parser_test.cc
ninja-1.13.0/src/deps_log.cc
ninja-1.13.0/src/deps_log.h
ninja-1.13.0/src/deps_log_test.cc
ninja-1.13.0/src/disk_interface.cc
ninja-1.13.0/src/disk_interface.h
ninja-1.13.0/src/disk_interface_test.cc
ninja-1.13.0/src/dyndep.cc
ninja-1.13.0/src/dyndep.h
ninja-1.13.0/src/dyndep_parser.cc
ninja-1.13.0/src/dyndep_parser.h
ninja-1.13.0/src/dyndep_parser_test.cc
ninja-1.13.0/src/edit_distance.cc
ninja-1.13.0/src/edit_distance.h
ninja-1.13.0/src/edit_distance_test.cc
ninja-1.13.0/src/elide_middle.cc
ninja-1.13.0/src/elide_middle.h
ninja-1.13.0/src/elide_middle_perftest.cc
ninja-1.13.0/src/elide_middle_test.cc
ninja-1.13.0/src/eval_env.cc
ninja-1.13.0/src/eval_env.h
ninja-1.13.0/src/exit_status.h
ninja-1.13.0/src/explanations.h
ninja-1.13.0/src/explanations_test.cc
ninja-1.13.0/src/gen_doxygen_mainpage.sh
ninja-1.13.0/src/getopt.c
ninja-1.13.0/src/getopt.h
ninja-1.13.0/src/graph.cc
ninja-1.13.0/src/graph.h
ninja-1.13.0/src/graph_test.cc
ninja-1.13.0/src/graphviz.cc
ninja-1.13.0/src/graphviz.h
ninja-1.13.0/src/hash_collision_bench.cc
ninja-1.13.0/src/hash_map.h
ninja-1.13.0/src/includes_normalize-win32.cc
ninja-1.13.0/src/includes_normalize.h
ninja-1.13.0/src/includes_normalize_test.cc
ninja-1.13.0/src/inline.sh
ninja-1.13.0/src/jobserver-posix.cc
ninja-1.13.0/src/jobserver-win32.cc
ninja-1.13.0/src/jobserver.cc
ninja-1.13.0/src/jobserver.h
ninja-1.13.0/src/jobserver_test.cc
ninja-1.13.0/src/json.cc
ninja-1.13.0/src/json.h
ninja-1.13.0/src/json_test.cc
ninja-1.13.0/src/lexer.cc
ninja-1.13.0/src/lexer.h
ninja-1.13.0/src/lexer.in.cc
ninja-1.13.0/src/lexer_test.cc
ninja-1.13.0/src/line_printer.cc
ninja-1.13.0/src/line_printer.h
ninja-1.13.0/src/load_status.h
ninja-1.13.0/src/manifest_parser.cc
ninja-1.13.0/src/manifest_parser.h
ninja-1.13.0/src/manifest_parser_perftest.cc
ninja-1.13.0/src/manifest_parser_test.cc
ninja-1.13.0/src/metrics.cc
ninja-1.13.0/src/metrics.h
ninja-1.13.0/src/minidump-win32.cc
ninja-1.13.0/src/missing_deps.cc
ninja-1.13.0/src/missing_deps.h
ninja-1.13.0/src/missing_deps_test.cc
ninja-1.13.0/src/msvc_helper-win32.cc
ninja-1.13.0/src/msvc_helper.h
ninja-1.13.0/src/msvc_helper_main-win32.cc
ninja-1.13.0/src/msvc_helper_test.cc
ninja-1.13.0/src/ninja.cc
ninja-1.13.0/src/ninja_test.cc
ninja-1.13.0/src/parser.cc
ninja-1.13.0/src/parser.h
ninja-1.13.0/src/real_command_runner.cc
ninja-1.13.0/src/state.cc
ninja-1.13.0/src/state.h
ninja-1.13.0/src/state_test.cc
ninja-1.13.0/src/status.h
ninja-1.13.0/src/status_printer.cc
ninja-1.13.0/src/status_printer.h
ninja-1.13.0/src/status_test.cc
ninja-1.13.0/src/string_piece.h
ninja-1.13.0/src/string_piece_util.cc
ninja-1.13.0/src/string_piece_util.h
ninja-1.13.0/src/string_piece_util_test.cc
ninja-1.13.0/src/subprocess-posix.cc
ninja-1.13.0/src/subprocess-win32.cc
ninja-1.13.0/src/subprocess.h
ninja-1.13.0/src/subprocess_test.cc
ninja-1.13.0/src/test.cc
ninja-1.13.0/src/test.h
ninja-1.13.0/src/third_party/
ninja-1.13.0/src/third_party/emhash/
ninja-1.13.0/src/third_party/emhash/README.ninja
ninja-1.13.0/src/third_party/emhash/hash_table8.hpp
ninja-1.13.0/src/third_party/rapidhash/
ninja-1.13.0/src/third_party/rapidhash/README.ninja
ninja-1.13.0/src/third_party/rapidhash/rapidhash.h
ninja-1.13.0/src/timestamp.h
ninja-1.13.0/src/util.cc
ninja-1.13.0/src/util.h
ninja-1.13.0/src/util_test.cc
ninja-1.13.0/src/version.cc
ninja-1.13.0/src/version.h
ninja-1.13.0/src/win32port.h
ninja-1.13.0/windows/
ninja-1.13.0/windows/ninja.manifest
[01m[K./src/util.cc:[m[K In function ‘[01m[Kint[01;32m[K ParseCPUFromCGroup[m[K()[m[K’:
[01m[K./src/util.cc:801:7:[m[K [01;35m[Kwarning: [m[Kinit-statement in selection statements only available with ‘[01m[K-std=c++17[m[K’ or ‘[01m[K-std=gnu++17[m[K’ [[01;35m[K-Wc++17-extensions[m[K]
  801 |   if ([01;35m[Kconst[m[K auto cgroup2 = cgroups.find("cgroup2"); cgroup2 != cgroups.end()) {
      |       [01;35m[K^~~~~[m[K
[01m[K./src/util.cc:805:7:[m[K [01;35m[Kwarning: [m[Kinit-statement in selection statements only available with ‘[01m[K-std=c++17[m[K’ or ‘[01m[K-std=gnu++17[m[K’ [[01;35m[K-Wc++17-extensions[m[K]
  805 |   if ([01;35m[Kconst[m[K auto cpu = cgroups.find("cpu"); cpu != cgroups.end()) {
      |       [01;35m[K^~~~~[m[K
[1/36] INLINE build/browse_py.h
[2/36] CXX build/browse.o
[3/36] CXX build/json.o
[4/36] CXX build/elide_middle.o
[5/36] CXX build/line_printer.o
[6/36] CXX build/disk_interface.o
[7/36] CXX build/depfile_parser.o
[8/36] CXX build/edit_distance.o
[9/36] CXX build/metrics.o
[10/36] CXX build/jobserver.o
[11/36] CXX build/debug_flags.o
[12/36] CXX build/lexer.o
[13/36] CXX build/clparser.o
[14/36] CXX build/parser.o
[15/36] CXX build/graphviz.o
[16/36] CXX build/string_piece_util.o
[17/36] CXX build/version.o
[18/36] CXX build/deps_log.o
[19/36] CXX build/jobserver-posix.o
[20/36] CXX build/clean.o
[21/36] CXX build/real_command_runner.o
[22/36] CXX build/dyndep.o
[23/36] CXX build/subprocess-posix.o
[24/36] CXX build/eval_env.o
[25/36] CXX build/dyndep_parser.o
[26/36] CXX build/build_log.o
[27/36] CXX build/status_printer.o
[28/36] CXX build/missing_deps.o
[29/36] CXX build/state.o
[30/36] CXX build/manifest_parser.o
[31/36] CXX build/util.o
src/util.cc: In function ‘int ParseCPUFromCGroup()’:
src/util.cc:801:7: warning: init-statement in selection statements only available with ‘-std=c++17’ or ‘-std=gnu++17’ [-Wc++17-extensions]
  801 |   if (const auto cgroup2 = cgroups.find("cgroup2"); cgroup2 != cgroups.end()) {
      |       ^~~~~
src/util.cc:805:7: warning: init-statement in selection statements only available with ‘-std=c++17’ or ‘-std=gnu++17’ [-Wc++17-extensions]
  805 |   if (const auto cpu = cgroups.find("cpu"); cpu != cgroups.end()) {
      |       ^~~~~
[32/36] CXX build/graph.o
[33/36] CXX build/build.o
[34/36] AR build/libninja.a
[35/36] CXX build/ninja.o
[36/36] LINK ninja
bootstrapping ninja...
warning: A compatible version of re2c (>= 0.15.3) was not found; changes to src/*.in.cc will not affect your build.
wrote build.ninja.
bootstrap complete.  rebuilding...
'ninja' -> '/pkgs/ninja/usr/bin/ninja'
install: creating directory '/pkgs/ninja/usr/share'
install: creating directory '/pkgs/ninja/usr/share/bash-completion'
install: creating directory '/pkgs/ninja/usr/share/bash-completion/completions'
'misc/bash-completion' -> '/pkgs/ninja/usr/share/bash-completion/completions/ninja'
install: creating directory '/pkgs/ninja/usr/share/zsh'
install: creating directory '/pkgs/ninja/usr/share/zsh/site-functions'
'misc/zsh-completion' -> '/pkgs/ninja/usr/share/zsh/site-functions/_ninja'
removed '/usr/bin/ninja'
'ninja' -> '/usr/bin/ninja'
removed '/usr/share/bash-completion/completions/ninja'
'misc/bash-completion' -> '/usr/share/bash-completion/completions/ninja'
removed '/usr/share/zsh/site-functions/_ninja'
'misc/zsh-completion' -> '/usr/share/zsh/site-functions/_ninja'
ninja/
ninja/usr/
ninja/usr/share/
ninja/usr/share/zsh/
ninja/usr/share/zsh/site-functions/
ninja/usr/share/zsh/site-functions/_ninja
ninja/usr/share/bash-completion/
ninja/usr/share/bash-completion/completions/
ninja/usr/share/bash-completion/completions/ninja
ninja/usr/bin/
ninja/usr/bin/ninja
ninja/version
ninja/depends
