--2025-06-19 18:09:14--  https://www.x.org/pub/individual/xserver/xwayland-24.1.8.tar.xz
Resolving www.x.org (www.x.org)... 131.252.210.176
Connecting to www.x.org (www.x.org)|131.252.210.176|:443... connected.
HTTP request sent, awaiting response... 301 Moved Permanently
Location: https://www.x.org/archive//individual/xserver/xwayland-24.1.8.tar.xz [following]
--2025-06-19 18:09:16--  https://www.x.org/archive//individual/xserver/xwayland-24.1.8.tar.xz
Reusing existing connection to www.x.org:443.
HTTP request sent, awaiting response... 200 OK
Length: 1303408 (1.2M) [application/x-xz]
Saving to: ‘xwayland-24.1.8.tar.xz’

     0K .......... .......... .......... .......... ..........  3%  370K 3s
    50K .......... .......... .......... .......... ..........  7%  737K 2s
   100K .......... .......... .......... .......... .......... 11% 52.1M 2s
   150K .......... .......... .......... .......... .......... 15%  161M 1s
   200K .......... .......... .......... .......... .......... 19%  742K 1s
   250K .......... .......... .......... .......... .......... 23% 90.2M 1s
   300K .......... .......... .......... .......... .......... 27%  151M 1s
   350K .......... .......... .......... .......... .......... 31% 88.0M 1s
   400K .......... .......... .......... .......... .......... 35%  756K 1s
   450K .......... .......... .......... .......... .......... 39% 96.2M 1s
   500K .......... .......... .......... .......... .......... 43% 92.6M 0s
   550K .......... .......... .......... .......... .......... 47%  173M 0s
   600K .......... .......... .......... .......... .......... 51% 96.1M 0s
   650K .......... .......... .......... .......... .......... 54% 98.9M 0s
   700K .......... .......... .......... .......... .......... 58% 98.9M 0s
   750K .......... .......... .......... .......... .......... 62%  162M 0s
   800K .......... .......... .......... .......... .......... 66% 97.4M 0s
   850K .......... .......... .......... .......... .......... 70%  773K 0s
   900K .......... .......... .......... .......... .......... 74%  189M 0s
   950K .......... .......... .......... .......... .......... 78%  109M 0s
  1000K .......... .......... .......... .......... .......... 82%  128M 0s
  1050K .......... .......... .......... .......... .......... 86% 76.6M 0s
  1100K .......... .......... .......... .......... .......... 90%  189M 0s
  1150K .......... .......... .......... .......... .......... 94% 91.4M 0s
  1200K .......... .......... .......... .......... .......... 98%  147M 0s
  1250K .......... .......... ..                              100% 76.4M=0.4s

2025-06-19 18:09:16 (3.03 MB/s) - ‘xwayland-24.1.8.tar.xz’ saved [1303408/1303408]

xwayland-24.1.8/
xwayland-24.1.8/.appveyor.yml
xwayland-24.1.8/.dir-locals.el
xwayland-24.1.8/.gitignore
xwayland-24.1.8/.gitlab-ci/
xwayland-24.1.8/.gitlab-ci/check-piglit-results.sh
xwayland-24.1.8/.gitlab-ci/debian-install.sh
xwayland-24.1.8/.gitlab-ci/manpages-check
xwayland-24.1.8/.gitlab-ci/meson-build.sh
xwayland-24.1.8/.gitlab-ci.yml
xwayland-24.1.8/.mailmap
xwayland-24.1.8/COPYING
xwayland-24.1.8/README.md
xwayland-24.1.8/Xext/
xwayland-24.1.8/Xext/bigreq.c
xwayland-24.1.8/Xext/dpms.c
xwayland-24.1.8/Xext/dpmsproc.h
xwayland-24.1.8/Xext/geext.c
xwayland-24.1.8/Xext/geext.h
xwayland-24.1.8/Xext/geint.h
xwayland-24.1.8/Xext/hashtable.c
xwayland-24.1.8/Xext/hashtable.h
xwayland-24.1.8/Xext/meson.build
xwayland-24.1.8/Xext/panoramiX.c
xwayland-24.1.8/Xext/panoramiX.h
xwayland-24.1.8/Xext/panoramiXSwap.c
xwayland-24.1.8/Xext/panoramiXh.h
xwayland-24.1.8/Xext/panoramiXprocs.c
xwayland-24.1.8/Xext/panoramiXsrv.h
xwayland-24.1.8/Xext/saver.c
xwayland-24.1.8/Xext/security.c
xwayland-24.1.8/Xext/securitysrv.h
xwayland-24.1.8/Xext/shape.c
xwayland-24.1.8/Xext/shm.c
xwayland-24.1.8/Xext/shmint.h
xwayland-24.1.8/Xext/sleepuntil.c
xwayland-24.1.8/Xext/sleepuntil.h
xwayland-24.1.8/Xext/sync.c
xwayland-24.1.8/Xext/syncsdk.h
xwayland-24.1.8/Xext/syncsrv.h
xwayland-24.1.8/Xext/vidmode.c
xwayland-24.1.8/Xext/xace.c
xwayland-24.1.8/Xext/xace.h
xwayland-24.1.8/Xext/xacestr.h
xwayland-24.1.8/Xext/xcmisc.c
xwayland-24.1.8/Xext/xf86bigfont.c
xwayland-24.1.8/Xext/xf86bigfontsrv.h
xwayland-24.1.8/Xext/xres.c
xwayland-24.1.8/Xext/xselinux.h
xwayland-24.1.8/Xext/xselinux_ext.c
xwayland-24.1.8/Xext/xselinux_hooks.c
xwayland-24.1.8/Xext/xselinux_label.c
xwayland-24.1.8/Xext/xselinuxint.h
xwayland-24.1.8/Xext/xtest.c
xwayland-24.1.8/Xext/xvdisp.c
xwayland-24.1.8/Xext/xvdisp.h
xwayland-24.1.8/Xext/xvdix.h
xwayland-24.1.8/Xext/xvmain.c
xwayland-24.1.8/Xext/xvmc.c
xwayland-24.1.8/Xext/xvmcext.h
xwayland-24.1.8/Xi/
xwayland-24.1.8/Xi/allowev.c
xwayland-24.1.8/Xi/allowev.h
xwayland-24.1.8/Xi/chgdctl.c
xwayland-24.1.8/Xi/chgdctl.h
xwayland-24.1.8/Xi/chgfctl.c
xwayland-24.1.8/Xi/chgfctl.h
xwayland-24.1.8/Xi/chgkbd.c
xwayland-24.1.8/Xi/chgkbd.h
xwayland-24.1.8/Xi/chgkmap.c
xwayland-24.1.8/Xi/chgkmap.h
xwayland-24.1.8/Xi/chgprop.c
xwayland-24.1.8/Xi/chgprop.h
xwayland-24.1.8/Xi/chgptr.c
xwayland-24.1.8/Xi/chgptr.h
xwayland-24.1.8/Xi/closedev.c
xwayland-24.1.8/Xi/closedev.h
xwayland-24.1.8/Xi/devbell.c
xwayland-24.1.8/Xi/devbell.h
xwayland-24.1.8/Xi/exevents.c
xwayland-24.1.8/Xi/exglobals.h
xwayland-24.1.8/Xi/extinit.c
xwayland-24.1.8/Xi/getbmap.c
xwayland-24.1.8/Xi/getbmap.h
xwayland-24.1.8/Xi/getdctl.c
xwayland-24.1.8/Xi/getdctl.h
xwayland-24.1.8/Xi/getfctl.c
xwayland-24.1.8/Xi/getfctl.h
xwayland-24.1.8/Xi/getfocus.c
xwayland-24.1.8/Xi/getfocus.h
xwayland-24.1.8/Xi/getkmap.c
xwayland-24.1.8/Xi/getkmap.h
xwayland-24.1.8/Xi/getmmap.c
xwayland-24.1.8/Xi/getmmap.h
xwayland-24.1.8/Xi/getprop.c
xwayland-24.1.8/Xi/getprop.h
xwayland-24.1.8/Xi/getselev.c
xwayland-24.1.8/Xi/getselev.h
xwayland-24.1.8/Xi/getvers.c
xwayland-24.1.8/Xi/getvers.h
xwayland-24.1.8/Xi/grabdev.c
xwayland-24.1.8/Xi/grabdev.h
xwayland-24.1.8/Xi/grabdevb.c
xwayland-24.1.8/Xi/grabdevb.h
xwayland-24.1.8/Xi/grabdevk.c
xwayland-24.1.8/Xi/grabdevk.h
xwayland-24.1.8/Xi/gtmotion.c
xwayland-24.1.8/Xi/gtmotion.h
xwayland-24.1.8/Xi/listdev.c
xwayland-24.1.8/Xi/listdev.h
xwayland-24.1.8/Xi/meson.build
xwayland-24.1.8/Xi/opendev.c
xwayland-24.1.8/Xi/opendev.h
xwayland-24.1.8/Xi/queryst.c
xwayland-24.1.8/Xi/queryst.h
xwayland-24.1.8/Xi/selectev.c
xwayland-24.1.8/Xi/selectev.h
xwayland-24.1.8/Xi/sendexev.c
xwayland-24.1.8/Xi/sendexev.h
xwayland-24.1.8/Xi/setbmap.c
xwayland-24.1.8/Xi/setbmap.h
xwayland-24.1.8/Xi/setdval.c
xwayland-24.1.8/Xi/setdval.h
xwayland-24.1.8/Xi/setfocus.c
xwayland-24.1.8/Xi/setfocus.h
xwayland-24.1.8/Xi/setmmap.c
xwayland-24.1.8/Xi/setmmap.h
xwayland-24.1.8/Xi/setmode.c
xwayland-24.1.8/Xi/setmode.h
xwayland-24.1.8/Xi/stubs.c
xwayland-24.1.8/Xi/ungrdev.c
xwayland-24.1.8/Xi/ungrdev.h
xwayland-24.1.8/Xi/ungrdevb.c
xwayland-24.1.8/Xi/ungrdevb.h
xwayland-24.1.8/Xi/ungrdevk.c
xwayland-24.1.8/Xi/ungrdevk.h
xwayland-24.1.8/Xi/xiallowev.c
xwayland-24.1.8/Xi/xiallowev.h
xwayland-24.1.8/Xi/xibarriers.c
xwayland-24.1.8/Xi/xibarriers.h
xwayland-24.1.8/Xi/xichangecursor.c
xwayland-24.1.8/Xi/xichangecursor.h
xwayland-24.1.8/Xi/xichangehierarchy.c
xwayland-24.1.8/Xi/xichangehierarchy.h
xwayland-24.1.8/Xi/xigetclientpointer.c
xwayland-24.1.8/Xi/xigetclientpointer.h
xwayland-24.1.8/Xi/xigrabdev.c
xwayland-24.1.8/Xi/xigrabdev.h
xwayland-24.1.8/Xi/xipassivegrab.c
xwayland-24.1.8/Xi/xipassivegrab.h
xwayland-24.1.8/Xi/xiproperty.c
xwayland-24.1.8/Xi/xiproperty.h
xwayland-24.1.8/Xi/xiquerydevice.c
xwayland-24.1.8/Xi/xiquerydevice.h
xwayland-24.1.8/Xi/xiquerypointer.c
xwayland-24.1.8/Xi/xiquerypointer.h
xwayland-24.1.8/Xi/xiqueryversion.c
xwayland-24.1.8/Xi/xiqueryversion.h
xwayland-24.1.8/Xi/xiselectev.c
xwayland-24.1.8/Xi/xiselectev.h
xwayland-24.1.8/Xi/xisetclientpointer.c
xwayland-24.1.8/Xi/xisetclientpointer.h
xwayland-24.1.8/Xi/xisetdevfocus.c
xwayland-24.1.8/Xi/xisetdevfocus.h
xwayland-24.1.8/Xi/xiwarppointer.c
xwayland-24.1.8/Xi/xiwarppointer.h
xwayland-24.1.8/composite/
xwayland-24.1.8/composite/compalloc.c
xwayland-24.1.8/composite/compext.c
xwayland-24.1.8/composite/compinit.c
xwayland-24.1.8/composite/compint.h
xwayland-24.1.8/composite/compositeext.h
xwayland-24.1.8/composite/compositeext_priv.h
xwayland-24.1.8/composite/compoverlay.c
xwayland-24.1.8/composite/compwindow.c
xwayland-24.1.8/composite/meson.build
xwayland-24.1.8/damageext/
xwayland-24.1.8/damageext/damageext.c
xwayland-24.1.8/damageext/damageext.h
xwayland-24.1.8/damageext/damageextint.h
xwayland-24.1.8/damageext/meson.build
xwayland-24.1.8/dbe/
xwayland-24.1.8/dbe/dbe.c
xwayland-24.1.8/dbe/dbestruct.h
xwayland-24.1.8/dbe/meson.build
xwayland-24.1.8/dbe/midbe.c
xwayland-24.1.8/dbe/midbe.h
xwayland-24.1.8/dix/
xwayland-24.1.8/dix/.gitignore
xwayland-24.1.8/dix/BuiltInAtoms
xwayland-24.1.8/dix/atom.c
xwayland-24.1.8/dix/buildatoms
xwayland-24.1.8/dix/callback_priv.h
xwayland-24.1.8/dix/colormap.c
xwayland-24.1.8/dix/cursor.c
xwayland-24.1.8/dix/devices.c
xwayland-24.1.8/dix/dispatch.c
xwayland-24.1.8/dix/dispatch.h
xwayland-24.1.8/dix/dix_priv.h
xwayland-24.1.8/dix/dixfonts.c
xwayland-24.1.8/dix/dixutils.c
xwayland-24.1.8/dix/enterleave.c
xwayland-24.1.8/dix/enterleave.h
xwayland-24.1.8/dix/eventconvert.c
xwayland-24.1.8/dix/eventconvert.h
xwayland-24.1.8/dix/events.c
xwayland-24.1.8/dix/extension.c
xwayland-24.1.8/dix/gc.c
xwayland-24.1.8/dix/gestures.c
xwayland-24.1.8/dix/getevents.c
xwayland-24.1.8/dix/globals.c
xwayland-24.1.8/dix/glyphcurs.c
xwayland-24.1.8/dix/grabs.c
xwayland-24.1.8/dix/initatoms.c
xwayland-24.1.8/dix/inpututils.c
xwayland-24.1.8/dix/main.c
xwayland-24.1.8/dix/meson.build
xwayland-24.1.8/dix/pixmap.c
xwayland-24.1.8/dix/privates.c
xwayland-24.1.8/dix/property.c
xwayland-24.1.8/dix/protocol.txt
xwayland-24.1.8/dix/ptrveloc.c
xwayland-24.1.8/dix/ptrveloc_priv.h
xwayland-24.1.8/dix/region.c
xwayland-24.1.8/dix/registry.c
xwayland-24.1.8/dix/registry_priv.h
xwayland-24.1.8/dix/resource.c
xwayland-24.1.8/dix/screenint_priv.h
xwayland-24.1.8/dix/selection.c
xwayland-24.1.8/dix/stubmain.c
xwayland-24.1.8/dix/swaprep.c
xwayland-24.1.8/dix/swapreq.c
xwayland-24.1.8/dix/tables.c
xwayland-24.1.8/dix/touch.c
xwayland-24.1.8/dix/window.c
xwayland-24.1.8/doc/
xwayland-24.1.8/doc/.gitignore
xwayland-24.1.8/doc/Xinput.xml
xwayland-24.1.8/doc/Xserver-spec.xml
xwayland-24.1.8/doc/c-extensions
xwayland-24.1.8/doc/dtrace/
xwayland-24.1.8/doc/dtrace/.gitignore
xwayland-24.1.8/doc/dtrace/Xserver-DTrace.xml
xwayland-24.1.8/doc/dtrace/meson.build
xwayland-24.1.8/doc/filter-xmlto.sh
xwayland-24.1.8/doc/meson.build
xwayland-24.1.8/doc/smartsched
xwayland-24.1.8/dri3/
xwayland-24.1.8/dri3/dri3.c
xwayland-24.1.8/dri3/dri3.h
xwayland-24.1.8/dri3/dri3_priv.h
xwayland-24.1.8/dri3/dri3_request.c
xwayland-24.1.8/dri3/dri3_screen.c
xwayland-24.1.8/dri3/meson.build
xwayland-24.1.8/fb/
xwayland-24.1.8/fb/fb.h
xwayland-24.1.8/fb/fballpriv.c
xwayland-24.1.8/fb/fbarc.c
xwayland-24.1.8/fb/fbbits.c
xwayland-24.1.8/fb/fbbits.h
xwayland-24.1.8/fb/fbblt.c
xwayland-24.1.8/fb/fbbltone.c
xwayland-24.1.8/fb/fbcmap_mi.c
xwayland-24.1.8/fb/fbcopy.c
xwayland-24.1.8/fb/fbfill.c
xwayland-24.1.8/fb/fbfillrect.c
xwayland-24.1.8/fb/fbfillsp.c
xwayland-24.1.8/fb/fbgc.c
xwayland-24.1.8/fb/fbgetsp.c
xwayland-24.1.8/fb/fbglyph.c
xwayland-24.1.8/fb/fbimage.c
xwayland-24.1.8/fb/fbline.c
xwayland-24.1.8/fb/fboverlay.c
xwayland-24.1.8/fb/fboverlay.h
xwayland-24.1.8/fb/fbpict.c
xwayland-24.1.8/fb/fbpict.h
xwayland-24.1.8/fb/fbpixmap.c
xwayland-24.1.8/fb/fbpoint.c
xwayland-24.1.8/fb/fbpush.c
xwayland-24.1.8/fb/fbrop.h
xwayland-24.1.8/fb/fbscreen.c
xwayland-24.1.8/fb/fbseg.c
xwayland-24.1.8/fb/fbsetsp.c
xwayland-24.1.8/fb/fbsolid.c
xwayland-24.1.8/fb/fbtile.c
xwayland-24.1.8/fb/fbtrap.c
xwayland-24.1.8/fb/fbutil.c
xwayland-24.1.8/fb/fbwindow.c
xwayland-24.1.8/fb/meson.build
xwayland-24.1.8/fb/wfbrename.h
xwayland-24.1.8/glamor/
xwayland-24.1.8/glamor/glamor.c
xwayland-24.1.8/glamor/glamor.h
xwayland-24.1.8/glamor/glamor_addtraps.c
xwayland-24.1.8/glamor/glamor_composite_glyphs.c
xwayland-24.1.8/glamor/glamor_compositerects.c
xwayland-24.1.8/glamor/glamor_context.h
xwayland-24.1.8/glamor/glamor_copy.c
xwayland-24.1.8/glamor/glamor_core.c
xwayland-24.1.8/glamor/glamor_dash.c
xwayland-24.1.8/glamor/glamor_debug.h
xwayland-24.1.8/glamor/glamor_egl.c
xwayland-24.1.8/glamor/glamor_egl.h
xwayland-24.1.8/glamor/glamor_egl_ext.h
xwayland-24.1.8/glamor/glamor_eglmodule.c
xwayland-24.1.8/glamor/glamor_fbo.c
xwayland-24.1.8/glamor/glamor_font.c
xwayland-24.1.8/glamor/glamor_font.h
xwayland-24.1.8/glamor/glamor_glx_provider.c
xwayland-24.1.8/glamor/glamor_glx_provider.h
xwayland-24.1.8/glamor/glamor_glyphblt.c
xwayland-24.1.8/glamor/glamor_gradient.c
xwayland-24.1.8/glamor/glamor_image.c
xwayland-24.1.8/glamor/glamor_largepixmap.c
xwayland-24.1.8/glamor/glamor_lines.c
xwayland-24.1.8/glamor/glamor_picture.c
xwayland-24.1.8/glamor/glamor_pixmap.c
xwayland-24.1.8/glamor/glamor_points.c
xwayland-24.1.8/glamor/glamor_prepare.c
xwayland-24.1.8/glamor/glamor_prepare.h
xwayland-24.1.8/glamor/glamor_priv.h
xwayland-24.1.8/glamor/glamor_program.c
xwayland-24.1.8/glamor/glamor_program.h
xwayland-24.1.8/glamor/glamor_rects.c
xwayland-24.1.8/glamor/glamor_render.c
xwayland-24.1.8/glamor/glamor_segs.c
xwayland-24.1.8/glamor/glamor_spans.c
xwayland-24.1.8/glamor/glamor_sync.c
xwayland-24.1.8/glamor/glamor_text.c
xwayland-24.1.8/glamor/glamor_transfer.c
xwayland-24.1.8/glamor/glamor_transfer.h
xwayland-24.1.8/glamor/glamor_transform.c
xwayland-24.1.8/glamor/glamor_transform.h
xwayland-24.1.8/glamor/glamor_trapezoid.c
xwayland-24.1.8/glamor/glamor_triangles.c
xwayland-24.1.8/glamor/glamor_utils.c
xwayland-24.1.8/glamor/glamor_utils.h
xwayland-24.1.8/glamor/glamor_vbo.c
xwayland-24.1.8/glamor/glamor_window.c
xwayland-24.1.8/glamor/glamor_xv.c
xwayland-24.1.8/glamor/meson.build
xwayland-24.1.8/glx/
xwayland-24.1.8/glx/clientinfo.c
xwayland-24.1.8/glx/createcontext.c
xwayland-24.1.8/glx/extension_string.c
xwayland-24.1.8/glx/extension_string.h
xwayland-24.1.8/glx/glxbyteorder.h
xwayland-24.1.8/glx/glxcmds.c
xwayland-24.1.8/glx/glxcmdsswap.c
xwayland-24.1.8/glx/glxcontext.h
xwayland-24.1.8/glx/glxdrawable.h
xwayland-24.1.8/glx/glxdri2.c
xwayland-24.1.8/glx/glxdricommon.c
xwayland-24.1.8/glx/glxdricommon.h
xwayland-24.1.8/glx/glxdriswrast.c
xwayland-24.1.8/glx/glxext.c
xwayland-24.1.8/glx/glxext.h
xwayland-24.1.8/glx/glxscreens.c
xwayland-24.1.8/glx/glxscreens.h
xwayland-24.1.8/glx/glxserver.h
xwayland-24.1.8/glx/glxutil.h
xwayland-24.1.8/glx/indirect_dispatch.c
xwayland-24.1.8/glx/indirect_dispatch.h
xwayland-24.1.8/glx/indirect_dispatch_swap.c
xwayland-24.1.8/glx/indirect_program.c
xwayland-24.1.8/glx/indirect_reqsize.c
xwayland-24.1.8/glx/indirect_reqsize.h
xwayland-24.1.8/glx/indirect_size.h
xwayland-24.1.8/glx/indirect_size_get.c
xwayland-24.1.8/glx/indirect_size_get.h
xwayland-24.1.8/glx/indirect_table.c
xwayland-24.1.8/glx/indirect_table.h
xwayland-24.1.8/glx/indirect_texture_compression.c
xwayland-24.1.8/glx/indirect_util.c
xwayland-24.1.8/glx/indirect_util.h
xwayland-24.1.8/glx/meson.build
xwayland-24.1.8/glx/render2.c
xwayland-24.1.8/glx/render2swap.c
xwayland-24.1.8/glx/renderpix.c
xwayland-24.1.8/glx/renderpixswap.c
xwayland-24.1.8/glx/rensize.c
xwayland-24.1.8/glx/single2.c
xwayland-24.1.8/glx/single2swap.c
xwayland-24.1.8/glx/singlepix.c
xwayland-24.1.8/glx/singlepixswap.c
xwayland-24.1.8/glx/singlesize.c
xwayland-24.1.8/glx/singlesize.h
xwayland-24.1.8/glx/swap_interval.c
xwayland-24.1.8/glx/unpack.h
xwayland-24.1.8/glx/vnd_dispatch_stubs.c
xwayland-24.1.8/glx/vndcmds.c
xwayland-24.1.8/glx/vndext.c
xwayland-24.1.8/glx/vndserver.h
xwayland-24.1.8/glx/vndserver_priv.h
xwayland-24.1.8/glx/vndservermapping.c
xwayland-24.1.8/glx/vndservervendor.c
xwayland-24.1.8/glx/vndservervendor.h
xwayland-24.1.8/glx/xfont.c
xwayland-24.1.8/hw/
xwayland-24.1.8/hw/meson.build
xwayland-24.1.8/hw/vfb/
xwayland-24.1.8/hw/vfb/.gitignore
xwayland-24.1.8/hw/vfb/InitInput.c
xwayland-24.1.8/hw/vfb/InitOutput.c
xwayland-24.1.8/hw/vfb/meson.build
xwayland-24.1.8/hw/xfree86/
xwayland-24.1.8/hw/xfree86/common/
xwayland-24.1.8/hw/xfree86/common/dgaproc_priv.h
xwayland-24.1.8/hw/xwayland/
xwayland-24.1.8/hw/xwayland/.gitignore
xwayland-24.1.8/hw/xwayland/desktop/
xwayland-24.1.8/hw/xwayland/desktop/org.freedesktop.Xwayland.desktop.in
xwayland-24.1.8/hw/xwayland/drm.xml
xwayland-24.1.8/hw/xwayland/man/
xwayland-24.1.8/hw/xwayland/man/Xwayland.man
xwayland-24.1.8/hw/xwayland/meson.build
xwayland-24.1.8/hw/xwayland/xwayland-cursor.c
xwayland-24.1.8/hw/xwayland/xwayland-cursor.h
xwayland-24.1.8/hw/xwayland/xwayland-cvt.c
xwayland-24.1.8/hw/xwayland/xwayland-cvt.h
xwayland-24.1.8/hw/xwayland/xwayland-dmabuf.c
xwayland-24.1.8/hw/xwayland/xwayland-dmabuf.h
xwayland-24.1.8/hw/xwayland/xwayland-drm-lease.c
xwayland-24.1.8/hw/xwayland/xwayland-drm-lease.h
xwayland-24.1.8/hw/xwayland/xwayland-glamor-gbm.c
xwayland-24.1.8/hw/xwayland/xwayland-glamor-gbm.h
xwayland-24.1.8/hw/xwayland/xwayland-glamor-xv.c
xwayland-24.1.8/hw/xwayland/xwayland-glamor.c
xwayland-24.1.8/hw/xwayland/xwayland-glamor.h
xwayland-24.1.8/hw/xwayland/xwayland-input.c
xwayland-24.1.8/hw/xwayland/xwayland-input.h
xwayland-24.1.8/hw/xwayland/xwayland-output.c
xwayland-24.1.8/hw/xwayland/xwayland-output.h
xwayland-24.1.8/hw/xwayland/xwayland-pixmap.c
xwayland-24.1.8/hw/xwayland/xwayland-pixmap.h
xwayland-24.1.8/hw/xwayland/xwayland-present.c
xwayland-24.1.8/hw/xwayland/xwayland-present.h
xwayland-24.1.8/hw/xwayland/xwayland-screen.c
xwayland-24.1.8/hw/xwayland/xwayland-screen.h
xwayland-24.1.8/hw/xwayland/xwayland-shm.c
xwayland-24.1.8/hw/xwayland/xwayland-shm.h
xwayland-24.1.8/hw/xwayland/xwayland-types.h
xwayland-24.1.8/hw/xwayland/xwayland-vidmode.c
xwayland-24.1.8/hw/xwayland/xwayland-vidmode.h
xwayland-24.1.8/hw/xwayland/xwayland-window-buffers.c
xwayland-24.1.8/hw/xwayland/xwayland-window-buffers.h
xwayland-24.1.8/hw/xwayland/xwayland-window.c
xwayland-24.1.8/hw/xwayland/xwayland-window.h
xwayland-24.1.8/hw/xwayland/xwayland-xtest.c
xwayland-24.1.8/hw/xwayland/xwayland-xtest.h
xwayland-24.1.8/hw/xwayland/xwayland.c
xwayland-24.1.8/include/
xwayland-24.1.8/include/.gitignore
xwayland-24.1.8/include/XIstubs.h
xwayland-24.1.8/include/Xprintf.h
xwayland-24.1.8/include/Xserver.d
xwayland-24.1.8/include/busfault.h
xwayland-24.1.8/include/callback.h
xwayland-24.1.8/include/client.h
xwayland-24.1.8/include/closestr.h
xwayland-24.1.8/include/closure.h
xwayland-24.1.8/include/colormap.h
xwayland-24.1.8/include/colormapst.h
xwayland-24.1.8/include/cursor.h
xwayland-24.1.8/include/cursorstr.h
xwayland-24.1.8/include/dbus-core.h
xwayland-24.1.8/include/displaymode.h
xwayland-24.1.8/include/dix-config-apple-verbatim.h
xwayland-24.1.8/include/dix.h
xwayland-24.1.8/include/dixaccess.h
xwayland-24.1.8/include/dixevents.h
xwayland-24.1.8/include/dixfont.h
xwayland-24.1.8/include/dixfontstr.h
xwayland-24.1.8/include/dixgrabs.h
xwayland-24.1.8/include/dixstruct.h
xwayland-24.1.8/include/events.h
xwayland-24.1.8/include/eventstr.h
xwayland-24.1.8/include/exevents.h
xwayland-24.1.8/include/extension.h
xwayland-24.1.8/include/extinit.h
xwayland-24.1.8/include/extnsionst.h
xwayland-24.1.8/include/fourcc.h
xwayland-24.1.8/include/gc.h
xwayland-24.1.8/include/gcstruct.h
xwayland-24.1.8/include/globals.h
xwayland-24.1.8/include/glx_extinit.h
xwayland-24.1.8/include/glxvndabi.h
xwayland-24.1.8/include/input.h
xwayland-24.1.8/include/inputstr.h
xwayland-24.1.8/include/inpututils.h
xwayland-24.1.8/include/list.h
xwayland-24.1.8/include/meson.build
xwayland-24.1.8/include/misc.h
xwayland-24.1.8/include/miscstruct.h
xwayland-24.1.8/include/nonsdk_extinit.h
xwayland-24.1.8/include/opaque.h
xwayland-24.1.8/include/optionstr.h
xwayland-24.1.8/include/os.h
xwayland-24.1.8/include/pixmap.h
xwayland-24.1.8/include/pixmapstr.h
xwayland-24.1.8/include/privates.h
xwayland-24.1.8/include/probes.h
xwayland-24.1.8/include/property.h
xwayland-24.1.8/include/propertyst.h
xwayland-24.1.8/include/protocol-versions.h
xwayland-24.1.8/include/ptrveloc.h
xwayland-24.1.8/include/region.h
xwayland-24.1.8/include/regionstr.h
xwayland-24.1.8/include/resource.h
xwayland-24.1.8/include/rgb.h
xwayland-24.1.8/include/screenint.h
xwayland-24.1.8/include/scrnintstr.h
xwayland-24.1.8/include/selection.h
xwayland-24.1.8/include/servermd.h
xwayland-24.1.8/include/swaprep.h
xwayland-24.1.8/include/swapreq.h
xwayland-24.1.8/include/systemd-logind.h
xwayland-24.1.8/include/validate.h
xwayland-24.1.8/include/vidmodestr.h
xwayland-24.1.8/include/window.h
xwayland-24.1.8/include/windowstr.h
xwayland-24.1.8/include/xkb-config.h.in
xwayland-24.1.8/include/xkbfile.h
xwayland-24.1.8/include/xkbrules.h
xwayland-24.1.8/include/xkbsrv.h
xwayland-24.1.8/include/xkbstr.h
xwayland-24.1.8/include/xserver-properties.h
xwayland-24.1.8/include/xserver_poll.h
xwayland-24.1.8/include/xwayland-config.h.meson.in
xwayland-24.1.8/man/
xwayland-24.1.8/man/Xserver.man
xwayland-24.1.8/man/meson.build
xwayland-24.1.8/meson.build
xwayland-24.1.8/meson_options.txt
xwayland-24.1.8/mi/
xwayland-24.1.8/mi/meson.build
xwayland-24.1.8/mi/mi.h
xwayland-24.1.8/mi/miarc.c
xwayland-24.1.8/mi/mibitblt.c
xwayland-24.1.8/mi/micmap.c
xwayland-24.1.8/mi/micmap.h
xwayland-24.1.8/mi/micoord.h
xwayland-24.1.8/mi/micopy.c
xwayland-24.1.8/mi/midash.c
xwayland-24.1.8/mi/midispcur.c
xwayland-24.1.8/mi/mieq.c
xwayland-24.1.8/mi/miexpose.c
xwayland-24.1.8/mi/mifillarc.c
xwayland-24.1.8/mi/mifillarc.h
xwayland-24.1.8/mi/mifillrct.c
xwayland-24.1.8/mi/mifpoly.h
xwayland-24.1.8/mi/migc.c
xwayland-24.1.8/mi/migc.h
xwayland-24.1.8/mi/miglblt.c
xwayland-24.1.8/mi/miinitext.c
xwayland-24.1.8/mi/miinitext.h
xwayland-24.1.8/mi/miline.h
xwayland-24.1.8/mi/mioverlay.c
xwayland-24.1.8/mi/mioverlay.h
xwayland-24.1.8/mi/mipointer.c
xwayland-24.1.8/mi/mipointer.h
xwayland-24.1.8/mi/mipointrst.h
xwayland-24.1.8/mi/mipoly.c
xwayland-24.1.8/mi/mipoly.h
xwayland-24.1.8/mi/mipolypnt.c
xwayland-24.1.8/mi/mipolyrect.c
xwayland-24.1.8/mi/mipolyseg.c
xwayland-24.1.8/mi/mipolytext.c
xwayland-24.1.8/mi/mipushpxl.c
xwayland-24.1.8/mi/miscanfill.h
xwayland-24.1.8/mi/miscrinit.c
xwayland-24.1.8/mi/misprite.c
xwayland-24.1.8/mi/misprite.h
xwayland-24.1.8/mi/mistruct.h
xwayland-24.1.8/mi/mivalidate.h
xwayland-24.1.8/mi/mivaltree.c
xwayland-24.1.8/mi/miwideline.c
xwayland-24.1.8/mi/miwideline.h
xwayland-24.1.8/mi/miwindow.c
xwayland-24.1.8/mi/mizerarc.c
xwayland-24.1.8/mi/mizerarc.h
xwayland-24.1.8/mi/mizerclip.c
xwayland-24.1.8/mi/mizerline.c
xwayland-24.1.8/miext/
xwayland-24.1.8/miext/damage/
xwayland-24.1.8/miext/damage/damage.c
xwayland-24.1.8/miext/damage/damage.h
xwayland-24.1.8/miext/damage/damagestr.h
xwayland-24.1.8/miext/damage/meson.build
xwayland-24.1.8/miext/sync/
xwayland-24.1.8/miext/sync/meson.build
xwayland-24.1.8/miext/sync/misync.c
xwayland-24.1.8/miext/sync/misync.h
xwayland-24.1.8/miext/sync/misync_priv.h
xwayland-24.1.8/miext/sync/misyncfd.c
xwayland-24.1.8/miext/sync/misyncfd.h
xwayland-24.1.8/miext/sync/misyncshm.c
xwayland-24.1.8/miext/sync/misyncshm.h
xwayland-24.1.8/miext/sync/misyncstr.h
xwayland-24.1.8/os/
xwayland-24.1.8/os/.gitignore
xwayland-24.1.8/os/WaitFor.c
xwayland-24.1.8/os/access.c
xwayland-24.1.8/os/alloc.c
xwayland-24.1.8/os/auth.c
xwayland-24.1.8/os/auth.h
xwayland-24.1.8/os/backtrace.c
xwayland-24.1.8/os/busfault.c
xwayland-24.1.8/os/client.c
xwayland-24.1.8/os/connection.c
xwayland-24.1.8/os/fmt.c
xwayland-24.1.8/os/fmt.h
xwayland-24.1.8/os/inputthread.c
xwayland-24.1.8/os/io.c
xwayland-24.1.8/os/log.c
xwayland-24.1.8/os/meson.build
xwayland-24.1.8/os/mitauth.c
xwayland-24.1.8/os/mitauth.h
xwayland-24.1.8/os/oscolor.c
xwayland-24.1.8/os/osdep.h
xwayland-24.1.8/os/osinit.c
xwayland-24.1.8/os/ospoll.c
xwayland-24.1.8/os/ospoll.h
xwayland-24.1.8/os/reallocarray.c
xwayland-24.1.8/os/rpcauth.c
xwayland-24.1.8/os/rpcauth.h
xwayland-24.1.8/os/strcasecmp.c
xwayland-24.1.8/os/strcasestr.c
xwayland-24.1.8/os/string.c
xwayland-24.1.8/os/strlcat.c
xwayland-24.1.8/os/strlcpy.c
xwayland-24.1.8/os/strndup.c
xwayland-24.1.8/os/timingsafe_memcmp.c
xwayland-24.1.8/os/utils.c
xwayland-24.1.8/os/xdmauth.c
xwayland-24.1.8/os/xdmauth.h
xwayland-24.1.8/os/xdmcp.c
xwayland-24.1.8/os/xdmcp.h
xwayland-24.1.8/os/xprintf.c
xwayland-24.1.8/os/xserver_poll.c
xwayland-24.1.8/os/xsha1.c
xwayland-24.1.8/os/xsha1.h
xwayland-24.1.8/os/xstrans.c
xwayland-24.1.8/present/
xwayland-24.1.8/present/meson.build
xwayland-24.1.8/present/present.c
xwayland-24.1.8/present/present.h
xwayland-24.1.8/present/present_event.c
xwayland-24.1.8/present/present_execute.c
xwayland-24.1.8/present/present_fake.c
xwayland-24.1.8/present/present_fence.c
xwayland-24.1.8/present/present_notify.c
xwayland-24.1.8/present/present_priv.h
xwayland-24.1.8/present/present_request.c
xwayland-24.1.8/present/present_scmd.c
xwayland-24.1.8/present/present_screen.c
xwayland-24.1.8/present/present_vblank.c
xwayland-24.1.8/present/presentext.h
xwayland-24.1.8/randr/
xwayland-24.1.8/randr/meson.build
xwayland-24.1.8/randr/randr.c
xwayland-24.1.8/randr/randrstr.h
xwayland-24.1.8/randr/randrstr_priv.h
xwayland-24.1.8/randr/rrcrtc.c
xwayland-24.1.8/randr/rrdispatch.c
xwayland-24.1.8/randr/rrinfo.c
xwayland-24.1.8/randr/rrlease.c
xwayland-24.1.8/randr/rrmode.c
xwayland-24.1.8/randr/rrmonitor.c
xwayland-24.1.8/randr/rroutput.c
xwayland-24.1.8/randr/rrpointer.c
xwayland-24.1.8/randr/rrproperty.c
xwayland-24.1.8/randr/rrprovider.c
xwayland-24.1.8/randr/rrproviderproperty.c
xwayland-24.1.8/randr/rrscreen.c
xwayland-24.1.8/randr/rrsdispatch.c
xwayland-24.1.8/randr/rrtransform.c
xwayland-24.1.8/randr/rrtransform.h
xwayland-24.1.8/randr/rrxinerama.c
xwayland-24.1.8/record/
xwayland-24.1.8/record/meson.build
xwayland-24.1.8/record/record.c
xwayland-24.1.8/record/set.c
xwayland-24.1.8/record/set.h
xwayland-24.1.8/render/
xwayland-24.1.8/render/animcur.c
xwayland-24.1.8/render/filter.c
xwayland-24.1.8/render/glyph.c
xwayland-24.1.8/render/glyphstr.h
xwayland-24.1.8/render/glyphstr_priv.h
xwayland-24.1.8/render/matrix.c
xwayland-24.1.8/render/meson.build
xwayland-24.1.8/render/miindex.c
xwayland-24.1.8/render/mipict.c
xwayland-24.1.8/render/mipict.h
xwayland-24.1.8/render/mirect.c
xwayland-24.1.8/render/mitrap.c
xwayland-24.1.8/render/mitri.c
xwayland-24.1.8/render/picture.c
xwayland-24.1.8/render/picture.h
xwayland-24.1.8/render/picturestr.h
xwayland-24.1.8/render/picturestr_priv.h
xwayland-24.1.8/render/render.c
xwayland-24.1.8/test/
xwayland-24.1.8/test/.gitignore
xwayland-24.1.8/test/README
xwayland-24.1.8/test/bigreq/
xwayland-24.1.8/test/bigreq/meson.build
xwayland-24.1.8/test/bigreq/request-length.c
xwayland-24.1.8/test/damage/
xwayland-24.1.8/test/damage/meson.build
xwayland-24.1.8/test/damage/primitives.c
xwayland-24.1.8/test/fixes.c
xwayland-24.1.8/test/hashtabletest.c
xwayland-24.1.8/test/input.c
xwayland-24.1.8/test/list.c
xwayland-24.1.8/test/meson.build
xwayland-24.1.8/test/misc.c
xwayland-24.1.8/test/scripts/
xwayland-24.1.8/test/scripts/run-piglit.sh
xwayland-24.1.8/test/scripts/xephyr-glamor-gles2-piglit.sh
xwayland-24.1.8/test/scripts/xephyr-glamor-gles3-piglit.sh
xwayland-24.1.8/test/scripts/xinit-piglit-session.sh
xwayland-24.1.8/test/scripts/xvfb-piglit.sh
xwayland-24.1.8/test/scripts/xwayland-piglit.sh
xwayland-24.1.8/test/signal-logging.c
xwayland-24.1.8/test/simple-xinit.c
xwayland-24.1.8/test/string.c
xwayland-24.1.8/test/sync/
xwayland-24.1.8/test/sync/meson.build
xwayland-24.1.8/test/sync/sync.c
xwayland-24.1.8/test/test_xkb.c
xwayland-24.1.8/test/tests-common.c
xwayland-24.1.8/test/tests-common.h
xwayland-24.1.8/test/tests.c
xwayland-24.1.8/test/tests.h
xwayland-24.1.8/test/touch.c
xwayland-24.1.8/test/xi1/
xwayland-24.1.8/test/xi1/protocol-xchangedevicecontrol.c
xwayland-24.1.8/test/xi2/
xwayland-24.1.8/test/xi2/protocol-common.c
xwayland-24.1.8/test/xi2/protocol-common.h
xwayland-24.1.8/test/xi2/protocol-eventconvert.c
xwayland-24.1.8/test/xi2/protocol-xigetclientpointer.c
xwayland-24.1.8/test/xi2/protocol-xigetselectedevents.c
xwayland-24.1.8/test/xi2/protocol-xipassivegrabdevice.c
xwayland-24.1.8/test/xi2/protocol-xiquerydevice.c
xwayland-24.1.8/test/xi2/protocol-xiquerypointer.c
xwayland-24.1.8/test/xi2/protocol-xiqueryversion.c
xwayland-24.1.8/test/xi2/protocol-xiselectevents.c
xwayland-24.1.8/test/xi2/protocol-xisetclientpointer.c
xwayland-24.1.8/test/xi2/protocol-xiwarppointer.c
xwayland-24.1.8/test/xi2/xi2.c
xwayland-24.1.8/test/xtest.c
xwayland-24.1.8/xfixes/
xwayland-24.1.8/xfixes/cursor.c
xwayland-24.1.8/xfixes/disconnect.c
xwayland-24.1.8/xfixes/meson.build
xwayland-24.1.8/xfixes/region.c
xwayland-24.1.8/xfixes/saveset.c
xwayland-24.1.8/xfixes/select.c
xwayland-24.1.8/xfixes/xfixes.c
xwayland-24.1.8/xfixes/xfixes.h
xwayland-24.1.8/xfixes/xfixesint.h
xwayland-24.1.8/xkb/
xwayland-24.1.8/xkb/README.compiled
xwayland-24.1.8/xkb/XKBAlloc.c
xwayland-24.1.8/xkb/XKBGAlloc.c
xwayland-24.1.8/xkb/XKBMAlloc.c
xwayland-24.1.8/xkb/XKBMisc.c
xwayland-24.1.8/xkb/XKM_file_format.txt
xwayland-24.1.8/xkb/ddxBeep.c
xwayland-24.1.8/xkb/ddxCtrls.c
xwayland-24.1.8/xkb/ddxKillSrv.c
xwayland-24.1.8/xkb/ddxLEDs.c
xwayland-24.1.8/xkb/ddxLoad.c
xwayland-24.1.8/xkb/ddxPrivate.c
xwayland-24.1.8/xkb/ddxVT.c
xwayland-24.1.8/xkb/maprules.c
xwayland-24.1.8/xkb/meson.build
xwayland-24.1.8/xkb/xkb-procs.h
xwayland-24.1.8/xkb/xkb.c
xwayland-24.1.8/xkb/xkbAccessX.c
xwayland-24.1.8/xkb/xkbActions.c
xwayland-24.1.8/xkb/xkbDflts.h
xwayland-24.1.8/xkb/xkbEvents.c
xwayland-24.1.8/xkb/xkbInit.c
xwayland-24.1.8/xkb/xkbLEDs.c
xwayland-24.1.8/xkb/xkbPrKeyEv.c
xwayland-24.1.8/xkb/xkbSwap.c
xwayland-24.1.8/xkb/xkbUtils.c
xwayland-24.1.8/xkb/xkbfmisc.c
xwayland-24.1.8/xkb/xkbgeom.h
xwayland-24.1.8/xkb/xkbout.c
xwayland-24.1.8/xkb/xkbtext.c
xwayland-24.1.8/xkb/xkmread.c
xwayland-24.1.8/xserver.ent.in
The Meson build system
Version: 1.7.0
Source dir: /blfs/builds/xwayland-24.1.8
Build dir: /blfs/builds/xwayland-24.1.8/build
Build type: native build
Project name: xwayland
Project version: 24.1.8
C compiler for the host machine: cc (gcc 14.2.0 "cc (GCC) 14.2.0")
C linker for the host machine: cc ld.bfd 2.44
Host machine cpu family: x86_64
Host machine cpu: x86_64
Compiler for C supports arguments -Wall: YES 
Compiler for C supports arguments -Wpointer-arith: YES 
Compiler for C supports arguments -Wmissing-declarations: YES 
Compiler for C supports arguments -Wformat=2: YES 
Compiler for C supports arguments -Wstrict-prototypes: YES 
Compiler for C supports arguments -Wmissing-prototypes: YES 
Compiler for C supports arguments -Wnested-externs: YES 
Compiler for C supports arguments -Wbad-function-cast: YES 
Compiler for C supports arguments -Wold-style-definition: YES 
Compiler for C supports arguments -Wunused: YES 
Compiler for C supports arguments -Wuninitialized: YES 
Compiler for C supports arguments -Wshadow: YES 
Compiler for C supports arguments -Wmissing-noreturn: YES 
Compiler for C supports arguments -Wmissing-format-attribute: YES 
Compiler for C supports arguments -Wredundant-decls: YES 
Compiler for C supports arguments -Werror=implicit: YES 
Compiler for C supports arguments -Werror=nonnull: YES 
Compiler for C supports arguments -Werror=init-self: YES 
Compiler for C supports arguments -Werror=main: YES 
Compiler for C supports arguments -Werror=missing-braces: YES 
Compiler for C supports arguments -Werror=sequence-point: YES 
Compiler for C supports arguments -Werror=return-type: YES 
Compiler for C supports arguments -Werror=trigraphs: YES 
Compiler for C supports arguments -Werror=array-bounds: YES 
Compiler for C supports arguments -Werror=write-strings: YES 
Compiler for C supports arguments -Werror=address: YES 
Compiler for C supports arguments -Werror=int-to-pointer-cast: YES 
Compiler for C supports arguments -Werror=pointer-to-int-cast: YES 
../meson.build:61: WARNING: Consider using the built-in warning_level option instead of using "-Wall".
Found pkg-config: YES (/usr/bin/pkg-config) 2.4.3
Run-time dependency x11 found: YES 1.8.12
Run-time dependency xproto found: YES 7.0.33
Run-time dependency randrproto found: YES 1.6.0
Run-time dependency renderproto found: YES 0.11.1
Run-time dependency xextproto found: YES 7.3.0
Run-time dependency inputproto found: YES 2.3.99.2
Run-time dependency kbproto found: YES 1.0.7
Run-time dependency fontsproto found: YES 2.1.3
Run-time dependency fixesproto found: YES 6.1
Run-time dependency damageproto found: YES 1.2.1
Run-time dependency xcmiscproto found: YES 1.2.2
Run-time dependency bigreqsproto found: YES 1.1.2
Run-time dependency presentproto found: YES 1.4
Run-time dependency xtrans found: YES 1.6.0
Run-time dependency videoproto found: YES 2.3.3
Run-time dependency compositeproto found: YES 0.4.2
Run-time dependency recordproto found: YES 1.14.2
Run-time dependency scrnsaverproto found: YES 1.2.3
Run-time dependency resourceproto found: YES 1.2.0
Run-time dependency dri3proto found: YES 1.4
Run-time dependency xineramaproto found: YES 1.2.1
Run-time dependency xf86bigfontproto found: YES 1.2.0
Run-time dependency xf86vidmodeproto found: YES 2.3.1
Run-time dependency xshmfence found: YES 1.3.3
Run-time dependency xwaylandproto found: YES 1.0
Run-time dependency dpmsproto found: YES 1.2
Run-time dependency pixman-1 found: YES 0.46.2
Found CMake: /usr/bin/cmake (4.0.3)
Run-time dependency libbsd-overlay found: NO (tried pkgconfig and cmake)
Run-time dependency xkbcomp found: YES 1.4.5
Run-time dependency xkbfile found: YES 1.1.3
Run-time dependency xfont2 found: YES 2.0.7
Run-time dependency libsystemd found: YES 257
Run-time dependency fontutil found: YES 1.4.1
Run-time dependency libxcvt found: YES 0.1.3
Run-time dependency wayland-client found: YES 1.23.92
Run-time dependency wayland-protocols found: YES 1.45
Dependency libxcvt found: YES 0.1.3 (cached)
Dependency xshmfence found: YES 1.3.3 (cached)
Run-time dependency libdrm found: YES 2.4.125
Run-time dependency epoxy found: YES 1.5.10
Checking for function "getaddrinfo" : YES 
Run-time dependency gbm found: YES 25.1.4
Dependency epoxy found: YES 1.5.10 (cached)
Run-time dependency libdecor-0 found: NO (tried pkgconfig and cmake)
Run-time dependency libei-1.0 found: YES 1.4.1
Run-time dependency liboeffis-1.0 found: YES 1.4.1
Checking for function "SHA1Init" : NO 
Checking for function "CC_SHA1_Init" : NO 
Has header "wincrypt.h" : NO 
Library md found: NO
Run-time dependency libsha1 found: NO (tried pkgconfig and cmake)
Run-time dependency nettle found: YES 3.10.1
Message: Using libnettle SHA1 functions
Run-time dependency xdmcp found: YES 1.1.4
Dependency libdrm found: YES 2.4.125 (cached)
Has header "sys/eventfd.h" : YES 
Has header "sys/shm.h" : YES 
Library m found: YES
Library dl found: YES
Run-time dependency libselinux found: NO (tried pkgconfig and cmake)
Run-time dependency audit found: NO (tried pkgconfig and cmake)
Configuring Xserver.1 using configuration
Run-time dependency xorg-sgml-doctools found: NO (tried pkgconfig and cmake)
Program xmlto found: YES (/usr/bin/xmlto)
Program xsltproc found: YES (/usr/bin/xsltproc)
Program fop found: NO
Run-time dependency dri found: YES 25.1.4
Checking if "typeof()" compiles: YES 
Checking for function "clock_gettime" : YES 
Checking if "CLOCK_MONOTONIC" compiles: YES 
Checking for size of "unsigned long" : 8 
Header "pthread.h" has symbol "PTHREAD_MUTEX_RECURSIVE" : YES 
Checking if "pthread_setname_np(tid, name)" compiles: YES 
Has header "dlfcn.h" : YES 
Has header "execinfo.h" : YES 
Has header "fnmatch.h" : YES 
Has header "stdlib.h" : YES 
Has header "string.h" : YES 
Has header "strings.h" : YES 
Has header "sys/ucred.h" : NO 
Has header "sys/utsname.h" : YES 
Has header "sys/sysmacros.h" : YES 
Checking for function "arc4random_buf" with dependency libbsd-overlay: YES 
Checking for function "backtrace" : YES 
Checking for function "cbrt" : YES 
Checking for function "epoll_create1" : YES 
Checking for function "getuid" : YES 
Checking for function "geteuid" : YES 
Checking for function "isastream" : NO 
Checking for function "issetugid" : NO 
Checking for function "getifaddrs" : YES 
Checking for function "getpeereid" : NO 
Checking for function "getpeerucred" : NO 
Checking for function "getprogname" : NO 
Checking for function "getzoneid" : NO 
Checking for function "memfd_create" : YES 
Checking for function "mkostemp" : YES 
Checking for function "mmap" : YES 
Checking for function "open_device" : NO 
Checking for function "poll" : YES 
Checking for function "pollset_create" : NO 
Checking for function "posix_fallocate" : YES 
Checking for function "port_create" : NO 
Checking for function "reallocarray" with dependency libbsd-overlay: YES 
Checking for function "seteuid" : YES 
Checking for function "setitimer" : YES 
Checking for function "shmctl64" : NO 
Checking for function "sigaction" : YES 
Checking for function "sigprocmask" : YES 
Checking for type "socklen_t" : YES 
Checking for function "strcasecmp" : YES 
Checking for function "strcasestr" : YES 
Checking for function "strlcat" with dependency libbsd-overlay: YES 
Checking for function "strlcpy" with dependency libbsd-overlay: YES 
Checking for function "strncasecmp" : YES 
Checking for function "strndup" : YES 
Header "string.h" has symbol "strndup" : YES 
Checking for type "struct sockaddr_storage" : YES 
Checking for function "timingsafe_memcmp" : NO 
Checking for function "vasprintf" : YES 
Checking for function "vsnprintf" : YES 
Checking for function "walkcontext" : NO 
Checking whether type "struct xucred" has member "cr_pid" : NO 
Header "sys/socket.h" has symbol "SCM_RIGHTS" : YES 
Header "sys/socket.h" has symbol "SO_PEERCRED" : YES 
Configuring dix-config.h using configuration
Configuring version-config.h using configuration
Configuring xkb-config.h using configuration
Configuring xwayland-config.h using configuration
Run-time dependency glproto found: YES 1.4.17
Run-time dependency gl found: YES 1.2
Dependency glproto found: YES 1.4.17 (cached)
Dependency gl found: YES 1.2 (cached)
Run-time dependency libtirpc found: YES 1.3.5
Library pthread found: YES
Run-time dependency xau found: YES 1.0.12
Dependency presentproto found: YES 1.4 (cached)
Dependency epoxy found: YES 1.5.10 (cached)
Build-time dependency wayland-scanner found: YES 1.23.92
Program /usr/bin/wayland-scanner found: YES (/usr/bin/wayland-scanner)
Dependency wayland-protocols found: YES 1.45 (cached)
../hw/xwayland/meson.build:189: WARNING: Project targets '>= 0.56.0' but uses feature introduced in '0.62.0': pkgconfig.generate implicit variable for builtin directories.
Configuring Xwayland.1 using configuration
Configuring org.freedesktop.Xwayland.desktop using configuration
Program rendercheck found: NO
Program scripts/xvfb-piglit.sh found: YES (/blfs/builds/xwayland-24.1.8/test/scripts/xvfb-piglit.sh)
Program scripts/xwayland-piglit.sh found: YES (/blfs/builds/xwayland-24.1.8/test/scripts/xwayland-piglit.sh)
Run-time dependency xcb found: YES 1.17.0
Run-time dependency xcb-xinput found: YES 1.17.0
Dependency xcb found: YES 1.17.0 (cached)
Run-time dependency xcb-damage found: YES 1.17.0
Dependency xcb found: YES 1.17.0 (cached)
Run-time dependency xcb-sync found: YES 1.17.0
Build targets in project: 33
WARNING: Project specifies a minimum meson_version '>= 0.56.0' but uses features which were added in newer versions:
 * 0.62.0: {'pkgconfig.generate implicit variable for builtin directories'}

xwayland 24.1.8

  User defined options
    prefix        : /usr
    xkb_output_dir: /var/lib/xkb

Found ninja-1.12.1 at /usr/bin/ninja
WARNING: Running the setup command as `meson [options]` instead of `meson setup [options]` is ambiguous and deprecated.
[1/446] Compiling C object dix/liblibxserver_dix.a.p/globals.c.o
[2/446] Compiling C object dix/liblibxserver_dix.a.p/initatoms.c.o
[3/446] Compiling C object dix/liblibxserver_dix.a.p/glyphcurs.c.o
[4/446] Compiling C object dix/liblibxserver_dix.a.p/atom.c.o
[5/446] Compiling C object dix/liblibxserver_dix.a.p/extension.c.o
[6/446] Compiling C object dix/liblibxserver_dix.a.p/main.c.o
[7/446] Compiling C object dix/liblibxserver_dix.a.p/gestures.c.o
[8/446] Compiling C object dix/liblibxserver_dix.a.p/pixmap.c.o
[9/446] Compiling C object dix/liblibxserver_dix.a.p/cursor.c.o
[10/446] Compiling C object dix/liblibxserver_dix.a.p/privates.c.o
[11/446] Compiling C object dix/liblibxserver_dix.a.p/dixutils.c.o
[12/446] Compiling C object dix/liblibxserver_dix.a.p/gc.c.o
[13/446] Compiling C object dix/liblibxserver_dix.a.p/selection.c.o
[14/446] Compiling C object dix/liblibxserver_dix.a.p/registry.c.o
[15/446] Compiling C object dix/liblibxserver_dix.a.p/grabs.c.o
[16/446] Compiling C object dix/liblibxserver_dix.a.p/tables.c.o
[17/446] Compiling C object dix/liblibxserver_main.a.p/stubmain.c.o
[18/446] Compiling C object dix/liblibxserver_dix.a.p/eventconvert.c.o
[19/446] Compiling C object dix/liblibxserver_dix.a.p/property.c.o
[20/446] Compiling C object dix/liblibxserver_dix.a.p/ptrveloc.c.o
[21/446] Compiling C object dix/liblibxserver_dix.a.p/inpututils.c.o
[22/446] Compiling C object dri3/liblibxserver_dri3.a.p/dri3.c.o
[23/446] Compiling C object dix/liblibxserver_dix.a.p/resource.c.o
[24/446] Compiling C object dri3/liblibxserver_dri3.a.p/dri3_screen.c.o
[25/446] Compiling C object glx/liblibxserver_glx.a.p/clientinfo.c.o
[26/446] Compiling C object glx/liblibxserver_glx.a.p/indirect_table.c.o
[27/446] Compiling C object dix/liblibxserver_dix.a.p/dixfonts.c.o
[28/446] Compiling C object dix/liblibxserver_dix.a.p/getevents.c.o
[29/446] Compiling C object dix/liblibxserver_dix.a.p/touch.c.o
[30/446] Compiling C object glx/liblibxserver_glx.a.p/indirect_size_get.c.o
[31/446] Compiling C object glx/liblibxserver_glx.a.p/extension_string.c.o
[32/446] Compiling C object dri3/liblibxserver_dri3.a.p/dri3_request.c.o
[33/446] Compiling C object dix/liblibxserver_dix.a.p/swaprep.c.o
[34/446] Compiling C object dix/liblibxserver_dix.a.p/region.c.o
[35/446] Compiling C object dix/liblibxserver_dix.a.p/swapreq.c.o
[36/446] Compiling C object dix/liblibxserver_dix.a.p/enterleave.c.o
[37/446] Compiling C object glx/liblibxserver_glx.a.p/createcontext.c.o
[38/446] Compiling C object glx/liblibxserver_glx.a.p/indirect_program.c.o
[39/446] Compiling C object glx/liblibxserver_glx.a.p/indirect_texture_compression.c.o
[40/446] Compiling C object glx/liblibxserver_glx.a.p/indirect_util.c.o
[41/446] Compiling C object dix/liblibxserver_dix.a.p/devices.c.o
[42/446] Compiling C object glx/liblibxserver_glx.a.p/render2.c.o
[43/446] Compiling C object glx/liblibxserver_glx.a.p/glxdricommon.c.o
[44/446] Compiling C object glx/liblibxserver_glx.a.p/glxdriswrast.c.o
[45/446] Compiling C object glx/liblibxserver_glx.a.p/indirect_reqsize.c.o
[46/446] Compiling C object glx/liblibxserver_glx.a.p/renderpix.c.o
[47/446] Compiling C object glx/liblibxserver_glx.a.p/glxscreens.c.o
[48/446] Compiling C object glx/liblibxserver_glx.a.p/renderpixswap.c.o
[49/446] Compiling C object glx/liblibxserver_glx.a.p/glxext.c.o
[50/446] Compiling C object dix/liblibxserver_dix.a.p/colormap.c.o
[51/446] Compiling C object glx/liblibxserver_glx.a.p/single2swap.c.o
[52/446] Compiling C object glx/liblibxserver_glx.a.p/single2.c.o
[53/446] Compiling C object glx/liblibxserver_glx.a.p/rensize.c.o
[54/446] Compiling C object glx/liblibxserver_glx.a.p/swap_interval.c.o
[55/446] Compiling C object glx/liblibxserver_glx.a.p/singlesize.c.o
[56/446] Compiling C object glx/liblibxserver_glx.a.p/render2swap.c.o
[57/446] Compiling C object glx/liblibxserver_glx.a.p/xfont.c.o
[58/446] Compiling C object glx/liblibxserver_glx.a.p/glxcmdsswap.c.o
[59/446] Compiling C object fb/liblibxserver_fb.a.p/fballpriv.c.o
[60/446] Compiling C object glx/liblibglxvnd.a.p/vndext.c.o
[61/446] Compiling C object glx/liblibxserver_glx.a.p/singlepixswap.c.o
[62/446] Compiling C object glx/liblibglxvnd.a.p/vndservervendor.c.o
[63/446] Compiling C object glx/liblibxserver_glx.a.p/singlepix.c.o
[64/446] Compiling C object glx/liblibglxvnd.a.p/vndservermapping.c.o
[65/446] Compiling C object fb/liblibxserver_fb.a.p/fbarc.c.o
[66/446] Compiling C object dix/liblibxserver_dix.a.p/dispatch.c.o
[67/446] Compiling C object fb/liblibxserver_fb.a.p/fbcmap_mi.c.o
[68/446] Compiling C object fb/liblibxserver_fb.a.p/fbfillsp.c.o
[69/446] Compiling C object fb/liblibxserver_fb.a.p/fbfillrect.c.o
[70/446] Compiling C object fb/liblibxserver_fb.a.p/fbgetsp.c.o
[71/446] Compiling C object fb/liblibxserver_fb.a.p/fbgc.c.o
[72/446] Compiling C object fb/liblibxserver_fb.a.p/fbline.c.o
[73/446] Compiling C object fb/liblibxserver_fb.a.p/fbfill.c.o
[74/446] Compiling C object glx/liblibglxvnd.a.p/vndcmds.c.o
[75/446] Compiling C object fb/liblibxserver_fb.a.p/fbcopy.c.o
[76/446] Compiling C object fb/liblibxserver_fb.a.p/fbblt.c.o
[77/446] Compiling C object fb/liblibxserver_fb.a.p/fbglyph.c.o
[78/446] Compiling C object fb/liblibxserver_fb.a.p/fbpoint.c.o
[79/446] Compiling C object fb/liblibxserver_fb.a.p/fbimage.c.o
[80/446] Compiling C object fb/liblibxserver_fb.a.p/fbbltone.c.o
[81/446] Compiling C object dix/liblibxserver_dix.a.p/window.c.o
[82/446] Compiling C object fb/liblibxserver_fb.a.p/fbscreen.c.o
[83/446] Compiling C object fb/liblibxserver_fb.a.p/fbpush.c.o
[84/446] Compiling C object fb/liblibxserver_fb.a.p/fbutil.c.o
[85/446] Compiling C object fb/liblibxserver_fb.a.p/fbsetsp.c.o
[86/446] Compiling C object fb/liblibxserver_fb.a.p/fbsolid.c.o
[87/446] Compiling C object glx/liblibxserver_glx.a.p/indirect_dispatch.c.o
[88/446] Compiling C object fb/liblibxserver_fb.a.p/fbpict.c.o
[89/446] Compiling C object glx/liblibxserver_glx.a.p/glxcmds.c.o
[90/446] Compiling C object fb/liblibxserver_fb.a.p/fboverlay.c.o
[91/446] Compiling C object mi/liblibxserver_mi.a.p/midash.c.o
[92/446] Compiling C object fb/liblibxserver_fb.a.p/fbtile.c.o
[93/446] Compiling C object fb/liblibxserver_fb.a.p/fbpixmap.c.o
[94/446] Compiling C object fb/liblibxserver_fb.a.p/fbtrap.c.o
[95/446] Compiling C object fb/liblibxserver_fb.a.p/fbwindow.c.o
[96/446] Compiling C object mi/liblibxserver_mi.a.p/mifillrct.c.o
[97/446] Compiling C object mi/liblibxserver_mi.a.p/micopy.c.o
[98/446] Compiling C object fb/liblibxserver_fb.a.p/fbseg.c.o
[99/446] Compiling C object mi/liblibxserver_mi.a.p/migc.c.o
[100/446] Compiling C object dix/liblibxserver_dix.a.p/events.c.o
[101/446] Compiling C object mi/liblibxserver_mi.a.p/miglblt.c.o
[102/446] Compiling C object mi/liblibxserver_mi.a.p/mipolypnt.c.o
[103/446] Compiling C object mi/liblibxserver_mi.a.p/midispcur.c.o
[104/446] Compiling C object mi/liblibxserver_mi.a.p/mipolyseg.c.o
[105/446] Compiling C object mi/liblibxserver_mi.a.p/mipolyrect.c.o
[106/446] Compiling C object mi/liblibxserver_mi.a.p/mieq.c.o
[107/446] Compiling C object mi/liblibxserver_mi.a.p/mibitblt.c.o
[108/446] Compiling C object mi/liblibxserver_mi.a.p/miexpose.c.o
[109/446] Compiling C object mi/liblibxserver_mi.a.p/mipolytext.c.o
[110/446] Compiling C object mi/liblibxserver_mi.a.p/micmap.c.o
[111/446] Compiling C object mi/liblibxserver_mi.a.p/mipushpxl.c.o
[112/446] Compiling C object os/liblibxlibc.a.p/timingsafe_memcmp.c.o
[113/446] Compiling C object mi/liblibxserver_mi.a.p/miscrinit.c.o
[114/446] Compiling C object mi/liblibxserver_mi.a.p/mipointer.c.o
[115/446] Compiling C object os/liblibxserver_os.a.p/backtrace.c.o
[116/446] Compiling C object os/liblibxserver_os.a.p/fmt.c.o
[117/446] Compiling C object mi/liblibxserver_mi.a.p/mipoly.c.o
[118/446] Compiling C object os/liblibxserver_os.a.p/client.c.o
[119/446] Compiling C object os/liblibxserver_os.a.p/alloc.c.o
[120/446] Compiling C object mi/liblibxserver_mi.a.p/mizerline.c.o
[121/446] Compiling C object os/liblibxserver_os.a.p/auth.c.o
[122/446] Compiling C object mi/liblibxserver_mi.a.p/mivaltree.c.o
[123/446] Compiling C object os/liblibxserver_os.a.p/WaitFor.c.o
[124/446] Compiling C object mi/liblibxserver_mi.a.p/mizerclip.c.o
[125/446] Compiling C object mi/liblibxserver_mi.a.p/mifillarc.c.o
[126/446] Compiling C object mi/liblibxserver_mi.a.p/misprite.c.o
[127/446] Compiling C object mi/liblibxserver_mi.a.p/miwindow.c.o
[128/446] Compiling C object os/liblibxserver_os.a.p/mitauth.c.o
[129/446] Compiling C object os/liblibxserver_os.a.p/string.c.o
[130/446] Compiling C object os/liblibxserver_os.a.p/osinit.c.o
[131/446] Compiling C object os/liblibxserver_os.a.p/xsha1.c.o
[132/446] Compiling C object os/liblibxserver_os.a.p/ospoll.c.o
[133/446] Compiling C object os/liblibxserver_os.a.p/inputthread.c.o
[134/446] Compiling C object os/liblibxserver_os.a.p/oscolor.c.o
[135/446] Compiling C object os/liblibxserver_os.a.p/xprintf.c.o
[136/446] Compiling C object os/liblibxserver_os.a.p/busfault.c.o
[137/446] Compiling C object os/liblibxserver_os.a.p/connection.c.o
[138/446] Compiling C object os/liblibxserver_os.a.p/access.c.o
[139/446] Compiling C object os/liblibxserver_os.a.p/xdmauth.c.o
[140/446] Compiling C object os/liblibxserver_os.a.p/rpcauth.c.o
[141/446] Compiling C object os/liblibxserver_os.a.p/io.c.o
[142/446] Compiling C object composite/liblibxserver_composite.a.p/compoverlay.c.o
[143/446] Compiling C object glx/liblibxserver_glx.a.p/indirect_dispatch_swap.c.o
[144/446] Compiling C object miext/sync/liblibxserver_miext_sync.a.p/misyncfd.c.o
[145/446] Compiling C object mi/liblibxserver_mi.a.p/mizerarc.c.o
[146/446] Compiling C object fb/liblibxserver_fb.a.p/fbbits.c.o
[147/446] Compiling C object dbe/liblibxserver_dbe.a.p/midbe.c.o
[148/446] Compiling C object miext/sync/liblibxserver_miext_sync.a.p/misync.c.o
[149/446] Compiling C object composite/liblibxserver_composite.a.p/compinit.c.o
[150/446] Compiling C object composite/liblibxserver_composite.a.p/compalloc.c.o
[151/446] Compiling C object os/liblibxserver_os.a.p/utils.c.o
[152/446] Compiling C object mi/liblibxserver_mi.a.p/mioverlay.c.o
[153/446] Compiling C object os/liblibxserver_os.a.p/log.c.o
[154/446] Compiling C object miext/sync/liblibxserver_miext_sync.a.p/misyncshm.c.o
[155/446] Compiling C object os/liblibxserver_os.a.p/xdmcp.c.o
[156/446] Compiling C object damageext/liblibxserver_damageext.a.p/damageext.c.o
[157/446] Compiling C object dbe/liblibxserver_dbe.a.p/dbe.c.o
[158/446] Compiling C object composite/liblibxserver_composite.a.p/compwindow.c.o
[159/446] Compiling C object composite/liblibxserver_composite.a.p/compext.c.o
[160/446] Compiling C object present/liblibxserver_present.a.p/present_fence.c.o
[161/446] Compiling C object present/liblibxserver_present.a.p/present.c.o
[162/446] Compiling C object present/liblibxserver_present.a.p/present_execute.c.o
[163/446] Compiling C object present/liblibxserver_present.a.p/present_event.c.o
[164/446] Compiling C object present/liblibxserver_present.a.p/present_fake.c.o
[165/446] Compiling C object present/liblibxserver_present.a.p/present_notify.c.o
[166/446] Compiling C object present/liblibxserver_present.a.p/present_vblank.c.o
[167/446] Compiling C object present/liblibxserver_present.a.p/present_screen.c.o
[168/446] Compiling C object os/liblibxserver_os.a.p/xstrans.c.o
[169/446] Compiling C object randr/liblibxserver_randr.a.p/rrdispatch.c.o
[170/446] Compiling C object present/liblibxserver_present.a.p/present_request.c.o
[171/446] Compiling C object randr/liblibxserver_randr.a.p/rrinfo.c.o
[172/446] Compiling C object randr/liblibxserver_randr.a.p/rrlease.c.o
[173/446] Compiling C object randr/liblibxserver_randr.a.p/rrpointer.c.o
[174/446] Compiling C object randr/liblibxserver_randr.a.p/rrmode.c.o
[175/446] Compiling C object mi/liblibxserver_mi.a.p/miwideline.c.o
[176/446] Compiling C object randr/liblibxserver_randr.a.p/rrprovider.c.o
[177/446] Compiling C object randr/liblibxserver_randr.a.p/rrxinerama.c.o
[178/446] Compiling C object randr/liblibxserver_randr.a.p/rrtransform.c.o
[179/446] Compiling C object present/liblibxserver_present.a.p/present_scmd.c.o
[180/446] Compiling C object randr/liblibxserver_randr.a.p/randr.c.o
[181/446] Compiling C object record/liblibxserver_record.a.p/set.c.o
[182/446] Compiling C object randr/liblibxserver_randr.a.p/rroutput.c.o
[183/446] Compiling C object randr/liblibxserver_randr.a.p/rrproviderproperty.c.o
[184/446] Compiling C object render/liblibxserver_render.a.p/animcur.c.o
[185/446] Compiling C object randr/liblibxserver_randr.a.p/rrmonitor.c.o
[186/446] Compiling C object render/liblibxserver_render.a.p/matrix.c.o
[187/446] Compiling C object randr/liblibxserver_randr.a.p/rrsdispatch.c.o
[188/446] Compiling C object render/liblibxserver_render.a.p/filter.c.o
[189/446] Compiling C object randr/liblibxserver_randr.a.p/rrproperty.c.o
[190/446] Compiling C object render/liblibxserver_render.a.p/mitri.c.o
[191/446] Compiling C object render/liblibxserver_render.a.p/mirect.c.o
[192/446] Compiling C object render/liblibxserver_render.a.p/mitrap.c.o
[193/446] Compiling C object render/liblibxserver_render.a.p/miindex.c.o
[194/446] Compiling C object xfixes/liblibxserver_xfixes.a.p/saveset.c.o
[195/446] Compiling C object xfixes/liblibxserver_xfixes.a.p/disconnect.c.o
[196/446] Compiling C object mi/liblibxserver_mi.a.p/miarc.c.o
[197/446] Compiling C object xfixes/liblibxserver_xfixes.a.p/xfixes.c.o
[198/446] Compiling C object render/liblibxserver_render.a.p/glyph.c.o
[199/446] Compiling C object render/liblibxserver_render.a.p/mipict.c.o
[200/446] Compiling C object xfixes/liblibxserver_xfixes.a.p/select.c.o
[201/446] Compiling C object xkb/liblibxserver_xkb.a.p/ddxLEDs.c.o
[202/446] Compiling C object xkb/liblibxserver_xkb.a.p/ddxBeep.c.o
[203/446] Compiling C object xkb/liblibxserver_xkb.a.p/ddxCtrls.c.o
[204/446] Compiling C object randr/liblibxserver_randr.a.p/rrscreen.c.o
[205/446] Compiling C object xkb/liblibxserver_xkb.a.p/ddxLoad.c.o
[206/446] Compiling C object randr/liblibxserver_randr.a.p/rrcrtc.c.o
[207/446] Compiling C object miext/damage/liblibxserver_miext_damage.a.p/damage.c.o
[208/446] Compiling C object xfixes/liblibxserver_xfixes.a.p/cursor.c.o
[209/446] Compiling C object xkb/liblibxserver_xkb.a.p/xkbfmisc.c.o
[210/446] Compiling C object xfixes/liblibxserver_xfixes.a.p/region.c.o
[211/446] Compiling C object xkb/liblibxserver_xkb.a.p/xkbPrKeyEv.c.o
[212/446] Compiling C object xkb/liblibxserver_xkb.a.p/xkbAccessX.c.o
[213/446] Compiling C object xkb/liblibxserver_xkb.a.p/maprules.c.o
[214/446] Compiling C object xkb/liblibxserver_xkb.a.p/xkbInit.c.o
[215/446] Compiling C object record/liblibxserver_record.a.p/record.c.o
[216/446] Compiling C object xkb/liblibxserver_xkb_stubs.a.p/ddxKillSrv.c.o
[217/446] Compiling C object xkb/liblibxserver_xkb_stubs.a.p/ddxPrivate.c.o
[218/446] Compiling C object xkb/liblibxserver_xkb.a.p/XKBAlloc.c.o
[219/446] Compiling C object xkb/liblibxserver_xkb.a.p/xkbSwap.c.o
[220/446] Compiling C object xkb/liblibxserver_xkb_stubs.a.p/ddxVT.c.o
[221/446] Compiling C object Xext/liblibxserver_xext.a.p/bigreq.c.o
[222/446] Compiling C object xkb/liblibxserver_xkb.a.p/xkbout.c.o
[223/446] Compiling C object render/liblibxserver_render.a.p/picture.c.o
[224/446] Compiling C object Xext/liblibxserver_xext.a.p/xcmisc.c.o
[225/446] Compiling C object xkb/liblibxserver_xkb.a.p/xkbEvents.c.o
[226/446] Compiling C object Xext/liblibxserver_xext.a.p/sleepuntil.c.o
[227/446] Compiling C object Xext/liblibxserver_xext.a.p/geext.c.o
[228/446] Compiling C object xkb/liblibxserver_xkb.a.p/xkmread.c.o
[229/446] Compiling C object xkb/liblibxserver_xkb.a.p/xkbLEDs.c.o
[230/446] Compiling C object xkb/liblibxserver_xkb.a.p/xkbActions.c.o
[231/446] Compiling C object xkb/liblibxserver_xkb.a.p/XKBGAlloc.c.o
[232/446] Compiling C object xkb/liblibxserver_xkb.a.p/xkbtext.c.o
[233/446] Compiling C object Xext/liblibxserver_xext.a.p/hashtable.c.o
[234/446] Compiling C object Xext/liblibxserver_xext.a.p/dpms.c.o
[235/446] Compiling C object Xext/liblibxserver_xext.a.p/panoramiXSwap.c.o
[236/446] Compiling C object xkb/liblibxserver_xkb.a.p/XKBMisc.c.o
[237/446] Compiling C object xkb/liblibxserver_xkb.a.p/XKBMAlloc.c.o
[238/446] Compiling C object Xext/liblibxserver_xext.a.p/xace.c.o
[239/446] Compiling C object Xi/liblibxserver_xi.a.p/allowev.c.o
[240/446] Compiling C object Xext/liblibxserver_xext.a.p/xtest.c.o
[241/446] Compiling C object Xext/liblibxserver_xext.a.p/xres.c.o
[242/446] Compiling C object Xi/liblibxserver_xi.a.p/chgkmap.c.o
[243/446] Compiling C object Xext/liblibxserver_xext.a.p/shape.c.o
[244/446] Compiling C object Xi/liblibxserver_xi.a.p/chgkbd.c.o
[245/446] Compiling C object Xi/liblibxserver_xi.a.p/chgdctl.c.o
[246/446] Compiling C object Xi/liblibxserver_xi.a.p/chgptr.c.o
[247/446] Compiling C object Xi/liblibxserver_xi.a.p/chgprop.c.o
[248/446] Compiling C object Xext/liblibxserver_xext.a.p/xvmain.c.o
[249/446] Compiling C object Xext/liblibxserver_xext.a.p/xvmc.c.o
[250/446] Compiling C object Xi/liblibxserver_xi.a.p/chgfctl.c.o
[251/446] Compiling C object Xi/liblibxserver_xi.a.p/devbell.c.o
[252/446] Compiling C object xkb/liblibxserver_xkb.a.p/xkbUtils.c.o
[253/446] Compiling C object Xi/liblibxserver_xi.a.p/getdctl.c.o
[254/446] Compiling C object Xi/liblibxserver_xi.a.p/closedev.c.o
[255/446] Compiling C object Xi/liblibxserver_xi.a.p/getbmap.c.o
[256/446] Compiling C object Xi/liblibxserver_xi.a.p/getfocus.c.o
[257/446] Compiling C object Xext/liblibxserver_xext.a.p/shm.c.o
[258/446] Compiling C object Xext/liblibxserver_xext.a.p/panoramiX.c.o
[259/446] Compiling C object Xext/liblibxserver_xext.a.p/saver.c.o
[260/446] Compiling C object Xi/liblibxserver_xi.a.p/getfctl.c.o
[261/446] Compiling C object Xi/liblibxserver_xi.a.p/getkmap.c.o
[262/446] Compiling C object Xi/liblibxserver_xi.a.p/getmmap.c.o
[263/446] Compiling C object Xi/liblibxserver_xi.a.p/getselev.c.o
[264/446] Compiling C object Xi/liblibxserver_xi.a.p/grabdev.c.o
[265/446] Compiling C object Xi/liblibxserver_xi.a.p/grabdevk.c.o
[266/446] Compiling C object render/liblibxserver_render.a.p/render.c.o
[267/446] Compiling C object Xi/liblibxserver_xi.a.p/getvers.c.o
[268/446] Compiling C object Xext/liblibxserver_xext.a.p/sync.c.o
[269/446] Compiling C object Xi/liblibxserver_xi.a.p/getprop.c.o
[270/446] Compiling C object Xi/liblibxserver_xi.a.p/grabdevb.c.o
[271/446] Compiling C object Xi/liblibxserver_xi.a.p/gtmotion.c.o
[272/446] Compiling C object Xi/liblibxserver_xi.a.p/opendev.c.o
[273/446] Compiling C object Xi/liblibxserver_xi.a.p/setdval.c.o
[274/446] Compiling C object Xi/liblibxserver_xi.a.p/extinit.c.o
[275/446] Compiling C object Xi/liblibxserver_xi.a.p/setfocus.c.o
[276/446] Compiling C object Xi/liblibxserver_xi.a.p/setbmap.c.o
[277/446] Compiling C object Xi/liblibxserver_xi.a.p/sendexev.c.o
[278/446] Compiling C object Xi/liblibxserver_xi.a.p/ungrdev.c.o
[279/446] Compiling C object Xi/liblibxserver_xi.a.p/listdev.c.o
[280/446] Compiling C object Xi/liblibxserver_xi.a.p/queryst.c.o
[281/446] Compiling C object Xi/liblibxserver_xi.a.p/selectev.c.o
[282/446] Compiling C object Xi/liblibxserver_xi.a.p/setmmap.c.o
[283/446] Compiling C object Xi/liblibxserver_xi.a.p/ungrdevb.c.o
[284/446] Compiling C object Xext/liblibxserver_xext.a.p/xvdisp.c.o
[285/446] Compiling C object Xi/liblibxserver_xi.a.p/setmode.c.o
[286/446] Compiling C object Xi/liblibxserver_xi.a.p/xiallowev.c.o
[287/446] Compiling C object Xi/liblibxserver_xi.a.p/xichangecursor.c.o
[288/446] Compiling C object Xi/liblibxserver_xi.a.p/ungrdevk.c.o
[289/446] Compiling C object Xext/liblibxserver_xext_vidmode.a.p/vidmode.c.o
[290/446] Compiling C object Xi/liblibxserver_xi.a.p/xigrabdev.c.o
[291/446] Compiling C object Xi/liblibxserver_xi.a.p/xigetclientpointer.c.o
[292/446] Compiling C object Xi/liblibxserver_xi.a.p/xisetclientpointer.c.o
[293/446] Compiling C object Xi/liblibxserver_xi_stubs.a.p/stubs.c.o
[294/446] Compiling C object Xi/liblibxserver_xi.a.p/xisetdevfocus.c.o
[295/446] Compiling C object Xi/liblibxserver_xi.a.p/xiqueryversion.c.o
[296/446] Compiling C object Xi/liblibxserver_xi.a.p/xiwarppointer.c.o
[297/446] Compiling C object Xi/liblibxserver_xi.a.p/xiquerypointer.c.o
[298/446] Compiling C object Xi/liblibxserver_xi.a.p/xipassivegrab.c.o
[299/446] Compiling C object Xi/liblibxserver_xi.a.p/xiselectev.c.o
[300/446] Compiling C object Xi/liblibxserver_xi.a.p/xichangehierarchy.c.o
[301/446] Compiling C object Xi/liblibxserver_xi.a.p/xiquerydevice.c.o
[302/446] Compiling C object Xi/liblibxserver_xi.a.p/xibarriers.c.o
[303/446] Compiling C object glamor/libglamor.a.p/glamor_core.c.o
[304/446] Compiling C object glamor/libglamor.a.p/glamor_font.c.o
[305/446] Compiling C object glamor/libglamor.a.p/glamor_lines.c.o
[306/446] Compiling C object glamor/libglamor.a.p/glamor_dash.c.o
[307/446] Compiling C object Xi/liblibxserver_xi.a.p/xiproperty.c.o
[308/446] Compiling C object glamor/libglamor.a.p/glamor_image.c.o
[309/446] Compiling C object Xext/liblibxserver_xext.a.p/panoramiXprocs.c.o
[310/446] Compiling C object glamor/libglamor.a.p/glamor_prepare.c.o
[311/446] Compiling C object glamor/libglamor.a.p/glamor_segs.c.o
[312/446] Compiling C object glamor/libglamor.a.p/glamor_composite_glyphs.c.o
[313/446] Compiling C object glamor/libglamor.a.p/glamor_copy.c.o
[314/446] Compiling C object glamor/libglamor.a.p/glamor_program.c.o
[315/446] Compiling C object glamor/libglamor.a.p/glamor_rects.c.o
[316/446] Compiling C object glamor/libglamor.a.p/glamor_gradient.c.o
[317/446] Compiling C object glamor/libglamor.a.p/glamor.c.o
[318/446] Compiling C object glamor/libglamor.a.p/glamor_addtraps.c.o
[319/446] Compiling C object glamor/libglamor.a.p/glamor_text.c.o
[320/446] Compiling C object glamor/libglamor.a.p/glamor_spans.c.o
[321/446] Compiling C object glamor/libglamor.a.p/glamor_trapezoid.c.o
[322/446] Generating 'hw/xwayland/Xwayland.p/relative-pointer-unstable-v1-client-protocol.h'
[323/446] Compiling C object glamor/libglamor.a.p/glamor_triangles.c.o
[324/446] Generating 'hw/xwayland/Xwayland.p/pointer-constraints-unstable-v1-client-protocol.h'
[325/446] Compiling C object Xi/liblibxserver_xi.a.p/exevents.c.o
[326/446] Compiling C object glamor/libglamor.a.p/glamor_transform.c.o
[327/446] Generating 'hw/xwayland/Xwayland.p/pointer-gestures-unstable-v1-client-protocol.h'
[328/446] Generating 'hw/xwayland/Xwayland.p/xwayland-keyboard-grab-unstable-v1-client-protocol.h'
[329/446] Generating 'hw/xwayland/Xwayland.p/tablet-unstable-v2-client-protocol.h'
[330/446] Generating 'hw/xwayland/Xwayland.p/xdg-output-unstable-v1-client-protocol.h'
[331/446] Generating 'hw/xwayland/Xwayland.p/linux-dmabuf-unstable-v1-client-protocol.h'
[332/446] Generating 'hw/xwayland/Xwayland.p/xdg-shell-client-protocol.h'
[333/446] Generating 'hw/xwayland/Xwayland.p/keyboard-shortcuts-inhibit-unstable-v1-client-protocol.h'
[334/446] Generating 'hw/xwayland/Xwayland.p/viewporter-client-protocol.h'
[335/446] Generating 'hw/xwayland/Xwayland.p/drm-lease-v1-client-protocol.h'
[336/446] Generating 'hw/xwayland/Xwayland.p/xwayland-shell-v1-client-protocol.h'
[337/446] Generating 'hw/xwayland/Xwayland.p/tearing-control-v1-client-protocol.h'
[338/446] Generating 'hw/xwayland/Xwayland.p/fractional-scale-v1-client-protocol.h'
[339/446] Generating 'hw/xwayland/Xwayland.p/linux-drm-syncobj-v1-client-protocol.h'
[340/446] Generating 'hw/xwayland/Xwayland.p/relative-pointer-unstable-v1-protocol.c'
[341/446] Generating 'hw/xwayland/Xwayland.p/pointer-constraints-unstable-v1-protocol.c'
[342/446] Generating 'hw/xwayland/Xwayland.p/tablet-unstable-v2-protocol.c'
[343/446] Generating 'hw/xwayland/Xwayland.p/xwayland-keyboard-grab-unstable-v1-protocol.c'
[344/446] Generating 'hw/xwayland/Xwayland.p/linux-dmabuf-unstable-v1-protocol.c'
[345/446] Generating 'hw/xwayland/Xwayland.p/pointer-gestures-unstable-v1-protocol.c'
[346/446] Generating 'hw/xwayland/Xwayland.p/xdg-output-unstable-v1-protocol.c'
[347/446] Generating 'hw/xwayland/Xwayland.p/viewporter-protocol.c'
[348/446] Compiling C object glamor/libglamor.a.p/glamor_transfer.c.o
[349/446] Generating 'hw/xwayland/Xwayland.p/xdg-shell-protocol.c'
[350/446] Generating 'hw/xwayland/Xwayland.p/drm-lease-v1-protocol.c'
[351/446] Generating 'hw/xwayland/Xwayland.p/keyboard-shortcuts-inhibit-unstable-v1-protocol.c'
[352/446] Generating 'hw/xwayland/Xwayland.p/xwayland-shell-v1-protocol.c'
[353/446] Generating 'hw/xwayland/Xwayland.p/tearing-control-v1-protocol.c'
[354/446] Generating 'hw/xwayland/Xwayland.p/fractional-scale-v1-protocol.c'
[355/446] Generating 'hw/xwayland/Xwayland.p/drm-client-protocol.h'
[356/446] Generating 'hw/xwayland/Xwayland.p/drm-protocol.c'
[357/446] Linking static target dix/liblibxserver_main.a
[358/446] Linking static target dri3/liblibxserver_dri3.a
[359/446] Generating 'hw/xwayland/Xwayland.p/linux-drm-syncobj-v1-protocol.c'
[360/446] Linking static target glx/liblibxserver_glx.a
[361/446] Linking static target glx/liblibglxvnd.a
[362/446] Linking static target dix/liblibxserver_dix.a
[363/446] Linking static target fb/liblibxserver_fb.a
[364/446] Linking static target mi/liblibxserver_mi.a
[365/446] Compiling C object glamor/libglamor.a.p/glamor_points.c.o
[366/446] Linking static target dbe/liblibxserver_dbe.a
[367/446] Linking static target os/liblibxlibc.a
[368/446] Linking static target damageext/liblibxserver_damageext.a
[369/446] Linking static target miext/damage/liblibxserver_miext_damage.a
[370/446] Linking static target composite/liblibxserver_composite.a
[371/446] Linking static target os/liblibxserver_os.a
[372/446] Linking static target record/liblibxserver_record.a
[373/446] Linking static target miext/sync/liblibxserver_miext_sync.a
[374/446] Linking static target present/liblibxserver_present.a
[375/446] Linking static target xfixes/liblibxserver_xfixes.a
[376/446] Linking static target xkb/liblibxserver_xkb_stubs.a
[377/446] Linking static target Xext/liblibxserver_xext.a
[378/446] Linking static target Xext/liblibxserver_xext_vidmode.a
[379/446] Linking static target Xi/liblibxserver_xi_stubs.a
[380/446] Linking static target randr/liblibxserver_randr.a
[381/446] Linking static target render/liblibxserver_render.a
[382/446] Linking static target Xi/liblibxserver_xi.a
[383/446] Compiling C object glamor/libglamor.a.p/glamor_glyphblt.c.o
[384/446] Compiling C object glamor/libglamor.a.p/glamor_vbo.c.o
[385/446] Compiling C object glamor/libglamor.a.p/glamor_window.c.o
[386/446] Compiling C object glamor/libglamor.a.p/glamor_picture.c.o
[387/446] Compiling C object glamor/libglamor.a.p/glamor_pixmap.c.o
[388/446] Compiling C object hw/xwayland/Xwayland.p/meson-generated_relative-pointer-unstable-v1-protocol.c.o
[389/446] Compiling C object hw/xwayland/Xwayland.p/meson-generated_pointer-gestures-unstable-v1-protocol.c.o
[390/446] Compiling C object hw/xwayland/Xwayland.p/meson-generated_xwayland-keyboard-grab-unstable-v1-protocol.c.o
[391/446] Compiling C object hw/xwayland/Xwayland.p/meson-generated_pointer-constraints-unstable-v1-protocol.c.o
[392/446] Compiling C object hw/xwayland/Xwayland.p/meson-generated_xdg-output-unstable-v1-protocol.c.o
[393/446] Compiling C object hw/xwayland/Xwayland.p/meson-generated_tablet-unstable-v2-protocol.c.o
[394/446] Compiling C object hw/xwayland/Xwayland.p/meson-generated_linux-dmabuf-unstable-v1-protocol.c.o
[395/446] Compiling C object hw/xwayland/Xwayland.p/meson-generated_viewporter-protocol.c.o
[396/446] Compiling C object hw/xwayland/Xwayland.p/meson-generated_tearing-control-v1-protocol.c.o
[397/446] Compiling C object hw/xwayland/Xwayland.p/meson-generated_xwayland-shell-v1-protocol.c.o
[398/446] Compiling C object hw/xwayland/Xwayland.p/meson-generated_keyboard-shortcuts-inhibit-unstable-v1-protocol.c.o
[399/446] Compiling C object hw/xwayland/Xwayland.p/meson-generated_fractional-scale-v1-protocol.c.o
[400/446] Compiling C object hw/xwayland/Xwayland.p/meson-generated_xdg-shell-protocol.c.o
[401/446] Compiling C object hw/xwayland/Xwayland.p/meson-generated_drm-lease-v1-protocol.c.o
[402/446] Compiling C object hw/xwayland/Xwayland.p/meson-generated_drm-protocol.c.o
[403/446] Compiling C object hw/xwayland/Xwayland.p/meson-generated_linux-drm-syncobj-v1-protocol.c.o
[404/446] Compiling C object glamor/libglamor.a.p/glamor_utils.c.o
[405/446] Compiling C object glamor/libglamor.a.p/glamor_compositerects.c.o
[406/446] Compiling C object glamor/libglamor.a.p/glamor_sync.c.o
[407/446] Compiling C object glamor/libglamor.a.p/glamor_fbo.c.o
[408/446] Compiling C object hw/vfb/Xvfb.p/.._.._mi_miinitext.c.o
[409/446] Compiling C object hw/vfb/Xvfb.p/InitInput.c.o
[410/446] Compiling C object glamor/libglamor.a.p/glamor_glx_provider.c.o
[411/446] Compiling C object hw/xwayland/Xwayland.p/.._.._mi_miinitext.c.o
[412/446] Compiling C object hw/xwayland/Xwayland.p/xwayland-pixmap.c.o
[413/446] Compiling C object hw/xwayland/Xwayland.p/xwayland-shm.c.o
[414/446] Compiling C object hw/xwayland/Xwayland.p/xwayland.c.o
[415/446] Compiling C object glamor/libglamor.a.p/glamor_xv.c.o
[416/446] Compiling C object hw/xwayland/Xwayland.p/xwayland-cvt.c.o
[417/446] Compiling C object hw/xwayland/Xwayland.p/xwayland-drm-lease.c.o
[418/446] Compiling C object hw/xwayland/Xwayland.p/xwayland-vidmode.c.o
[419/446] Compiling C object hw/xwayland/Xwayland.p/xwayland-window-buffers.c.o
[420/446] Compiling C object test/bigreq/request-length.p/request-length.c.o
[421/446] Compiling C object hw/vfb/Xvfb.p/InitOutput.c.o
[422/446] Linking target test/bigreq/request-length
[423/446] Compiling C object hw/xwayland/Xwayland.p/xwayland-cursor.c.o
[424/446] Compiling C object test/simple-xinit.p/simple-xinit.c.o
[425/446] Compiling C object hw/xwayland/Xwayland.p/xwayland-glamor.c.o
[426/446] Compiling C object test/damage/damage-primitives.p/primitives.c.o
[427/446] Linking target test/simple-xinit
[428/446] Linking target test/damage/damage-primitives
[429/446] Compiling C object test/sync/sync.p/sync.c.o
[430/446] Linking target test/sync/sync
[431/446] Compiling C object hw/xwayland/Xwayland.p/xwayland-xtest.c.o
[432/446] Compiling C object hw/xwayland/Xwayland.p/xwayland-output.c.o
[433/446] Compiling C object hw/xwayland/Xwayland.p/xwayland-screen.c.o
[434/446] Compiling C object glamor/libglamor.a.p/glamor_largepixmap.c.o
[435/446] Compiling C object hw/xwayland/Xwayland.p/xwayland-present.c.o
[436/446] Compiling C object hw/xwayland/Xwayland.p/xwayland-glamor-xv.c.o
[437/446] Compiling C object hw/xwayland/Xwayland.p/xwayland-dmabuf.c.o
[438/446] Compiling C object glamor/libglamor.a.p/glamor_render.c.o
[439/446] Linking static target glamor/libglamor.a
[440/446] Compiling C object xkb/liblibxserver_xkb.a.p/xkb.c.o
[441/446] Linking static target xkb/liblibxserver_xkb.a
[442/446] Compiling C object hw/xwayland/Xwayland.p/xwayland-window.c.o
[443/446] Compiling C object hw/xwayland/Xwayland.p/xwayland-glamor-gbm.c.o
[444/446] Compiling C object hw/xwayland/Xwayland.p/xwayland-input.c.o
[445/446] Linking target hw/vfb/Xvfb
[446/446] Linking target hw/xwayland/Xwayland
[0/1] Installing files
Installing hw/xwayland/Xwayland to /pkgs/xwayland/usr/bin
Installing /blfs/builds/xwayland-24.1.8/build/man/Xserver.1 to /pkgs/xwayland/usr/share/man/man1
Installing /blfs/builds/xwayland-24.1.8/build/hw/xwayland/Xwayland.1 to /pkgs/xwayland/usr/share/man/man1
Installing /blfs/builds/xwayland-24.1.8/dix/protocol.txt to /pkgs/xwayland/usr/lib/xorg
Installing /blfs/builds/xwayland-24.1.8/build/meson-private/xwayland.pc to /pkgs/xwayland/usr/lib/pkgconfig
Installing /blfs/builds/xwayland-24.1.8/build/hw/xwayland/org.freedesktop.Xwayland.desktop to /pkgs/xwayland/usr/share/applications
[0/1] Installing files
Installing hw/xwayland/Xwayland to /usr/bin
Installing /blfs/builds/xwayland-24.1.8/build/man/Xserver.1 to /usr/share/man/man1
Installing /blfs/builds/xwayland-24.1.8/build/hw/xwayland/Xwayland.1 to /usr/share/man/man1
Installing /blfs/builds/xwayland-24.1.8/dix/protocol.txt to /usr/lib/xorg
Installing /blfs/builds/xwayland-24.1.8/build/meson-private/xwayland.pc to /usr/lib/pkgconfig
Installing /blfs/builds/xwayland-24.1.8/build/hw/xwayland/org.freedesktop.Xwayland.desktop to /usr/share/applications
xwayland/
xwayland/usr/
xwayland/usr/share/
xwayland/usr/share/applications/
xwayland/usr/share/applications/org.freedesktop.Xwayland.desktop
xwayland/usr/share/man/
xwayland/usr/share/man/man1/
xwayland/usr/share/man/man1/Xserver.1
xwayland/usr/share/man/man1/Xwayland.1
xwayland/usr/lib/
xwayland/usr/lib/xorg/
xwayland/usr/lib/xorg/protocol.txt
xwayland/usr/lib/pkgconfig/
xwayland/usr/lib/pkgconfig/xwayland.pc
xwayland/usr/bin/
xwayland/usr/bin/Xwayland
xwayland/version
xwayland/depends
