--2025-06-07 21:31:21--  https://gitlab.freedesktop.org/bolt/bolt/-/archive/0.9.9/bolt-0.9.9.tar.gz
Resolving gitlab.freedesktop.org (gitlab.freedesktop.org)... 2a04:4e42:400::820, 2a04:4e42::820, 2a04:4e42:600::820, ...
Connecting to gitlab.freedesktop.org (gitlab.freedesktop.org)|2a04:4e42:400::820|:443... connected.
HTTP request sent, awaiting response... 200 
Length: unspecified [application/octet-stream]
Saving to: 'bolt-0.9.9.tar.gz'

     0K .......... .......... .......... .......... ..........  267K
    50K .......... .......... .......... .......... ..........  539K
   100K .......... .......... .......... .......... .......... 34.8M
   150K .......... .......... .......... .......... ..........  544K
   200K .......... .......... .......... .......... .......... 64.2M
   250K                                                        1.14T=0.4s

2025-06-07 21:31:22 (670 KB/s) - 'bolt-0.9.9.tar.gz' saved [256627]

bolt-0.9.9/
bolt-0.9.9/.devcontainer/
bolt-0.9.9/.devcontainer/Dockerfile
bolt-0.9.9/.devcontainer/devcontainer.json
bolt-0.9.9/.editorconfig
bolt-0.9.9/.flake8
bolt-0.9.9/.git-blame-ignore-revs
bolt-0.9.9/.gitconfig
bolt-0.9.9/.gitignore
bolt-0.9.9/.gitlab-ci.yml
bolt-0.9.9/.markdownlint.json
bolt-0.9.9/.packit.yaml
bolt-0.9.9/.pre-commit-config.yaml
bolt-0.9.9/.pylintrc
bolt-0.9.9/.travis.yml
bolt-0.9.9/BUGS.md
bolt-0.9.9/CHANGELOG.md
bolt-0.9.9/COPYING
bolt-0.9.9/HACKING.md
bolt-0.9.9/INSTALL.md
bolt-0.9.9/README.md
bolt-0.9.9/bolt.spec
bolt-0.9.9/boltd/
bolt-0.9.9/boltd/bolt-auth.c
bolt-0.9.9/boltd/bolt-auth.h
bolt-0.9.9/boltd/bolt-bouncer.c
bolt-0.9.9/boltd/bolt-bouncer.h
bolt-0.9.9/boltd/bolt-config.c
bolt-0.9.9/boltd/bolt-config.h
bolt-0.9.9/boltd/bolt-daemon.c
bolt-0.9.9/boltd/bolt-device.c
bolt-0.9.9/boltd/bolt-device.h
bolt-0.9.9/boltd/bolt-domain.c
bolt-0.9.9/boltd/bolt-domain.h
bolt-0.9.9/boltd/bolt-exported.c
bolt-0.9.9/boltd/bolt-exported.h
bolt-0.9.9/boltd/bolt-guard.c
bolt-0.9.9/boltd/bolt-guard.h
bolt-0.9.9/boltd/bolt-journal.c
bolt-0.9.9/boltd/bolt-journal.h
bolt-0.9.9/boltd/bolt-key.c
bolt-0.9.9/boltd/bolt-key.h
bolt-0.9.9/boltd/bolt-log.c
bolt-0.9.9/boltd/bolt-log.h
bolt-0.9.9/boltd/bolt-manager.c
bolt-0.9.9/boltd/bolt-manager.h
bolt-0.9.9/boltd/bolt-power.c
bolt-0.9.9/boltd/bolt-power.h
bolt-0.9.9/boltd/bolt-reaper.c
bolt-0.9.9/boltd/bolt-reaper.h
bolt-0.9.9/boltd/bolt-store.c
bolt-0.9.9/boltd/bolt-store.h
bolt-0.9.9/boltd/bolt-sysfs.c
bolt-0.9.9/boltd/bolt-sysfs.h
bolt-0.9.9/boltd/bolt-udev.c
bolt-0.9.9/boltd/bolt-udev.h
bolt-0.9.9/boltd/bolt-watchdog.c
bolt-0.9.9/boltd/bolt-watchdog.h
bolt-0.9.9/cli/
bolt-0.9.9/cli/bolt-client.c
bolt-0.9.9/cli/bolt-client.h
bolt-0.9.9/cli/bolt-device.c
bolt-0.9.9/cli/bolt-device.h
bolt-0.9.9/cli/bolt-domain.c
bolt-0.9.9/cli/bolt-domain.h
bolt-0.9.9/cli/bolt-power.c
bolt-0.9.9/cli/bolt-power.h
bolt-0.9.9/cli/bolt-proxy.c
bolt-0.9.9/cli/bolt-proxy.h
bolt-0.9.9/cli/boltctl-authorize.c
bolt-0.9.9/cli/boltctl-cmds.h
bolt-0.9.9/cli/boltctl-config.c
bolt-0.9.9/cli/boltctl-domains.c
bolt-0.9.9/cli/boltctl-enroll.c
bolt-0.9.9/cli/boltctl-forget.c
bolt-0.9.9/cli/boltctl-info.c
bolt-0.9.9/cli/boltctl-list.c
bolt-0.9.9/cli/boltctl-monitor.c
bolt-0.9.9/cli/boltctl-power.c
bolt-0.9.9/cli/boltctl-uidfmt.c
bolt-0.9.9/cli/boltctl-uidfmt.h
bolt-0.9.9/cli/boltctl.c
bolt-0.9.9/cli/boltctl.h
bolt-0.9.9/common/
bolt-0.9.9/common/bolt-dbus.c
bolt-0.9.9/common/bolt-dbus.h
bolt-0.9.9/common/bolt-enums.c
bolt-0.9.9/common/bolt-enums.h
bolt-0.9.9/common/bolt-error.c
bolt-0.9.9/common/bolt-error.h
bolt-0.9.9/common/bolt-fs.c
bolt-0.9.9/common/bolt-fs.h
bolt-0.9.9/common/bolt-glue.c
bolt-0.9.9/common/bolt-glue.h
bolt-0.9.9/common/bolt-io.c
bolt-0.9.9/common/bolt-io.h
bolt-0.9.9/common/bolt-list.h
bolt-0.9.9/common/bolt-macros.h
bolt-0.9.9/common/bolt-names.c
bolt-0.9.9/common/bolt-names.h
bolt-0.9.9/common/bolt-rnd.c
bolt-0.9.9/common/bolt-rnd.h
bolt-0.9.9/common/bolt-str.c
bolt-0.9.9/common/bolt-str.h
bolt-0.9.9/common/bolt-term.c
bolt-0.9.9/common/bolt-term.h
bolt-0.9.9/common/bolt-time.c
bolt-0.9.9/common/bolt-time.h
bolt-0.9.9/common/bolt-unix.c
bolt-0.9.9/common/bolt-unix.h
bolt-0.9.9/common/bolt-wire.c
bolt-0.9.9/common/bolt-wire.h
bolt-0.9.9/common/fix-coverity.h
bolt-0.9.9/config.h.in
bolt-0.9.9/contrib/
bolt-0.9.9/contrib/Dockerfile-alpine
bolt-0.9.9/contrib/Dockerfile-arch
bolt-0.9.9/contrib/Dockerfile-coverity
bolt-0.9.9/contrib/Dockerfile-debian
bolt-0.9.9/contrib/Dockerfile-fedora
bolt-0.9.9/contrib/Dockerfile-ub1804
bolt-0.9.9/contrib/PKGBUILD
bolt-0.9.9/contrib/bolt-mock
bolt-0.9.9/contrib/bolt.spec.in
bolt-0.9.9/contrib/codespell.cfg
bolt-0.9.9/contrib/cov-model.c
bolt-0.9.9/contrib/coverity.sh
bolt-0.9.9/contrib/docker-build.sh
bolt-0.9.9/contrib/js/
bolt-0.9.9/contrib/js/.jshintrc
bolt-0.9.9/contrib/js/client.js
bolt-0.9.9/contrib/js/test.js
bolt-0.9.9/contrib/scan-build.sh
bolt-0.9.9/data/
bolt-0.9.9/data/90-bolt.rules
bolt-0.9.9/data/bash-completion/
bolt-0.9.9/data/bash-completion/boltctl
bolt-0.9.9/data/bolt.service.in
bolt-0.9.9/data/dbus.gresource.xml
bolt-0.9.9/data/org.freedesktop.bolt.conf
bolt-0.9.9/data/org.freedesktop.bolt.service.in
bolt-0.9.9/data/org.freedesktop.bolt.xml
bolt-0.9.9/docs/
bolt-0.9.9/docs/boltctl.1.txt
bolt-0.9.9/docs/boltd.8.txt
bolt-0.9.9/meson.build
bolt-0.9.9/meson_options.txt
bolt-0.9.9/policy/
bolt-0.9.9/policy/org.freedesktop.bolt.policy.in
bolt-0.9.9/policy/org.freedesktop.bolt.rules.in
bolt-0.9.9/scripts/
bolt-0.9.9/scripts/git-hooks.sh
bolt-0.9.9/scripts/git-hooks/
bolt-0.9.9/scripts/git-hooks/pre-commit
bolt-0.9.9/scripts/git-hooks/pre-push
bolt-0.9.9/scripts/uncrustify.cfg
bolt-0.9.9/scripts/uncrustify.sh
bolt-0.9.9/tests/
bolt-0.9.9/tests/bolt-test.c
bolt-0.9.9/tests/bolt-test.h
bolt-0.9.9/tests/example.bolt.xml
bolt-0.9.9/tests/mock-sysfs.c
bolt-0.9.9/tests/mock-sysfs.h
bolt-0.9.9/tests/pycodestyle.cfg
bolt-0.9.9/tests/test-auth.c
bolt-0.9.9/tests/test-common.c
bolt-0.9.9/tests/test-device.c
bolt-0.9.9/tests/test-enums.h
bolt-0.9.9/tests/test-exported.c
bolt-0.9.9/tests/test-glue.c
bolt-0.9.9/tests/test-guard.c
bolt-0.9.9/tests/test-integration
bolt-0.9.9/tests/test-journal.c
bolt-0.9.9/tests/test-logging.c
bolt-0.9.9/tests/test-power.c
bolt-0.9.9/tests/test-reaper.c
bolt-0.9.9/tests/test-self.c
bolt-0.9.9/tests/test-store.c
bolt-0.9.9/tests/test-sysfs.c
bolt-0.9.9/tests/test-udev.c
bolt-0.9.9/tests/test-unix.c
bolt-0.9.9/tests/test-watchdog.c
bolt-0.9.9/tests/test-wire.c
bolt-0.9.9/tests/tests.gresource.xml
The Meson build system
Version: 1.7.0
Source dir: /blfs/builds/bolt-0.9.9
Build dir: /blfs/builds/bolt-0.9.9/build
Build type: native build
Project name: bolt
Project version: 0.9.9
C compiler for the host machine: cc (gcc 14.2.0 "cc (GCC) 14.2.0")
C linker for the host machine: cc ld.bfd 2.44
Host machine cpu family: x86_64
Host machine cpu: x86_64
Compiler for C supports arguments -fstack-protector-strong: YES 
Compiler for C supports arguments -Waggregate-return: YES 
Compiler for C supports arguments -Wunused: YES 
Compiler for C supports arguments -Warray-bounds: YES 
Compiler for C supports arguments -Wcast-align: YES 
Compiler for C supports arguments -Wclobbered: YES 
Compiler for C supports arguments -Wdeclaration-after-statement: YES 
Compiler for C supports arguments -Wempty-body: YES 
Compiler for C supports arguments -Wformat=2: YES 
Compiler for C supports arguments -Wformat-nonliteral: YES 
Compiler for C supports arguments -Wformat-security: YES 
Compiler for C supports arguments -Wformat-signedness: YES 
Compiler for C supports arguments -Wignored-qualifiers: YES 
Compiler for C supports arguments -Wimplicit-function-declaration: YES 
Compiler for C supports arguments -Winit-self: YES 
Compiler for C supports arguments -Wmissing-declarations: YES 
Compiler for C supports arguments -Wmissing-format-attribute: YES 
Compiler for C supports arguments -Wmissing-include-dirs: YES 
Compiler for C supports arguments -Wmissing-noreturn: YES 
Compiler for C supports arguments -Wmissing-parameter-type: YES 
Compiler for C supports arguments -Wmissing-prototypes: YES 
Compiler for C supports arguments -Wnested-externs: YES 
Compiler for C supports arguments -Wno-discarded-qualifiers: YES 
Compiler for C supports arguments -Wno-missing-field-initializers: YES 
Compiler for C supports arguments -Wno-suggest-attribute=format: YES 
Compiler for C supports arguments -Wno-unused-parameter: YES 
Compiler for C supports arguments -Wold-style-definition: YES 
Compiler for C supports arguments -Woverride-init: YES 
Compiler for C supports arguments -Wpointer-arith: YES 
Compiler for C supports arguments -Wredundant-decls: YES 
Compiler for C supports arguments -Wreturn-type: YES 
Compiler for C supports arguments -Wshadow: YES 
Compiler for C supports arguments -Wsign-compare: YES 
Compiler for C supports arguments -Wstrict-aliasing=3: YES 
Compiler for C supports arguments -Wstrict-prototypes: YES 
Compiler for C supports arguments -Wstringop-overflow: YES 
Compiler for C supports arguments -Wstringop-truncation: YES 
Compiler for C supports arguments -Wtype-limits: YES 
Compiler for C supports arguments -Wundef: YES 
Compiler for C supports arguments -Wuninitialized: YES 
Compiler for C supports arguments -Wunused-but-set-variable: YES 
Compiler for C supports arguments -Wwrite-strings: YES 
Found pkg-config: YES (/usr/bin/pkg-config) 2.4.3
Run-time dependency glib-2.0 found: YES 2.84.1
Run-time dependency gio-2.0 found: YES 2.84.1
Run-time dependency libudev found: YES 257
Run-time dependency gio-unix-2.0 found: YES 2.84.1
Run-time dependency udev found: YES 257
Run-time dependency polkit-gobject-1 found: YES 126
Found CMake: /usr/bin/cmake (4.0.2)
Run-time dependency umockdev-1.0 found: NO (tried pkgconfig and cmake)
Program git found: YES (/usr/bin/git)
Program a2x found: YES (/usr/bin/a2x)
Run-time dependency systemd found: YES 257
Checking for function "copy_file_range" : YES 
Checking for function "explicit_bzero" : YES 
Checking for function "getrandom" : YES 
Configuring config.h using configuration
Program /blfs/builds/bolt-0.9.9/scripts/git-hooks.sh found: YES (/blfs/builds/bolt-0.9.9/scripts/git-hooks.sh)
Message: git hooks:
  /blfs/builds/bolt-0.9.9/.git/hooks does not exist
Dependency glib-2.0 found: YES 2.84.1 (cached)
Program /usr/bin/glib-mkenums found: YES (/usr/bin/glib-mkenums)
Dependency glib-2.0 found: YES 2.84.1 (cached)
Program /usr/bin/glib-mkenums found: YES (/usr/bin/glib-mkenums)
Dependency gio-2.0 found: YES 2.84.1 (cached)
Program /usr/bin/glib-compile-resources found: YES (/usr/bin/glib-compile-resources)
Configuring org.freedesktop.bolt.service using configuration
Configuring org.freedesktop.bolt.rules using configuration
Configuring org.freedesktop.bolt.policy using configuration
Configuring bolt.service using configuration
Dependency gio-2.0 found: YES 2.84.1 (cached)
Program /usr/bin/glib-compile-resources found: YES (/usr/bin/glib-compile-resources)
Dependency glib-2.0 found: YES 2.84.1 (cached)
Program /usr/bin/glib-mkenums found: YES (/usr/bin/glib-mkenums)
Dependency glib-2.0 found: YES 2.84.1 (cached)
Program /usr/bin/glib-mkenums found: YES (/usr/bin/glib-mkenums)
Program /blfs/builds/bolt-0.9.9/tests/test-integration found: YES (/blfs/builds/bolt-0.9.9/tests/test-integration)
../meson.build:485: WARNING: Traceback (most recent call last):
  File "/blfs/builds/bolt-0.9.9/tests/test-integration", line 50, in <module>
    gi.require_version("UMockdev", "1.0")
    ~~~~~~~~~~~~~~~~~~^^^^^^^^^^^^^^^^^^^
  File "/usr/lib/python3.13/site-packages/gi/__init__.py", line 129, in require_version
    raise ValueError('Namespace %s not available' % namespace)
ValueError: Namespace UMockdev not available
Configuring bolt.spec using configuration
Message: 
  version:             0.9.9
  sysconfdir:          /etc
  datadir:             /usr/share
  db name:             boltd
  database path:       /var/lib/boltd
  privileged group:    wheel
  
  udevdir:             /usr/lib/udev
  systemd unitdir:     /usr/lib/systemd/system
  
  build manpage:       true
  install tests:       false
  profiling (gprof):   false
  tests speed:         quick
  
Build targets in project: 29

bolt 0.9.9

  User defined options
    buildtype: release
    prefix   : /usr

Found ninja-1.12.1 at /usr/bin/ninja
[1/110] Generating bolt-test-resources_h with a custom command
[2/110] Generating bolt-dbus-resource_h with a custom command
[3/110] Generating bolt-test-resources_c with a custom command
[4/110] Generating bolt-dbus-resource_c with a custom command
[5/110] Generating GObject enum file test-enum-types.c (wrapped by meson because command contains newlines, to capture output)
[6/110] Generating GObject enum file test-enum-types.h (wrapped by meson because command contains newlines, to capture output)
[7/110] Generating GObject enum file bolt-enum-types.h (wrapped by meson because command contains newlines, to capture output)
[8/110] Generating GObject enum file bolt-enum-types.c (wrapped by meson because command contains newlines, to capture output)
[9/110] Compiling C object libcommon.a.p/common_bolt-time.c.o
[10/110] Compiling C object libcommon.a.p/meson-generated_.._bolt-dbus-resource.c.o
[11/110] Compiling C object libcommon.a.p/common_bolt-term.c.o
[12/110] Compiling C object libcommon.a.p/common_bolt-names.c.o
[13/110] Compiling C object libcommon.a.p/common_bolt-rnd.c.o
[14/110] Compiling C object libcommon.a.p/common_bolt-error.c.o
[15/110] Compiling C object libcommon.a.p/common_bolt-wire.c.o
[16/110] Compiling C object libcommon.a.p/common_bolt-unix.c.o
[17/110] Compiling C object libcommon.a.p/meson-generated_.._bolt-enum-types.c.o
[18/110] Compiling C object libdaemon.a.p/boltd_bolt-config.c.o
[19/110] Compiling C object libcommon.a.p/common_bolt-dbus.c.o
[20/110] Compiling C object libcommon.a.p/common_bolt-fs.c.o
[21/110] Compiling C object libdaemon.a.p/boltd_bolt-bouncer.c.o
[22/110] Compiling C object libcommon.a.p/common_bolt-enums.c.o
[23/110] Compiling C object libdaemon.a.p/boltd_bolt-auth.c.o
[24/110] Compiling C object libcommon.a.p/common_bolt-str.c.o
[25/110] Compiling C object libcommon.a.p/common_bolt-glue.c.o
[26/110] Compiling C object libdaemon.a.p/boltd_bolt-guard.c.o
[27/110] Generating boltd-man with a custom command
[28/110] Generating boltctl-man with a custom command
[29/110] Compiling C object libcommon.a.p/common_bolt-io.c.o
[30/110] Linking static target libcommon.a
[31/110] Compiling C object libdaemon.a.p/boltd_bolt-reaper.c.o
[32/110] Compiling C object libdaemon.a.p/boltd_bolt-exported.c.o
[33/110] Compiling C object libdaemon.a.p/boltd_bolt-udev.c.o
[34/110] Compiling C object libdaemon.a.p/boltd_bolt-watchdog.c.o
[35/110] Compiling C object libdaemon.a.p/boltd_bolt-key.c.o
[36/110] Compiling C object boltctl.p/cli_bolt-domain.c.o
[37/110] Compiling C object boltctl.p/cli_bolt-power.c.o
[38/110] Compiling C object libdaemon.a.p/boltd_bolt-journal.c.o
[39/110] Compiling C object libdaemon.a.p/boltd_bolt-sysfs.c.o
[40/110] Compiling C object libdaemon.a.p/boltd_bolt-log.c.o
[41/110] Compiling C object boltd.p/boltd_bolt-daemon.c.o
[42/110] Compiling C object libdaemon.a.p/boltd_bolt-power.c.o
[43/110] Compiling C object libdaemon.a.p/boltd_bolt-domain.c.o
[44/110] Compiling C object boltctl.p/cli_boltctl-authorize.c.o
[45/110] Compiling C object boltctl.p/cli_boltctl-config.c.o
[46/110] Compiling C object boltctl.p/cli_boltctl-forget.c.o
[47/110] Compiling C object boltctl.p/cli_bolt-device.c.o
[48/110] Compiling C object boltctl.p/cli_boltctl-info.c.o
[49/110] Compiling C object test-common.p/meson-generated_.._test-enum-types.c.o
[50/110] Compiling C object boltctl.p/cli_boltctl-domains.c.o
[51/110] Compiling C object boltctl.p/cli_boltctl-uidfmt.c.o
[52/110] Compiling C object boltctl.p/cli_boltctl-monitor.c.o
[53/110] Compiling C object test-glue.p/meson-generated_.._test-enum-types.c.o
[54/110] Compiling C object boltctl.p/cli_boltctl-enroll.c.o
[55/110] Compiling C object boltctl.p/cli_boltctl-power.c.o
[56/110] Compiling C object boltctl.p/cli_boltctl-list.c.o
[57/110] Compiling C object libdaemon.a.p/boltd_bolt-store.c.o
[58/110] Compiling C object libdaemon.a.p/boltd_bolt-device.c.o
[59/110] Compiling C object test-auth.p/tests_test-auth.c.o
[60/110] Compiling C object boltctl.p/cli_bolt-proxy.c.o
[61/110] Compiling C object boltctl.p/cli_bolt-client.c.o
[62/110] Compiling C object test-common.p/meson-generated_.._bolt-test-resources.c.o
[63/110] Compiling C object test-exported.p/meson-generated_.._test-enum-types.c.o
[64/110] Compiling C object boltctl.p/cli_boltctl.c.o
[65/110] Compiling C object test-auth.p/tests_bolt-test.c.o
[66/110] Compiling C object test-unix.p/tests_test-unix.c.o
[67/110] Compiling C object test-exported.p/meson-generated_.._bolt-test-resources.c.o
[68/110] Compiling C object test-device.p/tests_test-device.c.o
[69/110] Compiling C object test-glue.p/tests_bolt-test.c.o
[70/110] Compiling C object test-common.p/tests_bolt-test.c.o
[71/110] Compiling C object test-logging.p/tests_test-logging.c.o
[72/110] Compiling C object test-self.p/tests_test-self.c.o
[73/110] Compiling C object test-exported.p/tests_bolt-test.c.o
[74/110] Compiling C object test-watchdog.p/tests_test-watchdog.c.o
[75/110] Compiling C object test-logging.p/tests_bolt-test.c.o
[76/110] Compiling C object test-device.p/tests_bolt-test.c.o
[77/110] Compiling C object test-unix.p/tests_bolt-test.c.o
[78/110] Compiling C object libdaemon.a.p/boltd_bolt-manager.c.o
[79/110] Linking target boltctl
[80/110] Linking static target libdaemon.a
[81/110] Compiling C object test-store.p/tests_bolt-test.c.o
[82/110] Compiling C object test-glue.p/tests_test-glue.c.o
[83/110] Linking target test-unix
[84/110] Linking target test-auth
[85/110] Linking target boltd
[86/110] Linking target test-device
[87/110] Compiling C object test-journal.p/tests_bolt-test.c.o
[88/110] Compiling C object test-journal.p/tests_test-journal.c.o
[89/110] Linking target test-glue
[90/110] Compiling C object test-wire.p/tests_test-wire.c.o
[91/110] Compiling C object test-reaper.p/tests_test-reaper.c.o
[92/110] Linking target test-logging
[93/110] Compiling C object test-self.p/tests_bolt-test.c.o
[94/110] Linking target test-journal
[95/110] Compiling C object test-watchdog.p/tests_bolt-test.c.o
[96/110] Linking target test-self
[97/110] Compiling C object test-guard.p/tests_test-guard.c.o
[98/110] Compiling C object test-guard.p/tests_bolt-test.c.o
[99/110] Compiling C object test-exported.p/tests_test-exported.c.o
[100/110] Linking target test-watchdog
[101/110] Linking target test-guard
[102/110] Compiling C object test-reaper.p/tests_bolt-test.c.o
[103/110] Linking target test-exported
[104/110] Linking target test-reaper
[105/110] Compiling C object test-wire.p/tests_bolt-test.c.o
[106/110] Linking target test-wire
[107/110] Compiling C object test-store.p/tests_test-store.c.o
[108/110] Linking target test-store
[109/110] Compiling C object test-common.p/tests_test-common.c.o
[110/110] Linking target test-common
[0/1] Installing files
Installing boltd to /pkgs/bolt/usr/libexec
Installing boltctl to /pkgs/bolt/usr/bin
Installing boltctl.1 to /pkgs/bolt/usr/share/man/man1
Installing boltd.8 to /pkgs/bolt/usr/share/man/man8
Installing /blfs/builds/bolt-0.9.9/data/org.freedesktop.bolt.xml to /pkgs/bolt/usr/share/dbus-1/interfaces
Installing /blfs/builds/bolt-0.9.9/data/org.freedesktop.bolt.conf to /pkgs/bolt/usr/share/dbus-1/system.d
Installing /blfs/builds/bolt-0.9.9/build/org.freedesktop.bolt.service to /pkgs/bolt/usr/share/dbus-1/system-services
Installing /blfs/builds/bolt-0.9.9/build/org.freedesktop.bolt.rules to /pkgs/bolt/usr/share/polkit-1/rules.d
Installing /blfs/builds/bolt-0.9.9/build/org.freedesktop.bolt.policy to /pkgs/bolt/usr/share/polkit-1/actions
Installing /blfs/builds/bolt-0.9.9/build/bolt.service to /pkgs/bolt/usr/lib/systemd/system
Installing /blfs/builds/bolt-0.9.9/data/90-bolt.rules to /pkgs/bolt/usr/lib/udev/rules.d
[0/1] Installing files
Installing boltd to /usr/libexec
Installing boltctl to /usr/bin
Installing boltctl.1 to /usr/share/man/man1
Installing boltd.8 to /usr/share/man/man8
Installing /blfs/builds/bolt-0.9.9/data/org.freedesktop.bolt.xml to /usr/share/dbus-1/interfaces
Installing /blfs/builds/bolt-0.9.9/data/org.freedesktop.bolt.conf to /usr/share/dbus-1/system.d
Installing /blfs/builds/bolt-0.9.9/build/org.freedesktop.bolt.service to /usr/share/dbus-1/system-services
Installing /blfs/builds/bolt-0.9.9/build/org.freedesktop.bolt.rules to /usr/share/polkit-1/rules.d
Installing /blfs/builds/bolt-0.9.9/build/org.freedesktop.bolt.policy to /usr/share/polkit-1/actions
Installing /blfs/builds/bolt-0.9.9/build/bolt.service to /usr/lib/systemd/system
Installing /blfs/builds/bolt-0.9.9/data/90-bolt.rules to /usr/lib/udev/rules.d
bolt/
bolt/usr/
bolt/usr/share/
bolt/usr/share/polkit-1/
bolt/usr/share/polkit-1/actions/
bolt/usr/share/polkit-1/actions/org.freedesktop.bolt.policy
bolt/usr/share/polkit-1/rules.d/
bolt/usr/share/polkit-1/rules.d/org.freedesktop.bolt.rules
bolt/usr/share/dbus-1/
bolt/usr/share/dbus-1/system.d/
bolt/usr/share/dbus-1/system.d/org.freedesktop.bolt.conf
bolt/usr/share/dbus-1/interfaces/
bolt/usr/share/dbus-1/interfaces/org.freedesktop.bolt.xml
bolt/usr/share/dbus-1/system-services/
bolt/usr/share/dbus-1/system-services/org.freedesktop.bolt.service
bolt/usr/share/man/
bolt/usr/share/man/man1/
bolt/usr/share/man/man1/boltctl.1
bolt/usr/share/man/man8/
bolt/usr/share/man/man8/boltd.8
bolt/usr/lib/
bolt/usr/lib/systemd/
bolt/usr/lib/systemd/system/
bolt/usr/lib/systemd/system/bolt.service
bolt/usr/lib/udev/
bolt/usr/lib/udev/rules.d/
bolt/usr/lib/udev/rules.d/90-bolt.rules
bolt/usr/bin/
bolt/usr/bin/boltctl
bolt/usr/libexec/
bolt/usr/libexec/boltd
bolt/version
bolt/depends
bolt/make-depends
