--2025-06-07 21:31:29--  https://github.com/NetworkConfiguration/dhcpcd/releases/download/v10.2.4/dhcpcd-10.2.4.tar.xz
Resolving github.com (github.com)... 140.82.112.4
Connecting to github.com (github.com)|140.82.112.4|:443... connected.
HTTP request sent, awaiting response... 302 Found
Location: https://objects.githubusercontent.com/github-production-release-asset-2e65be/82352488/61a1c3f6-7181-4001-9668-028491f578c5?X-Amz-Algorithm=AWS4-HMAC-SHA256&X-Amz-Credential=releaseassetproduction%2F20250607%2Fus-east-1%2Fs3%2Faws4_request&X-Amz-Date=20250607T213129Z&X-Amz-Expires=300&X-Amz-Signature=f1501ca4f466977cbad942ced4070d358640bc0567d85f25d7b85d28da4ed964&X-Amz-SignedHeaders=host&response-content-disposition=attachment%3B%20filename%3Ddhcpcd-10.2.4.tar.xz&response-content-type=application%2Foctet-stream [following]
--2025-06-07 21:31:29--  https://objects.githubusercontent.com/github-production-release-asset-2e65be/82352488/61a1c3f6-7181-4001-9668-028491f578c5?X-Amz-Algorithm=AWS4-HMAC-SHA256&X-Amz-Credential=releaseassetproduction%2F20250607%2Fus-east-1%2Fs3%2Faws4_request&X-Amz-Date=20250607T213129Z&X-Amz-Expires=300&X-Amz-Signature=f1501ca4f466977cbad942ced4070d358640bc0567d85f25d7b85d28da4ed964&X-Amz-SignedHeaders=host&response-content-disposition=attachment%3B%20filename%3Ddhcpcd-10.2.4.tar.xz&response-content-type=application%2Foctet-stream
Resolving objects.githubusercontent.com (objects.githubusercontent.com)... 185.199.109.133, 185.199.108.133, 185.199.110.133, ...
Connecting to objects.githubusercontent.com (objects.githubusercontent.com)|185.199.109.133|:443... connected.
HTTP request sent, awaiting response... 200 OK
Length: 276444 (270K) [application/octet-stream]
Saving to: 'dhcpcd-10.2.4.tar.xz'

     0K .......... .......... .......... .......... .......... 18% 7.41M 0s
    50K .......... .......... .......... .......... .......... 37% 25.0M 0s
   100K .......... .......... .......... .......... .......... 55% 8.57M 0s
   150K .......... .......... .......... .......... .......... 74% 91.9M 0s
   200K .......... .......... .......... .......... .......... 92% 62.4M 0s
   250K .......... .........                                  100%  102M=0.02s

2025-06-07 21:31:29 (16.7 MB/s) - 'dhcpcd-10.2.4.tar.xz' saved [276444/276444]

dhcpcd-10.2.4/
dhcpcd-10.2.4/.github/
dhcpcd-10.2.4/.github/workflows/
dhcpcd-10.2.4/.github/workflows/build.yml
dhcpcd-10.2.4/.gitignore
dhcpcd-10.2.4/BUILDING.md
dhcpcd-10.2.4/LICENSE
dhcpcd-10.2.4/Makefile
dhcpcd-10.2.4/Makefile.inc
dhcpcd-10.2.4/README.md
dhcpcd-10.2.4/compat/
dhcpcd-10.2.4/compat/_strtoi.h
dhcpcd-10.2.4/compat/arc4random.c
dhcpcd-10.2.4/compat/arc4random.h
dhcpcd-10.2.4/compat/arc4random_uniform.c
dhcpcd-10.2.4/compat/arc4random_uniform.h
dhcpcd-10.2.4/compat/bitops.h
dhcpcd-10.2.4/compat/chacha_private.h
dhcpcd-10.2.4/compat/closefrom.c
dhcpcd-10.2.4/compat/closefrom.h
dhcpcd-10.2.4/compat/consttime_memequal.h
dhcpcd-10.2.4/compat/crypt/
dhcpcd-10.2.4/compat/crypt/hmac.c
dhcpcd-10.2.4/compat/crypt/hmac.h
dhcpcd-10.2.4/compat/crypt/md5.c
dhcpcd-10.2.4/compat/crypt/md5.h
dhcpcd-10.2.4/compat/crypt/sha256.c
dhcpcd-10.2.4/compat/crypt/sha256.h
dhcpcd-10.2.4/compat/crypt_openssl/
dhcpcd-10.2.4/compat/crypt_openssl/hmac.c
dhcpcd-10.2.4/compat/crypt_openssl/hmac.h
dhcpcd-10.2.4/compat/crypt_openssl/sha256.c
dhcpcd-10.2.4/compat/crypt_openssl/sha256.h
dhcpcd-10.2.4/compat/dprintf.c
dhcpcd-10.2.4/compat/dprintf.h
dhcpcd-10.2.4/compat/endian.h
dhcpcd-10.2.4/compat/pidfile.c
dhcpcd-10.2.4/compat/pidfile.h
dhcpcd-10.2.4/compat/queue.h
dhcpcd-10.2.4/compat/rb.c
dhcpcd-10.2.4/compat/rbtree.h
dhcpcd-10.2.4/compat/reallocarray.c
dhcpcd-10.2.4/compat/reallocarray.h
dhcpcd-10.2.4/compat/setproctitle.c
dhcpcd-10.2.4/compat/setproctitle.h
dhcpcd-10.2.4/compat/strlcpy.c
dhcpcd-10.2.4/compat/strlcpy.h
dhcpcd-10.2.4/compat/strtoi.c
dhcpcd-10.2.4/compat/strtoi.h
dhcpcd-10.2.4/compat/strtou.c
dhcpcd-10.2.4/config-null.mk
dhcpcd-10.2.4/configure
dhcpcd-10.2.4/hooks/
dhcpcd-10.2.4/hooks/01-test
dhcpcd-10.2.4/hooks/10-wpa_supplicant
dhcpcd-10.2.4/hooks/15-timezone
dhcpcd-10.2.4/hooks/20-resolv.conf
dhcpcd-10.2.4/hooks/29-lookup-hostname
dhcpcd-10.2.4/hooks/30-hostname.in
dhcpcd-10.2.4/hooks/50-dhcpcd-compat
dhcpcd-10.2.4/hooks/50-ntp.conf
dhcpcd-10.2.4/hooks/50-timesyncd.conf
dhcpcd-10.2.4/hooks/50-yp.conf
dhcpcd-10.2.4/hooks/50-ypbind.in
dhcpcd-10.2.4/hooks/Makefile
dhcpcd-10.2.4/hooks/dhcpcd-run-hooks.8.in
dhcpcd-10.2.4/hooks/dhcpcd-run-hooks.in
dhcpcd-10.2.4/iconfig.mk
dhcpcd-10.2.4/src/
dhcpcd-10.2.4/src/GNUmakefile
dhcpcd-10.2.4/src/Makefile
dhcpcd-10.2.4/src/arp.c
dhcpcd-10.2.4/src/arp.h
dhcpcd-10.2.4/src/auth.c
dhcpcd-10.2.4/src/auth.h
dhcpcd-10.2.4/src/bpf.c
dhcpcd-10.2.4/src/bpf.h
dhcpcd-10.2.4/src/common.c
dhcpcd-10.2.4/src/common.h
dhcpcd-10.2.4/src/control.c
dhcpcd-10.2.4/src/control.h
dhcpcd-10.2.4/src/defs.h
dhcpcd-10.2.4/src/dev.c
dhcpcd-10.2.4/src/dev.h
dhcpcd-10.2.4/src/dev/
dhcpcd-10.2.4/src/dev/Makefile
dhcpcd-10.2.4/src/dev/udev.c
dhcpcd-10.2.4/src/dhcp-common.c
dhcpcd-10.2.4/src/dhcp-common.h
dhcpcd-10.2.4/src/dhcp.c
dhcpcd-10.2.4/src/dhcp.h
dhcpcd-10.2.4/src/dhcp6.c
dhcpcd-10.2.4/src/dhcp6.h
dhcpcd-10.2.4/src/dhcpcd-definitions-small.conf
dhcpcd-10.2.4/src/dhcpcd-definitions.conf
dhcpcd-10.2.4/src/dhcpcd-embedded.c.in
dhcpcd-10.2.4/src/dhcpcd-embedded.h.in
dhcpcd-10.2.4/src/dhcpcd.8.in
dhcpcd-10.2.4/src/dhcpcd.c
dhcpcd-10.2.4/src/dhcpcd.conf
dhcpcd-10.2.4/src/dhcpcd.conf.5.in
dhcpcd-10.2.4/src/dhcpcd.h
dhcpcd-10.2.4/src/duid.c
dhcpcd-10.2.4/src/duid.h
dhcpcd-10.2.4/src/eloop.c
dhcpcd-10.2.4/src/eloop.h
dhcpcd-10.2.4/src/genembedc
dhcpcd-10.2.4/src/genembedh
dhcpcd-10.2.4/src/if-bsd.c
dhcpcd-10.2.4/src/if-linux-wext.c
dhcpcd-10.2.4/src/if-linux.c
dhcpcd-10.2.4/src/if-options.c
dhcpcd-10.2.4/src/if-options.h
dhcpcd-10.2.4/src/if-sun.c
dhcpcd-10.2.4/src/if.c
dhcpcd-10.2.4/src/if.h
dhcpcd-10.2.4/src/ipv4.c
dhcpcd-10.2.4/src/ipv4.h
dhcpcd-10.2.4/src/ipv4ll.c
dhcpcd-10.2.4/src/ipv4ll.h
dhcpcd-10.2.4/src/ipv6.c
dhcpcd-10.2.4/src/ipv6.h
dhcpcd-10.2.4/src/ipv6nd.c
dhcpcd-10.2.4/src/ipv6nd.h
dhcpcd-10.2.4/src/logerr.c
dhcpcd-10.2.4/src/logerr.h
dhcpcd-10.2.4/src/privsep-bpf.c
dhcpcd-10.2.4/src/privsep-bpf.h
dhcpcd-10.2.4/src/privsep-bsd.c
dhcpcd-10.2.4/src/privsep-control.c
dhcpcd-10.2.4/src/privsep-control.h
dhcpcd-10.2.4/src/privsep-inet.c
dhcpcd-10.2.4/src/privsep-inet.h
dhcpcd-10.2.4/src/privsep-linux.c
dhcpcd-10.2.4/src/privsep-root.c
dhcpcd-10.2.4/src/privsep-root.h
dhcpcd-10.2.4/src/privsep-sun.c
dhcpcd-10.2.4/src/privsep.c
dhcpcd-10.2.4/src/privsep.h
dhcpcd-10.2.4/src/route.c
dhcpcd-10.2.4/src/route.h
dhcpcd-10.2.4/src/sa.c
dhcpcd-10.2.4/src/sa.h
dhcpcd-10.2.4/src/script.c
dhcpcd-10.2.4/src/script.h
dhcpcd-10.2.4/tests/
dhcpcd-10.2.4/tests/Makefile
dhcpcd-10.2.4/tests/crypt/
dhcpcd-10.2.4/tests/crypt/.gitignore
dhcpcd-10.2.4/tests/crypt/GNUmakefile
dhcpcd-10.2.4/tests/crypt/Makefile
dhcpcd-10.2.4/tests/crypt/README.md
dhcpcd-10.2.4/tests/crypt/run-test.c
dhcpcd-10.2.4/tests/crypt/test.h
dhcpcd-10.2.4/tests/crypt/test_hmac_md5.c
dhcpcd-10.2.4/tests/crypt/test_sha256.c
dhcpcd-10.2.4/tests/eloop-bench/
dhcpcd-10.2.4/tests/eloop-bench/.gitignore
dhcpcd-10.2.4/tests/eloop-bench/Makefile
dhcpcd-10.2.4/tests/eloop-bench/README.md
dhcpcd-10.2.4/tests/eloop-bench/eloop-bench.c
configure args: --prefix=/usr --sysconfdir=/etc --libexecdir=/usr/lib/dhcpcd --dbdir=/var/lib/dhcpcd --runstatedir=/run --disable-privsep
Deriving operating system from ... x86_64-unknown-linux
Configuring dhcpcd for ... linux
Enabling INET support
Enabling ARP support
Enabling ARPing support
Enabling IPv4LL support
Enabling INET6 support
Enabling DHCPv6 support
Enabling Authentication
Using compiler .. cc
cc (GCC) 14.2.0
dhcpcd-definitions.conf will be embedded in dhcpcd itself
Testing for nl80211 ... yes
Testing for IN6_ADDR_GEN_MODE_NONE ... yes
Testing for getifaddrs ... yes
Testing for ifaddrs.ifa_addrflags ... no
Testing for clock_gettime ... yes
Testing for closefrom ... yes
Testing ioctl request type ... unsigned long
Testing for inet_ntoa ... yes
Testing for arc4random ... yes
Testing for arc4random_uniform ... yes
Testing for memset_explicit ... no
Testing for explicit_bzero ... no
Testing for memset_s ... no
Testing for open_memstream ... yes
Testing for pidfile_lock ... no
Testing for setproctitle ... no
Testing for strlcpy ... yes
Testing for strtoi ... no
Testing for consttime_memequal ... no
Testing for timingsafe_bcmp ... no
Testing for dprintf ... yes
Testing for TAILQ_FOREACH_SAFE ... no
Testing for TAILQ_FOREACH_MUTABLE ... no
Testing for TAILQ_CONCAT ...yes
Testing for rb_tree_init ... no
Testing for reallocarray ... yes
Testing for ppoll ... yes
Testing for be64enc ... no
Testing for fls64 ... no
Testing for MD5Init ... no
Testing for sha2.h ... no
Testing for SHA256_Init ... no
Testing for SHA256Init ... no
Testing for hmac ... no
Testing for openssl ... yes
Testing for openssl/sha.h ... no
Checking for libudev ... yes
Checking udev_monitor_filter_add_match_subsystem_devtype ... yes
Checking udev_device_get_is_initialized ... yes
Testing for dlopen ... yes
Checking for ntpd ... not found
Checking for chronyd ... not found
Checking for timesyncd ... /usr/lib/systemd/systemd-timesyncd
Checking for ypbind ... not found
Assuming ypbind is Linux

   SYSCONFDIR =		/etc
   SBINDIR =		/usr/sbin
   LIBDIR =		/usr/lib
   LIBEXECDIR =		/usr/lib/dhcpcd
   DBDIR =		/var/lib/dhcpcd
   RUNDIR =		/run/dhcpcd
   MANDIR =		/usr/share/man
   DATADIR =		/usr/share
   HOOKSCRIPTS =	50-timesyncd.conf
   EGHOOKSCRIPTS =	50-yp.conf
   STATUSARG =		

for x in src hooks; do cd $x; make all || exit $?; cd ..; done
make[1]: Entering directory '/blfs/builds/dhcpcd-10.2.4/src'
cc -O2 -std=c99 -DHAVE_CONFIG_H -DNDEBUG -D_GNU_SOURCE -D_FILE_OFFSET_BITS=64 -D_LARGEFILE_SOURCE -D_LARGEFILE64_SOURCE -DINET -DARP -DARPING -DIPV4LL -DINET6 -DDHCP6 -DAUTH -DPLUGIN_DEV -I.. -I../src -I./crypt -c common.c -o common.o
cc -O2 -std=c99 -DHAVE_CONFIG_H -DNDEBUG -D_GNU_SOURCE -D_FILE_OFFSET_BITS=64 -D_LARGEFILE_SOURCE -D_LARGEFILE64_SOURCE -DINET -DARP -DARPING -DIPV4LL -DINET6 -DDHCP6 -DAUTH -DPLUGIN_DEV -I.. -I../src -I./crypt -c control.c -o control.o
cc -O2 -std=c99 -DHAVE_CONFIG_H -DNDEBUG -D_GNU_SOURCE -D_FILE_OFFSET_BITS=64 -D_LARGEFILE_SOURCE -D_LARGEFILE64_SOURCE -DINET -DARP -DARPING -DIPV4LL -DINET6 -DDHCP6 -DAUTH -DPLUGIN_DEV -I.. -I../src -I./crypt -c dhcpcd.c -o dhcpcd.o
cc -O2 -std=c99 -DHAVE_CONFIG_H -DNDEBUG -D_GNU_SOURCE -D_FILE_OFFSET_BITS=64 -D_LARGEFILE_SOURCE -D_LARGEFILE64_SOURCE -DINET -DARP -DARPING -DIPV4LL -DINET6 -DDHCP6 -DAUTH -DPLUGIN_DEV -I.. -I../src -I./crypt -c duid.c -o duid.o
cc -O2 -std=c99 -DHAVE_CONFIG_H -DNDEBUG -D_GNU_SOURCE -D_FILE_OFFSET_BITS=64 -D_LARGEFILE_SOURCE -D_LARGEFILE64_SOURCE -DINET -DARP -DARPING -DIPV4LL -DINET6 -DDHCP6 -DAUTH -DPLUGIN_DEV -I.. -I../src -I./crypt -c eloop.c -o eloop.o
cc -O2 -std=c99 -DHAVE_CONFIG_H -DNDEBUG -D_GNU_SOURCE -D_FILE_OFFSET_BITS=64 -D_LARGEFILE_SOURCE -D_LARGEFILE64_SOURCE -DINET -DARP -DARPING -DIPV4LL -DINET6 -DDHCP6 -DAUTH -DPLUGIN_DEV -I.. -I../src -I./crypt -c logerr.c -o logerr.o
cc -O2 -std=c99 -DHAVE_CONFIG_H -DNDEBUG -D_GNU_SOURCE -D_FILE_OFFSET_BITS=64 -D_LARGEFILE_SOURCE -D_LARGEFILE64_SOURCE -DINET -DARP -DARPING -DIPV4LL -DINET6 -DDHCP6 -DAUTH -DPLUGIN_DEV -I.. -I../src -I./crypt -c if.c -o if.o
/bin/sh  genembedh dhcpcd-definitions.conf dhcpcd-definitions-small.conf dhcpcd-embedded.h.in > dhcpcd-embedded.h
cc -O2 -std=c99 -DHAVE_CONFIG_H -DNDEBUG -D_GNU_SOURCE -D_FILE_OFFSET_BITS=64 -D_LARGEFILE_SOURCE -D_LARGEFILE64_SOURCE -DINET -DARP -DARPING -DIPV4LL -DINET6 -DDHCP6 -DAUTH -DPLUGIN_DEV -I.. -I../src -I./crypt -c sa.c -o sa.o
cc -O2 -std=c99 -DHAVE_CONFIG_H -DNDEBUG -D_GNU_SOURCE -D_FILE_OFFSET_BITS=64 -D_LARGEFILE_SOURCE -D_LARGEFILE64_SOURCE -DINET -DARP -DARPING -DIPV4LL -DINET6 -DDHCP6 -DAUTH -DPLUGIN_DEV -I.. -I../src -I./crypt -c route.c -o route.o
cc -O2 -std=c99 -DHAVE_CONFIG_H -DNDEBUG -D_GNU_SOURCE -D_FILE_OFFSET_BITS=64 -D_LARGEFILE_SOURCE -D_LARGEFILE64_SOURCE -DINET -DARP -DARPING -DIPV4LL -DINET6 -DDHCP6 -DAUTH -DPLUGIN_DEV -I.. -I../src -I./crypt -c dhcp-common.c -o dhcp-common.o
cc -O2 -std=c99 -DHAVE_CONFIG_H -DNDEBUG -D_GNU_SOURCE -D_FILE_OFFSET_BITS=64 -D_LARGEFILE_SOURCE -D_LARGEFILE64_SOURCE -DINET -DARP -DARPING -DIPV4LL -DINET6 -DDHCP6 -DAUTH -DPLUGIN_DEV -I.. -I../src -I./crypt -c script.c -o script.o
cc -O2 -std=c99 -DHAVE_CONFIG_H -DNDEBUG -D_GNU_SOURCE -D_FILE_OFFSET_BITS=64 -D_LARGEFILE_SOURCE -D_LARGEFILE64_SOURCE -DINET -DARP -DARPING -DIPV4LL -DINET6 -DDHCP6 -DAUTH -DPLUGIN_DEV -I.. -I../src -I./crypt -c auth.c -o auth.o
cc -O2 -std=c99 -DHAVE_CONFIG_H -DNDEBUG -D_GNU_SOURCE -D_FILE_OFFSET_BITS=64 -D_LARGEFILE_SOURCE -D_LARGEFILE64_SOURCE -DINET -DARP -DARPING -DIPV4LL -DINET6 -DDHCP6 -DAUTH -DPLUGIN_DEV -I.. -I../src -I./crypt -c if-linux.c -o if-linux.o
cc -O2 -std=c99 -DHAVE_CONFIG_H -DNDEBUG -D_GNU_SOURCE -D_FILE_OFFSET_BITS=64 -D_LARGEFILE_SOURCE -D_LARGEFILE64_SOURCE -DINET -DARP -DARPING -DIPV4LL -DINET6 -DDHCP6 -DAUTH -DPLUGIN_DEV -I.. -I../src -I./crypt -c dhcp.c -o dhcp.o
cc -O2 -std=c99 -DHAVE_CONFIG_H -DNDEBUG -D_GNU_SOURCE -D_FILE_OFFSET_BITS=64 -D_LARGEFILE_SOURCE -D_LARGEFILE64_SOURCE -DINET -DARP -DARPING -DIPV4LL -DINET6 -DDHCP6 -DAUTH -DPLUGIN_DEV -I.. -I../src -I./crypt -c ipv4.c -o ipv4.o
cc -O2 -std=c99 -DHAVE_CONFIG_H -DNDEBUG -D_GNU_SOURCE -D_FILE_OFFSET_BITS=64 -D_LARGEFILE_SOURCE -D_LARGEFILE64_SOURCE -DINET -DARP -DARPING -DIPV4LL -DINET6 -DDHCP6 -DAUTH -DPLUGIN_DEV -I.. -I../src -I./crypt -c bpf.c -o bpf.o
cc -O2 -std=c99 -DHAVE_CONFIG_H -DNDEBUG -D_GNU_SOURCE -D_FILE_OFFSET_BITS=64 -D_LARGEFILE_SOURCE -D_LARGEFILE64_SOURCE -DINET -DARP -DARPING -DIPV4LL -DINET6 -DDHCP6 -DAUTH -DPLUGIN_DEV -I.. -I../src -I./crypt -c arp.c -o arp.o
cc -O2 -std=c99 -DHAVE_CONFIG_H -DNDEBUG -D_GNU_SOURCE -D_FILE_OFFSET_BITS=64 -D_LARGEFILE_SOURCE -D_LARGEFILE64_SOURCE -DINET -DARP -DARPING -DIPV4LL -DINET6 -DDHCP6 -DAUTH -DPLUGIN_DEV -I.. -I../src -I./crypt -c ipv4ll.c -o ipv4ll.o
cc -O2 -std=c99 -DHAVE_CONFIG_H -DNDEBUG -D_GNU_SOURCE -D_FILE_OFFSET_BITS=64 -D_LARGEFILE_SOURCE -D_LARGEFILE64_SOURCE -DINET -DARP -DARPING -DIPV4LL -DINET6 -DDHCP6 -DAUTH -DPLUGIN_DEV -I.. -I../src -I./crypt -c ipv6.c -o ipv6.o
cc -O2 -std=c99 -DHAVE_CONFIG_H -DNDEBUG -D_GNU_SOURCE -D_FILE_OFFSET_BITS=64 -D_LARGEFILE_SOURCE -D_LARGEFILE64_SOURCE -DINET -DARP -DARPING -DIPV4LL -DINET6 -DDHCP6 -DAUTH -DPLUGIN_DEV -I.. -I../src -I./crypt -c ipv6nd.c -o ipv6nd.o
cc -O2 -std=c99 -DHAVE_CONFIG_H -DNDEBUG -D_GNU_SOURCE -D_FILE_OFFSET_BITS=64 -D_LARGEFILE_SOURCE -D_LARGEFILE64_SOURCE -DINET -DARP -DARPING -DIPV4LL -DINET6 -DDHCP6 -DAUTH -DPLUGIN_DEV -I.. -I../src -I./crypt -c dhcp6.c -o dhcp6.o
/bin/sh  genembedc dhcpcd-definitions.conf dhcpcd-definitions-small.conf dhcpcd-embedded.c.in > dhcpcd-embedded.c
cc -O2 -std=c99 -DHAVE_CONFIG_H -DNDEBUG -D_GNU_SOURCE -D_FILE_OFFSET_BITS=64 -D_LARGEFILE_SOURCE -D_LARGEFILE64_SOURCE -DINET -DARP -DARPING -DIPV4LL -DINET6 -DDHCP6 -DAUTH -DPLUGIN_DEV -I.. -I../src -I./crypt -c dev.c -o dev.o
cc -O2 -std=c99 -DHAVE_CONFIG_H -DNDEBUG -D_GNU_SOURCE -D_FILE_OFFSET_BITS=64 -D_LARGEFILE_SOURCE -D_LARGEFILE64_SOURCE -DINET -DARP -DARPING -DIPV4LL -DINET6 -DDHCP6 -DAUTH -DPLUGIN_DEV -I.. -I../src -I./crypt -c ../compat/crypt_openssl/hmac.c -o ../compat/crypt_openssl/hmac.o
cc -O2 -std=c99 -DHAVE_CONFIG_H -DNDEBUG -D_GNU_SOURCE -D_FILE_OFFSET_BITS=64 -D_LARGEFILE_SOURCE -D_LARGEFILE64_SOURCE -DINET -DARP -DARPING -DIPV4LL -DINET6 -DDHCP6 -DAUTH -DPLUGIN_DEV -I.. -I../src -I./crypt -c ../compat/crypt_openssl/sha256.c -o ../compat/crypt_openssl/sha256.o
cc -O2 -std=c99 -DHAVE_CONFIG_H -DNDEBUG -D_GNU_SOURCE -D_FILE_OFFSET_BITS=64 -D_LARGEFILE_SOURCE -D_LARGEFILE64_SOURCE -DINET -DARP -DARPING -DIPV4LL -DINET6 -DDHCP6 -DAUTH -DPLUGIN_DEV -I.. -I../src -I./crypt -c ../compat/pidfile.c -o ../compat/pidfile.o
cc -O2 -std=c99 -DHAVE_CONFIG_H -DNDEBUG -D_GNU_SOURCE -D_FILE_OFFSET_BITS=64 -D_LARGEFILE_SOURCE -D_LARGEFILE64_SOURCE -DINET -DARP -DARPING -DIPV4LL -DINET6 -DDHCP6 -DAUTH -DPLUGIN_DEV -I.. -I../src -I./crypt -c ../compat/setproctitle.c -o ../compat/setproctitle.o
cc -O2 -std=c99 -DHAVE_CONFIG_H -DNDEBUG -D_GNU_SOURCE -D_FILE_OFFSET_BITS=64 -D_LARGEFILE_SOURCE -D_LARGEFILE64_SOURCE -DINET -DARP -DARPING -DIPV4LL -DINET6 -DDHCP6 -DAUTH -DPLUGIN_DEV -I.. -I../src -I./crypt -c ../compat/strtoi.c -o ../compat/strtoi.o
cc -O2 -std=c99 -DHAVE_CONFIG_H -DNDEBUG -D_GNU_SOURCE -D_FILE_OFFSET_BITS=64 -D_LARGEFILE_SOURCE -D_LARGEFILE64_SOURCE -DINET -DARP -DARPING -DIPV4LL -DINET6 -DDHCP6 -DAUTH -DPLUGIN_DEV -I.. -I../src -I./crypt -c ../compat/strtou.c -o ../compat/strtou.o
cc -O2 -std=c99 -DHAVE_CONFIG_H -DNDEBUG -D_GNU_SOURCE -D_FILE_OFFSET_BITS=64 -D_LARGEFILE_SOURCE -D_LARGEFILE64_SOURCE -DINET -DARP -DARPING -DIPV4LL -DINET6 -DDHCP6 -DAUTH -DPLUGIN_DEV -I.. -I../src -I./crypt -c ../compat/rb.c -o ../compat/rb.o
sed -e 's:@RUNDIR@:/run/dhcpcd:g' -e 's:@DBDIR@:/var/lib/dhcpcd:g' -e 's:@LIBDIR@:/usr/lib:g' -e 's:@HOOKDIR@:/usr/lib/dhcpcd/dhcpcd-hooks:g' \
	-e 's:@SYSCONFDIR@:/etc:g' -e 's:@SCRIPT@:/usr/lib/dhcpcd/dhcpcd-run-hooks:g' -e 's:@DATADIR@:/usr/share:g' \
	-e 's:@SERVICEEXISTS@::g' -e 's:@SERVICECMD@::g' -e 's:@SERVICESTATUS@::g' \
	-e 's:@STATUSARG@::g' \
	dhcpcd.conf.5.in > dhcpcd.conf.5
sed -e 's:@RUNDIR@:/run/dhcpcd:g' -e 's:@DBDIR@:/var/lib/dhcpcd:g' -e 's:@LIBDIR@:/usr/lib:g' -e 's:@HOOKDIR@:/usr/lib/dhcpcd/dhcpcd-hooks:g' \
	-e 's:@SYSCONFDIR@:/etc:g' -e 's:@SCRIPT@:/usr/lib/dhcpcd/dhcpcd-run-hooks:g' -e 's:@DATADIR@:/usr/share:g' \
	-e 's:@SERVICEEXISTS@::g' -e 's:@SERVICECMD@::g' -e 's:@SERVICESTATUS@::g' \
	-e 's:@STATUSARG@::g' \
	dhcpcd.8.in > dhcpcd.8
cc -O2 -std=c99 -DHAVE_CONFIG_H -DNDEBUG -D_GNU_SOURCE -D_FILE_OFFSET_BITS=64 -D_LARGEFILE_SOURCE -D_LARGEFILE64_SOURCE -DINET -DARP -DARPING -DIPV4LL -DINET6 -DDHCP6 -DAUTH -DPLUGIN_DEV -I.. -I../src -I./crypt -c if-options.c -o if-options.o
cc -O2 -std=c99 -DHAVE_CONFIG_H -DNDEBUG -D_GNU_SOURCE -D_FILE_OFFSET_BITS=64 -D_LARGEFILE_SOURCE -D_LARGEFILE64_SOURCE -DINET -DARP -DARPING -DIPV4LL -DINET6 -DDHCP6 -DAUTH -DPLUGIN_DEV -I.. -I../src -I./crypt -c dhcpcd-embedded.c -o dhcpcd-embedded.o
In function 'add_attr_l',
    inlined from 'if_address' at if-linux.c:2026:3:
if-linux.c:1279:17: warning: writing 16 bytes into a region of size 0 [-Wstringop-overflow=]
 1279 |                 memcpy(RTA_DATA(rta), data, alen);
      |                 ^~~~~~~~~~~~~~~~~~~~~~~~~~~~~~~~~
if-linux.c: In function 'if_address':
if-linux.c:1584:25: note: at offset 20 into destination object 'hdr' of size 16
 1584 |         struct nlmsghdr hdr;
      |                         ^~~
cc -Wl,-export-dynamic -o dhcpcd common.o control.o dhcpcd.o duid.o eloop.o logerr.o if.o if-options.o sa.o route.o dhcp-common.o script.o auth.o if-linux.o dhcp.o ipv4.o bpf.o arp.o ipv4ll.o ipv6.o ipv6nd.o dhcp6.o dhcpcd-embedded.o dev.o ../compat/crypt_openssl/hmac.o ../compat/crypt_openssl/sha256.o ../compat/pidfile.o ../compat/setproctitle.o ../compat/strtoi.o ../compat/strtou.o ../compat/rb.o -lcrypto
for x in dev; do cd $x; make all || exit $?; cd ..; done
make[2]: Entering directory '/blfs/builds/dhcpcd-10.2.4/src/dev'
cc -fPIC -DPIC -DHAVE_CONFIG_H -DNDEBUG -D_GNU_SOURCE -D_FILE_OFFSET_BITS=64 -D_LARGEFILE_SOURCE -D_LARGEFILE64_SOURCE -DINET -DARP -DARPING -DIPV4LL -DINET6 -DDHCP6 -DAUTH -DPLUGIN_DEV -I../../ -I../..//src  -O2 -std=c99  -c udev.c -o udev.So
cc -Wl,-export-dynamic -shared -Wl,-x -o udev.so -Wl,-soname,udev.so \
    udev.So -ludev
make[2]: Leaving directory '/blfs/builds/dhcpcd-10.2.4/src/dev'
make[1]: Leaving directory '/blfs/builds/dhcpcd-10.2.4/src'
make[1]: Entering directory '/blfs/builds/dhcpcd-10.2.4/hooks'
sed -e 's:@RUNDIR@:/run/dhcpcd:g' -e 's:@DBDIR@:/var/lib/dhcpcd:g' -e 's:@LIBDIR@:/usr/lib:g' -e 's:@HOOKDIR@:/usr/lib/dhcpcd/dhcpcd-hooks:g' \
	-e 's:@SYSCONFDIR@:/etc:g' -e 's:@SCRIPT@:/usr/lib/dhcpcd/dhcpcd-run-hooks:g' -e 's:@DATADIR@:/usr/share:g' \
	-e 's:@SERVICEEXISTS@::g' -e 's:@SERVICECMD@::g' -e 's:@SERVICESTATUS@::g' \
	-e 's:@STATUSARG@::g' \
	-e 's:@DEFAULT_HOSTNAME@:(none):g' \
	-e 's:@YPDOMAIN_DIR@::g' \
	-e 's:@YPDOMAIN_SUFFIX@::g' \
	dhcpcd-run-hooks.in > dhcpcd-run-hooks
sed -e 's:@RUNDIR@:/run/dhcpcd:g' -e 's:@DBDIR@:/var/lib/dhcpcd:g' -e 's:@LIBDIR@:/usr/lib:g' -e 's:@HOOKDIR@:/usr/lib/dhcpcd/dhcpcd-hooks:g' \
	-e 's:@SYSCONFDIR@:/etc:g' -e 's:@SCRIPT@:/usr/lib/dhcpcd/dhcpcd-run-hooks:g' -e 's:@DATADIR@:/usr/share:g' \
	-e 's:@SERVICEEXISTS@::g' -e 's:@SERVICECMD@::g' -e 's:@SERVICESTATUS@::g' \
	-e 's:@STATUSARG@::g' \
	-e 's:@DEFAULT_HOSTNAME@:(none):g' \
	-e 's:@YPDOMAIN_DIR@::g' \
	-e 's:@YPDOMAIN_SUFFIX@::g' \
	dhcpcd-run-hooks.8.in > dhcpcd-run-hooks.8
sed -e 's:@RUNDIR@:/run/dhcpcd:g' -e 's:@DBDIR@:/var/lib/dhcpcd:g' -e 's:@LIBDIR@:/usr/lib:g' -e 's:@HOOKDIR@:/usr/lib/dhcpcd/dhcpcd-hooks:g' \
	-e 's:@SYSCONFDIR@:/etc:g' -e 's:@SCRIPT@:/usr/lib/dhcpcd/dhcpcd-run-hooks:g' -e 's:@DATADIR@:/usr/share:g' \
	-e 's:@SERVICEEXISTS@::g' -e 's:@SERVICECMD@::g' -e 's:@SERVICESTATUS@::g' \
	-e 's:@STATUSARG@::g' \
	-e 's:@DEFAULT_HOSTNAME@:(none):g' \
	-e 's:@YPDOMAIN_DIR@::g' \
	-e 's:@YPDOMAIN_SUFFIX@::g' \
	30-hostname.in > 30-hostname
make[1]: Leaving directory '/blfs/builds/dhcpcd-10.2.4/hooks'
for x in src hooks; do cd $x; make install || exit $?; cd ..; done
make[1]: Entering directory '/blfs/builds/dhcpcd-10.2.4/src'
install -d /pkgs/dhcpcd/usr/sbin
install -m 0555 dhcpcd /pkgs/dhcpcd/usr/sbin
install -m 0750 -d /pkgs/dhcpcd/var/lib/dhcpcd
for x in dev; do cd $x; make proginstall || exit $?; cd ..; done
make[2]: Entering directory '/blfs/builds/dhcpcd-10.2.4/src/dev'
install -d /pkgs/dhcpcd/usr/lib/dhcpcd/dev
install -m 0555  udev.so /pkgs/dhcpcd/usr/lib/dhcpcd/dev
make[2]: Leaving directory '/blfs/builds/dhcpcd-10.2.4/src/dev'
install -d /pkgs/dhcpcd/usr/share/man/man5
install -m 0444 dhcpcd.conf.5 /pkgs/dhcpcd/usr/share/man/man5
install -d /pkgs/dhcpcd/usr/share/man/man8
install -m 0444 dhcpcd.8 /pkgs/dhcpcd/usr/share/man/man8
install -d /pkgs/dhcpcd/etc
# Install a new default config if not present
if ! [ -e /pkgs/dhcpcd/etc/dhcpcd.conf ]; then \
	install -m 0644 dhcpcd.conf /pkgs/dhcpcd/etc; \
	if [ "" = yes ]; then \
		sed -i \
		    -e 's/#option ntp_servers/option ntp_servers/' \
		    /pkgs/dhcpcd//etc/dhcpcd.conf; \
	fi; \
fi
make[1]: Leaving directory '/blfs/builds/dhcpcd-10.2.4/src'
make[1]: Entering directory '/blfs/builds/dhcpcd-10.2.4/hooks'
install -d /pkgs/dhcpcd/usr/lib/dhcpcd
install -m 0555 dhcpcd-run-hooks /pkgs/dhcpcd/usr/lib/dhcpcd
install -d /pkgs/dhcpcd/usr/lib/dhcpcd/dhcpcd-hooks
install -m 0444 01-test 20-resolv.conf 30-hostname 50-timesyncd.conf /pkgs/dhcpcd/usr/lib/dhcpcd/dhcpcd-hooks
# We need to remove the old MTU change script if we at all can.
rm -f /pkgs/dhcpcd/usr/lib/dhcpcd/dhcpcd-hooks/10-mtu
install -d /pkgs/dhcpcd/usr/share/dhcpcd/hooks
install -m 0444 10-wpa_supplicant 15-timezone 29-lookup-hostname 50-yp.conf /pkgs/dhcpcd/usr/share/dhcpcd/hooks
install -d /pkgs/dhcpcd/usr/share/man/man8
install -m 0444 dhcpcd-run-hooks.8 /pkgs/dhcpcd/usr/share/man/man8
make[1]: Leaving directory '/blfs/builds/dhcpcd-10.2.4/hooks'
for x in src hooks; do cd $x; make install || exit $?; cd ..; done
make[1]: Entering directory '/blfs/builds/dhcpcd-10.2.4/src'
install -d /usr/sbin
install -m 0555 dhcpcd /usr/sbin
install -m 0750 -d /var/lib/dhcpcd
for x in dev; do cd $x; make proginstall || exit $?; cd ..; done
make[2]: Entering directory '/blfs/builds/dhcpcd-10.2.4/src/dev'
install -d /usr/lib/dhcpcd/dev
install -m 0555  udev.so /usr/lib/dhcpcd/dev
make[2]: Leaving directory '/blfs/builds/dhcpcd-10.2.4/src/dev'
install -d /usr/share/man/man5
install -m 0444 dhcpcd.conf.5 /usr/share/man/man5
install -d /usr/share/man/man8
install -m 0444 dhcpcd.8 /usr/share/man/man8
install -d /etc
# Install a new default config if not present
if ! [ -e /etc/dhcpcd.conf ]; then \
	install -m 0644 dhcpcd.conf /etc; \
	if [ "" = yes ]; then \
		sed -i \
		    -e 's/#option ntp_servers/option ntp_servers/' \
		    //etc/dhcpcd.conf; \
	fi; \
fi
make[1]: Leaving directory '/blfs/builds/dhcpcd-10.2.4/src'
make[1]: Entering directory '/blfs/builds/dhcpcd-10.2.4/hooks'
install -d /usr/lib/dhcpcd
install -m 0555 dhcpcd-run-hooks /usr/lib/dhcpcd
install -d /usr/lib/dhcpcd/dhcpcd-hooks
install -m 0444 01-test 20-resolv.conf 30-hostname 50-timesyncd.conf /usr/lib/dhcpcd/dhcpcd-hooks
# We need to remove the old MTU change script if we at all can.
rm -f /usr/lib/dhcpcd/dhcpcd-hooks/10-mtu
install -d /usr/share/dhcpcd/hooks
install -m 0444 10-wpa_supplicant 15-timezone 29-lookup-hostname 50-yp.conf /usr/share/dhcpcd/hooks
install -d /usr/share/man/man8
install -m 0444 dhcpcd-run-hooks.8 /usr/share/man/man8
make[1]: Leaving directory '/blfs/builds/dhcpcd-10.2.4/hooks'
dhcpcd/
dhcpcd/usr/
dhcpcd/usr/share/
dhcpcd/usr/share/dhcpcd/
dhcpcd/usr/share/dhcpcd/hooks/
dhcpcd/usr/share/dhcpcd/hooks/29-lookup-hostname
dhcpcd/usr/share/dhcpcd/hooks/50-yp.conf
dhcpcd/usr/share/dhcpcd/hooks/15-timezone
dhcpcd/usr/share/dhcpcd/hooks/10-wpa_supplicant
dhcpcd/usr/share/man/
dhcpcd/usr/share/man/man5/
dhcpcd/usr/share/man/man5/dhcpcd.conf.5
dhcpcd/usr/share/man/man8/
dhcpcd/usr/share/man/man8/dhcpcd.8
dhcpcd/usr/share/man/man8/dhcpcd-run-hooks.8
dhcpcd/usr/sbin/
dhcpcd/usr/sbin/dhcpcd
dhcpcd/usr/lib/
dhcpcd/usr/lib/dhcpcd/
dhcpcd/usr/lib/dhcpcd/dhcpcd-hooks/
dhcpcd/usr/lib/dhcpcd/dhcpcd-hooks/50-timesyncd.conf
dhcpcd/usr/lib/dhcpcd/dhcpcd-hooks/30-hostname
dhcpcd/usr/lib/dhcpcd/dhcpcd-hooks/20-resolv.conf
dhcpcd/usr/lib/dhcpcd/dhcpcd-hooks/01-test
dhcpcd/usr/lib/dhcpcd/dev/
dhcpcd/usr/lib/dhcpcd/dev/udev.so
dhcpcd/usr/lib/dhcpcd/dhcpcd-run-hooks
dhcpcd/version
dhcpcd/var/
dhcpcd/var/lib/
dhcpcd/var/lib/dhcpcd/
dhcpcd/depends
dhcpcd/etc/
dhcpcd/etc/dhcpcd.conf
dhcpcd/postinst
dhcpcd/make-depends
