--2025-06-07 21:11:33--  https://download.gnome.org/sources/gnome-backgrounds/48/gnome-backgrounds-48.2.1.tar.xz
Resolving download.gnome.org (download.gnome.org)... 2a02:6ea0:c400::54, 2a02:6ea0:c400::53, 79.127.206.235, ...
Connecting to download.gnome.org (download.gnome.org)|2a02:6ea0:c400::54|:443... connected.
HTTP request sent, awaiting response... 200 OK
Length: 37358116 (36M) [application/octet-stream]
Saving to: 'gnome-backgrounds-48.2.1.tar.xz'

     0K .......... .......... .......... .......... ..........  0% 3.00M 12s
    50K .......... .......... .......... .......... ..........  0% 11.1M 8s
   100K .......... .......... .......... .......... ..........  0% 10.1M 6s
   150K .......... .......... .......... .......... ..........  0% 20.1M 5s
   200K .......... .......... .......... .......... ..........  0% 16.8M 4s
   250K .......... .......... .......... .......... ..........  0% 6.02M 5s
   300K .......... .......... .......... .......... ..........  0% 74.3M 4s
   350K .......... .......... .......... .......... ..........  1% 32.4M 4s
   400K .......... .......... .......... .......... ..........  1% 48.1M 3s
   450K .......... .......... .......... .......... ..........  1% 59.7M 3s
   500K .......... .......... .......... .......... ..........  1% 48.6M 3s
   550K .......... .......... .......... .......... ..........  1% 26.8M 3s
   600K .......... .......... .......... .......... ..........  1% 71.8M 3s
   650K .......... .......... .......... .......... ..........  1% 40.9M 2s
   700K .......... .......... .......... .......... ..........  2% 49.6M 2s
   750K .......... .......... .......... .......... ..........  2% 37.7M 2s
   800K .......... .......... .......... .......... ..........  2% 62.0M 2s
   850K .......... .......... .......... .......... ..........  2% 29.6M 2s
   900K .......... .......... .......... .......... ..........  2%  115M 2s
   950K .......... .......... .......... .......... ..........  2% 50.2M 2s
  1000K .......... .......... .......... .......... ..........  2% 11.8M 2s
  1050K .......... .......... .......... .......... ..........  3%  115M 2s
  1100K .......... .......... .......... .......... ..........  3%  116M 2s
  1150K .......... .......... .......... .......... ..........  3% 12.2M 2s
  1200K .......... .......... .......... .......... ..........  3%  117M 2s
  1250K .......... .......... .......... .......... ..........  3% 12.3M 2s
  1300K .......... .......... .......... .......... ..........  3%  118M 2s
  1350K .......... .......... .......... .......... ..........  3%  113M 2s
  1400K .......... .......... .......... .......... ..........  3% 10.8M 2s
  1450K .......... .......... .......... .......... ..........  4%  118M 2s
  1500K .......... .......... .......... .......... ..........  4%  117M 2s
  1550K .......... .......... .......... .......... ..........  4% 12.5M 2s
  1600K .......... .......... .......... .......... ..........  4%  132M 2s
  1650K .......... .......... .......... .......... ..........  4%  116M 2s
  1700K .......... .......... .......... .......... ..........  4% 9.49M 2s
  1750K .......... .......... .......... .......... ..........  4%  148M 2s
  1800K .......... .......... .......... .......... ..........  5%  119M 2s
  1850K .......... .......... .......... .......... ..........  5% 10.0M 2s
  1900K .......... .......... .......... .......... ..........  5%  106M 2s
  1950K .......... .......... .......... .......... ..........  5% 90.4M 2s
  2000K .......... .......... .......... .......... ..........  5% 12.0M 2s
  2050K .......... .......... .......... .......... ..........  5%  115M 2s
  2100K .......... .......... .......... .......... ..........  5%  116M 2s
  2150K .......... .......... .......... .......... ..........  6% 11.7M 2s
  2200K .......... .......... .......... .......... ..........  6%  115M 2s
  2250K .......... .......... .......... .......... ..........  6%  113M 1s
  2300K .......... .......... .......... .......... ..........  6% 13.0M 2s
  2350K .......... .......... .......... .......... ..........  6% 86.3M 1s
  2400K .......... .......... .......... .......... ..........  6% 11.9M 2s
  2450K .......... .......... .......... .......... ..........  6%  114M 1s
  2500K .......... .......... .......... .......... ..........  6%  115M 1s
  2550K .......... .......... .......... .......... ..........  7% 12.1M 1s
  2600K .......... .......... .......... .......... ..........  7%  119M 1s
  2650K .......... .......... .......... .......... ..........  7%  116M 1s
  2700K .......... .......... .......... .......... ..........  7% 10.7M 1s
  2750K .......... .......... .......... .......... ..........  7% 83.8M 1s
  2800K .......... .......... .......... .......... ..........  7%  119M 1s
  2850K .......... .......... .......... .......... ..........  7% 11.0M 1s
  2900K .......... .......... .......... .......... ..........  8%  103M 1s
  2950K .......... .......... .......... .......... ..........  8%  117M 1s
  3000K .......... .......... .......... .......... ..........  8% 11.8M 1s
  3050K .......... .......... .......... .......... ..........  8%  106M 1s
  3100K .......... .......... .......... .......... ..........  8%  114M 1s
  3150K .......... .......... .......... .......... ..........  8% 11.7M 1s
  3200K .......... .......... .......... .......... ..........  8%  115M 1s
  3250K .......... .......... .......... .......... ..........  9%  115M 1s
  3300K .......... .......... .......... .......... ..........  9% 14.1M 1s
  3350K .......... .......... .......... .......... ..........  9%  114M 1s
  3400K .......... .......... .......... .......... ..........  9%  113M 1s
  3450K .......... .......... .......... .......... ..........  9% 11.6M 1s
  3500K .......... .......... .......... .......... ..........  9%  120M 1s
  3550K .......... .......... .......... .......... ..........  9% 9.64M 1s
  3600K .......... .......... .......... .......... .......... 10%  118M 1s
  3650K .......... .......... .......... .......... .......... 10%  108M 1s
  3700K .......... .......... .......... .......... .......... 10% 11.7M 1s
  3750K .......... .......... .......... .......... .......... 10%  115M 1s
  3800K .......... .......... .......... .......... .......... 10%  118M 1s
  3850K .......... .......... .......... .......... .......... 10% 11.2M 1s
  3900K .......... .......... .......... .......... .......... 10%  119M 1s
  3950K .......... .......... .......... .......... .......... 10% 84.8M 1s
  4000K .......... .......... .......... .......... .......... 11% 9.84M 1s
  4050K .......... .......... .......... .......... .......... 11%  116M 1s
  4100K .......... .......... .......... .......... .......... 11%  115M 1s
  4150K .......... .......... .......... .......... .......... 11% 11.5M 1s
  4200K .......... .......... .......... .......... .......... 11%  116M 1s
  4250K .......... .......... .......... .......... .......... 11%  119M 1s
  4300K .......... .......... .......... .......... .......... 11% 11.6M 1s
  4350K .......... .......... .......... .......... .......... 12% 86.4M 1s
  4400K .......... .......... .......... .......... .......... 12%  117M 1s
  4450K .......... .......... .......... .......... .......... 12% 10.7M 1s
  4500K .......... .......... .......... .......... .......... 12%  117M 1s
  4550K .......... .......... .......... .......... .......... 12%  116M 1s
  4600K .......... .......... .......... .......... .......... 12% 11.4M 1s
  4650K .......... .......... .......... .......... .......... 12%  124M 1s
  4700K .......... .......... .......... .......... .......... 13% 87.1M 1s
  4750K .......... .......... .......... .......... .......... 13% 11.4M 1s
  4800K .......... .......... .......... .......... .......... 13%  186M 1s
  4850K .......... .......... .......... .......... .......... 13% 11.4M 1s
  4900K .......... .......... .......... .......... .......... 13% 73.7M 1s
  4950K .......... .......... .......... .......... .......... 13%  154M 1s
  5000K .......... .......... .......... .......... .......... 13% 10.9M 1s
  5050K .......... .......... .......... .......... .......... 13%  123M 1s
  5100K .......... .......... .......... .......... .......... 14%  150M 1s
  5150K .......... .......... .......... .......... .......... 14% 12.0M 1s
  5200K .......... .......... .......... .......... .......... 14%  115M 1s
  5250K .......... .......... .......... .......... .......... 14% 97.0M 1s
  5300K .......... .......... .......... .......... .......... 14% 10.7M 1s
  5350K .......... .......... .......... .......... .......... 14%  137M 1s
  5400K .......... .......... .......... .......... .......... 14% 91.0M 1s
  5450K .......... .......... .......... .......... .......... 15% 11.4M 1s
  5500K .......... .......... .......... .......... .......... 15%  117M 1s
  5550K .......... .......... .......... .......... .......... 15% 84.9M 1s
  5600K .......... .......... .......... .......... .......... 15% 10.0M 1s
  5650K .......... .......... .......... .......... .......... 15% 94.6M 1s
  5700K .......... .......... .......... .......... .......... 15%  148M 1s
  5750K .......... .......... .......... .......... .......... 15% 13.2M 1s
  5800K .......... .......... .......... .......... .......... 16% 89.0M 1s
  5850K .......... .......... .......... .......... .......... 16% 90.0M 1s
  5900K .......... .......... .......... .......... .......... 16% 12.0M 1s
  5950K .......... .......... .......... .......... .......... 16% 92.1M 1s
  6000K .......... .......... .......... .......... .......... 16% 11.0M 1s
  6050K .......... .......... .......... .......... .......... 16%  155M 1s
  6100K .......... .......... .......... .......... .......... 16% 93.0M 1s
  6150K .......... .......... .......... .......... .......... 16% 11.5M 1s
  6200K .......... .......... .......... .......... .......... 17%  113M 1s
  6250K .......... .......... .......... .......... .......... 17%  165M 1s
  6300K .......... .......... .......... .......... .......... 17% 12.3M 1s
  6350K .......... .......... .......... .......... .......... 17% 69.5M 1s
  6400K .......... .......... .......... .......... .......... 17%  104M 1s
  6450K .......... .......... .......... .......... .......... 17% 12.3M 1s
  6500K .......... .......... .......... .......... .......... 17%  138M 1s
  6550K .......... .......... .......... .......... .......... 18% 99.6M 1s
  6600K .......... .......... .......... .......... .......... 18% 11.8M 1s
  6650K .......... .......... .......... .......... .......... 18% 54.9M 1s
  6700K .......... .......... .......... .......... .......... 18% 10.7M 1s
  6750K .......... .......... .......... .......... .......... 18% 82.4M 1s
  6800K .......... .......... .......... .......... .......... 18%  165M 1s
  6850K .......... .......... .......... .......... .......... 18% 95.3M 1s
  6900K .......... .......... .......... .......... .......... 19% 13.3M 1s
  6950K .......... .......... .......... .......... .......... 19% 90.0M 1s
  7000K .......... .......... .......... .......... .......... 19% 88.7M 1s
  7050K .......... .......... .......... .......... .......... 19% 11.4M 1s
  7100K .......... .......... .......... .......... .......... 19%  103M 1s
  7150K .......... .......... .......... .......... .......... 19% 11.5M 1s
  7200K .......... .......... .......... .......... .......... 19% 71.4M 1s
  7250K .......... .......... .......... .......... .......... 20%  204M 1s
  7300K .......... .......... .......... .......... .......... 20% 11.6M 1s
  7350K .......... .......... .......... .......... .......... 20%  130M 1s
  7400K .......... .......... .......... .......... .......... 20% 90.7M 1s
  7450K .......... .......... .......... .......... .......... 20% 13.8M 1s
  7500K .......... .......... .......... .......... .......... 20%  115M 1s
  7550K .......... .......... .......... .......... .......... 20% 83.2M 1s
  7600K .......... .......... .......... .......... .......... 20% 11.3M 1s
  7650K .......... .......... .......... .......... .......... 21% 81.8M 1s
  7700K .......... .......... .......... .......... .......... 21%  175M 1s
  7750K .......... .......... .......... .......... .......... 21% 11.0M 1s
  7800K .......... .......... .......... .......... .......... 21%  111M 1s
  7850K .......... .......... .......... .......... .......... 21%  120M 1s
  7900K .......... .......... .......... .......... .......... 21% 13.5M 1s
  7950K .......... .......... .......... .......... .......... 21% 82.8M 1s
  8000K .......... .......... .......... .......... .......... 22%  113M 1s
  8050K .......... .......... .......... .......... .......... 22% 10.1M 1s
  8100K .......... .......... .......... .......... .......... 22%  115M 1s
  8150K .......... .......... .......... .......... .......... 22%  109M 1s
  8200K .......... .......... .......... .......... .......... 22% 14.0M 1s
  8250K .......... .......... .......... .......... .......... 22%  122M 1s
  8300K .......... .......... .......... .......... .......... 22%  114M 1s
  8350K .......... .......... .......... .......... .......... 23% 9.20M 1s
  8400K .......... .......... .......... .......... .......... 23%  208M 1s
  8450K .......... .......... .......... .......... .......... 23% 12.2M 1s
  8500K .......... .......... .......... .......... .......... 23%  107M 1s
  8550K .......... .......... .......... .......... .......... 23%  124M 1s
  8600K .......... .......... .......... .......... .......... 23% 12.4M 1s
  8650K .......... .......... .......... .......... .......... 23%  119M 1s
  8700K .......... .......... .......... .......... .......... 23%  111M 1s
  8750K .......... .......... .......... .......... .......... 24% 10.5M 1s
  8800K .......... .......... .......... .......... .......... 24%  117M 1s
  8850K .......... .......... .......... .......... .......... 24%  116M 1s
  8900K .......... .......... .......... .......... .......... 24% 12.9M 1s
  8950K .......... .......... .......... .......... .......... 24%  130M 1s
  9000K .......... .......... .......... .......... .......... 24%  103M 1s
  9050K .......... .......... .......... .......... .......... 24% 12.2M 1s
  9100K .......... .......... .......... .......... .......... 25%  118M 1s
  9150K .......... .......... .......... .......... .......... 25% 92.9M 1s
  9200K .......... .......... .......... .......... .......... 25% 11.4M 1s
  9250K .......... .......... .......... .......... .......... 25%  114M 1s
  9300K .......... .......... .......... .......... .......... 25%  115M 1s
  9350K .......... .......... .......... .......... .......... 25% 11.4M 1s
  9400K .......... .......... .......... .......... .......... 25%  118M 1s
  9450K .......... .......... .......... .......... .......... 26%  117M 1s
  9500K .......... .......... .......... .......... .......... 26% 12.7M 1s
  9550K .......... .......... .......... .......... .......... 26% 86.3M 1s
  9600K .......... .......... .......... .......... .......... 26% 12.0M 1s
  9650K .......... .......... .......... .......... .......... 26%  112M 1s
  9700K .......... .......... .......... .......... .......... 26%  128M 1s
  9750K .......... .......... .......... .......... .......... 26% 10.9M 1s
  9800K .......... .......... .......... .......... .......... 26%  119M 1s
  9850K .......... .......... .......... .......... .......... 27%  118M 1s
  9900K .......... .......... .......... .......... .......... 27% 9.87M 1s
  9950K .......... .......... .......... .......... .......... 27% 85.7M 1s
 10000K .......... .......... .......... .......... .......... 27%  119M 1s
 10050K .......... .......... .......... .......... .......... 27% 14.7M 1s
 10100K .......... .......... .......... .......... .......... 27%  117M 1s
 10150K .......... .......... .......... .......... .......... 27%  119M 1s
 10200K .......... .......... .......... .......... .......... 28% 12.7M 1s
 10250K .......... .......... .......... .......... .......... 28%  106M 1s
 10300K .......... .......... .......... .......... .......... 28%  129M 1s
 10350K .......... .......... .......... .......... .......... 28% 10.1M 1s
 10400K .......... .......... .......... .......... .......... 28%  115M 1s
 10450K .......... .......... .......... .......... .......... 28%  117M 1s
 10500K .......... .......... .......... .......... .......... 28% 12.0M 1s
 10550K .......... .......... .......... .......... .......... 29%  106M 1s
 10600K .......... .......... .......... .......... .......... 29%  120M 1s
 10650K .......... .......... .......... .......... .......... 29% 11.1M 1s
 10700K .......... .......... .......... .......... .......... 29%  116M 1s
 10750K .......... .......... .......... .......... .......... 29% 10.6M 1s
 10800K .......... .......... .......... .......... .......... 29%  124M 1s
 10850K .......... .......... .......... .......... .......... 29%  115M 1s
 10900K .......... .......... .......... .......... .......... 30% 9.33M 1s
 10950K .......... .......... .......... .......... .......... 30%  126M 1s
 11000K .......... .......... .......... .......... .......... 30%  131M 1s
 11050K .......... .......... .......... .......... .......... 30% 12.3M 1s
 11100K .......... .......... .......... .......... .......... 30%  117M 1s
 11150K .......... .......... .......... .......... .......... 30% 84.0M 1s
 11200K .......... .......... .......... .......... .......... 30% 13.1M 1s
 11250K .......... .......... .......... .......... .......... 30%  117M 1s
 11300K .......... .......... .......... .......... .......... 31%  111M 1s
 11350K .......... .......... .......... .......... .......... 31% 11.8M 1s
 11400K .......... .......... .......... .......... .......... 31%  117M 1s
 11450K .......... .......... .......... .......... .......... 31%  116M 1s
 11500K .......... .......... .......... .......... .......... 31% 11.7M 1s
 11550K .......... .......... .......... .......... .......... 31% 85.9M 1s
 11600K .......... .......... .......... .......... .......... 31%  118M 1s
 11650K .......... .......... .......... .......... .......... 32% 13.7M 1s
 11700K .......... .......... .......... .......... .......... 32%  117M 1s
 11750K .......... .......... .......... .......... .......... 32%  117M 1s
 11800K .......... .......... .......... .......... .......... 32% 11.4M 1s
 11850K .......... .......... .......... .......... .......... 32%  115M 1s
 11900K .......... .......... .......... .......... .......... 32%  118M 1s
 11950K .......... .......... .......... .......... .......... 32% 10.3M 1s
 12000K .......... .......... .......... .......... .......... 33%  114M 1s
 12050K .......... .......... .......... .......... .......... 33% 11.2M 1s
 12100K .......... .......... .......... .......... .......... 33%  115M 1s
 12150K .......... .......... .......... .......... .......... 33%  119M 1s
 12200K .......... .......... .......... .......... .......... 33% 11.8M 1s
 12250K .......... .......... .......... .......... .......... 33%  111M 1s
 12300K .......... .......... .......... .......... .......... 33%  116M 1s
 12350K .......... .......... .......... .......... .......... 33% 12.0M 1s
 12400K .......... .......... .......... .......... .......... 34%  117M 1s
 12450K .......... .......... .......... .......... .......... 34%  117M 1s
 12500K .......... .......... .......... .......... .......... 34% 12.9M 1s
 12550K .......... .......... .......... .......... .......... 34%  117M 1s
 12600K .......... .......... .......... .......... .......... 34%  113M 1s
 12650K .......... .......... .......... .......... .......... 34% 11.0M 1s
 12700K .......... .......... .......... .......... .......... 34%  130M 1s
 12750K .......... .......... .......... .......... .......... 35% 83.1M 1s
 12800K .......... .......... .......... .......... .......... 35% 7.67M 1s
 12850K .......... .......... .......... .......... .......... 35%  118M 1s
 12900K .......... .......... .......... .......... .......... 35%  115M 1s
 12950K .......... .......... .......... .......... .......... 35% 10.4M 1s
 13000K .......... .......... .......... .......... .......... 35%  109M 1s
 13050K .......... .......... .......... .......... .......... 35%  116M 1s
 13100K .......... .......... .......... .......... .......... 36% 11.5M 1s
 13150K .......... .......... .......... .......... .......... 36% 85.4M 1s
 13200K .......... .......... .......... .......... .......... 36% 9.95M 1s
 13250K .......... .......... .......... .......... .......... 36%  115M 1s
 13300K .......... .......... .......... .......... .......... 36%  116M 1s
 13350K .......... .......... .......... .......... .......... 36% 15.3M 1s
 13400K .......... .......... .......... .......... .......... 36%  112M 1s
 13450K .......... .......... .......... .......... .......... 37%  110M 1s
 13500K .......... .......... .......... .......... .......... 37% 9.64M 1s
 13550K .......... .......... .......... .......... .......... 37% 86.6M 1s
 13600K .......... .......... .......... .......... .......... 37%  114M 1s
 13650K .......... .......... .......... .......... .......... 37% 9.04M 1s
 13700K .......... .......... .......... .......... .......... 37%  103M 1s
 13750K .......... .......... .......... .......... .......... 37%  119M 1s
 13800K .......... .......... .......... .......... .......... 37% 10.7M 1s
 13850K .......... .......... .......... .......... .......... 38%  126M 1s
 13900K .......... .......... .......... .......... .......... 38%  116M 1s
 13950K .......... .......... .......... .......... .......... 38% 12.8M 1s
 14000K .......... .......... .......... .......... .......... 38%  104M 1s
 14050K .......... .......... .......... .......... .......... 38%  130M 1s
 14100K .......... .......... .......... .......... .......... 38% 12.0M 1s
 14150K .......... .......... .......... .......... .......... 38%  115M 1s
 14200K .......... .......... .......... .......... .......... 39%  114M 1s
 14250K .......... .......... .......... .......... .......... 39% 11.7M 1s
 14300K .......... .......... .......... .......... .......... 39%  117M 1s
 14350K .......... .......... .......... .......... .......... 39% 10.5M 1s
 14400K .......... .......... .......... .......... .......... 39%  114M 1s
 14450K .......... .......... .......... .......... .......... 39%  113M 1s
 14500K .......... .......... .......... .......... .......... 39% 12.2M 1s
 14550K .......... .......... .......... .......... .......... 40%  117M 1s
 14600K .......... .......... .......... .......... .......... 40%  116M 1s
 14650K .......... .......... .......... .......... .......... 40% 9.66M 1s
 14700K .......... .......... .......... .......... .......... 40%  112M 1s
 14750K .......... .......... .......... .......... .......... 40% 85.9M 1s
 14800K .......... .......... .......... .......... .......... 40% 7.77M 1s
 14850K .......... .......... .......... .......... .......... 40%  117M 1s
 14900K .......... .......... .......... .......... .......... 40%  117M 1s
 14950K .......... .......... .......... .......... .......... 41% 25.5M 1s
 15000K .......... .......... .......... .......... .......... 41%  115M 1s
 15050K .......... .......... .......... .......... .......... 41%  116M 1s
 15100K .......... .......... .......... .......... .......... 41% 11.1M 1s
 15150K .......... .......... .......... .......... .......... 41% 93.4M 1s
 15200K .......... .......... .......... .......... .......... 41%  114M 1s
 15250K .......... .......... .......... .......... .......... 41% 12.3M 1s
 15300K .......... .......... .......... .......... .......... 42%  120M 1s
 15350K .......... .......... .......... .......... .......... 42%  114M 1s
 15400K .......... .......... .......... .......... .......... 42% 10.7M 1s
 15450K .......... .......... .......... .......... .......... 42%  118M 1s
 15500K .......... .......... .......... .......... .......... 42%  111M 1s
 15550K .......... .......... .......... .......... .......... 42% 12.2M 1s
 15600K .......... .......... .......... .......... .......... 42%  113M 1s
 15650K .......... .......... .......... .......... .......... 43% 11.3M 1s
 15700K .......... .......... .......... .......... .......... 43%  114M 1s
 15750K .......... .......... .......... .......... .......... 43%  119M 1s
 15800K .......... .......... .......... .......... .......... 43% 9.82M 1s
 15850K .......... .......... .......... .......... .......... 43%  116M 1s
 15900K .......... .......... .......... .......... .......... 43%  113M 1s
 15950K .......... .......... .......... .......... .......... 43% 10.8M 1s
 16000K .......... .......... .......... .......... .......... 43%  106M 1s
 16050K .......... .......... .......... .......... .......... 44%  116M 1s
 16100K .......... .......... .......... .......... .......... 44% 11.5M 1s
 16150K .......... .......... .......... .......... .......... 44%  118M 1s
 16200K .......... .......... .......... .......... .......... 44%  112M 1s
 16250K .......... .......... .......... .......... .......... 44% 11.5M 1s
 16300K .......... .......... .......... .......... .......... 44%  118M 1s
 16350K .......... .......... .......... .......... .......... 44% 92.7M 1s
 16400K .......... .......... .......... .......... .......... 45% 13.0M 1s
 16450K .......... .......... .......... .......... .......... 45%  117M 1s
 16500K .......... .......... .......... .......... .......... 45%  117M 1s
 16550K .......... .......... .......... .......... .......... 45% 10.2M 1s
 16600K .......... .......... .......... .......... .......... 45%  116M 1s
 16650K .......... .......... .......... .......... .......... 45%  118M 1s
 16700K .......... .......... .......... .......... .......... 45% 15.1M 1s
 16750K .......... .......... .......... .......... .......... 46% 84.1M 1s
 16800K .......... .......... .......... .......... .......... 46% 1.85M 1s
 16850K .......... .......... .......... .......... .......... 46% 99.8M 1s
 16900K .......... .......... .......... .......... .......... 46% 89.9M 1s
 16950K .......... .......... .......... .......... .......... 46% 20.2M 1s
 17000K .......... .......... .......... .......... .......... 46% 71.1M 1s
 17050K .......... .......... .......... .......... .......... 46%  158M 1s
 17100K .......... .......... .......... .......... .......... 47% 11.2M 1s
 17150K .......... .......... .......... .......... .......... 47%  110M 1s
 17200K .......... .......... .......... .......... .......... 47% 91.4M 1s
 17250K .......... .......... .......... .......... .......... 47% 13.2M 1s
 17300K .......... .......... .......... .......... .......... 47% 87.8M 1s
 17350K .......... .......... .......... .......... .......... 47%  133M 1s
 17400K .......... .......... .......... .......... .......... 47% 11.4M 1s
 17450K .......... .......... .......... .......... .......... 47%  149M 1s
 17500K .......... .......... .......... .......... .......... 48% 97.7M 1s
 17550K .......... .......... .......... .......... .......... 48% 9.72M 1s
 17600K .......... .......... .......... .......... .......... 48% 82.5M 1s
 17650K .......... .......... .......... .......... .......... 48%  156M 1s
 17700K .......... .......... .......... .......... .......... 48% 10.6M 1s
 17750K .......... .......... .......... .......... .......... 48% 95.1M 1s
 17800K .......... .......... .......... .......... .......... 48% 91.2M 1s
 17850K .......... .......... .......... .......... .......... 49% 16.1M 1s
 17900K .......... .......... .......... .......... .......... 49%  119M 1s
 17950K .......... .......... .......... .......... .......... 49% 9.78M 1s
 18000K .......... .......... .......... .......... .......... 49% 55.0M 1s
 18050K .......... .......... .......... .......... .......... 49%  114M 1s
 18100K .......... .......... .......... .......... .......... 49% 13.2M 1s
 18150K .......... .......... .......... .......... .......... 49%  115M 1s
 18200K .......... .......... .......... .......... .......... 50%  118M 1s
 18250K .......... .......... .......... .......... .......... 50% 13.3M 1s
 18300K .......... .......... .......... .......... .......... 50%  119M 1s
 18350K .......... .......... .......... .......... .......... 50% 84.2M 1s
 18400K .......... .......... .......... .......... .......... 50% 2.73M 1s
 18450K .......... .......... .......... .......... .......... 50%  156M 1s
 18500K .......... .......... .......... .......... .......... 50%  121M 1s
 18550K .......... .......... .......... .......... .......... 50% 19.5M 1s
 18600K .......... .......... .......... .......... .......... 51%  126M 1s
 18650K .......... .......... .......... .......... .......... 51%  116M 1s
 18700K .......... .......... .......... .......... .......... 51% 11.5M 1s
 18750K .......... .......... .......... .......... .......... 51% 92.2M 1s
 18800K .......... .......... .......... .......... .......... 51%  119M 1s
 18850K .......... .......... .......... .......... .......... 51% 11.2M 1s
 18900K .......... .......... .......... .......... .......... 51%  119M 1s
 18950K .......... .......... .......... .......... .......... 52%  116M 1s
 19000K .......... .......... .......... .......... .......... 52% 12.1M 1s
 19050K .......... .......... .......... .......... .......... 52%  114M 1s
 19100K .......... .......... .......... .......... .......... 52%  107M 1s
 19150K .......... .......... .......... .......... .......... 52% 11.1M 1s
 19200K .......... .......... .......... .......... .......... 52%  114M 1s
 19250K .......... .......... .......... .......... .......... 52% 10.8M 1s
 19300K .......... .......... .......... .......... .......... 53%  115M 1s
 19350K .......... .......... .......... .......... .......... 53%  115M 1s
 19400K .......... .......... .......... .......... .......... 53% 14.4M 1s
 19450K .......... .......... .......... .......... .......... 53%  128M 1s
 19500K .......... .......... .......... .......... .......... 53%  114M 1s
 19550K .......... .......... .......... .......... .......... 53% 10.2M 1s
 19600K .......... .......... .......... .......... .......... 53%  116M 1s
 19650K .......... .......... .......... .......... .......... 53%  103M 1s
 19700K .......... .......... .......... .......... .......... 54% 12.9M 1s
 19750K .......... .......... .......... .......... .......... 54%  114M 1s
 19800K .......... .......... .......... .......... .......... 54%  131M 1s
 19850K .......... .......... .......... .......... .......... 54% 12.2M 1s
 19900K .......... .......... .......... .......... .......... 54%  115M 1s
 19950K .......... .......... .......... .......... .......... 54% 90.3M 1s
 20000K .......... .......... .......... .......... .......... 54% 9.58M 1s
 20050K .......... .......... .......... .......... .......... 55%  118M 1s
 20100K .......... .......... .......... .......... .......... 55%  110M 1s
 20150K .......... .......... .......... .......... .......... 55% 13.3M 1s
 20200K .......... .......... .......... .......... .......... 55%  111M 1s
 20250K .......... .......... .......... .......... .......... 55%  114M 1s
 20300K .......... .......... .......... .......... .......... 55% 13.2M 1s
 20350K .......... .......... .......... .......... .......... 55% 89.1M 1s
 20400K .......... .......... .......... .......... .......... 56% 10.7M 1s
 20450K .......... .......... .......... .......... .......... 56%  114M 1s
 20500K .......... .......... .......... .......... .......... 56%  115M 1s
 20550K .......... .......... .......... .......... .......... 56% 10.6M 1s
 20600K .......... .......... .......... .......... .......... 56%  115M 1s
 20650K .......... .......... .......... .......... .......... 56% 27.7M 1s
 20700K .......... .......... .......... .......... .......... 56% 20.0M 1s
 20750K .......... .......... .......... .......... .......... 57% 86.5M 1s
 20800K .......... .......... .......... .......... .......... 57%  116M 1s
 20850K .......... .......... .......... .......... .......... 57% 10.0M 1s
 20900K .......... .......... .......... .......... .......... 57%  108M 1s
 20950K .......... .......... .......... .......... .......... 57%  114M 1s
 21000K .......... .......... .......... .......... .......... 57% 13.4M 1s
 21050K .......... .......... .......... .......... .......... 57%  104M 1s
 21100K .......... .......... .......... .......... .......... 57%  115M 1s
 21150K .......... .......... .......... .......... .......... 58% 10.8M 1s
 21200K .......... .......... .......... .......... .......... 58%  116M 1s
 21250K .......... .......... .......... .......... .......... 58%  107M 1s
 21300K .......... .......... .......... .......... .......... 58% 11.6M 1s
 21350K .......... .......... .......... .......... .......... 58%  114M 1s
 21400K .......... .......... .......... .......... .......... 58%  111M 1s
 21450K .......... .......... .......... .......... .......... 58% 11.6M 1s
 21500K .......... .......... .......... .......... .......... 59%  112M 1s
 21550K .......... .......... .......... .......... .......... 59% 9.32M 1s
 21600K .......... .......... .......... .......... .......... 59%  121M 1s
 21650K .......... .......... .......... .......... .......... 59% 25.5M 1s
 21700K .......... .......... .......... .......... .......... 59% 17.7M 1s
 21750K .......... .......... .......... .......... .......... 59% 80.2M 1s
 21800K .......... .......... .......... .......... .......... 59%  176M 1s
 21850K .......... .......... .......... .......... .......... 60% 10.0M 1s
 21900K .......... .......... .......... .......... .......... 60%  126M 1s
 21950K .......... .......... .......... .......... .......... 60% 96.7M 1s
 22000K .......... .......... .......... .......... .......... 60% 11.6M 1s
 22050K .......... .......... .......... .......... .......... 60%  125M 1s
 22100K .......... .......... .......... .......... .......... 60%  106M 1s
 22150K .......... .......... .......... .......... .......... 60% 12.2M 1s
 22200K .......... .......... .......... .......... .......... 60%  168M 1s
 22250K .......... .......... .......... .......... .......... 61% 99.6M 1s
 22300K .......... .......... .......... .......... .......... 61% 12.4M 1s
 22350K .......... .......... .......... .......... .......... 61% 94.1M 1s
 22400K .......... .......... .......... .......... .......... 61%  103M 1s
 22450K .......... .......... .......... .......... .......... 61% 11.0M 1s
 22500K .......... .......... .......... .......... .......... 61%  108M 1s
 22550K .......... .......... .......... .......... .......... 61% 89.6M 1s
 22600K .......... .......... .......... .......... .......... 62% 14.1M 1s
 22650K .......... .......... .......... .......... .......... 62%  117M 1s
 22700K .......... .......... .......... .......... .......... 62%  116M 1s
 22750K .......... .......... .......... .......... .......... 62% 9.42M 1s
 22800K .......... .......... .......... .......... .......... 62%  183M 1s
 22850K .......... .......... .......... .......... .......... 62% 12.6M 1s
 22900K .......... .......... .......... .......... .......... 62%  123M 1s
 22950K .......... .......... .......... .......... .......... 63%  103M 1s
 23000K .......... .......... .......... .......... .......... 63% 12.9M 1s
 23050K .......... .......... .......... .......... .......... 63%  125M 1s
 23100K .......... .......... .......... .......... .......... 63%  102M 1s
 23150K .......... .......... .......... .......... .......... 63% 10.7M 1s
 23200K .......... .......... .......... .......... .......... 63%  107M 0s
 23250K .......... .......... .......... .......... .......... 63% 92.7M 0s
 23300K .......... .......... .......... .......... .......... 64% 11.4M 0s
 23350K .......... .......... .......... .......... .......... 64%  114M 0s
 23400K .......... .......... .......... .......... .......... 64% 98.5M 0s
 23450K .......... .......... .......... .......... .......... 64% 12.1M 0s
 23500K .......... .......... .......... .......... .......... 64% 80.9M 0s
 23550K .......... .......... .......... .......... .......... 64% 92.9M 0s
 23600K .......... .......... .......... .......... .......... 64% 13.1M 0s
 23650K .......... .......... .......... .......... .......... 64%  129M 0s
 23700K .......... .......... .......... .......... .......... 65% 93.2M 0s
 23750K .......... .......... .......... .......... .......... 65% 13.5M 0s
 23800K .......... .......... .......... .......... .......... 65% 97.1M 0s
 23850K .......... .......... .......... .......... .......... 65% 89.5M 0s
 23900K .......... .......... .......... .......... .......... 65% 11.0M 0s
 23950K .......... .......... .......... .......... .......... 65% 76.3M 0s
 24000K .......... .......... .......... .......... .......... 65% 10.9M 0s
 24050K .......... .......... .......... .......... .......... 66%  111M 0s
 24100K .......... .......... .......... .......... .......... 66%  107M 0s
 24150K .......... .......... .......... .......... .......... 66% 12.1M 0s
 24200K .......... .......... .......... .......... .......... 66% 86.8M 0s
 24250K .......... .......... .......... .......... .......... 66%  103M 0s
 24300K .......... .......... .......... .......... .......... 66% 12.7M 0s
 24350K .......... .......... .......... .......... .......... 66% 85.2M 0s
 24400K .......... .......... .......... .......... .......... 67%  147M 0s
 24450K .......... .......... .......... .......... .......... 67% 9.92M 0s
 24500K .......... .......... .......... .......... .......... 67% 78.8M 0s
 24550K .......... .......... .......... .......... .......... 67%  152M 0s
 24600K .......... .......... .......... .......... .......... 67% 10.1M 0s
 24650K .......... .......... .......... .......... .......... 67%  158M 0s
 24700K .......... .......... .......... .......... .......... 67% 87.4M 0s
 24750K .......... .......... .......... .......... .......... 67% 10.4M 0s
 24800K .......... .......... .......... .......... .......... 68%  147M 0s
 24850K .......... .......... .......... .......... .......... 68%  171M 0s
 24900K .......... .......... .......... .......... .......... 68% 10.9M 0s
 24950K .......... .......... .......... .......... .......... 68%  116M 0s
 25000K .......... .......... .......... .......... .......... 68%  116M 0s
 25050K .......... .......... .......... .......... .......... 68% 14.8M 0s
 25100K .......... .......... .......... .......... .......... 68%  105M 0s
 25150K .......... .......... .......... .......... .......... 69% 11.2M 0s
 25200K .......... .......... .......... .......... .......... 69%  116M 0s
 25250K .......... .......... .......... .......... .......... 69% 54.1M 0s
 25300K .......... .......... .......... .......... .......... 69% 10.9M 0s
 25350K .......... .......... .......... .......... .......... 69%  120M 0s
 25400K .......... .......... .......... .......... .......... 69%  115M 0s
 25450K .......... .......... .......... .......... .......... 69% 13.5M 0s
 25500K .......... .......... .......... .......... .......... 70%  127M 0s
 25550K .......... .......... .......... .......... .......... 70% 90.5M 0s
 25600K .......... .......... .......... .......... .......... 70% 11.8M 0s
 25650K .......... .......... .......... .......... .......... 70%  115M 0s
 25700K .......... .......... .......... .......... .......... 70%  118M 0s
 25750K .......... .......... .......... .......... .......... 70% 8.56M 0s
 25800K .......... .......... .......... .......... .......... 70%  125M 0s
 25850K .......... .......... .......... .......... .......... 70%  105M 0s
 25900K .......... .......... .......... .......... .......... 71% 9.49M 0s
 25950K .......... .......... .......... .......... .......... 71% 92.9M 0s
 26000K .......... .......... .......... .......... .......... 71%  117M 0s
 26050K .......... .......... .......... .......... .......... 71% 5.33M 0s
 26100K .......... .......... .......... .......... .......... 71%  116M 0s
 26150K .......... .......... .......... .......... .......... 71%  115M 0s
 26200K .......... .......... .......... .......... .......... 71%  109M 0s
 26250K .......... .......... .......... .......... .......... 72%  118M 0s
 26300K .......... .......... .......... .......... .......... 72%  111M 0s
 26350K .......... .......... .......... .......... .......... 72% 12.6M 0s
 26400K .......... .......... .......... .......... .......... 72%  122M 0s
 26450K .......... .......... .......... .......... .......... 72% 13.3M 0s
 26500K .......... .......... .......... .......... .......... 72%  113M 0s
 26550K .......... .......... .......... .......... .......... 72%  117M 0s
 26600K .......... .......... .......... .......... .......... 73% 8.75M 0s
 26650K .......... .......... .......... .......... .......... 73%  109M 0s
 26700K .......... .......... .......... .......... .......... 73%  120M 0s
 26750K .......... .......... .......... .......... .......... 73% 10.4M 0s
 26800K .......... .......... .......... .......... .......... 73%  131M 0s
 26850K .......... .......... .......... .......... .......... 73%  115M 0s
 26900K .......... .......... .......... .......... .......... 73% 11.7M 0s
 26950K .......... .......... .......... .......... .......... 74%  118M 0s
 27000K .......... .......... .......... .......... .......... 74%  116M 0s
 27050K .......... .......... .......... .......... .......... 74% 14.2M 0s
 27100K .......... .......... .......... .......... .......... 74%  117M 0s
 27150K .......... .......... .......... .......... .......... 74% 84.3M 0s
 27200K .......... .......... .......... .......... .......... 74% 8.86M 0s
 27250K .......... .......... .......... .......... .......... 74%  106M 0s
 27300K .......... .......... .......... .......... .......... 74% 78.0M 0s
 27350K .......... .......... .......... .......... .......... 75% 15.3M 0s
 27400K .......... .......... .......... .......... .......... 75%  115M 0s
 27450K .......... .......... .......... .......... .......... 75%  116M 0s
 27500K .......... .......... .......... .......... .......... 75% 8.67M 0s
 27550K .......... .......... .......... .......... .......... 75% 84.6M 0s
 27600K .......... .......... .......... .......... .......... 75% 13.6M 0s
 27650K .......... .......... .......... .......... .......... 75%  114M 0s
 27700K .......... .......... .......... .......... .......... 76%  119M 0s
 27750K .......... .......... .......... .......... .......... 76% 12.6M 0s
 27800K .......... .......... .......... .......... .......... 76%  117M 0s
 27850K .......... .......... .......... .......... .......... 76% 88.8M 0s
 27900K .......... .......... .......... .......... .......... 76% 4.70M 0s
 27950K .......... .......... .......... .......... .......... 76% 84.3M 0s
 28000K .......... .......... .......... .......... .......... 76%  117M 0s
 28050K .......... .......... .......... .......... .......... 77% 14.4M 0s
 28100K .......... .......... .......... .......... .......... 77% 99.4M 0s
 28150K .......... .......... .......... .......... .......... 77%  133M 0s
 28200K .......... .......... .......... .......... .......... 77% 13.4M 0s
 28250K .......... .......... .......... .......... .......... 77%  127M 0s
 28300K .......... .......... .......... .......... .......... 77%  116M 0s
 28350K .......... .......... .......... .......... .......... 77% 11.6M 0s
 28400K .......... .......... .......... .......... .......... 77%  113M 0s
 28450K .......... .......... .......... .......... .......... 78%  120M 0s
 28500K .......... .......... .......... .......... .......... 78% 12.6M 0s
 28550K .......... .......... .......... .......... .......... 78%  114M 0s
 28600K .......... .......... .......... .......... .......... 78%  111M 0s
 28650K .......... .......... .......... .......... .......... 78% 8.75M 0s
 28700K .......... .......... .......... .......... .......... 78%  118M 0s
 28750K .......... .......... .......... .......... .......... 78% 11.1M 0s
 28800K .......... .......... .......... .......... .......... 79%  129M 0s
 28850K .......... .......... .......... .......... .......... 79%  113M 0s
 28900K .......... .......... .......... .......... .......... 79% 11.4M 0s
 28950K .......... .......... .......... .......... .......... 79%  115M 0s
 29000K .......... .......... .......... .......... .......... 79%  115M 0s
 29050K .......... .......... .......... .......... .......... 79% 12.3M 0s
 29100K .......... .......... .......... .......... .......... 79%  118M 0s
 29150K .......... .......... .......... .......... .......... 80% 83.3M 0s
 29200K .......... .......... .......... .......... .......... 80% 11.2M 0s
 29250K .......... .......... .......... .......... .......... 80%  118M 0s
 29300K .......... .......... .......... .......... .......... 80%  114M 0s
 29350K .......... .......... .......... .......... .......... 80% 12.7M 0s
 29400K .......... .......... .......... .......... .......... 80%  104M 0s
 29450K .......... .......... .......... .......... .......... 80%  116M 0s
 29500K .......... .......... .......... .......... .......... 80% 12.1M 0s
 29550K .......... .......... .......... .......... .......... 81% 86.3M 0s
 29600K .......... .......... .......... .......... .......... 81%  123M 0s
 29650K .......... .......... .......... .......... .......... 81% 11.2M 0s
 29700K .......... .......... .......... .......... .......... 81%  119M 0s
 29750K .......... .......... .......... .......... .......... 81%  104M 0s
 29800K .......... .......... .......... .......... .......... 81% 9.54M 0s
 29850K .......... .......... .......... .......... .......... 81%  117M 0s
 29900K .......... .......... .......... .......... .......... 82%  117M 0s
 29950K .......... .......... .......... .......... .......... 82% 9.89M 0s
 30000K .......... .......... .......... .......... .......... 82%  121M 0s
 30050K .......... .......... .......... .......... .......... 82% 12.5M 0s
 30100K .......... .......... .......... .......... .......... 82%  113M 0s
 30150K .......... .......... .......... .......... .......... 82%  118M 0s
 30200K .......... .......... .......... .......... .......... 82% 11.1M 0s
 30250K .......... .......... .......... .......... .......... 83%  114M 0s
 30300K .......... .......... .......... .......... .......... 83%  115M 0s
 30350K .......... .......... .......... .......... .......... 83% 10.7M 0s
 30400K .......... .......... .......... .......... .......... 83%  119M 0s
 30450K .......... .......... .......... .......... .......... 83%  117M 0s
 30500K .......... .......... .......... .......... .......... 83% 10.6M 0s
 30550K .......... .......... .......... .......... .......... 83%  123M 0s
 30600K .......... .......... .......... .......... .......... 84%  115M 0s
 30650K .......... .......... .......... .......... .......... 84% 14.6M 0s
 30700K .......... .......... .......... .......... .......... 84%  116M 0s
 30750K .......... .......... .......... .......... .......... 84% 91.4M 0s
 30800K .......... .......... .......... .......... .......... 84% 11.1M 0s
 30850K .......... .......... .......... .......... .......... 84%  111M 0s
 30900K .......... .......... .......... .......... .......... 84%  117M 0s
 30950K .......... .......... .......... .......... .......... 84% 11.4M 0s
 31000K .......... .......... .......... .......... .......... 85%  118M 0s
 31050K .......... .......... .......... .......... .......... 85%  103M 0s
 31100K .......... .......... .......... .......... .......... 85% 12.7M 0s
 31150K .......... .......... .......... .......... .......... 85% 84.7M 0s
 31200K .......... .......... .......... .......... .......... 85% 11.1M 0s
 31250K .......... .......... .......... .......... .......... 85%  118M 0s
 31300K .......... .......... .......... .......... .......... 85%  114M 0s
 31350K .......... .......... .......... .......... .......... 86% 11.7M 0s
 31400K .......... .......... .......... .......... .......... 86%  111M 0s
 31450K .......... .......... .......... .......... .......... 86%  120M 0s
 31500K .......... .......... .......... .......... .......... 86% 11.7M 0s
 31550K .......... .......... .......... .......... .......... 86% 85.5M 0s
 31600K .......... .......... .......... .......... .......... 86%  115M 0s
 31650K .......... .......... .......... .......... .......... 86% 12.1M 0s
 31700K .......... .......... .......... .......... .......... 87%  118M 0s
 31750K .......... .......... .......... .......... .......... 87%  109M 0s
 31800K .......... .......... .......... .......... .......... 87% 12.2M 0s
 31850K .......... .......... .......... .......... .......... 87%  118M 0s
 31900K .......... .......... .......... .......... .......... 87%  116M 0s
 31950K .......... .......... .......... .......... .......... 87% 11.9M 0s
 32000K .......... .......... .......... .......... .......... 87%  105M 0s
 32050K .......... .......... .......... .......... .......... 87%  116M 0s
 32100K .......... .......... .......... .......... .......... 88% 11.6M 0s
 32150K .......... .......... .......... .......... .......... 88%  115M 0s
 32200K .......... .......... .......... .......... .......... 88%  116M 0s
 32250K .......... .......... .......... .......... .......... 88% 11.1M 0s
 32300K .......... .......... .......... .......... .......... 88%  109M 0s
 32350K .......... .......... .......... .......... .......... 88% 11.4M 0s
 32400K .......... .......... .......... .......... .......... 88%  115M 0s
 32450K .......... .......... .......... .......... .......... 89%  116M 0s
 32500K .......... .......... .......... .......... .......... 89% 11.2M 0s
 32550K .......... .......... .......... .......... .......... 89%  108M 0s
 32600K .......... .......... .......... .......... .......... 89%  126M 0s
 32650K .......... .......... .......... .......... .......... 89% 11.2M 0s
 32700K .......... .......... .......... .......... .......... 89% 49.8M 0s
 32750K .......... .......... .......... .......... .......... 89% 85.7M 0s
 32800K .......... .......... .......... .......... .......... 90% 15.6M 0s
 32850K .......... .......... .......... .......... .......... 90%  116M 0s
 32900K .......... .......... .......... .......... .......... 90%  118M 0s
 32950K .......... .......... .......... .......... .......... 90% 12.7M 0s
 33000K .......... .......... .......... .......... .......... 90%  121M 0s
 33050K .......... .......... .......... .......... .......... 90%  115M 0s
 33100K .......... .......... .......... .......... .......... 90% 10.6M 0s
 33150K .......... .......... .......... .......... .......... 91% 92.5M 0s
 33200K .......... .......... .......... .......... .......... 91%  117M 0s
 33250K .......... .......... .......... .......... .......... 91% 12.0M 0s
 33300K .......... .......... .......... .......... .......... 91%  115M 0s
 33350K .......... .......... .......... .......... .......... 91%  110M 0s
 33400K .......... .......... .......... .......... .......... 91% 10.6M 0s
 33450K .......... .......... .......... .......... .......... 91%  118M 0s
 33500K .......... .......... .......... .......... .......... 91%  118M 0s
 33550K .......... .......... .......... .......... .......... 92% 13.2M 0s
 33600K .......... .......... .......... .......... .......... 92%  114M 0s
 33650K .......... .......... .......... .......... .......... 92% 11.8M 0s
 33700K .......... .......... .......... .......... .......... 92%  116M 0s
 33750K .......... .......... .......... .......... .......... 92%  114M 0s
 33800K .......... .......... .......... .......... .......... 92% 11.3M 0s
 33850K .......... .......... .......... .......... .......... 92%  116M 0s
 33900K .......... .......... .......... .......... .......... 93%  116M 0s
 33950K .......... .......... .......... .......... .......... 93% 11.9M 0s
 34000K .......... .......... .......... .......... .......... 93%  117M 0s
 34050K .......... .......... .......... .......... .......... 93%  117M 0s
 34100K .......... .......... .......... .......... .......... 93% 11.0M 0s
 34150K .......... .......... .......... .......... .......... 93%  116M 0s
 34200K .......... .......... .......... .......... .......... 93%  118M 0s
 34250K .......... .......... .......... .......... .......... 94% 13.6M 0s
 34300K .......... .......... .......... .......... .......... 94%  116M 0s
 34350K .......... .......... .......... .......... .......... 94% 92.5M 0s
 34400K .......... .......... .......... .......... .......... 94% 9.64M 0s
 34450K .......... .......... .......... .......... .......... 94%  118M 0s
 34500K .......... .......... .......... .......... .......... 94%  104M 0s
 34550K .......... .......... .......... .......... .......... 94% 14.0M 0s
 34600K .......... .......... .......... .......... .......... 94%  118M 0s
 34650K .......... .......... .......... .......... .......... 95% 41.9M 0s
 34700K .......... .......... .......... .......... .......... 95% 12.9M 0s
 34750K .......... .......... .......... .......... .......... 95% 86.3M 0s
 34800K .......... .......... .......... .......... .......... 95% 12.3M 0s
 34850K .......... .......... .......... .......... .......... 95%  120M 0s
 34900K .......... .......... .......... .......... .......... 95%  115M 0s
 34950K .......... .......... .......... .......... .......... 95% 10.8M 0s
 35000K .......... .......... .......... .......... .......... 96%  119M 0s
 35050K .......... .......... .......... .......... .......... 96%  118M 0s
 35100K .......... .......... .......... .......... .......... 96% 12.8M 0s
 35150K .......... .......... .......... .......... .......... 96% 83.3M 0s
 35200K .......... .......... .......... .......... .......... 96%  124M 0s
 35250K .......... .......... .......... .......... .......... 96% 12.8M 0s
 35300K .......... .......... .......... .......... .......... 96%  114M 0s
 35350K .......... .......... .......... .......... .......... 97%  127M 0s
 35400K .......... .......... .......... .......... .......... 97% 11.9M 0s
 35450K .......... .......... .......... .......... .......... 97%  118M 0s
 35500K .......... .......... .......... .......... .......... 97%  118M 0s
 35550K .......... .......... .......... .......... .......... 97% 11.3M 0s
 35600K .......... .......... .......... .......... .......... 97%  116M 0s
 35650K .......... .......... .......... .......... .......... 97%  118M 0s
 35700K .......... .......... .......... .......... .......... 97% 10.0M 0s
 35750K .......... .......... .......... .......... .......... 98%  118M 0s
 35800K .......... .......... .......... .......... .......... 98%  105M 0s
 35850K .......... .......... .......... .......... .......... 98% 10.5M 0s
 35900K .......... .......... .......... .......... .......... 98%  118M 0s
 35950K .......... .......... .......... .......... .......... 98% 11.8M 0s
 36000K .......... .......... .......... .......... .......... 98%  111M 0s
 36050K .......... .......... .......... .......... .......... 98%  110M 0s
 36100K .......... .......... .......... .......... .......... 99% 14.8M 0s
 36150K .......... .......... .......... .......... .......... 99%  113M 0s
 36200K .......... .......... .......... .......... .......... 99%  116M 0s
 36250K .......... .......... .......... .......... .......... 99% 11.6M 0s
 36300K .......... .......... .......... .......... .......... 99%  119M 0s
 36350K .......... .......... .......... .......... .......... 99% 84.0M 0s
 36400K .......... .......... .......... .......... .......... 99% 12.7M 0s
 36450K .......... .......... .......... ..                   100%  165M=1.4s

2025-06-07 21:11:35 (26.4 MB/s) - 'gnome-backgrounds-48.2.1.tar.xz' saved [37358116/37358116]

gnome-backgrounds-48.2.1/
gnome-backgrounds-48.2.1/.cvsignore
gnome-backgrounds-48.2.1/.gitlab-ci.yml
gnome-backgrounds-48.2.1/AUTHORS
gnome-backgrounds-48.2.1/COPYING
gnome-backgrounds-48.2.1/ChangeLog
gnome-backgrounds-48.2.1/NEWS
gnome-backgrounds-48.2.1/README.md
gnome-backgrounds-48.2.1/backgrounds/
gnome-backgrounds-48.2.1/backgrounds/adwaita-d.jpg
gnome-backgrounds-48.2.1/backgrounds/adwaita-l.jpg
gnome-backgrounds-48.2.1/backgrounds/adwaita.xml.in
gnome-backgrounds-48.2.1/backgrounds/amber-d.jxl
gnome-backgrounds-48.2.1/backgrounds/amber-l.jxl
gnome-backgrounds-48.2.1/backgrounds/amber.xml.in
gnome-backgrounds-48.2.1/backgrounds/blobs-d.svg
gnome-backgrounds-48.2.1/backgrounds/blobs-l.svg
gnome-backgrounds-48.2.1/backgrounds/blobs.xml.in
gnome-backgrounds-48.2.1/backgrounds/drool-d.svg
gnome-backgrounds-48.2.1/backgrounds/drool-l.svg
gnome-backgrounds-48.2.1/backgrounds/drool.xml.in
gnome-backgrounds-48.2.1/backgrounds/fold-d.jxl
gnome-backgrounds-48.2.1/backgrounds/fold-l.jxl
gnome-backgrounds-48.2.1/backgrounds/fold.xml.in
gnome-backgrounds-48.2.1/backgrounds/geometrics-d.jxl
gnome-backgrounds-48.2.1/backgrounds/geometrics-l.jxl
gnome-backgrounds-48.2.1/backgrounds/geometrics.xml.in
gnome-backgrounds-48.2.1/backgrounds/glass-chip-d.jxl
gnome-backgrounds-48.2.1/backgrounds/glass-chip-l.jxl
gnome-backgrounds-48.2.1/backgrounds/glass-chip.xml.in
gnome-backgrounds-48.2.1/backgrounds/lcd-d.jxl
gnome-backgrounds-48.2.1/backgrounds/lcd-l.jxl
gnome-backgrounds-48.2.1/backgrounds/lcd-rainbow-d.jxl
gnome-backgrounds-48.2.1/backgrounds/lcd-rainbow-l.jxl
gnome-backgrounds-48.2.1/backgrounds/lcd-rainbow.xml.in
gnome-backgrounds-48.2.1/backgrounds/lcd.xml.in
gnome-backgrounds-48.2.1/backgrounds/map-d.svg
gnome-backgrounds-48.2.1/backgrounds/map-l.svg
gnome-backgrounds-48.2.1/backgrounds/map.xml.in
gnome-backgrounds-48.2.1/backgrounds/meson.build
gnome-backgrounds-48.2.1/backgrounds/mollnar-d.svg
gnome-backgrounds-48.2.1/backgrounds/mollnar-l.svg
gnome-backgrounds-48.2.1/backgrounds/mollnar.xml.in
gnome-backgrounds-48.2.1/backgrounds/morphogenesis-d.svg
gnome-backgrounds-48.2.1/backgrounds/morphogenesis-l.svg
gnome-backgrounds-48.2.1/backgrounds/morphogenesis.xml.in
gnome-backgrounds-48.2.1/backgrounds/neogeo-d.jxl
gnome-backgrounds-48.2.1/backgrounds/neogeo-l.jxl
gnome-backgrounds-48.2.1/backgrounds/neogeo.xml.in
gnome-backgrounds-48.2.1/backgrounds/pills-d.jxl
gnome-backgrounds-48.2.1/backgrounds/pills-l.jxl
gnome-backgrounds-48.2.1/backgrounds/pills.xml.in
gnome-backgrounds-48.2.1/backgrounds/pixels-d.jxl
gnome-backgrounds-48.2.1/backgrounds/pixels-l.jxl
gnome-backgrounds-48.2.1/backgrounds/pixels.xml.in
gnome-backgrounds-48.2.1/backgrounds/pride-d.jxl
gnome-backgrounds-48.2.1/backgrounds/pride-l.jxl
gnome-backgrounds-48.2.1/backgrounds/pride.xml.in
gnome-backgrounds-48.2.1/backgrounds/progress-d.jxl
gnome-backgrounds-48.2.1/backgrounds/progress-l.jxl
gnome-backgrounds-48.2.1/backgrounds/progress.xml.in
gnome-backgrounds-48.2.1/backgrounds/ring-d.jxl
gnome-backgrounds-48.2.1/backgrounds/ring-l.jxl
gnome-backgrounds-48.2.1/backgrounds/ring.xml.in
gnome-backgrounds-48.2.1/backgrounds/sheet-d.jxl
gnome-backgrounds-48.2.1/backgrounds/sheet-l.jxl
gnome-backgrounds-48.2.1/backgrounds/sheet.xml.in
gnome-backgrounds-48.2.1/backgrounds/swoosh-d.jxl
gnome-backgrounds-48.2.1/backgrounds/swoosh-l.jxl
gnome-backgrounds-48.2.1/backgrounds/swoosh.xml.in
gnome-backgrounds-48.2.1/backgrounds/symbolic-d.png
gnome-backgrounds-48.2.1/backgrounds/symbolic-l.png
gnome-backgrounds-48.2.1/backgrounds/symbolic-soup-d.jxl
gnome-backgrounds-48.2.1/backgrounds/symbolic-soup-l.jxl
gnome-backgrounds-48.2.1/backgrounds/symbolic-soup.xml.in
gnome-backgrounds-48.2.1/backgrounds/symbolic.xml.in
gnome-backgrounds-48.2.1/backgrounds/tarka-d.jxl
gnome-backgrounds-48.2.1/backgrounds/tarka-l.jxl
gnome-backgrounds-48.2.1/backgrounds/tarka.xml.in
gnome-backgrounds-48.2.1/backgrounds/vnc-d.png
gnome-backgrounds-48.2.1/backgrounds/vnc-l.png
gnome-backgrounds-48.2.1/backgrounds/vnc.xml.in
gnome-backgrounds-48.2.1/badscaling.jpg
gnome-backgrounds-48.2.1/defaults.webp
gnome-backgrounds-48.2.1/gnome-backgrounds.doap
gnome-backgrounds-48.2.1/meson.build
gnome-backgrounds-48.2.1/title.blend
The Meson build system
Version: 1.7.0
Source dir: /blfs/builds/gnome-backgrounds-48.2.1
Build dir: /blfs/builds/gnome-backgrounds-48.2.1/build
Build type: native build
Project name: gnome-backgrounds
Project version: 48.2.1
Host machine cpu family: x86_64
Host machine cpu: x86_64
Configuring adwaita.xml using configuration
Configuring amber.xml using configuration
Configuring blobs.xml using configuration
Configuring drool.xml using configuration
Configuring fold.xml using configuration
Configuring geometrics.xml using configuration
Configuring glass-chip.xml using configuration
Configuring lcd.xml using configuration
Configuring lcd-rainbow.xml using configuration
Configuring map.xml using configuration
Configuring mollnar.xml using configuration
Configuring morphogenesis.xml using configuration
Configuring neogeo.xml using configuration
Configuring pills.xml using configuration
Configuring pixels.xml using configuration
Configuring pride.xml using configuration
Configuring progress.xml using configuration
Configuring ring.xml using configuration
Configuring sheet.xml using configuration
Configuring symbolic.xml using configuration
Configuring symbolic-soup.xml using configuration
Configuring swoosh.xml using configuration
Configuring tarka.xml using configuration
Configuring vnc.xml using configuration
Build targets in project: 0

gnome-backgrounds 48.2.1

  User defined options
    prefix: /usr

Found ninja-1.12.1 at /usr/bin/ninja
ninja: no work to do.
[0/1] Installing files
Installing /blfs/builds/gnome-backgrounds-48.2.1/backgrounds/adwaita-d.jpg to /usr/share/backgrounds/gnome
Installing /blfs/builds/gnome-backgrounds-48.2.1/backgrounds/adwaita-l.jpg to /usr/share/backgrounds/gnome
Installing /blfs/builds/gnome-backgrounds-48.2.1/backgrounds/amber-d.jxl to /usr/share/backgrounds/gnome
Installing /blfs/builds/gnome-backgrounds-48.2.1/backgrounds/amber-l.jxl to /usr/share/backgrounds/gnome
Installing /blfs/builds/gnome-backgrounds-48.2.1/backgrounds/blobs-d.svg to /usr/share/backgrounds/gnome
Installing /blfs/builds/gnome-backgrounds-48.2.1/backgrounds/blobs-l.svg to /usr/share/backgrounds/gnome
Installing /blfs/builds/gnome-backgrounds-48.2.1/backgrounds/drool-d.svg to /usr/share/backgrounds/gnome
Installing /blfs/builds/gnome-backgrounds-48.2.1/backgrounds/drool-l.svg to /usr/share/backgrounds/gnome
Installing /blfs/builds/gnome-backgrounds-48.2.1/backgrounds/fold-d.jxl to /usr/share/backgrounds/gnome
Installing /blfs/builds/gnome-backgrounds-48.2.1/backgrounds/fold-l.jxl to /usr/share/backgrounds/gnome
Installing /blfs/builds/gnome-backgrounds-48.2.1/backgrounds/geometrics-d.jxl to /usr/share/backgrounds/gnome
Installing /blfs/builds/gnome-backgrounds-48.2.1/backgrounds/geometrics-l.jxl to /usr/share/backgrounds/gnome
Installing /blfs/builds/gnome-backgrounds-48.2.1/backgrounds/glass-chip-d.jxl to /usr/share/backgrounds/gnome
Installing /blfs/builds/gnome-backgrounds-48.2.1/backgrounds/glass-chip-l.jxl to /usr/share/backgrounds/gnome
Installing /blfs/builds/gnome-backgrounds-48.2.1/backgrounds/lcd-d.jxl to /usr/share/backgrounds/gnome
Installing /blfs/builds/gnome-backgrounds-48.2.1/backgrounds/lcd-l.jxl to /usr/share/backgrounds/gnome
Installing /blfs/builds/gnome-backgrounds-48.2.1/backgrounds/lcd-rainbow-d.jxl to /usr/share/backgrounds/gnome
Installing /blfs/builds/gnome-backgrounds-48.2.1/backgrounds/lcd-rainbow-l.jxl to /usr/share/backgrounds/gnome
Installing /blfs/builds/gnome-backgrounds-48.2.1/backgrounds/map-d.svg to /usr/share/backgrounds/gnome
Installing /blfs/builds/gnome-backgrounds-48.2.1/backgrounds/map-l.svg to /usr/share/backgrounds/gnome
Installing /blfs/builds/gnome-backgrounds-48.2.1/backgrounds/mollnar-d.svg to /usr/share/backgrounds/gnome
Installing /blfs/builds/gnome-backgrounds-48.2.1/backgrounds/mollnar-l.svg to /usr/share/backgrounds/gnome
Installing /blfs/builds/gnome-backgrounds-48.2.1/backgrounds/morphogenesis-d.svg to /usr/share/backgrounds/gnome
Installing /blfs/builds/gnome-backgrounds-48.2.1/backgrounds/morphogenesis-l.svg to /usr/share/backgrounds/gnome
Installing /blfs/builds/gnome-backgrounds-48.2.1/backgrounds/neogeo-d.jxl to /usr/share/backgrounds/gnome
Installing /blfs/builds/gnome-backgrounds-48.2.1/backgrounds/neogeo-l.jxl to /usr/share/backgrounds/gnome
Installing /blfs/builds/gnome-backgrounds-48.2.1/backgrounds/pills-d.jxl to /usr/share/backgrounds/gnome
Installing /blfs/builds/gnome-backgrounds-48.2.1/backgrounds/pills-l.jxl to /usr/share/backgrounds/gnome
Installing /blfs/builds/gnome-backgrounds-48.2.1/backgrounds/pixels-d.jxl to /usr/share/backgrounds/gnome
Installing /blfs/builds/gnome-backgrounds-48.2.1/backgrounds/pixels-l.jxl to /usr/share/backgrounds/gnome
Installing /blfs/builds/gnome-backgrounds-48.2.1/backgrounds/pride-d.jxl to /usr/share/backgrounds/gnome
Installing /blfs/builds/gnome-backgrounds-48.2.1/backgrounds/pride-l.jxl to /usr/share/backgrounds/gnome
Installing /blfs/builds/gnome-backgrounds-48.2.1/backgrounds/progress-d.jxl to /usr/share/backgrounds/gnome
Installing /blfs/builds/gnome-backgrounds-48.2.1/backgrounds/progress-l.jxl to /usr/share/backgrounds/gnome
Installing /blfs/builds/gnome-backgrounds-48.2.1/backgrounds/ring-d.jxl to /usr/share/backgrounds/gnome
Installing /blfs/builds/gnome-backgrounds-48.2.1/backgrounds/ring-l.jxl to /usr/share/backgrounds/gnome
Installing /blfs/builds/gnome-backgrounds-48.2.1/backgrounds/sheet-d.jxl to /usr/share/backgrounds/gnome
Installing /blfs/builds/gnome-backgrounds-48.2.1/backgrounds/sheet-l.jxl to /usr/share/backgrounds/gnome
Installing /blfs/builds/gnome-backgrounds-48.2.1/backgrounds/symbolic-d.png to /usr/share/backgrounds/gnome
Installing /blfs/builds/gnome-backgrounds-48.2.1/backgrounds/symbolic-l.png to /usr/share/backgrounds/gnome
Installing /blfs/builds/gnome-backgrounds-48.2.1/backgrounds/symbolic-soup-d.jxl to /usr/share/backgrounds/gnome
Installing /blfs/builds/gnome-backgrounds-48.2.1/backgrounds/symbolic-soup-l.jxl to /usr/share/backgrounds/gnome
Installing /blfs/builds/gnome-backgrounds-48.2.1/backgrounds/swoosh-d.jxl to /usr/share/backgrounds/gnome
Installing /blfs/builds/gnome-backgrounds-48.2.1/backgrounds/swoosh-l.jxl to /usr/share/backgrounds/gnome
Installing /blfs/builds/gnome-backgrounds-48.2.1/backgrounds/tarka-d.jxl to /usr/share/backgrounds/gnome
Installing /blfs/builds/gnome-backgrounds-48.2.1/backgrounds/tarka-l.jxl to /usr/share/backgrounds/gnome
Installing /blfs/builds/gnome-backgrounds-48.2.1/backgrounds/vnc-d.png to /usr/share/backgrounds/gnome
Installing /blfs/builds/gnome-backgrounds-48.2.1/backgrounds/vnc-l.png to /usr/share/backgrounds/gnome
Installing /blfs/builds/gnome-backgrounds-48.2.1/build/backgrounds/adwaita.xml to /usr/share/gnome-background-properties
Installing /blfs/builds/gnome-backgrounds-48.2.1/build/backgrounds/amber.xml to /usr/share/gnome-background-properties
Installing /blfs/builds/gnome-backgrounds-48.2.1/build/backgrounds/blobs.xml to /usr/share/gnome-background-properties
Installing /blfs/builds/gnome-backgrounds-48.2.1/build/backgrounds/drool.xml to /usr/share/gnome-background-properties
Installing /blfs/builds/gnome-backgrounds-48.2.1/build/backgrounds/fold.xml to /usr/share/gnome-background-properties
Installing /blfs/builds/gnome-backgrounds-48.2.1/build/backgrounds/geometrics.xml to /usr/share/gnome-background-properties
Installing /blfs/builds/gnome-backgrounds-48.2.1/build/backgrounds/glass-chip.xml to /usr/share/gnome-background-properties
Installing /blfs/builds/gnome-backgrounds-48.2.1/build/backgrounds/lcd.xml to /usr/share/gnome-background-properties
Installing /blfs/builds/gnome-backgrounds-48.2.1/build/backgrounds/lcd-rainbow.xml to /usr/share/gnome-background-properties
Installing /blfs/builds/gnome-backgrounds-48.2.1/build/backgrounds/map.xml to /usr/share/gnome-background-properties
Installing /blfs/builds/gnome-backgrounds-48.2.1/build/backgrounds/mollnar.xml to /usr/share/gnome-background-properties
Installing /blfs/builds/gnome-backgrounds-48.2.1/build/backgrounds/morphogenesis.xml to /usr/share/gnome-background-properties
Installing /blfs/builds/gnome-backgrounds-48.2.1/build/backgrounds/neogeo.xml to /usr/share/gnome-background-properties
Installing /blfs/builds/gnome-backgrounds-48.2.1/build/backgrounds/pills.xml to /usr/share/gnome-background-properties
Installing /blfs/builds/gnome-backgrounds-48.2.1/build/backgrounds/pixels.xml to /usr/share/gnome-background-properties
Installing /blfs/builds/gnome-backgrounds-48.2.1/build/backgrounds/pride.xml to /usr/share/gnome-background-properties
Installing /blfs/builds/gnome-backgrounds-48.2.1/build/backgrounds/progress.xml to /usr/share/gnome-background-properties
Installing /blfs/builds/gnome-backgrounds-48.2.1/build/backgrounds/ring.xml to /usr/share/gnome-background-properties
Installing /blfs/builds/gnome-backgrounds-48.2.1/build/backgrounds/sheet.xml to /usr/share/gnome-background-properties
Installing /blfs/builds/gnome-backgrounds-48.2.1/build/backgrounds/symbolic.xml to /usr/share/gnome-background-properties
Installing /blfs/builds/gnome-backgrounds-48.2.1/build/backgrounds/symbolic-soup.xml to /usr/share/gnome-background-properties
Installing /blfs/builds/gnome-backgrounds-48.2.1/build/backgrounds/swoosh.xml to /usr/share/gnome-background-properties
Installing /blfs/builds/gnome-backgrounds-48.2.1/build/backgrounds/tarka.xml to /usr/share/gnome-background-properties
Installing /blfs/builds/gnome-backgrounds-48.2.1/build/backgrounds/vnc.xml to /usr/share/gnome-background-properties
[0/1] Installing files
Installing /blfs/builds/gnome-backgrounds-48.2.1/backgrounds/adwaita-d.jpg to /pkgs/gnome-backgrounds/usr/share/backgrounds/gnome
Installing /blfs/builds/gnome-backgrounds-48.2.1/backgrounds/adwaita-l.jpg to /pkgs/gnome-backgrounds/usr/share/backgrounds/gnome
Installing /blfs/builds/gnome-backgrounds-48.2.1/backgrounds/amber-d.jxl to /pkgs/gnome-backgrounds/usr/share/backgrounds/gnome
Installing /blfs/builds/gnome-backgrounds-48.2.1/backgrounds/amber-l.jxl to /pkgs/gnome-backgrounds/usr/share/backgrounds/gnome
Installing /blfs/builds/gnome-backgrounds-48.2.1/backgrounds/blobs-d.svg to /pkgs/gnome-backgrounds/usr/share/backgrounds/gnome
Installing /blfs/builds/gnome-backgrounds-48.2.1/backgrounds/blobs-l.svg to /pkgs/gnome-backgrounds/usr/share/backgrounds/gnome
Installing /blfs/builds/gnome-backgrounds-48.2.1/backgrounds/drool-d.svg to /pkgs/gnome-backgrounds/usr/share/backgrounds/gnome
Installing /blfs/builds/gnome-backgrounds-48.2.1/backgrounds/drool-l.svg to /pkgs/gnome-backgrounds/usr/share/backgrounds/gnome
Installing /blfs/builds/gnome-backgrounds-48.2.1/backgrounds/fold-d.jxl to /pkgs/gnome-backgrounds/usr/share/backgrounds/gnome
Installing /blfs/builds/gnome-backgrounds-48.2.1/backgrounds/fold-l.jxl to /pkgs/gnome-backgrounds/usr/share/backgrounds/gnome
Installing /blfs/builds/gnome-backgrounds-48.2.1/backgrounds/geometrics-d.jxl to /pkgs/gnome-backgrounds/usr/share/backgrounds/gnome
Installing /blfs/builds/gnome-backgrounds-48.2.1/backgrounds/geometrics-l.jxl to /pkgs/gnome-backgrounds/usr/share/backgrounds/gnome
Installing /blfs/builds/gnome-backgrounds-48.2.1/backgrounds/glass-chip-d.jxl to /pkgs/gnome-backgrounds/usr/share/backgrounds/gnome
Installing /blfs/builds/gnome-backgrounds-48.2.1/backgrounds/glass-chip-l.jxl to /pkgs/gnome-backgrounds/usr/share/backgrounds/gnome
Installing /blfs/builds/gnome-backgrounds-48.2.1/backgrounds/lcd-d.jxl to /pkgs/gnome-backgrounds/usr/share/backgrounds/gnome
Installing /blfs/builds/gnome-backgrounds-48.2.1/backgrounds/lcd-l.jxl to /pkgs/gnome-backgrounds/usr/share/backgrounds/gnome
Installing /blfs/builds/gnome-backgrounds-48.2.1/backgrounds/lcd-rainbow-d.jxl to /pkgs/gnome-backgrounds/usr/share/backgrounds/gnome
Installing /blfs/builds/gnome-backgrounds-48.2.1/backgrounds/lcd-rainbow-l.jxl to /pkgs/gnome-backgrounds/usr/share/backgrounds/gnome
Installing /blfs/builds/gnome-backgrounds-48.2.1/backgrounds/map-d.svg to /pkgs/gnome-backgrounds/usr/share/backgrounds/gnome
Installing /blfs/builds/gnome-backgrounds-48.2.1/backgrounds/map-l.svg to /pkgs/gnome-backgrounds/usr/share/backgrounds/gnome
Installing /blfs/builds/gnome-backgrounds-48.2.1/backgrounds/mollnar-d.svg to /pkgs/gnome-backgrounds/usr/share/backgrounds/gnome
Installing /blfs/builds/gnome-backgrounds-48.2.1/backgrounds/mollnar-l.svg to /pkgs/gnome-backgrounds/usr/share/backgrounds/gnome
Installing /blfs/builds/gnome-backgrounds-48.2.1/backgrounds/morphogenesis-d.svg to /pkgs/gnome-backgrounds/usr/share/backgrounds/gnome
Installing /blfs/builds/gnome-backgrounds-48.2.1/backgrounds/morphogenesis-l.svg to /pkgs/gnome-backgrounds/usr/share/backgrounds/gnome
Installing /blfs/builds/gnome-backgrounds-48.2.1/backgrounds/neogeo-d.jxl to /pkgs/gnome-backgrounds/usr/share/backgrounds/gnome
Installing /blfs/builds/gnome-backgrounds-48.2.1/backgrounds/neogeo-l.jxl to /pkgs/gnome-backgrounds/usr/share/backgrounds/gnome
Installing /blfs/builds/gnome-backgrounds-48.2.1/backgrounds/pills-d.jxl to /pkgs/gnome-backgrounds/usr/share/backgrounds/gnome
Installing /blfs/builds/gnome-backgrounds-48.2.1/backgrounds/pills-l.jxl to /pkgs/gnome-backgrounds/usr/share/backgrounds/gnome
Installing /blfs/builds/gnome-backgrounds-48.2.1/backgrounds/pixels-d.jxl to /pkgs/gnome-backgrounds/usr/share/backgrounds/gnome
Installing /blfs/builds/gnome-backgrounds-48.2.1/backgrounds/pixels-l.jxl to /pkgs/gnome-backgrounds/usr/share/backgrounds/gnome
Installing /blfs/builds/gnome-backgrounds-48.2.1/backgrounds/pride-d.jxl to /pkgs/gnome-backgrounds/usr/share/backgrounds/gnome
Installing /blfs/builds/gnome-backgrounds-48.2.1/backgrounds/pride-l.jxl to /pkgs/gnome-backgrounds/usr/share/backgrounds/gnome
Installing /blfs/builds/gnome-backgrounds-48.2.1/backgrounds/progress-d.jxl to /pkgs/gnome-backgrounds/usr/share/backgrounds/gnome
Installing /blfs/builds/gnome-backgrounds-48.2.1/backgrounds/progress-l.jxl to /pkgs/gnome-backgrounds/usr/share/backgrounds/gnome
Installing /blfs/builds/gnome-backgrounds-48.2.1/backgrounds/ring-d.jxl to /pkgs/gnome-backgrounds/usr/share/backgrounds/gnome
Installing /blfs/builds/gnome-backgrounds-48.2.1/backgrounds/ring-l.jxl to /pkgs/gnome-backgrounds/usr/share/backgrounds/gnome
Installing /blfs/builds/gnome-backgrounds-48.2.1/backgrounds/sheet-d.jxl to /pkgs/gnome-backgrounds/usr/share/backgrounds/gnome
Installing /blfs/builds/gnome-backgrounds-48.2.1/backgrounds/sheet-l.jxl to /pkgs/gnome-backgrounds/usr/share/backgrounds/gnome
Installing /blfs/builds/gnome-backgrounds-48.2.1/backgrounds/symbolic-d.png to /pkgs/gnome-backgrounds/usr/share/backgrounds/gnome
Installing /blfs/builds/gnome-backgrounds-48.2.1/backgrounds/symbolic-l.png to /pkgs/gnome-backgrounds/usr/share/backgrounds/gnome
Installing /blfs/builds/gnome-backgrounds-48.2.1/backgrounds/symbolic-soup-d.jxl to /pkgs/gnome-backgrounds/usr/share/backgrounds/gnome
Installing /blfs/builds/gnome-backgrounds-48.2.1/backgrounds/symbolic-soup-l.jxl to /pkgs/gnome-backgrounds/usr/share/backgrounds/gnome
Installing /blfs/builds/gnome-backgrounds-48.2.1/backgrounds/swoosh-d.jxl to /pkgs/gnome-backgrounds/usr/share/backgrounds/gnome
Installing /blfs/builds/gnome-backgrounds-48.2.1/backgrounds/swoosh-l.jxl to /pkgs/gnome-backgrounds/usr/share/backgrounds/gnome
Installing /blfs/builds/gnome-backgrounds-48.2.1/backgrounds/tarka-d.jxl to /pkgs/gnome-backgrounds/usr/share/backgrounds/gnome
Installing /blfs/builds/gnome-backgrounds-48.2.1/backgrounds/tarka-l.jxl to /pkgs/gnome-backgrounds/usr/share/backgrounds/gnome
Installing /blfs/builds/gnome-backgrounds-48.2.1/backgrounds/vnc-d.png to /pkgs/gnome-backgrounds/usr/share/backgrounds/gnome
Installing /blfs/builds/gnome-backgrounds-48.2.1/backgrounds/vnc-l.png to /pkgs/gnome-backgrounds/usr/share/backgrounds/gnome
Installing /blfs/builds/gnome-backgrounds-48.2.1/build/backgrounds/adwaita.xml to /pkgs/gnome-backgrounds/usr/share/gnome-background-properties
Installing /blfs/builds/gnome-backgrounds-48.2.1/build/backgrounds/amber.xml to /pkgs/gnome-backgrounds/usr/share/gnome-background-properties
Installing /blfs/builds/gnome-backgrounds-48.2.1/build/backgrounds/blobs.xml to /pkgs/gnome-backgrounds/usr/share/gnome-background-properties
Installing /blfs/builds/gnome-backgrounds-48.2.1/build/backgrounds/drool.xml to /pkgs/gnome-backgrounds/usr/share/gnome-background-properties
Installing /blfs/builds/gnome-backgrounds-48.2.1/build/backgrounds/fold.xml to /pkgs/gnome-backgrounds/usr/share/gnome-background-properties
Installing /blfs/builds/gnome-backgrounds-48.2.1/build/backgrounds/geometrics.xml to /pkgs/gnome-backgrounds/usr/share/gnome-background-properties
Installing /blfs/builds/gnome-backgrounds-48.2.1/build/backgrounds/glass-chip.xml to /pkgs/gnome-backgrounds/usr/share/gnome-background-properties
Installing /blfs/builds/gnome-backgrounds-48.2.1/build/backgrounds/lcd.xml to /pkgs/gnome-backgrounds/usr/share/gnome-background-properties
Installing /blfs/builds/gnome-backgrounds-48.2.1/build/backgrounds/lcd-rainbow.xml to /pkgs/gnome-backgrounds/usr/share/gnome-background-properties
Installing /blfs/builds/gnome-backgrounds-48.2.1/build/backgrounds/map.xml to /pkgs/gnome-backgrounds/usr/share/gnome-background-properties
Installing /blfs/builds/gnome-backgrounds-48.2.1/build/backgrounds/mollnar.xml to /pkgs/gnome-backgrounds/usr/share/gnome-background-properties
Installing /blfs/builds/gnome-backgrounds-48.2.1/build/backgrounds/morphogenesis.xml to /pkgs/gnome-backgrounds/usr/share/gnome-background-properties
Installing /blfs/builds/gnome-backgrounds-48.2.1/build/backgrounds/neogeo.xml to /pkgs/gnome-backgrounds/usr/share/gnome-background-properties
Installing /blfs/builds/gnome-backgrounds-48.2.1/build/backgrounds/pills.xml to /pkgs/gnome-backgrounds/usr/share/gnome-background-properties
Installing /blfs/builds/gnome-backgrounds-48.2.1/build/backgrounds/pixels.xml to /pkgs/gnome-backgrounds/usr/share/gnome-background-properties
Installing /blfs/builds/gnome-backgrounds-48.2.1/build/backgrounds/pride.xml to /pkgs/gnome-backgrounds/usr/share/gnome-background-properties
Installing /blfs/builds/gnome-backgrounds-48.2.1/build/backgrounds/progress.xml to /pkgs/gnome-backgrounds/usr/share/gnome-background-properties
Installing /blfs/builds/gnome-backgrounds-48.2.1/build/backgrounds/ring.xml to /pkgs/gnome-backgrounds/usr/share/gnome-background-properties
Installing /blfs/builds/gnome-backgrounds-48.2.1/build/backgrounds/sheet.xml to /pkgs/gnome-backgrounds/usr/share/gnome-background-properties
Installing /blfs/builds/gnome-backgrounds-48.2.1/build/backgrounds/symbolic.xml to /pkgs/gnome-backgrounds/usr/share/gnome-background-properties
Installing /blfs/builds/gnome-backgrounds-48.2.1/build/backgrounds/symbolic-soup.xml to /pkgs/gnome-backgrounds/usr/share/gnome-background-properties
Installing /blfs/builds/gnome-backgrounds-48.2.1/build/backgrounds/swoosh.xml to /pkgs/gnome-backgrounds/usr/share/gnome-background-properties
Installing /blfs/builds/gnome-backgrounds-48.2.1/build/backgrounds/tarka.xml to /pkgs/gnome-backgrounds/usr/share/gnome-background-properties
Installing /blfs/builds/gnome-backgrounds-48.2.1/build/backgrounds/vnc.xml to /pkgs/gnome-backgrounds/usr/share/gnome-background-properties
gnome-backgrounds/
gnome-backgrounds/usr/
gnome-backgrounds/usr/share/
gnome-backgrounds/usr/share/backgrounds/
gnome-backgrounds/usr/share/backgrounds/gnome/
gnome-backgrounds/usr/share/backgrounds/gnome/ring-l.jxl
gnome-backgrounds/usr/share/backgrounds/gnome/symbolic-soup-l.jxl
gnome-backgrounds/usr/share/backgrounds/gnome/swoosh-d.jxl
gnome-backgrounds/usr/share/backgrounds/gnome/drool-l.svg
gnome-backgrounds/usr/share/backgrounds/gnome/lcd-l.jxl
gnome-backgrounds/usr/share/backgrounds/gnome/morphogenesis-l.svg
gnome-backgrounds/usr/share/backgrounds/gnome/map-l.svg
gnome-backgrounds/usr/share/backgrounds/gnome/progress-l.jxl
gnome-backgrounds/usr/share/backgrounds/gnome/geometrics-d.jxl
gnome-backgrounds/usr/share/backgrounds/gnome/vnc-d.png
gnome-backgrounds/usr/share/backgrounds/gnome/progress-d.jxl
gnome-backgrounds/usr/share/backgrounds/gnome/symbolic-l.png
gnome-backgrounds/usr/share/backgrounds/gnome/lcd-rainbow-d.jxl
gnome-backgrounds/usr/share/backgrounds/gnome/glass-chip-l.jxl
gnome-backgrounds/usr/share/backgrounds/gnome/neogeo-d.jxl
gnome-backgrounds/usr/share/backgrounds/gnome/lcd-rainbow-l.jxl
gnome-backgrounds/usr/share/backgrounds/gnome/mollnar-l.svg
gnome-backgrounds/usr/share/backgrounds/gnome/pride-d.jxl
gnome-backgrounds/usr/share/backgrounds/gnome/sheet-d.jxl
gnome-backgrounds/usr/share/backgrounds/gnome/vnc-l.png
gnome-backgrounds/usr/share/backgrounds/gnome/blobs-d.svg
gnome-backgrounds/usr/share/backgrounds/gnome/blobs-l.svg
gnome-backgrounds/usr/share/backgrounds/gnome/neogeo-l.jxl
gnome-backgrounds/usr/share/backgrounds/gnome/tarka-d.jxl
gnome-backgrounds/usr/share/backgrounds/gnome/pixels-l.jxl
gnome-backgrounds/usr/share/backgrounds/gnome/morphogenesis-d.svg
gnome-backgrounds/usr/share/backgrounds/gnome/pills-d.jxl
gnome-backgrounds/usr/share/backgrounds/gnome/lcd-d.jxl
gnome-backgrounds/usr/share/backgrounds/gnome/drool-d.svg
gnome-backgrounds/usr/share/backgrounds/gnome/tarka-l.jxl
gnome-backgrounds/usr/share/backgrounds/gnome/pride-l.jxl
gnome-backgrounds/usr/share/backgrounds/gnome/adwaita-l.jpg
gnome-backgrounds/usr/share/backgrounds/gnome/swoosh-l.jxl
gnome-backgrounds/usr/share/backgrounds/gnome/ring-d.jxl
gnome-backgrounds/usr/share/backgrounds/gnome/glass-chip-d.jxl
gnome-backgrounds/usr/share/backgrounds/gnome/amber-d.jxl
gnome-backgrounds/usr/share/backgrounds/gnome/map-d.svg
gnome-backgrounds/usr/share/backgrounds/gnome/adwaita-d.jpg
gnome-backgrounds/usr/share/backgrounds/gnome/pixels-d.jxl
gnome-backgrounds/usr/share/backgrounds/gnome/symbolic-soup-d.jxl
gnome-backgrounds/usr/share/backgrounds/gnome/amber-l.jxl
gnome-backgrounds/usr/share/backgrounds/gnome/mollnar-d.svg
gnome-backgrounds/usr/share/backgrounds/gnome/fold-d.jxl
gnome-backgrounds/usr/share/backgrounds/gnome/fold-l.jxl
gnome-backgrounds/usr/share/backgrounds/gnome/geometrics-l.jxl
gnome-backgrounds/usr/share/backgrounds/gnome/pills-l.jxl
gnome-backgrounds/usr/share/backgrounds/gnome/sheet-l.jxl
gnome-backgrounds/usr/share/backgrounds/gnome/symbolic-d.png
gnome-backgrounds/usr/share/gnome-background-properties/
gnome-backgrounds/usr/share/gnome-background-properties/ring.xml
gnome-backgrounds/usr/share/gnome-background-properties/mollnar.xml
gnome-backgrounds/usr/share/gnome-background-properties/glass-chip.xml
gnome-backgrounds/usr/share/gnome-background-properties/progress.xml
gnome-backgrounds/usr/share/gnome-background-properties/geometrics.xml
gnome-backgrounds/usr/share/gnome-background-properties/blobs.xml
gnome-backgrounds/usr/share/gnome-background-properties/pride.xml
gnome-backgrounds/usr/share/gnome-background-properties/pixels.xml
gnome-backgrounds/usr/share/gnome-background-properties/morphogenesis.xml
gnome-backgrounds/usr/share/gnome-background-properties/neogeo.xml
gnome-backgrounds/usr/share/gnome-background-properties/symbolic.xml
gnome-backgrounds/usr/share/gnome-background-properties/symbolic-soup.xml
gnome-backgrounds/usr/share/gnome-background-properties/adwaita.xml
gnome-backgrounds/usr/share/gnome-background-properties/lcd.xml
gnome-backgrounds/usr/share/gnome-background-properties/swoosh.xml
gnome-backgrounds/usr/share/gnome-background-properties/map.xml
gnome-backgrounds/usr/share/gnome-background-properties/fold.xml
gnome-backgrounds/usr/share/gnome-background-properties/lcd-rainbow.xml
gnome-backgrounds/usr/share/gnome-background-properties/pills.xml
gnome-backgrounds/usr/share/gnome-background-properties/sheet.xml
gnome-backgrounds/usr/share/gnome-background-properties/tarka.xml
gnome-backgrounds/usr/share/gnome-background-properties/drool.xml
gnome-backgrounds/usr/share/gnome-background-properties/amber.xml
gnome-backgrounds/usr/share/gnome-background-properties/vnc.xml
gnome-backgrounds/version
gnome-backgrounds/depends
gnome-backgrounds/postinst
