--2025-06-07 21:08:44--  https://github.com/vcrhonek/hwdata/archive/refs/tags/v0.396.tar.gz
Resolving github.com (github.com)... 140.82.112.4
Connecting to github.com (github.com)|140.82.112.4|:443... connected.
HTTP request sent, awaiting response... 302 Found
Location: https://codeload.github.com/vcrhonek/hwdata/tar.gz/refs/tags/v0.396 [following]
--2025-06-07 21:08:44--  https://codeload.github.com/vcrhonek/hwdata/tar.gz/refs/tags/v0.396
Resolving codeload.github.com (codeload.github.com)... 140.82.114.9
Connecting to codeload.github.com (codeload.github.com)|140.82.114.9|:443... connected.
HTTP request sent, awaiting response... 200 OK
Length: unspecified [application/x-gzip]
Saving to: 'v0.396.tar.gz'

     0K .......... .......... .......... .......... .......... 2.16M
    50K .......... .......... .......... .......... .......... 4.07M
   100K .......... .......... .......... .......... .......... 70.8M
   150K .......... .......... .......... .......... ..........  157M
   200K .......... .......... .......... .......... .......... 4.28M
   250K .......... .......... .......... .......... .......... 86.5M
   300K .......... .......... .......... .......... ..........  143M
   350K .......... .......... .......... .......... ..........  105M
   400K .......... .......... .......... .......... .......... 4.60M
   450K .......... .......... .......... .......... ..........  125M
   500K .......... .......... .......... .......... .......... 6.66M
   550K .......... .......... .......... .......... ..........  153M
   600K .......... .......... .......... .......... .......... 98.3M
   650K .......... .......... .......... .......... ..........  102M
   700K .......... .......... .......... .......... ..........  173M
   750K .......... .......... .......... .......... .......... 1.65M
   800K .......... .......... .......... .......... ..........  116M
   850K .......... .......... .......... .......... ..........  134M
   900K .......... .......... .......... .......... ..........  110M
   950K .......... .......... .......... .......... .......... 99.7M
  1000K .......... .......... .......... .......... .......... 1.62M
  1050K .......... .......... .......... .......... ..........  114M
  1100K .......... .......... .......... .......... ..........  106M
  1150K .......... .......... .......... .......... ..........  115M
  1200K .......... .......... .......... .......... ..........  106M
  1250K .......... .......... .......... .......... .......... 1.63M
  1300K .......... .......... .......... .......... .......... 73.4M
  1350K .......... .......... .......... .......... ..........  126M
  1400K .......... .......... .......... .......... ..........  106M
  1450K .......... .......... .......... .......... ..........  152M
  1500K .......... .......... .......... .......... .......... 1.58M
  1550K .......... .......... .......... .......... ..........  126M
  1600K .......... .......... .......... .......... ..........  111M
  1650K .......... .......... .......... .......... ..........  108M
  1700K .......... .......... .......... .......... ..........  112M
  1750K .......... .......... .......... .......... .......... 1.11M
  1800K .......... .......... .......... .......... ..........  105M
  1850K .......... .......... .......... .......... .......... 97.9M
  1900K .......... .......... .......... .......... ..........  103M
  1950K .......... .......... .......... .......... ..........  142M
  2000K .......... .......... .......... .......... .......... 1.47M
  2050K .......... .......... .......... .......... .......... 70.7M
  2100K .......... .......... .......... .......... ..........  142M
  2150K .......... .......... .......... .......... .......... 91.0M
  2200K .......... .......... .......... .......... ..........  145M
  2250K .......... .......... .......... .......... .......... 93.3M
  2300K .......... .......... .......... .......... .......... 2.37M
  2350K .......... .......... .......... .......... .......... 80.6M
  2400K .......... .......... .......... .......... ..........  141M
  2450K ......                                                 28.1M=0.3s

2025-06-07 21:08:44 (8.02 MB/s) - 'v0.396.tar.gz' saved [2515862]

hwdata-0.396/
hwdata-0.396/.fmf/
hwdata-0.396/.fmf/version
hwdata-0.396/.gitignore
hwdata-0.396/.packit.yaml
hwdata-0.396/01-utf-8-encoding.patch.patch
hwdata-0.396/02-typos.patch.patch
hwdata-0.396/COPYING
hwdata-0.396/Dockerfile
hwdata-0.396/LICENSE
hwdata-0.396/Makefile
hwdata-0.396/README
hwdata-0.396/blacklist.conf
hwdata-0.396/check-pci-ids.py
hwdata-0.396/check-usb-ids.sh
hwdata-0.396/compare-pci-ids.py
hwdata-0.396/configure
hwdata-0.396/hwdata.pc.in
hwdata-0.396/hwdata.spec
hwdata-0.396/iab.txt
hwdata-0.396/lspci-dump.txt
hwdata-0.396/oui.txt
hwdata-0.396/pci.ids
hwdata-0.396/plans/
hwdata-0.396/plans/basic.fmf
hwdata-0.396/plans/rpmlint.fmf
hwdata-0.396/pnp.ids
hwdata-0.396/pnp.ids.patch
hwdata-0.396/process-pnp-ids.py
hwdata-0.396/tests/
hwdata-0.396/tests/ids-files/
hwdata-0.396/tests/ids-files/Makefile
hwdata-0.396/tests/ids-files/PURPOSE
hwdata-0.396/tests/ids-files/main.fmf
hwdata-0.396/tests/ids-files/runtest.sh
hwdata-0.396/tests/python-hwdata/
hwdata-0.396/tests/python-hwdata/main.fmf
hwdata-0.396/tests/python-hwdata/test-python-hwdata.sh
hwdata-0.396/tests/syntax/
hwdata-0.396/tests/syntax/Makefile
hwdata-0.396/tests/syntax/PURPOSE
hwdata-0.396/tests/syntax/main.fmf
hwdata-0.396/tests/syntax/runtest.sh
hwdata-0.396/usb.ids
make: Nothing to be done for 'all'.
datadir="/usr/share"; \
if [ "${datadir#/usr}" != "$datadir" ]; then \
	datadir="\${prefix}${datadir#/usr}"; \
fi; \
sed -e 's|@prefix@|/usr|g' \
	-e "s|@datadir@|$datadir|g" \
	-e 's|@pkgdatadir@|${datadir}/hwdata|g' \
	-e 's|@VERSION@|0.396|g' \
	-e 's|@NAME@|hwdata|g' \
	hwdata.pc.in > hwdata.pc
mkdir -p -m 755 /pkgs/hwdata/usr/share/hwdata
for foo in pci.ids usb.ids oui.txt iab.txt pnp.ids ; do \
	install -m 644 $foo /pkgs/hwdata/usr/share/hwdata ;\
done
mkdir -p -m 755 /pkgs/hwdata/usr/share/pkgconfig
install -m 644 hwdata.pc /pkgs/hwdata/usr/share/pkgconfig/
mkdir -p -m 755 /usr/share/hwdata
for foo in pci.ids usb.ids oui.txt iab.txt pnp.ids ; do \
	install -m 644 $foo /usr/share/hwdata ;\
done
mkdir -p -m 755 /usr/share/pkgconfig
install -m 644 hwdata.pc /usr/share/pkgconfig/
hwdata/
hwdata/usr/
hwdata/usr/share/
hwdata/usr/share/hwdata/
hwdata/usr/share/hwdata/pci.ids
hwdata/usr/share/hwdata/pnp.ids
hwdata/usr/share/hwdata/iab.txt
hwdata/usr/share/hwdata/oui.txt
hwdata/usr/share/hwdata/usb.ids
hwdata/usr/share/pkgconfig/
hwdata/usr/share/pkgconfig/hwdata.pc
hwdata/version
hwdata/depends
hwdata/make-depends
