--2025-06-07 20:37:32--  https://github.com/libass/libass/releases/download/0.17.4/libass-0.17.4.tar.xz
Resolving github.com (github.com)... 140.82.114.4
Connecting to github.com (github.com)|140.82.114.4|:443... connected.
HTTP request sent, awaiting response... 302 Found
Location: https://objects.githubusercontent.com/github-production-release-asset-2e65be/11696642/895c3bee-13b4-41e7-ba17-83db3b32d73d?X-Amz-Algorithm=AWS4-HMAC-SHA256&X-Amz-Credential=releaseassetproduction%2F20250607%2Fus-east-1%2Fs3%2Faws4_request&X-Amz-Date=20250607T203732Z&X-Amz-Expires=300&X-Amz-Signature=3798c3667ec7531cf6e6b57ebb3112f44e0d5c68d64eaf2d026338ab817868a8&X-Amz-SignedHeaders=host&response-content-disposition=attachment%3B%20filename%3Dlibass-0.17.4.tar.xz&response-content-type=application%2Foctet-stream [following]
--2025-06-07 20:37:32--  https://objects.githubusercontent.com/github-production-release-asset-2e65be/11696642/895c3bee-13b4-41e7-ba17-83db3b32d73d?X-Amz-Algorithm=AWS4-HMAC-SHA256&X-Amz-Credential=releaseassetproduction%2F20250607%2Fus-east-1%2Fs3%2Faws4_request&X-Amz-Date=20250607T203732Z&X-Amz-Expires=300&X-Amz-Signature=3798c3667ec7531cf6e6b57ebb3112f44e0d5c68d64eaf2d026338ab817868a8&X-Amz-SignedHeaders=host&response-content-disposition=attachment%3B%20filename%3Dlibass-0.17.4.tar.xz&response-content-type=application%2Foctet-stream
Resolving objects.githubusercontent.com (objects.githubusercontent.com)... 185.199.111.133, 185.199.109.133, 185.199.110.133, ...
Connecting to objects.githubusercontent.com (objects.githubusercontent.com)|185.199.111.133|:443... connected.
HTTP request sent, awaiting response... 200 OK
Length: 452648 (442K) [application/octet-stream]
Saving to: 'libass-0.17.4.tar.xz'

     0K .......... .......... .......... .......... .......... 11% 9.48M 0s
    50K .......... .......... .......... .......... .......... 22% 10.9M 0s
   100K .......... .......... .......... .......... .......... 33% 16.2M 0s
   150K .......... .......... .......... .......... .......... 45% 45.0M 0s
   200K .......... .......... .......... .......... .......... 56% 54.0M 0s
   250K .......... .......... .......... .......... .......... 67% 22.7M 0s
   300K .......... .......... .......... .......... .......... 79% 61.4M 0s
   350K .......... .......... .......... .......... .......... 90% 16.4M 0s
   400K .......... .......... .......... .......... ..        100%  155M=0.02s

2025-06-07 20:37:33 (20.7 MB/s) - 'libass-0.17.4.tar.xz' saved [452648/452648]

libass-0.17.4/
libass-0.17.4/checkasm/
libass-0.17.4/checkasm/arm/
libass-0.17.4/checkasm/arm/checkasm_64.S
libass-0.17.4/checkasm/x86/
libass-0.17.4/checkasm/x86/checkasm.asm
libass-0.17.4/checkasm/rasterizer.c
libass-0.17.4/checkasm/blend_bitmaps.c
libass-0.17.4/checkasm/be_blur.c
libass-0.17.4/checkasm/blur.c
libass-0.17.4/checkasm/checkasm.h
libass-0.17.4/checkasm/checkasm.c
libass-0.17.4/checkasm/meson.build
libass-0.17.4/compare/
libass-0.17.4/compare/image.h
libass-0.17.4/compare/image.c
libass-0.17.4/compare/compare.c
libass-0.17.4/compare/meson.build
libass-0.17.4/compare/README.md
libass-0.17.4/fuzz/
libass-0.17.4/fuzz/fuzz.c
libass-0.17.4/fuzz/writeout.h
libass-0.17.4/fuzz/writeout.c
libass-0.17.4/fuzz/meson.build
libass-0.17.4/libass/
libass-0.17.4/libass/aarch64/
libass-0.17.4/libass/aarch64/rasterizer.S
libass-0.17.4/libass/aarch64/blend_bitmaps.S
libass-0.17.4/libass/aarch64/be_blur.S
libass-0.17.4/libass/aarch64/blur.S
libass-0.17.4/libass/aarch64/asm.S
libass-0.17.4/libass/ass/
libass-0.17.4/libass/ass/meson.build
libass-0.17.4/libass/c/
libass-0.17.4/libass/c/rasterizer_template.h
libass-0.17.4/libass/c/c_rasterizer.c
libass-0.17.4/libass/c/c_blend_bitmaps.c
libass-0.17.4/libass/c/c_be_blur.c
libass-0.17.4/libass/c/blur_template.h
libass-0.17.4/libass/c/c_blur.c
libass-0.17.4/libass/x86/
libass-0.17.4/libass/x86/rasterizer.asm
libass-0.17.4/libass/x86/blend_bitmaps.asm
libass-0.17.4/libass/x86/be_blur.asm
libass-0.17.4/libass/x86/blur.asm
libass-0.17.4/libass/x86/cpuid.h
libass-0.17.4/libass/x86/cpuid.asm
libass-0.17.4/libass/x86/x86inc.asm
libass-0.17.4/libass/x86/utils.asm
libass-0.17.4/libass/ass_types.h
libass-0.17.4/libass/ass.h
libass-0.17.4/libass/Makefile_library.am
libass-0.17.4/libass/ass_utils.h
libass-0.17.4/libass/ass_utils.c
libass-0.17.4/libass/ass_string.h
libass-0.17.4/libass/ass_string.c
libass-0.17.4/libass/ass_compat.h
libass-0.17.4/libass/ass_strtod.c
libass-0.17.4/libass/ass_filesystem.h
libass-0.17.4/libass/ass_filesystem.c
libass-0.17.4/libass/ass_priv.h
libass-0.17.4/libass/ass.c
libass-0.17.4/libass/ass_library.h
libass-0.17.4/libass/ass_library.c
libass-0.17.4/libass/ass_cache_template.h
libass-0.17.4/libass/ass_cache.h
libass-0.17.4/libass/ass_cache.c
libass-0.17.4/libass/ass_font.h
libass-0.17.4/libass/ass_font.c
libass-0.17.4/libass/ass_fontselect.h
libass-0.17.4/libass/ass_fontselect.c
libass-0.17.4/libass/ass_parse.h
libass-0.17.4/libass/ass_parse.c
libass-0.17.4/libass/ass_shaper.h
libass-0.17.4/libass/ass_shaper.c
libass-0.17.4/libass/ass_outline.h
libass-0.17.4/libass/ass_outline.c
libass-0.17.4/libass/ass_drawing.h
libass-0.17.4/libass/ass_drawing.c
libass-0.17.4/libass/ass_bitmap.h
libass-0.17.4/libass/ass_bitmap.c
libass-0.17.4/libass/ass_blur.c
libass-0.17.4/libass/ass_rasterizer.h
libass-0.17.4/libass/ass_rasterizer.c
libass-0.17.4/libass/ass_render.h
libass-0.17.4/libass/ass_render.c
libass-0.17.4/libass/ass_render_api.c
libass-0.17.4/libass/ass_bitmap_engine.h
libass-0.17.4/libass/ass_bitmap_engine.c
libass-0.17.4/libass/wyhash.h
libass-0.17.4/libass/ass_fontconfig.h
libass-0.17.4/libass/ass_fontconfig.c
libass-0.17.4/libass/dwrite_c.h
libass-0.17.4/libass/ass_directwrite_info_template.h
libass-0.17.4/libass/ass_directwrite.h
libass-0.17.4/libass/ass_directwrite.c
libass-0.17.4/libass/ass_coretext.h
libass-0.17.4/libass/ass_coretext.c
libass-0.17.4/libass/meson.build
libass-0.17.4/libass/libass.sym
libass-0.17.4/m4/
libass-0.17.4/m4/ax_append_compile_flags.m4
libass-0.17.4/m4/ax_append_flag.m4
libass-0.17.4/m4/ax_check_compile_flag.m4
libass-0.17.4/m4/ax_require_defined.m4
libass-0.17.4/m4/libtool.m4
libass-0.17.4/m4/ltoptions.m4
libass-0.17.4/m4/ltsugar.m4
libass-0.17.4/m4/ltversion.m4
libass-0.17.4/m4/lt~obsolete.m4
libass-0.17.4/profile/
libass-0.17.4/profile/profile.c
libass-0.17.4/profile/meson.build
libass-0.17.4/test/
libass-0.17.4/test/test.c
libass-0.17.4/test/meson.build
libass-0.17.4/Makefile.am
libass-0.17.4/configure
libass-0.17.4/RELEASEVERSION
libass-0.17.4/configure.ac
libass-0.17.4/aclocal.m4
libass-0.17.4/Makefile.in
libass-0.17.4/Makefile_util.am
libass-0.17.4/config.h.in
libass-0.17.4/libass.pc.in
libass-0.17.4/COPYING
libass-0.17.4/README.md
libass-0.17.4/compile
libass-0.17.4/config.guess
libass-0.17.4/config.sub
libass-0.17.4/depcomp
libass-0.17.4/install-sh
libass-0.17.4/ltmain.sh
libass-0.17.4/missing
libass-0.17.4/test-driver
libass-0.17.4/Changelog
libass-0.17.4/MAINTAINERS
libass-0.17.4/ltnasm.sh
libass-0.17.4/gen_defs.py
libass-0.17.4/meson_options.txt
libass-0.17.4/meson.build
checking for a BSD-compatible install... /usr/bin/install -c
checking whether sleep supports fractional seconds... yes
checking filesystem timestamp resolution... 0.01
checking whether build environment is sane... yes
checking for a race-free mkdir -p... /usr/bin/mkdir -p
checking for gawk... gawk
checking whether make sets $(MAKE)... yes
checking whether make supports nested variables... yes
checking xargs -n works... yes
checking build system type... x86_64-pc-linux-gnu
checking host system type... x86_64-pc-linux-gnu
checking how to print strings... printf
checking whether make supports the include directive... yes (GNU style)
checking for gcc... gcc
checking whether the C compiler works... yes
checking for C compiler default output file name... a.out
checking for suffix of executables... 
checking whether we are cross compiling... no
checking for suffix of object files... o
checking whether the compiler supports GNU C... yes
checking whether gcc accepts -g... yes
checking for gcc option to enable C11 features... none needed
checking whether gcc understands -c and -o together... yes
checking dependency style of gcc... gcc3
checking for a sed that does not truncate output... /usr/bin/sed
checking for grep that handles long lines and -e... /usr/bin/grep
checking for egrep... /usr/bin/grep -E
checking for fgrep... /usr/bin/grep -F
checking for ld used by gcc... /usr/bin/ld
checking if the linker (/usr/bin/ld) is GNU ld... yes
checking for BSD- or MS-compatible name lister (nm)... /usr/bin/nm -B
checking the name lister (/usr/bin/nm -B) interface... BSD nm
checking whether ln -s works... yes
checking the maximum length of command line arguments... 1572864
checking how to convert x86_64-pc-linux-gnu file names to x86_64-pc-linux-gnu format... func_convert_file_noop
checking how to convert x86_64-pc-linux-gnu file names to toolchain format... func_convert_file_noop
checking for /usr/bin/ld option to reload object files... -r
checking for file... file
checking for objdump... objdump
checking how to recognize dependent libraries... pass_all
checking for dlltool... no
checking how to associate runtime and link libraries... printf %s\n
checking for ranlib... ranlib
checking for ar... ar
checking for archiver @FILE support... @
checking for strip... strip
checking command to parse /usr/bin/nm -B output from gcc object... ok
checking for sysroot... no
checking for a working dd... /usr/bin/dd
checking how to truncate binary pipes... /usr/bin/dd bs=4096 count=1
checking for mt... mt
checking if mt is a manifest tool... no
checking for stdio.h... yes
checking for stdlib.h... yes
checking for string.h... yes
checking for inttypes.h... yes
checking for stdint.h... yes
checking for strings.h... yes
checking for sys/stat.h... yes
checking for sys/types.h... yes
checking for unistd.h... yes
checking for iconv.h... yes
checking for dlfcn.h... yes
checking for objdir... .libs
checking if gcc supports -fno-rtti -fno-exceptions... no
checking for gcc option to produce PIC... -fPIC -DPIC
checking if gcc PIC flag -fPIC -DPIC works... yes
checking if gcc static flag -static works... yes
checking if gcc supports -c -o file.o... yes
checking if gcc supports -c -o file.o... (cached) yes
checking whether the gcc linker (/usr/bin/ld -m elf_x86_64) supports shared libraries... yes
checking whether -lc should be explicitly linked in... no
checking dynamic linker characteristics... GNU/Linux ld.so
checking how to hardcode library paths into programs... immediate
checking whether stripping libraries is possible... yes
checking if libtool supports shared libraries... yes
checking whether to build shared libraries... yes
checking whether to build static libraries... no
checking for gcc... (cached) gcc
checking whether the compiler supports GNU C... (cached) yes
checking whether gcc accepts -g... (cached) yes
checking for gcc option to enable C11 features... (cached) none needed
checking whether gcc understands -c and -o together... (cached) yes
checking dependency style of gcc... (cached) gcc3
checking dependency style of gcc... gcc3
checking for strdup... yes
checking for strndup... yes
checking whether C compiler accepts -fno-math-errno... yes
checking whether C compiler accepts /clang:-fno-math-errno... no
checking whether C compiler accepts -Wall... yes
checking whether C compiler accepts -Wextra... yes
checking whether C compiler accepts -Wno-sign-compare... yes
checking whether C compiler accepts -Wno-unused-parameter... yes
checking whether C compiler accepts -Wstrict-prototypes... yes
checking whether C compiler accepts -Wpointer-arith... yes
checking whether C compiler accepts -Werror-implicit-function-declaration... yes
checking whether C compiler accepts -Wredundant-decls... yes
checking whether C compiler accepts -Wno-missing-field-initializers... yes
checking whether C compiler accepts -Wformat-non-iso... no
checking whether C compiler accepts -Werror=format-non-iso... no
checking for library containing libiconv_open... no
checking for library containing iconv_open... none required
checking for library containing lrint... -lm
checking for pkg-config... /usr/bin/pkg-config
checking pkg-config is at least version 0.9.0... yes
checking for freetype2 >= 9.17.3... yes
checking for fribidi >= 0.19.1... yes
checking for harfbuzz >= 1.2.3... yes
checking for libunibreak >= 1.1... no
checking for fontconfig >= 2.10.92... yes
checking for Core Text... no
checking for DirectWrite... no
checking for nasm... yes
checking if nasm supports vpmovzxwd... yes
checking that generated files are newer than configure... done
configure: creating ./config.status
config.status: creating Makefile
config.status: creating libass.pc
config.status: creating config.h
config.status: executing depfiles commands
config.status: executing libtool commands
make  all-am
make[1]: Entering directory '/blfs/builds/libass-0.17.4'
  CC       libass/ass_utils.lo
  CC       libass/ass_string.lo
  CC       libass/ass_strtod.lo
  CC       libass/ass_filesystem.lo
  CC       libass/ass.lo
  CC       libass/ass_library.lo
  CC       libass/ass_cache.lo
  CC       libass/ass_font.lo
  CC       libass/ass_fontselect.lo
  CC       libass/ass_parse.lo
  CC       libass/ass_shaper.lo
  CC       libass/ass_outline.lo
  CC       libass/ass_drawing.lo
  CC       libass/ass_bitmap.lo
  CC       libass/ass_blur.lo
  CC       libass/ass_rasterizer.lo
  CC       libass/ass_render.lo
  CC       libass/ass_render_api.lo
  CC       libass/ass_bitmap_engine.lo
  CC       libass/c/c_rasterizer.lo
  CC       libass/c/c_blend_bitmaps.lo
  CC       libass/c/c_be_blur.lo
  CC       libass/c/c_blur.lo
  NASM     libass/x86/rasterizer.lo
  NASM     libass/x86/blend_bitmaps.lo
  NASM     libass/x86/be_blur.lo
  NASM     libass/x86/blur.lo
  NASM     libass/x86/cpuid.lo
  CC       libass/ass_fontconfig.lo
  CCLD     libass/libass_internal.la
  CCLD     libass/libass.la
make[1]: Leaving directory '/blfs/builds/libass-0.17.4'
make[1]: Entering directory '/blfs/builds/libass-0.17.4'
 /usr/bin/mkdir -p '/pkgs/libass/usr/lib'
 /bin/sh ./libtool   --mode=install /usr/bin/install -c   libass/libass.la '/pkgs/libass/usr/lib'
libtool: install: /usr/bin/install -c libass/.libs/libass.so.9.4.1 /pkgs/libass/usr/lib/libass.so.9.4.1
libtool: install: (cd /pkgs/libass/usr/lib && { ln -s -f libass.so.9.4.1 libass.so.9 || { rm -f libass.so.9 && ln -s libass.so.9.4.1 libass.so.9; }; })
libtool: install: (cd /pkgs/libass/usr/lib && { ln -s -f libass.so.9.4.1 libass.so || { rm -f libass.so && ln -s libass.so.9.4.1 libass.so; }; })
libtool: install: /usr/bin/install -c libass/.libs/libass.lai /pkgs/libass/usr/lib/libass.la
libtool: warning: remember to run 'libtool --finish /usr/lib'
 /usr/bin/mkdir -p '/pkgs/libass/usr/include/ass'
 /usr/bin/install -c -m 644 libass/ass_types.h libass/ass.h '/pkgs/libass/usr/include/ass'
 /usr/bin/mkdir -p '/pkgs/libass/usr/lib/pkgconfig'
 /usr/bin/install -c -m 644 libass.pc '/pkgs/libass/usr/lib/pkgconfig'
make[1]: Leaving directory '/blfs/builds/libass-0.17.4'
make[1]: Entering directory '/blfs/builds/libass-0.17.4'
 /usr/bin/mkdir -p '/usr/lib'
 /bin/sh ./libtool   --mode=install /usr/bin/install -c   libass/libass.la '/usr/lib'
libtool: install: /usr/bin/install -c libass/.libs/libass.so.9.4.1 /usr/lib/libass.so.9.4.1
libtool: install: (cd /usr/lib && { ln -s -f libass.so.9.4.1 libass.so.9 || { rm -f libass.so.9 && ln -s libass.so.9.4.1 libass.so.9; }; })
libtool: install: (cd /usr/lib && { ln -s -f libass.so.9.4.1 libass.so || { rm -f libass.so && ln -s libass.so.9.4.1 libass.so; }; })
libtool: install: /usr/bin/install -c libass/.libs/libass.lai /usr/lib/libass.la
libtool: finish: PATH="/usr/sbin:/usr/bin:/sbin" ldconfig -n /usr/lib
----------------------------------------------------------------------
Libraries have been installed in:
   /usr/lib

If you ever happen to want to link against installed libraries
in a given directory, LIBDIR, you must either use libtool, and
specify the full pathname of the library, or use the '-LLIBDIR'
flag during linking and do at least one of the following:
   - add LIBDIR to the 'LD_LIBRARY_PATH' environment variable
     during execution
   - add LIBDIR to the 'LD_RUN_PATH' environment variable
     during linking
   - use the '-Wl,-rpath -Wl,LIBDIR' linker flag
   - have your system administrator add LIBDIR to '/etc/ld.so.conf'

See any operating system documentation about shared libraries for
more information, such as the ld(1) and ld.so(8) manual pages.
----------------------------------------------------------------------
 /usr/bin/mkdir -p '/usr/include/ass'
 /usr/bin/install -c -m 644 libass/ass_types.h libass/ass.h '/usr/include/ass'
 /usr/bin/mkdir -p '/usr/lib/pkgconfig'
 /usr/bin/install -c -m 644 libass.pc '/usr/lib/pkgconfig'
make[1]: Leaving directory '/blfs/builds/libass-0.17.4'
libass/
libass/usr/
libass/usr/lib/
libass/usr/lib/libass.so
libass/usr/lib/libass.so.9
libass/usr/lib/pkgconfig/
libass/usr/lib/pkgconfig/libass.pc
libass/usr/lib/libass.la
libass/usr/lib/libass.so.9.4.1
libass/usr/include/
libass/usr/include/ass/
libass/usr/include/ass/ass_types.h
libass/usr/include/ass/ass.h
libass/version
libass/depends
libass/make-depends
