--2025-06-07 21:08:01--  https://github.com/hyperrealm/libconfig/archive/v1.8.1/libconfig-v1.8.1.tar.gz
Resolving github.com (github.com)... 140.82.113.4
Connecting to github.com (github.com)|140.82.113.4|:443... connected.
HTTP request sent, awaiting response... 302 Found
Location: https://codeload.github.com/hyperrealm/libconfig/tar.gz/refs/tags/v1.8.1 [following]
--2025-06-07 21:08:01--  https://codeload.github.com/hyperrealm/libconfig/tar.gz/refs/tags/v1.8.1
Resolving codeload.github.com (codeload.github.com)... 140.82.113.10
Connecting to codeload.github.com (codeload.github.com)|140.82.113.10|:443... connected.
HTTP request sent, awaiting response... 200 OK
Length: unspecified [application/x-gzip]
Saving to: 'libconfig-v1.8.1.tar.gz'

     0K .......... .......... .......... .......... .......... 2.00M
    50K .......... .......... .......... .......... .......... 4.02M
   100K .......... .......... .......... .......... ..........  103M
   150K .......... .......... .......... .......... .......... 4.19M
   200K .......... .......... .......... .......... ..........  110M
   250K .......... .......... .......... .......... ..........  102M
   300K .......... .......... .......... .......... .......... 4.56M
   350K .......... .......... .......... .......... ..........  110M
   400K .......... .......... .......... .......... .......... 82.7M
   450K .......... .......... .......... .......... ..........  103M
   500K .......... .......... .......... .......... ..........  135M
   550K .......... .......... .......... .......... .......... 94.3M
   600K .......... .......... .......... .......... ..........  145M
   650K .......... .......... .......... .......... .......... 91.3M
   700K .......... .......... .......... .......... .......... 5.37M
   750K .......... .......... .......... .......... .......... 78.8M
   800K .......... .......... .......... .......... ..........  109M
   850K .......... .......... .......... .......... ..........  104M
   900K .......... .......... .......... .......... ..........  177M
   950K .......... .......... .......... .......... .......... 96.2M
  1000K .......... .......... .......... .......... ..........  101M
  1050K .......... .......... .......... .......... ..........  178M
  1100K .......... .......... .......... .......... .......... 3.78M
  1150K .......... .......... .......... .......... ..........  520M
  1200K .......... .......... .......... .......... ..........  588M
  1250K .......... .......... .......... .......... ..........  542M
  1300K .......... .......... .......... .......... ..........  609M
  1350K .......... .......... .......... .......... ..........  642M
  1400K .......... .......... .......... .......... ..........  623M
  1450K .......... .......... .......... .......... ..........  605M
  1500K .......... .......... .......... .......... ..........  519M
  1550K .......... .......... .......... .......... ..........  277M
  1600K .......... .......... .......... .......... ..........  275M
  1650K .......... .......... .......... ......                 285M=0.09s

2025-06-07 21:08:02 (18.3 MB/s) - 'libconfig-v1.8.1.tar.gz' saved [1726710]

libconfig-1.8.1/
libconfig-1.8.1/.github/
libconfig-1.8.1/.github/workflows/
libconfig-1.8.1/.github/workflows/cifuzz.yml
libconfig-1.8.1/.github/workflows/conan.yaml
libconfig-1.8.1/.gitignore
libconfig-1.8.1/AUTHORS
libconfig-1.8.1/CMakeLists.txt
libconfig-1.8.1/COPYING.LIB
libconfig-1.8.1/ChangeLog
libconfig-1.8.1/INSTALL
libconfig-1.8.1/LICENSE
libconfig-1.8.1/Makefile.am
libconfig-1.8.1/NEWS
libconfig-1.8.1/README
libconfig-1.8.1/README.md
libconfig-1.8.1/TODO
libconfig-1.8.1/_config.yml
libconfig-1.8.1/ac_config.h.in
libconfig-1.8.1/aux-build/
libconfig-1.8.1/aux-build/compile
libconfig-1.8.1/aux-build/config.guess
libconfig-1.8.1/aux-build/config.rpath
libconfig-1.8.1/aux-build/config.sub
libconfig-1.8.1/aux-build/depcomp
libconfig-1.8.1/aux-build/install-sh
libconfig-1.8.1/aux-build/ltmain.sh
libconfig-1.8.1/aux-build/missing
libconfig-1.8.1/aux-build/mkinstalldirs
libconfig-1.8.1/aux-build/test-driver
libconfig-1.8.1/aux-build/texinfo.tex
libconfig-1.8.1/aux-build/ylwrap
libconfig-1.8.1/conanfile.py
libconfig-1.8.1/configure.ac
libconfig-1.8.1/contrib/
libconfig-1.8.1/contrib/README
libconfig-1.8.1/contrib/chained/
libconfig-1.8.1/contrib/chained/README.md
libconfig-1.8.1/contrib/chained/examples/
libconfig-1.8.1/contrib/chained/examples/CMakeLists.txt
libconfig-1.8.1/contrib/chained/examples/CreateProjectFiles.bat
libconfig-1.8.1/contrib/chained/examples/README.md
libconfig-1.8.1/contrib/chained/examples/example.cfg
libconfig-1.8.1/contrib/chained/examples/example1.cpp
libconfig-1.8.1/contrib/chained/examples/example2.cpp
libconfig-1.8.1/contrib/chained/examples/example3.cpp
libconfig-1.8.1/contrib/chained/examples/examples.cpp
libconfig-1.8.1/contrib/chained/libconfig_chained.h
libconfig-1.8.1/contrib/cmake/
libconfig-1.8.1/contrib/cmake/1_configure.sh
libconfig-1.8.1/contrib/cmake/2_make.sh
libconfig-1.8.1/contrib/cmake/CMakeFiles/
libconfig-1.8.1/contrib/cmake/CMakeFiles/CMakeCCompiler.cmake
libconfig-1.8.1/contrib/cmake/CMakeFiles/CMakeCXXCompiler.cmake
libconfig-1.8.1/contrib/cmake/CMakeFiles/CMakeSystem.cmake
libconfig-1.8.1/contrib/cmake/CMakeFiles/CompilerIdC/
libconfig-1.8.1/contrib/cmake/CMakeFiles/CompilerIdC/CMakeCCompilerId.c
libconfig-1.8.1/contrib/cmake/CMakeFiles/CompilerIdCXX/
libconfig-1.8.1/contrib/cmake/CMakeFiles/CompilerIdCXX/CMakeCXXCompilerId.cpp
libconfig-1.8.1/contrib/cmake/CMakeLists.txt
libconfig-1.8.1/contrib/cmake/cmake_work/
libconfig-1.8.1/contrib/cmake/cmake_work/FindConfig++.cmake
libconfig-1.8.1/contrib/cmake/cmake_work/FindConfig.cmake
libconfig-1.8.1/contrib/cmake/cmake_work/cmake_uninstall.cmake.in
libconfig-1.8.1/contrib/cmake/src/
libconfig-1.8.1/contrib/cmake/src/CMakeLists.txt
libconfig-1.8.1/contrib/cmake/src/main.cpp
libconfig-1.8.1/contrib/copy_setting.c
libconfig-1.8.1/contrib/libconfig-ruby/
libconfig-1.8.1/contrib/libconfig-ruby/README
libconfig-1.8.1/contrib/libconfig-ruby/Rakefile
libconfig-1.8.1/contrib/libconfig-ruby/ext/
libconfig-1.8.1/contrib/libconfig-ruby/ext/extconf.rb
libconfig-1.8.1/contrib/libconfig-ruby/ext/rconfig.c
libconfig-1.8.1/contrib/ls-config/
libconfig-1.8.1/contrib/ls-config/LICENSE
libconfig-1.8.1/contrib/ls-config/README.md
libconfig-1.8.1/contrib/ls-config/debian/
libconfig-1.8.1/contrib/ls-config/debian/README
libconfig-1.8.1/contrib/ls-config/debian/changelog
libconfig-1.8.1/contrib/ls-config/debian/compat
libconfig-1.8.1/contrib/ls-config/debian/control
libconfig-1.8.1/contrib/ls-config/debian/copyright
libconfig-1.8.1/contrib/ls-config/debian/files
libconfig-1.8.1/contrib/ls-config/debian/ls-config.1
libconfig-1.8.1/contrib/ls-config/debian/ls-config.debhelper.log
libconfig-1.8.1/contrib/ls-config/debian/ls-config.install
libconfig-1.8.1/contrib/ls-config/debian/ls-config.substvars
libconfig-1.8.1/contrib/ls-config/debian/ls-config/
libconfig-1.8.1/contrib/ls-config/debian/ls-config/DEBIAN/
libconfig-1.8.1/contrib/ls-config/debian/ls-config/DEBIAN/control
libconfig-1.8.1/contrib/ls-config/debian/ls-config/DEBIAN/md5sums
libconfig-1.8.1/contrib/ls-config/debian/ls-config/DEBIAN/postinst
libconfig-1.8.1/contrib/ls-config/debian/ls-config/usr/
libconfig-1.8.1/contrib/ls-config/debian/ls-config/usr/share/
libconfig-1.8.1/contrib/ls-config/debian/ls-config/usr/share/doc/
libconfig-1.8.1/contrib/ls-config/debian/ls-config/usr/share/doc/ls-config/
libconfig-1.8.1/contrib/ls-config/debian/ls-config/usr/share/doc/ls-config/changelog.gz
libconfig-1.8.1/contrib/ls-config/debian/ls-config/usr/share/doc/ls-config/copyright
libconfig-1.8.1/contrib/ls-config/debian/manpages
libconfig-1.8.1/contrib/ls-config/debian/postinst
libconfig-1.8.1/contrib/ls-config/debian/rules
libconfig-1.8.1/contrib/ls-config/debian/source/
libconfig-1.8.1/contrib/ls-config/debian/source/format
libconfig-1.8.1/contrib/ls-config/doc/
libconfig-1.8.1/contrib/ls-config/doc/bash.api.txt
libconfig-1.8.1/contrib/ls-config/doc/bin.api.txt
libconfig-1.8.1/contrib/ls-config/doc/changlog.txt
libconfig-1.8.1/contrib/ls-config/doc/errorcodes.txt
libconfig-1.8.1/contrib/ls-config/lslib-core
libconfig-1.8.1/contrib/ls-config/makefile
libconfig-1.8.1/contrib/ls-config/sample/
libconfig-1.8.1/contrib/ls-config/sample/config
libconfig-1.8.1/contrib/ls-config/sample/script
libconfig-1.8.1/contrib/ls-config/src/
libconfig-1.8.1/contrib/ls-config/src/ls-config.c
libconfig-1.8.1/contrib/ls-config/src/makefile
libconfig-1.8.1/contrib/ls-config/src/po/
libconfig-1.8.1/contrib/ls-config/src/po/en_GB.po
libconfig-1.8.1/contrib/ls-config/src/po/ls-config.pot
libconfig-1.8.1/contrib/ls-config/src/po/makefile
libconfig-1.8.1/contrib/ls-config/src/po/pl_PL.po
libconfig-1.8.1/debian/
libconfig-1.8.1/debian/changelog
libconfig-1.8.1/debian/compat
libconfig-1.8.1/debian/control
libconfig-1.8.1/debian/copyright
libconfig-1.8.1/debian/dirs
libconfig-1.8.1/debian/docs
libconfig-1.8.1/debian/libconfig++-dev.examples
libconfig-1.8.1/debian/libconfig++-dev.install
libconfig-1.8.1/debian/libconfig++9-dev.install
libconfig-1.8.1/debian/libconfig++9.install
libconfig-1.8.1/debian/libconfig++9v5.install
libconfig-1.8.1/debian/libconfig-dev.examples
libconfig-1.8.1/debian/libconfig-dev.info
libconfig-1.8.1/debian/libconfig-dev.install
libconfig-1.8.1/debian/libconfig-doc.doc-base
libconfig-1.8.1/debian/libconfig-doc.docs
libconfig-1.8.1/debian/libconfig9-dev.docs
libconfig-1.8.1/debian/libconfig9-dev.install
libconfig-1.8.1/debian/libconfig9.info
libconfig-1.8.1/debian/libconfig9.install
libconfig-1.8.1/debian/rules
libconfig-1.8.1/debian/shlibs
libconfig-1.8.1/debian/source/
libconfig-1.8.1/debian/source/format
libconfig-1.8.1/debian/watch
libconfig-1.8.1/doc/
libconfig-1.8.1/doc/LGPL.texi
libconfig-1.8.1/doc/Makefile.am
libconfig-1.8.1/doc/libconfig.texi
libconfig-1.8.1/docs/
libconfig-1.8.1/docs/_config.yml
libconfig-1.8.1/docs/dist/
libconfig-1.8.1/docs/dist/libconfig-1.8.tar.gz
libconfig-1.8.1/docs/index.md
libconfig-1.8.1/docs/libconfig_manual.html
libconfig-1.8.1/docs/libconfig_manual.pdf
libconfig-1.8.1/docs/test.cfg.txt
libconfig-1.8.1/examples/
libconfig-1.8.1/examples/CMakeLists.txt
libconfig-1.8.1/examples/Makefile.am
libconfig-1.8.1/examples/c++/
libconfig-1.8.1/examples/c++/CMakeLists.txt
libconfig-1.8.1/examples/c++/Makefile.am
libconfig-1.8.1/examples/c++/cxx_example1.vcproj
libconfig-1.8.1/examples/c++/cxx_example1.vcxproj
libconfig-1.8.1/examples/c++/cxx_example1.vcxproj.filters
libconfig-1.8.1/examples/c++/cxx_example2.vcproj
libconfig-1.8.1/examples/c++/cxx_example2.vcxproj
libconfig-1.8.1/examples/c++/cxx_example2.vcxproj.filters
libconfig-1.8.1/examples/c++/cxx_example3.vcproj
libconfig-1.8.1/examples/c++/cxx_example3.vcxproj
libconfig-1.8.1/examples/c++/cxx_example3.vcxproj.filters
libconfig-1.8.1/examples/c++/cxx_example4.vcproj
libconfig-1.8.1/examples/c++/cxx_example4.vcxproj
libconfig-1.8.1/examples/c++/cxx_example4.vcxproj.filters
libconfig-1.8.1/examples/c++/example.cfg
libconfig-1.8.1/examples/c++/example1.cpp
libconfig-1.8.1/examples/c++/example2.cpp
libconfig-1.8.1/examples/c++/example3.cpp
libconfig-1.8.1/examples/c++/example4.cpp
libconfig-1.8.1/examples/c++/invalid.cfg
libconfig-1.8.1/examples/c/
libconfig-1.8.1/examples/c/CMakeLists.txt
libconfig-1.8.1/examples/c/Makefile.am
libconfig-1.8.1/examples/c/cfg_includes/
libconfig-1.8.1/examples/c/cfg_includes/book1.cfg
libconfig-1.8.1/examples/c/cfg_includes/book2.cfg
libconfig-1.8.1/examples/c/cfg_includes/book3.cfg
libconfig-1.8.1/examples/c/cfg_includes/book4.cfg
libconfig-1.8.1/examples/c/cfg_includes/cfg_subincludes/
libconfig-1.8.1/examples/c/cfg_includes/cfg_subincludes/extra1.cfg
libconfig-1.8.1/examples/c/cfg_includes/cfg_subincludes/extra2.cfg
libconfig-1.8.1/examples/c/cfg_includes/other.cfg
libconfig-1.8.1/examples/c/example.cfg
libconfig-1.8.1/examples/c/example1.c
libconfig-1.8.1/examples/c/example1.vcproj
libconfig-1.8.1/examples/c/example1.vcxproj
libconfig-1.8.1/examples/c/example1.vcxproj.filters
libconfig-1.8.1/examples/c/example2.c
libconfig-1.8.1/examples/c/example2.vcproj
libconfig-1.8.1/examples/c/example2.vcxproj
libconfig-1.8.1/examples/c/example2.vcxproj.filters
libconfig-1.8.1/examples/c/example3.c
libconfig-1.8.1/examples/c/example3.vcproj
libconfig-1.8.1/examples/c/example3.vcxproj
libconfig-1.8.1/examples/c/example3.vcxproj.filters
libconfig-1.8.1/examples/c/example4.c
libconfig-1.8.1/examples/c/example4.cfg
libconfig-1.8.1/examples/c/pathbuf.c
libconfig-1.8.1/examples/c/pathbuf.h
libconfig-1.8.1/fuzz/
libconfig-1.8.1/fuzz/CMakeLists.txt
libconfig-1.8.1/fuzz/build.sh
libconfig-1.8.1/fuzz/corpus/
libconfig-1.8.1/fuzz/corpus/seed
libconfig-1.8.1/fuzz/fuzz_config_read.c
libconfig-1.8.1/fuzz/fuzz_data.c
libconfig-1.8.1/fuzz/fuzz_data.h
libconfig-1.8.1/lib/
libconfig-1.8.1/lib/CMakeLists.txt
libconfig-1.8.1/lib/Makefile.am
libconfig-1.8.1/lib/grammar.c
libconfig-1.8.1/lib/grammar.h
libconfig-1.8.1/lib/grammar.y
libconfig-1.8.1/lib/libconfig++.pc.cmake.in
libconfig-1.8.1/lib/libconfig++.pc.in
libconfig-1.8.1/lib/libconfig++.vcproj
libconfig-1.8.1/lib/libconfig++.vcxproj
libconfig-1.8.1/lib/libconfig++.vcxproj.filters
libconfig-1.8.1/lib/libconfig++Config.cmake.in
libconfig-1.8.1/lib/libconfig.c
libconfig-1.8.1/lib/libconfig.h
libconfig-1.8.1/lib/libconfig.h++
libconfig-1.8.1/lib/libconfig.hh
libconfig-1.8.1/lib/libconfig.pc.cmake.in
libconfig-1.8.1/lib/libconfig.pc.in
libconfig-1.8.1/lib/libconfig.vcproj
libconfig-1.8.1/lib/libconfig.vcxproj
libconfig-1.8.1/lib/libconfig.vcxproj.filters
libconfig-1.8.1/lib/libconfigConfig.cmake.in
libconfig-1.8.1/lib/libconfigcpp.c++
libconfig-1.8.1/lib/libconfigcpp.cc
libconfig-1.8.1/lib/parsectx.h
libconfig-1.8.1/lib/scanctx.c
libconfig-1.8.1/lib/scanctx.h
libconfig-1.8.1/lib/scanner.c
libconfig-1.8.1/lib/scanner.h
libconfig-1.8.1/lib/scanner.l
libconfig-1.8.1/lib/strbuf.c
libconfig-1.8.1/lib/strbuf.h
libconfig-1.8.1/lib/strvec.c
libconfig-1.8.1/lib/strvec.h
libconfig-1.8.1/lib/util.c
libconfig-1.8.1/lib/util.h
libconfig-1.8.1/lib/win32/
libconfig-1.8.1/lib/win32/stdint.h
libconfig-1.8.1/lib/wincompat.c
libconfig-1.8.1/lib/wincompat.h
libconfig-1.8.1/libconfig.spec.in
libconfig-1.8.1/libconfig_vs2008.sln
libconfig-1.8.1/libconfig_vs2017.sln
libconfig-1.8.1/m4/
libconfig-1.8.1/m4/libtool.m4
libconfig-1.8.1/m4/ltoptions.m4
libconfig-1.8.1/m4/ltsugar.m4
libconfig-1.8.1/m4/ltversion.m4
libconfig-1.8.1/m4/lt~obsolete.m4
libconfig-1.8.1/test.cfg
libconfig-1.8.1/tests/
libconfig-1.8.1/tests/CMakeLists.txt
libconfig-1.8.1/tests/Makefile.am
libconfig-1.8.1/tests/testdata/
libconfig-1.8.1/tests/testdata/bad_input_0.cfg
libconfig-1.8.1/tests/testdata/bad_input_1.cfg
libconfig-1.8.1/tests/testdata/binhex.cfg
libconfig-1.8.1/tests/testdata/input_0.cfg
libconfig-1.8.1/tests/testdata/input_1.cfg
libconfig-1.8.1/tests/testdata/input_2.cfg
libconfig-1.8.1/tests/testdata/input_3.cfg
libconfig-1.8.1/tests/testdata/input_4.cfg
libconfig-1.8.1/tests/testdata/input_5.cfg
libconfig-1.8.1/tests/testdata/input_6.cfg
libconfig-1.8.1/tests/testdata/more.cfg
libconfig-1.8.1/tests/testdata/nesting.cfg
libconfig-1.8.1/tests/testdata/output_0.cfg
libconfig-1.8.1/tests/testdata/output_1.cfg
libconfig-1.8.1/tests/testdata/output_2.cfg
libconfig-1.8.1/tests/testdata/output_3.cfg
libconfig-1.8.1/tests/testdata/output_4.cfg
libconfig-1.8.1/tests/testdata/output_5.cfg
libconfig-1.8.1/tests/testdata/output_6.cfg
libconfig-1.8.1/tests/testdata/override_setting.cfg
libconfig-1.8.1/tests/testdata/parse_error_0.txt
libconfig-1.8.1/tests/testdata/parse_error_1.txt
libconfig-1.8.1/tests/testdata/strings.cfg
libconfig-1.8.1/tests/tests.c
libconfig-1.8.1/tests/tests.vcproj
libconfig-1.8.1/tests/tests.vcxproj
libconfig-1.8.1/tests/tests.vcxproj.filters
libconfig-1.8.1/tinytest/
libconfig-1.8.1/tinytest/CMakeLists.txt
libconfig-1.8.1/tinytest/Makefile.am
libconfig-1.8.1/tinytest/tinytest.c
libconfig-1.8.1/tinytest/tinytest.h
libconfig-1.8.1/tinytest/tinytest.vcproj
libconfig-1.8.1/tinytest/tinytest.vcxproj
libconfig-1.8.1/tinytest/tinytest.vcxproj.filters
autoreconf: export WARNINGS=
autoreconf: Entering directory '.'
autoreconf: configure.ac: not using Gettext
autoreconf: running: aclocal --force -I m4
autoreconf: configure.ac: tracing
autoreconf: running: libtoolize --copy --force
libtoolize: putting auxiliary files in AC_CONFIG_AUX_DIR, 'aux-build'.
libtoolize: copying file 'aux-build/ltmain.sh'
libtoolize: putting macros in AC_CONFIG_MACRO_DIRS, 'm4'.
libtoolize: copying file 'm4/libtool.m4'
libtoolize: copying file 'm4/ltoptions.m4'
libtoolize: copying file 'm4/ltsugar.m4'
libtoolize: copying file 'm4/ltversion.m4'
libtoolize: copying file 'm4/lt~obsolete.m4'
autoreconf: configure.ac: not using Intltool
autoreconf: configure.ac: not using Gtkdoc
autoreconf: running: aclocal --force -I m4
autoreconf: running: /usr/bin/autoconf --force
autoreconf: running: /usr/bin/autoheader --force
autoreconf: running: automake --add-missing --copy --force-missing
configure.ac:18: installing 'aux-build/compile'
configure.ac:7: installing 'aux-build/missing'
examples/c++/Makefile.am: installing 'aux-build/depcomp'
autoreconf: Leaving directory '.'
checking build system type... x86_64-pc-linux-gnu
checking host system type... x86_64-pc-linux-gnu
checking target system type... x86_64-pc-linux-gnu
checking for a BSD-compatible install... /usr/bin/install -c
checking whether sleep supports fractional seconds... yes
checking filesystem timestamp resolution... 0.01
checking whether build environment is sane... yes
checking for a race-free mkdir -p... /usr/bin/mkdir -p
checking for gawk... gawk
checking whether make sets $(MAKE)... yes
checking whether make supports nested variables... yes
checking xargs -n works... yes
checking whether UID '0' is supported by ustar format... yes
checking whether GID '0' is supported by ustar format... yes
checking how to create a ustar tar archive... gnutar
configure: libconfig - made with pride in Colorado
checking whether make supports the include directive... yes (GNU style)
checking for gcc... gcc
checking whether the C compiler works... yes
checking for C compiler default output file name... a.out
checking for suffix of executables... 
checking whether we are cross compiling... no
checking for suffix of object files... o
checking whether the compiler supports GNU C... yes
checking whether gcc accepts -g... yes
checking for gcc option to enable C11 features... none needed
checking whether gcc understands -c and -o together... yes
checking dependency style of gcc... gcc3
checking for stdio.h... yes
checking for stdlib.h... yes
checking for string.h... yes
checking for inttypes.h... yes
checking for stdint.h... yes
checking for strings.h... yes
checking for sys/stat.h... yes
checking for sys/types.h... yes
checking for unistd.h... yes
checking for wchar.h... yes
checking for minix/config.h... no
checking whether it is safe to define __EXTENSIONS__... yes
checking whether _XOPEN_SOURCE should be defined... no
checking how to print strings... printf
checking for a sed that does not truncate output... /usr/bin/sed
checking for grep that handles long lines and -e... /usr/bin/grep
checking for egrep... /usr/bin/grep -E
checking for fgrep... /usr/bin/grep -F
checking for ld used by gcc... /usr/bin/ld
checking if the linker (/usr/bin/ld) is GNU ld... yes
checking for BSD- or MS-compatible name lister (nm)... /usr/bin/nm -B
checking the name lister (/usr/bin/nm -B) interface... BSD nm
checking whether ln -s works... yes
checking the maximum length of command line arguments... 1572864
checking how to convert x86_64-pc-linux-gnu file names to x86_64-pc-linux-gnu format... func_convert_file_noop
checking how to convert x86_64-pc-linux-gnu file names to toolchain format... func_convert_file_noop
checking for /usr/bin/ld option to reload object files... -r
checking for file... file
checking for objdump... objdump
checking how to recognize dependent libraries... pass_all
checking for dlltool... no
checking how to associate runtime and link libraries... printf %s\n
checking for ranlib... ranlib
checking for ar... ar
checking for archiver @FILE support... @
checking for strip... strip
checking command to parse /usr/bin/nm -B output from gcc object... ok
checking for sysroot... no
checking for a working dd... /usr/bin/dd
checking how to truncate binary pipes... /usr/bin/dd bs=4096 count=1
checking for mt... mt
checking if mt is a manifest tool... no
checking for dlfcn.h... yes
checking for objdir... .libs
checking if gcc supports -fno-rtti -fno-exceptions... no
checking for gcc option to produce PIC... -fPIC -DPIC
checking if gcc PIC flag -fPIC -DPIC works... yes
checking if gcc static flag -static works... yes
checking if gcc supports -c -o file.o... yes
checking if gcc supports -c -o file.o... (cached) yes
checking whether the gcc linker (/usr/bin/ld -m elf_x86_64) supports shared libraries... yes
checking whether -lc should be explicitly linked in... no
checking dynamic linker characteristics... GNU/Linux ld.so
checking how to hardcode library paths into programs... immediate
checking whether stripping libraries is possible... yes
checking if libtool supports shared libraries... yes
checking whether to build shared libraries... yes
checking whether to build static libraries... yes
checking for gcc... (cached) gcc
checking whether the compiler supports GNU C... (cached) yes
checking whether gcc accepts -g... (cached) yes
checking for gcc option to enable C11 features... (cached) none needed
checking whether gcc understands -c and -o together... (cached) yes
checking dependency style of gcc... (cached) gcc3
checking for g++... g++
checking whether the compiler supports GNU C++... yes
checking whether g++ accepts -g... yes
checking for g++ option to enable C++11 features... none needed
checking dependency style of g++... gcc3
checking how to run the C++ preprocessor... g++ -E
checking for ld used by g++... /usr/bin/ld -m elf_x86_64
checking if the linker (/usr/bin/ld -m elf_x86_64) is GNU ld... yes
checking whether the g++ linker (/usr/bin/ld -m elf_x86_64) supports shared libraries... yes
checking for g++ option to produce PIC... -fPIC -DPIC
checking if g++ PIC flag -fPIC -DPIC works... yes
checking if g++ static flag -static works... yes
checking if g++ supports -c -o file.o... yes
checking if g++ supports -c -o file.o... (cached) yes
checking whether the g++ linker (/usr/bin/ld -m elf_x86_64) supports shared libraries... yes
checking dynamic linker characteristics... (cached) GNU/Linux ld.so
checking how to hardcode library paths into programs... immediate
checking for flex... flex
checking for lex output file root... lex.yy
checking for lex library... none needed
checking whether yytext is a pointer... yes
checking for bison... bison -y
checking for compiler switch to enable full C/C++ warnings... -Wall -Wshadow -Wextra -Wdeclaration-after-statement -Wno-unused-parameter, -Wall -Wshadow -Wextra -Wno-unused-parameter
checking for unistd.h... (cached) yes
checking for stdint.h... (cached) yes
checking for xlocale.h... no
checking for an ANSI C-conforming const... yes
checking for newlocale... yes
checking for uselocale... yes
checking for freelocale... yes
checking that generated files are newer than configure... done
configure: creating ./config.status
config.status: creating Makefile
config.status: creating lib/Makefile
config.status: creating lib/libconfig.pc
config.status: creating lib/libconfig++.pc
config.status: creating lib/libconfigConfig.cmake
config.status: creating lib/libconfig++Config.cmake
config.status: creating doc/Makefile
config.status: creating examples/Makefile
config.status: creating examples/c/Makefile
config.status: creating examples/c++/Makefile
config.status: creating tinytest/Makefile
config.status: creating tests/Makefile
config.status: creating libconfig.spec
config.status: creating ac_config.h
config.status: executing depfiles commands
config.status: executing libtool commands
make  all-recursive
make[1]: Entering directory '/blfs/builds/libconfig-1.8.1'
Making all in lib
make[2]: Entering directory '/blfs/builds/libconfig-1.8.1/lib'
make  all-am
make[3]: Entering directory '/blfs/builds/libconfig-1.8.1/lib'
  CC       libconfig_la-grammar.lo
  CC       libconfig_la-libconfig.lo
  CC       libconfig_la-scanctx.lo
  CC       libconfig_la-scanner.lo
  CC       libconfig_la-strbuf.lo
  CC       libconfig_la-strvec.lo
  CC       libconfig_la-util.lo
  CC       libconfig_la-wincompat.lo
  CC       libconfig___la-grammar.lo
  CC       libconfig___la-libconfig.lo
  CC       libconfig___la-scanctx.lo
  CC       libconfig___la-scanner.lo
  CC       libconfig___la-strbuf.lo
  CC       libconfig___la-strvec.lo
  CC       libconfig___la-util.lo
  CC       libconfig___la-wincompat.lo
  CXX      libconfig___la-libconfigcpp.lo
  CCLD     libconfig.la
  CXXLD    libconfig++.la
make[3]: Leaving directory '/blfs/builds/libconfig-1.8.1/lib'
make[2]: Leaving directory '/blfs/builds/libconfig-1.8.1/lib'
Making all in doc
make[2]: Entering directory '/blfs/builds/libconfig-1.8.1/doc'
  MAKEINFO libconfig.info
LGPL.texi:6: warning: @setfilename after the first element
make[2]: Leaving directory '/blfs/builds/libconfig-1.8.1/doc'
Making all in examples
make[2]: Entering directory '/blfs/builds/libconfig-1.8.1/examples'
Making all in c
make[3]: Entering directory '/blfs/builds/libconfig-1.8.1/examples/c'
  CC       example1.o
  CC       example2.o
  CC       example3.o
  CC       example4.o
  CC       pathbuf.o
  CCLD     example3
  CCLD     example2
  CCLD     example1
  CCLD     example4
make[3]: Leaving directory '/blfs/builds/libconfig-1.8.1/examples/c'
Making all in c++
make[3]: Entering directory '/blfs/builds/libconfig-1.8.1/examples/c++'
  CXX      example1.o
  CXX      example2.o
  CXX      example3.o
  CXX      example4.o
  CXXLD    example4
  CXXLD    example3
  CXXLD    example2
  CXXLD    example1
make[3]: Leaving directory '/blfs/builds/libconfig-1.8.1/examples/c++'
make[3]: Entering directory '/blfs/builds/libconfig-1.8.1/examples'
make[3]: Nothing to be done for 'all-am'.
make[3]: Leaving directory '/blfs/builds/libconfig-1.8.1/examples'
make[2]: Leaving directory '/blfs/builds/libconfig-1.8.1/examples'
Making all in tinytest
make[2]: Entering directory '/blfs/builds/libconfig-1.8.1/tinytest'
  CC       tinytest.o
  AR       libtinytest.a
make[2]: Leaving directory '/blfs/builds/libconfig-1.8.1/tinytest'
Making all in tests
make[2]: Entering directory '/blfs/builds/libconfig-1.8.1/tests'
  CC       libconfig_tests-tests.o
  CCLD     libconfig_tests
make[2]: Leaving directory '/blfs/builds/libconfig-1.8.1/tests'
make[2]: Entering directory '/blfs/builds/libconfig-1.8.1'
make[2]: Leaving directory '/blfs/builds/libconfig-1.8.1'
make[1]: Leaving directory '/blfs/builds/libconfig-1.8.1'
Making install in lib
make[1]: Entering directory '/blfs/builds/libconfig-1.8.1/lib'
make  install-am
make[2]: Entering directory '/blfs/builds/libconfig-1.8.1/lib'
make[3]: Entering directory '/blfs/builds/libconfig-1.8.1/lib'
 /usr/bin/mkdir -p '/pkgs/libconfig/usr/lib'
 /bin/sh ../libtool   --mode=install /usr/bin/install -c   libconfig.la libconfig++.la '/pkgs/libconfig/usr/lib'
libtool: install: /usr/bin/install -c .libs/libconfig.so.15.0.0 /pkgs/libconfig/usr/lib/libconfig.so.15.0.0
libtool: install: (cd /pkgs/libconfig/usr/lib && { ln -s -f libconfig.so.15.0.0 libconfig.so.15 || { rm -f libconfig.so.15 && ln -s libconfig.so.15.0.0 libconfig.so.15; }; })
libtool: install: (cd /pkgs/libconfig/usr/lib && { ln -s -f libconfig.so.15.0.0 libconfig.so || { rm -f libconfig.so && ln -s libconfig.so.15.0.0 libconfig.so; }; })
libtool: install: /usr/bin/install -c .libs/libconfig.lai /pkgs/libconfig/usr/lib/libconfig.la
libtool: install: /usr/bin/install -c .libs/libconfig++.so.15.0.0 /pkgs/libconfig/usr/lib/libconfig++.so.15.0.0
libtool: install: (cd /pkgs/libconfig/usr/lib && { ln -s -f libconfig++.so.15.0.0 libconfig++.so.15 || { rm -f libconfig++.so.15 && ln -s libconfig++.so.15.0.0 libconfig++.so.15; }; })
libtool: install: (cd /pkgs/libconfig/usr/lib && { ln -s -f libconfig++.so.15.0.0 libconfig++.so || { rm -f libconfig++.so && ln -s libconfig++.so.15.0.0 libconfig++.so; }; })
libtool: install: /usr/bin/install -c .libs/libconfig++.lai /pkgs/libconfig/usr/lib/libconfig++.la
libtool: install: /usr/bin/install -c .libs/libconfig.a /pkgs/libconfig/usr/lib/libconfig.a
libtool: install: chmod 644 /pkgs/libconfig/usr/lib/libconfig.a
libtool: install: ranlib /pkgs/libconfig/usr/lib/libconfig.a
libtool: install: /usr/bin/install -c .libs/libconfig++.a /pkgs/libconfig/usr/lib/libconfig++.a
libtool: install: chmod 644 /pkgs/libconfig/usr/lib/libconfig++.a
libtool: install: ranlib /pkgs/libconfig/usr/lib/libconfig++.a
libtool: warning: remember to run 'libtool --finish /usr/lib'
 /usr/bin/mkdir -p '/pkgs/libconfig/usr/lib/cmake/libconfig'
 /usr/bin/install -c -m 644 libconfigConfig.cmake '/pkgs/libconfig/usr/lib/cmake/libconfig'
 /usr/bin/mkdir -p '/pkgs/libconfig/usr/lib/cmake/libconfig++'
 /usr/bin/install -c -m 644 libconfig++Config.cmake '/pkgs/libconfig/usr/lib/cmake/libconfig++'
 /usr/bin/mkdir -p '/pkgs/libconfig/usr/include'
 /usr/bin/install -c -m 644 libconfig.h libconfig.h++ '/pkgs/libconfig/usr/include'
 /usr/bin/mkdir -p '/pkgs/libconfig/usr/lib/pkgconfig'
 /usr/bin/install -c -m 644 libconfig.pc libconfig++.pc '/pkgs/libconfig/usr/lib/pkgconfig'
make[3]: Leaving directory '/blfs/builds/libconfig-1.8.1/lib'
make[2]: Leaving directory '/blfs/builds/libconfig-1.8.1/lib'
make[1]: Leaving directory '/blfs/builds/libconfig-1.8.1/lib'
Making install in doc
make[1]: Entering directory '/blfs/builds/libconfig-1.8.1/doc'
make[2]: Entering directory '/blfs/builds/libconfig-1.8.1/doc'
make[2]: Nothing to be done for 'install-exec-am'.
 /usr/bin/mkdir -p '/pkgs/libconfig/usr/share/info'
 /usr/bin/install -c -m 644 ./libconfig.info '/pkgs/libconfig/usr/share/info'
 install-info --info-dir='/pkgs/libconfig/usr/share/info' '/pkgs/libconfig/usr/share/info/libconfig.info'
make[2]: Leaving directory '/blfs/builds/libconfig-1.8.1/doc'
make[1]: Leaving directory '/blfs/builds/libconfig-1.8.1/doc'
Making install in examples
make[1]: Entering directory '/blfs/builds/libconfig-1.8.1/examples'
Making install in c
make[2]: Entering directory '/blfs/builds/libconfig-1.8.1/examples/c'
make[3]: Entering directory '/blfs/builds/libconfig-1.8.1/examples/c'
make[3]: Nothing to be done for 'install-exec-am'.
make[3]: Nothing to be done for 'install-data-am'.
make[3]: Leaving directory '/blfs/builds/libconfig-1.8.1/examples/c'
make[2]: Leaving directory '/blfs/builds/libconfig-1.8.1/examples/c'
Making install in c++
make[2]: Entering directory '/blfs/builds/libconfig-1.8.1/examples/c++'
make[3]: Entering directory '/blfs/builds/libconfig-1.8.1/examples/c++'
make[3]: Nothing to be done for 'install-exec-am'.
make[3]: Nothing to be done for 'install-data-am'.
make[3]: Leaving directory '/blfs/builds/libconfig-1.8.1/examples/c++'
make[2]: Leaving directory '/blfs/builds/libconfig-1.8.1/examples/c++'
make[2]: Entering directory '/blfs/builds/libconfig-1.8.1/examples'
make[3]: Entering directory '/blfs/builds/libconfig-1.8.1/examples'
make[3]: Nothing to be done for 'install-exec-am'.
make[3]: Nothing to be done for 'install-data-am'.
make[3]: Leaving directory '/blfs/builds/libconfig-1.8.1/examples'
make[2]: Leaving directory '/blfs/builds/libconfig-1.8.1/examples'
make[1]: Leaving directory '/blfs/builds/libconfig-1.8.1/examples'
Making install in tinytest
make[1]: Entering directory '/blfs/builds/libconfig-1.8.1/tinytest'
make[2]: Entering directory '/blfs/builds/libconfig-1.8.1/tinytest'
make[2]: Nothing to be done for 'install-exec-am'.
make[2]: Nothing to be done for 'install-data-am'.
make[2]: Leaving directory '/blfs/builds/libconfig-1.8.1/tinytest'
make[1]: Leaving directory '/blfs/builds/libconfig-1.8.1/tinytest'
Making install in tests
make[1]: Entering directory '/blfs/builds/libconfig-1.8.1/tests'
make[2]: Entering directory '/blfs/builds/libconfig-1.8.1/tests'
make[2]: Nothing to be done for 'install-exec-am'.
make[2]: Nothing to be done for 'install-data-am'.
make[2]: Leaving directory '/blfs/builds/libconfig-1.8.1/tests'
make[1]: Leaving directory '/blfs/builds/libconfig-1.8.1/tests'
make[1]: Entering directory '/blfs/builds/libconfig-1.8.1'
make[2]: Entering directory '/blfs/builds/libconfig-1.8.1'
make[2]: Nothing to be done for 'install-exec-am'.
make[2]: Nothing to be done for 'install-data-am'.
make[2]: Leaving directory '/blfs/builds/libconfig-1.8.1'
make[1]: Leaving directory '/blfs/builds/libconfig-1.8.1'
Making install in lib
make[1]: Entering directory '/blfs/builds/libconfig-1.8.1/lib'
make  install-am
make[2]: Entering directory '/blfs/builds/libconfig-1.8.1/lib'
make[3]: Entering directory '/blfs/builds/libconfig-1.8.1/lib'
 /usr/bin/mkdir -p '/usr/lib'
 /bin/sh ../libtool   --mode=install /usr/bin/install -c   libconfig.la libconfig++.la '/usr/lib'
libtool: install: /usr/bin/install -c .libs/libconfig.so.15.0.0 /usr/lib/libconfig.so.15.0.0
libtool: install: (cd /usr/lib && { ln -s -f libconfig.so.15.0.0 libconfig.so.15 || { rm -f libconfig.so.15 && ln -s libconfig.so.15.0.0 libconfig.so.15; }; })
libtool: install: (cd /usr/lib && { ln -s -f libconfig.so.15.0.0 libconfig.so || { rm -f libconfig.so && ln -s libconfig.so.15.0.0 libconfig.so; }; })
libtool: install: /usr/bin/install -c .libs/libconfig.lai /usr/lib/libconfig.la
libtool: install: /usr/bin/install -c .libs/libconfig++.so.15.0.0 /usr/lib/libconfig++.so.15.0.0
libtool: install: (cd /usr/lib && { ln -s -f libconfig++.so.15.0.0 libconfig++.so.15 || { rm -f libconfig++.so.15 && ln -s libconfig++.so.15.0.0 libconfig++.so.15; }; })
libtool: install: (cd /usr/lib && { ln -s -f libconfig++.so.15.0.0 libconfig++.so || { rm -f libconfig++.so && ln -s libconfig++.so.15.0.0 libconfig++.so; }; })
libtool: install: /usr/bin/install -c .libs/libconfig++.lai /usr/lib/libconfig++.la
libtool: install: /usr/bin/install -c .libs/libconfig.a /usr/lib/libconfig.a
libtool: install: chmod 644 /usr/lib/libconfig.a
libtool: install: ranlib /usr/lib/libconfig.a
libtool: install: /usr/bin/install -c .libs/libconfig++.a /usr/lib/libconfig++.a
libtool: install: chmod 644 /usr/lib/libconfig++.a
libtool: install: ranlib /usr/lib/libconfig++.a
libtool: finish: PATH="/usr/sbin:/usr/bin:/sbin" ldconfig -n /usr/lib
----------------------------------------------------------------------
Libraries have been installed in:
   /usr/lib

If you ever happen to want to link against installed libraries
in a given directory, LIBDIR, you must either use libtool, and
specify the full pathname of the library, or use the '-LLIBDIR'
flag during linking and do at least one of the following:
   - add LIBDIR to the 'LD_LIBRARY_PATH' environment variable
     during execution
   - add LIBDIR to the 'LD_RUN_PATH' environment variable
     during linking
   - use the '-Wl,-rpath -Wl,LIBDIR' linker flag
   - have your system administrator add LIBDIR to '/etc/ld.so.conf'

See any operating system documentation about shared libraries for
more information, such as the ld(1) and ld.so(8) manual pages.
----------------------------------------------------------------------
 /usr/bin/mkdir -p '/usr/lib/cmake/libconfig'
 /usr/bin/install -c -m 644 libconfigConfig.cmake '/usr/lib/cmake/libconfig'
 /usr/bin/mkdir -p '/usr/lib/cmake/libconfig++'
 /usr/bin/install -c -m 644 libconfig++Config.cmake '/usr/lib/cmake/libconfig++'
 /usr/bin/mkdir -p '/usr/include'
 /usr/bin/install -c -m 644 libconfig.h libconfig.h++ '/usr/include'
 /usr/bin/mkdir -p '/usr/lib/pkgconfig'
 /usr/bin/install -c -m 644 libconfig.pc libconfig++.pc '/usr/lib/pkgconfig'
make[3]: Leaving directory '/blfs/builds/libconfig-1.8.1/lib'
make[2]: Leaving directory '/blfs/builds/libconfig-1.8.1/lib'
make[1]: Leaving directory '/blfs/builds/libconfig-1.8.1/lib'
Making install in doc
make[1]: Entering directory '/blfs/builds/libconfig-1.8.1/doc'
make[2]: Entering directory '/blfs/builds/libconfig-1.8.1/doc'
make[2]: Nothing to be done for 'install-exec-am'.
 /usr/bin/mkdir -p '/usr/share/info'
 /usr/bin/install -c -m 644 ./libconfig.info '/usr/share/info'
 install-info --info-dir='/usr/share/info' '/usr/share/info/libconfig.info'
make[2]: Leaving directory '/blfs/builds/libconfig-1.8.1/doc'
make[1]: Leaving directory '/blfs/builds/libconfig-1.8.1/doc'
Making install in examples
make[1]: Entering directory '/blfs/builds/libconfig-1.8.1/examples'
Making install in c
make[2]: Entering directory '/blfs/builds/libconfig-1.8.1/examples/c'
make[3]: Entering directory '/blfs/builds/libconfig-1.8.1/examples/c'
make[3]: Nothing to be done for 'install-exec-am'.
make[3]: Nothing to be done for 'install-data-am'.
make[3]: Leaving directory '/blfs/builds/libconfig-1.8.1/examples/c'
make[2]: Leaving directory '/blfs/builds/libconfig-1.8.1/examples/c'
Making install in c++
make[2]: Entering directory '/blfs/builds/libconfig-1.8.1/examples/c++'
make[3]: Entering directory '/blfs/builds/libconfig-1.8.1/examples/c++'
make[3]: Nothing to be done for 'install-exec-am'.
make[3]: Nothing to be done for 'install-data-am'.
make[3]: Leaving directory '/blfs/builds/libconfig-1.8.1/examples/c++'
make[2]: Leaving directory '/blfs/builds/libconfig-1.8.1/examples/c++'
make[2]: Entering directory '/blfs/builds/libconfig-1.8.1/examples'
make[3]: Entering directory '/blfs/builds/libconfig-1.8.1/examples'
make[3]: Nothing to be done for 'install-exec-am'.
make[3]: Nothing to be done for 'install-data-am'.
make[3]: Leaving directory '/blfs/builds/libconfig-1.8.1/examples'
make[2]: Leaving directory '/blfs/builds/libconfig-1.8.1/examples'
make[1]: Leaving directory '/blfs/builds/libconfig-1.8.1/examples'
Making install in tinytest
make[1]: Entering directory '/blfs/builds/libconfig-1.8.1/tinytest'
make[2]: Entering directory '/blfs/builds/libconfig-1.8.1/tinytest'
make[2]: Nothing to be done for 'install-exec-am'.
make[2]: Nothing to be done for 'install-data-am'.
make[2]: Leaving directory '/blfs/builds/libconfig-1.8.1/tinytest'
make[1]: Leaving directory '/blfs/builds/libconfig-1.8.1/tinytest'
Making install in tests
make[1]: Entering directory '/blfs/builds/libconfig-1.8.1/tests'
make[2]: Entering directory '/blfs/builds/libconfig-1.8.1/tests'
make[2]: Nothing to be done for 'install-exec-am'.
make[2]: Nothing to be done for 'install-data-am'.
make[2]: Leaving directory '/blfs/builds/libconfig-1.8.1/tests'
make[1]: Leaving directory '/blfs/builds/libconfig-1.8.1/tests'
make[1]: Entering directory '/blfs/builds/libconfig-1.8.1'
make[2]: Entering directory '/blfs/builds/libconfig-1.8.1'
make[2]: Nothing to be done for 'install-exec-am'.
make[2]: Nothing to be done for 'install-data-am'.
make[2]: Leaving directory '/blfs/builds/libconfig-1.8.1'
make[1]: Leaving directory '/blfs/builds/libconfig-1.8.1'
libconfig/
libconfig/usr/
libconfig/usr/share/
libconfig/usr/share/info/
libconfig/usr/share/info/libconfig.info
libconfig/usr/share/info/dir
libconfig/usr/lib/
libconfig/usr/lib/libconfig++.so
libconfig/usr/lib/libconfig.so.15.0.0
libconfig/usr/lib/cmake/
libconfig/usr/lib/cmake/libconfig++/
libconfig/usr/lib/cmake/libconfig++/libconfig++Config.cmake
libconfig/usr/lib/cmake/libconfig/
libconfig/usr/lib/cmake/libconfig/libconfigConfig.cmake
libconfig/usr/lib/libconfig.so.15
libconfig/usr/lib/libconfig.la
libconfig/usr/lib/libconfig++.a
libconfig/usr/lib/pkgconfig/
libconfig/usr/lib/pkgconfig/libconfig++.pc
libconfig/usr/lib/pkgconfig/libconfig.pc
libconfig/usr/lib/libconfig.so
libconfig/usr/lib/libconfig.a
libconfig/usr/lib/libconfig++.so.15
libconfig/usr/lib/libconfig++.so.15.0.0
libconfig/usr/lib/libconfig++.la
libconfig/usr/include/
libconfig/usr/include/libconfig.h++
libconfig/usr/include/libconfig.h
libconfig/version
libconfig/depends
libconfig/make-depends
