--2025-06-07 20:00:19--  https://github.com/libusb/libusb/releases/download/v1.0.29/libusb-1.0.29.tar.bz2
Resolving github.com (github.com)... 140.82.112.4
Connecting to github.com (github.com)|140.82.112.4|:443... connected.
HTTP request sent, awaiting response... 302 Found
Location: https://objects.githubusercontent.com/github-production-release-asset-2e65be/15120676/3b16c130-1d41-4f16-af80-d66bf9e89c9d?X-Amz-Algorithm=AWS4-HMAC-SHA256&X-Amz-Credential=releaseassetproduction%2F20250607%2Fus-east-1%2Fs3%2Faws4_request&X-Amz-Date=20250607T200019Z&X-Amz-Expires=300&X-Amz-Signature=a433d365ba004e57f013b710f07e2e530b20ab2d07e84350587e53d0ea99728d&X-Amz-SignedHeaders=host&response-content-disposition=attachment%3B%20filename%3Dlibusb-1.0.29.tar.bz2&response-content-type=application%2Foctet-stream [following]
--2025-06-07 20:00:19--  https://objects.githubusercontent.com/github-production-release-asset-2e65be/15120676/3b16c130-1d41-4f16-af80-d66bf9e89c9d?X-Amz-Algorithm=AWS4-HMAC-SHA256&X-Amz-Credential=releaseassetproduction%2F20250607%2Fus-east-1%2Fs3%2Faws4_request&X-Amz-Date=20250607T200019Z&X-Amz-Expires=300&X-Amz-Signature=a433d365ba004e57f013b710f07e2e530b20ab2d07e84350587e53d0ea99728d&X-Amz-SignedHeaders=host&response-content-disposition=attachment%3B%20filename%3Dlibusb-1.0.29.tar.bz2&response-content-type=application%2Foctet-stream
Resolving objects.githubusercontent.com (objects.githubusercontent.com)... 185.199.110.133, 185.199.108.133, 185.199.109.133, ...
Connecting to objects.githubusercontent.com (objects.githubusercontent.com)|185.199.110.133|:443... connected.
HTTP request sent, awaiting response... 200 OK
Length: 645381 (630K) [application/octet-stream]
Saving to: 'libusb-1.0.29.tar.bz2'

     0K .......... .......... .......... .......... ..........  7% 5.40M 0s
    50K .......... .......... .......... .......... .......... 15% 21.1M 0s
   100K .......... .......... .......... .......... .......... 23% 9.23M 0s
   150K .......... .......... .......... .......... .......... 31% 38.7M 0s
   200K .......... .......... .......... .......... .......... 39% 49.6M 0s
   250K .......... .......... .......... .......... .......... 47% 70.5M 0s
   300K .......... .......... .......... .......... .......... 55% 46.8M 0s
   350K .......... .......... .......... .......... .......... 63% 84.7M 0s
   400K .......... .......... .......... .......... .......... 71% 13.5M 0s
   450K .......... .......... .......... .......... .......... 79%  102M 0s
   500K .......... .......... .......... .......... .......... 87%  103M 0s
   550K .......... .......... .......... .......... .......... 95%  117M 0s
   600K .......... .......... ..........                      100%  130M=0.03s

2025-06-07 20:00:20 (23.3 MB/s) - 'libusb-1.0.29.tar.bz2' saved [645381/645381]

libusb-1.0.29/
libusb-1.0.29/libusb-1.0.pc.in
libusb-1.0.29/libusb/
libusb-1.0.29/libusb/Makefile.in
libusb-1.0.29/libusb/Makefile.am.extra
libusb-1.0.29/libusb/io.c
libusb-1.0.29/libusb/os/
libusb-1.0.29/libusb/os/events_posix.h
libusb-1.0.29/libusb/os/threads_posix.c
libusb-1.0.29/libusb/os/linux_usbfs.c
libusb-1.0.29/libusb/os/windows_common.c
libusb-1.0.29/libusb/os/emscripten_webusb.cpp
libusb-1.0.29/libusb/os/openbsd_usb.c
libusb-1.0.29/libusb/os/haiku_usb_backend.cpp
libusb-1.0.29/libusb/os/threads_windows.h
libusb-1.0.29/libusb/os/events_windows.c
libusb-1.0.29/libusb/os/windows_common.h
libusb-1.0.29/libusb/os/threads_windows.c
libusb-1.0.29/libusb/os/darwin_usb.c
libusb-1.0.29/libusb/os/events_posix.c
libusb-1.0.29/libusb/os/sunos_usb.h
libusb-1.0.29/libusb/os/netbsd_usb.c
libusb-1.0.29/libusb/os/null_usb.c
libusb-1.0.29/libusb/os/haiku_usb_raw.h
libusb-1.0.29/libusb/os/haiku_pollfs.cpp
libusb-1.0.29/libusb/os/haiku_usb.h
libusb-1.0.29/libusb/os/haiku_usb_raw.cpp
libusb-1.0.29/libusb/os/linux_udev.c
libusb-1.0.29/libusb/os/events_windows.h
libusb-1.0.29/libusb/os/sunos_usb.c
libusb-1.0.29/libusb/os/threads_posix.h
libusb-1.0.29/libusb/os/windows_usbdk.h
libusb-1.0.29/libusb/os/windows_winusb.c
libusb-1.0.29/libusb/os/windows_usbdk.c
libusb-1.0.29/libusb/os/linux_usbfs.h
libusb-1.0.29/libusb/os/linux_netlink.c
libusb-1.0.29/libusb/os/darwin_usb.h
libusb-1.0.29/libusb/os/windows_winusb.h
libusb-1.0.29/libusb/sync.c
libusb-1.0.29/libusb/libusb.h
libusb-1.0.29/libusb/version_nano.h
libusb-1.0.29/libusb/libusbi.h
libusb-1.0.29/libusb/strerror.c
libusb-1.0.29/libusb/libusb-1.0.def
libusb-1.0.29/libusb/Makefile.am
libusb-1.0.29/libusb/hotplug.c
libusb-1.0.29/libusb/core.c
libusb-1.0.29/libusb/libusb-1.0.rc
libusb-1.0.29/libusb/version.h
libusb-1.0.29/libusb/descriptor.c
libusb-1.0.29/compile
libusb-1.0.29/Xcode/
libusb-1.0.29/Xcode/debug.xcconfig
libusb-1.0.29/Xcode/libusb.xcodeproj/
libusb-1.0.29/Xcode/libusb.xcodeproj/project.pbxproj
libusb-1.0.29/Xcode/release.xcconfig
libusb-1.0.29/Xcode/libusb_debug.xcconfig
libusb-1.0.29/Xcode/libusb_release.xcconfig
libusb-1.0.29/Xcode/libusb.xcconfig
libusb-1.0.29/Xcode/common.xcconfig
libusb-1.0.29/Xcode/config.h
libusb-1.0.29/config.sub
libusb-1.0.29/examples/
libusb-1.0.29/examples/testlibusb.c
libusb-1.0.29/examples/Makefile.in
libusb-1.0.29/examples/ezusb.h
libusb-1.0.29/examples/hotplugtest.c
libusb-1.0.29/examples/sam3u_benchmark.c
libusb-1.0.29/examples/listdevs.c
libusb-1.0.29/examples/Makefile.am
libusb-1.0.29/examples/xusb.c
libusb-1.0.29/examples/ezusb.c
libusb-1.0.29/examples/dpfp.c
libusb-1.0.29/examples/fxload.c
libusb-1.0.29/PORTING
libusb-1.0.29/install-sh
libusb-1.0.29/Makefile.in
libusb-1.0.29/tests/
libusb-1.0.29/tests/stress_mt.c
libusb-1.0.29/tests/set_option.c
libusb-1.0.29/tests/stress.c
libusb-1.0.29/tests/Makefile.in
libusb-1.0.29/tests/testlib.c
libusb-1.0.29/tests/Makefile.am
libusb-1.0.29/tests/libusb_testlib.h
libusb-1.0.29/tests/macos.c
libusb-1.0.29/tests/init_context.c
libusb-1.0.29/tests/umockdev.c
libusb-1.0.29/ltmain.sh
libusb-1.0.29/ChangeLog
libusb-1.0.29/INSTALL
libusb-1.0.29/COPYING
libusb-1.0.29/msvc/
libusb-1.0.29/msvc/build_all.ps1
libusb-1.0.29/msvc/stress.vcxproj
libusb-1.0.29/msvc/stress_mt.vcxproj
libusb-1.0.29/msvc/libusb.sln
libusb-1.0.29/msvc/getopt/
libusb-1.0.29/msvc/getopt/getopt1.c
libusb-1.0.29/msvc/getopt/getopt.c
libusb-1.0.29/msvc/getopt/getopt.h
libusb-1.0.29/msvc/init_context.vcxproj
libusb-1.0.29/msvc/listdevs.vcxproj
libusb-1.0.29/msvc/Configuration.DynamicLibrary.props
libusb-1.0.29/msvc/testlibusb.vcxproj
libusb-1.0.29/msvc/hotplugtest.vcxproj
libusb-1.0.29/msvc/libusb_dll.vcxproj
libusb-1.0.29/msvc/set_option.vcxproj
libusb-1.0.29/msvc/Configuration.Base.props
libusb-1.0.29/msvc/dpfp.vcxproj
libusb-1.0.29/msvc/xusb.vcxproj
libusb-1.0.29/msvc/fxload.vcxproj
libusb-1.0.29/msvc/Configuration.Application.props
libusb-1.0.29/msvc/dpfp_threaded.vcxproj
libusb-1.0.29/msvc/sam3u_benchmark.vcxproj
libusb-1.0.29/msvc/libusb_static.vcxproj
libusb-1.0.29/msvc/config.h
libusb-1.0.29/msvc/Configuration.StaticLibrary.props
libusb-1.0.29/msvc/Base.props
libusb-1.0.29/msvc/getopt.vcxproj
libusb-1.0.29/msvc/ProjectConfigurations.Base.props
libusb-1.0.29/configure
libusb-1.0.29/missing
libusb-1.0.29/README
libusb-1.0.29/config.guess
libusb-1.0.29/AUTHORS
libusb-1.0.29/doc/
libusb-1.0.29/doc/doxygen.cfg.in
libusb-1.0.29/doc/Makefile.in
libusb-1.0.29/doc/libusb.png
libusb-1.0.29/TODO
libusb-1.0.29/Makefile.am
libusb-1.0.29/NEWS
libusb-1.0.29/INSTALL_WIN.txt
libusb-1.0.29/config.h.in
libusb-1.0.29/configure.ac
libusb-1.0.29/depcomp
libusb-1.0.29/test-driver
libusb-1.0.29/m4/
libusb-1.0.29/m4/ltsugar.m4
libusb-1.0.29/m4/libtool.m4
libusb-1.0.29/m4/ltoptions.m4
libusb-1.0.29/m4/ltversion.m4
libusb-1.0.29/m4/lt~obsolete.m4
libusb-1.0.29/android/
libusb-1.0.29/android/jni/
libusb-1.0.29/android/jni/libusb.mk
libusb-1.0.29/android/jni/Application.mk
libusb-1.0.29/android/jni/tests.mk
libusb-1.0.29/android/jni/examples.mk
libusb-1.0.29/android/jni/Android.mk
libusb-1.0.29/android/examples/
libusb-1.0.29/android/examples/unrooted_android.c
libusb-1.0.29/android/examples/unrooted_android.h
libusb-1.0.29/android/README
libusb-1.0.29/android/config.h
libusb-1.0.29/aclocal.m4
checking for gcc... gcc
checking whether the C compiler works... yes
checking for C compiler default output file name... a.out
checking for suffix of executables... 
checking whether we are cross compiling... no
checking for suffix of object files... o
checking whether the compiler supports GNU C... yes
checking whether gcc accepts -g... yes
checking for gcc option to enable C11 features... none needed
checking whether gcc understands -c and -o together... yes
checking for g++... g++
checking whether the compiler supports GNU C++... yes
checking whether g++ accepts -g... yes
checking for g++ option to enable C++11 features... none needed
checking for inline... inline
checking for a BSD-compatible install... /usr/bin/install -c
checking whether build environment is sane... yes
checking for a race-free mkdir -p... /usr/bin/mkdir -p
checking for gawk... gawk
checking whether make sets $(MAKE)... yes
checking whether make supports the include directive... yes (GNU style)
checking whether make supports nested variables... yes
checking dependency style of gcc... gcc3
checking dependency style of g++... gcc3
checking build system type... x86_64-pc-linux-gnu
checking host system type... x86_64-pc-linux-gnu
checking how to print strings... printf
checking for a sed that does not truncate output... /usr/bin/sed
checking for grep that handles long lines and -e... /usr/bin/grep
checking for egrep... /usr/bin/grep -E
checking for fgrep... /usr/bin/grep -F
checking for ld used by gcc... /usr/bin/ld
checking if the linker (/usr/bin/ld) is GNU ld... yes
checking for BSD- or MS-compatible name lister (nm)... /usr/bin/nm -B
checking the name lister (/usr/bin/nm -B) interface... BSD nm
checking whether ln -s works... yes
checking the maximum length of command line arguments... 1572864
checking how to convert x86_64-pc-linux-gnu file names to x86_64-pc-linux-gnu format... func_convert_file_noop
checking how to convert x86_64-pc-linux-gnu file names to toolchain format... func_convert_file_noop
checking for /usr/bin/ld option to reload object files... -r
checking for file... file
checking for objdump... objdump
checking how to recognize dependent libraries... pass_all
checking for dlltool... no
checking how to associate runtime and link libraries... printf %s\n
checking for ar... ar
checking for archiver @FILE support... @
checking for strip... strip
checking for ranlib... ranlib
checking command to parse /usr/bin/nm -B output from gcc object... ok
checking for sysroot... no
checking for a working dd... /usr/bin/dd
checking how to truncate binary pipes... /usr/bin/dd bs=4096 count=1
checking for mt... mt
checking if mt is a manifest tool... no
checking for stdio.h... yes
checking for stdlib.h... yes
checking for string.h... yes
checking for inttypes.h... yes
checking for stdint.h... yes
checking for strings.h... yes
checking for sys/stat.h... yes
checking for sys/types.h... yes
checking for unistd.h... yes
checking for dlfcn.h... yes
checking for objdir... .libs
checking if gcc supports -fno-rtti -fno-exceptions... no
checking for gcc option to produce PIC... -fPIC -DPIC
checking if gcc PIC flag -fPIC -DPIC works... yes
checking if gcc static flag -static works... yes
checking if gcc supports -c -o file.o... yes
checking if gcc supports -c -o file.o... (cached) yes
checking whether the gcc linker (/usr/bin/ld -m elf_x86_64) supports shared libraries... yes
checking whether -lc should be explicitly linked in... no
checking dynamic linker characteristics... GNU/Linux ld.so
checking how to hardcode library paths into programs... immediate
checking whether stripping libraries is possible... yes
checking if libtool supports shared libraries... yes
checking whether to build shared libraries... yes
checking whether to build static libraries... no
checking how to run the C++ preprocessor... g++ -E
checking for ld used by g++... /usr/bin/ld -m elf_x86_64
checking if the linker (/usr/bin/ld -m elf_x86_64) is GNU ld... yes
checking whether the g++ linker (/usr/bin/ld -m elf_x86_64) supports shared libraries... yes
/usr/bin/grep: warning: stray \ before -
checking for g++ option to produce PIC... -fPIC -DPIC
checking if g++ PIC flag -fPIC -DPIC works... yes
checking if g++ static flag -static works... yes
checking if g++ supports -c -o file.o... yes
checking if g++ supports -c -o file.o... (cached) yes
checking whether the g++ linker (/usr/bin/ld -m elf_x86_64) supports shared libraries... yes
checking dynamic linker characteristics... (cached) GNU/Linux ld.so
checking how to hardcode library paths into programs... immediate
checking for windres... no
checking whether make supports nested variables... (cached) yes
checking if gcc supports -std=gnu11... yes
checking operating system... Linux
checking for nfds_t... yes
checking for pipe2... yes
checking if gcc recognizes -pthread... yes
checking for library containing pthread_create... none required
checking whether __atomic_load_n is supported... yes
checking for library containing clock_gettime... none required
checking for pthread_setname_np... yes
checking for libudev.h... yes
checking for udev_new in -ludev... yes
checking for pkg-config... /usr/bin/pkg-config
checking pkg-config is at least version 0.9.0... yes
checking for umockdev-1.0 >= 0.16.0... no
checking for umockdev-1.0 >= 0.17.7... no
checking for sys/time.h... yes
checking for clock_gettime... yes
checking for gcc options needed to detect all undeclared functions... none needed
checking whether CLOCK_MONOTONIC is declared... yes
checking for pthread_condattr_setclock... yes
checking for sys/eventfd.h... yes
checking whether EFD_NONBLOCK is declared... yes
checking whether EFD_CLOEXEC is declared... yes
checking for eventfd... yes
checking whether to use eventfd for signalling... yes
checking for sys/timerfd.h... yes
checking whether TFD_NONBLOCK is declared... yes
checking whether TFD_CLOEXEC is declared... yes
checking for timerfd_create... yes
checking whether to use timerfd for timing... yes
checking that generated files are newer than configure... done
configure: creating ./config.status
config.status: creating libusb-1.0.pc
config.status: creating Makefile
config.status: creating libusb/Makefile
config.status: creating examples/Makefile
config.status: creating tests/Makefile
config.status: creating doc/Makefile
config.status: creating doc/doxygen.cfg
config.status: creating config.h
config.status: executing depfiles commands
config.status: executing libtool commands
make  all-recursive
make[1]: Entering directory '/blfs/builds/libusb-1.0.29'
Making all in libusb
make[2]: Entering directory '/blfs/builds/libusb-1.0.29/libusb'
  CC       core.lo
  CC       descriptor.lo
  CC       hotplug.lo
  CC       io.lo
  CC       strerror.lo
  CC       sync.lo
  CC       os/events_posix.lo
  CC       os/threads_posix.lo
  CC       os/linux_usbfs.lo
  CC       os/linux_udev.lo
  CCLD     libusb-1.0.la
make[2]: Leaving directory '/blfs/builds/libusb-1.0.29/libusb'
make[2]: Entering directory '/blfs/builds/libusb-1.0.29'
make[2]: Leaving directory '/blfs/builds/libusb-1.0.29'
make[1]: Leaving directory '/blfs/builds/libusb-1.0.29'
Making install in libusb
make[1]: Entering directory '/blfs/builds/libusb-1.0.29/libusb'
make[2]: Entering directory '/blfs/builds/libusb-1.0.29/libusb'
 /usr/bin/mkdir -p '/pkgs/libusb/usr/lib'
 /bin/sh ../libtool   --mode=install /usr/bin/install -c   libusb-1.0.la '/pkgs/libusb/usr/lib'
libtool: install: /usr/bin/install -c .libs/libusb-1.0.so.0.5.0 /pkgs/libusb/usr/lib/libusb-1.0.so.0.5.0
libtool: install: (cd /pkgs/libusb/usr/lib && { ln -s -f libusb-1.0.so.0.5.0 libusb-1.0.so.0 || { rm -f libusb-1.0.so.0 && ln -s libusb-1.0.so.0.5.0 libusb-1.0.so.0; }; })
libtool: install: (cd /pkgs/libusb/usr/lib && { ln -s -f libusb-1.0.so.0.5.0 libusb-1.0.so || { rm -f libusb-1.0.so && ln -s libusb-1.0.so.0.5.0 libusb-1.0.so; }; })
libtool: install: /usr/bin/install -c .libs/libusb-1.0.lai /pkgs/libusb/usr/lib/libusb-1.0.la
libtool: warning: remember to run 'libtool --finish /usr/lib'
 /usr/bin/mkdir -p '/pkgs/libusb/usr/include/libusb-1.0'
 /usr/bin/install -c -m 644 libusb.h '/pkgs/libusb/usr/include/libusb-1.0'
make[2]: Leaving directory '/blfs/builds/libusb-1.0.29/libusb'
make[1]: Leaving directory '/blfs/builds/libusb-1.0.29/libusb'
make[1]: Entering directory '/blfs/builds/libusb-1.0.29'
make[2]: Entering directory '/blfs/builds/libusb-1.0.29'
make[2]: Nothing to be done for 'install-exec-am'.
 /usr/bin/mkdir -p '/pkgs/libusb/usr/lib/pkgconfig'
 /usr/bin/install -c -m 644 libusb-1.0.pc '/pkgs/libusb/usr/lib/pkgconfig'
make[2]: Leaving directory '/blfs/builds/libusb-1.0.29'
make[1]: Leaving directory '/blfs/builds/libusb-1.0.29'
Making install in libusb
make[1]: Entering directory '/blfs/builds/libusb-1.0.29/libusb'
make[2]: Entering directory '/blfs/builds/libusb-1.0.29/libusb'
 /usr/bin/mkdir -p '/usr/lib'
 /bin/sh ../libtool   --mode=install /usr/bin/install -c   libusb-1.0.la '/usr/lib'
libtool: install: /usr/bin/install -c .libs/libusb-1.0.so.0.5.0 /usr/lib/libusb-1.0.so.0.5.0
libtool: install: (cd /usr/lib && { ln -s -f libusb-1.0.so.0.5.0 libusb-1.0.so.0 || { rm -f libusb-1.0.so.0 && ln -s libusb-1.0.so.0.5.0 libusb-1.0.so.0; }; })
libtool: install: (cd /usr/lib && { ln -s -f libusb-1.0.so.0.5.0 libusb-1.0.so || { rm -f libusb-1.0.so && ln -s libusb-1.0.so.0.5.0 libusb-1.0.so; }; })
libtool: install: /usr/bin/install -c .libs/libusb-1.0.lai /usr/lib/libusb-1.0.la
libtool: finish: PATH="/usr/sbin:/usr/bin:/sbin" ldconfig -n /usr/lib
----------------------------------------------------------------------
Libraries have been installed in:
   /usr/lib

If you ever happen to want to link against installed libraries
in a given directory, LIBDIR, you must either use libtool, and
specify the full pathname of the library, or use the '-LLIBDIR'
flag during linking and do at least one of the following:
   - add LIBDIR to the 'LD_LIBRARY_PATH' environment variable
     during execution
   - add LIBDIR to the 'LD_RUN_PATH' environment variable
     during linking
   - use the '-Wl,-rpath -Wl,LIBDIR' linker flag
   - have your system administrator add LIBDIR to '/etc/ld.so.conf'

See any operating system documentation about shared libraries for
more information, such as the ld(1) and ld.so(8) manual pages.
----------------------------------------------------------------------
 /usr/bin/mkdir -p '/usr/include/libusb-1.0'
 /usr/bin/install -c -m 644 libusb.h '/usr/include/libusb-1.0'
make[2]: Leaving directory '/blfs/builds/libusb-1.0.29/libusb'
make[1]: Leaving directory '/blfs/builds/libusb-1.0.29/libusb'
make[1]: Entering directory '/blfs/builds/libusb-1.0.29'
make[2]: Entering directory '/blfs/builds/libusb-1.0.29'
make[2]: Nothing to be done for 'install-exec-am'.
 /usr/bin/mkdir -p '/usr/lib/pkgconfig'
 /usr/bin/install -c -m 644 libusb-1.0.pc '/usr/lib/pkgconfig'
make[2]: Leaving directory '/blfs/builds/libusb-1.0.29'
make[1]: Leaving directory '/blfs/builds/libusb-1.0.29'
libusb/
libusb/usr/
libusb/usr/lib/
libusb/usr/lib/libusb-1.0.la
libusb/usr/lib/libusb-1.0.so
libusb/usr/lib/libusb-1.0.so.0.5.0
libusb/usr/lib/pkgconfig/
libusb/usr/lib/pkgconfig/libusb-1.0.pc
libusb/usr/lib/libusb-1.0.so.0
libusb/usr/include/
libusb/usr/include/libusb-1.0/
libusb/usr/include/libusb-1.0/libusb.h
libusb/version
libusb/depends
libusb/make-depends
