--2025-06-07 18:17:54--  https://github.com/KhronosGroup/Vulkan-Loader/archive/v1.4.317.tar.gz
Resolving github.com (github.com)... 140.82.113.3
Connecting to github.com (github.com)|140.82.113.3|:443... connected.
HTTP request sent, awaiting response... 302 Found
Location: https://codeload.github.com/KhronosGroup/Vulkan-Loader/tar.gz/refs/tags/v1.4.317 [following]
--2025-06-07 18:17:54--  https://codeload.github.com/KhronosGroup/Vulkan-Loader/tar.gz/refs/tags/v1.4.317
Resolving codeload.github.com (codeload.github.com)... 140.82.112.9
Connecting to codeload.github.com (codeload.github.com)|140.82.112.9|:443... connected.
HTTP request sent, awaiting response... 200 OK
Length: unspecified [application/x-gzip]
Saving to: 'v1.4.317.tar.gz'

     0K .......... .......... .......... .......... .......... 2.27M
    50K .......... .......... .......... .......... .......... 4.00M
   100K .......... .......... .......... .......... ..........  106M
   150K .......... .......... .......... .......... .......... 13.1M
   200K .......... .......... .......... .......... .......... 5.99M
   250K .......... .......... .......... .......... ..........  101M
   300K .......... .......... .......... .......... .......... 14.9M
   350K .......... .......... .......... .......... ..........  119M
   400K .......... .......... .......... .......... .......... 6.48M
   450K .......... .......... .......... .......... ..........  113M
   500K .......... .......... .......... .......... .......... 96.5M
   550K .......... .......... .......... .......... .......... 16.4M
   600K .......... .......... .......... .......... ..........  114M
   650K .......... .......... .......... .......... ..........  164M
   700K .......... .......... .......... .......... .......... 81.8M
   750K .......... .......... .......... .......... ..........  170M
   800K .......... .......... .......... .......... .......... 90.6M
   850K .......... .......... .......... .......... .......... 8.19M
   900K .......... .......... .......... .......... .......... 88.0M
   950K .......... .......... .......... .......... ..........  158M
  1000K .......... .......... .......... .......... ..........  142M
  1050K .......... .......... .......... .......... .......... 94.2M
  1100K .......... .......... .......... .......... .......... 91.7M
  1150K .......... .......... .......... .......... ..........  140M
  1200K .......... .......... .......... .......... .......... 33.9M
  1250K .......... .......... .......... .......... .......... 1.65M
  1300K .......... .......... .......... .......... ..........  103M
  1350K .......... .......... .......... .......... .......... 90.6M
  1400K .......... .......... .......... .......... ..........  103M
  1450K .......... .......... .......... .......... ..........  138M
  1500K .......... .......... .......... .......... .......... 1.97M
  1550K .......... .......... .......... .......... .......... 81.7M
  1600K .......... .......... .......... .......... .......... 92.9M
  1650K .......... .......... .......... .......... .......... 98.9M
  1700K .......... ........                                    53.2M=0.1s

2025-06-07 18:17:55 (12.7 MB/s) - 'v1.4.317.tar.gz' saved [1759239]

Vulkan-Loader-1.4.317/
Vulkan-Loader-1.4.317/.clang-format
Vulkan-Loader-1.4.317/.gitattributes
Vulkan-Loader-1.4.317/.github/
Vulkan-Loader-1.4.317/.github/ISSUE_TEMPLATE/
Vulkan-Loader-1.4.317/.github/ISSUE_TEMPLATE/bug_report.md
Vulkan-Loader-1.4.317/.github/ISSUE_TEMPLATE/feature_request.md
Vulkan-Loader-1.4.317/.github/dependabot.yml
Vulkan-Loader-1.4.317/.github/workflows/
Vulkan-Loader-1.4.317/.github/workflows/build.yml
Vulkan-Loader-1.4.317/.github/workflows/codeql.yml
Vulkan-Loader-1.4.317/.github/workflows/format.yml
Vulkan-Loader-1.4.317/.gitignore
Vulkan-Loader-1.4.317/BUILD.gn
Vulkan-Loader-1.4.317/BUILD.md
Vulkan-Loader-1.4.317/CMakeLists.txt
Vulkan-Loader-1.4.317/CODE_OF_CONDUCT.md
Vulkan-Loader-1.4.317/CONTRIBUTING.md
Vulkan-Loader-1.4.317/GOVERNANCE.md
Vulkan-Loader-1.4.317/LICENSE.txt
Vulkan-Loader-1.4.317/README.md
Vulkan-Loader-1.4.317/SECURITY.md
Vulkan-Loader-1.4.317/docs/
Vulkan-Loader-1.4.317/docs/LoaderApplicationInterface.md
Vulkan-Loader-1.4.317/docs/LoaderDebugging.md
Vulkan-Loader-1.4.317/docs/LoaderDriverInterface.md
Vulkan-Loader-1.4.317/docs/LoaderInterfaceArchitecture.md
Vulkan-Loader-1.4.317/docs/LoaderLayerInterface.md
Vulkan-Loader-1.4.317/docs/images/
Vulkan-Loader-1.4.317/docs/images/function_device_chain.png
Vulkan-Loader-1.4.317/docs/images/function_instance_chain.png
Vulkan-Loader-1.4.317/docs/images/high_level_loader.png
Vulkan-Loader-1.4.317/docs/images/loader_device_chain_app.png
Vulkan-Loader-1.4.317/docs/images/loader_device_chain_loader.png
Vulkan-Loader-1.4.317/docs/images/loader_device_surface_chain.png
Vulkan-Loader-1.4.317/docs/images/loader_instance_chain.png
Vulkan-Loader-1.4.317/docs/images/loader_layer_order.png
Vulkan-Loader-1.4.317/docs/images/loader_layer_order_calls.png
Vulkan-Loader-1.4.317/docs/images/svgs/
Vulkan-Loader-1.4.317/docs/images/svgs/README.txt
Vulkan-Loader-1.4.317/docs/images/svgs/function_device_chain.svg
Vulkan-Loader-1.4.317/docs/images/svgs/function_instance_chain.svg
Vulkan-Loader-1.4.317/docs/images/svgs/high_level_loader.svg
Vulkan-Loader-1.4.317/docs/images/svgs/loader_device_chain_app.svg
Vulkan-Loader-1.4.317/docs/images/svgs/loader_device_chain_loader.svg
Vulkan-Loader-1.4.317/docs/images/svgs/loader_device_surface_chain.svg
Vulkan-Loader-1.4.317/docs/images/svgs/loader_instance_chain.svg
Vulkan-Loader-1.4.317/docs/images/svgs/loader_layer_order.svg
Vulkan-Loader-1.4.317/docs/images/svgs/loader_layer_order_calls.svg
Vulkan-Loader-1.4.317/loader/
Vulkan-Loader-1.4.317/loader/CMakeLists.txt
Vulkan-Loader-1.4.317/loader/LoaderAndLayerInterface.md
Vulkan-Loader-1.4.317/loader/README.md
Vulkan-Loader-1.4.317/loader/adapters.h
Vulkan-Loader-1.4.317/loader/allocation.c
Vulkan-Loader-1.4.317/loader/allocation.h
Vulkan-Loader-1.4.317/loader/asm_offset.c
Vulkan-Loader-1.4.317/loader/asm_test_aarch32.S
Vulkan-Loader-1.4.317/loader/asm_test_aarch64.S
Vulkan-Loader-1.4.317/loader/asm_test_x86.S
Vulkan-Loader-1.4.317/loader/cJSON.c
Vulkan-Loader-1.4.317/loader/cJSON.h
Vulkan-Loader-1.4.317/loader/debug_utils.c
Vulkan-Loader-1.4.317/loader/debug_utils.h
Vulkan-Loader-1.4.317/loader/dev_ext_trampoline.c
Vulkan-Loader-1.4.317/loader/dirent_on_windows.c
Vulkan-Loader-1.4.317/loader/dirent_on_windows.h
Vulkan-Loader-1.4.317/loader/dlopen_fuchsia.c
Vulkan-Loader-1.4.317/loader/dlopen_fuchsia.h
Vulkan-Loader-1.4.317/loader/extension_manual.c
Vulkan-Loader-1.4.317/loader/extension_manual.h
Vulkan-Loader-1.4.317/loader/generated/
Vulkan-Loader-1.4.317/loader/generated/vk_layer_dispatch_table.h
Vulkan-Loader-1.4.317/loader/generated/vk_loader_extensions.c
Vulkan-Loader-1.4.317/loader/generated/vk_loader_extensions.h
Vulkan-Loader-1.4.317/loader/generated/vk_object_types.h
Vulkan-Loader-1.4.317/loader/gpa_helper.c
Vulkan-Loader-1.4.317/loader/gpa_helper.h
Vulkan-Loader-1.4.317/loader/loader.c
Vulkan-Loader-1.4.317/loader/loader.h
Vulkan-Loader-1.4.317/loader/loader.rc
Vulkan-Loader-1.4.317/loader/loader.rc.in
Vulkan-Loader-1.4.317/loader/loader_common.h
Vulkan-Loader-1.4.317/loader/loader_environment.c
Vulkan-Loader-1.4.317/loader/loader_environment.h
Vulkan-Loader-1.4.317/loader/loader_json.c
Vulkan-Loader-1.4.317/loader/loader_json.h
Vulkan-Loader-1.4.317/loader/loader_linux.c
Vulkan-Loader-1.4.317/loader/loader_linux.h
Vulkan-Loader-1.4.317/loader/loader_windows.c
Vulkan-Loader-1.4.317/loader/loader_windows.h
Vulkan-Loader-1.4.317/loader/log.c
Vulkan-Loader-1.4.317/loader/log.h
Vulkan-Loader-1.4.317/loader/phys_dev_ext.c
Vulkan-Loader-1.4.317/loader/settings.c
Vulkan-Loader-1.4.317/loader/settings.h
Vulkan-Loader-1.4.317/loader/stack_allocation.h
Vulkan-Loader-1.4.317/loader/terminator.c
Vulkan-Loader-1.4.317/loader/trampoline.c
Vulkan-Loader-1.4.317/loader/unknown_ext_chain_gas_aarch.S
Vulkan-Loader-1.4.317/loader/unknown_ext_chain_gas_x86.S
Vulkan-Loader-1.4.317/loader/unknown_ext_chain_marmasm.asm
Vulkan-Loader-1.4.317/loader/unknown_ext_chain_masm.asm
Vulkan-Loader-1.4.317/loader/unknown_function_handling.c
Vulkan-Loader-1.4.317/loader/unknown_function_handling.h
Vulkan-Loader-1.4.317/loader/vk_loader_layer.h
Vulkan-Loader-1.4.317/loader/vk_loader_platform.h
Vulkan-Loader-1.4.317/loader/vulkan-1.def
Vulkan-Loader-1.4.317/loader/vulkan.pc.in
Vulkan-Loader-1.4.317/loader/wsi.c
Vulkan-Loader-1.4.317/loader/wsi.h
Vulkan-Loader-1.4.317/scripts/
Vulkan-Loader-1.4.317/scripts/CMakeLists.txt
Vulkan-Loader-1.4.317/scripts/CodeCoverage.cmake
Vulkan-Loader-1.4.317/scripts/common_codegen.py
Vulkan-Loader-1.4.317/scripts/generate_loader_rc.py
Vulkan-Loader-1.4.317/scripts/generate_source.py
Vulkan-Loader-1.4.317/scripts/generators/
Vulkan-Loader-1.4.317/scripts/generators/dispatch_table_helper_generator.py
Vulkan-Loader-1.4.317/scripts/generators/helper_file_generator.py
Vulkan-Loader-1.4.317/scripts/generators/loader_extension_generator.py
Vulkan-Loader-1.4.317/scripts/gn/
Vulkan-Loader-1.4.317/scripts/gn/DEPS
Vulkan-Loader-1.4.317/scripts/gn/gn.py
Vulkan-Loader-1.4.317/scripts/gn/secondary/
Vulkan-Loader-1.4.317/scripts/gn/secondary/build_overrides/
Vulkan-Loader-1.4.317/scripts/gn/secondary/build_overrides/build.gni
Vulkan-Loader-1.4.317/scripts/gn/secondary/build_overrides/vulkan_headers.gni
Vulkan-Loader-1.4.317/scripts/gn/secondary/build_overrides/vulkan_loader.gni
Vulkan-Loader-1.4.317/scripts/gn/update_deps.sh
Vulkan-Loader-1.4.317/scripts/known_good.json
Vulkan-Loader-1.4.317/scripts/loader_genvk.py
Vulkan-Loader-1.4.317/scripts/parse_asm_values.py
Vulkan-Loader-1.4.317/scripts/qnx/
Vulkan-Loader-1.4.317/scripts/qnx/Makefile
Vulkan-Loader-1.4.317/scripts/qnx/README.md
Vulkan-Loader-1.4.317/scripts/qnx/common.mk
Vulkan-Loader-1.4.317/scripts/qnx/loader_cmake_config.h
Vulkan-Loader-1.4.317/scripts/qnx/nto/
Vulkan-Loader-1.4.317/scripts/qnx/nto/Makefile
Vulkan-Loader-1.4.317/scripts/qnx/nto/aarch64/
Vulkan-Loader-1.4.317/scripts/qnx/nto/aarch64/Makefile
Vulkan-Loader-1.4.317/scripts/qnx/nto/aarch64/so.le/
Vulkan-Loader-1.4.317/scripts/qnx/nto/aarch64/so.le/Makefile
Vulkan-Loader-1.4.317/scripts/qnx/nto/arm/
Vulkan-Loader-1.4.317/scripts/qnx/nto/arm/Makefile
Vulkan-Loader-1.4.317/scripts/qnx/nto/arm/so.le.v7/
Vulkan-Loader-1.4.317/scripts/qnx/nto/arm/so.le.v7/Makefile
Vulkan-Loader-1.4.317/scripts/qnx/nto/x86_64/
Vulkan-Loader-1.4.317/scripts/qnx/nto/x86_64/Makefile
Vulkan-Loader-1.4.317/scripts/qnx/nto/x86_64/so/
Vulkan-Loader-1.4.317/scripts/qnx/nto/x86_64/so/Makefile
Vulkan-Loader-1.4.317/scripts/update_deps.py
Vulkan-Loader-1.4.317/tests/
Vulkan-Loader-1.4.317/tests/CMakeLists.txt
Vulkan-Loader-1.4.317/tests/README.md
Vulkan-Loader-1.4.317/tests/corpus/
Vulkan-Loader-1.4.317/tests/corpus/VkLayer_complex_file.json
Vulkan-Loader-1.4.317/tests/corpus/config.json
Vulkan-Loader-1.4.317/tests/corpus/config_with_other_arch.json
Vulkan-Loader-1.4.317/tests/corpus/config_with_unordered_layer_location.json
Vulkan-Loader-1.4.317/tests/framework/
Vulkan-Loader-1.4.317/tests/framework/CMakeLists.txt
Vulkan-Loader-1.4.317/tests/framework/README.md
Vulkan-Loader-1.4.317/tests/framework/data/
Vulkan-Loader-1.4.317/tests/framework/data/.gitignore
Vulkan-Loader-1.4.317/tests/framework/data/CMakeLists.txt
Vulkan-Loader-1.4.317/tests/framework/data/VkLayer_complex_file.json
Vulkan-Loader-1.4.317/tests/framework/data/binaries/
Vulkan-Loader-1.4.317/tests/framework/data/binaries/dummy_library_elf_32.dll
Vulkan-Loader-1.4.317/tests/framework/data/binaries/dummy_library_elf_64.dll
Vulkan-Loader-1.4.317/tests/framework/data/binaries/dummy_library_pe_32.dll
Vulkan-Loader-1.4.317/tests/framework/data/binaries/dummy_library_pe_32.so
Vulkan-Loader-1.4.317/tests/framework/data/binaries/dummy_library_pe_64.dll
Vulkan-Loader-1.4.317/tests/framework/data/binaries/dummy_library_pe_64.so
Vulkan-Loader-1.4.317/tests/framework/data/binaries/libdummy_library_elf_32.so
Vulkan-Loader-1.4.317/tests/framework/data/binaries/libdummy_library_elf_64.so
Vulkan-Loader-1.4.317/tests/framework/data/fuzz_test_minimized_test_cases/
Vulkan-Loader-1.4.317/tests/framework/data/fuzz_test_minimized_test_cases/clusterfuzz-testcase-instance_create_fuzzer-5599244505186304
Vulkan-Loader-1.4.317/tests/framework/data/fuzz_test_minimized_test_cases/clusterfuzz-testcase-instance_create_fuzzer-5817896795701248
Vulkan-Loader-1.4.317/tests/framework/data/fuzz_test_minimized_test_cases/clusterfuzz-testcase-instance_create_fuzzer-6541440380895232
Vulkan-Loader-1.4.317/tests/framework/data/fuzz_test_minimized_test_cases/clusterfuzz-testcase-instance_enumerate_fuzzer-5126563864051712
Vulkan-Loader-1.4.317/tests/framework/data/fuzz_test_minimized_test_cases/clusterfuzz-testcase-instance_enumerate_fuzzer-6308459683315712
Vulkan-Loader-1.4.317/tests/framework/data/fuzz_test_minimized_test_cases/clusterfuzz-testcase-json_load_fuzzer-5258042868105216
Vulkan-Loader-1.4.317/tests/framework/data/fuzz_test_minimized_test_cases/clusterfuzz-testcase-json_load_fuzzer-5487817455960064
Vulkan-Loader-1.4.317/tests/framework/data/fuzz_test_minimized_test_cases/clusterfuzz-testcase-minimized-instance_create_fuzzer-4558978302214144
Vulkan-Loader-1.4.317/tests/framework/data/fuzz_test_minimized_test_cases/clusterfuzz-testcase-minimized-instance_create_fuzzer-4568454561071104
Vulkan-Loader-1.4.317/tests/framework/data/fuzz_test_minimized_test_cases/clusterfuzz-testcase-minimized-instance_create_fuzzer-4820577276723200
Vulkan-Loader-1.4.317/tests/framework/data/fuzz_test_minimized_test_cases/clusterfuzz-testcase-minimized-instance_create_fuzzer-5177827962454016
Vulkan-Loader-1.4.317/tests/framework/data/fuzz_test_minimized_test_cases/clusterfuzz-testcase-minimized-instance_create_fuzzer-5198773675425792
Vulkan-Loader-1.4.317/tests/framework/data/fuzz_test_minimized_test_cases/clusterfuzz-testcase-minimized-instance_create_fuzzer-5416197367070720
Vulkan-Loader-1.4.317/tests/framework/data/fuzz_test_minimized_test_cases/clusterfuzz-testcase-minimized-instance_create_fuzzer-5494771615137792
Vulkan-Loader-1.4.317/tests/framework/data/fuzz_test_minimized_test_cases/clusterfuzz-testcase-minimized-instance_create_fuzzer-5801855065915392
Vulkan-Loader-1.4.317/tests/framework/data/fuzz_test_minimized_test_cases/clusterfuzz-testcase-minimized-instance_create_fuzzer-6353004288081920
Vulkan-Loader-1.4.317/tests/framework/data/fuzz_test_minimized_test_cases/clusterfuzz-testcase-minimized-instance_enumerate_fuzzer-6465902356791296
Vulkan-Loader-1.4.317/tests/framework/data/fuzz_test_minimized_test_cases/clusterfuzz-testcase-minimized-instance_enumerate_fuzzer-6583684169269248
Vulkan-Loader-1.4.317/tests/framework/data/fuzz_test_minimized_test_cases/clusterfuzz-testcase-minimized-json_load_fuzzer-4512865114259456
Vulkan-Loader-1.4.317/tests/framework/data/fuzz_test_minimized_test_cases/clusterfuzz-testcase-minimized-json_load_fuzzer-4552015310880768
Vulkan-Loader-1.4.317/tests/framework/data/fuzz_test_minimized_test_cases/clusterfuzz-testcase-minimized-json_load_fuzzer-5208693600747520
Vulkan-Loader-1.4.317/tests/framework/data/fuzz_test_minimized_test_cases/clusterfuzz-testcase-minimized-json_load_fuzzer-5347670374612992
Vulkan-Loader-1.4.317/tests/framework/data/fuzz_test_minimized_test_cases/clusterfuzz-testcase-minimized-json_load_fuzzer-5392928643547136
Vulkan-Loader-1.4.317/tests/framework/data/fuzz_test_minimized_test_cases/clusterfuzz-testcase-minimized-json_load_fuzzer-5636386303049728
Vulkan-Loader-1.4.317/tests/framework/data/fuzz_test_minimized_test_cases/clusterfuzz-testcase-minimized-json_load_fuzzer-6182254813249536
Vulkan-Loader-1.4.317/tests/framework/data/fuzz_test_minimized_test_cases/clusterfuzz-testcase-minimized-json_load_fuzzer-6265355951996928
Vulkan-Loader-1.4.317/tests/framework/data/fuzz_test_minimized_test_cases/clusterfuzz-testcase-minimized-json_load_fuzzer-6363106126659584
Vulkan-Loader-1.4.317/tests/framework/data/fuzz_test_minimized_test_cases/clusterfuzz-testcase-minimized-json_load_fuzzer-6482033715838976
Vulkan-Loader-1.4.317/tests/framework/data/fuzz_test_minimized_test_cases/clusterfuzz-testcase-minimized-settings_fuzzer-4857714377818112
Vulkan-Loader-1.4.317/tests/framework/data/fuzz_test_minimized_test_cases/clusterfuzz-testcase-minimized-settings_fuzzer-5123849246867456
Vulkan-Loader-1.4.317/tests/framework/data/fuzzer_output.json
Vulkan-Loader-1.4.317/tests/framework/data/stub.cpp
Vulkan-Loader-1.4.317/tests/framework/framework_config.h.in
Vulkan-Loader-1.4.317/tests/framework/icd/
Vulkan-Loader-1.4.317/tests/framework/icd/CMakeLists.txt
Vulkan-Loader-1.4.317/tests/framework/icd/export_definitions/
Vulkan-Loader-1.4.317/tests/framework/icd/export_definitions/test_icd_0.def
Vulkan-Loader-1.4.317/tests/framework/icd/export_definitions/test_icd_2.def
Vulkan-Loader-1.4.317/tests/framework/icd/export_definitions/test_icd_2_enum_adapter.def
Vulkan-Loader-1.4.317/tests/framework/icd/export_definitions/test_icd_2_gpdpa.def
Vulkan-Loader-1.4.317/tests/framework/icd/export_definitions/test_icd_6.def
Vulkan-Loader-1.4.317/tests/framework/icd/export_definitions/test_icd_7.def
Vulkan-Loader-1.4.317/tests/framework/icd/export_definitions/test_icd_7_without_exports.def
Vulkan-Loader-1.4.317/tests/framework/icd/export_definitions/test_icd_gipa.def
Vulkan-Loader-1.4.317/tests/framework/icd/export_definitions/test_icd_negotiate_version.def
Vulkan-Loader-1.4.317/tests/framework/icd/export_definitions/\360\237\214\213.def
Vulkan-Loader-1.4.317/tests/framework/icd/test_icd.cpp
Vulkan-Loader-1.4.317/tests/framework/icd/test_icd.h
Vulkan-Loader-1.4.317/tests/framework/json_writer.h
Vulkan-Loader-1.4.317/tests/framework/layer/
Vulkan-Loader-1.4.317/tests/framework/layer/CMakeLists.txt
Vulkan-Loader-1.4.317/tests/framework/layer/export_definitions/
Vulkan-Loader-1.4.317/tests/framework/layer/export_definitions/test_layer_0.def
Vulkan-Loader-1.4.317/tests/framework/layer/export_definitions/test_layer_0_named_gpa.def
Vulkan-Loader-1.4.317/tests/framework/layer/export_definitions/test_layer_1.def
Vulkan-Loader-1.4.317/tests/framework/layer/export_definitions/test_layer_2.def
Vulkan-Loader-1.4.317/tests/framework/layer/export_definitions/test_layer_base.def
Vulkan-Loader-1.4.317/tests/framework/layer/export_definitions/wrap_objects.def
Vulkan-Loader-1.4.317/tests/framework/layer/export_definitions/wrap_objects_1.def
Vulkan-Loader-1.4.317/tests/framework/layer/export_definitions/wrap_objects_2.def
Vulkan-Loader-1.4.317/tests/framework/layer/export_definitions/wrap_objects_3.def
Vulkan-Loader-1.4.317/tests/framework/layer/generated/
Vulkan-Loader-1.4.317/tests/framework/layer/generated/vk_dispatch_table_helper.h
Vulkan-Loader-1.4.317/tests/framework/layer/layer_util.h
Vulkan-Loader-1.4.317/tests/framework/layer/test_layer.cpp
Vulkan-Loader-1.4.317/tests/framework/layer/test_layer.h
Vulkan-Loader-1.4.317/tests/framework/layer/wrap_objects.cpp
Vulkan-Loader-1.4.317/tests/framework/shim/
Vulkan-Loader-1.4.317/tests/framework/shim/CMakeLists.txt
Vulkan-Loader-1.4.317/tests/framework/shim/shim.h
Vulkan-Loader-1.4.317/tests/framework/shim/shim_common.cpp
Vulkan-Loader-1.4.317/tests/framework/shim/unix_shim.cpp
Vulkan-Loader-1.4.317/tests/framework/shim/windows_shim.cpp
Vulkan-Loader-1.4.317/tests/framework/test_environment.cpp
Vulkan-Loader-1.4.317/tests/framework/test_environment.h
Vulkan-Loader-1.4.317/tests/framework/test_util.cpp
Vulkan-Loader-1.4.317/tests/framework/test_util.h
Vulkan-Loader-1.4.317/tests/integration/
Vulkan-Loader-1.4.317/tests/integration/CMakeLists.txt
Vulkan-Loader-1.4.317/tests/live_verification/
Vulkan-Loader-1.4.317/tests/live_verification/CMakeLists.txt
Vulkan-Loader-1.4.317/tests/live_verification/dynamic_loader_behavior/
Vulkan-Loader-1.4.317/tests/live_verification/dynamic_loader_behavior/CMakeLists.txt
Vulkan-Loader-1.4.317/tests/live_verification/dynamic_loader_behavior/dynamic_library.cpp
Vulkan-Loader-1.4.317/tests/live_verification/dynamic_loader_behavior/dynamic_library.h
Vulkan-Loader-1.4.317/tests/live_verification/dynamic_loader_behavior/dynamic_loading_behavior.md
Vulkan-Loader-1.4.317/tests/live_verification/dynamic_loader_behavior/test_dynamic_linking.cpp
Vulkan-Loader-1.4.317/tests/live_verification/dynamic_loader_behavior/test_dynamic_loading.cpp
Vulkan-Loader-1.4.317/tests/live_verification/dynamic_loader_behavior/test_dynamic_loading_and_linking.cpp
Vulkan-Loader-1.4.317/tests/live_verification/dynamic_rendering_get_proc_addr.cpp
Vulkan-Loader-1.4.317/tests/live_verification/macos_static_loader_build.cpp
Vulkan-Loader-1.4.317/tests/live_verification/time_dynamic_loading.cpp
Vulkan-Loader-1.4.317/tests/loader_alloc_callback_tests.cpp
Vulkan-Loader-1.4.317/tests/loader_debug_ext_tests.cpp
Vulkan-Loader-1.4.317/tests/loader_envvar_tests.cpp
Vulkan-Loader-1.4.317/tests/loader_fuzz_tests.cpp
Vulkan-Loader-1.4.317/tests/loader_get_proc_addr_tests.cpp
Vulkan-Loader-1.4.317/tests/loader_handle_validation_tests.cpp
Vulkan-Loader-1.4.317/tests/loader_layer_tests.cpp
Vulkan-Loader-1.4.317/tests/loader_phys_dev_inst_ext_tests.cpp
Vulkan-Loader-1.4.317/tests/loader_regression_tests.cpp
Vulkan-Loader-1.4.317/tests/loader_settings_tests.cpp
Vulkan-Loader-1.4.317/tests/loader_testing_main.cpp
Vulkan-Loader-1.4.317/tests/loader_threading_tests.cpp
Vulkan-Loader-1.4.317/tests/loader_unknown_ext_tests.cpp
Vulkan-Loader-1.4.317/tests/loader_version_tests.cpp
Vulkan-Loader-1.4.317/tests/loader_wsi_tests.cpp
-- The C compiler identification is GNU 14.2.0
-- Detecting C compiler ABI info
-- Detecting C compiler ABI info - done
-- Check for working C compiler: /usr/bin/cc - skipped
-- Detecting C compile features
-- Detecting C compile features - done
-- Found Git: /usr/bin/git (found version "2.49.0")
-- Looking for secure_getenv
-- Looking for secure_getenv - found
-- Looking for __secure_getenv
-- Looking for __secure_getenv - not found
-- Looking for alloca.h
-- Looking for alloca.h - found
-- Performing Test CMAKE_HAVE_LIBC_PTHREAD
-- Performing Test CMAKE_HAVE_LIBC_PTHREAD - Success
-- Found Threads: TRUE
-- The ASM compiler identification is GNU
-- Found assembler: /usr/bin/cc
-- Looking for cet.h
-- Looking for cet.h - found
-- Found PkgConfig: /usr/bin/pkg-config (found version "2.4.3")
-- Configuring done (0.4s)
-- Generating done (0.0s)
-- Build files have been written to: /blfs/builds/Vulkan-Loader-1.4.317/build
[  4%] Building C object loader/CMakeFiles/asm_offset.dir/asm_offset.c.o
In file included from /blfs/builds/Vulkan-Loader-1.4.317/loader/loader_common.h:39,
                 from /blfs/builds/Vulkan-Loader-1.4.317/loader/asm_offset.c:32:
/blfs/builds/Vulkan-Loader-1.4.317/loader/generated/vk_layer_dispatch_table.h:293:5: error: unknown type name 'PFN_vkGetPhysicalDeviceExternalTensorPropertiesARM'; did you mean 'PFN_vkGetPhysicalDeviceExternalFencePropertiesKHR'?
  293 |     PFN_vkGetPhysicalDeviceExternalTensorPropertiesARM GetPhysicalDeviceExternalTensorPropertiesARM;
      |     ^~~~~~~~~~~~~~~~~~~~~~~~~~~~~~~~~~~~~~~~~~~~~~~~~~
      |     PFN_vkGetPhysicalDeviceExternalFencePropertiesKHR
/blfs/builds/Vulkan-Loader-1.4.317/loader/generated/vk_layer_dispatch_table.h:714:5: error: unknown type name 'PFN_vkWaitForPresent2KHR'; did you mean 'PFN_vkWaitForPresentKHR'?
  714 |     PFN_vkWaitForPresent2KHR WaitForPresent2KHR;
      |     ^~~~~~~~~~~~~~~~~~~~~~~~
      |     PFN_vkWaitForPresentKHR
/blfs/builds/Vulkan-Loader-1.4.317/loader/generated/vk_layer_dispatch_table.h:1163:5: error: unknown type name 'PFN_vkCreateTensorARM'; did you mean 'PFN_vkCreateRenderPass'?
 1163 |     PFN_vkCreateTensorARM CreateTensorARM;
      |     ^~~~~~~~~~~~~~~~~~~~~
      |     PFN_vkCreateRenderPass
/blfs/builds/Vulkan-Loader-1.4.317/loader/generated/vk_layer_dispatch_table.h:1164:5: error: unknown type name 'PFN_vkDestroyTensorARM'; did you mean 'PFN_vkDestroyRenderPass'?
 1164 |     PFN_vkDestroyTensorARM DestroyTensorARM;
      |     ^~~~~~~~~~~~~~~~~~~~~~
      |     PFN_vkDestroyRenderPass
/blfs/builds/Vulkan-Loader-1.4.317/loader/generated/vk_layer_dispatch_table.h:1165:5: error: unknown type name 'PFN_vkCreateTensorViewARM'; did you mean 'PFN_vkCreateBufferView'?
 1165 |     PFN_vkCreateTensorViewARM CreateTensorViewARM;
      |     ^~~~~~~~~~~~~~~~~~~~~~~~~
      |     PFN_vkCreateBufferView
/blfs/builds/Vulkan-Loader-1.4.317/loader/generated/vk_layer_dispatch_table.h:1166:5: error: unknown type name 'PFN_vkDestroyTensorViewARM'; did you mean 'PFN_vkDestroyBufferView'?
 1166 |     PFN_vkDestroyTensorViewARM DestroyTensorViewARM;
      |     ^~~~~~~~~~~~~~~~~~~~~~~~~~
      |     PFN_vkDestroyBufferView
/blfs/builds/Vulkan-Loader-1.4.317/loader/generated/vk_layer_dispatch_table.h:1167:5: error: unknown type name 'PFN_vkGetTensorMemoryRequirementsARM'; did you mean 'PFN_vkGetBufferMemoryRequirements2'?
 1167 |     PFN_vkGetTensorMemoryRequirementsARM GetTensorMemoryRequirementsARM;
      |     ^~~~~~~~~~~~~~~~~~~~~~~~~~~~~~~~~~~~
      |     PFN_vkGetBufferMemoryRequirements2
/blfs/builds/Vulkan-Loader-1.4.317/loader/generated/vk_layer_dispatch_table.h:1168:5: error: unknown type name 'PFN_vkBindTensorMemoryARM'; did you mean 'PFN_vkBindBufferMemory2'?
 1168 |     PFN_vkBindTensorMemoryARM BindTensorMemoryARM;
      |     ^~~~~~~~~~~~~~~~~~~~~~~~~
      |     PFN_vkBindBufferMemory2
/blfs/builds/Vulkan-Loader-1.4.317/loader/generated/vk_layer_dispatch_table.h:1169:5: error: unknown type name 'PFN_vkGetDeviceTensorMemoryRequirementsARM'; did you mean 'PFN_vkGetDeviceBufferMemoryRequirementsKHR'?
 1169 |     PFN_vkGetDeviceTensorMemoryRequirementsARM GetDeviceTensorMemoryRequirementsARM;
      |     ^~~~~~~~~~~~~~~~~~~~~~~~~~~~~~~~~~~~~~~~~~
      |     PFN_vkGetDeviceBufferMemoryRequirementsKHR
/blfs/builds/Vulkan-Loader-1.4.317/loader/generated/vk_layer_dispatch_table.h:1170:5: error: unknown type name 'PFN_vkCmdCopyTensorARM'; did you mean 'PFN_vkCmdCopyBuffer2'?
 1170 |     PFN_vkCmdCopyTensorARM CmdCopyTensorARM;
      |     ^~~~~~~~~~~~~~~~~~~~~~
      |     PFN_vkCmdCopyBuffer2
/blfs/builds/Vulkan-Loader-1.4.317/loader/generated/vk_layer_dispatch_table.h:1171:5: error: unknown type name 'PFN_vkGetTensorOpaqueCaptureDescriptorDataARM'; did you mean 'PFN_vkGetBufferOpaqueCaptureDescriptorDataEXT'?
 1171 |     PFN_vkGetTensorOpaqueCaptureDescriptorDataARM GetTensorOpaqueCaptureDescriptorDataARM;
      |     ^~~~~~~~~~~~~~~~~~~~~~~~~~~~~~~~~~~~~~~~~~~~~
      |     PFN_vkGetBufferOpaqueCaptureDescriptorDataEXT
/blfs/builds/Vulkan-Loader-1.4.317/loader/generated/vk_layer_dispatch_table.h:1172:5: error: unknown type name 'PFN_vkGetTensorViewOpaqueCaptureDescriptorDataARM'; did you mean 'PFN_vkGetImageViewOpaqueCaptureDescriptorDataEXT'?
 1172 |     PFN_vkGetTensorViewOpaqueCaptureDescriptorDataARM GetTensorViewOpaqueCaptureDescriptorDataARM;
      |     ^~~~~~~~~~~~~~~~~~~~~~~~~~~~~~~~~~~~~~~~~~~~~~~~~
      |     PFN_vkGetImageViewOpaqueCaptureDescriptorDataEXT
In file included from /blfs/builds/Vulkan-Loader-1.4.317/loader/loader_common.h:40:
/blfs/builds/Vulkan-Loader-1.4.317/loader/generated/vk_loader_extensions.h:481:5: error: unknown type name 'PFN_vkGetPhysicalDeviceExternalTensorPropertiesARM'; did you mean 'PFN_vkGetPhysicalDeviceExternalFencePropertiesKHR'?
  481 |     PFN_vkGetPhysicalDeviceExternalTensorPropertiesARM GetPhysicalDeviceExternalTensorPropertiesARM;
      |     ^~~~~~~~~~~~~~~~~~~~~~~~~~~~~~~~~~~~~~~~~~~~~~~~~~
      |     PFN_vkGetPhysicalDeviceExternalFencePropertiesKHR
make[2]: *** [loader/CMakeFiles/asm_offset.dir/build.make:79: loader/CMakeFiles/asm_offset.dir/asm_offset.c.o] Error 1
make[1]: *** [CMakeFiles/Makefile2:133: loader/CMakeFiles/asm_offset.dir/all] Error 2
make: *** [Makefile:136: all] Error 2
