--2025-06-07 20:50:09--  https://www.lua.org/ftp/lua-5.4.8.tar.gz
Resolving www.lua.org (www.lua.org)... 46.175.8.47
Connecting to www.lua.org (www.lua.org)|46.175.8.47|:443... connected.
HTTP request sent, awaiting response... 200 OK
Length: 374332 (366K) [application/octet-stream]
Saving to: 'lua-5.4.8.tar.gz'

     0K .......... .......... .......... .......... .......... 13%  496K 1s
    50K .......... .......... .......... .......... .......... 27%  505K 1s
   100K .......... .......... .......... .......... .......... 41% 27.3M 0s
   150K .......... .......... .......... .......... .......... 54% 1.28M 0s
   200K .......... .......... .......... .......... .......... 68%  820K 0s
   250K .......... .......... .......... .......... .......... 82% 55.7M 0s
   300K .......... .......... .......... .......... .......... 95% 59.9M 0s
   350K .......... .....                                      100% 50.0M=0.3s

2025-06-07 20:50:10 (1.18 MB/s) - 'lua-5.4.8.tar.gz' saved [374332/374332]

--2025-06-07 20:50:10--  https://www.linuxfromscratch.org/patches/blfs/svn/lua-5.4.8-shared_library-1.patch
Resolving www.linuxfromscratch.org (www.linuxfromscratch.org)... 208.118.68.85
Connecting to www.linuxfromscratch.org (www.linuxfromscratch.org)|208.118.68.85|:443... connected.
HTTP request sent, awaiting response... 404 Not Found
2025-06-07 20:50:10 ERROR 404: Not Found.

