--2025-06-07 19:10:00--  https://sqlite.org/2025/sqlite-autoconf-3500100.tar.gz
Resolving sqlite.org (sqlite.org)... 2600:3c02::f03c:95ff:fe07:695, 194.195.208.62
Connecting to sqlite.org (sqlite.org)|2600:3c02::f03c:95ff:fe07:695|:443... connected.
HTTP request sent, awaiting response... 200 OK
Length: 3172122 (3.0M) [application/x-gzip]
Saving to: 'sqlite-autoconf-3500100.tar.gz'

     0K .......... .......... .......... .......... ..........  1% 1.02M 3s
    50K .......... .......... .......... .......... ..........  3% 2.02M 2s
   100K .......... .......... .......... .......... ..........  4%  118M 1s
   150K .......... .......... .......... .......... ..........  6% 2.10M 1s
   200K .......... .......... .......... .......... ..........  8%  125M 1s
   250K .......... .......... .......... .......... ..........  9% 88.6M 1s
   300K .......... .......... .......... .......... .......... 11%  150M 1s
   350K .......... .......... .......... .......... .......... 12% 90.7M 1s
   400K .......... .......... .......... .......... .......... 14% 2.17M 1s
   450K .......... .......... .......... .......... .......... 16% 83.0M 1s
   500K .......... .......... .......... .......... .......... 17%  145M 1s
   550K .......... .......... .......... .......... .......... 19%  116M 1s
   600K .......... .......... .......... .......... .......... 20%  173M 0s
   650K .......... .......... .......... .......... .......... 22%  100M 0s
   700K .......... .......... .......... .......... .......... 24% 97.4M 0s
   750K .......... .......... .......... .......... .......... 25% 56.3M 0s
   800K .......... .......... .......... .......... .......... 27% 74.8M 0s
   850K .......... .......... .......... .......... .......... 29% 2.41M 0s
   900K .......... .......... .......... .......... .......... 30%  158M 0s
   950K .......... .......... .......... .......... .......... 32% 89.7M 0s
  1000K .......... .......... .......... .......... .......... 33%  181M 0s
  1050K .......... .......... .......... .......... .......... 35% 92.2M 0s
  1100K .......... .......... .......... .......... .......... 37%  153M 0s
  1150K .......... .......... .......... .......... .......... 38% 89.8M 0s
  1200K .......... .......... .......... .......... .......... 40% 42.8M 0s
  1250K .......... .......... .......... .......... .......... 41%  183M 0s
  1300K .......... .......... .......... .......... .......... 43% 99.4M 0s
  1350K .......... .......... .......... .......... .......... 45% 96.9M 0s
  1400K .......... .......... .......... .......... .......... 46%  165M 0s
  1450K .......... .......... .......... .......... .......... 48%  102M 0s
  1500K .......... .......... .......... .......... .......... 50% 97.3M 0s
  1550K .......... .......... .......... .......... .......... 51%  175M 0s
  1600K .......... .......... .......... .......... .......... 53% 1.19M 0s
  1650K .......... .......... .......... .......... .......... 54%  137M 0s
  1700K .......... .......... .......... .......... .......... 56% 13.1M 0s
  1750K .......... .......... .......... .......... .......... 58%  378M 0s
  1800K .......... .......... .......... .......... .......... 59%  306M 0s
  1850K .......... .......... .......... .......... .......... 61%  388M 0s
  1900K .......... .......... .......... .......... .......... 62%  308M 0s
  1950K .......... .......... .......... .......... .......... 64%  390M 0s
  2000K .......... .......... .......... .......... .......... 66%  239M 0s
  2050K .......... .......... .......... .......... .......... 67%  384M 0s
  2100K .......... .......... .......... .......... .......... 69%  351M 0s
  2150K .......... .......... .......... .......... .......... 71%  383M 0s
  2200K .......... .......... .......... .......... .......... 72%  366M 0s
  2250K .......... .......... .......... .......... .......... 74%  381M 0s
  2300K .......... .......... .......... .......... .......... 75%  385M 0s
  2350K .......... .......... .......... .......... .......... 77%  396M 0s
  2400K .......... .......... .......... .......... .......... 79% 24.8M 0s
  2450K .......... .......... .......... .......... .......... 80%  125M 0s
  2500K .......... .......... .......... .......... .......... 82%  106M 0s
  2550K .......... .......... .......... .......... .......... 83%  158M 0s
  2600K .......... .......... .......... .......... .......... 85%  106M 0s
  2650K .......... .......... .......... .......... .......... 87%  192M 0s
  2700K .......... .......... .......... .......... .......... 88%  138M 0s
  2750K .......... .......... .......... .......... .......... 90%  119M 0s
  2800K .......... .......... .......... .......... .......... 92% 90.7M 0s
  2850K .......... .......... .......... .......... .......... 93%  370M 0s
  2900K .......... .......... .......... .......... .......... 95%  380M 0s
  2950K .......... .......... .......... .......... .......... 96%  369M 0s
  3000K .......... .......... .......... .......... .......... 98%  378M 0s
  3050K .......... .......... .......... .......... .......   100%  370M=0.2s

2025-06-07 19:10:00 (14.9 MB/s) - 'sqlite-autoconf-3500100.tar.gz' saved [3172122/3172122]

sqlite-autoconf-3500100/
sqlite-autoconf-3500100/sqlite3.c
sqlite-autoconf-3500100/sqlite3.rc
sqlite-autoconf-3500100/Makefile.msc
sqlite-autoconf-3500100/sqlite3.1
sqlite-autoconf-3500100/auto.def
sqlite-autoconf-3500100/Makefile.in
sqlite-autoconf-3500100/autosetup/
sqlite-autoconf-3500100/autosetup/jimsh0.c
sqlite-autoconf-3500100/autosetup/find_tclconfig.tcl
sqlite-autoconf-3500100/autosetup/system.tcl
sqlite-autoconf-3500100/autosetup/pkg-config.tcl
sqlite-autoconf-3500100/autosetup/autosetup-config.sub
sqlite-autoconf-3500100/autosetup/cc.tcl
sqlite-autoconf-3500100/autosetup/LICENSE
sqlite-autoconf-3500100/autosetup/autosetup
sqlite-autoconf-3500100/autosetup/sqlite-config.tcl
sqlite-autoconf-3500100/autosetup/proj.tcl
sqlite-autoconf-3500100/autosetup/cc-db.tcl
sqlite-autoconf-3500100/autosetup/README.autosetup
sqlite-autoconf-3500100/autosetup/cc-lib.tcl
sqlite-autoconf-3500100/autosetup/autosetup-config.guess
sqlite-autoconf-3500100/autosetup/autosetup-test-tclsh
sqlite-autoconf-3500100/autosetup/teaish/
sqlite-autoconf-3500100/autosetup/teaish/core.tcl
sqlite-autoconf-3500100/autosetup/teaish/feature.tcl
sqlite-autoconf-3500100/autosetup/teaish/README.txt
sqlite-autoconf-3500100/autosetup/teaish/tester.tcl
sqlite-autoconf-3500100/autosetup/README.md
sqlite-autoconf-3500100/autosetup/autosetup-find-tclsh
sqlite-autoconf-3500100/autosetup/cc-shared.tcl
sqlite-autoconf-3500100/VERSION
sqlite-autoconf-3500100/Makefile.fallback
sqlite-autoconf-3500100/shell.c
sqlite-autoconf-3500100/sqlite3.h
sqlite-autoconf-3500100/README.txt
sqlite-autoconf-3500100/tea/
sqlite-autoconf-3500100/tea/teaish.tcl
sqlite-autoconf-3500100/tea/auto.def
sqlite-autoconf-3500100/tea/teaish.test.tcl
sqlite-autoconf-3500100/tea/Makefile.in
sqlite-autoconf-3500100/tea/README.txt
sqlite-autoconf-3500100/tea/_teaish.tester.tcl.in
sqlite-autoconf-3500100/tea/doc/
sqlite-autoconf-3500100/tea/doc/sqlite3.n
sqlite-autoconf-3500100/tea/pkgIndex.tcl.in
sqlite-autoconf-3500100/tea/configure
sqlite-autoconf-3500100/tea/license.terms
sqlite-autoconf-3500100/tea/generic/
sqlite-autoconf-3500100/tea/generic/tclsqlite3.c
sqlite-autoconf-3500100/sqlite3ext.h
sqlite-autoconf-3500100/configure
sqlite-autoconf-3500100/Replace.cs
sqlite-autoconf-3500100/sqlite3rc.h
sqlite-autoconf-3500100/sqlite3.pc.in
No installed jimsh or tclsh, building local bootstrap jimsh0
Configuring SQLite version 3.50.1
Host System...x86_64-pc-linux-gnu
Build System...x86_64-pc-linux-gnu
Source dir = /blfs/builds/sqlite-autoconf-3500100
Build dir  = /blfs/builds/sqlite-autoconf-3500100
C compiler... cc -O2 -DSQLITE_ENABLE_FTS3=1                                  -DSQLITE_ENABLE_FTS4=1                                  -DSQLITE_ENABLE_COLUMN_METADATA=1                       -DSQLITE_ENABLE_UNLOCK_NOTIFY=1                         -DSQLITE_ENABLE_DBSTAT_VTAB=1                           -DSQLITE_SECURE_DELETE=1                                -DSQLITE_ENABLE_FTS3_TOKENIZER=1
C++ compiler... c++ -O2 -DSQLITE_ENABLE_FTS3=1                                  -DSQLITE_ENABLE_FTS4=1                                  -DSQLITE_ENABLE_COLUMN_METADATA=1                       -DSQLITE_ENABLE_UNLOCK_NOTIFY=1                         -DSQLITE_ENABLE_DBSTAT_VTAB=1                           -DSQLITE_SECURE_DELETE=1                                -DSQLITE_ENABLE_FTS3_TOKENIZER=1
Build C compiler...cc
Checking for stdlib.h...ok
Checking for sys/types.h...ok
Checking if -D_FILE_OFFSET_BITS=64 is needed...no
SQLITE_DEBUG build? no
Looking for install ... /usr/bin/install
Checking for int8_t...ok
Checking for int16_t...ok
Checking for int32_t...ok
Checking for int64_t...ok
Checking for intptr_t...ok
Checking for uint8_t...ok
Checking for uint16_t...ok
Checking for uint32_t...ok
Checking for uint64_t...ok
Checking for uintptr_t...ok
Checking for gmtime_r...ok
Checking for isnan...ok
Checking for localtime_r...ok
Checking for localtime_s...not found
Checking for strchrnul...ok
Checking for usleep...ok
Checking for utime...ok
Checking for pread...ok
Checking for pread64...ok
Checking for pwrite...ok
Checking for pwrite64...ok
Checking libs for fdatasync...none needed
Checking libs for nanosleep...none needed
Checking for sys/types.h...(cached) ok
Checking for sys/stat.h...ok
Checking for dlfcn.h...ok
Checking for unistd.h...ok
Checking for stdlib.h...ok
Checking for malloc.h...ok
Checking for memory.h...ok
Checking for string.h...ok
Checking for strings.h...ok
Checking for inttypes.h...ok
Checking for zlib.h...ok
Checking libs for deflate...-lz
Link library statically into the CLI shell? yes
Statically link CLI shell? no
Checking whether the C compiler accepts -rpath /usr/lib...no
Checking whether the C compiler accepts -Wl,-rpath,/usr/lib...yes
Support threadsafe operation? Checking for libs...
Checking libs for pthread_create...none needed
Checking libs for pthread_mutexattr_init...none needed
Checking libs for dlopen...none needed
Loadable extension support enabled.
Checking libs for ceil...-lm
Enabling math SQL functions
ICU support is disabled.
Checking for line-editing capability...
Checking libs for tgetent...-lncurses
Checking libs for readline...-lreadline
Using readline flags: -I/usr/include -lreadline -lncurses
Line-editing support for the sqlite3 shell: readline
Build shared library? yes
Build static library? no

    NOTICE: static lib build may be implicitly re-activated by
    other components, e.g. some test apps.

Feature flags...
  - fts3
  - fts4
  + fts5
  - geopoly
  - rtree
  - session
  - update-limit
  - memsys5
  - memsys3
  - scanstatus
  + json
Library feature flags: -DSQLITE_ENABLE_COLUMN_METADATA=1 -DSQLITE_ENABLE_DBSTAT_VTAB=1 -DSQLITE_ENABLE_FTS3=1 -DSQLITE_ENABLE_FTS3_TOKENIZER=1 -DSQLITE_ENABLE_FTS4=1 -DSQLITE_ENABLE_FTS5 -DSQLITE_ENABLE_MATH_FUNCTIONS -DSQLITE_ENABLE_UNLOCK_NOTIFY=1 -DSQLITE_THREADSAFE=1
Shell options: -DHAVE_READLINE=1 -DSQLITE_HAVE_ZLIB=1
Created Makefile from Makefile.in
Created sqlite3.pc from sqlite3.pc.in
Created sqlite_cfg.h
cc -c /blfs/builds/sqlite-autoconf-3500100/sqlite3.c -o sqlite3.o -O2 -DSQLITE_SECURE_DELETE=1 -I. -fPIC  -DSQLITE_ENABLE_COLUMN_METADATA=1 -DSQLITE_ENABLE_DBSTAT_VTAB=1 -DSQLITE_ENABLE_FTS3=1 -DSQLITE_ENABLE_FTS3_TOKENIZER=1 -DSQLITE_ENABLE_FTS4=1 -DSQLITE_ENABLE_FTS5 -DSQLITE_ENABLE_MATH_FUNCTIONS -DSQLITE_ENABLE_UNLOCK_NOTIFY=1 -DSQLITE_THREADSAFE=1
cc -o sqlite3 \
	/blfs/builds/sqlite-autoconf-3500100/shell.c /blfs/builds/sqlite-autoconf-3500100/sqlite3.c -Wl,-rpath,/usr/lib  -lm  -lz    \
	 \
	-I. -DSQLITE_ENABLE_COLUMN_METADATA=1 -DSQLITE_ENABLE_DBSTAT_VTAB=1 -DSQLITE_ENABLE_FTS3=1 -DSQLITE_ENABLE_FTS3_TOKENIZER=1 -DSQLITE_ENABLE_FTS4=1 -DSQLITE_ENABLE_FTS5 -DSQLITE_ENABLE_MATH_FUNCTIONS -DSQLITE_ENABLE_UNLOCK_NOTIFY=1 -DSQLITE_THREADSAFE=1 -DHAVE_READLINE=1 -DSQLITE_HAVE_ZLIB=1 \
	-O2 -DSQLITE_SECURE_DELETE=1 -I/usr/include  \
	 -lreadline -lncurses
cc -o libsqlite3.so  sqlite3.o -shared \
	 -Wl,-rpath,/usr/lib  -lm  -lz    \
	 
+ /usr/bin/install -d /pkgs/sqlite/usr/lib
if [ x != "x" ] && [ -f "" ]; then \
	/usr/bin/install  "/pkgs/sqlite/usr/lib"; \
fi
/usr/bin/install libsqlite3.so "/pkgs/sqlite/usr/lib"
Setting up libsqlite3.so version symlinks...
lrwxrwxrwx 1 root root      20 Jun  7 19:10 libsqlite3.so -> libsqlite3.so.3.50.1
lrwxrwxrwx 1 root root      20 Jun  7 19:10 libsqlite3.so.0 -> libsqlite3.so.3.50.1
-rwxr-xr-x 1 root root 1568136 Jun  7 19:10 libsqlite3.so.3.50.1
+ /usr/bin/install -d /pkgs/sqlite/usr/bin
/usr/bin/install sqlite3 "/pkgs/sqlite/usr/bin"
+ /usr/bin/install -d /pkgs/sqlite/usr/include
/usr/bin/install -m 0644 /blfs/builds/sqlite-autoconf-3500100/sqlite3.h /blfs/builds/sqlite-autoconf-3500100/sqlite3ext.h "/pkgs/sqlite/usr/include"
+ /usr/bin/install -d /pkgs/sqlite/usr/lib/pkgconfig
/usr/bin/install -m 0644 sqlite3.pc "/pkgs/sqlite/usr/lib/pkgconfig"
+ /usr/bin/install -d /pkgs/sqlite/usr/share/man/man1
/usr/bin/install -m 0644 /blfs/builds/sqlite-autoconf-3500100/sqlite3.1 "/pkgs/sqlite/usr/share/man/man1"
if [ x != "x" ] && [ -f "" ]; then \
	/usr/bin/install  "/usr/lib"; \
fi
/usr/bin/install libsqlite3.so "/usr/lib"
Setting up libsqlite3.so version symlinks...
lrwxrwxrwx 1 root root      20 Jun  7 19:10 libsqlite3.so -> libsqlite3.so.3.50.1
lrwxrwxrwx 1 root root      20 Jun  7 19:10 libsqlite3.so.0 -> libsqlite3.so.3.50.1
-rwxr-xr-x 1 root root 1563728 May  8 07:10 libsqlite3.so.3.49.2
-rwxr-xr-x 1 root root 1568136 Jun  7 19:10 libsqlite3.so.3.50.1
/usr/bin/install sqlite3 "/usr/bin"
/usr/bin/install -m 0644 /blfs/builds/sqlite-autoconf-3500100/sqlite3.h /blfs/builds/sqlite-autoconf-3500100/sqlite3ext.h "/usr/include"
/usr/bin/install -m 0644 sqlite3.pc "/usr/lib/pkgconfig"
/usr/bin/install -m 0644 /blfs/builds/sqlite-autoconf-3500100/sqlite3.1 "/usr/share/man/man1"
sqlite/
sqlite/usr/
sqlite/usr/share/
sqlite/usr/share/man/
sqlite/usr/share/man/man1/
sqlite/usr/share/man/man1/sqlite3.1
sqlite/usr/lib/
sqlite/usr/lib/libsqlite3.so.3.50.1
sqlite/usr/lib/libsqlite3.so.0
sqlite/usr/lib/pkgconfig/
sqlite/usr/lib/pkgconfig/sqlite3.pc
sqlite/usr/lib/libsqlite3.so
sqlite/usr/include/
sqlite/usr/include/sqlite3ext.h
sqlite/usr/include/sqlite3.h
sqlite/usr/bin/
sqlite/usr/bin/sqlite3
sqlite/version
sqlite/depends
sqlite/make-depends
