--2025-06-14 08:00:32--  https://downloads.sourceforge.net/libpng/libpng-1.6.49.tar.xz
Resolving downloads.sourceforge.net (downloads.sourceforge.net)... 2606:4700::6812:d95, 2606:4700::6812:c95, 104.18.12.149, ...
Connecting to downloads.sourceforge.net (downloads.sourceforge.net)|2606:4700::6812:d95|:443... connected.
HTTP request sent, awaiting response... 301 Moved Permanently
Location: https://downloads.sourceforge.net/project/libpng/libpng16/1.6.49/libpng-1.6.49.tar.xz [following]
--2025-06-14 08:00:32--  https://downloads.sourceforge.net/project/libpng/libpng16/1.6.49/libpng-1.6.49.tar.xz
Reusing existing connection to [downloads.sourceforge.net]:443.
HTTP request sent, awaiting response... 302 Found
Location: https://psychz.dl.sourceforge.net/project/libpng/libpng16/1.6.49/libpng-1.6.49.tar.xz?viasf=1 [following]
--2025-06-14 08:00:32--  https://psychz.dl.sourceforge.net/project/libpng/libpng16/1.6.49/libpng-1.6.49.tar.xz?viasf=1
Resolving psychz.dl.sourceforge.net (psychz.dl.sourceforge.net)... 208.87.241.191
Connecting to psychz.dl.sourceforge.net (psychz.dl.sourceforge.net)|208.87.241.191|:443... connected.
HTTP request sent, awaiting response... 200 OK
Length: 1060752 (1.0M) [application/octet-stream]
Saving to: 'libpng-1.6.49.tar.xz.1'

     0K .......... .......... .......... .......... ..........  4%  687K 1s
    50K .......... .......... .......... .......... ..........  9%  747K 1s
   100K .......... .......... .......... .......... .......... 14% 58.2M 1s
   150K .......... .......... .......... .......... .......... 19%  698K 1s
   200K .......... .......... .......... .......... .......... 24%  118M 1s
   250K .......... .......... .......... .......... .......... 28%  116M 1s
   300K .......... .......... .......... .......... .......... 33% 71.3M 0s
   350K .......... .......... .......... .......... .......... 38%  798K 0s
   400K .......... .......... .......... .......... .......... 43% 15.7M 0s
   450K .......... .......... .......... .......... .......... 48%  117M 0s
   500K .......... .......... .......... .......... .......... 53%  116M 0s
   550K .......... .......... .......... .......... .......... 57%  115M 0s
   600K .......... .......... .......... .......... .......... 62%  132M 0s
   650K .......... .......... .......... .......... .......... 67%  118M 0s
   700K .......... .......... .......... .......... .......... 72%  717K 0s
   750K .......... .......... .......... .......... .......... 77% 73.2M 0s
   800K .......... .......... .......... .......... .......... 82%  174M 0s
   850K .......... .......... .......... .......... .......... 86% 89.4M 0s
   900K .......... .......... .......... .......... .......... 91%  162M 0s
   950K .......... .......... .......... .......... .......... 96% 88.3M 0s
  1000K .......... .......... .......... .....                100% 47.9M=0.4s

2025-06-14 08:00:33 (2.85 MB/s) - 'libpng-1.6.49.tar.xz.1' saved [1060752/1060752]

--2025-06-14 08:00:33--  https://downloads.sourceforge.net/sourceforge/libpng-apng/libpng-1.6.49-apng.patch.gz
Resolving downloads.sourceforge.net (downloads.sourceforge.net)... 2606:4700::6812:c95, 2606:4700::6812:d95, 104.18.13.149, ...
Connecting to downloads.sourceforge.net (downloads.sourceforge.net)|2606:4700::6812:c95|:443... connected.
HTTP request sent, awaiting response... 404 Not Found
2025-06-14 08:00:34 ERROR 404: Not Found.

