--2025-06-14 08:00:28--  https://downloads.sourceforge.net/libpng/libpng-1.6.49.tar.xz
Resolving downloads.sourceforge.net (downloads.sourceforge.net)... 2606:4700::6812:c95, 2606:4700::6812:d95, 104.18.12.149, ...
Connecting to downloads.sourceforge.net (downloads.sourceforge.net)|2606:4700::6812:c95|:443... connected.
HTTP request sent, awaiting response... 301 Moved Permanently
Location: https://downloads.sourceforge.net/project/libpng/libpng16/1.6.49/libpng-1.6.49.tar.xz [following]
--2025-06-14 08:00:29--  https://downloads.sourceforge.net/project/libpng/libpng16/1.6.49/libpng-1.6.49.tar.xz
Reusing existing connection to [downloads.sourceforge.net]:443.
HTTP request sent, awaiting response... 302 Found
Location: https://netactuate.dl.sourceforge.net/project/libpng/libpng16/1.6.49/libpng-1.6.49.tar.xz?viasf=1 [following]
--2025-06-14 08:00:29--  https://netactuate.dl.sourceforge.net/project/libpng/libpng16/1.6.49/libpng-1.6.49.tar.xz?viasf=1
Resolving netactuate.dl.sourceforge.net (netactuate.dl.sourceforge.net)... 104.225.3.66
Connecting to netactuate.dl.sourceforge.net (netactuate.dl.sourceforge.net)|104.225.3.66|:443... connected.
HTTP request sent, awaiting response... 200 OK
Length: 1060752 (1.0M) [application/octet-stream]
Saving to: 'libpng-1.6.49.tar.xz'

     0K .......... .......... .......... .......... ..........  4% 2.03M 0s
    50K .......... .......... .......... .......... ..........  9% 2.01M 0s
   100K .......... .......... .......... .......... .......... 14%  106M 0s
   150K .......... .......... .......... .......... .......... 19%  107M 0s
   200K .......... .......... .......... .......... .......... 24% 2.12M 0s
   250K .......... .......... .......... .......... .......... 28%  173M 0s
   300K .......... .......... .......... .......... .......... 33%  103M 0s
   350K .......... .......... .......... .......... .......... 38% 84.6M 0s
   400K .......... .......... .......... .......... .......... 43% 2.16M 0s
   450K .......... .......... .......... .......... .......... 48%  120M 0s
   500K .......... .......... .......... .......... .......... 53%  120M 0s
   550K .......... .......... .......... .......... .......... 57%  127M 0s
   600K .......... .......... .......... .......... .......... 62%  102M 0s
   650K .......... .......... .......... .......... .......... 67%  172M 0s
   700K .......... .......... .......... .......... .......... 72% 97.1M 0s
   750K .......... .......... .......... .......... .......... 77% 96.7M 0s
   800K .......... .......... .......... .......... .......... 82%  100M 0s
   850K .......... .......... .......... .......... .......... 86% 1.08M 0s
   900K .......... .......... .......... .......... .......... 91%  724M 0s
   950K .......... .......... .......... .......... .......... 96%  797M 0s
  1000K .......... .......... .......... .....                100%  904M=0.1s

2025-06-14 08:00:29 (6.98 MB/s) - 'libpng-1.6.49.tar.xz' saved [1060752/1060752]

--2025-06-14 08:00:29--  https://downloads.sourceforge.net/sourceforge/libpng-apng/libpng-1.6.49-apng.patch.gz
Resolving downloads.sourceforge.net (downloads.sourceforge.net)... 2606:4700::6812:d95, 2606:4700::6812:c95, 104.18.12.149, ...
Connecting to downloads.sourceforge.net (downloads.sourceforge.net)|2606:4700::6812:d95|:443... connected.
HTTP request sent, awaiting response... 404 Not Found
2025-06-14 08:00:29 ERROR 404: Not Found.

