--2025-06-14 08:22:58--  https://github.com/thesofproject/sof-bin/releases/download/v2025.01.1/sof-bin-2025.01.1.tar.gz
Resolving github.com (github.com)... 140.82.113.4
Connecting to github.com (github.com)|140.82.113.4|:443... connected.
HTTP request sent, awaiting response... 302 Found
Location: https://objects.githubusercontent.com/github-production-release-asset-2e65be/240918405/335485a2-28bb-46e1-aff8-0911c1257ed4?X-Amz-Algorithm=AWS4-HMAC-SHA256&X-Amz-Credential=releaseassetproduction%2F20250614%2Fus-east-1%2Fs3%2Faws4_request&X-Amz-Date=20250614T082258Z&X-Amz-Expires=300&X-Amz-Signature=cd00b895a746ff2facd28ac20ba04ffd2ac15665807a0e37d0b4514f05d99025&X-Amz-SignedHeaders=host&response-content-disposition=attachment%3B%20filename%3Dsof-bin-2025.01.1.tar.gz&response-content-type=application%2Foctet-stream [following]
--2025-06-14 08:22:58--  https://objects.githubusercontent.com/github-production-release-asset-2e65be/240918405/335485a2-28bb-46e1-aff8-0911c1257ed4?X-Amz-Algorithm=AWS4-HMAC-SHA256&X-Amz-Credential=releaseassetproduction%2F20250614%2Fus-east-1%2Fs3%2Faws4_request&X-Amz-Date=20250614T082258Z&X-Amz-Expires=300&X-Amz-Signature=cd00b895a746ff2facd28ac20ba04ffd2ac15665807a0e37d0b4514f05d99025&X-Amz-SignedHeaders=host&response-content-disposition=attachment%3B%20filename%3Dsof-bin-2025.01.1.tar.gz&response-content-type=application%2Foctet-stream
Resolving objects.githubusercontent.com (objects.githubusercontent.com)... 185.199.108.133, 185.199.110.133, 185.199.111.133, ...
Connecting to objects.githubusercontent.com (objects.githubusercontent.com)|185.199.108.133|:443... connected.
HTTP request sent, awaiting response... 200 OK
Length: 10451910 (10.0M) [application/octet-stream]
Saving to: 'sof-bin-2025.01.1.tar.gz'

     0K .......... .......... .......... .......... ..........  0% 7.32M 1s
    50K .......... .......... .......... .......... ..........  0% 20.3M 1s
   100K .......... .......... .......... .......... ..........  1% 9.20M 1s
   150K .......... .......... .......... .......... ..........  1% 74.8M 1s
   200K .......... .......... .......... .......... ..........  2% 59.2M 1s
   250K .......... .......... .......... .......... ..........  2% 19.3M 1s
   300K .......... .......... .......... .......... ..........  3%  119M 1s
   350K .......... .......... .......... .......... ..........  3%  118M 0s
   400K .......... .......... .......... .......... ..........  4% 92.7M 0s
   450K .......... .......... .......... .......... ..........  4% 17.4M 0s
   500K .......... .......... .......... .......... ..........  5%  118M 0s
   550K .......... .......... .......... .......... ..........  5%  118M 0s
   600K .......... .......... .......... .......... ..........  6%  118M 0s
   650K .......... .......... .......... .......... ..........  6%  119M 0s
   700K .......... .......... .......... .......... ..........  7%  118M 0s
   750K .......... .......... .......... .......... ..........  7%  118M 0s
   800K .......... .......... .......... .......... ..........  8% 39.0M 0s
   850K .......... .......... .......... .......... ..........  8%  118M 0s
   900K .......... .......... .......... .......... ..........  9%  118M 0s
   950K .......... .......... .......... .......... ..........  9%  105M 0s
  1000K .......... .......... .......... .......... .......... 10%  118M 0s
  1050K .......... .......... .......... .......... .......... 10%  118M 0s
  1100K .......... .......... .......... .......... .......... 11%  119M 0s
  1150K .......... .......... .......... .......... .......... 11% 28.2M 0s
  1200K .......... .......... .......... .......... .......... 12% 94.3M 0s
  1250K .......... .......... .......... .......... .......... 12%  105M 0s
  1300K .......... .......... .......... .......... .......... 13%  118M 0s
  1350K .......... .......... .......... .......... .......... 13%  118M 0s
  1400K .......... .......... .......... .......... .......... 14%  119M 0s
  1450K .......... .......... .......... .......... .......... 14%  118M 0s
  1500K .......... .......... .......... .......... .......... 15%  118M 0s
  1550K .......... .......... .......... .......... .......... 15%  118M 0s
  1600K .......... .......... .......... .......... .......... 16% 84.6M 0s
  1650K .......... .......... .......... .......... .......... 16%  118M 0s
  1700K .......... .......... .......... .......... .......... 17%  118M 0s
  1750K .......... .......... .......... .......... .......... 17% 2.91M 0s
  1800K .......... .......... .......... .......... .......... 18%  160M 0s
  1850K .......... .......... .......... .......... .......... 18%  832M 0s
  1900K .......... .......... .......... .......... .......... 19%  140M 0s
  1950K .......... .......... .......... .......... .......... 19%  109M 0s
  2000K .......... .......... .......... .......... .......... 20%  566M 0s
  2050K .......... .......... .......... .......... .......... 20%  726M 0s
  2100K .......... .......... .......... .......... .......... 21%  808M 0s
  2150K .......... .......... .......... .......... .......... 21%  848M 0s
  2200K .......... .......... .......... .......... .......... 22%  710M 0s
  2250K .......... .......... .......... .......... .......... 22%  118M 0s
  2300K .......... .......... .......... .......... .......... 23%  781M 0s
  2350K .......... .......... .......... .......... .......... 23%  139M 0s
  2400K .......... .......... .......... .......... .......... 24%  856M 0s
  2450K .......... .......... .......... .......... .......... 24%  847M 0s
  2500K .......... .......... .......... .......... .......... 24%  817M 0s
  2550K .......... .......... .......... .......... .......... 25% 86.8M 0s
  2600K .......... .......... .......... .......... .......... 25%  827M 0s
  2650K .......... .......... .......... .......... .......... 26%  879M 0s
  2700K .......... .......... .......... .......... .......... 26%  868M 0s
  2750K .......... .......... .......... .......... .......... 27%  629M 0s
  2800K .......... .......... .......... .......... .......... 27%  856M 0s
  2850K .......... .......... .......... .......... .......... 28%  840M 0s
  2900K .......... .......... .......... .......... .......... 28%  846M 0s
  2950K .......... .......... .......... .......... .......... 29% 45.6M 0s
  3000K .......... .......... .......... .......... .......... 29%  206M 0s
  3050K .......... .......... .......... .......... .......... 30%  826M 0s
  3100K .......... .......... .......... .......... .......... 30%  103M 0s
  3150K .......... .......... .......... .......... .......... 31%  184M 0s
  3200K .......... .......... .......... .......... .......... 31%  103M 0s
  3250K .......... .......... .......... .......... .......... 32%  853M 0s
  3300K .......... .......... .......... .......... .......... 32% 6.90M 0s
  3350K .......... .......... .......... .......... .......... 33%  803M 0s
  3400K .......... .......... .......... .......... .......... 33%  848M 0s
  3450K .......... .......... .......... .......... .......... 34%  862M 0s
  3500K .......... .......... .......... .......... .......... 34%  834M 0s
  3550K .......... .......... .......... .......... .......... 35%  657M 0s
  3600K .......... .......... .......... .......... .......... 35%  834M 0s
  3650K .......... .......... .......... .......... .......... 36%  865M 0s
  3700K .......... .......... .......... .......... .......... 36%  690M 0s
  3750K .......... .......... .......... .......... .......... 37%  876M 0s
  3800K .......... .......... .......... .......... .......... 37%  790M 0s
  3850K .......... .......... .......... .......... .......... 38%  825M 0s
  3900K .......... .......... .......... .......... .......... 38%  766M 0s
  3950K .......... .......... .......... .......... .......... 39%  641M 0s
  4000K .......... .......... .......... .......... .......... 39% 15.3M 0s
  4050K .......... .......... .......... .......... .......... 40%  693M 0s
  4100K .......... .......... .......... .......... .......... 40%  832M 0s
  4150K .......... .......... .......... .......... .......... 41%  859M 0s
  4200K .......... .......... .......... .......... .......... 41%  759M 0s
  4250K .......... .......... .......... .......... .......... 42%  879M 0s
  4300K .......... .......... .......... .......... .......... 42%  868M 0s
  4350K .......... .......... .......... .......... .......... 43%  845M 0s
  4400K .......... .......... .......... .......... .......... 43%  620M 0s
  4450K .......... .......... .......... .......... .......... 44%  837M 0s
  4500K .......... .......... .......... .......... .......... 44%  887M 0s
  4550K .......... .......... .......... .......... .......... 45%  879M 0s
  4600K .......... .......... .......... .......... .......... 45%  744M 0s
  4650K .......... .......... .......... .......... .......... 46%  883M 0s
  4700K .......... .......... .......... .......... .......... 46%  855M 0s
  4750K .......... .......... .......... .......... .......... 47%  641M 0s
  4800K .......... .......... .......... .......... .......... 47%  666M 0s
  4850K .......... .......... .......... .......... .......... 48%  793M 0s
  4900K .......... .......... .......... .......... .......... 48%  873M 0s
  4950K .......... .......... .......... .......... .......... 48%  845M 0s
  5000K .......... .......... .......... .......... .......... 49%  888M 0s
  5050K .......... .......... .......... .......... .......... 49%  875M 0s
  5100K .......... .......... .......... .......... .......... 50%  838M 0s
  5150K .......... .......... .......... .......... .......... 50%  756M 0s
  5200K .......... .......... .......... .......... .......... 51%  833M 0s
  5250K .......... .......... .......... .......... .......... 51%  854M 0s
  5300K .......... .......... .......... .......... .......... 52%  861M 0s
  5350K .......... .......... .......... .......... .......... 52%  641M 0s
  5400K .......... .......... .......... .......... .......... 53%  766M 0s
  5450K .......... .......... .......... .......... .......... 53%  846M 0s
  5500K .......... .......... .......... .......... .......... 54%  831M 0s
  5550K .......... .......... .......... .......... .......... 54%  855M 0s
  5600K .......... .......... .......... .......... .......... 55%  825M 0s
  5650K .......... .......... .......... .......... .......... 55%  876M 0s
  5700K .......... .......... .......... .......... .......... 56%  819M 0s
  5750K .......... .......... .......... .......... .......... 56%  657M 0s
  5800K .......... .......... .......... .......... .......... 57%  114M 0s
  5850K .......... .......... .......... .......... .......... 57%  152M 0s
  5900K .......... .......... .......... .......... .......... 58% 18.7M 0s
  5950K .......... .......... .......... .......... .......... 58%  179M 0s
  6000K .......... .......... .......... .......... .......... 59% 94.2M 0s
  6050K .......... .......... .......... .......... .......... 59%  104M 0s
  6100K .......... .......... .......... .......... .......... 60% 97.3M 0s
  6150K .......... .......... .......... .......... .......... 60%  171M 0s
  6200K .......... .......... .......... .......... .......... 61%  102M 0s
  6250K .......... .......... .......... .......... .......... 61% 96.3M 0s
  6300K .......... .......... .......... .......... .......... 62%  180M 0s
  6350K .......... .......... .......... .......... .......... 62%  100M 0s
  6400K .......... .......... .......... .......... .......... 63% 93.1M 0s
  6450K .......... .......... .......... .......... .......... 63%  102M 0s
  6500K .......... .......... .......... .......... .......... 64% 6.67M 0s
  6550K .......... .......... .......... .......... .......... 64%  192M 0s
  6600K .......... .......... .......... .......... .......... 65%  181M 0s
  6650K .......... .......... .......... .......... .......... 65%  220M 0s
  6700K .......... .......... .......... .......... .......... 66%  823M 0s
  6750K .......... .......... .......... .......... .......... 66%  478M 0s
  6800K .......... .......... .......... .......... .......... 67%  122M 0s
  6850K .......... .......... .......... .......... .......... 67%  882M 0s
  6900K .......... .......... .......... .......... .......... 68%  868M 0s
  6950K .......... .......... .......... .......... .......... 68%  844M 0s
  7000K .......... .......... .......... .......... .......... 69%  909M 0s
  7050K .......... .......... .......... .......... .......... 69%  870M 0s
  7100K .......... .......... .......... .......... .......... 70%  870M 0s
  7150K .......... .......... .......... .......... .......... 70%  882M 0s
  7200K .......... .......... .......... .......... .......... 71%  654M 0s
  7250K .......... .......... .......... .......... .......... 71%  882M 0s
  7300K .......... .......... .......... .......... .......... 72%  864M 0s
  7350K .......... .......... .......... .......... .......... 72%  887M 0s
  7400K .......... .......... .......... .......... .......... 72%  886M 0s
  7450K .......... .......... .......... .......... .......... 73% 32.3M 0s
  7500K .......... .......... .......... .......... .......... 73%  126M 0s
  7550K .......... .......... .......... .......... .......... 74%  102M 0s
  7600K .......... .......... .......... .......... .......... 74% 96.9M 0s
  7650K .......... .......... .......... .......... .......... 75% 96.8M 0s
  7700K .......... .......... .......... .......... .......... 75%  178M 0s
  7750K .......... .......... .......... .......... .......... 76% 98.6M 0s
  7800K .......... .......... .......... .......... .......... 76% 97.6M 0s
  7850K .......... .......... .......... .......... .......... 77%  177M 0s
  7900K .......... .......... .......... .......... .......... 77%  101M 0s
  7950K .......... .......... .......... .......... .......... 78% 99.1M 0s
  8000K .......... .......... .......... .......... .......... 78% 94.9M 0s
  8050K .......... .......... .......... .......... .......... 79%  176M 0s
  8100K .......... .......... .......... .......... .......... 79% 99.2M 0s
  8150K .......... .......... .......... .......... .......... 80% 6.71M 0s
  8200K .......... .......... .......... .......... .......... 80%  821M 0s
  8250K .......... .......... .......... .......... .......... 81%  874M 0s
  8300K .......... .......... .......... .......... .......... 81%  850M 0s
  8350K .......... .......... .......... .......... .......... 82%  825M 0s
  8400K .......... .......... .......... .......... .......... 82%  647M 0s
  8450K .......... .......... .......... .......... .......... 83%  870M 0s
  8500K .......... .......... .......... .......... .......... 83%  875M 0s
  8550K .......... .......... .......... .......... .......... 84%  850M 0s
  8600K .......... .......... .......... .......... .......... 84%  890M 0s
  8650K .......... .......... .......... .......... .......... 85%  870M 0s
  8700K .......... .......... .......... .......... .......... 85%  722M 0s
  8750K .......... .......... .......... .......... .......... 86%  878M 0s
  8800K .......... .......... .......... .......... .......... 86% 20.0M 0s
  8850K .......... .......... .......... .......... .......... 87% 87.9M 0s
  8900K .......... .......... .......... .......... .......... 87%  184M 0s
  8950K .......... .......... .......... .......... .......... 88%  104M 0s
  9000K .......... .......... .......... .......... .......... 88%  101M 0s
  9050K .......... .......... .......... .......... .......... 89%  177M 0s
  9100K .......... .......... .......... .......... .......... 89% 96.0M 0s
  9150K .......... .......... .......... .......... .......... 90% 33.7M 0s
  9200K .......... .......... .......... .......... .......... 90% 64.4M 0s
  9250K .......... .......... .......... .......... .......... 91%  172M 0s
  9300K .......... .......... .......... .......... .......... 91% 17.0M 0s
  9350K .......... .......... .......... .......... .......... 92%  136M 0s
  9400K .......... .......... .......... .......... .......... 92% 98.5M 0s
  9450K .......... .......... .......... .......... .......... 93% 96.1M 0s
  9500K .......... .......... .......... .......... .......... 93% 86.6M 0s
  9550K .......... .......... .......... .......... .......... 94% 97.5M 0s
  9600K .......... .......... .......... .......... .......... 94% 31.4M 0s
  9650K .......... .......... .......... .......... .......... 95%  141M 0s
  9700K .......... .......... .......... .......... .......... 95% 96.2M 0s
  9750K .......... .......... .......... .......... .......... 96%  179M 0s
  9800K .......... .......... .......... .......... .......... 96% 17.1M 0s
  9850K .......... .......... .......... .......... .......... 96%  132M 0s
  9900K .......... .......... .......... .......... .......... 97% 97.9M 0s
  9950K .......... .......... .......... .......... .......... 97% 96.8M 0s
 10000K .......... .......... .......... .......... .......... 98% 93.4M 0s
 10050K .......... .......... .......... .......... .......... 98%  185M 0s
 10100K .......... .......... .......... .......... .......... 99% 93.9M 0s
 10150K .......... .......... .......... .......... .......... 99% 28.3M 0s
 10200K ......                                                100%  361M=0.1s

2025-06-14 08:22:58 (78.5 MB/s) - 'sof-bin-2025.01.1.tar.gz' saved [10451910/10451910]

sof-bin-2025.01.1/
sof-bin-2025.01.1/sof-ace-tplg
sof-bin-2025.01.1/README.Intel
sof-bin-2025.01.1/sof/
sof-bin-2025.01.1/sof/sof-apl.ri
sof-bin-2025.01.1/sof/sof-adl-n.ri
sof-bin-2025.01.1/sof/sof-ehl.ri
sof-bin-2025.01.1/sof/sof-glk.ri
sof-bin-2025.01.1/sof/sof-bdw.ldc
sof-bin-2025.01.1/sof/sof-rpl-s.ldc
sof-bin-2025.01.1/sof/sof-byt.ldc
sof-bin-2025.01.1/sof/sof-glk.ldc
sof-bin-2025.01.1/sof/sof-cht.ldc
sof-bin-2025.01.1/sof/sof-apl.ldc
sof-bin-2025.01.1/sof/sof-adl.ri
sof-bin-2025.01.1/sof/sof-rpl.ri
sof-bin-2025.01.1/sof/sof-tgl.ldc
sof-bin-2025.01.1/sof/sof-cfl.ldc
sof-bin-2025.01.1/sof/community/
sof-bin-2025.01.1/sof/community/sof-apl.ri
sof-bin-2025.01.1/sof/community/sof-adl-n.ri
sof-bin-2025.01.1/sof/community/sof-ehl.ri
sof-bin-2025.01.1/sof/community/sof-glk.ri
sof-bin-2025.01.1/sof/community/sof-adl.ri
sof-bin-2025.01.1/sof/community/sof-rpl.ri
sof-bin-2025.01.1/sof/community/sof-cnl.ri
sof-bin-2025.01.1/sof/community/sof-tgl.ri
sof-bin-2025.01.1/sof/community/sof-icl.ri
sof-bin-2025.01.1/sof/community/sof-tgl-h.ri
sof-bin-2025.01.1/sof/community/sof-rpl-s.ri
sof-bin-2025.01.1/sof/community/sof-jsl.ri
sof-bin-2025.01.1/sof/community/sof-adl-s.ri
sof-bin-2025.01.1/sof/community/sof-cfl.ri
sof-bin-2025.01.1/sof/community/sof-cml.ri
sof-bin-2025.01.1/sof/sof-rpl.ldc
sof-bin-2025.01.1/sof/intel-signed/
sof-bin-2025.01.1/sof/intel-signed/sof-apl.ri
sof-bin-2025.01.1/sof/intel-signed/sof-adl-n.ri
sof-bin-2025.01.1/sof/intel-signed/sof-ehl.ri
sof-bin-2025.01.1/sof/intel-signed/sof-glk.ri
sof-bin-2025.01.1/sof/intel-signed/sof-adl.ri
sof-bin-2025.01.1/sof/intel-signed/sof-rpl.ri
sof-bin-2025.01.1/sof/intel-signed/sof-cnl.ri
sof-bin-2025.01.1/sof/intel-signed/sof-tgl.ri
sof-bin-2025.01.1/sof/intel-signed/sof-icl.ri
sof-bin-2025.01.1/sof/intel-signed/sof-tgl-h.ri
sof-bin-2025.01.1/sof/intel-signed/sof-rpl-s.ri
sof-bin-2025.01.1/sof/intel-signed/sof-jsl.ri
sof-bin-2025.01.1/sof/intel-signed/sof-adl-s.ri
sof-bin-2025.01.1/sof/intel-signed/sof-cfl.ri
sof-bin-2025.01.1/sof/intel-signed/sof-cml.ri
sof-bin-2025.01.1/sof/sof-cnl.ldc
sof-bin-2025.01.1/sof/sof-adl-n.ldc
sof-bin-2025.01.1/sof/sof-cnl.ri
sof-bin-2025.01.1/sof/sof-jsl.ldc
sof-bin-2025.01.1/sof/sof-cht.ri
sof-bin-2025.01.1/sof/sof-tgl.ri
sof-bin-2025.01.1/sof/sof-tgl-h.ldc
sof-bin-2025.01.1/sof/sof-byt.ri
sof-bin-2025.01.1/sof/sof-icl.ri
sof-bin-2025.01.1/sof/sof-cml.ldc
sof-bin-2025.01.1/sof/sof-bdw.ri
sof-bin-2025.01.1/sof/sof-tgl-h.ri
sof-bin-2025.01.1/sof/sof-rpl-s.ri
sof-bin-2025.01.1/sof/sof-jsl.ri
sof-bin-2025.01.1/sof/sof-adl-s.ldc
sof-bin-2025.01.1/sof/sof-ehl.ldc
sof-bin-2025.01.1/sof/sof-adl-s.ri
sof-bin-2025.01.1/sof/sof-icl.ldc
sof-bin-2025.01.1/sof/sof-adl.ldc
sof-bin-2025.01.1/sof/sof-cfl.ri
sof-bin-2025.01.1/sof/sof-cml.ri
sof-bin-2025.01.1/sof-tplg/
sof-bin-2025.01.1/sof-tplg/sof-adl-max98360a-rt5682.tplg
sof-bin-2025.01.1/sof-tplg/sof-tgl-rt711-rt1316-rt714.tplg
sof-bin-2025.01.1/sof-tplg/sof-rpl-rt711-l0-rt1318-l12-rt714-l3.tplg
sof-bin-2025.01.1/sof-tplg/sof-jsl-da7219.tplg
sof-bin-2025.01.1/sof-tplg/sof-jsl-es8336-ssp0.tplg
sof-bin-2025.01.1/sof-tplg/sof-byt-rt5682.tplg
sof-bin-2025.01.1/sof-tplg/sof-apl-es8336-dmic4ch-ssp0.tplg
sof-bin-2025.01.1/sof-tplg/sof-byt-rt5670-ssp0.tplg
sof-bin-2025.01.1/sof-tplg/sof-adl-rt711-l0-rt1308-l12-rt715-l3.tplg
sof-bin-2025.01.1/sof-tplg/sof-tgl-nocodec-hdmi-ssp15.tplg
sof-bin-2025.01.1/sof-tplg/sof-adl-sdw-cs42l42-4ch.tplg
sof-bin-2025.01.1/sof-tplg/sof-adl-max98360a-da7219.tplg
sof-bin-2025.01.1/sof-tplg/sof-tgl-max98357a-rt5682-pdm1-drceq.tplg
sof-bin-2025.01.1/sof-tplg/sof-jsl-es8336-dmic4ch-ssp2.tplg
sof-bin-2025.01.1/sof-tplg/sof-cml-da7219-max98357a.tplg
sof-bin-2025.01.1/sof-tplg/sof-jsl-es8336-ssp2.tplg
sof-bin-2025.01.1/sof-tplg/sof-apl-wm8804.tplg
sof-bin-2025.01.1/sof-tplg/sof-apl-es8336-ssp1.tplg
sof-bin-2025.01.1/sof-tplg/sof-adl-rt1316-l12-rt714-l0.tplg
sof-bin-2025.01.1/sof-tplg/sof-cml-es8336-dmic4ch-ssp0.tplg
sof-bin-2025.01.1/sof-tplg/sof-cml-es8336-dmic2ch-ssp2.tplg
sof-bin-2025.01.1/sof-tplg/sof-cml-es8336-dmic2ch-ssp0.tplg
sof-bin-2025.01.1/sof-tplg/sof-cht-da7213.tplg
sof-bin-2025.01.1/sof-tplg/sof-byt-rt5645-ssp0.tplg
sof-bin-2025.01.1/sof-tplg/sof-tgl-max98357a-rt5682.tplg
sof-bin-2025.01.1/sof-tplg/sof-tgl-rt711-4ch.tplg
sof-bin-2025.01.1/sof-tplg/sof-adl-nocodec.tplg
sof-bin-2025.01.1/sof-tplg/sof-tgl-rt1308-ssp2-hdmi-ssp15.tplg
sof-bin-2025.01.1/sof-tplg/sof-cnl-rt274.tplg
sof-bin-2025.01.1/sof-tplg/sof-cml-rt5682-kwd.tplg
sof-bin-2025.01.1/sof-tplg/sof-cht-rt5670.tplg
sof-bin-2025.01.1/sof-tplg/sof-cht-rt5640.tplg
sof-bin-2025.01.1/sof-tplg/sof-tgl-nocodec.tplg
sof-bin-2025.01.1/sof-tplg/sof-imx8-cs42888.tplg
sof-bin-2025.01.1/sof-tplg/sof-adl-nau8318-nau8825.tplg
sof-bin-2025.01.1/sof-tplg/sof-cht-cx2072x.tplg
sof-bin-2025.01.1/sof-tplg/sof-tgl-h-nocodec.tplg
sof-bin-2025.01.1/sof-tplg/sof-apl-es8336-dmic4ch-ssp5.tplg
sof-bin-2025.01.1/sof-tplg/sof-adl-max98357a-rt5682-waves-2way.tplg
sof-bin-2025.01.1/sof-tplg/sof-glk-es8336-dmic4ch-ssp5.tplg
sof-bin-2025.01.1/sof-tplg/sof-tgl-es8336-ssp1.tplg
sof-bin-2025.01.1/sof-tplg/sof-glk-es8336-dmic4ch-ssp0.tplg
sof-bin-2025.01.1/sof-tplg/sof-apl-demux-pcm512x.tplg
sof-bin-2025.01.1/sof-tplg/sof-tgl-nocodec-ci.tplg
sof-bin-2025.01.1/sof-tplg/sof-mt8195-mt6359-rt1019-rt5682-dts.tplg
sof-bin-2025.01.1/sof-tplg/sof-rpl-rt1316-l12-rt714-l0.tplg
sof-bin-2025.01.1/sof-tplg/sof-cml-es8336-ssp2.tplg
sof-bin-2025.01.1/sof-tplg/sof-adl-max98390-rt5682-rtnr.tplg
sof-bin-2025.01.1/sof-tplg/sof-ehl-rt5660-nohdmi.tplg
sof-bin-2025.01.1/sof-tplg/sof-glk-es8336-ssp1.tplg
sof-bin-2025.01.1/sof-tplg/sof-adl-cs35l41.tplg
sof-bin-2025.01.1/sof-tplg/sof-cnl-nocodec.tplg
sof-bin-2025.01.1/sof-tplg/sof-jsl-es8336-dmic4ch-ssp0.tplg
sof-bin-2025.01.1/sof-tplg/sof-apl-es8336-dmic2ch-ssp1.tplg
sof-bin-2025.01.1/sof-tplg/sof-adl-max98357a-rt5682-2way.tplg
sof-bin-2025.01.1/sof-tplg/sof-glk-da7219-kwd.tplg
sof-bin-2025.01.1/sof-tplg/sof-adl-es8336-ssp1-hdmi-ssp02-4ch.tplg
sof-bin-2025.01.1/sof-tplg/sof-hda-generic-idisp-4ch.tplg
sof-bin-2025.01.1/sof-tplg/sof-apl-es8336-dmic2ch-ssp0.tplg
sof-bin-2025.01.1/sof-tplg/sof-apl-es8336-ssp5.tplg
sof-bin-2025.01.1/sof-tplg/sof-icl-rt700-2ch.tplg
sof-bin-2025.01.1/sof-tplg/sof-adl-max98360a-rt5682-rtnr.tplg
sof-bin-2025.01.1/sof-tplg/sof-cml-rt711-rt1308-mono-rt715.tplg
sof-bin-2025.01.1/sof-tplg/sof-byt-rt5640-ssp0.tplg
sof-bin-2025.01.1/sof-tplg/sof-tgl-es8336-dmic4ch-ssp0.tplg
sof-bin-2025.01.1/sof-tplg/sof-cht-max98090.tplg
sof-bin-2025.01.1/sof-tplg/sof-adl-es8336-ssp1.tplg
sof-bin-2025.01.1/sof-tplg/sof-adl-rt1316-l2-mono-rt714-l3.tplg
sof-bin-2025.01.1/sof-tplg/sof-jsl-es8336-dmic2ch-ssp0.tplg
sof-bin-2025.01.1/sof-tplg/sof-icl-rt700.tplg
sof-bin-2025.01.1/sof-tplg/sof-apl-es8336-ssp2.tplg
sof-bin-2025.01.1/sof-tplg/sof-adl-rt1316-l2-mono-rt714-l0.tplg
sof-bin-2025.01.1/sof-tplg/sof-byt-rt5645.tplg
sof-bin-2025.01.1/sof-tplg/sof-icl-rt5682.tplg
sof-bin-2025.01.1/sof-tplg/sof-adl-max98390-rt5682-google-aec.tplg
sof-bin-2025.01.1/sof-tplg/sof-jsl-es8336-ssp1.tplg
sof-bin-2025.01.1/sof-tplg/sof-byt-cx2072x.tplg
sof-bin-2025.01.1/sof-tplg/sof-tgl-max98357a-rt5682-rtnr.tplg
sof-bin-2025.01.1/sof-tplg/sof-tgl-rt711-rt1308-mono-rt715.tplg
sof-bin-2025.01.1/sof-tplg/sof-rpl-rt711-l2-rt1316-l01-rt714-l3.tplg
sof-bin-2025.01.1/sof-tplg/sof-ehl-rt5660.tplg
sof-bin-2025.01.1/sof-tplg/sof-mt8195-mt6359-rt1019-rt5682.tplg
sof-bin-2025.01.1/sof-tplg/sof-icl-es8336-dmic4ch-ssp1.tplg
sof-bin-2025.01.1/sof-tplg/sof-hda-generic-4ch.tplg
sof-bin-2025.01.1/sof-tplg/sof-mt8195-mt6359-max98390-rt5682-rtnr.tplg
sof-bin-2025.01.1/sof-tplg/sof-glk-nocodec.tplg
sof-bin-2025.01.1/sof-tplg/sof-cml-rt5682.tplg
sof-bin-2025.01.1/sof-tplg/sof-ehl-nocodec.tplg
sof-bin-2025.01.1/sof-tplg/sof-glk-es8336-dmic4ch-ssp1.tplg
sof-bin-2025.01.1/sof-tplg/sof-adl-rt1019-nau8825.tplg
sof-bin-2025.01.1/sof-tplg/sof-imx8ulp-9x9-btsco.tplg
sof-bin-2025.01.1/sof-tplg/sof-bdw-nocodec.tplg
sof-bin-2025.01.1/sof-tplg/sof-icl-es8336-ssp0.tplg
sof-bin-2025.01.1/sof-tplg/sof-imx8-drc-wm8960.tplg
sof-bin-2025.01.1/sof-tplg/sof-imx8mp-wm8960-kwd.tplg
sof-bin-2025.01.1/sof-tplg/sof-cht-nau8824.tplg
sof-bin-2025.01.1/sof-tplg/sof-cml-rt700.tplg
sof-bin-2025.01.1/sof-tplg/sof-rpl-rt711-l2-rt1316-l01.tplg
sof-bin-2025.01.1/sof-tplg/sof-tgl-es8336-dmic2ch-ssp1.tplg
sof-bin-2025.01.1/sof-tplg/sof-adl-es8336-ssp0.tplg
sof-bin-2025.01.1/sof-tplg/sof-imx8ulp-btsco.tplg
sof-bin-2025.01.1/sof-tplg/sof-imx8-cs42888-mixer.tplg
sof-bin-2025.01.1/sof-tplg/sof-byt-es8316-ssp0.tplg
sof-bin-2025.01.1/sof-tplg/sof-cml-demux-rt5682-max98357a.tplg
sof-bin-2025.01.1/sof-tplg/sof-adl-es8336.tplg
sof-bin-2025.01.1/sof-tplg/sof-bdw-rt286.tplg
sof-bin-2025.01.1/sof-tplg/sof-rpl-rt711-4ch.tplg
sof-bin-2025.01.1/sof-tplg/sof-whl-rt5682.tplg
sof-bin-2025.01.1/sof-tplg/sof-adl-rt711-l0-rt1316-l12-rt714-l3.tplg
sof-bin-2025.01.1/sof-tplg/sof-cht-nocodec.tplg
sof-bin-2025.01.1/sof-tplg/sof-jsl-da7219-mx98360a.tplg
sof-bin-2025.01.1/sof-tplg/sof-apl-keyword-detect.tplg
sof-bin-2025.01.1/sof-tplg/sof-adl-max98373-nau8825.tplg
sof-bin-2025.01.1/sof-tplg/sof-adl-es8336-dmic4ch-ssp2.tplg
sof-bin-2025.01.1/sof-tplg/sof-glk-es8336-ssp5.tplg
sof-bin-2025.01.1/sof-tplg/sof-tgl-rt5682-ssp0-max98373-ssp2.tplg
sof-bin-2025.01.1/sof-tplg/sof-hda-generic-idisp.tplg
sof-bin-2025.01.1/sof-tplg/sof-cht-es8316.tplg
sof-bin-2025.01.1/sof-tplg/sof-apl-es8336-dmic4ch-ssp1.tplg
sof-bin-2025.01.1/sof-tplg/sof-acp.tplg
sof-bin-2025.01.1/sof-tplg/sof-apl-es8336.tplg
sof-bin-2025.01.1/sof-tplg/sof-imx8-nocodec.tplg
sof-bin-2025.01.1/sof-tplg/sof-icl-rt700-4ch.tplg
sof-bin-2025.01.1/sof-tplg/sof-jsl-rt5650.tplg
sof-bin-2025.01.1/sof-tplg/sof-glk-es8336-ssp0.tplg
sof-bin-2025.01.1/sof-tplg/sof-hda-generic.tplg
sof-bin-2025.01.1/sof-tplg/sof-adl-max98390-ssp2-rt5682-ssp0.tplg
sof-bin-2025.01.1/sof-tplg/sof-rpl-rt711-l0-rt1316-l12.tplg
sof-bin-2025.01.1/sof-tplg/sof-tgl-es8336-ssp0.tplg
sof-bin-2025.01.1/sof-tplg/sof-icl-es8336-dmic4ch-ssp2.tplg
sof-bin-2025.01.1/sof-tplg/sof-cml-rt5682-max98357a.tplg
sof-bin-2025.01.1/sof-tplg/sof-adl-rt1019-rt5682.tplg
sof-bin-2025.01.1/sof-tplg/sof-cml-rt700-2ch.tplg
sof-bin-2025.01.1/sof-tplg/sof-tgl-rt711-l0-rt1316-l1-mono-rt714-l3.tplg
sof-bin-2025.01.1/sof-tplg/sof-adl-rt711-l0-rt1316-l3-2ch.tplg
sof-bin-2025.01.1/sof-tplg/sof-adl-max98357a-rt5682-waves.tplg
sof-bin-2025.01.1/sof-tplg/sof-byt-da7213-ssp0.tplg
sof-bin-2025.01.1/sof-tplg/sof-icl-es8336-ssp1.tplg
sof-bin-2025.01.1/sof-tplg/sof-cml-nocodec.tplg
sof-bin-2025.01.1/sof-tplg/sof-imx8-eq-fir-wm8960.tplg
sof-bin-2025.01.1/sof-tplg/sof-rpl-cs42l43-l0.tplg
sof-bin-2025.01.1/sof-tplg/sof-adl-es8336-dmic4ch-ssp0.tplg
sof-bin-2025.01.1/sof-tplg/sof-icl-es8336-dmic4ch-ssp0.tplg
sof-bin-2025.01.1/sof-tplg/sof-hda-generic-3ch.tplg
sof-bin-2025.01.1/sof-tplg/sof-adl-es8336-ssp2.tplg
sof-bin-2025.01.1/sof-tplg/sof-hda-generic-2ch.tplg
sof-bin-2025.01.1/sof-tplg/sof-smart-amplifier-nocodec.tplg
sof-bin-2025.01.1/sof-tplg/sof-rpl-rt711-l0-rt1316-l12-rt714-l3.tplg
sof-bin-2025.01.1/sof-tplg/sof-tgl-rt715-rt711-rt1308-mono.tplg
sof-bin-2025.01.1/sof-tplg/sof-icl-es8336-ssp2.tplg
sof-bin-2025.01.1/sof-tplg/sof-adl-es8336-dmic2ch-ssp2.tplg
sof-bin-2025.01.1/sof-tplg/sof-tgl-max98373-rt5682.tplg
sof-bin-2025.01.1/sof-tplg/sof-glk-es8336-dmic4ch-ssp2.tplg
sof-bin-2025.01.1/sof-tplg/sof-glk-rt5682.tplg
sof-bin-2025.01.1/sof-tplg/sof-tgl-max98357a-rt5682-pdm1.tplg
sof-bin-2025.01.1/sof-tplg/sof-apl-es8336-ssp0.tplg
sof-bin-2025.01.1/sof-tplg/sof-mt8186-mt6366-da7219-max98357.tplg
sof-bin-2025.01.1/sof-tplg/sof-rpl-rt711-l2.tplg
sof-bin-2025.01.1/sof-tplg/sof-icl-nocodec.tplg
sof-bin-2025.01.1/sof-tplg/sof-adl-rt1316-l1-mono-rt714-l0.tplg
sof-bin-2025.01.1/sof-tplg/sof-imx8mp-eq-fir-wm8960.tplg
sof-bin-2025.01.1/sof-tplg/sof-adl-rt5650.tplg
sof-bin-2025.01.1/sof-tplg/sof-imx8mp-eq-iir-wm8960.tplg
sof-bin-2025.01.1/sof-tplg/sof-icl-rt711-rt1308-rt715.tplg
sof-bin-2025.01.1/sof-tplg/sof-cml-es8336-ssp1.tplg
sof-bin-2025.01.1/sof-tplg/sof-apl-nocodec-ci.tplg
sof-bin-2025.01.1/sof-tplg/sof-icl-rt5682-kwd.tplg
sof-bin-2025.01.1/sof-tplg/sof-tgl-max98373-rt5682-igonr.tplg
sof-bin-2025.01.1/sof-tplg/sof-tgl-max98357a-rt5682-pdm1-google-aec.tplg
sof-bin-2025.01.1/sof-tplg/sof-hda-generic-1ch.tplg
sof-bin-2025.01.1/sof-tplg/sof-byt-nocodec.tplg
sof-bin-2025.01.1/sof-tplg/sof-adl-max98357a-rt5682-rtnr.tplg
sof-bin-2025.01.1/sof-tplg/sof-mt8195-mt6359-max98390-rt5682-google-aec-rtnr.tplg
sof-bin-2025.01.1/sof-tplg/sof-whl-demux-rt5682.tplg
sof-bin-2025.01.1/sof-tplg/sof-adl-rt711-l2-rt1316-l01-rt714-l3.tplg
sof-bin-2025.01.1/sof-tplg/sof-tgl-es8336-dmic4ch-ssp2.tplg
sof-bin-2025.01.1/sof-tplg/sof-imx8-wm8960-kwd.tplg
sof-bin-2025.01.1/sof-tplg/sof-imx8mp-compr-wm8960-mixer.tplg
sof-bin-2025.01.1/sof-tplg/sof-apl-tdf8532.tplg
sof-bin-2025.01.1/sof-tplg/sof-glk-es8336.tplg
sof-bin-2025.01.1/sof-tplg/sof-byt-rt5651-ssp0.tplg
sof-bin-2025.01.1/sof-tplg/sof-adl-nocodec-hdmi-ssp02.tplg
sof-bin-2025.01.1/sof-tplg/sof-tgl-sdw-max98373-rt5682.tplg
sof-bin-2025.01.1/sof-tplg/sof-imx8-nocodec-sai.tplg
sof-bin-2025.01.1/sof-tplg/sof-imx8mp-wm8960.tplg
sof-bin-2025.01.1/sof-tplg/sof-apl-rt298.tplg
sof-bin-2025.01.1/sof-tplg/sof-adl-rt711-l0-rt1316-l2-4ch.tplg
sof-bin-2025.01.1/sof-tplg/sof-tgl-es8336-ssp2.tplg
sof-bin-2025.01.1/sof-tplg/sof-mt8186-mt6366-rt1019-rt5682s.tplg
sof-bin-2025.01.1/sof-tplg/sof-jsl-es8336-dmic2ch-ssp1.tplg
sof-bin-2025.01.1/sof-tplg/sof-tgl-es8336-dmic2ch-ssp2.tplg
sof-bin-2025.01.1/sof-tplg/sof-tgl-rt711-rt1308-4ch.tplg
sof-bin-2025.01.1/sof-tplg/sof-jsl-rt5682-mx98360a.tplg
sof-bin-2025.01.1/sof-tplg/sof-icl-es8336-dmic2ch-ssp1.tplg
sof-bin-2025.01.1/sof-tplg/sof-imx8-eq-iir-wm8960.tplg
sof-bin-2025.01.1/sof-tplg/sof-jsl-rt5682-rt1015-xperi.tplg
sof-bin-2025.01.1/sof-tplg/sof-icl-es8336-dmic2ch-ssp0.tplg
sof-bin-2025.01.1/sof-tplg/sof-cml-rt700-4ch.tplg
sof-bin-2025.01.1/sof-tplg/sof-byt-cx2072x-ssp0.tplg
sof-bin-2025.01.1/sof-tplg/sof-cml-es8336-dmic4ch-ssp1.tplg
sof-bin-2025.01.1/sof-tplg/sof-tgl-max98373-rt5682-xperi.tplg
sof-bin-2025.01.1/sof-tplg/sof-apl-pcm512x-master-44100.tplg
sof-bin-2025.01.1/sof-tplg/sof-glk-es8336-ssp2.tplg
sof-bin-2025.01.1/sof-tplg/sof-tgl-rt711-rt1308-rt715.tplg
sof-bin-2025.01.1/sof-tplg/sof-hda-generic-4ch-kwd.tplg
sof-bin-2025.01.1/sof-tplg/sof-whl-rt5682-kwd.tplg
sof-bin-2025.01.1/sof-tplg/sof-adl-es8336-dmic2ch-ssp1.tplg
sof-bin-2025.01.1/sof-tplg/sof-byt-rt5670.tplg
sof-bin-2025.01.1/sof-tplg/sof-glk-da7219.tplg
sof-bin-2025.01.1/sof-tplg/sof-byt-es8316.tplg
sof-bin-2025.01.1/sof-tplg/sof-adl-rt711-l0-rt1316-l13-rt714-l2.tplg
sof-bin-2025.01.1/sof-tplg/sof-rn-rt5682-rt1019.tplg
sof-bin-2025.01.1/sof-tplg/sof-tgl-rt5682-ssp0-max98373-ssp2-xperi.tplg
sof-bin-2025.01.1/sof-tplg/sof-glk-es8336-dmic2ch-ssp0.tplg
sof-bin-2025.01.1/sof-tplg/sof-adl-max98360a-nau8825.tplg
sof-bin-2025.01.1/sof-tplg/sof-adl-max98357a-rt5682-4ch.tplg
sof-bin-2025.01.1/sof-tplg/sof-bdw-rt5677.tplg
sof-bin-2025.01.1/sof-tplg/sof-adl-nocodec-ci.tplg
sof-bin-2025.01.1/sof-tplg/sof-cml-rt1011-rt5682.tplg
sof-bin-2025.01.1/sof-tplg/sof-adl-max98360a-rt5682-4ch.tplg
sof-bin-2025.01.1/sof-tplg/sof-jsl-es8336-dmic4ch-ssp1.tplg
sof-bin-2025.01.1/sof-tplg/sof-adl-max98357a-rt5682.tplg
sof-bin-2025.01.1/sof-tplg/sof-adl-es8336-ssp1-hdmi-ssp02.tplg
sof-bin-2025.01.1/sof-tplg/sof-adl-rt5682.tplg
sof-bin-2025.01.1/sof-tplg/sof-apl-da7219.tplg
sof-bin-2025.01.1/sof-tplg/sof-jsl-nocodec.tplg
sof-bin-2025.01.1/sof-tplg/sof-hda-generic-1ch-pdm1.tplg
sof-bin-2025.01.1/sof-tplg/sof-tgl-es8336-dmic4ch-ssp1.tplg
sof-bin-2025.01.1/sof-tplg/sof-tgl-rt1011-rt5682.tplg
sof-bin-2025.01.1/sof-tplg/sof-hda-generic-2ch-kwd.tplg
sof-bin-2025.01.1/sof-tplg/sof-apl-es8336-dmic4ch-ssp2.tplg
sof-bin-2025.01.1/sof-tplg/sof-adl-rt711-4ch.tplg
sof-bin-2025.01.1/sof-tplg/sof-cht-rt5682.tplg
sof-bin-2025.01.1/sof-tplg/sof-tgl-es8336.tplg
sof-bin-2025.01.1/sof-tplg/sof-glk-es8336-dmic2ch-ssp2.tplg
sof-bin-2025.01.1/sof-tplg/sof-bdw-rt5640.tplg
sof-bin-2025.01.1/sof-tplg/sof-cml-demux-rt5682.tplg
sof-bin-2025.01.1/sof-tplg/sof-icl-es8336-dmic2ch-ssp2.tplg
sof-bin-2025.01.1/sof-tplg/sof-hda-generic-2ch-pdm1.tplg
sof-bin-2025.01.1/sof-tplg/sof-adl-nau8825.tplg
sof-bin-2025.01.1/sof-tplg/sof-tgl-rt711-rt1308-2ch.tplg
sof-bin-2025.01.1/sof-tplg/sof-jsl-rt5682.tplg
sof-bin-2025.01.1/sof-tplg/sof-rpl-rt711-l0-rt1318-l12.tplg
sof-bin-2025.01.1/sof-tplg/sof-adl-sdw-max98373-rt5682.tplg
sof-bin-2025.01.1/sof-tplg/sof-imx8-wm8960-mixer.tplg
sof-bin-2025.01.1/sof-tplg/sof-rpl-rt711-l0.tplg
sof-bin-2025.01.1/sof-tplg/sof-cht-rt5645.tplg
sof-bin-2025.01.1/sof-tplg/sof-byt-max98090.tplg
sof-bin-2025.01.1/sof-tplg/sof-glk-es8336-dmic2ch-ssp5.tplg
sof-bin-2025.01.1/sof-tplg/sof-adl-max98360a-rt5682-2way.tplg
sof-bin-2025.01.1/sof-tplg/sof-hda-generic-idisp-2ch.tplg
sof-bin-2025.01.1/sof-tplg/sof-cml-da7219-max98390.tplg
sof-bin-2025.01.1/sof-tplg/sof-adl-rt711-l0-rt1316-l2-2ch.tplg
sof-bin-2025.01.1/sof-tplg/sof-cht-rt5651.tplg
sof-bin-2025.01.1/sof-tplg/sof-cml-es8336-ssp0.tplg
sof-bin-2025.01.1/sof-tplg/sof-adl-rt711-l2-rt1316-l01.tplg
sof-bin-2025.01.1/sof-tplg/sof-cml-es8336-dmic2ch-ssp1.tplg
sof-bin-2025.01.1/sof-tplg/sof-rpl-nocodec.tplg
sof-bin-2025.01.1/sof-tplg/sof-byt-rt5640.tplg
sof-bin-2025.01.1/sof-tplg/sof-adl-rt711.tplg
sof-bin-2025.01.1/sof-tplg/sof-glk-cs42l42.tplg
sof-bin-2025.01.1/sof-tplg/sof-adl-max98373-nau8825-dts.tplg
sof-bin-2025.01.1/sof-tplg/sof-adl-es8336-dmic2ch-ssp0.tplg
sof-bin-2025.01.1/sof-tplg/sof-imx8-compr-wm8960-mixer.tplg
sof-bin-2025.01.1/sof-tplg/sof-adl-es8336-dmic4ch-ssp1.tplg
sof-bin-2025.01.1/sof-tplg/sof-apl-pcm512x.tplg
sof-bin-2025.01.1/sof-tplg/sof-apl-pcm512x-master.tplg
sof-bin-2025.01.1/sof-tplg/sof-rpl-rt711.tplg
sof-bin-2025.01.1/sof-tplg/sof-imx8-wm8960.tplg
sof-bin-2025.01.1/sof-tplg/sof-glk-es8336-dmic2ch-ssp1.tplg
sof-bin-2025.01.1/sof-tplg/sof-cml-es8336-dmic4ch-ssp2.tplg
sof-bin-2025.01.1/sof-tplg/sof-byt-rt5682-ssp0.tplg
sof-bin-2025.01.1/sof-tplg/sof-adl-rt1316-l02-4ch.tplg
sof-bin-2025.01.1/sof-tplg/sof-jsl-cs42l42-mx98360a.tplg
sof-bin-2025.01.1/sof-tplg/sof-apl-es8336-dmic2ch-ssp5.tplg
sof-bin-2025.01.1/sof-tplg/sof-imx8mp-wm8960-mixer.tplg
sof-bin-2025.01.1/sof-tplg/sof-hda-generic-4ch-bt.tplg
sof-bin-2025.01.1/sof-tplg/sof-byt-da7213.tplg
sof-bin-2025.01.1/sof-tplg/sof-mt8195-mt6359-max98390-rt5682.tplg
sof-bin-2025.01.1/sof-tplg/sof-apl-nocodec.tplg
sof-bin-2025.01.1/sof-tplg/sof-jsl-es8336-dmic2ch-ssp2.tplg
sof-bin-2025.01.1/sof-tplg/sof-apl-es8336-dmic2ch-ssp2.tplg
sof-bin-2025.01.1/sof-tplg/sof-adl-max98360a-rt5682-waves.tplg
sof-bin-2025.01.1/sof-tplg/sof-jsl-rt5682-rt1015.tplg
sof-bin-2025.01.1/sof-tplg/sof-tgl-es8336-dmic2ch-ssp0.tplg
sof-bin-2025.01.1/sof-tplg/sof-rn-rt5682-max98360.tplg
sof-bin-2025.01.1/sof-tplg/sof-adl-max98390-rt5682.tplg
sof-bin-2025.01.1/sof-tplg/sof-cml-rt711-rt1308-rt715.tplg
sof-bin-2025.01.1/sof-tplg/sof-icl-dmic-4ch.tplg
sof-bin-2025.01.1/sof-tplg/sof-byt-rt5651.tplg
sof-bin-2025.01.1/sof-tplg/sof-byt-wm5102-ssp0.tplg
sof-bin-2025.01.1/sof-tplg/sof-imx8mp-wm8904.tplg
sof-bin-2025.01.1/sof-tplg/sof-imx8mp-drc-wm8960.tplg
sof-bin-2025.01.1/sof-tplg/sof-adl-rt1015-nau8825.tplg
sof-bin-2025.01.1/Notice.NXP
sof-bin-2025.01.1/LICENCE.NXP
sof-bin-2025.01.1/sof-ipc4-lib/
sof-bin-2025.01.1/sof-ipc4-lib/lnl/
sof-bin-2025.01.1/sof-ipc4-lib/lnl/B36EE4DA-006F-47F9-A06D-FECBE2D8B6CE.bin
sof-bin-2025.01.1/sof-ipc4-lib/lnl/community/
sof-bin-2025.01.1/sof-ipc4-lib/lnl/community/B36EE4DA-006F-47F9-A06D-FECBE2D8B6CE.bin
sof-bin-2025.01.1/sof-ipc4-lib/lnl/community/drc.llext
sof-bin-2025.01.1/sof-ipc4-lib/lnl/intel-signed/
sof-bin-2025.01.1/sof-ipc4-lib/lnl/intel-signed/B36EE4DA-006F-47F9-A06D-FECBE2D8B6CE.bin
sof-bin-2025.01.1/sof-ipc4-lib/lnl/intel-signed/drc.llext
sof-bin-2025.01.1/tools/
sof-bin-2025.01.1/tools/sof-logger
sof-bin-2025.01.1/tools/sof-ctl
sof-bin-2025.01.1/tools/sof-probes
sof-bin-2025.01.1/tools/mtrace-reader.py
sof-bin-2025.01.1/LICENCE.Intel
sof-bin-2025.01.1/sof-ipc4-tplg/
sof-bin-2025.01.1/sof-ipc4-tplg/sof-mtl-cs42l43-l0-cs35l56-l12.tplg
sof-bin-2025.01.1/sof-ipc4-tplg/sof-tgl-rt711-rt1316-rt714.tplg
sof-bin-2025.01.1/sof-ipc4-tplg/sof-lnl-cs42l43-l0.tplg
sof-bin-2025.01.1/sof-ipc4-tplg/sof-hda-generic-ace1-idisp-2ch.tplg
sof-bin-2025.01.1/sof-ipc4-tplg/sof-adl-rt711-l0-rt1308-l12-rt715-l3.tplg
sof-bin-2025.01.1/sof-ipc4-tplg/sof-lnl-rt711-l0-rt1316-l23-rt714-l1.tplg
sof-bin-2025.01.1/sof-ipc4-tplg/sof-hda-generic-ace1-4ch.tplg
sof-bin-2025.01.1/sof-ipc4-tplg/sof-lnl-rt722-l0.tplg
sof-bin-2025.01.1/sof-ipc4-tplg/sof-hda-generic-ace3-4ch.tplg
sof-bin-2025.01.1/sof-ipc4-tplg/sof-mtl-max98357a-rt5682-google-aec.tplg
sof-bin-2025.01.1/sof-ipc4-tplg/sof-mtl-cs42l43-l3-cs35l56-l01-spkagg.tplg
sof-bin-2025.01.1/sof-ipc4-tplg/sof-mtl-rt711-l0-rt1316-l23-rt714-l1.tplg
sof-bin-2025.01.1/sof-ipc4-tplg/sof-ptl-rt713-l2-rt1320-l13.tplg
sof-bin-2025.01.1/sof-ipc4-tplg/sof-mtl-rt711-l0-rt1316-l3.tplg
sof-bin-2025.01.1/sof-ipc4-tplg/sof-mtl-cs42l43-l0-cs35l56-l23.tplg
sof-bin-2025.01.1/sof-ipc4-tplg/sof-mtl-es83x6-ssp1-hdmi-ssp02.tplg
sof-bin-2025.01.1/sof-ipc4-tplg/sof-mtl-rt713-l0-rt1316-l12.tplg
sof-bin-2025.01.1/sof-ipc4-tplg/sof-lnl-cs42l43-l0-2ch.tplg
sof-bin-2025.01.1/sof-ipc4-tplg/sof-mtl-rt5650-dts-google-aec.tplg
sof-bin-2025.01.1/sof-ipc4-tplg/sof-hda-generic-ace3-idisp-2ch.tplg
sof-bin-2025.01.1/sof-ipc4-tplg/sof-ptl-rt722-96k.tplg
sof-bin-2025.01.1/sof-ipc4-tplg/sof-hda-generic-idisp-4ch.tplg
sof-bin-2025.01.1/sof-ipc4-tplg/sof-ptl-rt721-4ch.tplg
sof-bin-2025.01.1/sof-ipc4-tplg/sof-tgl-rt712.tplg
sof-bin-2025.01.1/sof-ipc4-tplg/sof-mtl-rt711-l0-rt1316-l3-4ch.tplg
sof-bin-2025.01.1/sof-ipc4-tplg/sof-hda-generic-4ch.tplg
sof-bin-2025.01.1/sof-ipc4-tplg/sof-hda-generic-cavs25-4ch.tplg
sof-bin-2025.01.1/sof-ipc4-tplg/sof-lnl-cs42l43-l0-cs35l56-l23-2ch.tplg
sof-bin-2025.01.1/sof-ipc4-tplg/sof-hda-generic-cavs25-idisp-4ch.tplg
sof-bin-2025.01.1/sof-ipc4-tplg/sof-lnl-rt713-l0-rt1318-l1-2ch.tplg
sof-bin-2025.01.1/sof-ipc4-tplg/sof-adl-rt711-l0-rt1316-l12-rt714-l3.tplg
sof-bin-2025.01.1/sof-ipc4-tplg/sof-hda-generic-idisp.tplg
sof-bin-2025.01.1/sof-ipc4-tplg/sof-adl-cs42l43-l0-cs35l56-l23.tplg
sof-bin-2025.01.1/sof-ipc4-tplg/sof-ptl-rt722-192k.tplg
sof-bin-2025.01.1/sof-ipc4-tplg/sof-hda-generic-ace3-idisp-4ch.tplg
sof-bin-2025.01.1/sof-ipc4-tplg/sof-hda-generic.tplg
sof-bin-2025.01.1/sof-ipc4-tplg/sof-mtl-rt712-l0-rt1712-l3.tplg
sof-bin-2025.01.1/sof-ipc4-tplg/sof-mtl-rt711-l0-rt1316-l3-2ch.tplg
sof-bin-2025.01.1/sof-ipc4-tplg/sof-rpl-cs42l43-l0.tplg
sof-bin-2025.01.1/sof-ipc4-tplg/sof-hda-generic-2ch.tplg
sof-bin-2025.01.1/sof-ipc4-tplg/sof-tgl-rt715-rt711-rt1308-mono.tplg
sof-bin-2025.01.1/sof-ipc4-tplg/sof-mtl-es83x6-ssp1.tplg
sof-bin-2025.01.1/sof-ipc4-tplg/sof-mtl-max98357a-rt5682-ssp2-ssp0-2ch-pdm1.tplg
sof-bin-2025.01.1/sof-ipc4-tplg/sof-ptl-rt722.tplg
sof-bin-2025.01.1/sof-ipc4-tplg/sof-hda-generic-ace1-idisp-4ch.tplg
sof-bin-2025.01.1/sof-ipc4-tplg/sof-lnl-cs42l43-l0-cs35l56-l23.tplg
sof-bin-2025.01.1/sof-ipc4-tplg/sof-mtl-rt1318-l12-rt714-l0.tplg
sof-bin-2025.01.1/sof-ipc4-tplg/sof-lnl-rt712-l2-rt1712-l3.tplg
sof-bin-2025.01.1/sof-ipc4-tplg/sof-lnl-rt713-l2-rt1320-l13.tplg
sof-bin-2025.01.1/sof-ipc4-tplg/sof-tgl-cs42l43-l3-cs35l56-l01.tplg
sof-bin-2025.01.1/sof-ipc4-tplg/sof-mtl-sdw-cs42l42-l0-max98363-l2.tplg
sof-bin-2025.01.1/sof-ipc4-tplg/sof-lnl-cs42l43-l0-cs35l56-l3-2ch.tplg
sof-bin-2025.01.1/sof-ipc4-tplg/sof-mtl-rt1019-rt5682.tplg
sof-bin-2025.01.1/sof-ipc4-tplg/sof-mtl-hdmi-ssp02.tplg
sof-bin-2025.01.1/sof-ipc4-tplg/sof-mtl-rt713-l0-rt1316-l12-rt1713-l3.tplg
sof-bin-2025.01.1/sof-ipc4-tplg/sof-mtl-max98357a-rt5682.tplg
sof-bin-2025.01.1/sof-ipc4-tplg/sof-arl-cs42l43-l2-cs35l56-l3.tplg
sof-bin-2025.01.1/sof-ipc4-tplg/sof-arl-cs42l43-l0-cs35l56-l23.tplg
sof-bin-2025.01.1/sof-ipc4-tplg/sof-tgl-rt711-rt1308-4ch.tplg
sof-bin-2025.01.1/sof-ipc4-tplg/sof-mtl-cs35l56-l01-fb8.tplg
sof-bin-2025.01.1/sof-ipc4-tplg/sof-mtl-rt712-l0-2ch.tplg
sof-bin-2025.01.1/sof-ipc4-tplg/sof-lnl-rt1318-l12-rt714-l0.tplg
sof-bin-2025.01.1/sof-ipc4-tplg/sof-tgl-rt711-rt1308-rt715.tplg
sof-bin-2025.01.1/sof-ipc4-tplg/sof-mtl-rt5650.tplg
sof-bin-2025.01.1/sof-ipc4-tplg/sof-tgl-cs35l56-l01-fb8.tplg
sof-bin-2025.01.1/sof-ipc4-tplg/sof-adl-rt711-l0-rt1316-l13-rt714-l2.tplg
sof-bin-2025.01.1/sof-ipc4-tplg/sof-arl-rt722-l0_rt1320-l2.tplg
sof-bin-2025.01.1/sof-ipc4-tplg/sof-mtl-rt712-vb-l0.tplg
sof-bin-2025.01.1/sof-ipc4-tplg/sof-lnl-cs42l43-l2-cs35l56x6-l13.tplg
sof-bin-2025.01.1/sof-ipc4-tplg/sof-ptl-rt722-4ch.tplg
sof-bin-2025.01.1/sof-ipc4-tplg/sof-mtl-rt713-l0-rt1318-l12-rt1713-l3.tplg
sof-bin-2025.01.1/sof-ipc4-tplg/sof-hda-generic-ace3-2ch.tplg
sof-bin-2025.01.1/sof-ipc4-tplg/sof-mtl-max98357a-rt5682-ssp2-ssp0.tplg
sof-bin-2025.01.1/sof-ipc4-tplg/sof-arl-cs42l43-l2.tplg
sof-bin-2025.01.1/sof-ipc4-tplg/sof-mtl-max98357a-rt5682-ssp2-ssp0-google-aec.tplg
sof-bin-2025.01.1/sof-ipc4-tplg/sof-mtl-rt722-l0.tplg
sof-bin-2025.01.1/sof-ipc4-tplg/sof-adl-rt711-4ch.tplg
sof-bin-2025.01.1/sof-ipc4-tplg/sof-hda-generic-ace1-2ch.tplg
sof-bin-2025.01.1/sof-ipc4-tplg/sof-ptl-rt721.tplg
sof-bin-2025.01.1/sof-ipc4-tplg/sof-mtl-rt5650-dts.tplg
sof-bin-2025.01.1/sof-ipc4-tplg/sof-mtl-rt712-l0-4ch.tplg
sof-bin-2025.01.1/sof-ipc4-tplg/sof-arl-cs42l43-l0-cs35l56-l2.tplg
sof-bin-2025.01.1/sof-ipc4-tplg/sof-mtl-cs42l43-l0.tplg
sof-bin-2025.01.1/sof-ipc4-tplg/sof-hda-generic-cavs25-idisp-2ch.tplg
sof-bin-2025.01.1/sof-ipc4-tplg/sof-mtl-max98357a-rt5682-ssp2-ssp0-2ch-pdm1-google-aec.tplg
sof-bin-2025.01.1/sof-ipc4-tplg/sof-hda-generic-idisp-2ch.tplg
sof-bin-2025.01.1/sof-ipc4-tplg/sof-hda-generic-cavs25-2ch.tplg
sof-bin-2025.01.1/sof-ipc4-tplg/sof-mtl-rt713-l0-rt1318-l1-rt1713-l3.tplg
sof-bin-2025.01.1/sof-ipc4-tplg/sof-arl-cs42l43-l0.tplg
sof-bin-2025.01.1/sof-ipc4-tplg/sof-lnl-rt712-l2-rt1320-l1.tplg
sof-bin-2025.01.1/sof-ipc4-tplg/sof-mtl-rt711-4ch.tplg
sof-bin-2025.01.1/sof-ipc4-tplg/sof-lnl-cs42l43-l0-cs35l56-l23-4ch.tplg
sof-bin-2025.01.1/sof-ipc4-tplg/sof-lnl-cs42l43-l0-4ch.tplg
sof-bin-2025.01.1/sof-ipc4-tplg/sof-mtl-rt712-l0.tplg
sof-bin-2025.01.1/sof-ipc4-tplg/sof-lnl-cs42l43-l0-cs35l56-l3.tplg
sof-bin-2025.01.1/sof-ipc4-tplg/sof-lnl-rt711-4ch.tplg
sof-bin-2025.01.1/sof-ipc4-tplg/sof-ptl-rt712-l2-rt1320-l1.tplg
sof-bin-2025.01.1/sof-ipc4/
sof-bin-2025.01.1/sof-ipc4/rpl/
sof-bin-2025.01.1/sof-ipc4/rpl/sof-rpl.ri
sof-bin-2025.01.1/sof-ipc4/rpl/community/
sof-bin-2025.01.1/sof-ipc4/rpl/community/sof-rpl.ri
sof-bin-2025.01.1/sof-ipc4/rpl/intel-signed/
sof-bin-2025.01.1/sof-ipc4/rpl/intel-signed/sof-rpl.ri
sof-bin-2025.01.1/sof-ipc4/adl-n/
sof-bin-2025.01.1/sof-ipc4/adl-n/sof-adl-n.ri
sof-bin-2025.01.1/sof-ipc4/adl-n/community/
sof-bin-2025.01.1/sof-ipc4/adl-n/community/sof-adl-n.ri
sof-bin-2025.01.1/sof-ipc4/adl-n/intel-signed/
sof-bin-2025.01.1/sof-ipc4/adl-n/intel-signed/sof-adl-n.ri
sof-bin-2025.01.1/sof-ipc4/tgl-h/
sof-bin-2025.01.1/sof-ipc4/tgl-h/community/
sof-bin-2025.01.1/sof-ipc4/tgl-h/community/sof-tgl-h.ri
sof-bin-2025.01.1/sof-ipc4/tgl-h/intel-signed/
sof-bin-2025.01.1/sof-ipc4/tgl-h/intel-signed/sof-tgl-h.ri
sof-bin-2025.01.1/sof-ipc4/tgl-h/sof-tgl-h.ri
sof-bin-2025.01.1/sof-ipc4/mtl/
sof-bin-2025.01.1/sof-ipc4/mtl/community/
sof-bin-2025.01.1/sof-ipc4/mtl/community/sof-mtl.ri
sof-bin-2025.01.1/sof-ipc4/mtl/intel-signed/
sof-bin-2025.01.1/sof-ipc4/mtl/intel-signed/sof-mtl.ri
sof-bin-2025.01.1/sof-ipc4/mtl/sof-mtl.ri
sof-bin-2025.01.1/sof-ipc4/arl-s/
sof-bin-2025.01.1/sof-ipc4/arl-s/community/
sof-bin-2025.01.1/sof-ipc4/arl-s/community/sof-arl-s.ri
sof-bin-2025.01.1/sof-ipc4/arl-s/intel-signed/
sof-bin-2025.01.1/sof-ipc4/arl-s/intel-signed/sof-arl-s.ri
sof-bin-2025.01.1/sof-ipc4/arl-s/sof-arl-s.ri
sof-bin-2025.01.1/sof-ipc4/rpl-s/
sof-bin-2025.01.1/sof-ipc4/rpl-s/community/
sof-bin-2025.01.1/sof-ipc4/rpl-s/community/sof-rpl-s.ri
sof-bin-2025.01.1/sof-ipc4/rpl-s/intel-signed/
sof-bin-2025.01.1/sof-ipc4/rpl-s/intel-signed/sof-rpl-s.ri
sof-bin-2025.01.1/sof-ipc4/rpl-s/sof-rpl-s.ri
sof-bin-2025.01.1/sof-ipc4/adl-s/
sof-bin-2025.01.1/sof-ipc4/adl-s/community/
sof-bin-2025.01.1/sof-ipc4/adl-s/community/sof-adl-s.ri
sof-bin-2025.01.1/sof-ipc4/adl-s/intel-signed/
sof-bin-2025.01.1/sof-ipc4/adl-s/intel-signed/sof-adl-s.ri
sof-bin-2025.01.1/sof-ipc4/adl-s/sof-adl-s.ri
sof-bin-2025.01.1/sof-ipc4/tgl/
sof-bin-2025.01.1/sof-ipc4/tgl/community/
sof-bin-2025.01.1/sof-ipc4/tgl/community/sof-tgl.ri
sof-bin-2025.01.1/sof-ipc4/tgl/intel-signed/
sof-bin-2025.01.1/sof-ipc4/tgl/intel-signed/sof-tgl.ri
sof-bin-2025.01.1/sof-ipc4/tgl/sof-tgl.ri
sof-bin-2025.01.1/sof-ipc4/lnl/
sof-bin-2025.01.1/sof-ipc4/lnl/community/
sof-bin-2025.01.1/sof-ipc4/lnl/community/sof-lnl.ri
sof-bin-2025.01.1/sof-ipc4/lnl/intel-signed/
sof-bin-2025.01.1/sof-ipc4/lnl/intel-signed/sof-lnl.ri
sof-bin-2025.01.1/sof-ipc4/lnl/sof-lnl.ri
sof-bin-2025.01.1/sof-ipc4/adl/
sof-bin-2025.01.1/sof-ipc4/adl/sof-adl.ri
sof-bin-2025.01.1/sof-ipc4/adl/community/
sof-bin-2025.01.1/sof-ipc4/adl/community/sof-adl.ri
sof-bin-2025.01.1/sof-ipc4/adl/intel-signed/
sof-bin-2025.01.1/sof-ipc4/adl/intel-signed/sof-adl.ri
sof-bin-2025.01.1/sof-ipc4/ehl/
sof-bin-2025.01.1/sof-ipc4/ehl/community/
sof-bin-2025.01.1/sof-ipc4/ehl/community/sof-ehl.ri
sof-bin-2025.01.1/sof-ipc4/arl/
sof-bin-2025.01.1/sof-ipc4/arl/sof-arl.ri
sof-bin-2025.01.1/sof-ipc4/arl/community/
sof-bin-2025.01.1/sof-ipc4/arl/community/sof-arl.ri
sof-bin-2025.01.1/sof-ipc4/arl/intel-signed/
sof-bin-2025.01.1/sof-ipc4/arl/intel-signed/sof-arl.ri
sof-bin-2025.01.1/install.sh
sof-bin-2025.01.1/manifest.txt
sof-bin-2025.01.1/README.md
sof-bin-2025.01.1/sha256sum.txt
sof-firmware/
sof-firmware/usr/
sof-firmware/usr/lib/
sof-firmware/usr/lib/firmware/
sof-firmware/usr/lib/firmware/intel/
sof-firmware/usr/lib/firmware/intel/sof-ipc4-lib/
sof-firmware/usr/lib/firmware/intel/sof-ipc4-lib/lnl/
sof-firmware/usr/lib/firmware/intel/sof-ipc4-lib/lnl/intel-signed/
sof-firmware/usr/lib/firmware/intel/sof-ipc4-lib/lnl/intel-signed/drc.llext
sof-firmware/usr/lib/firmware/intel/sof-ipc4-lib/lnl/intel-signed/B36EE4DA-006F-47F9-A06D-FECBE2D8B6CE.bin
sof-firmware/usr/lib/firmware/intel/sof-ipc4-lib/lnl/community/
sof-firmware/usr/lib/firmware/intel/sof-ipc4-lib/lnl/community/drc.llext
sof-firmware/usr/lib/firmware/intel/sof-ipc4-lib/lnl/community/B36EE4DA-006F-47F9-A06D-FECBE2D8B6CE.bin
sof-firmware/usr/lib/firmware/intel/sof-ipc4-lib/lnl/B36EE4DA-006F-47F9-A06D-FECBE2D8B6CE.bin
sof-firmware/usr/lib/firmware/intel/sof-ipc4-tplg/
sof-firmware/usr/lib/firmware/intel/sof-ipc4-tplg/sof-lnl-cs42l43-l0.tplg
sof-firmware/usr/lib/firmware/intel/sof-ipc4-tplg/sof-hda-generic-idisp-4ch.tplg
sof-firmware/usr/lib/firmware/intel/sof-ipc4-tplg/sof-hda-generic-ace3-2ch.tplg
sof-firmware/usr/lib/firmware/intel/sof-ipc4-tplg/sof-lnl-rt711-l0-rt1316-l23-rt714-l1.tplg
sof-firmware/usr/lib/firmware/intel/sof-ipc4-tplg/sof-lnl-rt713-l0-rt1318-l1-2ch.tplg
sof-firmware/usr/lib/firmware/intel/sof-ipc4-tplg/sof-mtl-rt5650.tplg
sof-firmware/usr/lib/firmware/intel/sof-ipc4-tplg/sof-mtl-cs42l43-l0-cs35l56-l23.tplg
sof-firmware/usr/lib/firmware/intel/sof-ipc4-tplg/sof-ptl-rt722-96k.tplg
sof-firmware/usr/lib/firmware/intel/sof-ipc4-tplg/sof-ptl-rt722-4ch.tplg
sof-firmware/usr/lib/firmware/intel/sof-ipc4-tplg/sof-hda-generic.tplg
sof-firmware/usr/lib/firmware/intel/sof-ipc4-tplg/sof-tgl-cs42l43-l3-cs35l56-l01.tplg
sof-firmware/usr/lib/firmware/intel/sof-ipc4-tplg/sof-lnl-rt1318-l12-rt714-l0.tplg
sof-firmware/usr/lib/firmware/intel/sof-ipc4-tplg/sof-mtl-cs42l43-l0-cs35l56-l12.tplg
sof-firmware/usr/lib/firmware/intel/sof-ipc4-tplg/sof-hda-generic-idisp.tplg
sof-firmware/usr/lib/firmware/intel/sof-ipc4-tplg/sof-rpl-cs42l43-l0.tplg
sof-firmware/usr/lib/firmware/intel/sof-ipc4-tplg/sof-mtl-max98357a-rt5682-ssp2-ssp0-google-aec.tplg
sof-firmware/usr/lib/firmware/intel/sof-ipc4-tplg/sof-tgl-cs35l56-l01-fb8.tplg
sof-firmware/usr/lib/firmware/intel/sof-ipc4-tplg/sof-hda-generic-ace1-2ch.tplg
sof-firmware/usr/lib/firmware/intel/sof-ipc4-tplg/sof-mtl-sdw-cs42l42-l0-max98363-l2.tplg
sof-firmware/usr/lib/firmware/intel/sof-ipc4-tplg/sof-ptl-rt722-192k.tplg
sof-firmware/usr/lib/firmware/intel/sof-ipc4-tplg/sof-arl-rt722-l0_rt1320-l2.tplg
sof-firmware/usr/lib/firmware/intel/sof-ipc4-tplg/sof-adl-rt711-4ch.tplg
sof-firmware/usr/lib/firmware/intel/sof-ipc4-tplg/sof-adl-rt711-l0-rt1316-l12-rt714-l3.tplg
sof-firmware/usr/lib/firmware/intel/sof-ipc4-tplg/sof-hda-generic-ace1-idisp-2ch.tplg
sof-firmware/usr/lib/firmware/intel/sof-ipc4-tplg/sof-arl-cs42l43-l2.tplg
sof-firmware/usr/lib/firmware/intel/sof-ipc4-tplg/sof-mtl-rt712-l0-2ch.tplg
sof-firmware/usr/lib/firmware/intel/sof-ipc4-tplg/sof-mtl-rt1318-l12-rt714-l0.tplg
sof-firmware/usr/lib/firmware/intel/sof-ipc4-tplg/sof-lnl-cs42l43-l0-cs35l56-l23-2ch.tplg
sof-firmware/usr/lib/firmware/intel/sof-ipc4-tplg/sof-hda-generic-ace3-4ch.tplg
sof-firmware/usr/lib/firmware/intel/sof-ipc4-tplg/sof-mtl-rt711-4ch.tplg
sof-firmware/usr/lib/firmware/intel/sof-ipc4-tplg/sof-mtl-max98357a-rt5682.tplg
sof-firmware/usr/lib/firmware/intel/sof-ipc4-tplg/sof-mtl-rt711-l0-rt1316-l3-2ch.tplg
sof-firmware/usr/lib/firmware/intel/sof-ipc4-tplg/sof-mtl-rt712-l0.tplg
sof-firmware/usr/lib/firmware/intel/sof-ipc4-tplg/sof-hda-generic-2ch.tplg
sof-firmware/usr/lib/firmware/intel/sof-ipc4-tplg/sof-mtl-rt5650-dts.tplg
sof-firmware/usr/lib/firmware/intel/sof-ipc4-tplg/sof-ptl-rt713-l2-rt1320-l13.tplg
sof-firmware/usr/lib/firmware/intel/sof-ipc4-tplg/sof-mtl-rt712-vb-l0.tplg
sof-firmware/usr/lib/firmware/intel/sof-ipc4-tplg/sof-lnl-rt712-l2-rt1712-l3.tplg
sof-firmware/usr/lib/firmware/intel/sof-ipc4-tplg/sof-adl-rt711-l0-rt1308-l12-rt715-l3.tplg
sof-firmware/usr/lib/firmware/intel/sof-ipc4-tplg/sof-adl-rt711-l0-rt1316-l13-rt714-l2.tplg
sof-firmware/usr/lib/firmware/intel/sof-ipc4-tplg/sof-hda-generic-cavs25-idisp-2ch.tplg
sof-firmware/usr/lib/firmware/intel/sof-ipc4-tplg/sof-arl-cs42l43-l0.tplg
sof-firmware/usr/lib/firmware/intel/sof-ipc4-tplg/sof-mtl-rt712-l0-rt1712-l3.tplg
sof-firmware/usr/lib/firmware/intel/sof-ipc4-tplg/sof-mtl-cs35l56-l01-fb8.tplg
sof-firmware/usr/lib/firmware/intel/sof-ipc4-tplg/sof-hda-generic-ace3-idisp-2ch.tplg
sof-firmware/usr/lib/firmware/intel/sof-ipc4-tplg/sof-ptl-rt722.tplg
sof-firmware/usr/lib/firmware/intel/sof-ipc4-tplg/sof-arl-cs42l43-l0-cs35l56-l2.tplg
sof-firmware/usr/lib/firmware/intel/sof-ipc4-tplg/sof-lnl-cs42l43-l0-cs35l56-l23.tplg
sof-firmware/usr/lib/firmware/intel/sof-ipc4-tplg/sof-mtl-rt1019-rt5682.tplg
sof-firmware/usr/lib/firmware/intel/sof-ipc4-tplg/sof-tgl-rt711-rt1308-rt715.tplg
sof-firmware/usr/lib/firmware/intel/sof-ipc4-tplg/sof-lnl-rt713-l2-rt1320-l13.tplg
sof-firmware/usr/lib/firmware/intel/sof-ipc4-tplg/sof-mtl-rt712-l0-4ch.tplg
sof-firmware/usr/lib/firmware/intel/sof-ipc4-tplg/sof-lnl-cs42l43-l0-cs35l56-l3-2ch.tplg
sof-firmware/usr/lib/firmware/intel/sof-ipc4-tplg/sof-lnl-rt712-l2-rt1320-l1.tplg
sof-firmware/usr/lib/firmware/intel/sof-ipc4-tplg/sof-hda-generic-4ch.tplg
sof-firmware/usr/lib/firmware/intel/sof-ipc4-tplg/sof-mtl-max98357a-rt5682-google-aec.tplg
sof-firmware/usr/lib/firmware/intel/sof-ipc4-tplg/sof-mtl-es83x6-ssp1-hdmi-ssp02.tplg
sof-firmware/usr/lib/firmware/intel/sof-ipc4-tplg/sof-lnl-cs42l43-l0-cs35l56-l3.tplg
sof-firmware/usr/lib/firmware/intel/sof-ipc4-tplg/sof-hda-generic-idisp-2ch.tplg
sof-firmware/usr/lib/firmware/intel/sof-ipc4-tplg/sof-hda-generic-ace1-4ch.tplg
sof-firmware/usr/lib/firmware/intel/sof-ipc4-tplg/sof-hda-generic-ace1-idisp-4ch.tplg
sof-firmware/usr/lib/firmware/intel/sof-ipc4-tplg/sof-mtl-max98357a-rt5682-ssp2-ssp0-2ch-pdm1-google-aec.tplg
sof-firmware/usr/lib/firmware/intel/sof-ipc4-tplg/sof-lnl-rt711-4ch.tplg
sof-firmware/usr/lib/firmware/intel/sof-ipc4-tplg/sof-lnl-rt722-l0.tplg
sof-firmware/usr/lib/firmware/intel/sof-ipc4-tplg/sof-tgl-rt711-rt1316-rt714.tplg
sof-firmware/usr/lib/firmware/intel/sof-ipc4-tplg/sof-ptl-rt712-l2-rt1320-l1.tplg
sof-firmware/usr/lib/firmware/intel/sof-ipc4-tplg/sof-ptl-rt721.tplg
sof-firmware/usr/lib/firmware/intel/sof-ipc4-tplg/sof-tgl-rt715-rt711-rt1308-mono.tplg
sof-firmware/usr/lib/firmware/intel/sof-ipc4-tplg/sof-mtl-es83x6-ssp1.tplg
sof-firmware/usr/lib/firmware/intel/sof-ipc4-tplg/sof-tgl-rt711-rt1308-4ch.tplg
sof-firmware/usr/lib/firmware/intel/sof-ipc4-tplg/sof-mtl-rt713-l0-rt1318-l1-rt1713-l3.tplg
sof-firmware/usr/lib/firmware/intel/sof-ipc4-tplg/sof-mtl-rt711-l0-rt1316-l23-rt714-l1.tplg
sof-firmware/usr/lib/firmware/intel/sof-ipc4-tplg/sof-mtl-cs42l43-l0.tplg
sof-firmware/usr/lib/firmware/intel/sof-ipc4-tplg/sof-mtl-hdmi-ssp02.tplg
sof-firmware/usr/lib/firmware/intel/sof-ipc4-tplg/sof-ptl-rt721-4ch.tplg
sof-firmware/usr/lib/firmware/intel/sof-ipc4-tplg/sof-mtl-rt713-l0-rt1316-l12.tplg
sof-firmware/usr/lib/firmware/intel/sof-ipc4-tplg/sof-mtl-cs42l43-l3-cs35l56-l01-spkagg.tplg
sof-firmware/usr/lib/firmware/intel/sof-ipc4-tplg/sof-hda-generic-cavs25-2ch.tplg
sof-firmware/usr/lib/firmware/intel/sof-ipc4-tplg/sof-lnl-cs42l43-l2-cs35l56x6-l13.tplg
sof-firmware/usr/lib/firmware/intel/sof-ipc4-tplg/sof-mtl-rt711-l0-rt1316-l3-4ch.tplg
sof-firmware/usr/lib/firmware/intel/sof-ipc4-tplg/sof-tgl-rt712.tplg
sof-firmware/usr/lib/firmware/intel/sof-ipc4-tplg/sof-lnl-cs42l43-l0-4ch.tplg
sof-firmware/usr/lib/firmware/intel/sof-ipc4-tplg/sof-arl-cs42l43-l2-cs35l56-l3.tplg
sof-firmware/usr/lib/firmware/intel/sof-ipc4-tplg/sof-lnl-cs42l43-l0-cs35l56-l23-4ch.tplg
sof-firmware/usr/lib/firmware/intel/sof-ipc4-tplg/sof-hda-generic-cavs25-4ch.tplg
sof-firmware/usr/lib/firmware/intel/sof-ipc4-tplg/sof-mtl-rt722-l0.tplg
sof-firmware/usr/lib/firmware/intel/sof-ipc4-tplg/sof-mtl-rt5650-dts-google-aec.tplg
sof-firmware/usr/lib/firmware/intel/sof-ipc4-tplg/sof-hda-generic-cavs25-idisp-4ch.tplg
sof-firmware/usr/lib/firmware/intel/sof-ipc4-tplg/sof-mtl-rt713-l0-rt1316-l12-rt1713-l3.tplg
sof-firmware/usr/lib/firmware/intel/sof-ipc4-tplg/sof-hda-generic-ace3-idisp-4ch.tplg
sof-firmware/usr/lib/firmware/intel/sof-ipc4-tplg/sof-mtl-max98357a-rt5682-ssp2-ssp0-2ch-pdm1.tplg
sof-firmware/usr/lib/firmware/intel/sof-ipc4-tplg/sof-lnl-cs42l43-l0-2ch.tplg
sof-firmware/usr/lib/firmware/intel/sof-ipc4-tplg/sof-adl-cs42l43-l0-cs35l56-l23.tplg
sof-firmware/usr/lib/firmware/intel/sof-ipc4-tplg/sof-mtl-max98357a-rt5682-ssp2-ssp0.tplg
sof-firmware/usr/lib/firmware/intel/sof-ipc4-tplg/sof-arl-cs42l43-l0-cs35l56-l23.tplg
sof-firmware/usr/lib/firmware/intel/sof-ipc4-tplg/sof-mtl-rt711-l0-rt1316-l3.tplg
sof-firmware/usr/lib/firmware/intel/sof-ipc4-tplg/sof-mtl-rt713-l0-rt1318-l12-rt1713-l3.tplg
sof-firmware/usr/lib/firmware/intel/sof-ipc4/
sof-firmware/usr/lib/firmware/intel/sof-ipc4/arl/
sof-firmware/usr/lib/firmware/intel/sof-ipc4/arl/intel-signed/
sof-firmware/usr/lib/firmware/intel/sof-ipc4/arl/intel-signed/sof-arl.ri
sof-firmware/usr/lib/firmware/intel/sof-ipc4/arl/community/
sof-firmware/usr/lib/firmware/intel/sof-ipc4/arl/community/sof-arl.ri
sof-firmware/usr/lib/firmware/intel/sof-ipc4/arl/sof-arl.ri
sof-firmware/usr/lib/firmware/intel/sof-ipc4/mtl/
sof-firmware/usr/lib/firmware/intel/sof-ipc4/mtl/intel-signed/
sof-firmware/usr/lib/firmware/intel/sof-ipc4/mtl/intel-signed/sof-mtl.ri
sof-firmware/usr/lib/firmware/intel/sof-ipc4/mtl/community/
sof-firmware/usr/lib/firmware/intel/sof-ipc4/mtl/community/sof-mtl.ri
sof-firmware/usr/lib/firmware/intel/sof-ipc4/mtl/sof-mtl.ri
sof-firmware/usr/lib/firmware/intel/sof-ipc4/adl-s/
sof-firmware/usr/lib/firmware/intel/sof-ipc4/adl-s/sof-adl-s.ri
sof-firmware/usr/lib/firmware/intel/sof-ipc4/adl-s/intel-signed/
sof-firmware/usr/lib/firmware/intel/sof-ipc4/adl-s/intel-signed/sof-adl-s.ri
sof-firmware/usr/lib/firmware/intel/sof-ipc4/adl-s/community/
sof-firmware/usr/lib/firmware/intel/sof-ipc4/adl-s/community/sof-adl-s.ri
sof-firmware/usr/lib/firmware/intel/sof-ipc4/lnl/
sof-firmware/usr/lib/firmware/intel/sof-ipc4/lnl/sof-lnl.ri
sof-firmware/usr/lib/firmware/intel/sof-ipc4/lnl/intel-signed/
sof-firmware/usr/lib/firmware/intel/sof-ipc4/lnl/intel-signed/sof-lnl.ri
sof-firmware/usr/lib/firmware/intel/sof-ipc4/lnl/community/
sof-firmware/usr/lib/firmware/intel/sof-ipc4/lnl/community/sof-lnl.ri
sof-firmware/usr/lib/firmware/intel/sof-ipc4/rpl-s/
sof-firmware/usr/lib/firmware/intel/sof-ipc4/rpl-s/intel-signed/
sof-firmware/usr/lib/firmware/intel/sof-ipc4/rpl-s/intel-signed/sof-rpl-s.ri
sof-firmware/usr/lib/firmware/intel/sof-ipc4/rpl-s/sof-rpl-s.ri
sof-firmware/usr/lib/firmware/intel/sof-ipc4/rpl-s/community/
sof-firmware/usr/lib/firmware/intel/sof-ipc4/rpl-s/community/sof-rpl-s.ri
sof-firmware/usr/lib/firmware/intel/sof-ipc4/adl-n/
sof-firmware/usr/lib/firmware/intel/sof-ipc4/adl-n/sof-adl-n.ri
sof-firmware/usr/lib/firmware/intel/sof-ipc4/adl-n/intel-signed/
sof-firmware/usr/lib/firmware/intel/sof-ipc4/adl-n/intel-signed/sof-adl-n.ri
sof-firmware/usr/lib/firmware/intel/sof-ipc4/adl-n/community/
sof-firmware/usr/lib/firmware/intel/sof-ipc4/adl-n/community/sof-adl-n.ri
sof-firmware/usr/lib/firmware/intel/sof-ipc4/tgl/
sof-firmware/usr/lib/firmware/intel/sof-ipc4/tgl/sof-tgl.ri
sof-firmware/usr/lib/firmware/intel/sof-ipc4/tgl/intel-signed/
sof-firmware/usr/lib/firmware/intel/sof-ipc4/tgl/intel-signed/sof-tgl.ri
sof-firmware/usr/lib/firmware/intel/sof-ipc4/tgl/community/
sof-firmware/usr/lib/firmware/intel/sof-ipc4/tgl/community/sof-tgl.ri
sof-firmware/usr/lib/firmware/intel/sof-ipc4/tgl-h/
sof-firmware/usr/lib/firmware/intel/sof-ipc4/tgl-h/intel-signed/
sof-firmware/usr/lib/firmware/intel/sof-ipc4/tgl-h/intel-signed/sof-tgl-h.ri
sof-firmware/usr/lib/firmware/intel/sof-ipc4/tgl-h/community/
sof-firmware/usr/lib/firmware/intel/sof-ipc4/tgl-h/community/sof-tgl-h.ri
sof-firmware/usr/lib/firmware/intel/sof-ipc4/tgl-h/sof-tgl-h.ri
sof-firmware/usr/lib/firmware/intel/sof-ipc4/adl/
sof-firmware/usr/lib/firmware/intel/sof-ipc4/adl/intel-signed/
sof-firmware/usr/lib/firmware/intel/sof-ipc4/adl/intel-signed/sof-adl.ri
sof-firmware/usr/lib/firmware/intel/sof-ipc4/adl/community/
sof-firmware/usr/lib/firmware/intel/sof-ipc4/adl/community/sof-adl.ri
sof-firmware/usr/lib/firmware/intel/sof-ipc4/adl/sof-adl.ri
sof-firmware/usr/lib/firmware/intel/sof-ipc4/ehl/
sof-firmware/usr/lib/firmware/intel/sof-ipc4/ehl/community/
sof-firmware/usr/lib/firmware/intel/sof-ipc4/ehl/community/sof-ehl.ri
sof-firmware/usr/lib/firmware/intel/sof-ipc4/arl-s/
sof-firmware/usr/lib/firmware/intel/sof-ipc4/arl-s/intel-signed/
sof-firmware/usr/lib/firmware/intel/sof-ipc4/arl-s/intel-signed/sof-arl-s.ri
sof-firmware/usr/lib/firmware/intel/sof-ipc4/arl-s/community/
sof-firmware/usr/lib/firmware/intel/sof-ipc4/arl-s/community/sof-arl-s.ri
sof-firmware/usr/lib/firmware/intel/sof-ipc4/arl-s/sof-arl-s.ri
sof-firmware/usr/lib/firmware/intel/sof-ipc4/rpl/
sof-firmware/usr/lib/firmware/intel/sof-ipc4/rpl/sof-rpl.ri
sof-firmware/usr/lib/firmware/intel/sof-ipc4/rpl/intel-signed/
sof-firmware/usr/lib/firmware/intel/sof-ipc4/rpl/intel-signed/sof-rpl.ri
sof-firmware/usr/lib/firmware/intel/sof-ipc4/rpl/community/
sof-firmware/usr/lib/firmware/intel/sof-ipc4/rpl/community/sof-rpl.ri
sof-firmware/usr/lib/firmware/intel/sof-tplg/
sof-firmware/usr/lib/firmware/intel/sof-tplg/sof-imx8-eq-fir-wm8960.tplg
sof-firmware/usr/lib/firmware/intel/sof-tplg/sof-icl-rt5682-kwd.tplg
sof-firmware/usr/lib/firmware/intel/sof-tplg/sof-icl-es8336-dmic2ch-ssp0.tplg
sof-firmware/usr/lib/firmware/intel/sof-tplg/sof-adl-es8336-dmic2ch-ssp2.tplg
sof-firmware/usr/lib/firmware/intel/sof-tplg/sof-cml-es8336-dmic2ch-ssp2.tplg
sof-firmware/usr/lib/firmware/intel/sof-tplg/sof-hda-generic-1ch-pdm1.tplg
sof-firmware/usr/lib/firmware/intel/sof-tplg/sof-hda-generic-idisp-4ch.tplg
sof-firmware/usr/lib/firmware/intel/sof-tplg/sof-adl-rt1316-l12-rt714-l0.tplg
sof-firmware/usr/lib/firmware/intel/sof-tplg/sof-hda-generic-1ch.tplg
sof-firmware/usr/lib/firmware/intel/sof-tplg/sof-byt-nocodec.tplg
sof-firmware/usr/lib/firmware/intel/sof-tplg/sof-adl-rt1316-l02-4ch.tplg
sof-firmware/usr/lib/firmware/intel/sof-tplg/sof-rpl-rt711-l0-rt1318-l12.tplg
sof-firmware/usr/lib/firmware/intel/sof-tplg/sof-bdw-rt286.tplg
sof-firmware/usr/lib/firmware/intel/sof-tplg/sof-rpl-rt711.tplg
sof-firmware/usr/lib/firmware/intel/sof-tplg/sof-tgl-max98357a-rt5682-pdm1-drceq.tplg
sof-firmware/usr/lib/firmware/intel/sof-tplg/sof-cht-nau8824.tplg
sof-firmware/usr/lib/firmware/intel/sof-tplg/sof-byt-cx2072x-ssp0.tplg
sof-firmware/usr/lib/firmware/intel/sof-tplg/sof-cht-es8316.tplg
sof-firmware/usr/lib/firmware/intel/sof-tplg/sof-cml-es8336-dmic4ch-ssp0.tplg
sof-firmware/usr/lib/firmware/intel/sof-tplg/sof-imx8-compr-wm8960-mixer.tplg
sof-firmware/usr/lib/firmware/intel/sof-tplg/sof-hda-generic.tplg
sof-firmware/usr/lib/firmware/intel/sof-tplg/sof-bdw-rt5640.tplg
sof-firmware/usr/lib/firmware/intel/sof-tplg/sof-cht-cx2072x.tplg
sof-firmware/usr/lib/firmware/intel/sof-tplg/sof-adl-rt711-l0-rt1316-l3-2ch.tplg
sof-firmware/usr/lib/firmware/intel/sof-tplg/sof-adl-rt711-l2-rt1316-l01.tplg
sof-firmware/usr/lib/firmware/intel/sof-tplg/sof-cml-rt5682-kwd.tplg
sof-firmware/usr/lib/firmware/intel/sof-tplg/sof-glk-es8336-ssp5.tplg
sof-firmware/usr/lib/firmware/intel/sof-tplg/sof-rpl-rt1316-l12-rt714-l0.tplg
sof-firmware/usr/lib/firmware/intel/sof-tplg/sof-hda-generic-idisp.tplg
sof-firmware/usr/lib/firmware/intel/sof-tplg/sof-imx8mp-wm8960-kwd.tplg
sof-firmware/usr/lib/firmware/intel/sof-tplg/sof-tgl-es8336-dmic2ch-ssp0.tplg
sof-firmware/usr/lib/firmware/intel/sof-tplg/sof-adl-cs35l41.tplg
sof-firmware/usr/lib/firmware/intel/sof-tplg/sof-imx8mp-drc-wm8960.tplg
sof-firmware/usr/lib/firmware/intel/sof-tplg/sof-byt-wm5102-ssp0.tplg
sof-firmware/usr/lib/firmware/intel/sof-tplg/sof-ehl-rt5660-nohdmi.tplg
sof-firmware/usr/lib/firmware/intel/sof-tplg/sof-rpl-rt711-l0-rt1316-l12-rt714-l3.tplg
sof-firmware/usr/lib/firmware/intel/sof-tplg/sof-rpl-cs42l43-l0.tplg
sof-firmware/usr/lib/firmware/intel/sof-tplg/sof-adl-es8336-ssp1.tplg
sof-firmware/usr/lib/firmware/intel/sof-tplg/sof-byt-rt5640-ssp0.tplg
sof-firmware/usr/lib/firmware/intel/sof-tplg/sof-apl-es8336-dmic2ch-ssp1.tplg
sof-firmware/usr/lib/firmware/intel/sof-tplg/sof-jsl-es8336-dmic2ch-ssp1.tplg
sof-firmware/usr/lib/firmware/intel/sof-tplg/sof-adl-max98373-nau8825-dts.tplg
sof-firmware/usr/lib/firmware/intel/sof-tplg/sof-apl-es8336-dmic4ch-ssp5.tplg
sof-firmware/usr/lib/firmware/intel/sof-tplg/sof-tgl-es8336-ssp0.tplg
sof-firmware/usr/lib/firmware/intel/sof-tplg/sof-glk-es8336-dmic2ch-ssp2.tplg
sof-firmware/usr/lib/firmware/intel/sof-tplg/sof-cml-es8336-ssp1.tplg
sof-firmware/usr/lib/firmware/intel/sof-tplg/sof-apl-es8336-ssp0.tplg
sof-firmware/usr/lib/firmware/intel/sof-tplg/sof-adl-rt5682.tplg
sof-firmware/usr/lib/firmware/intel/sof-tplg/sof-hda-generic-2ch-kwd.tplg
sof-firmware/usr/lib/firmware/intel/sof-tplg/sof-apl-es8336-dmic2ch-ssp2.tplg
sof-firmware/usr/lib/firmware/intel/sof-tplg/sof-imx8-wm8960-mixer.tplg
sof-firmware/usr/lib/firmware/intel/sof-tplg/sof-apl-es8336-dmic4ch-ssp2.tplg
sof-firmware/usr/lib/firmware/intel/sof-tplg/sof-adl-rt711-4ch.tplg
sof-firmware/usr/lib/firmware/intel/sof-tplg/sof-adl-max98360a-rt5682-4ch.tplg
sof-firmware/usr/lib/firmware/intel/sof-tplg/sof-adl-rt5650.tplg
sof-firmware/usr/lib/firmware/intel/sof-tplg/sof-adl-es8336-ssp1-hdmi-ssp02-4ch.tplg
sof-firmware/usr/lib/firmware/intel/sof-tplg/sof-cml-es8336-dmic2ch-ssp0.tplg
sof-firmware/usr/lib/firmware/intel/sof-tplg/sof-adl-rt711-l0-rt1316-l12-rt714-l3.tplg
sof-firmware/usr/lib/firmware/intel/sof-tplg/sof-byt-rt5670-ssp0.tplg
sof-firmware/usr/lib/firmware/intel/sof-tplg/sof-tgl-max98357a-rt5682-pdm1-google-aec.tplg
sof-firmware/usr/lib/firmware/intel/sof-tplg/sof-imx8mp-eq-fir-wm8960.tplg
sof-firmware/usr/lib/firmware/intel/sof-tplg/sof-mt8195-mt6359-rt1019-rt5682.tplg
sof-firmware/usr/lib/firmware/intel/sof-tplg/sof-jsl-es8336-ssp2.tplg
sof-firmware/usr/lib/firmware/intel/sof-tplg/sof-cml-rt5682.tplg
sof-firmware/usr/lib/firmware/intel/sof-tplg/sof-imx8mp-eq-iir-wm8960.tplg
sof-firmware/usr/lib/firmware/intel/sof-tplg/sof-adl-rt711.tplg
sof-firmware/usr/lib/firmware/intel/sof-tplg/sof-glk-da7219.tplg
sof-firmware/usr/lib/firmware/intel/sof-tplg/sof-imx8mp-compr-wm8960-mixer.tplg
sof-firmware/usr/lib/firmware/intel/sof-tplg/sof-imx8-eq-iir-wm8960.tplg
sof-firmware/usr/lib/firmware/intel/sof-tplg/sof-imx8-nocodec-sai.tplg
sof-firmware/usr/lib/firmware/intel/sof-tplg/sof-adl-es8336-ssp2.tplg
sof-firmware/usr/lib/firmware/intel/sof-tplg/sof-tgl-rt711-4ch.tplg
sof-firmware/usr/lib/firmware/intel/sof-tplg/sof-glk-da7219-kwd.tplg
sof-firmware/usr/lib/firmware/intel/sof-tplg/sof-adl-sdw-max98373-rt5682.tplg
sof-firmware/usr/lib/firmware/intel/sof-tplg/sof-byt-rt5682-ssp0.tplg
sof-firmware/usr/lib/firmware/intel/sof-tplg/sof-tgl-sdw-max98373-rt5682.tplg
sof-firmware/usr/lib/firmware/intel/sof-tplg/sof-adl-nau8318-nau8825.tplg
sof-firmware/usr/lib/firmware/intel/sof-tplg/sof-apl-es8336-ssp1.tplg
sof-firmware/usr/lib/firmware/intel/sof-tplg/sof-apl-demux-pcm512x.tplg
sof-firmware/usr/lib/firmware/intel/sof-tplg/sof-whl-rt5682.tplg
sof-firmware/usr/lib/firmware/intel/sof-tplg/sof-hda-generic-2ch.tplg
sof-firmware/usr/lib/firmware/intel/sof-tplg/sof-tgl-es8336-dmic4ch-ssp2.tplg
sof-firmware/usr/lib/firmware/intel/sof-tplg/sof-cht-max98090.tplg
sof-firmware/usr/lib/firmware/intel/sof-tplg/sof-cml-es8336-ssp2.tplg
sof-firmware/usr/lib/firmware/intel/sof-tplg/sof-tgl-max98357a-rt5682-rtnr.tplg
sof-firmware/usr/lib/firmware/intel/sof-tplg/sof-adl-es8336-dmic2ch-ssp1.tplg
sof-firmware/usr/lib/firmware/intel/sof-tplg/sof-imx8mp-wm8960.tplg
sof-firmware/usr/lib/firmware/intel/sof-tplg/sof-ehl-rt5660.tplg
sof-firmware/usr/lib/firmware/intel/sof-tplg/sof-cml-rt711-rt1308-mono-rt715.tplg
sof-firmware/usr/lib/firmware/intel/sof-tplg/sof-cml-rt5682-max98357a.tplg
sof-firmware/usr/lib/firmware/intel/sof-tplg/sof-rpl-rt711-l0.tplg
sof-firmware/usr/lib/firmware/intel/sof-tplg/sof-glk-es8336-ssp0.tplg
sof-firmware/usr/lib/firmware/intel/sof-tplg/sof-apl-tdf8532.tplg
sof-firmware/usr/lib/firmware/intel/sof-tplg/sof-rn-rt5682-rt1019.tplg
sof-firmware/usr/lib/firmware/intel/sof-tplg/sof-apl-pcm512x.tplg
sof-firmware/usr/lib/firmware/intel/sof-tplg/sof-cht-nocodec.tplg
sof-firmware/usr/lib/firmware/intel/sof-tplg/sof-jsl-rt5682.tplg
sof-firmware/usr/lib/firmware/intel/sof-tplg/sof-adl-max98360a-rt5682-rtnr.tplg
sof-firmware/usr/lib/firmware/intel/sof-tplg/sof-cml-demux-rt5682-max98357a.tplg
sof-firmware/usr/lib/firmware/intel/sof-tplg/sof-adl-max98390-ssp2-rt5682-ssp0.tplg
sof-firmware/usr/lib/firmware/intel/sof-tplg/sof-icl-nocodec.tplg
sof-firmware/usr/lib/firmware/intel/sof-tplg/sof-icl-rt711-rt1308-rt715.tplg
sof-firmware/usr/lib/firmware/intel/sof-tplg/sof-glk-es8336.tplg
sof-firmware/usr/lib/firmware/intel/sof-tplg/sof-tgl-es8336-ssp1.tplg
sof-firmware/usr/lib/firmware/intel/sof-tplg/sof-glk-es8336-ssp1.tplg
sof-firmware/usr/lib/firmware/intel/sof-tplg/sof-icl-es8336-ssp1.tplg
sof-firmware/usr/lib/firmware/intel/sof-tplg/sof-rpl-rt711-l2.tplg
sof-firmware/usr/lib/firmware/intel/sof-tplg/sof-icl-dmic-4ch.tplg
sof-firmware/usr/lib/firmware/intel/sof-tplg/sof-hda-generic-4ch-kwd.tplg
sof-firmware/usr/lib/firmware/intel/sof-tplg/sof-jsl-rt5682-rt1015-xperi.tplg
sof-firmware/usr/lib/firmware/intel/sof-tplg/sof-adl-max98357a-rt5682-2way.tplg
sof-firmware/usr/lib/firmware/intel/sof-tplg/sof-adl-rt711-l0-rt1308-l12-rt715-l3.tplg
sof-firmware/usr/lib/firmware/intel/sof-tplg/sof-imx8-cs42888.tplg
sof-firmware/usr/lib/firmware/intel/sof-tplg/sof-adl-max98360a-nau8825.tplg
sof-firmware/usr/lib/firmware/intel/sof-tplg/sof-rpl-rt711-l2-rt1316-l01.tplg
sof-firmware/usr/lib/firmware/intel/sof-tplg/sof-mt8195-mt6359-rt1019-rt5682-dts.tplg
sof-firmware/usr/lib/firmware/intel/sof-tplg/sof-apl-keyword-detect.tplg
sof-firmware/usr/lib/firmware/intel/sof-tplg/sof-tgl-nocodec.tplg
sof-firmware/usr/lib/firmware/intel/sof-tplg/sof-rn-rt5682-max98360.tplg
sof-firmware/usr/lib/firmware/intel/sof-tplg/sof-apl-es8336-dmic4ch-ssp1.tplg
sof-firmware/usr/lib/firmware/intel/sof-tplg/sof-cml-rt1011-rt5682.tplg
sof-firmware/usr/lib/firmware/intel/sof-tplg/sof-adl-rt711-l0-rt1316-l13-rt714-l2.tplg
sof-firmware/usr/lib/firmware/intel/sof-tplg/sof-adl-sdw-cs42l42-4ch.tplg
sof-firmware/usr/lib/firmware/intel/sof-tplg/sof-adl-max98357a-rt5682-4ch.tplg
sof-firmware/usr/lib/firmware/intel/sof-tplg/sof-icl-es8336-ssp2.tplg
sof-firmware/usr/lib/firmware/intel/sof-tplg/sof-adl-nocodec.tplg
sof-firmware/usr/lib/firmware/intel/sof-tplg/sof-apl-nocodec-ci.tplg
sof-firmware/usr/lib/firmware/intel/sof-tplg/sof-tgl-es8336-ssp2.tplg
sof-firmware/usr/lib/firmware/intel/sof-tplg/sof-imx8mp-wm8904.tplg
sof-firmware/usr/lib/firmware/intel/sof-tplg/sof-hda-generic-4ch-bt.tplg
sof-firmware/usr/lib/firmware/intel/sof-tplg/sof-tgl-nocodec-ci.tplg
sof-firmware/usr/lib/firmware/intel/sof-tplg/sof-apl-es8336.tplg
sof-firmware/usr/lib/firmware/intel/sof-tplg/sof-jsl-es8336-dmic2ch-ssp2.tplg
sof-firmware/usr/lib/firmware/intel/sof-tplg/sof-glk-nocodec.tplg
sof-firmware/usr/lib/firmware/intel/sof-tplg/sof-adl-max98357a-rt5682-waves-2way.tplg
sof-firmware/usr/lib/firmware/intel/sof-tplg/sof-tgl-rt711-rt1308-2ch.tplg
sof-firmware/usr/lib/firmware/intel/sof-tplg/sof-tgl-max98373-rt5682-igonr.tplg
sof-firmware/usr/lib/firmware/intel/sof-tplg/sof-imx8-cs42888-mixer.tplg
sof-firmware/usr/lib/firmware/intel/sof-tplg/sof-cht-da7213.tplg
sof-firmware/usr/lib/firmware/intel/sof-tplg/sof-glk-rt5682.tplg
sof-firmware/usr/lib/firmware/intel/sof-tplg/sof-apl-es8336-ssp2.tplg
sof-firmware/usr/lib/firmware/intel/sof-tplg/sof-byt-es8316-ssp0.tplg
sof-firmware/usr/lib/firmware/intel/sof-tplg/sof-jsl-es8336-ssp0.tplg
sof-firmware/usr/lib/firmware/intel/sof-tplg/sof-cml-es8336-ssp0.tplg
sof-firmware/usr/lib/firmware/intel/sof-tplg/sof-byt-rt5640.tplg
sof-firmware/usr/lib/firmware/intel/sof-tplg/sof-jsl-es8336-dmic2ch-ssp0.tplg
sof-firmware/usr/lib/firmware/intel/sof-tplg/sof-adl-es8336-ssp1-hdmi-ssp02.tplg
sof-firmware/usr/lib/firmware/intel/sof-tplg/sof-adl-max98373-nau8825.tplg
sof-firmware/usr/lib/firmware/intel/sof-tplg/sof-glk-es8336-dmic4ch-ssp1.tplg
sof-firmware/usr/lib/firmware/intel/sof-tplg/sof-adl-rt711-l0-rt1316-l2-2ch.tplg
sof-firmware/usr/lib/firmware/intel/sof-tplg/sof-cht-rt5640.tplg
sof-firmware/usr/lib/firmware/intel/sof-tplg/sof-tgl-rt5682-ssp0-max98373-ssp2.tplg
sof-firmware/usr/lib/firmware/intel/sof-tplg/sof-apl-da7219.tplg
sof-firmware/usr/lib/firmware/intel/sof-tplg/sof-jsl-es8336-dmic4ch-ssp2.tplg
sof-firmware/usr/lib/firmware/intel/sof-tplg/sof-adl-max98360a-rt5682-waves.tplg
sof-firmware/usr/lib/firmware/intel/sof-tplg/sof-icl-es8336-dmic4ch-ssp1.tplg
sof-firmware/usr/lib/firmware/intel/sof-tplg/sof-adl-es8336-dmic4ch-ssp2.tplg
sof-firmware/usr/lib/firmware/intel/sof-tplg/sof-tgl-rt711-rt1308-rt715.tplg
sof-firmware/usr/lib/firmware/intel/sof-tplg/sof-adl-rt1019-nau8825.tplg
sof-firmware/usr/lib/firmware/intel/sof-tplg/sof-adl-max98390-rt5682.tplg
sof-firmware/usr/lib/firmware/intel/sof-tplg/sof-jsl-da7219.tplg
sof-firmware/usr/lib/firmware/intel/sof-tplg/sof-adl-rt711-l2-rt1316-l01-rt714-l3.tplg
sof-firmware/usr/lib/firmware/intel/sof-tplg/sof-jsl-rt5650.tplg
sof-firmware/usr/lib/firmware/intel/sof-tplg/sof-glk-es8336-dmic2ch-ssp1.tplg
sof-firmware/usr/lib/firmware/intel/sof-tplg/sof-adl-rt1316-l2-mono-rt714-l0.tplg
sof-firmware/usr/lib/firmware/intel/sof-tplg/sof-apl-es8336-ssp5.tplg
sof-firmware/usr/lib/firmware/intel/sof-tplg/sof-hda-generic-2ch-pdm1.tplg
sof-firmware/usr/lib/firmware/intel/sof-tplg/sof-glk-es8336-dmic4ch-ssp2.tplg
sof-firmware/usr/lib/firmware/intel/sof-tplg/sof-apl-es8336-dmic2ch-ssp0.tplg
sof-firmware/usr/lib/firmware/intel/sof-tplg/sof-tgl-nocodec-hdmi-ssp15.tplg
sof-firmware/usr/lib/firmware/intel/sof-tplg/sof-mt8186-mt6366-rt1019-rt5682s.tplg
sof-firmware/usr/lib/firmware/intel/sof-tplg/sof-adl-es8336-dmic4ch-ssp0.tplg
sof-firmware/usr/lib/firmware/intel/sof-tplg/sof-icl-rt700-2ch.tplg
sof-firmware/usr/lib/firmware/intel/sof-tplg/sof-cml-rt711-rt1308-rt715.tplg
sof-firmware/usr/lib/firmware/intel/sof-tplg/sof-jsl-rt5682-mx98360a.tplg
sof-firmware/usr/lib/firmware/intel/sof-tplg/sof-glk-es8336-dmic4ch-ssp5.tplg
sof-firmware/usr/lib/firmware/intel/sof-tplg/sof-byt-da7213-ssp0.tplg
sof-firmware/usr/lib/firmware/intel/sof-tplg/sof-apl-pcm512x-master.tplg
sof-firmware/usr/lib/firmware/intel/sof-tplg/sof-byt-es8316.tplg
sof-firmware/usr/lib/firmware/intel/sof-tplg/sof-tgl-max98373-rt5682.tplg
sof-firmware/usr/lib/firmware/intel/sof-tplg/sof-icl-es8336-dmic4ch-ssp2.tplg
sof-firmware/usr/lib/firmware/intel/sof-tplg/sof-tgl-rt1011-rt5682.tplg
sof-firmware/usr/lib/firmware/intel/sof-tplg/sof-cml-es8336-dmic4ch-ssp1.tplg
sof-firmware/usr/lib/firmware/intel/sof-tplg/sof-icl-rt5682.tplg
sof-firmware/usr/lib/firmware/intel/sof-tplg/sof-jsl-da7219-mx98360a.tplg
sof-firmware/usr/lib/firmware/intel/sof-tplg/sof-hda-generic-4ch.tplg
sof-firmware/usr/lib/firmware/intel/sof-tplg/sof-hda-generic-idisp-2ch.tplg
sof-firmware/usr/lib/firmware/intel/sof-tplg/sof-icl-es8336-dmic2ch-ssp2.tplg
sof-firmware/usr/lib/firmware/intel/sof-tplg/sof-tgl-es8336-dmic4ch-ssp0.tplg
sof-firmware/usr/lib/firmware/intel/sof-tplg/sof-adl-max98390-rt5682-google-aec.tplg
sof-firmware/usr/lib/firmware/intel/sof-tplg/sof-cml-nocodec.tplg
sof-firmware/usr/lib/firmware/intel/sof-tplg/sof-jsl-es8336-dmic4ch-ssp1.tplg
sof-firmware/usr/lib/firmware/intel/sof-tplg/sof-rpl-rt711-l0-rt1316-l12.tplg
sof-firmware/usr/lib/firmware/intel/sof-tplg/sof-adl-max98360a-rt5682.tplg
sof-firmware/usr/lib/firmware/intel/sof-tplg/sof-byt-rt5645-ssp0.tplg
sof-firmware/usr/lib/firmware/intel/sof-tplg/sof-cml-es8336-dmic4ch-ssp2.tplg
sof-firmware/usr/lib/firmware/intel/sof-tplg/sof-byt-rt5651.tplg
sof-firmware/usr/lib/firmware/intel/sof-tplg/sof-icl-es8336-dmic2ch-ssp1.tplg
sof-firmware/usr/lib/firmware/intel/sof-tplg/sof-adl-max98390-rt5682-rtnr.tplg
sof-firmware/usr/lib/firmware/intel/sof-tplg/sof-apl-pcm512x-master-44100.tplg
sof-firmware/usr/lib/firmware/intel/sof-tplg/sof-mt8195-mt6359-max98390-rt5682.tplg
sof-firmware/usr/lib/firmware/intel/sof-tplg/sof-mt8195-mt6359-max98390-rt5682-google-aec-rtnr.tplg
sof-firmware/usr/lib/firmware/intel/sof-tplg/sof-imx8-wm8960.tplg
sof-firmware/usr/lib/firmware/intel/sof-tplg/sof-adl-es8336-dmic4ch-ssp1.tplg
sof-firmware/usr/lib/firmware/intel/sof-tplg/sof-byt-rt5682.tplg
sof-firmware/usr/lib/firmware/intel/sof-tplg/sof-tgl-rt711-rt1316-rt714.tplg
sof-firmware/usr/lib/firmware/intel/sof-tplg/sof-mt8186-mt6366-da7219-max98357.tplg
sof-firmware/usr/lib/firmware/intel/sof-tplg/sof-whl-demux-rt5682.tplg
sof-firmware/usr/lib/firmware/intel/sof-tplg/sof-tgl-es8336-dmic2ch-ssp2.tplg
sof-firmware/usr/lib/firmware/intel/sof-tplg/sof-adl-max98357a-rt5682-rtnr.tplg
sof-firmware/usr/lib/firmware/intel/sof-tplg/sof-tgl-max98357a-rt5682-pdm1.tplg
sof-firmware/usr/lib/firmware/intel/sof-tplg/sof-icl-es8336-dmic4ch-ssp0.tplg
sof-firmware/usr/lib/firmware/intel/sof-tplg/sof-apl-es8336-dmic4ch-ssp0.tplg
sof-firmware/usr/lib/firmware/intel/sof-tplg/sof-adl-es8336-ssp0.tplg
sof-firmware/usr/lib/firmware/intel/sof-tplg/sof-apl-rt298.tplg
sof-firmware/usr/lib/firmware/intel/sof-tplg/sof-tgl-es8336-dmic4ch-ssp1.tplg
sof-firmware/usr/lib/firmware/intel/sof-tplg/sof-jsl-es8336-ssp1.tplg
sof-firmware/usr/lib/firmware/intel/sof-tplg/sof-tgl-rt5682-ssp0-max98373-ssp2-xperi.tplg
sof-firmware/usr/lib/firmware/intel/sof-tplg/sof-icl-rt700.tplg
sof-firmware/usr/lib/firmware/intel/sof-tplg/sof-cht-rt5651.tplg
sof-firmware/usr/lib/firmware/intel/sof-tplg/sof-cht-rt5682.tplg
sof-firmware/usr/lib/firmware/intel/sof-tplg/sof-glk-es8336-dmic4ch-ssp0.tplg
sof-firmware/usr/lib/firmware/intel/sof-tplg/sof-tgl-max98373-rt5682-xperi.tplg
sof-firmware/usr/lib/firmware/intel/sof-tplg/sof-tgl-rt715-rt711-rt1308-mono.tplg
sof-firmware/usr/lib/firmware/intel/sof-tplg/sof-byt-da7213.tplg
sof-firmware/usr/lib/firmware/intel/sof-tplg/sof-tgl-es8336-dmic2ch-ssp1.tplg
sof-firmware/usr/lib/firmware/intel/sof-tplg/sof-adl-rt1015-nau8825.tplg
sof-firmware/usr/lib/firmware/intel/sof-tplg/sof-rpl-nocodec.tplg
sof-firmware/usr/lib/firmware/intel/sof-tplg/sof-jsl-rt5682-rt1015.tplg
sof-firmware/usr/lib/firmware/intel/sof-tplg/sof-adl-rt1316-l1-mono-rt714-l0.tplg
sof-firmware/usr/lib/firmware/intel/sof-tplg/sof-byt-rt5670.tplg
sof-firmware/usr/lib/firmware/intel/sof-tplg/sof-apl-nocodec.tplg
sof-firmware/usr/lib/firmware/intel/sof-tplg/sof-tgl-rt711-rt1308-4ch.tplg
sof-firmware/usr/lib/firmware/intel/sof-tplg/sof-imx8mp-wm8960-mixer.tplg
sof-firmware/usr/lib/firmware/intel/sof-tplg/sof-tgl-rt1308-ssp2-hdmi-ssp15.tplg
sof-firmware/usr/lib/firmware/intel/sof-tplg/sof-imx8-wm8960-kwd.tplg
sof-firmware/usr/lib/firmware/intel/sof-tplg/sof-jsl-cs42l42-mx98360a.tplg
sof-firmware/usr/lib/firmware/intel/sof-tplg/sof-tgl-h-nocodec.tplg
sof-firmware/usr/lib/firmware/intel/sof-tplg/sof-byt-cx2072x.tplg
sof-firmware/usr/lib/firmware/intel/sof-tplg/sof-rpl-rt711-l0-rt1318-l12-rt714-l3.tplg
sof-firmware/usr/lib/firmware/intel/sof-tplg/sof-adl-rt711-l0-rt1316-l2-4ch.tplg
sof-firmware/usr/lib/firmware/intel/sof-tplg/sof-cml-da7219-max98357a.tplg
sof-firmware/usr/lib/firmware/intel/sof-tplg/sof-cml-rt700-4ch.tplg
sof-firmware/usr/lib/firmware/intel/sof-tplg/sof-tgl-rt711-rt1308-mono-rt715.tplg
sof-firmware/usr/lib/firmware/intel/sof-tplg/sof-jsl-nocodec.tplg
sof-firmware/usr/lib/firmware/intel/sof-tplg/sof-imx8ulp-9x9-btsco.tplg
sof-firmware/usr/lib/firmware/intel/sof-tplg/sof-byt-rt5651-ssp0.tplg
sof-firmware/usr/lib/firmware/intel/sof-tplg/sof-cml-demux-rt5682.tplg
sof-firmware/usr/lib/firmware/intel/sof-tplg/sof-adl-max98360a-da7219.tplg
sof-firmware/usr/lib/firmware/intel/sof-tplg/sof-cml-rt700-2ch.tplg
sof-firmware/usr/lib/firmware/intel/sof-tplg/sof-adl-es8336-dmic2ch-ssp0.tplg
sof-firmware/usr/lib/firmware/intel/sof-tplg/sof-adl-es8336.tplg
sof-firmware/usr/lib/firmware/intel/sof-tplg/sof-adl-max98357a-rt5682-waves.tplg
sof-firmware/usr/lib/firmware/intel/sof-tplg/sof-imx8ulp-btsco.tplg
sof-firmware/usr/lib/firmware/intel/sof-tplg/sof-adl-max98360a-rt5682-2way.tplg
sof-firmware/usr/lib/firmware/intel/sof-tplg/sof-cnl-nocodec.tplg
sof-firmware/usr/lib/firmware/intel/sof-tplg/sof-hda-generic-3ch.tplg
sof-firmware/usr/lib/firmware/intel/sof-tplg/sof-bdw-nocodec.tplg
sof-firmware/usr/lib/firmware/intel/sof-tplg/sof-cht-rt5645.tplg
sof-firmware/usr/lib/firmware/intel/sof-tplg/sof-adl-rt1316-l2-mono-rt714-l3.tplg
sof-firmware/usr/lib/firmware/intel/sof-tplg/sof-imx8-nocodec.tplg
sof-firmware/usr/lib/firmware/intel/sof-tplg/sof-imx8-drc-wm8960.tplg
sof-firmware/usr/lib/firmware/intel/sof-tplg/sof-byt-max98090.tplg
sof-firmware/usr/lib/firmware/intel/sof-tplg/sof-whl-rt5682-kwd.tplg
sof-firmware/usr/lib/firmware/intel/sof-tplg/sof-glk-cs42l42.tplg
sof-firmware/usr/lib/firmware/intel/sof-tplg/sof-glk-es8336-dmic2ch-ssp0.tplg
sof-firmware/usr/lib/firmware/intel/sof-tplg/sof-tgl-max98357a-rt5682.tplg
sof-firmware/usr/lib/firmware/intel/sof-tplg/sof-bdw-rt5677.tplg
sof-firmware/usr/lib/firmware/intel/sof-tplg/sof-cml-rt700.tplg
sof-firmware/usr/lib/firmware/intel/sof-tplg/sof-adl-rt1019-rt5682.tplg
sof-firmware/usr/lib/firmware/intel/sof-tplg/sof-tgl-rt711-l0-rt1316-l1-mono-rt714-l3.tplg
sof-firmware/usr/lib/firmware/intel/sof-tplg/sof-jsl-es8336-dmic4ch-ssp0.tplg
sof-firmware/usr/lib/firmware/intel/sof-tplg/sof-icl-rt700-4ch.tplg
sof-firmware/usr/lib/firmware/intel/sof-tplg/sof-adl-nocodec-hdmi-ssp02.tplg
sof-firmware/usr/lib/firmware/intel/sof-tplg/sof-glk-es8336-dmic2ch-ssp5.tplg
sof-firmware/usr/lib/firmware/intel/sof-tplg/sof-adl-nau8825.tplg
sof-firmware/usr/lib/firmware/intel/sof-tplg/sof-cml-da7219-max98390.tplg
sof-firmware/usr/lib/firmware/intel/sof-tplg/sof-cnl-rt274.tplg
sof-firmware/usr/lib/firmware/intel/sof-tplg/sof-adl-nocodec-ci.tplg
sof-firmware/usr/lib/firmware/intel/sof-tplg/sof-byt-rt5645.tplg
sof-firmware/usr/lib/firmware/intel/sof-tplg/sof-ehl-nocodec.tplg
sof-firmware/usr/lib/firmware/intel/sof-tplg/sof-glk-es8336-ssp2.tplg
sof-firmware/usr/lib/firmware/intel/sof-tplg/sof-rpl-rt711-4ch.tplg
sof-firmware/usr/lib/firmware/intel/sof-tplg/sof-apl-wm8804.tplg
sof-firmware/usr/lib/firmware/intel/sof-tplg/sof-cml-es8336-dmic2ch-ssp1.tplg
sof-firmware/usr/lib/firmware/intel/sof-tplg/sof-mt8195-mt6359-max98390-rt5682-rtnr.tplg
sof-firmware/usr/lib/firmware/intel/sof-tplg/sof-icl-es8336-ssp0.tplg
sof-firmware/usr/lib/firmware/intel/sof-tplg/sof-smart-amplifier-nocodec.tplg
sof-firmware/usr/lib/firmware/intel/sof-tplg/sof-rpl-rt711-l2-rt1316-l01-rt714-l3.tplg
sof-firmware/usr/lib/firmware/intel/sof-tplg/sof-apl-es8336-dmic2ch-ssp5.tplg
sof-firmware/usr/lib/firmware/intel/sof-tplg/sof-acp.tplg
sof-firmware/usr/lib/firmware/intel/sof-tplg/sof-adl-max98357a-rt5682.tplg
sof-firmware/usr/lib/firmware/intel/sof-tplg/sof-tgl-es8336.tplg
sof-firmware/usr/lib/firmware/intel/sof-tplg/sof-cht-rt5670.tplg
sof-firmware/usr/lib/firmware/intel/sof/
sof-firmware/usr/lib/firmware/intel/sof/sof-tgl.ri
sof-firmware/usr/lib/firmware/intel/sof/sof-jsl.ri
sof-firmware/usr/lib/firmware/intel/sof/sof-rpl-s.ldc
sof-firmware/usr/lib/firmware/intel/sof/sof-byt.ldc
sof-firmware/usr/lib/firmware/intel/sof/sof-glk.ri
sof-firmware/usr/lib/firmware/intel/sof/sof-adl-n.ri
sof-firmware/usr/lib/firmware/intel/sof/sof-cml.ldc
sof-firmware/usr/lib/firmware/intel/sof/sof-rpl.ldc
sof-firmware/usr/lib/firmware/intel/sof/sof-cml.ri
sof-firmware/usr/lib/firmware/intel/sof/sof-cht.ldc
sof-firmware/usr/lib/firmware/intel/sof/sof-tgl.ldc
sof-firmware/usr/lib/firmware/intel/sof/sof-adl-s.ri
sof-firmware/usr/lib/firmware/intel/sof/sof-tgl-h.ldc
sof-firmware/usr/lib/firmware/intel/sof/sof-apl.ri
sof-firmware/usr/lib/firmware/intel/sof/sof-glk.ldc
sof-firmware/usr/lib/firmware/intel/sof/sof-cnl.ldc
sof-firmware/usr/lib/firmware/intel/sof/sof-rpl.ri
sof-firmware/usr/lib/firmware/intel/sof/sof-bdw.ldc
sof-firmware/usr/lib/firmware/intel/sof/sof-ehl.ldc
sof-firmware/usr/lib/firmware/intel/sof/sof-jsl.ldc
sof-firmware/usr/lib/firmware/intel/sof/sof-cnl.ri
sof-firmware/usr/lib/firmware/intel/sof/sof-apl.ldc
sof-firmware/usr/lib/firmware/intel/sof/sof-cfl.ldc
sof-firmware/usr/lib/firmware/intel/sof/intel-signed/
sof-firmware/usr/lib/firmware/intel/sof/intel-signed/sof-tgl.ri
sof-firmware/usr/lib/firmware/intel/sof/intel-signed/sof-jsl.ri
sof-firmware/usr/lib/firmware/intel/sof/intel-signed/sof-glk.ri
sof-firmware/usr/lib/firmware/intel/sof/intel-signed/sof-adl-n.ri
sof-firmware/usr/lib/firmware/intel/sof/intel-signed/sof-cml.ri
sof-firmware/usr/lib/firmware/intel/sof/intel-signed/sof-adl-s.ri
sof-firmware/usr/lib/firmware/intel/sof/intel-signed/sof-apl.ri
sof-firmware/usr/lib/firmware/intel/sof/intel-signed/sof-rpl.ri
sof-firmware/usr/lib/firmware/intel/sof/intel-signed/sof-cnl.ri
sof-firmware/usr/lib/firmware/intel/sof/intel-signed/sof-rpl-s.ri
sof-firmware/usr/lib/firmware/intel/sof/intel-signed/sof-cfl.ri
sof-firmware/usr/lib/firmware/intel/sof/intel-signed/sof-ehl.ri
sof-firmware/usr/lib/firmware/intel/sof/intel-signed/sof-tgl-h.ri
sof-firmware/usr/lib/firmware/intel/sof/intel-signed/sof-icl.ri
sof-firmware/usr/lib/firmware/intel/sof/intel-signed/sof-adl.ri
sof-firmware/usr/lib/firmware/intel/sof/sof-rpl-s.ri
sof-firmware/usr/lib/firmware/intel/sof/community/
sof-firmware/usr/lib/firmware/intel/sof/community/sof-tgl.ri
sof-firmware/usr/lib/firmware/intel/sof/community/sof-jsl.ri
sof-firmware/usr/lib/firmware/intel/sof/community/sof-glk.ri
sof-firmware/usr/lib/firmware/intel/sof/community/sof-adl-n.ri
sof-firmware/usr/lib/firmware/intel/sof/community/sof-cml.ri
sof-firmware/usr/lib/firmware/intel/sof/community/sof-adl-s.ri
sof-firmware/usr/lib/firmware/intel/sof/community/sof-apl.ri
sof-firmware/usr/lib/firmware/intel/sof/community/sof-rpl.ri
sof-firmware/usr/lib/firmware/intel/sof/community/sof-cnl.ri
sof-firmware/usr/lib/firmware/intel/sof/community/sof-rpl-s.ri
sof-firmware/usr/lib/firmware/intel/sof/community/sof-cfl.ri
sof-firmware/usr/lib/firmware/intel/sof/community/sof-ehl.ri
sof-firmware/usr/lib/firmware/intel/sof/community/sof-tgl-h.ri
sof-firmware/usr/lib/firmware/intel/sof/community/sof-icl.ri
sof-firmware/usr/lib/firmware/intel/sof/community/sof-adl.ri
sof-firmware/usr/lib/firmware/intel/sof/sof-adl-n.ldc
sof-firmware/usr/lib/firmware/intel/sof/sof-bdw.ri
sof-firmware/usr/lib/firmware/intel/sof/sof-adl-s.ldc
sof-firmware/usr/lib/firmware/intel/sof/sof-cfl.ri
sof-firmware/usr/lib/firmware/intel/sof/sof-cht.ri
sof-firmware/usr/lib/firmware/intel/sof/sof-adl.ldc
sof-firmware/usr/lib/firmware/intel/sof/sof-ehl.ri
sof-firmware/usr/lib/firmware/intel/sof/sof-icl.ldc
sof-firmware/usr/lib/firmware/intel/sof/sof-byt.ri
sof-firmware/usr/lib/firmware/intel/sof/sof-tgl-h.ri
sof-firmware/usr/lib/firmware/intel/sof/sof-icl.ri
sof-firmware/usr/lib/firmware/intel/sof/sof-adl.ri
sof-firmware/usr/lib/firmware/intel/sof-ace-tplg
sof-firmware/version
sof-firmware/depends
sof-firmware/make-depends
