--2025-06-11 08:45:09--  https://www.samba.org/ftp/linux-cifs/cifs-utils/cifs-utils-7.4.tar.bz2
Resolving www.samba.org (www.samba.org)... 2a01:4f8:192:486::2:3, 144.76.82.148
Connecting to www.samba.org (www.samba.org)|2a01:4f8:192:486::2:3|:443... connected.
HTTP request sent, awaiting response... 200 OK
Length: 389033 (380K) [application/x-bzip2]
Saving to: 'cifs-utils-7.4.tar.bz2'

     0K .......... .......... .......... .......... .......... 13%  297K 1s
    50K .......... .......... .......... .......... .......... 26% 2.01M 1s
   100K .......... .......... .......... .......... .......... 39%  657K 0s
   150K .......... .......... .......... .......... .......... 52% 2.44M 0s
   200K .......... .......... .......... .......... .......... 65%  658K 0s
   250K .......... .......... .......... .......... .......... 78% 14.1M 0s
   300K .......... .......... .......... .......... .......... 92%  106M 0s
   350K .......... .......... .........                       100%  120M=0.4s

2025-06-11 08:45:10 (1.01 MB/s) - 'cifs-utils-7.4.tar.bz2' saved [389033/389033]

cifs-utils-7.4/
cifs-utils-7.4/autom4te.cache/
cifs-utils-7.4/autom4te.cache/traces.1
cifs-utils-7.4/autom4te.cache/output.0
cifs-utils-7.4/autom4te.cache/requests
cifs-utils-7.4/autom4te.cache/output.1
cifs-utils-7.4/autom4te.cache/traces.0
cifs-utils-7.4/resolve_host.h
cifs-utils-7.4/doc/
cifs-utils-7.4/doc/linux-cifs-client-guide.odt
cifs-utils-7.4/cifsacl.h
cifs-utils-7.4/smb2-quota.rst
cifs-utils-7.4/idmap_plugin.h
cifs-utils-7.4/Makefile.am
cifs-utils-7.4/idmapwb.c
cifs-utils-7.4/aclocal/
cifs-utils-7.4/aclocal/idmap.m4
cifs-utils-7.4/aclocal/libcap.m4
cifs-utils-7.4/INSTALL
cifs-utils-7.4/cifskey.h
cifs-utils-7.4/Makefile.in
cifs-utils-7.4/idmap_plugin.c
cifs-utils-7.4/util.h
cifs-utils-7.4/cifsidmap.h
cifs-utils-7.4/smb2-quota
cifs-utils-7.4/cldap_ping.h
cifs-utils-7.4/asn1.h
cifs-utils-7.4/checkopts
cifs-utils-7.4/setcifsacl.c
cifs-utils-7.4/mount.h
cifs-utils-7.4/setcifsacl.rst.in
cifs-utils-7.4/AUTHORS
cifs-utils-7.4/cldap_ping.c
cifs-utils-7.4/cifs.idmap.rst.in
cifs-utils-7.4/configure
cifs-utils-7.4/smbinfo.rst
cifs-utils-7.4/cifskey.c
cifs-utils-7.4/bash-completion/
cifs-utils-7.4/bash-completion/smbinfo
cifs-utils-7.4/asn1.c
cifs-utils-7.4/aclocal.m4
cifs-utils-7.4/util.c
cifs-utils-7.4/mount.cifs.rst
cifs-utils-7.4/NEWS
cifs-utils-7.4/pam_cifscreds.c
cifs-utils-7.4/smb2-secdesc
cifs-utils-7.4/getcifsacl.c
cifs-utils-7.4/ChangeLog
cifs-utils-7.4/mount.cifs.c
cifs-utils-7.4/smbinfo
cifs-utils-7.4/pam_cifscreds.rst
cifs-utils-7.4/mtab.c
cifs-utils-7.4/cifscreds.rst
cifs-utils-7.4/cifs.upcall.rst.in
cifs-utils-7.4/spnego.c
cifs-utils-7.4/resolve_host.c
cifs-utils-7.4/getcifsacl.rst.in
cifs-utils-7.4/cifscreds.c
cifs-utils-7.4/idmapwb.rst.in
cifs-utils-7.4/cifs.upcall.c
cifs-utils-7.4/data_blob.c
cifs-utils-7.4/COPYING
cifs-utils-7.4/config.h.in
cifs-utils-7.4/contrib/
cifs-utils-7.4/contrib/Makefile.am
cifs-utils-7.4/contrib/Makefile.in
cifs-utils-7.4/contrib/request-key.d/
cifs-utils-7.4/contrib/request-key.d/Makefile.am
cifs-utils-7.4/contrib/request-key.d/Makefile.in
cifs-utils-7.4/contrib/request-key.d/cifs.idmap.conf.in
cifs-utils-7.4/contrib/request-key.d/cifs.spnego.conf.in
cifs-utils-7.4/contrib/request-key.d/README
cifs-utils-7.4/contrib/README
cifs-utils-7.4/cifs_spnego.h
cifs-utils-7.4/README
cifs-utils-7.4/configure.ac
cifs-utils-7.4/spnego.h
cifs-utils-7.4/data_blob.h
cifs-utils-7.4/cifs.idmap.c
configure: error: cannot find install-sh, install.sh, or shtool in "." "./.." "./../.."
