--2025-06-11 07:33:55--  https://gitlab.freedesktop.org/wayland/wayland/-/releases/1.23.92/downloads/wayland-1.23.92.tar.xz
Resolving gitlab.freedesktop.org (gitlab.freedesktop.org)... 2a04:4e42:600::820, 2a04:4e42::820, 2a04:4e42:200::820, ...
Connecting to gitlab.freedesktop.org (gitlab.freedesktop.org)|2a04:4e42:600::820|:443... connected.
HTTP request sent, awaiting response... 302 
Location: https://gitlab.freedesktop.org/-/project/121/uploads/9a28cbc0a9da836f8403acd477a2da16/wayland-1.23.92.tar.xz [following]
--2025-06-11 07:33:56--  https://gitlab.freedesktop.org/-/project/121/uploads/9a28cbc0a9da836f8403acd477a2da16/wayland-1.23.92.tar.xz
Reusing existing connection to [gitlab.freedesktop.org]:443.
HTTP request sent, awaiting response... 302 
Location: https://fsn1.your-objectstorage.com/fdo-gitlab-uploads/%40hashed/89/aa/89aa1e580023722db67646e8149eb246c748e180e34a1cf679ab0b41a416d904/9a28cbc0a9da836f8403acd477a2da16/wayland-1.23.92.tar.xz?response-content-disposition=attachment%3B%20filename%3D%22wayland-1.23.92.tar.xz%22%3B%20filename%2A%3DUTF-8%27%27wayland-1.23.92.tar.xz&response-content-type=application%2Fx-xz&X-Amz-Expires=600&X-Amz-Date=20250611T073357Z&X-Amz-Algorithm=AWS4-HMAC-SHA256&X-Amz-Credential=HUZAP6VQ6FOSXT1W3SLF%2F20250611%2Fus-east-1%2Fs3%2Faws4_request&X-Amz-SignedHeaders=host&X-Amz-Signature=76cdf4a906dc36e0d18c28edb4f96f63613f75d92a14d9a4c8d65355b21977f6 [following]
--2025-06-11 07:33:57--  https://fsn1.your-objectstorage.com/fdo-gitlab-uploads/%40hashed/89/aa/89aa1e580023722db67646e8149eb246c748e180e34a1cf679ab0b41a416d904/9a28cbc0a9da836f8403acd477a2da16/wayland-1.23.92.tar.xz?response-content-disposition=attachment%3B%20filename%3D%22wayland-1.23.92.tar.xz%22%3B%20filename*%3DUTF-8''wayland-1.23.92.tar.xz&response-content-type=application%2Fx-xz&X-Amz-Expires=600&X-Amz-Date=20250611T073357Z&X-Amz-Algorithm=AWS4-HMAC-SHA256&X-Amz-Credential=HUZAP6VQ6FOSXT1W3SLF%2F20250611%2Fus-east-1%2Fs3%2Faws4_request&X-Amz-SignedHeaders=host&X-Amz-Signature=76cdf4a906dc36e0d18c28edb4f96f63613f75d92a14d9a4c8d65355b21977f6
Resolving fsn1.your-objectstorage.com (fsn1.your-objectstorage.com)... 2a01:4f8:b001::1, 88.198.120.64
Connecting to fsn1.your-objectstorage.com (fsn1.your-objectstorage.com)|2a01:4f8:b001::1|:443... connected.
HTTP request sent, awaiting response... 200 OK
Length: 241244 (236K) [application/x-xz]
Saving to: 'wayland-1.23.92.tar.xz.1'

     0K .......... .......... .......... .......... .......... 21%  260K 1s
    50K .......... .......... .......... .......... .......... 42%  523K 0s
   100K .......... .......... .......... .......... .......... 63% 11.2M 0s
   150K .......... .......... .......... .......... .......... 84%  543K 0s
   200K .......... .......... .......... .....                100% 9.80M=0.4s

2025-06-11 07:33:58 (607 KB/s) - 'wayland-1.23.92.tar.xz.1' saved [241244/241244]

wayland-1.23.92/
wayland-1.23.92/.editorconfig
wayland-1.23.92/.gitignore
wayland-1.23.92/.gitlab/
wayland-1.23.92/.gitlab/issue_templates/
wayland-1.23.92/.gitlab/issue_templates/default.md
wayland-1.23.92/.gitlab-ci.yml
wayland-1.23.92/.mailmap
wayland-1.23.92/.triage-policies.yml
wayland-1.23.92/CONTRIBUTING.md
wayland-1.23.92/COPYING
wayland-1.23.92/README.md
wayland-1.23.92/cursor/
wayland-1.23.92/cursor/convert_font.c
wayland-1.23.92/cursor/cursor-data.h
wayland-1.23.92/cursor/cursor.pcf
wayland-1.23.92/cursor/meson.build
wayland-1.23.92/cursor/os-compatibility.c
wayland-1.23.92/cursor/os-compatibility.h
wayland-1.23.92/cursor/wayland-cursor.c
wayland-1.23.92/cursor/wayland-cursor.h
wayland-1.23.92/cursor/xcursor.c
wayland-1.23.92/cursor/xcursor.h
wayland-1.23.92/doc/
wayland-1.23.92/doc/doxygen/
wayland-1.23.92/doc/doxygen/.gitignore
wayland-1.23.92/doc/doxygen/dot/
wayland-1.23.92/doc/doxygen/dot/wayland-architecture.gv
wayland-1.23.92/doc/doxygen/dot/x-architecture.gv
wayland-1.23.92/doc/doxygen/gen-doxygen.py
wayland-1.23.92/doc/doxygen/mainpage.dox
wayland-1.23.92/doc/doxygen/meson.build
wayland-1.23.92/doc/doxygen/wayland.doxygen.in
wayland-1.23.92/doc/doxygen/xml/
wayland-1.23.92/doc/doxygen/xml/Client/
wayland-1.23.92/doc/doxygen/xml/Client/meson.build
wayland-1.23.92/doc/doxygen/xml/Server/
wayland-1.23.92/doc/doxygen/xml/Server/meson.build
wayland-1.23.92/doc/doxygen/xml/meson.build
wayland-1.23.92/doc/meson.build
wayland-1.23.92/doc/publican/
wayland-1.23.92/doc/publican/.gitignore
wayland-1.23.92/doc/publican/doxygen-to-publican.xsl
wayland-1.23.92/doc/publican/merge-mapcoords.xsl
wayland-1.23.92/doc/publican/meson.build
wayland-1.23.92/doc/publican/protocol-interfaces-to-docbook.xsl
wayland-1.23.92/doc/publican/protocol-to-docbook.xsl
wayland-1.23.92/doc/publican/sources/
wayland-1.23.92/doc/publican/sources/Architecture.xml
wayland-1.23.92/doc/publican/sources/Author_Group.xml
wayland-1.23.92/doc/publican/sources/Book_Info.xml
wayland-1.23.92/doc/publican/sources/Client.xml
wayland-1.23.92/doc/publican/sources/Compositors.xml
wayland-1.23.92/doc/publican/sources/Foreword.xml
wayland-1.23.92/doc/publican/sources/Introduction.xml
wayland-1.23.92/doc/publican/sources/Preface.xml
wayland-1.23.92/doc/publican/sources/Protocol.xml
wayland-1.23.92/doc/publican/sources/Revision_History.xml
wayland-1.23.92/doc/publican/sources/Server.xml
wayland-1.23.92/doc/publican/sources/Wayland.ent
wayland-1.23.92/doc/publican/sources/Wayland.xml
wayland-1.23.92/doc/publican/sources/Xwayland.xml
wayland-1.23.92/doc/publican/sources/css/
wayland-1.23.92/doc/publican/sources/css/brand.css
wayland-1.23.92/doc/publican/sources/css/common.css
wayland-1.23.92/doc/publican/sources/css/default.css
wayland-1.23.92/doc/publican/sources/css/epub.css
wayland-1.23.92/doc/publican/sources/css/print.css
wayland-1.23.92/doc/publican/sources/images/
wayland-1.23.92/doc/publican/sources/images/icon.svg
wayland-1.23.92/doc/publican/sources/images/wayland.png
wayland-1.23.92/doc/publican/sources/images/xwayland-architecture.png
wayland-1.23.92/doc/publican/sources/meson.build
wayland-1.23.92/egl/
wayland-1.23.92/egl/meson.build
wayland-1.23.92/egl/wayland-egl-abi-check.c
wayland-1.23.92/egl/wayland-egl-backend.h
wayland-1.23.92/egl/wayland-egl-core.h
wayland-1.23.92/egl/wayland-egl-symbols-check
wayland-1.23.92/egl/wayland-egl.c
wayland-1.23.92/egl/wayland-egl.h
wayland-1.23.92/meson.build
wayland-1.23.92/meson_options.txt
wayland-1.23.92/protocol/
wayland-1.23.92/protocol/.gitignore
wayland-1.23.92/protocol/generate-shm-formats.py
wayland-1.23.92/protocol/tests.xml
wayland-1.23.92/protocol/wayland.dtd
wayland-1.23.92/protocol/wayland.xml
wayland-1.23.92/release.sh
wayland-1.23.92/releasing.txt
wayland-1.23.92/src/
wayland-1.23.92/src/.gitignore
wayland-1.23.92/src/connection.c
wayland-1.23.92/src/embed.py
wayland-1.23.92/src/event-loop.c
wayland-1.23.92/src/meson.build
wayland-1.23.92/src/scanner.c
wayland-1.23.92/src/timespec-util.h
wayland-1.23.92/src/wayland-client-core.h
wayland-1.23.92/src/wayland-client.c
wayland-1.23.92/src/wayland-client.h
wayland-1.23.92/src/wayland-os.c
wayland-1.23.92/src/wayland-os.h
wayland-1.23.92/src/wayland-private.h
wayland-1.23.92/src/wayland-server-core.h
wayland-1.23.92/src/wayland-server-private.h
wayland-1.23.92/src/wayland-server.c
wayland-1.23.92/src/wayland-server.h
wayland-1.23.92/src/wayland-shm.c
wayland-1.23.92/src/wayland-util.c
wayland-1.23.92/src/wayland-util.h
wayland-1.23.92/src/wayland-version.h.in
wayland-1.23.92/tests/
wayland-1.23.92/tests/array-test.c
wayland-1.23.92/tests/client-test.c
wayland-1.23.92/tests/compositor-introspection-test.c
wayland-1.23.92/tests/connection-test.c
wayland-1.23.92/tests/cpp-compile-test.cpp
wayland-1.23.92/tests/data/
wayland-1.23.92/tests/data/README.md
wayland-1.23.92/tests/data/bad-identifier-arg.xml
wayland-1.23.92/tests/data/bad-identifier-entry.xml
wayland-1.23.92/tests/data/bad-identifier-enum.xml
wayland-1.23.92/tests/data/bad-identifier-event.xml
wayland-1.23.92/tests/data/bad-identifier-interface.xml
wayland-1.23.92/tests/data/bad-identifier-protocol.xml
wayland-1.23.92/tests/data/bad-identifier-request.xml
wayland-1.23.92/tests/data/empty-client.h
wayland-1.23.92/tests/data/empty-code.c
wayland-1.23.92/tests/data/empty-server.h
wayland-1.23.92/tests/data/empty.xml
wayland-1.23.92/tests/data/example-client.h
wayland-1.23.92/tests/data/example-code.c
wayland-1.23.92/tests/data/example-enum.h
wayland-1.23.92/tests/data/example-server.h
wayland-1.23.92/tests/data/example.xml
wayland-1.23.92/tests/data/small-client-core.h
wayland-1.23.92/tests/data/small-client.h
wayland-1.23.92/tests/data/small-code-core.c
wayland-1.23.92/tests/data/small-code.c
wayland-1.23.92/tests/data/small-private-code.c
wayland-1.23.92/tests/data/small-server-core.h
wayland-1.23.92/tests/data/small-server.h
wayland-1.23.92/tests/data/small.xml
wayland-1.23.92/tests/display-test.c
wayland-1.23.92/tests/enum-validator-test.c
wayland-1.23.92/tests/event-loop-test.c
wayland-1.23.92/tests/exec-fd-leak-checker.c
wayland-1.23.92/tests/fixed-test.c
wayland-1.23.92/tests/headers-protocol-core-test.c
wayland-1.23.92/tests/headers-protocol-test.c
wayland-1.23.92/tests/headers-test.c
wayland-1.23.92/tests/interface-test.c
wayland-1.23.92/tests/list-test.c
wayland-1.23.92/tests/map-test.c
wayland-1.23.92/tests/meson.build
wayland-1.23.92/tests/message-test.c
wayland-1.23.92/tests/newsignal-test.c
wayland-1.23.92/tests/os-wrappers-test.c
wayland-1.23.92/tests/protocol-logger-test.c
wayland-1.23.92/tests/proxy-test.c
wayland-1.23.92/tests/queue-test.c
wayland-1.23.92/tests/resources-test.c
wayland-1.23.92/tests/sanity-test.c
wayland-1.23.92/tests/scanner-test-gen.sh
wayland-1.23.92/tests/scanner-test.sh
wayland-1.23.92/tests/signal-test.c
wayland-1.23.92/tests/socket-test.c
wayland-1.23.92/tests/test-compositor.c
wayland-1.23.92/tests/test-compositor.h
wayland-1.23.92/tests/test-helpers.c
wayland-1.23.92/tests/test-runner.c
wayland-1.23.92/tests/test-runner.h
wayland-1.23.92/wayland-scanner.m4
wayland-1.23.92/wayland-scanner.mk
The Meson build system
Version: 1.7.0
Source dir: /blfs/builds/wayland-1.23.92
Build dir: /blfs/builds/wayland-1.23.92/build
Build type: native build
Project name: wayland
Project version: 1.23.92
C compiler for the host machine: cc (gcc 14.2.0 "cc (GCC) 14.2.0")
C linker for the host machine: cc ld.bfd 2.44
Host machine cpu family: x86_64
Host machine cpu: x86_64
Compiler for C supports arguments -Wno-unused-parameter: YES 
Compiler for C supports arguments -Wstrict-prototypes: YES 
Compiler for C supports arguments -Wmissing-prototypes: YES 
Compiler for C supports arguments -fvisibility=hidden: YES 
Has header "sys/prctl.h" : YES 
Has header "sys/procctl.h" : NO 
Has header "sys/ucred.h" : NO 
Checking for function "accept4" : YES 
Checking for function "mkostemp" : YES 
Checking for function "posix_fallocate" : YES 
Checking for function "prctl" : YES 
Checking for function "memfd_create" : YES 
Checking for function "mremap" : YES 
Checking for function "strndup" : YES 
Checking whether type "struct xucred" has member "cr_pid" : NO 
Found pkg-config: YES (/usr/bin/i686-pc-linux-gnu-pkg-config) 2.4.3
Run-time dependency libffi found: YES 3.4.8
Header "sys/signalfd.h" has symbol "SFD_CLOEXEC" : YES 
Header "sys/timerfd.h" has symbol "TFD_CLOEXEC" : YES 
Header "time.h" has symbol "CLOCK_MONOTONIC" : YES 
Checking for function "clock_gettime" : NO 
Library rt found: YES
Checking for function "clock_gettime" with dependency -lrt: YES 
Configuring config.h using configuration
Configuring wayland-version.h using configuration
Run-time dependency expat found: YES 2.7.1
Run-time dependency libxml-2.0 found: YES 2.14.3
Program embed.py found: YES (/usr/bin/python3 /blfs/builds/wayland-1.23.92/src/embed.py)
Library m found: YES
Run-time dependency threads found: YES
Program llvm-nm found: YES (/usr/bin/llvm-nm)
Program wayland-egl-symbols-check found: YES (/blfs/builds/wayland-1.23.92/egl/wayland-egl-symbols-check)
Library dl found: YES
Dependency threads found: YES unknown (cached)
Dependency threads found: YES unknown (cached)
Library dl found: YES
C++ compiler for the host machine: c++ (gcc 14.2.0 "c++ (GCC) 14.2.0")
C++ linker for the host machine: c++ ld.bfd 2.44
Program sed found: YES (/usr/bin/sed)
Program scanner-test.sh found: YES (/blfs/builds/wayland-1.23.92/tests/scanner-test.sh)
Program scanner-test-gen.sh found: YES (/blfs/builds/wayland-1.23.92/tests/scanner-test-gen.sh)
Build targets in project: 43
NOTICE: Future-deprecated features used:
 * 0.62.0: {'pkgconfig.generate variable for builtin directories'}

wayland 1.23.92

  User defined options
    buildtype    : release
    documentation: false
    libdir       : /usr/lib32
    prefix       : /usr

Found ninja-1.12.1 at /usr/bin/ninja
WARNING: Running the setup command as `meson [options]` instead of `meson setup [options]` is ambiguous and deprecated.
[1/90] Compiling C object tests/enum-validator-test.p/enum-validator-test.c.o
[2/90] Compiling C object tests/exec-fd-leak-checker.p/exec-fd-leak-checker.c.o
[3/90] Compiling C object egl/wayland-egl-abi-check.p/wayland-egl-abi-check.c.o
[4/90] Linking target egl/wayland-egl-abi-check
[5/90] Compiling C object src/libwayland-private.a.p/wayland-os.c.o
[6/90] Compiling C object tests/map-test.p/map-test.c.o
[7/90] Compiling C object tests/array-test.p/array-test.c.o
[8/90] Compiling C object tests/fixed-test.p/fixed-test.c.o
[9/90] Compiling C object tests/list-test.p/list-test.c.o
[10/90] Compiling C object src/libwayland-util.a.p/wayland-util.c.o
[11/90] Linking static target src/libwayland-util.a
[12/90] Compiling C object tests/os-wrappers-test.p/os-wrappers-test.c.o
[13/90] Generating src/wayland.dtd.h with a custom command (wrapped by meson to capture output)
[14/90] Compiling C object src/libwayland-private.a.p/connection.c.o
In file included from /usr/include/ffi.h:84,
                 from ../src/connection.c:41:
/usr/include/ffitarget.h:44:2: warning: #warning ****************************************************** [-Wcpp]
   44 | #warning ******************************************************
      |  ^~~~~~~
/usr/include/ffitarget.h:45:2: warning: #warning ********** X86 IS DEFINED **************************** [-Wcpp]
   45 | #warning ********** X86 IS DEFINED ****************************
      |  ^~~~~~~
/usr/include/ffitarget.h:46:2: warning: #warning ****************************************************** [-Wcpp]
   46 | #warning ******************************************************
      |  ^~~~~~~
[15/90] Linking static target src/libwayland-private.a
[16/90] Compiling C object src/wayland-scanner.p/scanner.c.o
[17/90] Linking target src/wayland-scanner
[18/90] Generating tests/test server protocol header with a custom command
[19/90] Generating tests/test client protocol header with a custom command
[20/90] Generating tests/test protocol source with a custom command
[21/90] Generating src/protocol source with a custom command
[22/90] Generating src/wayland_server_protocol_core_h with a custom command
[23/90] Generating src/wayland_server_protocol_h with a custom command
[24/90] Generating src/wayland_client_protocol_h with a custom command
[25/90] Generating src/wayland_client_protocol_core_h with a custom command
[26/90] Compiling C object tests/display-test.p/meson-generated_.._tests-protocol.c.o
[27/90] Compiling C object src/libwayland-server.so.0.23.92.p/meson-generated_.._wayland-protocol.c.o
[28/90] Compiling C object egl/libwayland-egl.so.1.23.92.p/wayland-egl.c.o
[29/90] Compiling C object src/libwayland-client.so.0.23.92.p/meson-generated_.._wayland-protocol.c.o
[30/90] Compiling C object tests/interface-test.p/interface-test.c.o
[31/90] Compiling C object tests/message-test.p/message-test.c.o
[32/90] Compiling C object tests/signal-test.p/signal-test.c.o
[33/90] Compiling C object tests/compositor-introspection-test.p/compositor-introspection-test.c.o
[34/90] Compiling C object tests/libtest-runner.a.p/test-helpers.c.o
[35/90] Compiling C object tests/resources-test.p/resources-test.c.o
[36/90] Compiling C object tests/sanity-test.p/sanity-test.c.o
[37/90] Compiling C object tests/client-test.p/client-test.c.o
[38/90] Compiling C object tests/socket-test.p/socket-test.c.o
[39/90] Compiling C object cursor/libwayland-cursor.so.0.23.92.p/os-compatibility.c.o
[40/90] Linking target egl/libwayland-egl.so.1.23.92
[41/90] Compiling C object tests/newsignal-test.p/newsignal-test.c.o
[42/90] Compiling C object tests/headers-test.p/headers-protocol-core-test.c.o
[43/90] Compiling C object tests/headers-test.p/headers-test.c.o
[44/90] Compiling C object tests/headers-test.p/headers-protocol-test.c.o
[45/90] Compiling C object tests/protocol-logger-test.p/protocol-logger-test.c.o
[46/90] Compiling C object tests/event-loop-test.p/event-loop-test.c.o
[47/90] Compiling C object tests/libtest-runner.a.p/test-runner.c.o
[48/90] Compiling C object src/libwayland-server.so.0.23.92.p/wayland-shm.c.o
[49/90] Compiling C object tests/proxy-test.p/proxy-test.c.o
[50/90] Compiling C object src/libwayland-server.so.0.23.92.p/event-loop.c.o
[51/90] Compiling C object cursor/libwayland-cursor.so.0.23.92.p/wayland-cursor.c.o
[52/90] Compiling C object tests/libtest-runner.a.p/test-compositor.c.o
[53/90] Linking static target tests/libtest-runner.a
[54/90] Compiling C object tests/queue-test.p/queue-test.c.o
[55/90] Compiling C object cursor/libwayland-cursor.so.0.23.92.p/xcursor.c.o
[56/90] Compiling C++ object tests/cpp-compile-test.p/cpp-compile-test.cpp.o
[57/90] Linking target tests/cpp-compile-test
[58/90] Compiling C object tests/connection-test.p/connection-test.c.o
[59/90] Compiling C object src/libwayland-server.so.0.23.92.p/wayland-server.c.o
[60/90] Linking target src/libwayland-server.so.0.23.92
[61/90] Compiling C object tests/display-test.p/display-test.c.o
[62/90] Compiling C object tests/newsignal-test.p/.._src_wayland-server.c.o
[63/90] Compiling C object src/libwayland-client.so.0.23.92.p/wayland-client.c.o
[64/90] Linking target src/libwayland-client.so.0.23.92
[65/90] Generating symbol file src/libwayland-server.so.0.23.92.p/libwayland-server.so.0.23.92.symbols
[66/90] Generating symbol file src/libwayland-client.so.0.23.92.p/libwayland-client.so.0.23.92.symbols
[67/90] Linking target cursor/libwayland-cursor.so.0.23.92
[68/90] Linking target tests/exec-fd-leak-checker
[69/90] Linking target tests/array-test
[70/90] Linking target tests/headers-test
[71/90] Linking target tests/fixed-test
[72/90] Linking target tests/signal-test
[73/90] Linking target tests/map-test
[74/90] Linking target tests/client-test
[75/90] Linking target tests/resources-test
[76/90] Linking target tests/interface-test
[77/90] Linking target tests/queue-test
[78/90] Linking target tests/display-test
[79/90] Linking target tests/event-loop-test
[80/90] Linking target tests/list-test
[81/90] Linking target tests/compositor-introspection-test
[82/90] Linking target tests/sanity-test
[83/90] Linking target tests/message-test
[84/90] Linking target tests/newsignal-test
[85/90] Linking target tests/protocol-logger-test
[86/90] Linking target tests/socket-test
[87/90] Linking target tests/connection-test
[88/90] Linking target tests/os-wrappers-test
[89/90] Linking target tests/enum-validator-test
[90/90] Linking target tests/proxy-test
[0/1] Installing files
Installing src/wayland-scanner to /blfs/builds/wayland-1.23.92/build/DESTDIR/usr/bin
Installing src/wayland-server-protocol.h to /blfs/builds/wayland-1.23.92/build/DESTDIR/usr/include
Installing src/wayland-client-protocol.h to /blfs/builds/wayland-1.23.92/build/DESTDIR/usr/include
Installing src/libwayland-server.so.0.23.92 to /blfs/builds/wayland-1.23.92/build/DESTDIR/usr/lib32
Installing src/libwayland-client.so.0.23.92 to /blfs/builds/wayland-1.23.92/build/DESTDIR/usr/lib32
Installing cursor/libwayland-cursor.so.0.23.92 to /blfs/builds/wayland-1.23.92/build/DESTDIR/usr/lib32
Installing egl/libwayland-egl.so.1.23.92 to /blfs/builds/wayland-1.23.92/build/DESTDIR/usr/lib32
Installing /blfs/builds/wayland-1.23.92/src/wayland-util.h to /blfs/builds/wayland-1.23.92/build/DESTDIR/usr/include
Installing /blfs/builds/wayland-1.23.92/src/wayland-server.h to /blfs/builds/wayland-1.23.92/build/DESTDIR/usr/include
Installing /blfs/builds/wayland-1.23.92/src/wayland-server-core.h to /blfs/builds/wayland-1.23.92/build/DESTDIR/usr/include
Installing /blfs/builds/wayland-1.23.92/src/wayland-client.h to /blfs/builds/wayland-1.23.92/build/DESTDIR/usr/include
Installing /blfs/builds/wayland-1.23.92/src/wayland-client-core.h to /blfs/builds/wayland-1.23.92/build/DESTDIR/usr/include
Installing /blfs/builds/wayland-1.23.92/cursor/wayland-cursor.h to /blfs/builds/wayland-1.23.92/build/DESTDIR/usr/include
Installing /blfs/builds/wayland-1.23.92/egl/wayland-egl.h to /blfs/builds/wayland-1.23.92/build/DESTDIR/usr/include
Installing /blfs/builds/wayland-1.23.92/egl/wayland-egl-core.h to /blfs/builds/wayland-1.23.92/build/DESTDIR/usr/include
Installing /blfs/builds/wayland-1.23.92/egl/wayland-egl-backend.h to /blfs/builds/wayland-1.23.92/build/DESTDIR/usr/include
Installing /blfs/builds/wayland-1.23.92/build/src/wayland-version.h to /blfs/builds/wayland-1.23.92/build/DESTDIR/usr/include
Installing /blfs/builds/wayland-1.23.92/build/meson-private/wayland-scanner.pc to /blfs/builds/wayland-1.23.92/build/DESTDIR/usr/lib32/pkgconfig
Installing /blfs/builds/wayland-1.23.92/build/meson-private/wayland-server.pc to /blfs/builds/wayland-1.23.92/build/DESTDIR/usr/lib32/pkgconfig
Installing /blfs/builds/wayland-1.23.92/build/meson-private/wayland-client.pc to /blfs/builds/wayland-1.23.92/build/DESTDIR/usr/lib32/pkgconfig
Installing /blfs/builds/wayland-1.23.92/build/meson-private/wayland-cursor.pc to /blfs/builds/wayland-1.23.92/build/DESTDIR/usr/lib32/pkgconfig
Installing /blfs/builds/wayland-1.23.92/build/meson-private/wayland-egl.pc to /blfs/builds/wayland-1.23.92/build/DESTDIR/usr/lib32/pkgconfig
Installing /blfs/builds/wayland-1.23.92/build/meson-private/wayland-egl-backend.pc to /blfs/builds/wayland-1.23.92/build/DESTDIR/usr/lib32/pkgconfig
Installing /blfs/builds/wayland-1.23.92/wayland-scanner.mk to /blfs/builds/wayland-1.23.92/build/DESTDIR/usr/share/wayland
Installing /blfs/builds/wayland-1.23.92/protocol/wayland.xml to /blfs/builds/wayland-1.23.92/build/DESTDIR/usr/share/wayland
Installing /blfs/builds/wayland-1.23.92/protocol/wayland.dtd to /blfs/builds/wayland-1.23.92/build/DESTDIR/usr/share/wayland
Installing /blfs/builds/wayland-1.23.92/wayland-scanner.m4 to /blfs/builds/wayland-1.23.92/build/DESTDIR/usr/share/aclocal
Installing symlink pointing to libwayland-server.so.0.23.92 to /blfs/builds/wayland-1.23.92/build/DESTDIR/usr/lib32/libwayland-server.so.0
Installing symlink pointing to libwayland-server.so.0 to /blfs/builds/wayland-1.23.92/build/DESTDIR/usr/lib32/libwayland-server.so
Installing symlink pointing to libwayland-client.so.0.23.92 to /blfs/builds/wayland-1.23.92/build/DESTDIR/usr/lib32/libwayland-client.so.0
Installing symlink pointing to libwayland-client.so.0 to /blfs/builds/wayland-1.23.92/build/DESTDIR/usr/lib32/libwayland-client.so
Installing symlink pointing to libwayland-cursor.so.0.23.92 to /blfs/builds/wayland-1.23.92/build/DESTDIR/usr/lib32/libwayland-cursor.so.0
Installing symlink pointing to libwayland-cursor.so.0 to /blfs/builds/wayland-1.23.92/build/DESTDIR/usr/lib32/libwayland-cursor.so
Installing symlink pointing to libwayland-egl.so.1.23.92 to /blfs/builds/wayland-1.23.92/build/DESTDIR/usr/lib32/libwayland-egl.so.1
Installing symlink pointing to libwayland-egl.so.1 to /blfs/builds/wayland-1.23.92/build/DESTDIR/usr/lib32/libwayland-egl.so
'DESTDIR/usr/lib32/libwayland-client.so' -> '/pkgs/lib32-wayland/usr/lib32/libwayland-client.so'
'DESTDIR/usr/lib32/libwayland-client.so.0' -> '/pkgs/lib32-wayland/usr/lib32/libwayland-client.so.0'
'DESTDIR/usr/lib32/libwayland-client.so.0.23.92' -> '/pkgs/lib32-wayland/usr/lib32/libwayland-client.so.0.23.92'
'DESTDIR/usr/lib32/libwayland-cursor.so' -> '/pkgs/lib32-wayland/usr/lib32/libwayland-cursor.so'
'DESTDIR/usr/lib32/libwayland-cursor.so.0' -> '/pkgs/lib32-wayland/usr/lib32/libwayland-cursor.so.0'
'DESTDIR/usr/lib32/libwayland-cursor.so.0.23.92' -> '/pkgs/lib32-wayland/usr/lib32/libwayland-cursor.so.0.23.92'
'DESTDIR/usr/lib32/libwayland-egl.so' -> '/pkgs/lib32-wayland/usr/lib32/libwayland-egl.so'
'DESTDIR/usr/lib32/libwayland-egl.so.1' -> '/pkgs/lib32-wayland/usr/lib32/libwayland-egl.so.1'
'DESTDIR/usr/lib32/libwayland-egl.so.1.23.92' -> '/pkgs/lib32-wayland/usr/lib32/libwayland-egl.so.1.23.92'
'DESTDIR/usr/lib32/libwayland-server.so' -> '/pkgs/lib32-wayland/usr/lib32/libwayland-server.so'
'DESTDIR/usr/lib32/libwayland-server.so.0' -> '/pkgs/lib32-wayland/usr/lib32/libwayland-server.so.0'
'DESTDIR/usr/lib32/libwayland-server.so.0.23.92' -> '/pkgs/lib32-wayland/usr/lib32/libwayland-server.so.0.23.92'
'DESTDIR/usr/lib32/pkgconfig' -> '/pkgs/lib32-wayland/usr/lib32/pkgconfig'
'DESTDIR/usr/lib32/pkgconfig/wayland-scanner.pc' -> '/pkgs/lib32-wayland/usr/lib32/pkgconfig/wayland-scanner.pc'
'DESTDIR/usr/lib32/pkgconfig/wayland-server.pc' -> '/pkgs/lib32-wayland/usr/lib32/pkgconfig/wayland-server.pc'
'DESTDIR/usr/lib32/pkgconfig/wayland-client.pc' -> '/pkgs/lib32-wayland/usr/lib32/pkgconfig/wayland-client.pc'
'DESTDIR/usr/lib32/pkgconfig/wayland-cursor.pc' -> '/pkgs/lib32-wayland/usr/lib32/pkgconfig/wayland-cursor.pc'
'DESTDIR/usr/lib32/pkgconfig/wayland-egl.pc' -> '/pkgs/lib32-wayland/usr/lib32/pkgconfig/wayland-egl.pc'
'DESTDIR/usr/lib32/pkgconfig/wayland-egl-backend.pc' -> '/pkgs/lib32-wayland/usr/lib32/pkgconfig/wayland-egl-backend.pc'
removed '/usr/lib32/libwayland-client.so'
'/pkgs/lib32-wayland/usr/lib32/libwayland-client.so' -> '/usr/lib32/libwayland-client.so'
removed '/usr/lib32/libwayland-client.so.0'
'/pkgs/lib32-wayland/usr/lib32/libwayland-client.so.0' -> '/usr/lib32/libwayland-client.so.0'
'/pkgs/lib32-wayland/usr/lib32/libwayland-client.so.0.23.92' -> '/usr/lib32/libwayland-client.so.0.23.92'
removed '/usr/lib32/libwayland-cursor.so'
'/pkgs/lib32-wayland/usr/lib32/libwayland-cursor.so' -> '/usr/lib32/libwayland-cursor.so'
removed '/usr/lib32/libwayland-cursor.so.0'
'/pkgs/lib32-wayland/usr/lib32/libwayland-cursor.so.0' -> '/usr/lib32/libwayland-cursor.so.0'
'/pkgs/lib32-wayland/usr/lib32/libwayland-cursor.so.0.23.92' -> '/usr/lib32/libwayland-cursor.so.0.23.92'
removed '/usr/lib32/libwayland-egl.so'
'/pkgs/lib32-wayland/usr/lib32/libwayland-egl.so' -> '/usr/lib32/libwayland-egl.so'
removed '/usr/lib32/libwayland-egl.so.1'
'/pkgs/lib32-wayland/usr/lib32/libwayland-egl.so.1' -> '/usr/lib32/libwayland-egl.so.1'
'/pkgs/lib32-wayland/usr/lib32/libwayland-egl.so.1.23.92' -> '/usr/lib32/libwayland-egl.so.1.23.92'
removed '/usr/lib32/libwayland-server.so'
'/pkgs/lib32-wayland/usr/lib32/libwayland-server.so' -> '/usr/lib32/libwayland-server.so'
removed '/usr/lib32/libwayland-server.so.0'
'/pkgs/lib32-wayland/usr/lib32/libwayland-server.so.0' -> '/usr/lib32/libwayland-server.so.0'
'/pkgs/lib32-wayland/usr/lib32/libwayland-server.so.0.23.92' -> '/usr/lib32/libwayland-server.so.0.23.92'
'/pkgs/lib32-wayland/usr/lib32/pkgconfig/wayland-scanner.pc' -> '/usr/lib32/pkgconfig/wayland-scanner.pc'
'/pkgs/lib32-wayland/usr/lib32/pkgconfig/wayland-server.pc' -> '/usr/lib32/pkgconfig/wayland-server.pc'
'/pkgs/lib32-wayland/usr/lib32/pkgconfig/wayland-client.pc' -> '/usr/lib32/pkgconfig/wayland-client.pc'
'/pkgs/lib32-wayland/usr/lib32/pkgconfig/wayland-cursor.pc' -> '/usr/lib32/pkgconfig/wayland-cursor.pc'
'/pkgs/lib32-wayland/usr/lib32/pkgconfig/wayland-egl.pc' -> '/usr/lib32/pkgconfig/wayland-egl.pc'
'/pkgs/lib32-wayland/usr/lib32/pkgconfig/wayland-egl-backend.pc' -> '/usr/lib32/pkgconfig/wayland-egl-backend.pc'
lib32-wayland/
lib32-wayland/usr/
lib32-wayland/usr/lib32/
lib32-wayland/usr/lib32/libwayland-server.so.0.23.92
lib32-wayland/usr/lib32/libwayland-client.so
lib32-wayland/usr/lib32/libwayland-egl.so.1.23.92
lib32-wayland/usr/lib32/libwayland-server.so
lib32-wayland/usr/lib32/libwayland-server.so.0
lib32-wayland/usr/lib32/libwayland-client.so.0.23.92
lib32-wayland/usr/lib32/libwayland-cursor.so
lib32-wayland/usr/lib32/libwayland-cursor.so.0.23.92
lib32-wayland/usr/lib32/pkgconfig/
lib32-wayland/usr/lib32/pkgconfig/wayland-egl.pc
lib32-wayland/usr/lib32/pkgconfig/wayland-scanner.pc
lib32-wayland/usr/lib32/pkgconfig/wayland-server.pc
lib32-wayland/usr/lib32/pkgconfig/wayland-egl-backend.pc
lib32-wayland/usr/lib32/pkgconfig/wayland-cursor.pc
lib32-wayland/usr/lib32/pkgconfig/wayland-client.pc
lib32-wayland/usr/lib32/libwayland-client.so.0
lib32-wayland/usr/lib32/libwayland-egl.so.1
lib32-wayland/usr/lib32/libwayland-cursor.so.0
lib32-wayland/usr/lib32/libwayland-egl.so
lib32-wayland/version
lib32-wayland/depends
