--2025-06-11 08:26:37--  https://github.com/libffi/libffi/releases/download/v3.5.1/libffi-3.5.1.tar.gz
Resolving github.com (github.com)... 140.82.112.3
Connecting to github.com (github.com)|140.82.112.3|:443... connected.
HTTP request sent, awaiting response... 302 Found
Location: https://objects.githubusercontent.com/github-production-release-asset-2e65be/321154/d0e99880-2367-4fd5-82bc-920f20e03499?X-Amz-Algorithm=AWS4-HMAC-SHA256&X-Amz-Credential=releaseassetproduction%2F20250611%2Fus-east-1%2Fs3%2Faws4_request&X-Amz-Date=20250611T082637Z&X-Amz-Expires=300&X-Amz-Signature=1f71876bd43f98b6fe87f7550f1d2159e88047e19bb56793ad6553bbd671ad89&X-Amz-SignedHeaders=host&response-content-disposition=attachment%3B%20filename%3Dlibffi-3.5.1.tar.gz&response-content-type=application%2Foctet-stream [following]
--2025-06-11 08:26:37--  https://objects.githubusercontent.com/github-production-release-asset-2e65be/321154/d0e99880-2367-4fd5-82bc-920f20e03499?X-Amz-Algorithm=AWS4-HMAC-SHA256&X-Amz-Credential=releaseassetproduction%2F20250611%2Fus-east-1%2Fs3%2Faws4_request&X-Amz-Date=20250611T082637Z&X-Amz-Expires=300&X-Amz-Signature=1f71876bd43f98b6fe87f7550f1d2159e88047e19bb56793ad6553bbd671ad89&X-Amz-SignedHeaders=host&response-content-disposition=attachment%3B%20filename%3Dlibffi-3.5.1.tar.gz&response-content-type=application%2Foctet-stream
Resolving objects.githubusercontent.com (objects.githubusercontent.com)... 185.199.111.133, 185.199.109.133, 185.199.108.133, ...
Connecting to objects.githubusercontent.com (objects.githubusercontent.com)|185.199.111.133|:443... connected.
HTTP request sent, awaiting response... 200 OK
Length: 1419757 (1.4M) [application/octet-stream]
Saving to: 'libffi-3.5.1.tar.gz'

     0K .......... .......... .......... .......... ..........  3% 8.34M 0s
    50K .......... .......... .......... .......... ..........  7% 25.5M 0s
   100K .......... .......... .......... .......... .......... 10% 8.44M 0s
   150K .......... .......... .......... .......... .......... 14%  117M 0s
   200K .......... .......... .......... .......... .......... 18% 68.0M 0s
   250K .......... .......... .......... .......... .......... 21% 17.2M 0s
   300K .......... .......... .......... .......... .......... 25%  129M 0s
   350K .......... .......... .......... .......... .......... 28% 86.3M 0s
   400K .......... .......... .......... .......... .......... 32%  118M 0s
   450K .......... .......... .......... .......... .......... 36% 17.6M 0s
   500K .......... .......... .......... .......... .......... 39%  118M 0s
   550K .......... .......... .......... .......... .......... 43%  118M 0s
   600K .......... .......... .......... .......... .......... 46%  118M 0s
   650K .......... .......... .......... .......... .......... 50%  119M 0s
   700K .......... .......... .......... .......... .......... 54%  116M 0s
   750K .......... .......... .......... .......... .......... 57% 86.1M 0s
   800K .......... .......... .......... .......... .......... 61%  115M 0s
   850K .......... .......... .......... .......... .......... 64% 43.7M 0s
   900K .......... .......... .......... .......... .......... 68%  114M 0s
   950K .......... .......... .......... .......... .......... 72%  119M 0s
  1000K .......... .......... .......... .......... .......... 75%  118M 0s
  1050K .......... .......... .......... .......... .......... 79%  119M 0s
  1100K .......... .......... .......... .......... .......... 82%  118M 0s
  1150K .......... .......... .......... .......... .......... 86% 86.6M 0s
  1200K .......... .......... .......... .......... .......... 90% 43.5M 0s
  1250K .......... .......... .......... .......... .......... 93%  118M 0s
  1300K .......... .......... .......... .......... .......... 97%  118M 0s
  1350K .......... .......... .......... ......               100%  169M=0.03s

2025-06-11 08:26:38 (44.2 MB/s) - 'libffi-3.5.1.tar.gz' saved [1419757/1419757]

libffi-3.5.1/
libffi-3.5.1/libffi.xcodeproj/
libffi-3.5.1/libffi.xcodeproj/project.pbxproj
libffi-3.5.1/m4/
libffi-3.5.1/m4/asmcfi.m4
libffi-3.5.1/m4/ax_cc_maxopt.m4
libffi-3.5.1/m4/ax_cflags_warn_all.m4
libffi-3.5.1/m4/ax_check_compile_flag.m4
libffi-3.5.1/m4/ax_compiler_vendor.m4
libffi-3.5.1/m4/ax_configure_args.m4
libffi-3.5.1/m4/ax_enable_builddir.m4
libffi-3.5.1/m4/ax_gcc_archflag.m4
libffi-3.5.1/m4/ax_gcc_x86_cpuid.m4
libffi-3.5.1/m4/ax_prepend_flag.m4
libffi-3.5.1/m4/ax_require_defined.m4
libffi-3.5.1/m4/libtool.m4
libffi-3.5.1/m4/ltoptions.m4
libffi-3.5.1/m4/ltsugar.m4
libffi-3.5.1/m4/ltversion.m4
libffi-3.5.1/m4/lt~obsolete.m4
libffi-3.5.1/src/
libffi-3.5.1/src/aarch64/
libffi-3.5.1/src/aarch64/ffitarget.h
libffi-3.5.1/src/aarch64/internal.h
libffi-3.5.1/src/aarch64/ffi.c
libffi-3.5.1/src/aarch64/sysv.S
libffi-3.5.1/src/aarch64/win64_armasm.S
libffi-3.5.1/src/alpha/
libffi-3.5.1/src/alpha/ffitarget.h
libffi-3.5.1/src/alpha/internal.h
libffi-3.5.1/src/alpha/ffi.c
libffi-3.5.1/src/alpha/osf.S
libffi-3.5.1/src/arc/
libffi-3.5.1/src/arc/ffitarget.h
libffi-3.5.1/src/arc/ffi.c
libffi-3.5.1/src/arc/arcompact.S
libffi-3.5.1/src/arm/
libffi-3.5.1/src/arm/ffitarget.h
libffi-3.5.1/src/arm/internal.h
libffi-3.5.1/src/arm/ffi.c
libffi-3.5.1/src/arm/sysv.S
libffi-3.5.1/src/arm/sysv_msvc_arm32.S
libffi-3.5.1/src/avr32/
libffi-3.5.1/src/avr32/ffitarget.h
libffi-3.5.1/src/avr32/ffi.c
libffi-3.5.1/src/avr32/sysv.S
libffi-3.5.1/src/bfin/
libffi-3.5.1/src/bfin/ffitarget.h
libffi-3.5.1/src/bfin/ffi.c
libffi-3.5.1/src/bfin/sysv.S
libffi-3.5.1/src/cris/
libffi-3.5.1/src/cris/ffitarget.h
libffi-3.5.1/src/cris/ffi.c
libffi-3.5.1/src/cris/sysv.S
libffi-3.5.1/src/csky/
libffi-3.5.1/src/csky/ffitarget.h
libffi-3.5.1/src/csky/ffi.c
libffi-3.5.1/src/csky/sysv.S
libffi-3.5.1/src/frv/
libffi-3.5.1/src/frv/ffitarget.h
libffi-3.5.1/src/frv/ffi.c
libffi-3.5.1/src/frv/eabi.S
libffi-3.5.1/src/ia64/
libffi-3.5.1/src/ia64/ffitarget.h
libffi-3.5.1/src/ia64/ia64_flags.h
libffi-3.5.1/src/ia64/ffi.c
libffi-3.5.1/src/ia64/unix.S
libffi-3.5.1/src/kvx/
libffi-3.5.1/src/kvx/ffitarget.h
libffi-3.5.1/src/kvx/asm.h
libffi-3.5.1/src/kvx/ffi.c
libffi-3.5.1/src/kvx/sysv.S
libffi-3.5.1/src/loongarch64/
libffi-3.5.1/src/loongarch64/ffitarget.h
libffi-3.5.1/src/loongarch64/ffi.c
libffi-3.5.1/src/loongarch64/sysv.S
libffi-3.5.1/src/m32r/
libffi-3.5.1/src/m32r/ffitarget.h
libffi-3.5.1/src/m32r/ffi.c
libffi-3.5.1/src/m32r/sysv.S
libffi-3.5.1/src/m68k/
libffi-3.5.1/src/m68k/ffitarget.h
libffi-3.5.1/src/m68k/ffi.c
libffi-3.5.1/src/m68k/sysv.S
libffi-3.5.1/src/m88k/
libffi-3.5.1/src/m88k/ffitarget.h
libffi-3.5.1/src/m88k/ffi.c
libffi-3.5.1/src/m88k/obsd.S
libffi-3.5.1/src/metag/
libffi-3.5.1/src/metag/ffitarget.h
libffi-3.5.1/src/metag/ffi.c
libffi-3.5.1/src/metag/sysv.S
libffi-3.5.1/src/microblaze/
libffi-3.5.1/src/microblaze/ffitarget.h
libffi-3.5.1/src/microblaze/ffi.c
libffi-3.5.1/src/microblaze/sysv.S
libffi-3.5.1/src/mips/
libffi-3.5.1/src/mips/ffitarget.h
libffi-3.5.1/src/mips/ffi.c
libffi-3.5.1/src/mips/o32.S
libffi-3.5.1/src/mips/n32.S
libffi-3.5.1/src/moxie/
libffi-3.5.1/src/moxie/ffitarget.h
libffi-3.5.1/src/moxie/ffi.c
libffi-3.5.1/src/moxie/eabi.S
libffi-3.5.1/src/or1k/
libffi-3.5.1/src/or1k/ffitarget.h
libffi-3.5.1/src/or1k/ffi.c
libffi-3.5.1/src/or1k/sysv.S
libffi-3.5.1/src/pa/
libffi-3.5.1/src/pa/ffitarget.h
libffi-3.5.1/src/pa/ffi.c
libffi-3.5.1/src/pa/linux.S
libffi-3.5.1/src/pa/hpux32.S
libffi-3.5.1/src/pa/hpux64.S
libffi-3.5.1/src/powerpc/
libffi-3.5.1/src/powerpc/ffitarget.h
libffi-3.5.1/src/powerpc/asm.h
libffi-3.5.1/src/powerpc/ffi_powerpc.h
libffi-3.5.1/src/powerpc/internal.h
libffi-3.5.1/src/powerpc/ffi.c
libffi-3.5.1/src/powerpc/ffi_sysv.c
libffi-3.5.1/src/powerpc/ffi_linux64.c
libffi-3.5.1/src/powerpc/sysv.S
libffi-3.5.1/src/powerpc/linux64.S
libffi-3.5.1/src/powerpc/linux64_closure.S
libffi-3.5.1/src/powerpc/ppc_closure.S
libffi-3.5.1/src/powerpc/aix.S
libffi-3.5.1/src/powerpc/darwin.S
libffi-3.5.1/src/powerpc/aix_closure.S
libffi-3.5.1/src/powerpc/darwin_closure.S
libffi-3.5.1/src/powerpc/ffi_darwin.c
libffi-3.5.1/src/powerpc/t-aix
libffi-3.5.1/src/riscv/
libffi-3.5.1/src/riscv/ffitarget.h
libffi-3.5.1/src/riscv/ffi.c
libffi-3.5.1/src/riscv/sysv.S
libffi-3.5.1/src/s390/
libffi-3.5.1/src/s390/ffitarget.h
libffi-3.5.1/src/s390/internal.h
libffi-3.5.1/src/s390/ffi.c
libffi-3.5.1/src/s390/sysv.S
libffi-3.5.1/src/sh/
libffi-3.5.1/src/sh/ffitarget.h
libffi-3.5.1/src/sh/ffi.c
libffi-3.5.1/src/sh/sysv.S
libffi-3.5.1/src/sh64/
libffi-3.5.1/src/sh64/ffitarget.h
libffi-3.5.1/src/sh64/ffi.c
libffi-3.5.1/src/sh64/sysv.S
libffi-3.5.1/src/sparc/
libffi-3.5.1/src/sparc/ffitarget.h
libffi-3.5.1/src/sparc/internal.h
libffi-3.5.1/src/sparc/ffi.c
libffi-3.5.1/src/sparc/ffi64.c
libffi-3.5.1/src/sparc/v8.S
libffi-3.5.1/src/sparc/v9.S
libffi-3.5.1/src/tile/
libffi-3.5.1/src/tile/ffitarget.h
libffi-3.5.1/src/tile/ffi.c
libffi-3.5.1/src/tile/tile.S
libffi-3.5.1/src/vax/
libffi-3.5.1/src/vax/ffitarget.h
libffi-3.5.1/src/vax/ffi.c
libffi-3.5.1/src/vax/elfbsd.S
libffi-3.5.1/src/wasm32/
libffi-3.5.1/src/wasm32/ffitarget.h
libffi-3.5.1/src/wasm32/ffi.c
libffi-3.5.1/src/x86/
libffi-3.5.1/src/x86/ffitarget.h
libffi-3.5.1/src/x86/internal.h
libffi-3.5.1/src/x86/internal64.h
libffi-3.5.1/src/x86/asmnames.h
libffi-3.5.1/src/x86/ffi.c
libffi-3.5.1/src/x86/sysv.S
libffi-3.5.1/src/x86/ffiw64.c
libffi-3.5.1/src/x86/win64.S
libffi-3.5.1/src/x86/ffi64.c
libffi-3.5.1/src/x86/unix64.S
libffi-3.5.1/src/x86/sysv_intel.S
libffi-3.5.1/src/x86/win64_intel.S
libffi-3.5.1/src/xtensa/
libffi-3.5.1/src/xtensa/ffitarget.h
libffi-3.5.1/src/xtensa/ffi.c
libffi-3.5.1/src/xtensa/sysv.S
libffi-3.5.1/src/dlmalloc.c
libffi-3.5.1/src/prep_cif.c
libffi-3.5.1/src/types.c
libffi-3.5.1/src/raw_api.c
libffi-3.5.1/src/java_raw_api.c
libffi-3.5.1/src/closures.c
libffi-3.5.1/src/tramp.c
libffi-3.5.1/src/debug.c
libffi-3.5.1/Makefile.am
libffi-3.5.1/configure
libffi-3.5.1/acinclude.m4
libffi-3.5.1/configure.ac
libffi-3.5.1/aclocal.m4
libffi-3.5.1/Makefile.in
libffi-3.5.1/fficonfig.h.in
libffi-3.5.1/libffi.pc.in
libffi-3.5.1/README.md
libffi-3.5.1/compile
libffi-3.5.1/config.guess
libffi-3.5.1/config.sub
libffi-3.5.1/depcomp
libffi-3.5.1/install-sh
libffi-3.5.1/ltmain.sh
libffi-3.5.1/missing
libffi-3.5.1/LICENSE
libffi-3.5.1/ChangeLog.old
libffi-3.5.1/msvcc.sh
libffi-3.5.1/generate-darwin-source-and-headers.py
libffi-3.5.1/libtool-ldflags
libffi-3.5.1/libtool-version
libffi-3.5.1/configure.host
libffi-3.5.1/libffi.map.in
libffi-3.5.1/LICENSE-BUILDTOOLS
libffi-3.5.1/msvc_build/
libffi-3.5.1/msvc_build/aarch64/
libffi-3.5.1/msvc_build/aarch64/Ffi_staticLib.sln
libffi-3.5.1/msvc_build/aarch64/Ffi_staticLib.vcxproj
libffi-3.5.1/msvc_build/aarch64/Ffi_staticLib.vcxproj.filters
libffi-3.5.1/msvc_build/aarch64/Ffi_staticLib.vcxproj.user
libffi-3.5.1/msvc_build/aarch64/aarch64_include/
libffi-3.5.1/msvc_build/aarch64/aarch64_include/ffi.h
libffi-3.5.1/msvc_build/aarch64/aarch64_include/fficonfig.h
libffi-3.5.1/make_sunver.pl
libffi-3.5.1/include/
libffi-3.5.1/include/Makefile.am
libffi-3.5.1/include/ffi_common.h
libffi-3.5.1/include/ffi_cfi.h
libffi-3.5.1/include/tramp.h
libffi-3.5.1/include/Makefile.in
libffi-3.5.1/include/ffi.h.in
libffi-3.5.1/testsuite/
libffi-3.5.1/testsuite/config/
libffi-3.5.1/testsuite/config/default.exp
libffi-3.5.1/testsuite/emscripten/
libffi-3.5.1/testsuite/emscripten/build.sh
libffi-3.5.1/testsuite/emscripten/conftest.py
libffi-3.5.1/testsuite/emscripten/node-tests.sh
libffi-3.5.1/testsuite/emscripten/test.html
libffi-3.5.1/testsuite/emscripten/test_libffi.py
libffi-3.5.1/testsuite/emscripten/build-tests.sh
libffi-3.5.1/testsuite/lib/
libffi-3.5.1/testsuite/lib/libffi.exp
libffi-3.5.1/testsuite/lib/target-libpath.exp
libffi-3.5.1/testsuite/lib/wrapper.exp
libffi-3.5.1/testsuite/libffi.bhaible/
libffi-3.5.1/testsuite/libffi.bhaible/Makefile
libffi-3.5.1/testsuite/libffi.bhaible/README
libffi-3.5.1/testsuite/libffi.bhaible/alignof.h
libffi-3.5.1/testsuite/libffi.bhaible/bhaible.exp
libffi-3.5.1/testsuite/libffi.bhaible/test-call.c
libffi-3.5.1/testsuite/libffi.bhaible/test-callback.c
libffi-3.5.1/testsuite/libffi.bhaible/testcases.c
libffi-3.5.1/testsuite/libffi.call/
libffi-3.5.1/testsuite/libffi.call/align_mixed.c
libffi-3.5.1/testsuite/libffi.call/align_stdcall.c
libffi-3.5.1/testsuite/libffi.call/bpo_38748.c
libffi-3.5.1/testsuite/libffi.call/call.exp
libffi-3.5.1/testsuite/libffi.call/err_bad_typedef.c
libffi-3.5.1/testsuite/libffi.call/ffitest.h
libffi-3.5.1/testsuite/libffi.call/float.c
libffi-3.5.1/testsuite/libffi.call/float1.c
libffi-3.5.1/testsuite/libffi.call/float2.c
libffi-3.5.1/testsuite/libffi.call/float3.c
libffi-3.5.1/testsuite/libffi.call/float4.c
libffi-3.5.1/testsuite/libffi.call/float_va.c
libffi-3.5.1/testsuite/libffi.call/many.c
libffi-3.5.1/testsuite/libffi.call/many2.c
libffi-3.5.1/testsuite/libffi.call/many_double.c
libffi-3.5.1/testsuite/libffi.call/many_mixed.c
libffi-3.5.1/testsuite/libffi.call/negint.c
libffi-3.5.1/testsuite/libffi.call/offsets.c
libffi-3.5.1/testsuite/libffi.call/overread.c
libffi-3.5.1/testsuite/libffi.call/pr1172638.c
libffi-3.5.1/testsuite/libffi.call/promotion.c
libffi-3.5.1/testsuite/libffi.call/pyobjc_tc.c
libffi-3.5.1/testsuite/libffi.call/return_dbl.c
libffi-3.5.1/testsuite/libffi.call/return_dbl1.c
libffi-3.5.1/testsuite/libffi.call/return_dbl2.c
libffi-3.5.1/testsuite/libffi.call/return_fl.c
libffi-3.5.1/testsuite/libffi.call/return_fl1.c
libffi-3.5.1/testsuite/libffi.call/return_fl2.c
libffi-3.5.1/testsuite/libffi.call/return_fl3.c
libffi-3.5.1/testsuite/libffi.call/return_ldl.c
libffi-3.5.1/testsuite/libffi.call/return_ll.c
libffi-3.5.1/testsuite/libffi.call/return_ll1.c
libffi-3.5.1/testsuite/libffi.call/return_sc.c
libffi-3.5.1/testsuite/libffi.call/return_sl.c
libffi-3.5.1/testsuite/libffi.call/return_uc.c
libffi-3.5.1/testsuite/libffi.call/return_ul.c
libffi-3.5.1/testsuite/libffi.call/s55.c
libffi-3.5.1/testsuite/libffi.call/strlen.c
libffi-3.5.1/testsuite/libffi.call/strlen2.c
libffi-3.5.1/testsuite/libffi.call/strlen3.c
libffi-3.5.1/testsuite/libffi.call/strlen4.c
libffi-3.5.1/testsuite/libffi.call/struct1.c
libffi-3.5.1/testsuite/libffi.call/struct10.c
libffi-3.5.1/testsuite/libffi.call/struct2.c
libffi-3.5.1/testsuite/libffi.call/struct3.c
libffi-3.5.1/testsuite/libffi.call/struct4.c
libffi-3.5.1/testsuite/libffi.call/struct5.c
libffi-3.5.1/testsuite/libffi.call/struct6.c
libffi-3.5.1/testsuite/libffi.call/struct7.c
libffi-3.5.1/testsuite/libffi.call/struct8.c
libffi-3.5.1/testsuite/libffi.call/struct9.c
libffi-3.5.1/testsuite/libffi.call/struct_by_value_2.c
libffi-3.5.1/testsuite/libffi.call/struct_by_value_3.c
libffi-3.5.1/testsuite/libffi.call/struct_by_value_3f.c
libffi-3.5.1/testsuite/libffi.call/struct_by_value_4.c
libffi-3.5.1/testsuite/libffi.call/struct_by_value_4f.c
libffi-3.5.1/testsuite/libffi.call/struct_by_value_big.c
libffi-3.5.1/testsuite/libffi.call/struct_by_value_small.c
libffi-3.5.1/testsuite/libffi.call/struct_return_2H.c
libffi-3.5.1/testsuite/libffi.call/struct_int_float.c
libffi-3.5.1/testsuite/libffi.call/longjmp.c
libffi-3.5.1/testsuite/libffi.call/struct_return_8H.c
libffi-3.5.1/testsuite/libffi.call/uninitialized.c
libffi-3.5.1/testsuite/libffi.call/va_1.c
libffi-3.5.1/testsuite/libffi.call/va_2.c
libffi-3.5.1/testsuite/libffi.call/va_3.c
libffi-3.5.1/testsuite/libffi.call/va_struct1.c
libffi-3.5.1/testsuite/libffi.call/va_struct2.c
libffi-3.5.1/testsuite/libffi.call/va_struct3.c
libffi-3.5.1/testsuite/libffi.call/callback.c
libffi-3.5.1/testsuite/libffi.call/callback2.c
libffi-3.5.1/testsuite/libffi.call/callback3.c
libffi-3.5.1/testsuite/libffi.call/callback4.c
libffi-3.5.1/testsuite/libffi.call/x32.c
libffi-3.5.1/testsuite/libffi.closures/
libffi-3.5.1/testsuite/libffi.closures/closure.exp
libffi-3.5.1/testsuite/libffi.closures/closure_fn0.c
libffi-3.5.1/testsuite/libffi.closures/closure_fn1.c
libffi-3.5.1/testsuite/libffi.closures/closure_fn2.c
libffi-3.5.1/testsuite/libffi.closures/closure_fn3.c
libffi-3.5.1/testsuite/libffi.closures/closure_fn4.c
libffi-3.5.1/testsuite/libffi.closures/closure_fn5.c
libffi-3.5.1/testsuite/libffi.closures/closure_fn6.c
libffi-3.5.1/testsuite/libffi.closures/closure_loc_fn0.c
libffi-3.5.1/testsuite/libffi.closures/closure_simple.c
libffi-3.5.1/testsuite/libffi.closures/cls_12byte.c
libffi-3.5.1/testsuite/libffi.closures/cls_16byte.c
libffi-3.5.1/testsuite/libffi.closures/cls_18byte.c
libffi-3.5.1/testsuite/libffi.closures/cls_19byte.c
libffi-3.5.1/testsuite/libffi.closures/cls_1_1byte.c
libffi-3.5.1/testsuite/libffi.closures/cls_20byte.c
libffi-3.5.1/testsuite/libffi.closures/cls_20byte1.c
libffi-3.5.1/testsuite/libffi.closures/cls_24byte.c
libffi-3.5.1/testsuite/libffi.closures/cls_2byte.c
libffi-3.5.1/testsuite/libffi.closures/cls_3_1byte.c
libffi-3.5.1/testsuite/libffi.closures/cls_3byte1.c
libffi-3.5.1/testsuite/libffi.closures/cls_3byte2.c
libffi-3.5.1/testsuite/libffi.closures/cls_3float.c
libffi-3.5.1/testsuite/libffi.closures/cls_4_1byte.c
libffi-3.5.1/testsuite/libffi.closures/cls_4byte.c
libffi-3.5.1/testsuite/libffi.closures/cls_5_1_byte.c
libffi-3.5.1/testsuite/libffi.closures/cls_5byte.c
libffi-3.5.1/testsuite/libffi.closures/cls_64byte.c
libffi-3.5.1/testsuite/libffi.closures/cls_6_1_byte.c
libffi-3.5.1/testsuite/libffi.closures/cls_6byte.c
libffi-3.5.1/testsuite/libffi.closures/cls_7_1_byte.c
libffi-3.5.1/testsuite/libffi.closures/cls_7byte.c
libffi-3.5.1/testsuite/libffi.closures/cls_8byte.c
libffi-3.5.1/testsuite/libffi.closures/cls_9byte1.c
libffi-3.5.1/testsuite/libffi.closures/cls_9byte2.c
libffi-3.5.1/testsuite/libffi.closures/cls_align_double.c
libffi-3.5.1/testsuite/libffi.closures/cls_align_float.c
libffi-3.5.1/testsuite/libffi.closures/cls_align_longdouble.c
libffi-3.5.1/testsuite/libffi.closures/cls_align_longdouble_split.c
libffi-3.5.1/testsuite/libffi.closures/cls_align_longdouble_split2.c
libffi-3.5.1/testsuite/libffi.closures/cls_align_pointer.c
libffi-3.5.1/testsuite/libffi.closures/cls_align_sint16.c
libffi-3.5.1/testsuite/libffi.closures/cls_align_sint32.c
libffi-3.5.1/testsuite/libffi.closures/cls_align_sint64.c
libffi-3.5.1/testsuite/libffi.closures/cls_align_uint16.c
libffi-3.5.1/testsuite/libffi.closures/cls_align_uint32.c
libffi-3.5.1/testsuite/libffi.closures/cls_align_uint64.c
libffi-3.5.1/testsuite/libffi.closures/cls_dbls_struct.c
libffi-3.5.1/testsuite/libffi.closures/cls_double.c
libffi-3.5.1/testsuite/libffi.closures/cls_double_va.c
libffi-3.5.1/testsuite/libffi.closures/cls_float.c
libffi-3.5.1/testsuite/libffi.closures/cls_longdouble.c
libffi-3.5.1/testsuite/libffi.closures/cls_longdouble_va.c
libffi-3.5.1/testsuite/libffi.closures/cls_many_mixed_args.c
libffi-3.5.1/testsuite/libffi.closures/cls_many_mixed_float_double.c
libffi-3.5.1/testsuite/libffi.closures/cls_multi_schar.c
libffi-3.5.1/testsuite/libffi.closures/cls_multi_sshort.c
libffi-3.5.1/testsuite/libffi.closures/cls_multi_sshortchar.c
libffi-3.5.1/testsuite/libffi.closures/cls_multi_uchar.c
libffi-3.5.1/testsuite/libffi.closures/cls_multi_ushort.c
libffi-3.5.1/testsuite/libffi.closures/cls_multi_ushortchar.c
libffi-3.5.1/testsuite/libffi.closures/cls_pointer.c
libffi-3.5.1/testsuite/libffi.closures/cls_pointer_stack.c
libffi-3.5.1/testsuite/libffi.closures/cls_schar.c
libffi-3.5.1/testsuite/libffi.closures/cls_sint.c
libffi-3.5.1/testsuite/libffi.closures/cls_sshort.c
libffi-3.5.1/testsuite/libffi.closures/cls_struct_va1.c
libffi-3.5.1/testsuite/libffi.closures/cls_uchar.c
libffi-3.5.1/testsuite/libffi.closures/cls_uint.c
libffi-3.5.1/testsuite/libffi.closures/cls_uint_va.c
libffi-3.5.1/testsuite/libffi.closures/cls_ulong_va.c
libffi-3.5.1/testsuite/libffi.closures/cls_ulonglong.c
libffi-3.5.1/testsuite/libffi.closures/cls_ushort.c
libffi-3.5.1/testsuite/libffi.closures/err_bad_abi.c
libffi-3.5.1/testsuite/libffi.closures/ffitest.h
libffi-3.5.1/testsuite/libffi.closures/huge_struct.c
libffi-3.5.1/testsuite/libffi.closures/nested_struct.c
libffi-3.5.1/testsuite/libffi.closures/nested_struct1.c
libffi-3.5.1/testsuite/libffi.closures/nested_struct10.c
libffi-3.5.1/testsuite/libffi.closures/nested_struct11.c
libffi-3.5.1/testsuite/libffi.closures/nested_struct12.c
libffi-3.5.1/testsuite/libffi.closures/nested_struct13.c
libffi-3.5.1/testsuite/libffi.closures/nested_struct2.c
libffi-3.5.1/testsuite/libffi.closures/nested_struct3.c
libffi-3.5.1/testsuite/libffi.closures/nested_struct4.c
libffi-3.5.1/testsuite/libffi.closures/nested_struct5.c
libffi-3.5.1/testsuite/libffi.closures/nested_struct6.c
libffi-3.5.1/testsuite/libffi.closures/nested_struct7.c
libffi-3.5.1/testsuite/libffi.closures/nested_struct8.c
libffi-3.5.1/testsuite/libffi.closures/nested_struct9.c
libffi-3.5.1/testsuite/libffi.closures/problem1.c
libffi-3.5.1/testsuite/libffi.closures/single_entry_structs1.c
libffi-3.5.1/testsuite/libffi.closures/single_entry_structs2.c
libffi-3.5.1/testsuite/libffi.closures/single_entry_structs3.c
libffi-3.5.1/testsuite/libffi.closures/stret_large.c
libffi-3.5.1/testsuite/libffi.closures/stret_large2.c
libffi-3.5.1/testsuite/libffi.closures/stret_medium.c
libffi-3.5.1/testsuite/libffi.closures/stret_medium2.c
libffi-3.5.1/testsuite/libffi.closures/testclosure.c
libffi-3.5.1/testsuite/libffi.closures/unwindtest.cc
libffi-3.5.1/testsuite/libffi.closures/unwindtest_ffi_call.cc
libffi-3.5.1/testsuite/libffi.complex/
libffi-3.5.1/testsuite/libffi.complex/cls_align_complex.inc
libffi-3.5.1/testsuite/libffi.complex/cls_align_complex_double.c
libffi-3.5.1/testsuite/libffi.complex/cls_align_complex_float.c
libffi-3.5.1/testsuite/libffi.complex/cls_align_complex_longdouble.c
libffi-3.5.1/testsuite/libffi.complex/cls_complex.inc
libffi-3.5.1/testsuite/libffi.complex/cls_complex_double.c
libffi-3.5.1/testsuite/libffi.complex/cls_complex_float.c
libffi-3.5.1/testsuite/libffi.complex/cls_complex_longdouble.c
libffi-3.5.1/testsuite/libffi.complex/cls_complex_struct.inc
libffi-3.5.1/testsuite/libffi.complex/cls_complex_struct_double.c
libffi-3.5.1/testsuite/libffi.complex/cls_complex_struct_float.c
libffi-3.5.1/testsuite/libffi.complex/cls_complex_struct_longdouble.c
libffi-3.5.1/testsuite/libffi.complex/cls_complex_va.inc
libffi-3.5.1/testsuite/libffi.complex/cls_complex_va_double.c
libffi-3.5.1/testsuite/libffi.complex/cls_complex_va_float.c
libffi-3.5.1/testsuite/libffi.complex/cls_complex_va_longdouble.c
libffi-3.5.1/testsuite/libffi.complex/complex.exp
libffi-3.5.1/testsuite/libffi.complex/complex.inc
libffi-3.5.1/testsuite/libffi.complex/complex_defs_double.inc
libffi-3.5.1/testsuite/libffi.complex/complex_defs_float.inc
libffi-3.5.1/testsuite/libffi.complex/complex_defs_longdouble.inc
libffi-3.5.1/testsuite/libffi.complex/complex_double.c
libffi-3.5.1/testsuite/libffi.complex/complex_float.c
libffi-3.5.1/testsuite/libffi.complex/complex_int.c
libffi-3.5.1/testsuite/libffi.complex/complex_longdouble.c
libffi-3.5.1/testsuite/libffi.complex/ffitest.h
libffi-3.5.1/testsuite/libffi.complex/many_complex.inc
libffi-3.5.1/testsuite/libffi.complex/many_complex_double.c
libffi-3.5.1/testsuite/libffi.complex/many_complex_float.c
libffi-3.5.1/testsuite/libffi.complex/many_complex_longdouble.c
libffi-3.5.1/testsuite/libffi.complex/return_complex.inc
libffi-3.5.1/testsuite/libffi.complex/return_complex1.inc
libffi-3.5.1/testsuite/libffi.complex/return_complex1_double.c
libffi-3.5.1/testsuite/libffi.complex/return_complex1_float.c
libffi-3.5.1/testsuite/libffi.complex/return_complex1_longdouble.c
libffi-3.5.1/testsuite/libffi.complex/return_complex2.inc
libffi-3.5.1/testsuite/libffi.complex/return_complex2_double.c
libffi-3.5.1/testsuite/libffi.complex/return_complex2_float.c
libffi-3.5.1/testsuite/libffi.complex/return_complex2_longdouble.c
libffi-3.5.1/testsuite/libffi.complex/return_complex_double.c
libffi-3.5.1/testsuite/libffi.complex/return_complex_float.c
libffi-3.5.1/testsuite/libffi.complex/return_complex_longdouble.c
libffi-3.5.1/testsuite/libffi.go/
libffi-3.5.1/testsuite/libffi.go/aa-direct.c
libffi-3.5.1/testsuite/libffi.go/closure1.c
libffi-3.5.1/testsuite/libffi.go/ffitest.h
libffi-3.5.1/testsuite/libffi.go/go.exp
libffi-3.5.1/testsuite/libffi.go/static-chain.h
libffi-3.5.1/testsuite/libffi.threads/
libffi-3.5.1/testsuite/libffi.threads/ffitest.h
libffi-3.5.1/testsuite/libffi.threads/threads.exp
libffi-3.5.1/testsuite/libffi.threads/tsan.c
libffi-3.5.1/testsuite/Makefile.am
libffi-3.5.1/testsuite/Makefile.in
libffi-3.5.1/man/
libffi-3.5.1/man/Makefile.am
libffi-3.5.1/man/Makefile.in
libffi-3.5.1/man/ffi.3
libffi-3.5.1/man/ffi_call.3
libffi-3.5.1/man/ffi_prep_cif.3
libffi-3.5.1/man/ffi_prep_cif_var.3
libffi-3.5.1/doc/
libffi-3.5.1/doc/Makefile.am
libffi-3.5.1/doc/version.texi
libffi-3.5.1/doc/stamp-vti
libffi-3.5.1/doc/Makefile.in
libffi-3.5.1/doc/mdate-sh
libffi-3.5.1/doc/texinfo.tex
libffi-3.5.1/doc/libffi.texi
libffi-3.5.1/doc/libffi.info
libffi-3.5.1/doc/libffi.pdf
libffi-3.5.1/ChangeLog
checking build system type... x86_64-pc-linux-gnu
checking host system type... x86_64-pc-linux-gnu
checking target system type... x86_64-pc-linux-gnu
continue configure in default builddir "./x86_64-pc-linux-gnu"
....exec /bin/sh .././configure "--srcdir=.." "--enable-builddir=x86_64-pc-linux-gnu" "linux
gnu"
checking build system type... x86_64-pc-linux-gnu
checking host system type... x86_64-pc-linux-gnu
checking target system type... x86_64-pc-linux-gnu
checking for gsed... sed
checking for a BSD-compatible install... /usr/bin/install -c
checking whether sleep supports fractional seconds... yes
checking filesystem timestamp resolution... 0.01
checking whether build environment is sane... yes
checking for a race-free mkdir -p... /usr/bin/mkdir -p
checking for gawk... gawk
checking whether make sets $(MAKE)... yes
checking whether make supports nested variables... yes
checking xargs -n works... yes
checking for gcc... gcc
checking whether the C compiler works... yes
checking for C compiler default output file name... a.out
checking for suffix of executables... 
checking whether we are cross compiling... no
checking for suffix of object files... o
checking whether the compiler supports GNU C... yes
checking whether gcc accepts -g... yes
checking for gcc option to enable C11 features... none needed
checking whether gcc understands -c and -o together... yes
checking whether make supports the include directive... yes (GNU style)
checking dependency style of gcc... gcc3
checking for g++... g++
checking whether the compiler supports GNU C++... yes
checking whether g++ accepts -g... yes
checking for g++ option to enable C++11 features... none needed
checking dependency style of g++... gcc3
checking dependency style of gcc... gcc3
checking for grep that handles long lines and -e... /usr/bin/grep
checking for egrep... /usr/bin/grep -E
checking how to print strings... printf
checking for a sed that does not truncate output... /usr/bin/sed
checking for fgrep... /usr/bin/grep -F
checking for ld used by gcc... /usr/bin/ld
checking if the linker (/usr/bin/ld) is GNU ld... yes
checking for BSD- or MS-compatible name lister (nm)... /usr/bin/nm -B
checking the name lister (/usr/bin/nm -B) interface... BSD nm
checking whether ln -s works... yes
checking the maximum length of command line arguments... 1572864
checking how to convert x86_64-pc-linux-gnu file names to x86_64-pc-linux-gnu format... func_convert_file_noop
checking how to convert x86_64-pc-linux-gnu file names to toolchain format... func_convert_file_noop
checking for /usr/bin/ld option to reload object files... -r
checking for file... file
checking for objdump... objdump
checking how to recognize dependent libraries... pass_all
checking for dlltool... no
checking how to associate runtime and link libraries... printf %s\n
checking for ranlib... ranlib
checking for ar... ar
checking for archiver @FILE support... @
checking for strip... strip
checking command to parse /usr/bin/nm -B output from gcc object... ok
checking for sysroot... no
checking for a working dd... /usr/bin/dd
checking how to truncate binary pipes... /usr/bin/dd bs=4096 count=1
checking for mt... mt
checking if mt is a manifest tool... no
checking for stdio.h... yes
checking for stdlib.h... yes
checking for string.h... yes
checking for inttypes.h... yes
checking for stdint.h... yes
checking for strings.h... yes
checking for sys/stat.h... yes
checking for sys/types.h... yes
checking for unistd.h... yes
checking for dlfcn.h... yes
checking for objdir... .libs
checking if gcc supports -fno-rtti -fno-exceptions... no
checking for gcc option to produce PIC... -fPIC -DPIC
checking if gcc PIC flag -fPIC -DPIC works... yes
checking if gcc static flag -static works... yes
checking if gcc supports -c -o file.o... yes
checking if gcc supports -c -o file.o... (cached) yes
checking whether the gcc linker (/usr/bin/ld -m elf_x86_64) supports shared libraries... yes
checking whether -lc should be explicitly linked in... no
checking dynamic linker characteristics... GNU/Linux ld.so
checking how to hardcode library paths into programs... immediate
checking whether stripping libraries is possible... yes
checking if libtool supports shared libraries... yes
checking whether to build shared libraries... yes
checking whether to build static libraries... no
checking how to run the C++ preprocessor... g++ -E
checking for ld used by g++... /usr/bin/ld -m elf_x86_64
checking if the linker (/usr/bin/ld -m elf_x86_64) is GNU ld... yes
checking whether the g++ linker (/usr/bin/ld -m elf_x86_64) supports shared libraries... yes
checking for g++ option to produce PIC... -fPIC -DPIC
checking if g++ PIC flag -fPIC -DPIC works... yes
checking if g++ static flag -static works... yes
checking if g++ supports -c -o file.o... yes
checking if g++ supports -c -o file.o... (cached) yes
checking whether the g++ linker (/usr/bin/ld -m elf_x86_64) supports shared libraries... yes
checking dynamic linker characteristics... (cached) GNU/Linux ld.so
checking how to hardcode library paths into programs... immediate
checking for readelf... readelf
checking size of size_t... 8
checking for C compiler vendor... gnu
checking CFLAGS for most reasonable warnings... -Wall
checking whether to enable maintainer-specific portions of Makefiles... no
checking for sys/memfd.h... no
checking for memfd_create... yes
checking for memcpy... yes
checking for alloca.h... yes
checking size of double... 8
checking size of long double... 16
checking whether byte ordering is bigendian... no
checking assembler .cfi pseudo-op support... yes
checking assembler supports pc related relocs... yes
checking whether compiler supports pointer authentication... no
checking for _ prefix in compiled symbols... no
checking toolchain supports unwind section type... yes
checking whether the C compiler accepts -fno-lto... yes
checking whether .eh_frame section should be read-only... yes
checking for __attribute__((visibility("hidden")))... yes
checking for shared libgcc... yes
configure: versioning on shared library symbols is gnu
checking that generated files are newer than configure... done
configure: creating ./config.status
config.status: creating include/Makefile
config.status: creating include/ffi.h
config.status: creating Makefile
config.status: creating testsuite/Makefile
config.status: creating man/Makefile
config.status: creating doc/Makefile
config.status: creating libffi.pc
config.status: creating fficonfig.h
config.status: executing buildir commands
config.status: create top_srcdir/Makefile guessed from local Makefile
config.status: build in x86_64-pc-linux-gnu (HOST=)
config.status: executing depfiles commands
config.status: executing libtool commands
config.status: executing include commands
config.status: executing src commands
MAKE x86_64-pc-linux-gnu : 0 * all-all
make[1]: Entering directory '/blfs/builds/libffi-3.5.1/x86_64-pc-linux-gnu'
make  all-recursive
make[2]: Entering directory '/blfs/builds/libffi-3.5.1/x86_64-pc-linux-gnu'
Making all in include
make[3]: Entering directory '/blfs/builds/libffi-3.5.1/x86_64-pc-linux-gnu/include'
make[3]: Nothing to be done for 'all'.
make[3]: Leaving directory '/blfs/builds/libffi-3.5.1/x86_64-pc-linux-gnu/include'
Making all in testsuite
make[3]: Entering directory '/blfs/builds/libffi-3.5.1/x86_64-pc-linux-gnu/testsuite'
make[3]: Nothing to be done for 'all'.
make[3]: Leaving directory '/blfs/builds/libffi-3.5.1/x86_64-pc-linux-gnu/testsuite'
Making all in man
make[3]: Entering directory '/blfs/builds/libffi-3.5.1/x86_64-pc-linux-gnu/man'
make[3]: Nothing to be done for 'all'.
make[3]: Leaving directory '/blfs/builds/libffi-3.5.1/x86_64-pc-linux-gnu/man'
Making all in doc
make[3]: Entering directory '/blfs/builds/libffi-3.5.1/x86_64-pc-linux-gnu/doc'
make[3]: Nothing to be done for 'all'.
make[3]: Leaving directory '/blfs/builds/libffi-3.5.1/x86_64-pc-linux-gnu/doc'
make[3]: Entering directory '/blfs/builds/libffi-3.5.1/x86_64-pc-linux-gnu'
gcc -DHAVE_CONFIG_H -I. -I..  -I. -I../include -Iinclude -I../src   -Wall -O2 -fexceptions -DX86_64 -DGENERATE_LIBFFI_MAP \
 -E -x assembler-with-cpp -o libffi.map ../libffi.map.in
depbase=`echo src/prep_cif.lo | sed 's|[^/]*$|.deps/&|;s|\.lo$||'`;\
/bin/sh ./libtool  --tag=CC   --mode=compile gcc -DHAVE_CONFIG_H -I. -I..  -I. -I../include -Iinclude -I../src   -Wall -O2 -fexceptions -MT src/prep_cif.lo -MD -MP -MF $depbase.Tpo -c -o src/prep_cif.lo ../src/prep_cif.c &&\
mv -f $depbase.Tpo $depbase.Plo
depbase=`echo src/types.lo | sed 's|[^/]*$|.deps/&|;s|\.lo$||'`;\
/bin/sh ./libtool  --tag=CC   --mode=compile gcc -DHAVE_CONFIG_H -I. -I..  -I. -I../include -Iinclude -I../src   -Wall -O2 -fexceptions -MT src/types.lo -MD -MP -MF $depbase.Tpo -c -o src/types.lo ../src/types.c &&\
mv -f $depbase.Tpo $depbase.Plo
depbase=`echo src/raw_api.lo | sed 's|[^/]*$|.deps/&|;s|\.lo$||'`;\
/bin/sh ./libtool  --tag=CC   --mode=compile gcc -DHAVE_CONFIG_H -I. -I..  -I. -I../include -Iinclude -I../src   -Wall -O2 -fexceptions -MT src/raw_api.lo -MD -MP -MF $depbase.Tpo -c -o src/raw_api.lo ../src/raw_api.c &&\
mv -f $depbase.Tpo $depbase.Plo
depbase=`echo src/java_raw_api.lo | sed 's|[^/]*$|.deps/&|;s|\.lo$||'`;\
/bin/sh ./libtool  --tag=CC   --mode=compile gcc -DHAVE_CONFIG_H -I. -I..  -I. -I../include -Iinclude -I../src   -Wall -O2 -fexceptions -MT src/java_raw_api.lo -MD -MP -MF $depbase.Tpo -c -o src/java_raw_api.lo ../src/java_raw_api.c &&\
mv -f $depbase.Tpo $depbase.Plo
depbase=`echo src/closures.lo | sed 's|[^/]*$|.deps/&|;s|\.lo$||'`;\
/bin/sh ./libtool  --tag=CC   --mode=compile gcc -DHAVE_CONFIG_H -I. -I..  -I. -I../include -Iinclude -I../src   -Wall -O2 -fexceptions -MT src/closures.lo -MD -MP -MF $depbase.Tpo -c -o src/closures.lo ../src/closures.c &&\
mv -f $depbase.Tpo $depbase.Plo
depbase=`echo src/tramp.lo | sed 's|[^/]*$|.deps/&|;s|\.lo$||'`;\
/bin/sh ./libtool  --tag=CC   --mode=compile gcc -DHAVE_CONFIG_H -I. -I..  -I. -I../include -Iinclude -I../src   -Wall -O2 -fexceptions -MT src/tramp.lo -MD -MP -MF $depbase.Tpo -c -o src/tramp.lo ../src/tramp.c &&\
mv -f $depbase.Tpo $depbase.Plo
depbase=`echo src/x86/ffi64.lo | sed 's|[^/]*$|.deps/&|;s|\.lo$||'`;\
/bin/sh ./libtool  --tag=CC   --mode=compile gcc -DHAVE_CONFIG_H -I. -I..  -I. -I../include -Iinclude -I../src   -Wall -O2 -fexceptions -MT src/x86/ffi64.lo -MD -MP -MF $depbase.Tpo -c -o src/x86/ffi64.lo ../src/x86/ffi64.c &&\
mv -f $depbase.Tpo $depbase.Plo
depbase=`echo src/x86/unix64.lo | sed 's|[^/]*$|.deps/&|;s|\.lo$||'`;\
/bin/sh ./libtool  --tag=CC   --mode=compile gcc -DHAVE_CONFIG_H -I. -I..  -I. -I../include -Iinclude -I../src  '-I. -I../include -Iinclude -I../src' -O2 -MT src/x86/unix64.lo -MD -MP -MF $depbase.Tpo -c -o src/x86/unix64.lo ../src/x86/unix64.S &&\
mv -f $depbase.Tpo $depbase.Plo
depbase=`echo src/x86/ffiw64.lo | sed 's|[^/]*$|.deps/&|;s|\.lo$||'`;\
/bin/sh ./libtool  --tag=CC   --mode=compile gcc -DHAVE_CONFIG_H -I. -I..  -I. -I../include -Iinclude -I../src   -Wall -O2 -fexceptions -MT src/x86/ffiw64.lo -MD -MP -MF $depbase.Tpo -c -o src/x86/ffiw64.lo ../src/x86/ffiw64.c &&\
mv -f $depbase.Tpo $depbase.Plo
depbase=`echo src/x86/win64.lo | sed 's|[^/]*$|.deps/&|;s|\.lo$||'`;\
/bin/sh ./libtool  --tag=CC   --mode=compile gcc -DHAVE_CONFIG_H -I. -I..  -I. -I../include -Iinclude -I../src  '-I. -I../include -Iinclude -I../src' -O2 -MT src/x86/win64.lo -MD -MP -MF $depbase.Tpo -c -o src/x86/win64.lo ../src/x86/win64.S &&\
mv -f $depbase.Tpo $depbase.Plo
libtool: compile:  gcc -DHAVE_CONFIG_H -I. -I.. -I. -I../include -Iinclude -I../src -Wall -O2 -fexceptions -MT src/x86/ffiw64.lo -MD -MP -MF src/x86/.deps/ffiw64.Tpo -c ../src/x86/ffiw64.c  -fPIC -DPIC -o src/x86/.libs/ffiw64.o
libtool: compile:  gcc -DHAVE_CONFIG_H -I. -I.. -I. -I../include -Iinclude -I../src -Wall -O2 -fexceptions -MT src/raw_api.lo -MD -MP -MF src/.deps/raw_api.Tpo -c ../src/raw_api.c  -fPIC -DPIC -o src/.libs/raw_api.o
libtool: compile:  gcc -DHAVE_CONFIG_H -I. -I.. -I. -I../include -Iinclude -I../src -Wall -O2 -fexceptions -MT src/x86/ffi64.lo -MD -MP -MF src/x86/.deps/ffi64.Tpo -c ../src/x86/ffi64.c  -fPIC -DPIC -o src/x86/.libs/ffi64.o
libtool: compile:  gcc -DHAVE_CONFIG_H -I. -I.. -I. -I../include -Iinclude -I../src -Wall -O2 -fexceptions -MT src/prep_cif.lo -MD -MP -MF src/.deps/prep_cif.Tpo -c ../src/prep_cif.c  -fPIC -DPIC -o src/.libs/prep_cif.o
libtool: compile:  gcc -DHAVE_CONFIG_H -I. -I.. -I. -I../include -Iinclude -I../src -Wall -O2 -fexceptions -MT src/java_raw_api.lo -MD -MP -MF src/.deps/java_raw_api.Tpo -c ../src/java_raw_api.c  -fPIC -DPIC -o src/.libs/java_raw_api.o
libtool: compile:  gcc -DHAVE_CONFIG_H -I. -I.. -I. -I../include -Iinclude -I../src "-I. -I../include -Iinclude -I../src" -O2 -MT src/x86/unix64.lo -MD -MP -MF src/x86/.deps/unix64.Tpo -c ../src/x86/unix64.S  -fPIC -DPIC -o src/x86/.libs/unix64.o
libtool: compile:  gcc -DHAVE_CONFIG_H -I. -I.. -I. -I../include -Iinclude -I../src "-I. -I../include -Iinclude -I../src" -O2 -MT src/x86/win64.lo -MD -MP -MF src/x86/.deps/win64.Tpo -c ../src/x86/win64.S  -fPIC -DPIC -o src/x86/.libs/win64.o
libtool: compile:  gcc -DHAVE_CONFIG_H -I. -I.. -I. -I../include -Iinclude -I../src -Wall -O2 -fexceptions -MT src/tramp.lo -MD -MP -MF src/.deps/tramp.Tpo -c ../src/tramp.c  -fPIC -DPIC -o src/.libs/tramp.o
libtool: compile:  gcc -DHAVE_CONFIG_H -I. -I.. -I. -I../include -Iinclude -I../src -Wall -O2 -fexceptions -MT src/types.lo -MD -MP -MF src/.deps/types.Tpo -c ../src/types.c  -fPIC -DPIC -o src/.libs/types.o
libtool: compile:  gcc -DHAVE_CONFIG_H -I. -I.. -I. -I../include -Iinclude -I../src -Wall -O2 -fexceptions -MT src/closures.lo -MD -MP -MF src/.deps/closures.Tpo -c ../src/closures.c  -fPIC -DPIC -o src/.libs/closures.o
../src/java_raw_api.c: In function 'ffi_java_raw_call':
../src/java_raw_api.c:317:3: warning: 'ffi_java_raw_to_ptrarray' is deprecated [-Wdeprecated-declarations]
  317 |   ffi_java_raw_to_ptrarray (cif, raw, avalue);
      |   ^~~~~~~~~~~~~~~~~~~~~~~~
../src/java_raw_api.c:76:1: note: declared here
   76 | ffi_java_raw_to_ptrarray (ffi_cif *cif, ffi_java_raw *raw, void **args)
      | ^~~~~~~~~~~~~~~~~~~~~~~~
../src/java_raw_api.c: In function 'ffi_java_translate_args':
../src/java_raw_api.c:328:3: warning: 'ffi_java_raw_size' is deprecated [-Wdeprecated-declarations]
  328 |   ffi_java_raw *raw = (ffi_java_raw*)alloca (ffi_java_raw_size (cif));
      |   ^~~~~~~~~~~~
../src/java_raw_api.c:45:1: note: declared here
   45 | ffi_java_raw_size (ffi_cif *cif)
      | ^~~~~~~~~~~~~~~~~
../src/java_raw_api.c:331:3: warning: 'ffi_java_ptrarray_to_raw' is deprecated [-Wdeprecated-declarations]
  331 |   ffi_java_ptrarray_to_raw (cif, avalue, raw);
      |   ^~~~~~~~~~~~~~~~~~~~~~~~
../src/java_raw_api.c:157:1: note: declared here
  157 | ffi_java_ptrarray_to_raw (ffi_cif *cif, void **args, ffi_java_raw *raw)
      | ^~~~~~~~~~~~~~~~~~~~~~~~
../src/java_raw_api.c: In function 'ffi_prep_java_raw_closure':
../src/java_raw_api.c:369:3: warning: 'ffi_prep_java_raw_closure_loc' is deprecated [-Wdeprecated-declarations]
  369 |   return ffi_prep_java_raw_closure_loc (cl, cif, fun, user_data, cl);
      |   ^~~~~~
../src/java_raw_api.c:337:1: note: declared here
  337 | ffi_prep_java_raw_closure_loc (ffi_java_raw_closure* cl,
      | ^~~~~~~~~~~~~~~~~~~~~~~~~~~~~
/bin/sh ./libtool  --tag=CC   --mode=link gcc  -Wall -O2 -fexceptions   -o libffi_convenience.la  src/prep_cif.lo src/types.lo src/raw_api.lo src/java_raw_api.lo src/closures.lo src/tramp.lo   src/x86/ffi64.lo src/x86/unix64.lo src/x86/ffiw64.lo src/x86/win64.lo 
/bin/sh ./libtool  --tag=CC   --mode=link gcc  -Wall -O2 -fexceptions -no-undefined -version-info `grep -v '^#' ../libtool-version` -Wl,--version-script,libffi.map    -o libffi.la -rpath /usr/lib/../lib src/prep_cif.lo src/types.lo src/raw_api.lo src/java_raw_api.lo src/closures.lo src/tramp.lo  src/x86/ffi64.lo src/x86/unix64.lo src/x86/ffiw64.lo src/x86/win64.lo 
libtool: link: ar cr .libs/libffi_convenience.a src/.libs/prep_cif.o src/.libs/types.o src/.libs/raw_api.o src/.libs/java_raw_api.o src/.libs/closures.o src/.libs/tramp.o src/x86/.libs/ffi64.o src/x86/.libs/unix64.o src/x86/.libs/ffiw64.o src/x86/.libs/win64.o 
libtool: link: gcc -shared  -fPIC -DPIC  src/.libs/prep_cif.o src/.libs/types.o src/.libs/raw_api.o src/.libs/java_raw_api.o src/.libs/closures.o src/.libs/tramp.o src/x86/.libs/ffi64.o src/x86/.libs/unix64.o src/x86/.libs/ffiw64.o src/x86/.libs/win64.o    -O2 -Wl,--version-script -Wl,libffi.map   -Wl,-soname -Wl,libffi.so.8 -o .libs/libffi.so.8.2.0
libtool: link: ranlib .libs/libffi_convenience.a
libtool: link: ( cd ".libs" && rm -f "libffi_convenience.la" && ln -s "../libffi_convenience.la" "libffi_convenience.la" )
libtool: link: (cd ".libs" && rm -f "libffi.so.8" && ln -s "libffi.so.8.2.0" "libffi.so.8")
libtool: link: (cd ".libs" && rm -f "libffi.so" && ln -s "libffi.so.8.2.0" "libffi.so")
libtool: link: ( cd ".libs" && rm -f "libffi.la" && ln -s "../libffi.la" "libffi.la" )
make[3]: Leaving directory '/blfs/builds/libffi-3.5.1/x86_64-pc-linux-gnu'
make[2]: Leaving directory '/blfs/builds/libffi-3.5.1/x86_64-pc-linux-gnu'
make[1]: Leaving directory '/blfs/builds/libffi-3.5.1/x86_64-pc-linux-gnu'
MAKE x86_64-pc-linux-gnu : 0 * all-configured
make[1]: Entering directory '/blfs/builds/libffi-3.5.1/x86_64-pc-linux-gnu'
make  all-recursive
make[2]: Entering directory '/blfs/builds/libffi-3.5.1/x86_64-pc-linux-gnu'
Making all in include
make[3]: Entering directory '/blfs/builds/libffi-3.5.1/x86_64-pc-linux-gnu/include'
make[3]: Nothing to be done for 'all'.
make[3]: Leaving directory '/blfs/builds/libffi-3.5.1/x86_64-pc-linux-gnu/include'
Making all in testsuite
make[3]: Entering directory '/blfs/builds/libffi-3.5.1/x86_64-pc-linux-gnu/testsuite'
make[3]: Nothing to be done for 'all'.
make[3]: Leaving directory '/blfs/builds/libffi-3.5.1/x86_64-pc-linux-gnu/testsuite'
Making all in man
make[3]: Entering directory '/blfs/builds/libffi-3.5.1/x86_64-pc-linux-gnu/man'
make[3]: Nothing to be done for 'all'.
make[3]: Leaving directory '/blfs/builds/libffi-3.5.1/x86_64-pc-linux-gnu/man'
Making all in doc
make[3]: Entering directory '/blfs/builds/libffi-3.5.1/x86_64-pc-linux-gnu/doc'
make[3]: Nothing to be done for 'all'.
make[3]: Leaving directory '/blfs/builds/libffi-3.5.1/x86_64-pc-linux-gnu/doc'
make[3]: Entering directory '/blfs/builds/libffi-3.5.1/x86_64-pc-linux-gnu'
make[3]: Leaving directory '/blfs/builds/libffi-3.5.1/x86_64-pc-linux-gnu'
make[2]: Leaving directory '/blfs/builds/libffi-3.5.1/x86_64-pc-linux-gnu'
make[1]: Leaving directory '/blfs/builds/libffi-3.5.1/x86_64-pc-linux-gnu'
MAKE x86_64-pc-linux-gnu : 0 * install
make[1]: Entering directory '/blfs/builds/libffi-3.5.1/x86_64-pc-linux-gnu'
Making install in include
make[2]: Entering directory '/blfs/builds/libffi-3.5.1/x86_64-pc-linux-gnu/include'
make[3]: Entering directory '/blfs/builds/libffi-3.5.1/x86_64-pc-linux-gnu/include'
make[3]: Nothing to be done for 'install-exec-am'.
 /usr/bin/mkdir -p '/pkgs/libffi/usr/include'
 /usr/bin/install -c -m 644 ffi.h ffitarget.h '/pkgs/libffi/usr/include'
make[3]: Leaving directory '/blfs/builds/libffi-3.5.1/x86_64-pc-linux-gnu/include'
make[2]: Leaving directory '/blfs/builds/libffi-3.5.1/x86_64-pc-linux-gnu/include'
Making install in testsuite
make[2]: Entering directory '/blfs/builds/libffi-3.5.1/x86_64-pc-linux-gnu/testsuite'
make[3]: Entering directory '/blfs/builds/libffi-3.5.1/x86_64-pc-linux-gnu/testsuite'
make[3]: Nothing to be done for 'install-exec-am'.
make[3]: Nothing to be done for 'install-data-am'.
make[3]: Leaving directory '/blfs/builds/libffi-3.5.1/x86_64-pc-linux-gnu/testsuite'
make[2]: Leaving directory '/blfs/builds/libffi-3.5.1/x86_64-pc-linux-gnu/testsuite'
Making install in man
make[2]: Entering directory '/blfs/builds/libffi-3.5.1/x86_64-pc-linux-gnu/man'
make[3]: Entering directory '/blfs/builds/libffi-3.5.1/x86_64-pc-linux-gnu/man'
make[3]: Nothing to be done for 'install-exec-am'.
 /usr/bin/mkdir -p '/pkgs/libffi/usr/share/man/man3'
 /usr/bin/install -c -m 644 ../../man/ffi.3 ../../man/ffi_call.3 ../../man/ffi_prep_cif.3 ../../man/ffi_prep_cif_var.3 '/pkgs/libffi/usr/share/man/man3'
make[3]: Leaving directory '/blfs/builds/libffi-3.5.1/x86_64-pc-linux-gnu/man'
make[2]: Leaving directory '/blfs/builds/libffi-3.5.1/x86_64-pc-linux-gnu/man'
Making install in doc
make[2]: Entering directory '/blfs/builds/libffi-3.5.1/x86_64-pc-linux-gnu/doc'
make[3]: Entering directory '/blfs/builds/libffi-3.5.1/x86_64-pc-linux-gnu/doc'
make[3]: Nothing to be done for 'install-exec-am'.
 /usr/bin/mkdir -p '/pkgs/libffi/usr/share/info'
 /usr/bin/install -c -m 644 ../../doc/libffi.info '/pkgs/libffi/usr/share/info'
 install-info --info-dir='/pkgs/libffi/usr/share/info' '/pkgs/libffi/usr/share/info/libffi.info'
make[3]: Leaving directory '/blfs/builds/libffi-3.5.1/x86_64-pc-linux-gnu/doc'
make[2]: Leaving directory '/blfs/builds/libffi-3.5.1/x86_64-pc-linux-gnu/doc'
make[2]: Entering directory '/blfs/builds/libffi-3.5.1/x86_64-pc-linux-gnu'
make[3]: Entering directory '/blfs/builds/libffi-3.5.1/x86_64-pc-linux-gnu'
 /usr/bin/mkdir -p '/pkgs/libffi/usr/lib/../lib'
 /bin/sh ./libtool   --mode=install /usr/bin/install -c   libffi.la '/pkgs/libffi/usr/lib/../lib'
libtool: install: /usr/bin/install -c .libs/libffi.so.8.2.0 /pkgs/libffi/usr/lib/../lib/libffi.so.8.2.0
libtool: install: (cd /pkgs/libffi/usr/lib/../lib && { ln -s -f libffi.so.8.2.0 libffi.so.8 || { rm -f libffi.so.8 && ln -s libffi.so.8.2.0 libffi.so.8; }; })
libtool: install: (cd /pkgs/libffi/usr/lib/../lib && { ln -s -f libffi.so.8.2.0 libffi.so || { rm -f libffi.so && ln -s libffi.so.8.2.0 libffi.so; }; })
libtool: install: /usr/bin/install -c .libs/libffi.lai /pkgs/libffi/usr/lib/../lib/libffi.la
libtool: warning: remember to run 'libtool --finish /usr/lib/../lib'
 /usr/bin/mkdir -p '/pkgs/libffi/usr/lib/pkgconfig'
 /usr/bin/install -c -m 644 libffi.pc '/pkgs/libffi/usr/lib/pkgconfig'
make[3]: Leaving directory '/blfs/builds/libffi-3.5.1/x86_64-pc-linux-gnu'
make[2]: Leaving directory '/blfs/builds/libffi-3.5.1/x86_64-pc-linux-gnu'
make[1]: Leaving directory '/blfs/builds/libffi-3.5.1/x86_64-pc-linux-gnu'
MAKE x86_64-pc-linux-gnu : 0 * install
make[1]: Entering directory '/blfs/builds/libffi-3.5.1/x86_64-pc-linux-gnu'
Making install in include
make[2]: Entering directory '/blfs/builds/libffi-3.5.1/x86_64-pc-linux-gnu/include'
make[3]: Entering directory '/blfs/builds/libffi-3.5.1/x86_64-pc-linux-gnu/include'
make[3]: Nothing to be done for 'install-exec-am'.
 /usr/bin/mkdir -p '/usr/include'
 /usr/bin/install -c -m 644 ffi.h ffitarget.h '/usr/include'
make[3]: Leaving directory '/blfs/builds/libffi-3.5.1/x86_64-pc-linux-gnu/include'
make[2]: Leaving directory '/blfs/builds/libffi-3.5.1/x86_64-pc-linux-gnu/include'
Making install in testsuite
make[2]: Entering directory '/blfs/builds/libffi-3.5.1/x86_64-pc-linux-gnu/testsuite'
make[3]: Entering directory '/blfs/builds/libffi-3.5.1/x86_64-pc-linux-gnu/testsuite'
make[3]: Nothing to be done for 'install-exec-am'.
make[3]: Nothing to be done for 'install-data-am'.
make[3]: Leaving directory '/blfs/builds/libffi-3.5.1/x86_64-pc-linux-gnu/testsuite'
make[2]: Leaving directory '/blfs/builds/libffi-3.5.1/x86_64-pc-linux-gnu/testsuite'
Making install in man
make[2]: Entering directory '/blfs/builds/libffi-3.5.1/x86_64-pc-linux-gnu/man'
make[3]: Entering directory '/blfs/builds/libffi-3.5.1/x86_64-pc-linux-gnu/man'
make[3]: Nothing to be done for 'install-exec-am'.
 /usr/bin/mkdir -p '/usr/share/man/man3'
 /usr/bin/install -c -m 644 ../../man/ffi.3 ../../man/ffi_call.3 ../../man/ffi_prep_cif.3 ../../man/ffi_prep_cif_var.3 '/usr/share/man/man3'
make[3]: Leaving directory '/blfs/builds/libffi-3.5.1/x86_64-pc-linux-gnu/man'
make[2]: Leaving directory '/blfs/builds/libffi-3.5.1/x86_64-pc-linux-gnu/man'
Making install in doc
make[2]: Entering directory '/blfs/builds/libffi-3.5.1/x86_64-pc-linux-gnu/doc'
make[3]: Entering directory '/blfs/builds/libffi-3.5.1/x86_64-pc-linux-gnu/doc'
make[3]: Nothing to be done for 'install-exec-am'.
 /usr/bin/mkdir -p '/usr/share/info'
 /usr/bin/install -c -m 644 ../../doc/libffi.info '/usr/share/info'
 install-info --info-dir='/usr/share/info' '/usr/share/info/libffi.info'
make[3]: Leaving directory '/blfs/builds/libffi-3.5.1/x86_64-pc-linux-gnu/doc'
make[2]: Leaving directory '/blfs/builds/libffi-3.5.1/x86_64-pc-linux-gnu/doc'
make[2]: Entering directory '/blfs/builds/libffi-3.5.1/x86_64-pc-linux-gnu'
make[3]: Entering directory '/blfs/builds/libffi-3.5.1/x86_64-pc-linux-gnu'
 /usr/bin/mkdir -p '/usr/lib/../lib'
 /bin/sh ./libtool   --mode=install /usr/bin/install -c   libffi.la '/usr/lib/../lib'
libtool: install: /usr/bin/install -c .libs/libffi.so.8.2.0 /usr/lib/../lib/libffi.so.8.2.0
libtool: install: (cd /usr/lib/../lib && { ln -s -f libffi.so.8.2.0 libffi.so.8 || { rm -f libffi.so.8 && ln -s libffi.so.8.2.0 libffi.so.8; }; })
libtool: install: (cd /usr/lib/../lib && { ln -s -f libffi.so.8.2.0 libffi.so || { rm -f libffi.so && ln -s libffi.so.8.2.0 libffi.so; }; })
libtool: install: /usr/bin/install -c .libs/libffi.lai /usr/lib/../lib/libffi.la
libtool: finish: PATH="/usr/sbin:/usr/bin:/sbin" ldconfig -n /usr/lib/../lib
----------------------------------------------------------------------
Libraries have been installed in:
   /usr/lib/../lib

If you ever happen to want to link against installed libraries
in a given directory, LIBDIR, you must either use libtool, and
specify the full pathname of the library, or use the '-LLIBDIR'
flag during linking and do at least one of the following:
   - add LIBDIR to the 'LD_LIBRARY_PATH' environment variable
     during execution
   - add LIBDIR to the 'LD_RUN_PATH' environment variable
     during linking
   - use the '-Wl,-rpath -Wl,LIBDIR' linker flag
   - have your system administrator add LIBDIR to '/etc/ld.so.conf'

See any operating system documentation about shared libraries for
more information, such as the ld(1) and ld.so(8) manual pages.
----------------------------------------------------------------------
 /usr/bin/mkdir -p '/usr/lib/pkgconfig'
 /usr/bin/install -c -m 644 libffi.pc '/usr/lib/pkgconfig'
make[3]: Leaving directory '/blfs/builds/libffi-3.5.1/x86_64-pc-linux-gnu'
make[2]: Leaving directory '/blfs/builds/libffi-3.5.1/x86_64-pc-linux-gnu'
make[1]: Leaving directory '/blfs/builds/libffi-3.5.1/x86_64-pc-linux-gnu'
libffi/
libffi/usr/
libffi/usr/share/
libffi/usr/share/info/
libffi/usr/share/info/libffi.info
libffi/usr/share/info/dir
libffi/usr/share/man/
libffi/usr/share/man/man3/
libffi/usr/share/man/man3/ffi_call.3
libffi/usr/share/man/man3/ffi.3
libffi/usr/share/man/man3/ffi_prep_cif.3
libffi/usr/share/man/man3/ffi_prep_cif_var.3
libffi/usr/lib/
libffi/usr/lib/libffi.so.8.2.0
libffi/usr/lib/libffi.la
libffi/usr/lib/libffi.so
libffi/usr/lib/pkgconfig/
libffi/usr/lib/pkgconfig/libffi.pc
libffi/usr/lib/libffi.so.8
libffi/usr/include/
libffi/usr/include/ffitarget.h
libffi/usr/include/ffi.h
libffi/version
libffi/depends
libffi/make-depends
