--2025-06-11 07:36:07--  https://github.com/libjpeg-turbo/libjpeg-turbo/releases/download/3.1.1/libjpeg-turbo-3.1.1.tar.gz
Resolving github.com (github.com)... 140.82.114.3
Connecting to github.com (github.com)|140.82.114.3|:443... connected.
HTTP request sent, awaiting response... 302 Found
Location: https://objects.githubusercontent.com/github-production-release-asset-2e65be/39760454/8ba52858-61e3-4919-9656-96640e648e2e?X-Amz-Algorithm=AWS4-HMAC-SHA256&X-Amz-Credential=releaseassetproduction%2F20250611%2Fus-east-1%2Fs3%2Faws4_request&X-Amz-Date=20250611T073607Z&X-Amz-Expires=300&X-Amz-Signature=9012fb7243ee09633e6776fd0d7954884125fa734b369fd508a2922fab40f1fe&X-Amz-SignedHeaders=host&response-content-disposition=attachment%3B%20filename%3Dlibjpeg-turbo-3.1.1.tar.gz&response-content-type=application%2Foctet-stream [following]
--2025-06-11 07:36:07--  https://objects.githubusercontent.com/github-production-release-asset-2e65be/39760454/8ba52858-61e3-4919-9656-96640e648e2e?X-Amz-Algorithm=AWS4-HMAC-SHA256&X-Amz-Credential=releaseassetproduction%2F20250611%2Fus-east-1%2Fs3%2Faws4_request&X-Amz-Date=20250611T073607Z&X-Amz-Expires=300&X-Amz-Signature=9012fb7243ee09633e6776fd0d7954884125fa734b369fd508a2922fab40f1fe&X-Amz-SignedHeaders=host&response-content-disposition=attachment%3B%20filename%3Dlibjpeg-turbo-3.1.1.tar.gz&response-content-type=application%2Foctet-stream
Resolving objects.githubusercontent.com (objects.githubusercontent.com)... 185.199.108.133, 185.199.109.133, 185.199.111.133, ...
Connecting to objects.githubusercontent.com (objects.githubusercontent.com)|185.199.108.133|:443... connected.
HTTP request sent, awaiting response... 200 OK
Length: 2506010 (2.4M) [application/octet-stream]
Saving to: 'libjpeg-turbo-3.1.1.tar.gz'

     0K .......... .......... .......... .......... ..........  2% 12.7M 0s
    50K .......... .......... .......... .......... ..........  4% 10.2M 0s
   100K .......... .......... .......... .......... ..........  6% 42.0M 0s
   150K .......... .......... .......... .......... ..........  8% 22.6M 0s
   200K .......... .......... .......... .......... .......... 10% 49.3M 0s
   250K .......... .......... .......... .......... .......... 12% 16.3M 0s
   300K .......... .......... .......... .......... .......... 14% 61.5M 0s
   350K .......... .......... .......... .......... .......... 16% 59.5M 0s
   400K .......... .......... .......... .......... .......... 18%  103M 0s
   450K .......... .......... .......... .......... .......... 20% 29.0M 0s
   500K .......... .......... .......... .......... .......... 22%  118M 0s
   550K .......... .......... .......... .......... .......... 24%  118M 0s
   600K .......... .......... .......... .......... .......... 26%  119M 0s
   650K .......... .......... .......... .......... .......... 28%  118M 0s
   700K .......... .......... .......... .......... .......... 30% 18.3M 0s
   750K .......... .......... .......... .......... .......... 32% 86.0M 0s
   800K .......... .......... .......... .......... .......... 34%  118M 0s
   850K .......... .......... .......... .......... .......... 36%  118M 0s
   900K .......... .......... .......... .......... .......... 38%  118M 0s
   950K .......... .......... .......... .......... .......... 40%  119M 0s
  1000K .......... .......... .......... .......... .......... 42%  118M 0s
  1050K .......... .......... .......... .......... .......... 44%  119M 0s
  1100K .......... .......... .......... .......... .......... 46%  118M 0s
  1150K .......... .......... .......... .......... .......... 49% 86.0M 0s
  1200K .......... .......... .......... .......... .......... 51%  117M 0s
  1250K .......... .......... .......... .......... .......... 53%  118M 0s
  1300K .......... .......... .......... .......... .......... 55%  105M 0s
  1350K .......... .......... .......... .......... .......... 57% 6.43M 0s
  1400K .......... .......... .......... .......... .......... 59%  773M 0s
  1450K .......... .......... .......... .......... .......... 61%  928M 0s
  1500K .......... .......... .......... .......... .......... 63%  898M 0s
  1550K .......... .......... .......... .......... .......... 65%  625M 0s
  1600K .......... .......... .......... .......... .......... 67%  719M 0s
  1650K .......... .......... .......... .......... .......... 69%  689M 0s
  1700K .......... .......... .......... .......... .......... 71% 14.3M 0s
  1750K .......... .......... .......... .......... .......... 73%  865M 0s
  1800K .......... .......... .......... .......... .......... 75%  927M 0s
  1850K .......... .......... .......... .......... .......... 77%  945M 0s
  1900K .......... .......... .......... .......... .......... 79%  899M 0s
  1950K .......... .......... .......... .......... .......... 81%  944M 0s
  2000K .......... .......... .......... .......... .......... 83%  902M 0s
  2050K .......... .......... .......... .......... .......... 85%  696M 0s
  2100K .......... .......... .......... .......... .......... 87%  507M 0s
  2150K .......... .......... .......... .......... .......... 89%  915M 0s
  2200K .......... .......... .......... .......... .......... 91%  919M 0s
  2250K .......... .......... .......... .......... .......... 93% 19.1M 0s
  2300K .......... .......... .......... .......... .......... 96%  140M 0s
  2350K .......... .......... .......... .......... .......... 98%  190M 0s
  2400K .......... .......... .......... .......... .......   100%  169M=0.04s

2025-06-11 07:36:07 (53.4 MB/s) - 'libjpeg-turbo-3.1.1.tar.gz' saved [2506010/2506010]

libjpeg-turbo-3.1.1/
libjpeg-turbo-3.1.1/BUILDING.md
libjpeg-turbo-3.1.1/CMakeLists.txt
libjpeg-turbo-3.1.1/ChangeLog.md
libjpeg-turbo-3.1.1/LICENSE.md
libjpeg-turbo-3.1.1/README.ijg
libjpeg-turbo-3.1.1/README.md
libjpeg-turbo-3.1.1/cmakescripts/
libjpeg-turbo-3.1.1/cmakescripts/BuildPackages.cmake
libjpeg-turbo-3.1.1/cmakescripts/GNUInstallDirs.cmake
libjpeg-turbo-3.1.1/cmakescripts/PackageInfo.cmake
libjpeg-turbo-3.1.1/cmakescripts/cmake_uninstall.cmake.in
libjpeg-turbo-3.1.1/cmakescripts/testclean.cmake
libjpeg-turbo-3.1.1/cmakescripts/tjbenchtest.cmake
libjpeg-turbo-3.1.1/cmakescripts/tjexampletest.cmake
libjpeg-turbo-3.1.1/doc/
libjpeg-turbo-3.1.1/doc/change.log
libjpeg-turbo-3.1.1/doc/cjpeg.1
libjpeg-turbo-3.1.1/doc/coderules.txt
libjpeg-turbo-3.1.1/doc/djpeg.1
libjpeg-turbo-3.1.1/doc/doxygen-extra.css
libjpeg-turbo-3.1.1/doc/doxygen.config
libjpeg-turbo-3.1.1/doc/jpegtran.1
libjpeg-turbo-3.1.1/doc/libjpeg.txt
libjpeg-turbo-3.1.1/doc/rdjpgcom.1
libjpeg-turbo-3.1.1/doc/structure.txt
libjpeg-turbo-3.1.1/doc/turbojpeg/
libjpeg-turbo-3.1.1/doc/turbojpeg/annotated.html
libjpeg-turbo-3.1.1/doc/turbojpeg/bc_s.png
libjpeg-turbo-3.1.1/doc/turbojpeg/bc_sd.png
libjpeg-turbo-3.1.1/doc/turbojpeg/classes.html
libjpeg-turbo-3.1.1/doc/turbojpeg/closed.png
libjpeg-turbo-3.1.1/doc/turbojpeg/doc.svg
libjpeg-turbo-3.1.1/doc/turbojpeg/docd.svg
libjpeg-turbo-3.1.1/doc/turbojpeg/doxygen-extra.css
libjpeg-turbo-3.1.1/doc/turbojpeg/doxygen.css
libjpeg-turbo-3.1.1/doc/turbojpeg/doxygen.svg
libjpeg-turbo-3.1.1/doc/turbojpeg/dynsections.js
libjpeg-turbo-3.1.1/doc/turbojpeg/folderclosed.svg
libjpeg-turbo-3.1.1/doc/turbojpeg/folderclosedd.svg
libjpeg-turbo-3.1.1/doc/turbojpeg/folderopen.svg
libjpeg-turbo-3.1.1/doc/turbojpeg/folderopend.svg
libjpeg-turbo-3.1.1/doc/turbojpeg/functions.html
libjpeg-turbo-3.1.1/doc/turbojpeg/functions_vars.html
libjpeg-turbo-3.1.1/doc/turbojpeg/group___turbo_j_p_e_g.html
libjpeg-turbo-3.1.1/doc/turbojpeg/index.html
libjpeg-turbo-3.1.1/doc/turbojpeg/jquery.js
libjpeg-turbo-3.1.1/doc/turbojpeg/menu.js
libjpeg-turbo-3.1.1/doc/turbojpeg/menudata.js
libjpeg-turbo-3.1.1/doc/turbojpeg/minus.svg
libjpeg-turbo-3.1.1/doc/turbojpeg/minusd.svg
libjpeg-turbo-3.1.1/doc/turbojpeg/nav_f.png
libjpeg-turbo-3.1.1/doc/turbojpeg/nav_fd.png
libjpeg-turbo-3.1.1/doc/turbojpeg/nav_g.png
libjpeg-turbo-3.1.1/doc/turbojpeg/nav_h.png
libjpeg-turbo-3.1.1/doc/turbojpeg/nav_hd.png
libjpeg-turbo-3.1.1/doc/turbojpeg/open.png
libjpeg-turbo-3.1.1/doc/turbojpeg/plus.svg
libjpeg-turbo-3.1.1/doc/turbojpeg/plusd.svg
libjpeg-turbo-3.1.1/doc/turbojpeg/search/
libjpeg-turbo-3.1.1/doc/turbojpeg/search/all_0.js
libjpeg-turbo-3.1.1/doc/turbojpeg/search/all_1.js
libjpeg-turbo-3.1.1/doc/turbojpeg/search/all_2.js
libjpeg-turbo-3.1.1/doc/turbojpeg/search/all_3.js
libjpeg-turbo-3.1.1/doc/turbojpeg/search/all_4.js
libjpeg-turbo-3.1.1/doc/turbojpeg/search/all_5.js
libjpeg-turbo-3.1.1/doc/turbojpeg/search/all_6.js
libjpeg-turbo-3.1.1/doc/turbojpeg/search/all_7.js
libjpeg-turbo-3.1.1/doc/turbojpeg/search/all_8.js
libjpeg-turbo-3.1.1/doc/turbojpeg/search/all_9.js
libjpeg-turbo-3.1.1/doc/turbojpeg/search/all_a.js
libjpeg-turbo-3.1.1/doc/turbojpeg/search/all_b.js
libjpeg-turbo-3.1.1/doc/turbojpeg/search/classes_0.js
libjpeg-turbo-3.1.1/doc/turbojpeg/search/close.svg
libjpeg-turbo-3.1.1/doc/turbojpeg/search/enums_0.js
libjpeg-turbo-3.1.1/doc/turbojpeg/search/enumvalues_0.js
libjpeg-turbo-3.1.1/doc/turbojpeg/search/functions_0.js
libjpeg-turbo-3.1.1/doc/turbojpeg/search/groups_0.js
libjpeg-turbo-3.1.1/doc/turbojpeg/search/mag.svg
libjpeg-turbo-3.1.1/doc/turbojpeg/search/mag_d.svg
libjpeg-turbo-3.1.1/doc/turbojpeg/search/mag_sel.svg
libjpeg-turbo-3.1.1/doc/turbojpeg/search/mag_seld.svg
libjpeg-turbo-3.1.1/doc/turbojpeg/search/search.css
libjpeg-turbo-3.1.1/doc/turbojpeg/search/search.js
libjpeg-turbo-3.1.1/doc/turbojpeg/search/searchdata.js
libjpeg-turbo-3.1.1/doc/turbojpeg/search/typedefs_0.js
libjpeg-turbo-3.1.1/doc/turbojpeg/search/variables_0.js
libjpeg-turbo-3.1.1/doc/turbojpeg/search/variables_1.js
libjpeg-turbo-3.1.1/doc/turbojpeg/search/variables_2.js
libjpeg-turbo-3.1.1/doc/turbojpeg/search/variables_3.js
libjpeg-turbo-3.1.1/doc/turbojpeg/search/variables_4.js
libjpeg-turbo-3.1.1/doc/turbojpeg/search/variables_5.js
libjpeg-turbo-3.1.1/doc/turbojpeg/search/variables_6.js
libjpeg-turbo-3.1.1/doc/turbojpeg/search/variables_7.js
libjpeg-turbo-3.1.1/doc/turbojpeg/search/variables_8.js
libjpeg-turbo-3.1.1/doc/turbojpeg/search/variables_9.js
libjpeg-turbo-3.1.1/doc/turbojpeg/splitbar.png
libjpeg-turbo-3.1.1/doc/turbojpeg/splitbard.png
libjpeg-turbo-3.1.1/doc/turbojpeg/structtjregion.html
libjpeg-turbo-3.1.1/doc/turbojpeg/structtjscalingfactor.html
libjpeg-turbo-3.1.1/doc/turbojpeg/structtjtransform.html
libjpeg-turbo-3.1.1/doc/turbojpeg/sync_off.png
libjpeg-turbo-3.1.1/doc/turbojpeg/sync_on.png
libjpeg-turbo-3.1.1/doc/turbojpeg/tab_a.png
libjpeg-turbo-3.1.1/doc/turbojpeg/tab_ad.png
libjpeg-turbo-3.1.1/doc/turbojpeg/tab_b.png
libjpeg-turbo-3.1.1/doc/turbojpeg/tab_bd.png
libjpeg-turbo-3.1.1/doc/turbojpeg/tab_h.png
libjpeg-turbo-3.1.1/doc/turbojpeg/tab_hd.png
libjpeg-turbo-3.1.1/doc/turbojpeg/tab_s.png
libjpeg-turbo-3.1.1/doc/turbojpeg/tab_sd.png
libjpeg-turbo-3.1.1/doc/turbojpeg/tabs.css
libjpeg-turbo-3.1.1/doc/turbojpeg/topics.html
libjpeg-turbo-3.1.1/doc/usage.txt
libjpeg-turbo-3.1.1/doc/wizard.txt
libjpeg-turbo-3.1.1/doc/wrjpgcom.1
libjpeg-turbo-3.1.1/fuzz/
libjpeg-turbo-3.1.1/fuzz/CMakeLists.txt
libjpeg-turbo-3.1.1/fuzz/build.sh
libjpeg-turbo-3.1.1/fuzz/cjpeg.cc
libjpeg-turbo-3.1.1/fuzz/compress.cc
libjpeg-turbo-3.1.1/fuzz/compress12.cc
libjpeg-turbo-3.1.1/fuzz/compress12_lossless.cc
libjpeg-turbo-3.1.1/fuzz/compress16_lossless.cc
libjpeg-turbo-3.1.1/fuzz/compress_lossless.cc
libjpeg-turbo-3.1.1/fuzz/compress_yuv.cc
libjpeg-turbo-3.1.1/fuzz/decompress.cc
libjpeg-turbo-3.1.1/fuzz/decompress_yuv.cc
libjpeg-turbo-3.1.1/fuzz/transform.cc
libjpeg-turbo-3.1.1/java/
libjpeg-turbo-3.1.1/java/CMakeLists.txt
libjpeg-turbo-3.1.1/java/MANIFEST.MF
libjpeg-turbo-3.1.1/java/README
libjpeg-turbo-3.1.1/java/TJBench.java
libjpeg-turbo-3.1.1/java/TJComp.java
libjpeg-turbo-3.1.1/java/TJDecomp.java
libjpeg-turbo-3.1.1/java/TJTran.java
libjpeg-turbo-3.1.1/java/TJUnitTest.java
libjpeg-turbo-3.1.1/java/doc/
libjpeg-turbo-3.1.1/java/doc/allclasses-index.html
libjpeg-turbo-3.1.1/java/doc/allclasses.html
libjpeg-turbo-3.1.1/java/doc/allpackages-index.html
libjpeg-turbo-3.1.1/java/doc/constant-values.html
libjpeg-turbo-3.1.1/java/doc/deprecated-list.html
libjpeg-turbo-3.1.1/java/doc/element-list
libjpeg-turbo-3.1.1/java/doc/help-doc.html
libjpeg-turbo-3.1.1/java/doc/index-all.html
libjpeg-turbo-3.1.1/java/doc/index.html
libjpeg-turbo-3.1.1/java/doc/jquery-ui.overrides.css
libjpeg-turbo-3.1.1/java/doc/jquery/
libjpeg-turbo-3.1.1/java/doc/jquery/external/
libjpeg-turbo-3.1.1/java/doc/jquery/external/jquery/
libjpeg-turbo-3.1.1/java/doc/jquery/external/jquery/jquery.js
libjpeg-turbo-3.1.1/java/doc/jquery/jquery-3.6.1.min.js
libjpeg-turbo-3.1.1/java/doc/jquery/jquery-ui.min.css
libjpeg-turbo-3.1.1/java/doc/jquery/jquery-ui.min.js
libjpeg-turbo-3.1.1/java/doc/jquery/jszip-utils/
libjpeg-turbo-3.1.1/java/doc/jquery/jszip-utils/dist/
libjpeg-turbo-3.1.1/java/doc/jquery/jszip-utils/dist/jszip-utils-ie.js
libjpeg-turbo-3.1.1/java/doc/jquery/jszip-utils/dist/jszip-utils-ie.min.js
libjpeg-turbo-3.1.1/java/doc/jquery/jszip-utils/dist/jszip-utils.js
libjpeg-turbo-3.1.1/java/doc/jquery/jszip-utils/dist/jszip-utils.min.js
libjpeg-turbo-3.1.1/java/doc/jquery/jszip/
libjpeg-turbo-3.1.1/java/doc/jquery/jszip/dist/
libjpeg-turbo-3.1.1/java/doc/jquery/jszip/dist/jszip.js
libjpeg-turbo-3.1.1/java/doc/jquery/jszip/dist/jszip.min.js
libjpeg-turbo-3.1.1/java/doc/legal/
libjpeg-turbo-3.1.1/java/doc/legal/ADDITIONAL_LICENSE_INFO
libjpeg-turbo-3.1.1/java/doc/legal/ASSEMBLY_EXCEPTION
libjpeg-turbo-3.1.1/java/doc/legal/LICENSE
libjpeg-turbo-3.1.1/java/doc/legal/jquery.md
libjpeg-turbo-3.1.1/java/doc/legal/jqueryUI.md
libjpeg-turbo-3.1.1/java/doc/legal/jszip.md
libjpeg-turbo-3.1.1/java/doc/legal/pako.md
libjpeg-turbo-3.1.1/java/doc/member-search-index.js
libjpeg-turbo-3.1.1/java/doc/member-search-index.zip
libjpeg-turbo-3.1.1/java/doc/org/
libjpeg-turbo-3.1.1/java/doc/org/libjpegturbo/
libjpeg-turbo-3.1.1/java/doc/org/libjpegturbo/turbojpeg/
libjpeg-turbo-3.1.1/java/doc/org/libjpegturbo/turbojpeg/TJ.html
libjpeg-turbo-3.1.1/java/doc/org/libjpegturbo/turbojpeg/TJCompressor.html
libjpeg-turbo-3.1.1/java/doc/org/libjpegturbo/turbojpeg/TJCustomFilter.html
libjpeg-turbo-3.1.1/java/doc/org/libjpegturbo/turbojpeg/TJDecompressor.html
libjpeg-turbo-3.1.1/java/doc/org/libjpegturbo/turbojpeg/TJException.html
libjpeg-turbo-3.1.1/java/doc/org/libjpegturbo/turbojpeg/TJScalingFactor.html
libjpeg-turbo-3.1.1/java/doc/org/libjpegturbo/turbojpeg/TJTransform.html
libjpeg-turbo-3.1.1/java/doc/org/libjpegturbo/turbojpeg/TJTransformer.html
libjpeg-turbo-3.1.1/java/doc/org/libjpegturbo/turbojpeg/YUVImage.html
libjpeg-turbo-3.1.1/java/doc/org/libjpegturbo/turbojpeg/package-summary.html
libjpeg-turbo-3.1.1/java/doc/org/libjpegturbo/turbojpeg/package-tree.html
libjpeg-turbo-3.1.1/java/doc/overview-tree.html
libjpeg-turbo-3.1.1/java/doc/package-search-index.js
libjpeg-turbo-3.1.1/java/doc/package-search-index.zip
libjpeg-turbo-3.1.1/java/doc/resources/
libjpeg-turbo-3.1.1/java/doc/resources/glass.png
libjpeg-turbo-3.1.1/java/doc/resources/x.png
libjpeg-turbo-3.1.1/java/doc/script.js
libjpeg-turbo-3.1.1/java/doc/search.js
libjpeg-turbo-3.1.1/java/doc/serialized-form.html
libjpeg-turbo-3.1.1/java/doc/stylesheet.css
libjpeg-turbo-3.1.1/java/doc/type-search-index.js
libjpeg-turbo-3.1.1/java/doc/type-search-index.zip
libjpeg-turbo-3.1.1/java/org/
libjpeg-turbo-3.1.1/java/org/libjpegturbo/
libjpeg-turbo-3.1.1/java/org/libjpegturbo/turbojpeg/
libjpeg-turbo-3.1.1/java/org/libjpegturbo/turbojpeg/TJ.java
libjpeg-turbo-3.1.1/java/org/libjpegturbo/turbojpeg/TJCompressor.java
libjpeg-turbo-3.1.1/java/org/libjpegturbo/turbojpeg/TJCustomFilter.java
libjpeg-turbo-3.1.1/java/org/libjpegturbo/turbojpeg/TJDecompressor.java
libjpeg-turbo-3.1.1/java/org/libjpegturbo/turbojpeg/TJException.java
libjpeg-turbo-3.1.1/java/org/libjpegturbo/turbojpeg/TJLoader-unix.java.in
libjpeg-turbo-3.1.1/java/org/libjpegturbo/turbojpeg/TJLoader-win.java.in
libjpeg-turbo-3.1.1/java/org/libjpegturbo/turbojpeg/TJScalingFactor.java
libjpeg-turbo-3.1.1/java/org/libjpegturbo/turbojpeg/TJTransform.java
libjpeg-turbo-3.1.1/java/org/libjpegturbo/turbojpeg/TJTransformer.java
libjpeg-turbo-3.1.1/java/org/libjpegturbo/turbojpeg/YUVImage.java
libjpeg-turbo-3.1.1/java/org_libjpegturbo_turbojpeg_TJ.h
libjpeg-turbo-3.1.1/java/org_libjpegturbo_turbojpeg_TJCompressor.h
libjpeg-turbo-3.1.1/java/org_libjpegturbo_turbojpeg_TJDecompressor.h
libjpeg-turbo-3.1.1/java/org_libjpegturbo_turbojpeg_TJTransformer.h
libjpeg-turbo-3.1.1/java/turbojpeg-jni.c
libjpeg-turbo-3.1.1/release/
libjpeg-turbo-3.1.1/release/Config.cmake.in
libjpeg-turbo-3.1.1/release/Distribution.xml.in
libjpeg-turbo-3.1.1/release/License.rtf
libjpeg-turbo-3.1.1/release/ReadMe.txt
libjpeg-turbo-3.1.1/release/Welcome.rtf.in
libjpeg-turbo-3.1.1/release/deb-control.in
libjpeg-turbo-3.1.1/release/installer.nsi.in
libjpeg-turbo-3.1.1/release/libjpeg.pc.in
libjpeg-turbo-3.1.1/release/libturbojpeg.pc.in
libjpeg-turbo-3.1.1/release/makedpkg.in
libjpeg-turbo-3.1.1/release/makemacpkg.in
libjpeg-turbo-3.1.1/release/makerpm.in
libjpeg-turbo-3.1.1/release/makesrpm.in
libjpeg-turbo-3.1.1/release/maketarball.in
libjpeg-turbo-3.1.1/release/rpm.spec.in
libjpeg-turbo-3.1.1/release/uninstall.in
libjpeg-turbo-3.1.1/sharedlib/
libjpeg-turbo-3.1.1/sharedlib/CMakeLists.txt
libjpeg-turbo-3.1.1/simd/
libjpeg-turbo-3.1.1/simd/CMakeLists.txt
libjpeg-turbo-3.1.1/simd/arm/
libjpeg-turbo-3.1.1/simd/arm/aarch32/
libjpeg-turbo-3.1.1/simd/arm/aarch32/jccolext-neon.c
libjpeg-turbo-3.1.1/simd/arm/aarch32/jchuff-neon.c
libjpeg-turbo-3.1.1/simd/arm/aarch32/jsimd.c
libjpeg-turbo-3.1.1/simd/arm/aarch32/jsimd_neon.S
libjpeg-turbo-3.1.1/simd/arm/aarch64/
libjpeg-turbo-3.1.1/simd/arm/aarch64/jccolext-neon.c
libjpeg-turbo-3.1.1/simd/arm/aarch64/jchuff-neon.c
libjpeg-turbo-3.1.1/simd/arm/aarch64/jsimd.c
libjpeg-turbo-3.1.1/simd/arm/aarch64/jsimd_neon.S
libjpeg-turbo-3.1.1/simd/arm/align.h
libjpeg-turbo-3.1.1/simd/arm/jccolor-neon.c
libjpeg-turbo-3.1.1/simd/arm/jcgray-neon.c
libjpeg-turbo-3.1.1/simd/arm/jcgryext-neon.c
libjpeg-turbo-3.1.1/simd/arm/jchuff.h
libjpeg-turbo-3.1.1/simd/arm/jcphuff-neon.c
libjpeg-turbo-3.1.1/simd/arm/jcsample-neon.c
libjpeg-turbo-3.1.1/simd/arm/jdcolext-neon.c
libjpeg-turbo-3.1.1/simd/arm/jdcolor-neon.c
libjpeg-turbo-3.1.1/simd/arm/jdmerge-neon.c
libjpeg-turbo-3.1.1/simd/arm/jdmrgext-neon.c
libjpeg-turbo-3.1.1/simd/arm/jdsample-neon.c
libjpeg-turbo-3.1.1/simd/arm/jfdctfst-neon.c
libjpeg-turbo-3.1.1/simd/arm/jfdctint-neon.c
libjpeg-turbo-3.1.1/simd/arm/jidctfst-neon.c
libjpeg-turbo-3.1.1/simd/arm/jidctint-neon.c
libjpeg-turbo-3.1.1/simd/arm/jidctred-neon.c
libjpeg-turbo-3.1.1/simd/arm/jquanti-neon.c
libjpeg-turbo-3.1.1/simd/arm/neon-compat.h.in
libjpeg-turbo-3.1.1/simd/i386/
libjpeg-turbo-3.1.1/simd/i386/jccolext-avx2.asm
libjpeg-turbo-3.1.1/simd/i386/jccolext-mmx.asm
libjpeg-turbo-3.1.1/simd/i386/jccolext-sse2.asm
libjpeg-turbo-3.1.1/simd/i386/jccolor-avx2.asm
libjpeg-turbo-3.1.1/simd/i386/jccolor-mmx.asm
libjpeg-turbo-3.1.1/simd/i386/jccolor-sse2.asm
libjpeg-turbo-3.1.1/simd/i386/jcgray-avx2.asm
libjpeg-turbo-3.1.1/simd/i386/jcgray-mmx.asm
libjpeg-turbo-3.1.1/simd/i386/jcgray-sse2.asm
libjpeg-turbo-3.1.1/simd/i386/jcgryext-avx2.asm
libjpeg-turbo-3.1.1/simd/i386/jcgryext-mmx.asm
libjpeg-turbo-3.1.1/simd/i386/jcgryext-sse2.asm
libjpeg-turbo-3.1.1/simd/i386/jchuff-sse2.asm
libjpeg-turbo-3.1.1/simd/i386/jcphuff-sse2.asm
libjpeg-turbo-3.1.1/simd/i386/jcsample-avx2.asm
libjpeg-turbo-3.1.1/simd/i386/jcsample-mmx.asm
libjpeg-turbo-3.1.1/simd/i386/jcsample-sse2.asm
libjpeg-turbo-3.1.1/simd/i386/jdcolext-avx2.asm
libjpeg-turbo-3.1.1/simd/i386/jdcolext-mmx.asm
libjpeg-turbo-3.1.1/simd/i386/jdcolext-sse2.asm
libjpeg-turbo-3.1.1/simd/i386/jdcolor-avx2.asm
libjpeg-turbo-3.1.1/simd/i386/jdcolor-mmx.asm
libjpeg-turbo-3.1.1/simd/i386/jdcolor-sse2.asm
libjpeg-turbo-3.1.1/simd/i386/jdmerge-avx2.asm
libjpeg-turbo-3.1.1/simd/i386/jdmerge-mmx.asm
libjpeg-turbo-3.1.1/simd/i386/jdmerge-sse2.asm
libjpeg-turbo-3.1.1/simd/i386/jdmrgext-avx2.asm
libjpeg-turbo-3.1.1/simd/i386/jdmrgext-mmx.asm
libjpeg-turbo-3.1.1/simd/i386/jdmrgext-sse2.asm
libjpeg-turbo-3.1.1/simd/i386/jdsample-avx2.asm
libjpeg-turbo-3.1.1/simd/i386/jdsample-mmx.asm
libjpeg-turbo-3.1.1/simd/i386/jdsample-sse2.asm
libjpeg-turbo-3.1.1/simd/i386/jfdctflt-3dn.asm
libjpeg-turbo-3.1.1/simd/i386/jfdctflt-sse.asm
libjpeg-turbo-3.1.1/simd/i386/jfdctfst-mmx.asm
libjpeg-turbo-3.1.1/simd/i386/jfdctfst-sse2.asm
libjpeg-turbo-3.1.1/simd/i386/jfdctint-avx2.asm
libjpeg-turbo-3.1.1/simd/i386/jfdctint-mmx.asm
libjpeg-turbo-3.1.1/simd/i386/jfdctint-sse2.asm
libjpeg-turbo-3.1.1/simd/i386/jidctflt-3dn.asm
libjpeg-turbo-3.1.1/simd/i386/jidctflt-sse.asm
libjpeg-turbo-3.1.1/simd/i386/jidctflt-sse2.asm
libjpeg-turbo-3.1.1/simd/i386/jidctfst-mmx.asm
libjpeg-turbo-3.1.1/simd/i386/jidctfst-sse2.asm
libjpeg-turbo-3.1.1/simd/i386/jidctint-avx2.asm
libjpeg-turbo-3.1.1/simd/i386/jidctint-mmx.asm
libjpeg-turbo-3.1.1/simd/i386/jidctint-sse2.asm
libjpeg-turbo-3.1.1/simd/i386/jidctred-mmx.asm
libjpeg-turbo-3.1.1/simd/i386/jidctred-sse2.asm
libjpeg-turbo-3.1.1/simd/i386/jquant-3dn.asm
libjpeg-turbo-3.1.1/simd/i386/jquant-mmx.asm
libjpeg-turbo-3.1.1/simd/i386/jquant-sse.asm
libjpeg-turbo-3.1.1/simd/i386/jquantf-sse2.asm
libjpeg-turbo-3.1.1/simd/i386/jquanti-avx2.asm
libjpeg-turbo-3.1.1/simd/i386/jquanti-sse2.asm
libjpeg-turbo-3.1.1/simd/i386/jsimd.c
libjpeg-turbo-3.1.1/simd/i386/jsimdcpu.asm
libjpeg-turbo-3.1.1/simd/jsimd.h
libjpeg-turbo-3.1.1/simd/mips/
libjpeg-turbo-3.1.1/simd/mips/jsimd.c
libjpeg-turbo-3.1.1/simd/mips/jsimd_dspr2.S
libjpeg-turbo-3.1.1/simd/mips/jsimd_dspr2_asm.h
libjpeg-turbo-3.1.1/simd/mips64/
libjpeg-turbo-3.1.1/simd/mips64/jccolext-mmi.c
libjpeg-turbo-3.1.1/simd/mips64/jccolor-mmi.c
libjpeg-turbo-3.1.1/simd/mips64/jcgray-mmi.c
libjpeg-turbo-3.1.1/simd/mips64/jcgryext-mmi.c
libjpeg-turbo-3.1.1/simd/mips64/jcsample-mmi.c
libjpeg-turbo-3.1.1/simd/mips64/jcsample.h
libjpeg-turbo-3.1.1/simd/mips64/jdcolext-mmi.c
libjpeg-turbo-3.1.1/simd/mips64/jdcolor-mmi.c
libjpeg-turbo-3.1.1/simd/mips64/jdmerge-mmi.c
libjpeg-turbo-3.1.1/simd/mips64/jdmrgext-mmi.c
libjpeg-turbo-3.1.1/simd/mips64/jdsample-mmi.c
libjpeg-turbo-3.1.1/simd/mips64/jfdctfst-mmi.c
libjpeg-turbo-3.1.1/simd/mips64/jfdctint-mmi.c
libjpeg-turbo-3.1.1/simd/mips64/jidctfst-mmi.c
libjpeg-turbo-3.1.1/simd/mips64/jidctint-mmi.c
libjpeg-turbo-3.1.1/simd/mips64/jquanti-mmi.c
libjpeg-turbo-3.1.1/simd/mips64/jsimd.c
libjpeg-turbo-3.1.1/simd/mips64/jsimd_mmi.h
libjpeg-turbo-3.1.1/simd/mips64/loongson-mmintrin.h
libjpeg-turbo-3.1.1/simd/nasm/
libjpeg-turbo-3.1.1/simd/nasm/jcolsamp.inc
libjpeg-turbo-3.1.1/simd/nasm/jdct.inc
libjpeg-turbo-3.1.1/simd/nasm/jsimdcfg.inc
libjpeg-turbo-3.1.1/simd/nasm/jsimdcfg.inc.h
libjpeg-turbo-3.1.1/simd/nasm/jsimdext.inc
libjpeg-turbo-3.1.1/simd/powerpc/
libjpeg-turbo-3.1.1/simd/powerpc/jccolext-altivec.c
libjpeg-turbo-3.1.1/simd/powerpc/jccolor-altivec.c
libjpeg-turbo-3.1.1/simd/powerpc/jcgray-altivec.c
libjpeg-turbo-3.1.1/simd/powerpc/jcgryext-altivec.c
libjpeg-turbo-3.1.1/simd/powerpc/jcsample-altivec.c
libjpeg-turbo-3.1.1/simd/powerpc/jcsample.h
libjpeg-turbo-3.1.1/simd/powerpc/jdcolext-altivec.c
libjpeg-turbo-3.1.1/simd/powerpc/jdcolor-altivec.c
libjpeg-turbo-3.1.1/simd/powerpc/jdmerge-altivec.c
libjpeg-turbo-3.1.1/simd/powerpc/jdmrgext-altivec.c
libjpeg-turbo-3.1.1/simd/powerpc/jdsample-altivec.c
libjpeg-turbo-3.1.1/simd/powerpc/jfdctfst-altivec.c
libjpeg-turbo-3.1.1/simd/powerpc/jfdctint-altivec.c
libjpeg-turbo-3.1.1/simd/powerpc/jidctfst-altivec.c
libjpeg-turbo-3.1.1/simd/powerpc/jidctint-altivec.c
libjpeg-turbo-3.1.1/simd/powerpc/jquanti-altivec.c
libjpeg-turbo-3.1.1/simd/powerpc/jsimd.c
libjpeg-turbo-3.1.1/simd/powerpc/jsimd_altivec.h
libjpeg-turbo-3.1.1/simd/x86_64/
libjpeg-turbo-3.1.1/simd/x86_64/jccolext-avx2.asm
libjpeg-turbo-3.1.1/simd/x86_64/jccolext-sse2.asm
libjpeg-turbo-3.1.1/simd/x86_64/jccolor-avx2.asm
libjpeg-turbo-3.1.1/simd/x86_64/jccolor-sse2.asm
libjpeg-turbo-3.1.1/simd/x86_64/jcgray-avx2.asm
libjpeg-turbo-3.1.1/simd/x86_64/jcgray-sse2.asm
libjpeg-turbo-3.1.1/simd/x86_64/jcgryext-avx2.asm
libjpeg-turbo-3.1.1/simd/x86_64/jcgryext-sse2.asm
libjpeg-turbo-3.1.1/simd/x86_64/jchuff-sse2.asm
libjpeg-turbo-3.1.1/simd/x86_64/jcphuff-sse2.asm
libjpeg-turbo-3.1.1/simd/x86_64/jcsample-avx2.asm
libjpeg-turbo-3.1.1/simd/x86_64/jcsample-sse2.asm
libjpeg-turbo-3.1.1/simd/x86_64/jdcolext-avx2.asm
libjpeg-turbo-3.1.1/simd/x86_64/jdcolext-sse2.asm
libjpeg-turbo-3.1.1/simd/x86_64/jdcolor-avx2.asm
libjpeg-turbo-3.1.1/simd/x86_64/jdcolor-sse2.asm
libjpeg-turbo-3.1.1/simd/x86_64/jdmerge-avx2.asm
libjpeg-turbo-3.1.1/simd/x86_64/jdmerge-sse2.asm
libjpeg-turbo-3.1.1/simd/x86_64/jdmrgext-avx2.asm
libjpeg-turbo-3.1.1/simd/x86_64/jdmrgext-sse2.asm
libjpeg-turbo-3.1.1/simd/x86_64/jdsample-avx2.asm
libjpeg-turbo-3.1.1/simd/x86_64/jdsample-sse2.asm
libjpeg-turbo-3.1.1/simd/x86_64/jfdctflt-sse.asm
libjpeg-turbo-3.1.1/simd/x86_64/jfdctfst-sse2.asm
libjpeg-turbo-3.1.1/simd/x86_64/jfdctint-avx2.asm
libjpeg-turbo-3.1.1/simd/x86_64/jfdctint-sse2.asm
libjpeg-turbo-3.1.1/simd/x86_64/jidctflt-sse2.asm
libjpeg-turbo-3.1.1/simd/x86_64/jidctfst-sse2.asm
libjpeg-turbo-3.1.1/simd/x86_64/jidctint-avx2.asm
libjpeg-turbo-3.1.1/simd/x86_64/jidctint-sse2.asm
libjpeg-turbo-3.1.1/simd/x86_64/jidctred-sse2.asm
libjpeg-turbo-3.1.1/simd/x86_64/jquantf-sse2.asm
libjpeg-turbo-3.1.1/simd/x86_64/jquanti-avx2.asm
libjpeg-turbo-3.1.1/simd/x86_64/jquanti-sse2.asm
libjpeg-turbo-3.1.1/simd/x86_64/jsimd.c
libjpeg-turbo-3.1.1/simd/x86_64/jsimdcpu.asm
libjpeg-turbo-3.1.1/src/
libjpeg-turbo-3.1.1/src/cderror.h
libjpeg-turbo-3.1.1/src/cdjpeg.c
libjpeg-turbo-3.1.1/src/cdjpeg.h
libjpeg-turbo-3.1.1/src/cjpeg.c
libjpeg-turbo-3.1.1/src/cmyk.h
libjpeg-turbo-3.1.1/src/djpeg.c
libjpeg-turbo-3.1.1/src/example.c
libjpeg-turbo-3.1.1/src/jaricom.c
libjpeg-turbo-3.1.1/src/jcapimin.c
libjpeg-turbo-3.1.1/src/jcapistd.c
libjpeg-turbo-3.1.1/src/jcarith.c
libjpeg-turbo-3.1.1/src/jccoefct.c
libjpeg-turbo-3.1.1/src/jccolext.c
libjpeg-turbo-3.1.1/src/jccolor.c
libjpeg-turbo-3.1.1/src/jcdctmgr.c
libjpeg-turbo-3.1.1/src/jcdiffct.c
libjpeg-turbo-3.1.1/src/jchuff.c
libjpeg-turbo-3.1.1/src/jchuff.h
libjpeg-turbo-3.1.1/src/jcicc.c
libjpeg-turbo-3.1.1/src/jcinit.c
libjpeg-turbo-3.1.1/src/jclhuff.c
libjpeg-turbo-3.1.1/src/jclossls.c
libjpeg-turbo-3.1.1/src/jcmainct.c
libjpeg-turbo-3.1.1/src/jcmarker.c
libjpeg-turbo-3.1.1/src/jcmaster.c
libjpeg-turbo-3.1.1/src/jcmaster.h
libjpeg-turbo-3.1.1/src/jcomapi.c
libjpeg-turbo-3.1.1/src/jconfig.h.in
libjpeg-turbo-3.1.1/src/jconfig.txt
libjpeg-turbo-3.1.1/src/jconfigint.h.in
libjpeg-turbo-3.1.1/src/jcparam.c
libjpeg-turbo-3.1.1/src/jcphuff.c
libjpeg-turbo-3.1.1/src/jcprepct.c
libjpeg-turbo-3.1.1/src/jcsample.c
libjpeg-turbo-3.1.1/src/jcstest.c
libjpeg-turbo-3.1.1/src/jctrans.c
libjpeg-turbo-3.1.1/src/jdapimin.c
libjpeg-turbo-3.1.1/src/jdapistd.c
libjpeg-turbo-3.1.1/src/jdarith.c
libjpeg-turbo-3.1.1/src/jdatadst-tj.c
libjpeg-turbo-3.1.1/src/jdatadst.c
libjpeg-turbo-3.1.1/src/jdatasrc-tj.c
libjpeg-turbo-3.1.1/src/jdatasrc.c
libjpeg-turbo-3.1.1/src/jdcoefct.c
libjpeg-turbo-3.1.1/src/jdcoefct.h
libjpeg-turbo-3.1.1/src/jdcol565.c
libjpeg-turbo-3.1.1/src/jdcolext.c
libjpeg-turbo-3.1.1/src/jdcolor.c
libjpeg-turbo-3.1.1/src/jdct.h
libjpeg-turbo-3.1.1/src/jddctmgr.c
libjpeg-turbo-3.1.1/src/jddiffct.c
libjpeg-turbo-3.1.1/src/jdhuff.c
libjpeg-turbo-3.1.1/src/jdhuff.h
libjpeg-turbo-3.1.1/src/jdicc.c
libjpeg-turbo-3.1.1/src/jdinput.c
libjpeg-turbo-3.1.1/src/jdlhuff.c
libjpeg-turbo-3.1.1/src/jdlossls.c
libjpeg-turbo-3.1.1/src/jdmainct.c
libjpeg-turbo-3.1.1/src/jdmainct.h
libjpeg-turbo-3.1.1/src/jdmarker.c
libjpeg-turbo-3.1.1/src/jdmaster.c
libjpeg-turbo-3.1.1/src/jdmaster.h
libjpeg-turbo-3.1.1/src/jdmerge.c
libjpeg-turbo-3.1.1/src/jdmerge.h
libjpeg-turbo-3.1.1/src/jdmrg565.c
libjpeg-turbo-3.1.1/src/jdmrgext.c
libjpeg-turbo-3.1.1/src/jdphuff.c
libjpeg-turbo-3.1.1/src/jdpostct.c
libjpeg-turbo-3.1.1/src/jdsample.c
libjpeg-turbo-3.1.1/src/jdsample.h
libjpeg-turbo-3.1.1/src/jdtrans.c
libjpeg-turbo-3.1.1/src/jerror.c
libjpeg-turbo-3.1.1/src/jerror.h
libjpeg-turbo-3.1.1/src/jfdctflt.c
libjpeg-turbo-3.1.1/src/jfdctfst.c
libjpeg-turbo-3.1.1/src/jfdctint.c
libjpeg-turbo-3.1.1/src/jidctflt.c
libjpeg-turbo-3.1.1/src/jidctfst.c
libjpeg-turbo-3.1.1/src/jidctint.c
libjpeg-turbo-3.1.1/src/jidctred.c
libjpeg-turbo-3.1.1/src/jinclude.h
libjpeg-turbo-3.1.1/src/jlossls.h
libjpeg-turbo-3.1.1/src/jmemmgr.c
libjpeg-turbo-3.1.1/src/jmemnobs.c
libjpeg-turbo-3.1.1/src/jmemsys.h
libjpeg-turbo-3.1.1/src/jmorecfg.h
libjpeg-turbo-3.1.1/src/jpeg_nbits.c
libjpeg-turbo-3.1.1/src/jpeg_nbits.h
libjpeg-turbo-3.1.1/src/jpegapicomp.h
libjpeg-turbo-3.1.1/src/jpegint.h
libjpeg-turbo-3.1.1/src/jpeglib.h
libjpeg-turbo-3.1.1/src/jpegtran.c
libjpeg-turbo-3.1.1/src/jquant1.c
libjpeg-turbo-3.1.1/src/jquant2.c
libjpeg-turbo-3.1.1/src/jsamplecomp.h
libjpeg-turbo-3.1.1/src/jsimd.h
libjpeg-turbo-3.1.1/src/jsimddct.h
libjpeg-turbo-3.1.1/src/jstdhuff.c
libjpeg-turbo-3.1.1/src/jutils.c
libjpeg-turbo-3.1.1/src/jversion.h.in
libjpeg-turbo-3.1.1/src/libjpeg.map.in
libjpeg-turbo-3.1.1/src/md5/
libjpeg-turbo-3.1.1/src/md5/CMakeLists.txt
libjpeg-turbo-3.1.1/src/md5/md5.c
libjpeg-turbo-3.1.1/src/md5/md5.h
libjpeg-turbo-3.1.1/src/md5/md5cmp.c
libjpeg-turbo-3.1.1/src/md5/md5hl.c
libjpeg-turbo-3.1.1/src/md5/md5sum.c
libjpeg-turbo-3.1.1/src/rdbmp.c
libjpeg-turbo-3.1.1/src/rdcolmap.c
libjpeg-turbo-3.1.1/src/rdgif.c
libjpeg-turbo-3.1.1/src/rdjpgcom.c
libjpeg-turbo-3.1.1/src/rdppm.c
libjpeg-turbo-3.1.1/src/rdswitch.c
libjpeg-turbo-3.1.1/src/rdtarga.c
libjpeg-turbo-3.1.1/src/strtest.c
libjpeg-turbo-3.1.1/src/tjbench.c
libjpeg-turbo-3.1.1/src/tjcomp.c
libjpeg-turbo-3.1.1/src/tjdecomp.c
libjpeg-turbo-3.1.1/src/tjtran.c
libjpeg-turbo-3.1.1/src/tjunittest.c
libjpeg-turbo-3.1.1/src/tjutil.c
libjpeg-turbo-3.1.1/src/tjutil.h
libjpeg-turbo-3.1.1/src/transupp.c
libjpeg-turbo-3.1.1/src/transupp.h
libjpeg-turbo-3.1.1/src/turbojpeg-mapfile
libjpeg-turbo-3.1.1/src/turbojpeg-mapfile.jni
libjpeg-turbo-3.1.1/src/turbojpeg-mp.c
libjpeg-turbo-3.1.1/src/turbojpeg.c
libjpeg-turbo-3.1.1/src/turbojpeg.h
libjpeg-turbo-3.1.1/src/wrbmp.c
libjpeg-turbo-3.1.1/src/wrgif.c
libjpeg-turbo-3.1.1/src/wrjpgcom.c
libjpeg-turbo-3.1.1/src/wrppm.c
libjpeg-turbo-3.1.1/src/wrtarga.c
libjpeg-turbo-3.1.1/test/
libjpeg-turbo-3.1.1/test/croptest.in
libjpeg-turbo-3.1.1/test/tjbenchtest.in
libjpeg-turbo-3.1.1/test/tjcomptest.in
libjpeg-turbo-3.1.1/test/tjdecomptest.in
libjpeg-turbo-3.1.1/test/tjtrantest.in
libjpeg-turbo-3.1.1/testimages/
libjpeg-turbo-3.1.1/testimages/monkey16.pgm
libjpeg-turbo-3.1.1/testimages/monkey16.ppm
libjpeg-turbo-3.1.1/testimages/shira_bird8.bmp
libjpeg-turbo-3.1.1/testimages/test.scan
libjpeg-turbo-3.1.1/testimages/test1.icc
libjpeg-turbo-3.1.1/testimages/test1.icc.txt
libjpeg-turbo-3.1.1/testimages/test3.icc
libjpeg-turbo-3.1.1/testimages/test3.icc.txt
libjpeg-turbo-3.1.1/testimages/testimgari.jpg
libjpeg-turbo-3.1.1/testimages/testimgint.jpg
libjpeg-turbo-3.1.1/testimages/testorig.jpg
libjpeg-turbo-3.1.1/testimages/testorig.pgm
libjpeg-turbo-3.1.1/testimages/testorig.ppm
libjpeg-turbo-3.1.1/testimages/testorig12.jpg
libjpeg-turbo-3.1.1/testimages/vgl_5674_0098.bmp
libjpeg-turbo-3.1.1/testimages/vgl_6434_0018a.bmp
libjpeg-turbo-3.1.1/testimages/vgl_6548_0026a.bmp
libjpeg-turbo-3.1.1/win/
libjpeg-turbo-3.1.1/win/gcc/
libjpeg-turbo-3.1.1/win/gcc/projectTargets-release.cmake.in
libjpeg-turbo-3.1.1/win/jpeg.rc.in
libjpeg-turbo-3.1.1/win/jpeg62.def
libjpeg-turbo-3.1.1/win/jpeg7.def
libjpeg-turbo-3.1.1/win/jpeg8.def
libjpeg-turbo-3.1.1/win/projectTargets.cmake.in
libjpeg-turbo-3.1.1/win/turbojpeg.rc.in
libjpeg-turbo-3.1.1/win/vc/
libjpeg-turbo-3.1.1/win/vc/projectTargets-release.cmake.in
-- The C compiler identification is GNU 14.2.0
-- Detecting C compiler ABI info
-- Detecting C compiler ABI info - done
-- Check for working C compiler: /usr/bin/cc - skipped
-- Detecting C compile features
-- Detecting C compile features - done
-- CMAKE_BUILD_TYPE = RELEASE
-- VERSION = 3.1.1, BUILD = 20250611
-- 64-bit build (x86_64)
-- CMAKE_INSTALL_PREFIX = /usr
-- CMAKE_INSTALL_BINDIR = bin (/usr/bin)
-- CMAKE_INSTALL_DATAROOTDIR = share (/usr/share)
-- CMAKE_INSTALL_DOCDIR = share/doc/libjpeg-turbo (/usr/share/doc/libjpeg-turbo)
-- CMAKE_INSTALL_INCLUDEDIR = include (/usr/include)
-- CMAKE_INSTALL_LIBDIR = lib (/usr/lib)
-- CMAKE_INSTALL_MANDIR = share/man (/usr/share/man)
-- Shared libraries enabled (ENABLE_SHARED = 1)
-- Static libraries disabled (ENABLE_STATIC = 0)
-- Arithmetic decoding support enabled (WITH_ARITH_DEC = 1)
-- Arithmetic encoding support enabled (WITH_ARITH_ENC = 1)
-- TurboJPEG API library enabled (WITH_TURBOJPEG = 1)
-- TurboJPEG Java wrapper disabled (WITH_JAVA = 0)
-- Emulating libjpeg API/ABI v6.2 (WITH_JPEG7 = 0, WITH_JPEG8 = 0)
-- libjpeg API shared library version = 62.4.0
-- Compiler flags = -O2 -O3 -DNDEBUG
-- Linker flags =  
-- Looking for sys/types.h
-- Looking for sys/types.h - found
-- Looking for stdint.h
-- Looking for stdint.h - found
-- Looking for stddef.h
-- Looking for stddef.h - found
-- Check size of size_t
-- Check size of size_t - done
-- Check size of unsigned long
-- Check size of unsigned long - done
-- Performing Test HAVE_BUILTIN_CTZL
-- Performing Test HAVE_BUILTIN_CTZL - Success
-- Performing Test RIGHT_SHIFT_IS_UNSIGNED
-- Performing Test RIGHT_SHIFT_IS_UNSIGNED - Failed
-- Performing Test HIDDEN_WORKS
-- Performing Test HIDDEN_WORKS - Success
-- HIDDEN = __attribute__((visibility("hidden")))
-- Performing Test INLINE_WORKS
-- Performing Test INLINE_WORKS - Success
-- INLINE = __inline__ __attribute__((always_inline)) (FORCE_INLINE = 1)
-- Performing Test HAVE_THREAD_LOCAL
-- Performing Test HAVE_THREAD_LOCAL - Success
-- THREAD_LOCAL = __thread
-- Performing Test HAVE_VERSION_SCRIPT
-- Performing Test HAVE_VERSION_SCRIPT - Success
-- Linker supports GNU-style version scripts
-- CMAKE_EXECUTABLE_SUFFIX = 
-- Looking for a ASM_NASM compiler
-- Looking for a ASM_NASM compiler - /usr/bin/nasm
-- The ASM_NASM compiler identification is NASM
-- Found assembler: /usr/bin/nasm
-- CMAKE_ASM_NASM_COMPILER = /usr/bin/nasm
-- CMAKE_ASM_NASM_OBJECT_FORMAT = elf64
-- Performing Test HAVE_CET
-- Performing Test HAVE_CET - Failed
-- CMAKE_ASM_NASM_FLAGS =  -DELF -D__x86_64__ -DPIC 
-- SIMD extensions: x86_64 (WITH_SIMD = 1)
-- FLOATTEST8 = sse
-- FLOATTEST12 = no-fp-contract
-- RPM architecture = x86_64, DEB architecture = amd64
-- Configuring done (0.6s)
-- Generating done (0.0s)
-- Build files have been written to: /blfs/builds/libjpeg-turbo-3.1.1/build
[  0%] Building C object sharedlib/CMakeFiles/cjpeg12.dir/__/src/rdppm.c.o
[  0%] Building C object CMakeFiles/wrjpgcom.dir/src/wrjpgcom.c.o
[  1%] Building C object CMakeFiles/jpeg12.dir/src/jcapistd.c.o
[  1%] Building C object CMakeFiles/rdjpgcom.dir/src/rdjpgcom.c.o
[  1%] Building C object CMakeFiles/jpeg12.dir/src/jccolor.c.o
[  1%] Building C object sharedlib/CMakeFiles/cjpeg16.dir/__/src/rdppm.c.o
[  2%] Building C object CMakeFiles/jpeg12.dir/src/jcdiffct.c.o
[  3%] Building C object CMakeFiles/strtest.dir/src/strtest.c.o
[  3%] Building C object sharedlib/CMakeFiles/djpeg12.dir/__/src/rdcolmap.c.o
[  3%] Building C object CMakeFiles/turbojpeg16.dir/src/rdppm.c.o
[  3%] Building C object src/md5/CMakeFiles/md5cmp.dir/md5cmp.c.o
[  5%] Building C object CMakeFiles/turbojpeg12.dir/src/rdppm.c.o
[  5%] Building C object CMakeFiles/jpeg16.dir/src/jcapistd.c.o
[  5%] Building ASM_NASM object simd/CMakeFiles/simd.dir/x86_64/jsimdcpu.asm.o
[  6%] Building C object src/md5/CMakeFiles/md5sum.dir/md5sum.c.o
[  6%] Building C object sharedlib/CMakeFiles/djpeg16.dir/__/src/wrppm.c.o
[  6%] Building ASM_NASM object simd/CMakeFiles/simd.dir/x86_64/jfdctflt-sse.asm.o
[  7%] Building ASM_NASM object simd/CMakeFiles/simd.dir/x86_64/jccolor-sse2.asm.o
[  8%] Building C object src/md5/CMakeFiles/md5cmp.dir/md5.c.o
[  8%] Building ASM_NASM object simd/CMakeFiles/simd.dir/x86_64/jcgray-sse2.asm.o
[  8%] Building C object src/md5/CMakeFiles/md5sum.dir/md5.c.o
[  8%] Building C object CMakeFiles/jpeg16.dir/src/jccolor.c.o
[  9%] Building ASM_NASM object simd/CMakeFiles/simd.dir/x86_64/jchuff-sse2.asm.o
[  9%] Linking C executable strtest
[  9%] Building ASM_NASM object simd/CMakeFiles/simd.dir/x86_64/jcphuff-sse2.asm.o
[ 10%] Building C object sharedlib/CMakeFiles/djpeg12.dir/__/src/wrgif.c.o
[ 10%] Building C object CMakeFiles/jpeg12.dir/src/jclossls.c.o
[ 10%] Building ASM_NASM object simd/CMakeFiles/simd.dir/x86_64/jcsample-sse2.asm.o
[ 10%] Built target strtest
[ 11%] Building ASM_NASM object simd/CMakeFiles/simd.dir/x86_64/jdcolor-sse2.asm.o
[ 11%] Building C object src/md5/CMakeFiles/md5cmp.dir/md5hl.c.o
[ 12%] Linking C executable wrjpgcom
[ 13%] Building C object CMakeFiles/turbojpeg16.dir/src/wrppm.c.o
[ 13%] Building ASM_NASM object simd/CMakeFiles/simd.dir/x86_64/jdmerge-sse2.asm.o
[ 13%] Built target wrjpgcom
[ 14%] Linking C executable rdjpgcom
[ 14%] Built target djpeg16
[ 15%] Building C object src/md5/CMakeFiles/md5sum.dir/md5hl.c.o
[ 15%] Building C object CMakeFiles/turbojpeg12.dir/src/wrppm.c.o
[ 15%] Building C object CMakeFiles/jpeg12.dir/src/jcmainct.c.o
[ 16%] Building ASM_NASM object simd/CMakeFiles/simd.dir/x86_64/jdsample-sse2.asm.o
[ 16%] Built target rdjpgcom
[ 16%] Building C object sharedlib/CMakeFiles/djpeg12.dir/__/src/wrppm.c.o
[ 17%] Building C object CMakeFiles/jpeg12.dir/src/jcprepct.c.o
[ 17%] Linking C executable ../../test/md5cmp
[ 17%] Building ASM_NASM object simd/CMakeFiles/simd.dir/x86_64/jfdctfst-sse2.asm.o
[ 17%] Building ASM_NASM object simd/CMakeFiles/simd.dir/x86_64/jfdctint-sse2.asm.o
[ 18%] Building ASM_NASM object simd/CMakeFiles/simd.dir/x86_64/jidctflt-sse2.asm.o
[ 18%] Building ASM_NASM object simd/CMakeFiles/simd.dir/x86_64/jidctfst-sse2.asm.o
[ 18%] Built target md5cmp
[ 19%] Building C object CMakeFiles/jpeg16.dir/src/jclossls.c.o
[ 19%] Building C object CMakeFiles/jpeg16.dir/src/jcdiffct.c.o
[ 19%] Building ASM_NASM object simd/CMakeFiles/simd.dir/x86_64/jidctint-sse2.asm.o
[ 20%] Linking C executable ../../test/md5sum
[ 20%] Building ASM_NASM object simd/CMakeFiles/simd.dir/x86_64/jidctred-sse2.asm.o
[ 20%] Building ASM_NASM object simd/CMakeFiles/simd.dir/x86_64/jquantf-sse2.asm.o
[ 21%] Building ASM_NASM object simd/CMakeFiles/simd.dir/x86_64/jquanti-sse2.asm.o
[ 21%] Building ASM_NASM object simd/CMakeFiles/simd.dir/x86_64/jccolor-avx2.asm.o
[ 21%] Building ASM_NASM object simd/CMakeFiles/simd.dir/x86_64/jcgray-avx2.asm.o
[ 22%] Building ASM_NASM object simd/CMakeFiles/simd.dir/x86_64/jcsample-avx2.asm.o
[ 22%] Building ASM_NASM object simd/CMakeFiles/simd.dir/x86_64/jdcolor-avx2.asm.o
[ 22%] Built target md5sum
[ 22%] Building ASM_NASM object simd/CMakeFiles/simd.dir/x86_64/jdmerge-avx2.asm.o
[ 22%] Building C object CMakeFiles/jpeg12.dir/src/jcsample.c.o
[ 23%] Building C object CMakeFiles/jpeg12.dir/src/jdapistd.c.o
[ 24%] Building ASM_NASM object simd/CMakeFiles/simd.dir/x86_64/jdsample-avx2.asm.o
[ 24%] Building C object CMakeFiles/jpeg12.dir/src/jdcolor.c.o
[ 24%] Built target djpeg12
[ 24%] Building ASM_NASM object simd/CMakeFiles/simd.dir/x86_64/jfdctint-avx2.asm.o
[ 25%] Building ASM_NASM object simd/CMakeFiles/simd.dir/x86_64/jidctint-avx2.asm.o
[ 26%] Building C object CMakeFiles/jpeg12.dir/src/jdlossls.c.o
[ 26%] Building ASM_NASM object simd/CMakeFiles/simd.dir/x86_64/jquanti-avx2.asm.o
[ 26%] Building C object CMakeFiles/jpeg12.dir/src/jddiffct.c.o
[ 26%] Building C object CMakeFiles/jpeg12.dir/src/jdmainct.c.o
[ 26%] Building C object CMakeFiles/jpeg16.dir/src/jcmainct.c.o
[ 26%] Building C object simd/CMakeFiles/simd.dir/x86_64/jsimd.c.o
[ 26%] Building C object CMakeFiles/jpeg16.dir/src/jcprepct.c.o
[ 26%] Building C object CMakeFiles/jpeg12.dir/src/jdpostct.c.o
[ 27%] Building C object CMakeFiles/jpeg16.dir/src/jcsample.c.o
[ 28%] Building C object CMakeFiles/jpeg12.dir/src/jdsample.c.o
[ 28%] Building C object CMakeFiles/jpeg16.dir/src/jdapistd.c.o
[ 28%] Built target turbojpeg12
[ 28%] Building C object CMakeFiles/jpeg12.dir/src/jutils.c.o
[ 29%] Building C object CMakeFiles/jpeg12.dir/src/jccoefct.c.o
[ 29%] Built target cjpeg16
[ 29%] Building C object CMakeFiles/jpeg12.dir/src/jcdctmgr.c.o
[ 29%] Built target turbojpeg16
[ 29%] Building C object CMakeFiles/jpeg12.dir/src/jdcoefct.c.o
[ 29%] Built target cjpeg12
[ 30%] Building C object CMakeFiles/jpeg12.dir/src/jddctmgr.c.o
[ 30%] Building C object CMakeFiles/jpeg12.dir/src/jdmerge.c.o
[ 30%] Building C object CMakeFiles/jpeg12.dir/src/jfdctfst.c.o
[ 31%] Building C object CMakeFiles/jpeg12.dir/src/jfdctint.c.o
[ 31%] Building C object CMakeFiles/jpeg12.dir/src/jidctflt.c.o
[ 32%] Building C object CMakeFiles/jpeg12.dir/src/jidctfst.c.o
[ 33%] Building C object CMakeFiles/jpeg16.dir/src/jdcolor.c.o
[ 33%] Building C object CMakeFiles/jpeg12.dir/src/jidctint.c.o
[ 33%] Built target simd
[ 33%] Building C object CMakeFiles/jpeg16.dir/src/jddiffct.c.o
[ 33%] Building C object CMakeFiles/jpeg12.dir/src/jidctred.c.o
[ 34%] Building C object CMakeFiles/jpeg12.dir/src/jquant1.c.o
[ 34%] Building C object CMakeFiles/jpeg12.dir/src/jquant2.c.o
[ 34%] Building C object CMakeFiles/jpeg16.dir/src/jdlossls.c.o
[ 35%] Building C object CMakeFiles/jpeg16.dir/src/jdmainct.c.o
[ 35%] Building C object CMakeFiles/jpeg16.dir/src/jdpostct.c.o
[ 36%] Building C object CMakeFiles/jpeg16.dir/src/jdsample.c.o
[ 36%] Building C object CMakeFiles/jpeg16.dir/src/jutils.c.o
[ 36%] Built target jpeg16
[ 36%] Built target jpeg12
[ 38%] Building C object sharedlib/CMakeFiles/jpeg.dir/__/src/jcprepct.c.o
[ 38%] Building C object CMakeFiles/turbojpeg.dir/src/jclossls.c.o
[ 38%] Building C object sharedlib/CMakeFiles/jpeg.dir/__/src/jcmainct.c.o
[ 38%] Building C object CMakeFiles/turbojpeg.dir/src/jcdiffct.c.o
[ 38%] Building C object sharedlib/CMakeFiles/jpeg.dir/__/src/jcapistd.c.o
[ 39%] Building C object sharedlib/CMakeFiles/jpeg.dir/__/src/jcdiffct.c.o
[ 39%] Building C object sharedlib/CMakeFiles/jpeg.dir/__/src/jccolor.c.o
[ 39%] Building C object CMakeFiles/turbojpeg.dir/src/jcapistd.c.o
[ 39%] Building C object sharedlib/CMakeFiles/jpeg.dir/__/src/jclossls.c.o
[ 39%] Building C object CMakeFiles/turbojpeg.dir/src/jccolor.c.o
[ 40%] Building C object sharedlib/CMakeFiles/jpeg.dir/__/src/jcsample.c.o
[ 40%] Building C object CMakeFiles/turbojpeg.dir/src/jcmainct.c.o
[ 41%] Building C object CMakeFiles/turbojpeg.dir/src/jcprepct.c.o
[ 41%] Building C object sharedlib/CMakeFiles/jpeg.dir/__/src/jdapistd.c.o
[ 41%] Building C object sharedlib/CMakeFiles/jpeg.dir/__/src/jdcolor.c.o
[ 41%] Building C object CMakeFiles/turbojpeg.dir/src/jcsample.c.o
[ 42%] Building C object sharedlib/CMakeFiles/jpeg.dir/__/src/jddiffct.c.o
[ 43%] Building C object sharedlib/CMakeFiles/jpeg.dir/__/src/jdlossls.c.o
[ 43%] Building C object CMakeFiles/turbojpeg.dir/src/jdapistd.c.o
[ 43%] Building C object CMakeFiles/turbojpeg.dir/src/jdcolor.c.o
[ 43%] Building C object CMakeFiles/turbojpeg.dir/src/jddiffct.c.o
[ 44%] Building C object sharedlib/CMakeFiles/jpeg.dir/__/src/jdmainct.c.o
[ 44%] Building C object CMakeFiles/turbojpeg.dir/src/jdlossls.c.o
[ 44%] Building C object CMakeFiles/turbojpeg.dir/src/jdmainct.c.o
[ 45%] Building C object sharedlib/CMakeFiles/jpeg.dir/__/src/jdpostct.c.o
[ 45%] Building C object sharedlib/CMakeFiles/jpeg.dir/__/src/jdsample.c.o
[ 46%] Building C object sharedlib/CMakeFiles/jpeg.dir/__/src/jutils.c.o
[ 47%] Building C object CMakeFiles/turbojpeg.dir/src/jdpostct.c.o
[ 47%] Building C object sharedlib/CMakeFiles/jpeg.dir/__/src/jcdctmgr.c.o
[ 47%] Building C object sharedlib/CMakeFiles/jpeg.dir/__/src/jccoefct.c.o
[ 48%] Building C object sharedlib/CMakeFiles/jpeg.dir/__/src/jdcoefct.c.o
[ 48%] Building C object sharedlib/CMakeFiles/jpeg.dir/__/src/jddctmgr.c.o
[ 49%] Building C object sharedlib/CMakeFiles/jpeg.dir/__/src/jdmerge.c.o
[ 49%] Building C object CMakeFiles/turbojpeg.dir/src/jdsample.c.o
[ 49%] Building C object CMakeFiles/turbojpeg.dir/src/jutils.c.o
[ 50%] Building C object CMakeFiles/turbojpeg.dir/src/jccoefct.c.o
[ 50%] Building C object CMakeFiles/turbojpeg.dir/src/jcdctmgr.c.o
[ 50%] Building C object CMakeFiles/turbojpeg.dir/src/jdcoefct.c.o
[ 51%] Building C object CMakeFiles/turbojpeg.dir/src/jddctmgr.c.o
[ 51%] Building C object CMakeFiles/turbojpeg.dir/src/jdmerge.c.o
[ 51%] Building C object sharedlib/CMakeFiles/jpeg.dir/__/src/jfdctfst.c.o
[ 51%] Building C object sharedlib/CMakeFiles/jpeg.dir/__/src/jfdctint.c.o
[ 52%] Building C object sharedlib/CMakeFiles/jpeg.dir/__/src/jidctflt.c.o
[ 52%] Building C object sharedlib/CMakeFiles/jpeg.dir/__/src/jidctfst.c.o
[ 52%] Building C object sharedlib/CMakeFiles/jpeg.dir/__/src/jidctint.c.o
[ 53%] Building C object CMakeFiles/turbojpeg.dir/src/jfdctfst.c.o
[ 53%] Building C object CMakeFiles/turbojpeg.dir/src/jfdctint.c.o
[ 54%] Building C object sharedlib/CMakeFiles/jpeg.dir/__/src/jidctred.c.o
[ 54%] Building C object CMakeFiles/turbojpeg.dir/src/jidctflt.c.o
[ 54%] Building C object sharedlib/CMakeFiles/jpeg.dir/__/src/jquant1.c.o
[ 55%] Building C object sharedlib/CMakeFiles/jpeg.dir/__/src/jquant2.c.o
[ 55%] Building C object sharedlib/CMakeFiles/jpeg.dir/__/src/jcapimin.c.o
[ 55%] Building C object CMakeFiles/turbojpeg.dir/src/jidctint.c.o
[ 56%] Building C object CMakeFiles/turbojpeg.dir/src/jidctfst.c.o
[ 56%] Building C object CMakeFiles/turbojpeg.dir/src/jidctred.c.o
[ 56%] Building C object sharedlib/CMakeFiles/jpeg.dir/__/src/jchuff.c.o
[ 57%] Building C object sharedlib/CMakeFiles/jpeg.dir/__/src/jcicc.c.o
[ 58%] Building C object CMakeFiles/turbojpeg.dir/src/jquant1.c.o
[ 58%] Building C object CMakeFiles/turbojpeg.dir/src/jquant2.c.o
[ 59%] Building C object CMakeFiles/turbojpeg.dir/src/jcapimin.c.o
[ 59%] Building C object sharedlib/CMakeFiles/jpeg.dir/__/src/jcinit.c.o
[ 59%] Building C object CMakeFiles/turbojpeg.dir/src/jchuff.c.o
[ 59%] Building C object sharedlib/CMakeFiles/jpeg.dir/__/src/jclhuff.c.o
[ 60%] Building C object sharedlib/CMakeFiles/jpeg.dir/__/src/jcmarker.c.o
[ 60%] Building C object CMakeFiles/turbojpeg.dir/src/jcicc.c.o
[ 61%] Building C object CMakeFiles/turbojpeg.dir/src/jcinit.c.o
[ 61%] Building C object CMakeFiles/turbojpeg.dir/src/jclhuff.c.o
[ 62%] Building C object CMakeFiles/turbojpeg.dir/src/jcmarker.c.o
[ 62%] Building C object CMakeFiles/turbojpeg.dir/src/jcmaster.c.o
[ 62%] Building C object sharedlib/CMakeFiles/jpeg.dir/__/src/jcmaster.c.o
[ 63%] Building C object sharedlib/CMakeFiles/jpeg.dir/__/src/jcomapi.c.o
[ 63%] Building C object CMakeFiles/turbojpeg.dir/src/jcomapi.c.o
[ 63%] Building C object sharedlib/CMakeFiles/jpeg.dir/__/src/jcparam.c.o
[ 64%] Building C object CMakeFiles/turbojpeg.dir/src/jcparam.c.o
[ 64%] Building C object sharedlib/CMakeFiles/jpeg.dir/__/src/jcphuff.c.o
[ 64%] Building C object CMakeFiles/turbojpeg.dir/src/jcphuff.c.o
[ 65%] Building C object CMakeFiles/turbojpeg.dir/src/jdapimin.c.o
[ 65%] Building C object CMakeFiles/turbojpeg.dir/src/jctrans.c.o
[ 66%] Building C object sharedlib/CMakeFiles/jpeg.dir/__/src/jctrans.c.o
[ 66%] Building C object CMakeFiles/turbojpeg.dir/src/jdatadst.c.o
[ 66%] Building C object sharedlib/CMakeFiles/jpeg.dir/__/src/jdapimin.c.o
[ 67%] Building C object sharedlib/CMakeFiles/jpeg.dir/__/src/jdatadst.c.o
[ 67%] Building C object sharedlib/CMakeFiles/jpeg.dir/__/src/jdatasrc.c.o
[ 68%] Building C object CMakeFiles/turbojpeg.dir/src/jdatasrc.c.o
[ 68%] Building C object CMakeFiles/turbojpeg.dir/src/jdhuff.c.o
[ 68%] Building C object CMakeFiles/turbojpeg.dir/src/jdicc.c.o
[ 69%] Building C object CMakeFiles/turbojpeg.dir/src/jdinput.c.o
[ 69%] Building C object sharedlib/CMakeFiles/jpeg.dir/__/src/jdhuff.c.o
[ 70%] Building C object CMakeFiles/turbojpeg.dir/src/jdmarker.c.o
[ 70%] Building C object CMakeFiles/turbojpeg.dir/src/jdlhuff.c.o
[ 70%] Building C object CMakeFiles/turbojpeg.dir/src/jdmaster.c.o
[ 70%] Building C object CMakeFiles/turbojpeg.dir/src/jdphuff.c.o
[ 72%] Building C object sharedlib/CMakeFiles/jpeg.dir/__/src/jdicc.c.o
[ 72%] Building C object CMakeFiles/turbojpeg.dir/src/jdtrans.c.o
[ 72%] Building C object sharedlib/CMakeFiles/jpeg.dir/__/src/jdinput.c.o
[ 72%] Building C object sharedlib/CMakeFiles/jpeg.dir/__/src/jdlhuff.c.o
[ 73%] Building C object sharedlib/CMakeFiles/jpeg.dir/__/src/jdmarker.c.o
[ 73%] Building C object CMakeFiles/turbojpeg.dir/src/jerror.c.o
[ 73%] Building C object CMakeFiles/turbojpeg.dir/src/jfdctflt.c.o
[ 73%] Building C object sharedlib/CMakeFiles/jpeg.dir/__/src/jdmaster.c.o
[ 74%] Building C object sharedlib/CMakeFiles/jpeg.dir/__/src/jdphuff.c.o
[ 75%] Building C object CMakeFiles/turbojpeg.dir/src/jmemmgr.c.o
[ 75%] Building C object CMakeFiles/turbojpeg.dir/src/jmemnobs.c.o
[ 76%] Building C object CMakeFiles/turbojpeg.dir/src/jpeg_nbits.c.o
[ 76%] Building C object CMakeFiles/turbojpeg.dir/src/jaricom.c.o
[ 76%] Building C object CMakeFiles/turbojpeg.dir/src/jcarith.c.o
[ 76%] Building C object sharedlib/CMakeFiles/jpeg.dir/__/src/jdtrans.c.o
[ 77%] Building C object CMakeFiles/turbojpeg.dir/src/jdarith.c.o
[ 77%] Building C object CMakeFiles/turbojpeg.dir/src/turbojpeg.c.o
[ 77%] Building C object sharedlib/CMakeFiles/jpeg.dir/__/src/jerror.c.o
[ 78%] Building C object CMakeFiles/turbojpeg.dir/src/transupp.c.o
[ 79%] Building C object sharedlib/CMakeFiles/jpeg.dir/__/src/jfdctflt.c.o
[ 79%] Building C object sharedlib/CMakeFiles/jpeg.dir/__/src/jmemmgr.c.o
[ 80%] Building C object sharedlib/CMakeFiles/jpeg.dir/__/src/jmemnobs.c.o
[ 80%] Building C object CMakeFiles/turbojpeg.dir/src/jdatadst-tj.c.o
[ 80%] Building C object sharedlib/CMakeFiles/jpeg.dir/__/src/jpeg_nbits.c.o
[ 80%] Building C object sharedlib/CMakeFiles/jpeg.dir/__/src/jaricom.c.o
[ 81%] Building C object sharedlib/CMakeFiles/jpeg.dir/__/src/jcarith.c.o
[ 81%] Building C object CMakeFiles/turbojpeg.dir/src/jdatasrc-tj.c.o
[ 81%] Building C object sharedlib/CMakeFiles/jpeg.dir/__/src/jdarith.c.o
[ 82%] Building C object CMakeFiles/turbojpeg.dir/src/rdbmp.c.o
[ 82%] Building C object CMakeFiles/turbojpeg.dir/src/rdppm.c.o
[ 83%] Building C object CMakeFiles/turbojpeg.dir/src/wrppm.c.o
[ 83%] Building C object CMakeFiles/turbojpeg.dir/src/wrbmp.c.o
/blfs/builds/libjpeg-turbo-3.1.1/src/jchuff.c: In function 'jpeg_gen_optimal_table':
/blfs/builds/libjpeg-turbo-3.1.1/src/jchuff.c:1046:22: warning: writing 1 byte into a region of size 0 [-Wstringop-overflow=]
 1046 |     bits[codesize[i]]++;
      |     ~~~~~~~~~~~~~~~~~^~
/blfs/builds/libjpeg-turbo-3.1.1/src/jchuff.c:949:9: note: at offset 33 into destination object 'bits' of size 33
  949 |   UINT8 bits[MAX_CLEN + 1];     /* bits[k] = # of symbols with code length k */
      |         ^~~~
[ 83%] Linking C shared library ../libjpeg.so
/blfs/builds/libjpeg-turbo-3.1.1/src/jchuff.c: In function 'jpeg_gen_optimal_table':
/blfs/builds/libjpeg-turbo-3.1.1/src/jchuff.c:1046:22: warning: writing 1 byte into a region of size 0 [-Wstringop-overflow=]
 1046 |     bits[codesize[i]]++;
      |     ~~~~~~~~~~~~~~~~~^~
/blfs/builds/libjpeg-turbo-3.1.1/src/jchuff.c:949:9: note: at offset 33 into destination object 'bits' of size 33
  949 |   UINT8 bits[MAX_CLEN + 1];     /* bits[k] = # of symbols with code length k */
      |         ^~~~
[ 83%] Built target jpeg
[ 83%] Building C object sharedlib/CMakeFiles/jpegtran.dir/__/src/jpegtran.c.o
[ 83%] Building C object sharedlib/CMakeFiles/djpeg.dir/__/src/cdjpeg.c.o
[ 84%] Building C object sharedlib/CMakeFiles/jpegtran.dir/__/src/cdjpeg.c.o
[ 85%] Building C object sharedlib/CMakeFiles/cjpeg.dir/__/src/cjpeg.c.o
[ 85%] Building C object sharedlib/CMakeFiles/jcstest.dir/__/src/jcstest.c.o
[ 85%] Building C object sharedlib/CMakeFiles/example.dir/__/src/example.c.o
[ 85%] Building C object sharedlib/CMakeFiles/cjpeg.dir/__/src/cdjpeg.c.o
[ 86%] Building C object sharedlib/CMakeFiles/djpeg.dir/__/src/djpeg.c.o
[ 87%] Building C object sharedlib/CMakeFiles/cjpeg.dir/__/src/rdbmp.c.o
[ 87%] Building C object sharedlib/CMakeFiles/djpeg.dir/__/src/rdcolmap.c.o
[ 87%] Building C object sharedlib/CMakeFiles/jpegtran.dir/__/src/rdswitch.c.o
[ 88%] Building C object sharedlib/CMakeFiles/jpegtran.dir/__/src/transupp.c.o
[ 88%] Building C object sharedlib/CMakeFiles/djpeg.dir/__/src/rdswitch.c.o
[ 88%] Building C object sharedlib/CMakeFiles/cjpeg.dir/__/src/rdgif.c.o
[ 88%] Building C object sharedlib/CMakeFiles/cjpeg.dir/__/src/rdppm.c.o
[ 88%] Linking C shared library libturbojpeg.so
[ 89%] Linking C executable ../jcstest
[ 90%] Building C object sharedlib/CMakeFiles/cjpeg.dir/__/src/rdswitch.c.o
[ 90%] Built target turbojpeg
[ 90%] Building C object sharedlib/CMakeFiles/djpeg.dir/__/src/wrbmp.c.o
[ 91%] Building C object sharedlib/CMakeFiles/djpeg.dir/__/src/wrgif.c.o
[ 91%] Built target jcstest
[ 91%] Building C object sharedlib/CMakeFiles/djpeg.dir/__/src/wrppm.c.o
[ 91%] Building C object CMakeFiles/tjunittest.dir/src/tjunittest.c.o
[ 91%] Building C object sharedlib/CMakeFiles/djpeg.dir/__/src/wrtarga.c.o
[ 91%] Linking C executable ../example
[ 92%] Building C object CMakeFiles/tjbench.dir/src/tjbench.c.o
[ 92%] Building C object sharedlib/CMakeFiles/cjpeg.dir/__/src/rdtarga.c.o
[ 93%] Building C object CMakeFiles/tjcomp.dir/src/tjcomp.c.o
[ 93%] Building C object CMakeFiles/tjdecomp.dir/src/tjdecomp.c.o
[ 93%] Built target example
[ 93%] Building C object CMakeFiles/tjtran.dir/src/tjtran.c.o
[ 93%] Building C object CMakeFiles/tjunittest.dir/src/tjutil.c.o
[ 94%] Building C object CMakeFiles/tjunittest.dir/src/md5/md5.c.o
[ 94%] Building C object CMakeFiles/tjunittest.dir/src/md5/md5hl.c.o
[ 94%] Building C object CMakeFiles/tjbench.dir/src/tjutil.c.o
/blfs/builds/libjpeg-turbo-3.1.1/src/rdtarga.c: In function 'read_non_rle_pixel':
/blfs/builds/libjpeg-turbo-3.1.1/src/rdtarga.c:124:25: warning: writing 1 byte into a region of size 0 [-Wstringop-overflow=]
  124 |     sinfo->tga_pixel[i] = (U_CHAR)read_byte(sinfo);
      |     ~~~~~~~~~~~~~~~~~~~~^~~~~~~~~~~~~~~~~~~~~~~~~~
/blfs/builds/libjpeg-turbo-3.1.1/src/rdtarga.c:57:10: note: at offset 4 into destination object 'tga_pixel' of size 4
   57 |   U_CHAR tga_pixel[4];
      |          ^~~~~~~~~
In function 'read_rle_pixel',
    inlined from 'read_rle_pixel' at /blfs/builds/libjpeg-turbo-3.1.1/src/rdtarga.c:130:1:
/blfs/builds/libjpeg-turbo-3.1.1/src/rdtarga.c:154:25: warning: writing 1 byte into a region of size 0 [-Wstringop-overflow=]
  154 |     sinfo->tga_pixel[i] = (U_CHAR)read_byte(sinfo);
      |     ~~~~~~~~~~~~~~~~~~~~^~~~~~~~~~~~~~~~~~~~~~~~~~
/blfs/builds/libjpeg-turbo-3.1.1/src/rdtarga.c: In function 'read_rle_pixel':
/blfs/builds/libjpeg-turbo-3.1.1/src/rdtarga.c:57:10: note: at offset 4 into destination object 'tga_pixel' of size 4
   57 |   U_CHAR tga_pixel[4];
      |          ^~~~~~~~~
[ 95%] Linking C executable ../djpeg
[ 95%] Built target djpeg
[ 95%] Linking C executable tjcomp
[ 95%] Built target tjcomp
[ 96%] Linking C executable tjtran
[ 96%] Built target tjtran
[ 97%] Linking C executable tjdecomp
[ 97%] Built target tjdecomp
[ 98%] Linking C executable ../cjpeg
[ 98%] Built target cjpeg
[ 99%] Linking C executable tjunittest
[ 99%] Built target tjunittest
[100%] Linking C executable ../jpegtran
[100%] Linking C executable tjbench
[100%] Built target jpegtran
[100%] Built target tjbench
[ 11%] Built target jpeg12
[ 17%] Built target jpeg16
[ 18%] Built target turbojpeg12
[ 19%] Built target turbojpeg16
[ 29%] Built target simd
[ 54%] Built target turbojpeg
[ 56%] Built target tjunittest
[ 57%] Built target tjbench
[ 58%] Built target tjcomp
[ 59%] Built target tjdecomp
[ 60%] Built target tjtran
[ 61%] Built target rdjpgcom
[ 62%] Built target wrjpgcom
[ 63%] Built target strtest
[ 85%] Built target jpeg
[ 85%] Built target cjpeg12
[ 85%] Built target cjpeg16
[ 88%] Built target cjpeg
[ 89%] Built target djpeg12
[ 89%] Built target djpeg16
[ 93%] Built target djpeg
[ 95%] Built target jpegtran
[ 96%] Built target example
[ 97%] Built target jcstest
[ 98%] Built target md5cmp
[100%] Built target md5sum
Install the project...
-- Install configuration: "RELEASE"
-- Installing: /pkgs/libjpeg-turbo/usr/lib/libjpeg.so.62.4.0
-- Installing: /pkgs/libjpeg-turbo/usr/lib/libjpeg.so.62
-- Set non-toolchain portion of runtime path of "/pkgs/libjpeg-turbo/usr/lib/libjpeg.so.62.4.0" to "/usr/lib"
-- Installing: /pkgs/libjpeg-turbo/usr/lib/libjpeg.so
-- Installing: /pkgs/libjpeg-turbo/usr/bin/cjpeg
-- Set non-toolchain portion of runtime path of "/pkgs/libjpeg-turbo/usr/bin/cjpeg" to "/usr/lib"
-- Installing: /pkgs/libjpeg-turbo/usr/bin/djpeg
-- Set non-toolchain portion of runtime path of "/pkgs/libjpeg-turbo/usr/bin/djpeg" to "/usr/lib"
-- Installing: /pkgs/libjpeg-turbo/usr/bin/jpegtran
-- Set non-toolchain portion of runtime path of "/pkgs/libjpeg-turbo/usr/bin/jpegtran" to "/usr/lib"
-- Installing: /pkgs/libjpeg-turbo/usr/lib/libturbojpeg.so.0.4.0
-- Installing: /pkgs/libjpeg-turbo/usr/lib/libturbojpeg.so.0
-- Set non-toolchain portion of runtime path of "/pkgs/libjpeg-turbo/usr/lib/libturbojpeg.so.0.4.0" to "/usr/lib"
-- Installing: /pkgs/libjpeg-turbo/usr/lib/libturbojpeg.so
-- Installing: /pkgs/libjpeg-turbo/usr/bin/tjbench
-- Set non-toolchain portion of runtime path of "/pkgs/libjpeg-turbo/usr/bin/tjbench" to "/usr/lib"
-- Installing: /pkgs/libjpeg-turbo/usr/include/turbojpeg.h
-- Installing: /pkgs/libjpeg-turbo/usr/bin/rdjpgcom
-- Set non-toolchain portion of runtime path of "/pkgs/libjpeg-turbo/usr/bin/rdjpgcom" to "/usr/lib"
-- Installing: /pkgs/libjpeg-turbo/usr/bin/wrjpgcom
-- Set non-toolchain portion of runtime path of "/pkgs/libjpeg-turbo/usr/bin/wrjpgcom" to "/usr/lib"
-- Installing: /pkgs/libjpeg-turbo/usr/share/doc/libjpeg-turbo/README.ijg
-- Installing: /pkgs/libjpeg-turbo/usr/share/doc/libjpeg-turbo/README.md
-- Installing: /pkgs/libjpeg-turbo/usr/share/doc/libjpeg-turbo/example.c
-- Installing: /pkgs/libjpeg-turbo/usr/share/doc/libjpeg-turbo/tjcomp.c
-- Installing: /pkgs/libjpeg-turbo/usr/share/doc/libjpeg-turbo/tjdecomp.c
-- Installing: /pkgs/libjpeg-turbo/usr/share/doc/libjpeg-turbo/tjtran.c
-- Installing: /pkgs/libjpeg-turbo/usr/share/doc/libjpeg-turbo/libjpeg.txt
-- Installing: /pkgs/libjpeg-turbo/usr/share/doc/libjpeg-turbo/structure.txt
-- Installing: /pkgs/libjpeg-turbo/usr/share/doc/libjpeg-turbo/usage.txt
-- Installing: /pkgs/libjpeg-turbo/usr/share/doc/libjpeg-turbo/wizard.txt
-- Installing: /pkgs/libjpeg-turbo/usr/share/doc/libjpeg-turbo/LICENSE.md
-- Installing: /pkgs/libjpeg-turbo/usr/share/man/man1/cjpeg.1
-- Installing: /pkgs/libjpeg-turbo/usr/share/man/man1/djpeg.1
-- Installing: /pkgs/libjpeg-turbo/usr/share/man/man1/jpegtran.1
-- Installing: /pkgs/libjpeg-turbo/usr/share/man/man1/rdjpgcom.1
-- Installing: /pkgs/libjpeg-turbo/usr/share/man/man1/wrjpgcom.1
-- Installing: /pkgs/libjpeg-turbo/usr/lib/pkgconfig/libjpeg.pc
-- Installing: /pkgs/libjpeg-turbo/usr/lib/pkgconfig/libturbojpeg.pc
-- Installing: /pkgs/libjpeg-turbo/usr/lib/cmake/libjpeg-turbo/libjpeg-turboConfig.cmake
-- Installing: /pkgs/libjpeg-turbo/usr/lib/cmake/libjpeg-turbo/libjpeg-turboConfigVersion.cmake
-- Installing: /pkgs/libjpeg-turbo/usr/lib/cmake/libjpeg-turbo/libjpeg-turboTargets.cmake
-- Installing: /pkgs/libjpeg-turbo/usr/lib/cmake/libjpeg-turbo/libjpeg-turboTargets-release.cmake
-- Installing: /pkgs/libjpeg-turbo/usr/include/jconfig.h
-- Installing: /pkgs/libjpeg-turbo/usr/include/jerror.h
-- Installing: /pkgs/libjpeg-turbo/usr/include/jmorecfg.h
-- Installing: /pkgs/libjpeg-turbo/usr/include/jpeglib.h
[ 11%] Built target jpeg12
[ 17%] Built target jpeg16
[ 18%] Built target turbojpeg12
[ 19%] Built target turbojpeg16
[ 29%] Built target simd
[ 54%] Built target turbojpeg
[ 56%] Built target tjunittest
[ 57%] Built target tjbench
[ 58%] Built target tjcomp
[ 59%] Built target tjdecomp
[ 60%] Built target tjtran
[ 61%] Built target rdjpgcom
[ 62%] Built target wrjpgcom
[ 63%] Built target strtest
[ 85%] Built target jpeg
[ 85%] Built target cjpeg12
[ 85%] Built target cjpeg16
[ 88%] Built target cjpeg
[ 89%] Built target djpeg12
[ 89%] Built target djpeg16
[ 93%] Built target djpeg
[ 95%] Built target jpegtran
[ 96%] Built target example
[ 97%] Built target jcstest
[ 98%] Built target md5cmp
[100%] Built target md5sum
Install the project...
-- Install configuration: "RELEASE"
-- Installing: /usr/lib/libjpeg.so.62.4.0
-- Up-to-date: /usr/lib/libjpeg.so.62
-- Set non-toolchain portion of runtime path of "/usr/lib/libjpeg.so.62.4.0" to "/usr/lib"
-- Up-to-date: /usr/lib/libjpeg.so
-- Installing: /usr/bin/cjpeg
-- Set non-toolchain portion of runtime path of "/usr/bin/cjpeg" to "/usr/lib"
-- Installing: /usr/bin/djpeg
-- Set non-toolchain portion of runtime path of "/usr/bin/djpeg" to "/usr/lib"
-- Installing: /usr/bin/jpegtran
-- Set non-toolchain portion of runtime path of "/usr/bin/jpegtran" to "/usr/lib"
-- Installing: /usr/lib/libturbojpeg.so.0.4.0
-- Up-to-date: /usr/lib/libturbojpeg.so.0
-- Set non-toolchain portion of runtime path of "/usr/lib/libturbojpeg.so.0.4.0" to "/usr/lib"
-- Up-to-date: /usr/lib/libturbojpeg.so
-- Installing: /usr/bin/tjbench
-- Set non-toolchain portion of runtime path of "/usr/bin/tjbench" to "/usr/lib"
-- Installing: /usr/include/turbojpeg.h
-- Installing: /usr/bin/rdjpgcom
-- Set non-toolchain portion of runtime path of "/usr/bin/rdjpgcom" to "/usr/lib"
-- Installing: /usr/bin/wrjpgcom
-- Set non-toolchain portion of runtime path of "/usr/bin/wrjpgcom" to "/usr/lib"
-- Installing: /usr/share/doc/libjpeg-turbo/README.ijg
-- Installing: /usr/share/doc/libjpeg-turbo/README.md
-- Installing: /usr/share/doc/libjpeg-turbo/example.c
-- Installing: /usr/share/doc/libjpeg-turbo/tjcomp.c
-- Installing: /usr/share/doc/libjpeg-turbo/tjdecomp.c
-- Installing: /usr/share/doc/libjpeg-turbo/tjtran.c
-- Installing: /usr/share/doc/libjpeg-turbo/libjpeg.txt
-- Installing: /usr/share/doc/libjpeg-turbo/structure.txt
-- Installing: /usr/share/doc/libjpeg-turbo/usage.txt
-- Installing: /usr/share/doc/libjpeg-turbo/wizard.txt
-- Installing: /usr/share/doc/libjpeg-turbo/LICENSE.md
-- Installing: /usr/share/man/man1/cjpeg.1
-- Installing: /usr/share/man/man1/djpeg.1
-- Installing: /usr/share/man/man1/jpegtran.1
-- Installing: /usr/share/man/man1/rdjpgcom.1
-- Installing: /usr/share/man/man1/wrjpgcom.1
-- Installing: /usr/lib/pkgconfig/libjpeg.pc
-- Installing: /usr/lib/pkgconfig/libturbojpeg.pc
-- Installing: /usr/lib/cmake/libjpeg-turbo/libjpeg-turboConfig.cmake
-- Installing: /usr/lib/cmake/libjpeg-turbo/libjpeg-turboConfigVersion.cmake
-- Old export file "/usr/lib/cmake/libjpeg-turbo/libjpeg-turboTargets.cmake" will be replaced.  Removing files [/usr/lib/cmake/libjpeg-turbo/libjpeg-turboTargets-release.cmake].
-- Installing: /usr/lib/cmake/libjpeg-turbo/libjpeg-turboTargets.cmake
-- Installing: /usr/lib/cmake/libjpeg-turbo/libjpeg-turboTargets-release.cmake
-- Installing: /usr/include/jconfig.h
-- Installing: /usr/include/jerror.h
-- Installing: /usr/include/jmorecfg.h
-- Installing: /usr/include/jpeglib.h
libjpeg-turbo/
libjpeg-turbo/usr/
libjpeg-turbo/usr/share/
libjpeg-turbo/usr/share/man/
libjpeg-turbo/usr/share/man/man1/
libjpeg-turbo/usr/share/man/man1/djpeg.1
libjpeg-turbo/usr/share/man/man1/rdjpgcom.1
libjpeg-turbo/usr/share/man/man1/wrjpgcom.1
libjpeg-turbo/usr/share/man/man1/jpegtran.1
libjpeg-turbo/usr/share/man/man1/cjpeg.1
libjpeg-turbo/usr/share/doc/
libjpeg-turbo/usr/share/doc/libjpeg-turbo/
libjpeg-turbo/usr/share/doc/libjpeg-turbo/libjpeg.txt
libjpeg-turbo/usr/share/doc/libjpeg-turbo/tjdecomp.c
libjpeg-turbo/usr/share/doc/libjpeg-turbo/LICENSE.md
libjpeg-turbo/usr/share/doc/libjpeg-turbo/tjcomp.c
libjpeg-turbo/usr/share/doc/libjpeg-turbo/tjtran.c
libjpeg-turbo/usr/share/doc/libjpeg-turbo/example.c
libjpeg-turbo/usr/share/doc/libjpeg-turbo/wizard.txt
libjpeg-turbo/usr/share/doc/libjpeg-turbo/README.ijg
libjpeg-turbo/usr/share/doc/libjpeg-turbo/usage.txt
libjpeg-turbo/usr/share/doc/libjpeg-turbo/README.md
libjpeg-turbo/usr/share/doc/libjpeg-turbo/structure.txt
libjpeg-turbo/usr/lib/
libjpeg-turbo/usr/lib/libturbojpeg.so.0
libjpeg-turbo/usr/lib/cmake/
libjpeg-turbo/usr/lib/cmake/libjpeg-turbo/
libjpeg-turbo/usr/lib/cmake/libjpeg-turbo/libjpeg-turboTargets-release.cmake
libjpeg-turbo/usr/lib/cmake/libjpeg-turbo/libjpeg-turboTargets.cmake
libjpeg-turbo/usr/lib/cmake/libjpeg-turbo/libjpeg-turboConfig.cmake
libjpeg-turbo/usr/lib/cmake/libjpeg-turbo/libjpeg-turboConfigVersion.cmake
libjpeg-turbo/usr/lib/libjpeg.so.62.4.0
libjpeg-turbo/usr/lib/libturbojpeg.so.0.4.0
libjpeg-turbo/usr/lib/pkgconfig/
libjpeg-turbo/usr/lib/pkgconfig/libjpeg.pc
libjpeg-turbo/usr/lib/pkgconfig/libturbojpeg.pc
libjpeg-turbo/usr/lib/libjpeg.so
libjpeg-turbo/usr/lib/libturbojpeg.so
libjpeg-turbo/usr/lib/libjpeg.so.62
libjpeg-turbo/usr/include/
libjpeg-turbo/usr/include/jpeglib.h
libjpeg-turbo/usr/include/jerror.h
libjpeg-turbo/usr/include/turbojpeg.h
libjpeg-turbo/usr/include/jconfig.h
libjpeg-turbo/usr/include/jmorecfg.h
libjpeg-turbo/usr/bin/
libjpeg-turbo/usr/bin/tjbench
libjpeg-turbo/usr/bin/jpegtran
libjpeg-turbo/usr/bin/rdjpgcom
libjpeg-turbo/usr/bin/djpeg
libjpeg-turbo/usr/bin/cjpeg
libjpeg-turbo/usr/bin/wrjpgcom
libjpeg-turbo/version
libjpeg-turbo/depends
