--2025-06-11 07:34:01--  https://dl.winehq.org/vkd3d/source/vkd3d-1.16.tar.xz
Resolving dl.winehq.org (dl.winehq.org)... 2a04:4e42::729, 2a04:4e42:200::729, 2a04:4e42:400::729, ...
Connecting to dl.winehq.org (dl.winehq.org)|2a04:4e42::729|:443... connected.
HTTP request sent, awaiting response... 200 OK
Length: 1331248 (1.3M) [application/x-tar]
Saving to: 'vkd3d-1.16.tar.xz'

     0K .......... .......... .......... .......... ..........  3% 6.71M 0s
    50K .......... .......... .......... .......... ..........  7% 12.4M 0s
   100K .......... .......... .......... .......... .......... 11% 44.6M 0s
   150K .......... .......... .......... .......... .......... 15% 13.7M 0s
   200K .......... .......... .......... .......... .......... 19% 65.5M 0s
   250K .......... .......... .......... .......... .......... 23% 18.6M 0s
   300K .......... .......... .......... .......... .......... 26% 78.2M 0s
   350K .......... .......... .......... .......... .......... 30% 14.5M 0s
   400K .......... .......... .......... .......... .......... 34%  111M 0s
   450K .......... .......... .......... .......... .......... 38%  104M 0s
   500K .......... .......... .......... .......... .......... 42%  120M 0s
   550K .......... .......... .......... .......... .......... 46%  110M 0s
   600K .......... .......... .......... .......... .......... 49% 98.2M 0s
   650K .......... .......... .......... .......... .......... 53%  176M 0s
   700K .......... .......... .......... .......... .......... 57%  102M 0s
   750K .......... .......... .......... .......... .......... 61% 42.2M 0s
   800K .......... .......... .......... .......... .......... 65% 82.4M 0s
   850K .......... .......... .......... .......... .......... 69%  173M 0s
   900K .......... .......... .......... .......... .......... 73%  102M 0s
   950K .......... .......... .......... .......... .......... 76% 97.4M 0s
  1000K .......... .......... .......... .......... .......... 80% 23.7M 0s
  1050K .......... .......... .......... .......... .......... 84%  118M 0s
  1100K .......... .......... .......... .......... .......... 88%  117M 0s
  1150K .......... .......... .......... .......... .......... 92% 85.5M 0s
  1200K .......... .......... .......... .......... .......... 96%  118M 0s
  1250K .......... .......... .......... .......... .......... 99%  153M 0s
  1300K                                                       100% 89.4G=0.03s

2025-06-11 07:34:01 (38.0 MB/s) - 'vkd3d-1.16.tar.xz' saved [1331248/1331248]

vkd3d-1.16/
vkd3d-1.16/configure
vkd3d-1.16/Makefile.am
vkd3d-1.16/bin/
vkd3d-1.16/bin/compile
vkd3d-1.16/bin/missing
vkd3d-1.16/bin/test-driver
vkd3d-1.16/bin/install-sh
vkd3d-1.16/bin/ar-lib
vkd3d-1.16/bin/ltmain.sh
vkd3d-1.16/bin/config.guess
vkd3d-1.16/bin/config.sub
vkd3d-1.16/bin/depcomp
vkd3d-1.16/include/
vkd3d-1.16/include/vkd3d_dxgi.idl
vkd3d-1.16/include/vkd3d_d3dcommon.h
vkd3d-1.16/include/vkd3d_windows.h
vkd3d-1.16/include/vkd3d_dxgi1_3.idl
vkd3d-1.16/include/vkd3d_d3d12sdklayers.idl
vkd3d-1.16/include/vkd3d_dxgitype.h
vkd3d-1.16/include/vkd3d_dxgi1_2.h
vkd3d-1.16/include/vkd3d_dxgi1_3.h
vkd3d-1.16/include/vkd3d_dxgi1_2.idl
vkd3d-1.16/include/vkd3d_dxgibase.idl
vkd3d-1.16/include/vkd3d_dxgi1_4.h
vkd3d-1.16/include/vkd3d.h
vkd3d-1.16/include/vkd3d_d3dcommon.idl
vkd3d-1.16/include/vkd3d_dxgibase.h
vkd3d-1.16/include/vkd3d_dxgiformat.idl
vkd3d-1.16/include/vkd3d_shader.h
vkd3d-1.16/include/vkd3d_dxgitype.idl
vkd3d-1.16/include/vkd3d_d3d12shader.idl
vkd3d-1.16/include/vkd3d_unknown.idl
vkd3d-1.16/include/vkd3d_d3dx9shader.h
vkd3d-1.16/include/vkd3d_d3d12sdklayers.h
vkd3d-1.16/include/private/
vkd3d-1.16/include/private/vkd3d_common.h
vkd3d-1.16/include/private/quartzcore.json
vkd3d-1.16/include/private/spirv.core.grammar.json
vkd3d-1.16/include/private/vkd3d_memory.h
vkd3d-1.16/include/private/foundation.json
vkd3d-1.16/include/private/vkd3d_utf8.h
vkd3d-1.16/include/private/appkit.json
vkd3d-1.16/include/private/spirv_grammar.h
vkd3d-1.16/include/private/vkd3d_shader_utils.h
vkd3d-1.16/include/private/vkd3d_test.h
vkd3d-1.16/include/private/rbtree.h
vkd3d-1.16/include/private/vkd3d_blob.h
vkd3d-1.16/include/private/list.h
vkd3d-1.16/include/vkd3d_utils.h
vkd3d-1.16/include/vkd3d_dxgi.h
vkd3d-1.16/include/vkd3d_dxgiformat.h
vkd3d-1.16/include/vkd3d_types.h
vkd3d-1.16/include/vkd3d_dxgi1_4.idl
vkd3d-1.16/include/vkd3d_d3dx9shader.idl
vkd3d-1.16/include/vkd3d_d3d12shader.h
vkd3d-1.16/include/vkd3d_d3d12.h
vkd3d-1.16/include/vkd3d_d3dcompiler.h
vkd3d-1.16/include/config.h.in
vkd3d-1.16/include/vkd3d_d3d9types.h
vkd3d-1.16/include/vkd3d_d3d12.idl
vkd3d-1.16/include/vkd3d_d3dcompiler_types.h
vkd3d-1.16/ANNOUNCE
vkd3d-1.16/COPYING
vkd3d-1.16/aclocal.m4
vkd3d-1.16/libs/
vkd3d-1.16/libs/vkd3d/
vkd3d-1.16/libs/vkd3d/state.c
vkd3d-1.16/libs/vkd3d/utils.c
vkd3d-1.16/libs/vkd3d/device.c
vkd3d-1.16/libs/vkd3d/vkd3d_private.h
vkd3d-1.16/libs/vkd3d/vkd3d.map
vkd3d-1.16/libs/vkd3d/resource.c
vkd3d-1.16/libs/vkd3d/vkd3d_main.c
vkd3d-1.16/libs/vkd3d/command.c
vkd3d-1.16/libs/vkd3d/vulkan_procs.h
vkd3d-1.16/libs/vkd3d/cache.c
vkd3d-1.16/libs/vkd3d/vkd3d_shaders.h
vkd3d-1.16/libs/vkd3d/libvkd3d.pc.in
vkd3d-1.16/libs/vkd3d-utils/
vkd3d-1.16/libs/vkd3d-utils/reflection.c
vkd3d-1.16/libs/vkd3d-utils/vkd3d_utils_main.c
vkd3d-1.16/libs/vkd3d-utils/libvkd3d-utils.pc.in
vkd3d-1.16/libs/vkd3d-utils/vkd3d_utils.map
vkd3d-1.16/libs/vkd3d-utils/vkd3d_utils_private.h
vkd3d-1.16/libs/vkd3d-common/
vkd3d-1.16/libs/vkd3d-common/blob.c
vkd3d-1.16/libs/vkd3d-common/utf8.c
vkd3d-1.16/libs/vkd3d-common/debug.c
vkd3d-1.16/libs/vkd3d-common/error.c
vkd3d-1.16/libs/vkd3d-common/memory.c
vkd3d-1.16/libs/vkd3d-shader/
vkd3d-1.16/libs/vkd3d-shader/dxil.c
vkd3d-1.16/libs/vkd3d-shader/dxbc.c
vkd3d-1.16/libs/vkd3d-shader/glsl.c
vkd3d-1.16/libs/vkd3d-shader/spirv.c
vkd3d-1.16/libs/vkd3d-shader/checksum.c
vkd3d-1.16/libs/vkd3d-shader/libvkd3d-shader.pc.in
vkd3d-1.16/libs/vkd3d-shader/preproc.y
vkd3d-1.16/libs/vkd3d-shader/hlsl.l
vkd3d-1.16/libs/vkd3d-shader/msl.c
vkd3d-1.16/libs/vkd3d-shader/tpf.c
vkd3d-1.16/libs/vkd3d-shader/hlsl.y
vkd3d-1.16/libs/vkd3d-shader/vkd3d_shader_private.h
vkd3d-1.16/libs/vkd3d-shader/ir.c
vkd3d-1.16/libs/vkd3d-shader/vkd3d_shader_main.c
vkd3d-1.16/libs/vkd3d-shader/make_spirv
vkd3d-1.16/libs/vkd3d-shader/fx.c
vkd3d-1.16/libs/vkd3d-shader/hlsl_constant_ops.c
vkd3d-1.16/libs/vkd3d-shader/d3d_asm.c
vkd3d-1.16/libs/vkd3d-shader/preproc.h
vkd3d-1.16/libs/vkd3d-shader/hlsl_codegen.c
vkd3d-1.16/libs/vkd3d-shader/hlsl.c
vkd3d-1.16/libs/vkd3d-shader/hlsl.h
vkd3d-1.16/libs/vkd3d-shader/d3dbc.c
vkd3d-1.16/libs/vkd3d-shader/preproc.l
vkd3d-1.16/libs/vkd3d-shader/vkd3d_shader.map
vkd3d-1.16/ChangeLog.md
vkd3d-1.16/crosslibs/
vkd3d-1.16/crosslibs/d3d12.cross64.def
vkd3d-1.16/crosslibs/d3d12.cross32.def
vkd3d-1.16/README
vkd3d-1.16/configure.ac
vkd3d-1.16/m4/
vkd3d-1.16/m4/ltoptions.m4
vkd3d-1.16/m4/check-soname.m4
vkd3d-1.16/m4/widl.m4
vkd3d-1.16/m4/check-vulkan.m4
vkd3d-1.16/m4/check-mingw-prog.m4
vkd3d-1.16/m4/ld-version-script.m4
vkd3d-1.16/m4/check-cflags.m4
vkd3d-1.16/m4/libtool.m4
vkd3d-1.16/m4/vulkan.m4
vkd3d-1.16/m4/check-pthread.m4
vkd3d-1.16/m4/ltversion.m4
vkd3d-1.16/m4/check-functions.m4
vkd3d-1.16/m4/ax_compare_version.m4
vkd3d-1.16/m4/ax_prog_doxygen.m4
vkd3d-1.16/m4/ltsugar.m4
vkd3d-1.16/m4/lt~obsolete.m4
vkd3d-1.16/m4/check-perl-module.m4
vkd3d-1.16/LICENSE
vkd3d-1.16/AUTHORS
vkd3d-1.16/tests/
vkd3d-1.16/tests/preproc-if.shader_test
vkd3d-1.16/tests/vkd3d_shader_api.c
vkd3d-1.16/tests/driver.c
vkd3d-1.16/tests/preproc-invalid.shader_test
vkd3d-1.16/tests/dxcompiler.idl
vkd3d-1.16/tests/vkd3d_common.c
vkd3d-1.16/tests/shader_runner_d3d9.c
vkd3d-1.16/tests/vulkan_utils.h
vkd3d-1.16/tests/d3d12_crosstest.h
vkd3d-1.16/tests/preproc-macro.shader_test
vkd3d-1.16/tests/shader_runner_vulkan.c
vkd3d-1.16/tests/d3d12_invalid_usage.c
vkd3d-1.16/tests/preproc-misc.shader_test
vkd3d-1.16/tests/hlsl_d3d12.c
vkd3d-1.16/tests/shader_runner_metal.m
vkd3d-1.16/tests/preproc-ifdef.shader_test
vkd3d-1.16/tests/shader_runner_gl.c
vkd3d-1.16/tests/dxcompiler.h
vkd3d-1.16/tests/test-driver.sh
vkd3d-1.16/tests/shader_runner_d3d12.c
vkd3d-1.16/tests/shader_runner.h
vkd3d-1.16/tests/d3d12_test_utils.h
vkd3d-1.16/tests/vkd3d_api.c
vkd3d-1.16/tests/shader_runner_d3d11.c
vkd3d-1.16/tests/preproc-if-expr.shader_test
vkd3d-1.16/tests/hlsl/
vkd3d-1.16/tests/hlsl/texture-load-offset.shader_test
vkd3d-1.16/tests/hlsl/effect-variables-fx_4_1.shader_test
vkd3d-1.16/tests/hlsl/shader-interstage-interface.shader_test
vkd3d-1.16/tests/hlsl/function-overload.shader_test
vkd3d-1.16/tests/hlsl/uniform-parameters.shader_test
vkd3d-1.16/tests/hlsl/for.shader_test
vkd3d-1.16/tests/hlsl/array-parameters.shader_test
vkd3d-1.16/tests/hlsl/effect-initial-values-fx_4.shader_test
vkd3d-1.16/tests/hlsl/barriers.shader_test
vkd3d-1.16/tests/hlsl/clip-planes.shader_test
vkd3d-1.16/tests/hlsl/null.shader_test
vkd3d-1.16/tests/hlsl/array-size-expr.shader_test
vkd3d-1.16/tests/hlsl/cast-to-int.shader_test
vkd3d-1.16/tests/hlsl/conditional.shader_test
vkd3d-1.16/tests/hlsl/shade-mode.shader_test
vkd3d-1.16/tests/hlsl/uav-out-param.shader_test
vkd3d-1.16/tests/hlsl/writemask-assignop-1.shader_test
vkd3d-1.16/tests/hlsl/loop.shader_test
vkd3d-1.16/tests/hlsl/strings.shader_test
vkd3d-1.16/tests/hlsl/uav-rwbyteaddressbuffer.shader_test
vkd3d-1.16/tests/hlsl/arithmetic-float-uniform.shader_test
vkd3d-1.16/tests/hlsl/uniform-semantics.shader_test
vkd3d-1.16/tests/hlsl/vector-indexing.shader_test
vkd3d-1.16/tests/hlsl/unsigned.shader_test
vkd3d-1.16/tests/hlsl/fmod.shader_test
vkd3d-1.16/tests/hlsl/numthreads.shader_test
vkd3d-1.16/tests/hlsl/ffp-point-size.shader_test
vkd3d-1.16/tests/hlsl/cf-cond-types.shader_test
vkd3d-1.16/tests/hlsl/return.shader_test
vkd3d-1.16/tests/hlsl/asint.shader_test
vkd3d-1.16/tests/hlsl/function-return.shader_test
vkd3d-1.16/tests/hlsl/initializer-static-array.shader_test
vkd3d-1.16/tests/hlsl/single-numeric-initializer.shader_test
vkd3d-1.16/tests/hlsl/hard-copy-prop.shader_test
vkd3d-1.16/tests/hlsl/effect-variables-fx_4.shader_test
vkd3d-1.16/tests/hlsl/cast-to-float.shader_test
vkd3d-1.16/tests/hlsl/initializer-local-array.shader_test
vkd3d-1.16/tests/hlsl/gather-offset.shader_test
vkd3d-1.16/tests/hlsl/rt-format-mismatch.shader_test
vkd3d-1.16/tests/hlsl/reflect.shader_test
vkd3d-1.16/tests/hlsl/geometry-shader-syntax.shader_test
vkd3d-1.16/tests/hlsl/effect-annotations-fx_2.shader_test
vkd3d-1.16/tests/hlsl/cast-64-bit.shader_test
vkd3d-1.16/tests/hlsl/function.shader_test
vkd3d-1.16/tests/hlsl/nested-arrays.shader_test
vkd3d-1.16/tests/hlsl/struct-semantics.shader_test
vkd3d-1.16/tests/hlsl/length-property.shader_test
vkd3d-1.16/tests/hlsl/effect-technique-fx_4.shader_test
vkd3d-1.16/tests/hlsl/hull-shader-syntax.shader_test
vkd3d-1.16/tests/hlsl/attributes.shader_test
vkd3d-1.16/tests/hlsl/ternary.shader_test
vkd3d-1.16/tests/hlsl/half.shader_test
vkd3d-1.16/tests/hlsl/sample-bias.shader_test
vkd3d-1.16/tests/hlsl/patch-syntax.shader_test
vkd3d-1.16/tests/hlsl/alpha-test.shader_test
vkd3d-1.16/tests/hlsl/effect-annotations-fx_4.shader_test
vkd3d-1.16/tests/hlsl/wave-reconvergence.shader_test
vkd3d-1.16/tests/hlsl/uav-rwbuffer.shader_test
vkd3d-1.16/tests/hlsl/get-sample-pos.shader_test
vkd3d-1.16/tests/hlsl/cast-broadcast.shader_test
vkd3d-1.16/tests/hlsl/sqrt.shader_test
vkd3d-1.16/tests/hlsl/inverse-trig.shader_test
vkd3d-1.16/tests/hlsl/tgsm.shader_test
vkd3d-1.16/tests/hlsl/trunc.shader_test
vkd3d-1.16/tests/hlsl/lit.shader_test
vkd3d-1.16/tests/hlsl/lerp.shader_test
vkd3d-1.16/tests/hlsl/arithmetic-float.shader_test
vkd3d-1.16/tests/hlsl/srv-buffers.shader_test
vkd3d-1.16/tests/hlsl/rcp.shader_test
vkd3d-1.16/tests/hlsl/smoothstep.shader_test
vkd3d-1.16/tests/hlsl/invalid.shader_test
vkd3d-1.16/tests/hlsl/rasteriser-ordered-views.shader_test
vkd3d-1.16/tests/hlsl/scope.shader_test
vkd3d-1.16/tests/hlsl/initializer-matrix.shader_test
vkd3d-1.16/tests/hlsl/round.shader_test
vkd3d-1.16/tests/hlsl/hull-shader-attributes.shader_test
vkd3d-1.16/tests/hlsl/swizzle-constant-prop.shader_test
vkd3d-1.16/tests/hlsl/swizzles.shader_test
vkd3d-1.16/tests/hlsl/array-dimension.shader_test
vkd3d-1.16/tests/hlsl/unbounded-array-5.1.shader_test
vkd3d-1.16/tests/hlsl/exp.shader_test
vkd3d-1.16/tests/hlsl/tessellation.shader_test
vkd3d-1.16/tests/hlsl/struct-syntax.shader_test
vkd3d-1.16/tests/hlsl/clip-cull-distance.shader_test
vkd3d-1.16/tests/hlsl/cast-componentwise-compatible.shader_test
vkd3d-1.16/tests/hlsl/default-values.shader_test
vkd3d-1.16/tests/hlsl/lhs-partial-assignment.shader_test
vkd3d-1.16/tests/hlsl/object-parameters.shader_test
vkd3d-1.16/tests/hlsl/comma.shader_test
vkd3d-1.16/tests/hlsl/uav-counter.shader_test
vkd3d-1.16/tests/hlsl/combined-samplers.shader_test
vkd3d-1.16/tests/hlsl/gather-cmp.shader_test
vkd3d-1.16/tests/hlsl/initializer-numeric.shader_test
vkd3d-1.16/tests/hlsl/constructgswithso.shader_test
vkd3d-1.16/tests/hlsl/discard.shader_test
vkd3d-1.16/tests/hlsl/gather.shader_test
vkd3d-1.16/tests/hlsl/effect-variables-fx_5.shader_test
vkd3d-1.16/tests/hlsl/numeric-constructor-truncation.shader_test
vkd3d-1.16/tests/hlsl/fwidth.shader_test
vkd3d-1.16/tests/hlsl/instance-id.shader_test
vkd3d-1.16/tests/hlsl/dot.shader_test
vkd3d-1.16/tests/hlsl/uav-rwtexture.shader_test
vkd3d-1.16/tests/hlsl/writemask-assignop-0.shader_test
vkd3d-1.16/tests/hlsl/cbuffer.shader_test
vkd3d-1.16/tests/hlsl/uav-atomics.shader_test
vkd3d-1.16/tests/hlsl/nointerpolation.shader_test
vkd3d-1.16/tests/hlsl/minimum-precision.shader_test
vkd3d-1.16/tests/hlsl/register-reservations-resources.shader_test
vkd3d-1.16/tests/hlsl/pointer-cast.shader_test
vkd3d-1.16/tests/hlsl/uav-rwstructuredbuffer.shader_test
vkd3d-1.16/tests/hlsl/numeric-types.shader_test
vkd3d-1.16/tests/hlsl/effect-assignments-fx_5.shader_test
vkd3d-1.16/tests/hlsl/length.shader_test
vkd3d-1.16/tests/hlsl/modf.shader_test
vkd3d-1.16/tests/hlsl/math.shader_test
vkd3d-1.16/tests/hlsl/sample-cmp.shader_test
vkd3d-1.16/tests/hlsl/effect-variables-fx_2.shader_test
vkd3d-1.16/tests/hlsl/vector-indexing-uniform.shader_test
vkd3d-1.16/tests/hlsl/object-field-offsets.shader_test
vkd3d-1.16/tests/hlsl/effect-technique-fx_2.shader_test
vkd3d-1.16/tests/hlsl/floor.shader_test
vkd3d-1.16/tests/hlsl/sampler-offset.shader_test
vkd3d-1.16/tests/hlsl/point-sprite.shader_test
vkd3d-1.16/tests/hlsl/struct-array.shader_test
vkd3d-1.16/tests/hlsl/effect-shader-objects-fx_2.shader_test
vkd3d-1.16/tests/hlsl/texture-load.shader_test
vkd3d-1.16/tests/hlsl/clip.shader_test
vkd3d-1.16/tests/hlsl/initializer-multi.shader_test
vkd3d-1.16/tests/hlsl/initializer-flatten.shader_test
vkd3d-1.16/tests/hlsl/object-references.shader_test
vkd3d-1.16/tests/hlsl/log.shader_test
vkd3d-1.16/tests/hlsl/initializer-objects.shader_test
vkd3d-1.16/tests/hlsl/float-comparison.shader_test
vkd3d-1.16/tests/hlsl/coverage.shader_test
vkd3d-1.16/tests/hlsl/return-implicit-conversion.shader_test
vkd3d-1.16/tests/hlsl/swizzle-matrix.shader_test
vkd3d-1.16/tests/hlsl/d3dcolor-to-ubyte4.shader_test
vkd3d-1.16/tests/hlsl/asfloat.shader_test
vkd3d-1.16/tests/hlsl/function-cast.shader_test
vkd3d-1.16/tests/hlsl/sample-level.shader_test
vkd3d-1.16/tests/hlsl/storage-qualifiers.shader_test
vkd3d-1.16/tests/hlsl/sample-grad.shader_test
vkd3d-1.16/tests/hlsl/struct-inheritance.shader_test
vkd3d-1.16/tests/hlsl/sm1-const-folding.shader_test
vkd3d-1.16/tests/hlsl/interface-packing.shader_test
vkd3d-1.16/tests/hlsl/cross.shader_test
vkd3d-1.16/tests/hlsl/srv-structuredbuffer.shader_test
vkd3d-1.16/tests/hlsl/ldexp.shader_test
vkd3d-1.16/tests/hlsl/state-block-function-syntax.shader_test
vkd3d-1.16/tests/hlsl/wave-ops-uint.shader_test
vkd3d-1.16/tests/hlsl/type-names.shader_test
vkd3d-1.16/tests/hlsl/clamp.shader_test
vkd3d-1.16/tests/hlsl/multiple-rt.shader_test
vkd3d-1.16/tests/hlsl/rt-array-index.shader_test
vkd3d-1.16/tests/hlsl/unorm-snorm.shader_test
vkd3d-1.16/tests/hlsl/effect-technique-fx_5.shader_test
vkd3d-1.16/tests/hlsl/sampler-state.shader_test
vkd3d-1.16/tests/hlsl/arithmetic-int-uniform.shader_test
vkd3d-1.16/tests/hlsl/sampler.shader_test
vkd3d-1.16/tests/hlsl/f16tof32.shader_test
vkd3d-1.16/tests/hlsl/load-level.shader_test
vkd3d-1.16/tests/hlsl/register-reservations-profile.shader_test
vkd3d-1.16/tests/hlsl/intrinsic-override.shader_test
vkd3d-1.16/tests/hlsl/depth-out.shader_test
vkd3d-1.16/tests/hlsl/saturate.shader_test
vkd3d-1.16/tests/hlsl/register-reservations-space.shader_test
vkd3d-1.16/tests/hlsl/writemask-assignop-3.shader_test
vkd3d-1.16/tests/hlsl/lhs-cast.shader_test
vkd3d-1.16/tests/hlsl/sm6-uav-rwtexture.shader_test
vkd3d-1.16/tests/hlsl/state-block-syntax.shader_test
vkd3d-1.16/tests/hlsl/angle-unit.shader_test
vkd3d-1.16/tests/hlsl/sm6-ternary.shader_test
vkd3d-1.16/tests/hlsl/normalize.shader_test
vkd3d-1.16/tests/hlsl/bitwise-assignment.shader_test
vkd3d-1.16/tests/hlsl/bool-cast.shader_test
vkd3d-1.16/tests/hlsl/mul.shader_test
vkd3d-1.16/tests/hlsl/static-initializer.shader_test
vkd3d-1.16/tests/hlsl/expr-indexing.shader_test
vkd3d-1.16/tests/hlsl/geometry.shader_test
vkd3d-1.16/tests/hlsl/effect-initial-values-fx_2.shader_test
vkd3d-1.16/tests/hlsl/distance.shader_test
vkd3d-1.16/tests/hlsl/matrix-indexing.shader_test
vkd3d-1.16/tests/hlsl/trigonometry.shader_test
vkd3d-1.16/tests/hlsl/const.shader_test
vkd3d-1.16/tests/hlsl/matrix-semantics.shader_test
vkd3d-1.16/tests/hlsl/majority-typedef.shader_test
vkd3d-1.16/tests/hlsl/struct-assignment.shader_test
vkd3d-1.16/tests/hlsl/uav-load.shader_test
vkd3d-1.16/tests/hlsl/majority-pragma.shader_test
vkd3d-1.16/tests/hlsl/max-min.shader_test
vkd3d-1.16/tests/hlsl/frac.shader_test
vkd3d-1.16/tests/hlsl/shape.shader_test
vkd3d-1.16/tests/hlsl/effect-compile.shader_test
vkd3d-1.16/tests/hlsl/wave-ops-float.shader_test
vkd3d-1.16/tests/hlsl/unroll.shader_test
vkd3d-1.16/tests/hlsl/faceforward.shader_test
vkd3d-1.16/tests/hlsl/determinant.shader_test
vkd3d-1.16/tests/hlsl/sign.shader_test
vkd3d-1.16/tests/hlsl/eval-attrib.shader_test
vkd3d-1.16/tests/hlsl/writemask-assignop-2.shader_test
vkd3d-1.16/tests/hlsl/texture-load-typed.shader_test
vkd3d-1.16/tests/hlsl/srv-byteaddressbuffer.shader_test
vkd3d-1.16/tests/hlsl/sm1-const-allocation.shader_test
vkd3d-1.16/tests/hlsl/bool-semantics.shader_test
vkd3d-1.16/tests/hlsl/precise-modifier.shader_test
vkd3d-1.16/tests/hlsl/entry-point-semantics.shader_test
vkd3d-1.16/tests/hlsl/abs.shader_test
vkd3d-1.16/tests/hlsl/ddxddy.shader_test
vkd3d-1.16/tests/hlsl/is-front-face.shader_test
vkd3d-1.16/tests/hlsl/fog.shader_test
vkd3d-1.16/tests/hlsl/arithmetic-int.shader_test
vkd3d-1.16/tests/hlsl/ceil.shader_test
vkd3d-1.16/tests/hlsl/calculate-lod.shader_test
vkd3d-1.16/tests/hlsl/logic-operations.shader_test
vkd3d-1.16/tests/hlsl/duplicate-modifiers.shader_test
vkd3d-1.16/tests/hlsl/initializer-nested.shader_test
vkd3d-1.16/tests/hlsl/pixel-position.shader_test
vkd3d-1.16/tests/hlsl/cast-to-uint.shader_test
vkd3d-1.16/tests/hlsl/shader-point-size.shader_test
vkd3d-1.16/tests/hlsl/isinf.shader_test
vkd3d-1.16/tests/hlsl/early-depth-stencil.shader_test
vkd3d-1.16/tests/hlsl/cast-to-half.shader_test
vkd3d-1.16/tests/hlsl/register-reservations-numeric.shader_test
vkd3d-1.16/tests/hlsl/f32tof16.shader_test
vkd3d-1.16/tests/hlsl/initializer-struct.shader_test
vkd3d-1.16/tests/hlsl/effect-pass-states-fx_5.shader_test
vkd3d-1.16/tests/hlsl/switch.shader_test
vkd3d-1.16/tests/hlsl/any.shader_test
vkd3d-1.16/tests/hlsl/transpose.shader_test
vkd3d-1.16/tests/hlsl/asuint.shader_test
vkd3d-1.16/tests/hlsl/non-const-indexing.shader_test
vkd3d-1.16/tests/hlsl/refract.shader_test
vkd3d-1.16/tests/hlsl/effect-shader-objects-fx_5.shader_test
vkd3d-1.16/tests/hlsl/texture-ordering.shader_test
vkd3d-1.16/tests/hlsl/initializer-implicit-array.shader_test
vkd3d-1.16/tests/hlsl/sm1-interstage-interface.shader_test
vkd3d-1.16/tests/hlsl/majority-syntax.shader_test
vkd3d-1.16/tests/hlsl/rt-get-sample-info.shader_test
vkd3d-1.16/tests/hlsl/pow.shader_test
vkd3d-1.16/tests/hlsl/vertex-shader-ops.shader_test
vkd3d-1.16/tests/hlsl/compute.shader_test
vkd3d-1.16/tests/hlsl/side-effects.shader_test
vkd3d-1.16/tests/hlsl/bitwise.shader_test
vkd3d-1.16/tests/hlsl/fxgroup-syntax.shader_test
vkd3d-1.16/tests/hlsl/arithmetic-uint.shader_test
vkd3d-1.16/tests/hlsl/effect-pass-states-fx_4.shader_test
vkd3d-1.16/tests/hlsl/getdimensions.shader_test
vkd3d-1.16/tests/hlsl/step.shader_test
vkd3d-1.16/tests/hlsl/tessellation-patch-vars.shader_test
vkd3d-1.16/tests/hlsl/depth-bounds.shader_test
vkd3d-1.16/tests/hlsl/initializer-invalid-arg-count.shader_test
vkd3d-1.16/tests/hlsl/uninitialized-varyings.shader_test
vkd3d-1.16/tests/hlsl/cast-componentwise-equal.shader_test
vkd3d-1.16/tests/hlsl/wave-ops-int.shader_test
vkd3d-1.16/tests/hlsl/all.shader_test
vkd3d-1.16/tests/shader_runner.c
vkd3d-1.16/tests/vulkan_procs.h
vkd3d-1.16/tests/d3d12.c
vkd3d-1.16/tests/utils.h
vkd3d-1.16/Doxyfile.in
vkd3d-1.16/Makefile.in
vkd3d-1.16/programs/
vkd3d-1.16/programs/vkd3d-dxbc/
vkd3d-1.16/programs/vkd3d-dxbc/main.c
vkd3d-1.16/programs/vkd3d-compiler/
vkd3d-1.16/programs/vkd3d-compiler/main.c
vkd3d-1.16/INSTALL
vkd3d-1.16/demos/
vkd3d-1.16/demos/demo_d3d12.h
vkd3d-1.16/demos/gears.hlsl
vkd3d-1.16/demos/demo_xcb.h
vkd3d-1.16/demos/demo_macos.h
vkd3d-1.16/demos/triangle.hlsl
vkd3d-1.16/demos/demo_vkd3d.h
vkd3d-1.16/demos/triangle.c
vkd3d-1.16/demos/demo_win32.h
vkd3d-1.16/demos/make_objc
vkd3d-1.16/demos/demo.h
vkd3d-1.16/demos/gears.c
checking for gcc... gcc
checking whether the C compiler works... yes
checking for C compiler default output file name... a.out
checking for suffix of executables... 
checking whether we are cross compiling... no
checking for suffix of object files... o
checking whether the compiler supports GNU C... yes
checking whether gcc accepts -g... yes
checking for gcc option to enable C11 features... none needed
checking whether gcc understands -c and -o together... yes
checking for stdio.h... yes
checking for stdlib.h... yes
checking for string.h... yes
checking for inttypes.h... yes
checking for stdint.h... yes
checking for strings.h... yes
checking for sys/stat.h... yes
checking for sys/types.h... yes
checking for unistd.h... yes
checking for wchar.h... yes
checking for minix/config.h... no
checking whether it is safe to define __EXTENSIONS__... yes
checking whether _XOPEN_SOURCE should be defined... no
checking for ar... ar
checking the archiver (ar) interface... ar
checking for gcc... (cached) gcc
checking whether the compiler supports GNU C... (cached) yes
checking whether gcc accepts -g... (cached) yes
checking for gcc option to enable C11 features... (cached) none needed
checking whether gcc understands -c and -o together... (cached) yes
checking for a sed that does not truncate output... /usr/bin/sed
checking for a race-free mkdir -p... /usr/bin/mkdir -p
checking for gawk... gawk
checking for widl... widl
checking whether widl version >= 3.21... yes (9.22)
checking for perl... perl
checking for perl module JSON... no
configure: error: perl module 'JSON' not found. Please install the 'libjson-perl' package.
