--2025-06-15 07:12:17--  https://www.samba.org/ftp/linux-cifs/cifs-utils/cifs-utils-7.4.tar.bz2
Resolving www.samba.org (www.samba.org)... 2a01:4f8:192:486::2:3, 144.76.82.148
Connecting to www.samba.org (www.samba.org)|2a01:4f8:192:486::2:3|:443... connected.
HTTP request sent, awaiting response... 200 OK
Length: 389033 (380K) [application/x-bzip2]
Saving to: 'cifs-utils-7.4.tar.bz2'

     0K .......... .......... .......... .......... .......... 13%  298K 1s
    50K .......... .......... .......... .......... .......... 26%  501K 1s
   100K .......... .......... .......... .......... .......... 39% 44.2M 0s
   150K .......... .......... .......... .......... .......... 52% 1.55M 0s
   200K .......... .......... .......... .......... .......... 65%  730K 0s
   250K .......... .......... .......... .......... .......... 78% 85.0M 0s
   300K .......... .......... .......... .......... .......... 92% 13.8M 0s
   350K .......... .......... .........                       100% 69.4M=0.4s

2025-06-15 07:12:18 (1018 KB/s) - 'cifs-utils-7.4.tar.bz2' saved [389033/389033]

cifs-utils-7.4/
cifs-utils-7.4/autom4te.cache/
cifs-utils-7.4/autom4te.cache/traces.1
cifs-utils-7.4/autom4te.cache/output.0
cifs-utils-7.4/autom4te.cache/requests
cifs-utils-7.4/autom4te.cache/output.1
cifs-utils-7.4/autom4te.cache/traces.0
cifs-utils-7.4/resolve_host.h
cifs-utils-7.4/doc/
cifs-utils-7.4/doc/linux-cifs-client-guide.odt
cifs-utils-7.4/cifsacl.h
cifs-utils-7.4/smb2-quota.rst
cifs-utils-7.4/idmap_plugin.h
cifs-utils-7.4/Makefile.am
cifs-utils-7.4/idmapwb.c
cifs-utils-7.4/aclocal/
cifs-utils-7.4/aclocal/idmap.m4
cifs-utils-7.4/aclocal/libcap.m4
cifs-utils-7.4/INSTALL
cifs-utils-7.4/cifskey.h
cifs-utils-7.4/Makefile.in
cifs-utils-7.4/idmap_plugin.c
cifs-utils-7.4/util.h
cifs-utils-7.4/cifsidmap.h
cifs-utils-7.4/smb2-quota
cifs-utils-7.4/cldap_ping.h
cifs-utils-7.4/asn1.h
cifs-utils-7.4/checkopts
cifs-utils-7.4/setcifsacl.c
cifs-utils-7.4/mount.h
cifs-utils-7.4/setcifsacl.rst.in
cifs-utils-7.4/AUTHORS
cifs-utils-7.4/cldap_ping.c
cifs-utils-7.4/cifs.idmap.rst.in
cifs-utils-7.4/configure
cifs-utils-7.4/smbinfo.rst
cifs-utils-7.4/cifskey.c
cifs-utils-7.4/bash-completion/
cifs-utils-7.4/bash-completion/smbinfo
cifs-utils-7.4/asn1.c
cifs-utils-7.4/aclocal.m4
cifs-utils-7.4/util.c
cifs-utils-7.4/mount.cifs.rst
cifs-utils-7.4/NEWS
cifs-utils-7.4/pam_cifscreds.c
cifs-utils-7.4/smb2-secdesc
cifs-utils-7.4/getcifsacl.c
cifs-utils-7.4/ChangeLog
cifs-utils-7.4/mount.cifs.c
cifs-utils-7.4/smbinfo
cifs-utils-7.4/pam_cifscreds.rst
cifs-utils-7.4/mtab.c
cifs-utils-7.4/cifscreds.rst
cifs-utils-7.4/cifs.upcall.rst.in
cifs-utils-7.4/spnego.c
cifs-utils-7.4/resolve_host.c
cifs-utils-7.4/getcifsacl.rst.in
cifs-utils-7.4/cifscreds.c
cifs-utils-7.4/idmapwb.rst.in
cifs-utils-7.4/cifs.upcall.c
cifs-utils-7.4/data_blob.c
cifs-utils-7.4/COPYING
cifs-utils-7.4/config.h.in
cifs-utils-7.4/contrib/
cifs-utils-7.4/contrib/Makefile.am
cifs-utils-7.4/contrib/Makefile.in
cifs-utils-7.4/contrib/request-key.d/
cifs-utils-7.4/contrib/request-key.d/Makefile.am
cifs-utils-7.4/contrib/request-key.d/Makefile.in
cifs-utils-7.4/contrib/request-key.d/cifs.idmap.conf.in
cifs-utils-7.4/contrib/request-key.d/cifs.spnego.conf.in
cifs-utils-7.4/contrib/request-key.d/README
cifs-utils-7.4/contrib/README
cifs-utils-7.4/cifs_spnego.h
cifs-utils-7.4/README
cifs-utils-7.4/configure.ac
cifs-utils-7.4/spnego.h
cifs-utils-7.4/data_blob.h
cifs-utils-7.4/cifs.idmap.c
configure.ac:76: warning: The macro 'AC_HELP_STRING' is obsolete.
configure.ac:76: You should run autoupdate.
./lib/autoconf/general.m4:204: AC_HELP_STRING is expanded from...
./lib/autoconf/general.m4:1553: AC_ARG_WITH is expanded from...
configure.ac:76: the top level
configure.ac:91: installing './compile'
configure.ac:111: installing './config.guess'
configure.ac:111: installing './config.sub'
configure.ac:10: installing './install-sh'
configure.ac:10: installing './missing'
Makefile.am: installing './depcomp'
checking for a BSD-compatible install... /usr/bin/install -c
checking whether sleep supports fractional seconds... yes
checking filesystem timestamp resolution... 0.01
checking whether build environment is sane... yes
checking for a race-free mkdir -p... /usr/bin/mkdir -p
checking for gawk... gawk
checking whether make sets $(MAKE)... yes
checking whether make supports nested variables... yes
checking xargs -n works... yes
checking whether UID '0' is supported by ustar format... yes
checking whether GID '0' is supported by ustar format... yes
checking how to create a ustar tar archive... gnutar
checking for gcc... gcc
checking whether the C compiler works... yes
checking for C compiler default output file name... a.out
checking for suffix of executables... 
checking whether we are cross compiling... no
checking for suffix of object files... o
checking whether the compiler supports GNU C... yes
checking whether gcc accepts -g... yes
checking for gcc option to enable C11 features... none needed
checking whether gcc understands -c and -o together... yes
checking whether make supports the include directive... yes (GNU style)
checking dependency style of gcc... gcc3
checking for stdio.h... yes
checking for stdlib.h... yes
checking for string.h... yes
checking for inttypes.h... yes
checking for stdint.h... yes
checking for strings.h... yes
checking for sys/stat.h... yes
checking for sys/types.h... yes
checking for unistd.h... yes
checking for wchar.h... yes
checking for minix/config.h... no
checking whether it is safe to define __EXTENSIONS__... yes
checking whether _XOPEN_SOURCE should be defined... no
checking for a sed that does not truncate output... /usr/bin/sed
checking for _Bool... yes
checking for stdbool.h that conforms to C99 or later... yes
checking for uid_t... yes
checking for gid_t... yes
checking for off_t... yes
checking for pid_t... yes
checking for size_t... yes
checking for ptrdiff_t... yes
checking for ssize_t... yes
checking for uint32_t... yes
checking for uint8_t... yes
checking for library containing getmntent... none required
checking build system type... x86_64-pc-linux-gnu
checking host system type... x86_64-pc-linux-gnu
checking whether lstat correctly handles trailing slash... yes
checking for GNU libc compatible malloc... yes
checking for GNU libc compatible realloc... yes
checking for working strnlen... yes
checking for alarm... yes
checking for atexit... yes
checking for endpwent... yes
checking for getmntent... (cached) yes
checking for getpass... yes
checking for gettimeofday... yes
checking for inet_ntop... yes
checking for memset... yes
checking for realpath... yes
checking for setenv... yes
checking for strchr... yes
checking for strcmp... yes
checking for strdup... yes
checking for strerror... yes
checking for strncasecmp... yes
checking for strndup... yes
checking for strpbrk... yes
checking for strrchr... yes
checking for strstr... yes
checking for strtol... yes
checking for strtoul... yes
checking for tolower... yes
checking for uname... yes
checking for clock_gettime... yes
checking for arpa/inet.h... yes
checking for ctype.h... yes
checking for fcntl.h... yes
checking for inttypes.h... (cached) yes
checking for limits.h... yes
checking for mntent.h... yes
checking for netdb.h... yes
checking for stddef.h... yes
checking for stdint.h... (cached) yes
checking for stdbool.h... (cached) yes
checking for stdlib.h... (cached) yes
checking for stdio.h... (cached) yes
checking for errno.h... yes
checking for string.h... (cached) yes
checking for strings.h... (cached) yes
checking for sys/mount.h... yes
checking for sys/param.h... yes
checking for sys/socket.h... yes
checking for sys/time.h... yes
checking for syslog.h... yes
checking for unistd.h... (cached) yes
checking for sys/fsuid.h... yes
checking for setfsuid... yes
checking for talloc.h... yes
checking for talloc_init in -ltalloc... yes
checking for krb5.h... yes
checking for krb5/krb5.h... yes
checking for keyvalue in krb5_keyblock... no
checking for keyutils.h... yes
checking for krb5_init_context in -lkrb5... yes
checking for library containing gss_init_sec_context... -lgssapi_krb5
checking for pkg-config... /usr/bin/pkg-config
checking pkg-config is at least version 0.9.0... yes
checking for wbclient... yes
checking for wbcSidsToUnixIds in -lwbclient... yes
checking for sys/xattr.h... yes
checking whether WBC_ID_TYPE_BOTH enum value is defined... yes
checking for keyutils.h... (cached) yes
checking for security/pam_appl.h... yes
checking for krb5_auth_con_getsendsubkey... yes
checking for krb5_principal_get_realm... no
checking for krb5_free_unparsed_name... yes
checking for krb5_auth_con_setaddrs... yes
checking for krb5_auth_con_set_req_cksumtype... yes
checking for krb5_free_string... yes
checking for rst2man-3.6... no
checking for rst2man-3.4... no
checking for rst2man-3... no
checking for rst2man.py... no
checking for rst2man... rst2man
checking for gcc options needed to detect all undeclared functions... none needed
checking whether krb5_auth_con_set_req_cksumtype is declared... yes
./configure: line 7135: LIBCAP_NG_PATH: command not found
checking for prctl... yes
checking for cap_get_proc in -lcap... yes
checking for sys/capability.h... yes
checking that generated files are newer than configure... done
configure: creating ./config.status
config.status: creating Makefile
config.status: creating contrib/Makefile
config.status: creating contrib/request-key.d/Makefile
config.status: creating config.h
config.status: executing depfiles commands
make  all-recursive
make[1]: Entering directory '/blfs/builds/cifs-utils-7.4'
Making all in contrib
make[2]: Entering directory '/blfs/builds/cifs-utils-7.4/contrib'
Making all in request-key.d
make[3]: Entering directory '/blfs/builds/cifs-utils-7.4/contrib/request-key.d'
/usr/bin/sed 's,[@]sbindir@,/usr/sbin,' ./cifs.idmap.conf.in > cifs.idmap.conf-t && mv cifs.idmap.conf-t cifs.idmap.conf
/usr/bin/sed 's,[@]sbindir@,/usr/sbin,' ./cifs.spnego.conf.in > cifs.spnego.conf-t && mv cifs.spnego.conf-t cifs.spnego.conf
make[3]: Leaving directory '/blfs/builds/cifs-utils-7.4/contrib/request-key.d'
make[3]: Entering directory '/blfs/builds/cifs-utils-7.4/contrib'
make[3]: Nothing to be done for 'all-am'.
make[3]: Leaving directory '/blfs/builds/cifs-utils-7.4/contrib'
make[2]: Leaving directory '/blfs/builds/cifs-utils-7.4/contrib'
make[2]: Entering directory '/blfs/builds/cifs-utils-7.4'
gcc -DHAVE_CONFIG_H -I.    -Wall -Wextra -D_FORTIFY_SOURCE=2 -fpie -pie -Wl,-z,relro,-z,now -O2 -MT cifscreds.o -MD -MP -MF .deps/cifscreds.Tpo -c -o cifscreds.o cifscreds.c
gcc -DHAVE_CONFIG_H -I.    -Wall -Wextra -D_FORTIFY_SOURCE=2 -fpie -pie -Wl,-z,relro,-z,now -O2 -MT cifskey.o -MD -MP -MF .deps/cifskey.Tpo -c -o cifskey.o cifskey.c
gcc -DHAVE_CONFIG_H -I.    -Wall -Wextra -D_FORTIFY_SOURCE=2 -fpie -pie -Wl,-z,relro,-z,now -O2 -MT data_blob.o -MD -MP -MF .deps/data_blob.Tpo -c -o data_blob.o data_blob.c
gcc -DHAVE_CONFIG_H -I.    -Wall -Wextra -D_FORTIFY_SOURCE=2 -fpie -pie -Wl,-z,relro,-z,now -O2 -MT asn1.o -MD -MP -MF .deps/asn1.Tpo -c -o asn1.o asn1.c
gcc -DHAVE_CONFIG_H -I.    -Wall -Wextra -D_FORTIFY_SOURCE=2 -fpie -pie -Wl,-z,relro,-z,now -O2 -MT cldap_ping.o -MD -MP -MF .deps/cldap_ping.Tpo -c -o cldap_ping.o cldap_ping.c
gcc -DHAVE_CONFIG_H -I.    -Wall -Wextra -D_FORTIFY_SOURCE=2 -fpie -pie -Wl,-z,relro,-z,now -O2 -MT resolve_host.o -MD -MP -MF .deps/resolve_host.Tpo -c -o resolve_host.o resolve_host.c
gcc -DHAVE_CONFIG_H -I.    -Wall -Wextra -D_FORTIFY_SOURCE=2 -fpie -pie -Wl,-z,relro,-z,now -O2 -MT util.o -MD -MP -MF .deps/util.Tpo -c -o util.o util.c
gcc -DHAVE_CONFIG_H -I.    -Wall -Wextra -D_FORTIFY_SOURCE=2 -fpie -pie -Wl,-z,relro,-z,now -O2 -MT getcifsacl.o -MD -MP -MF .deps/getcifsacl.Tpo -c -o getcifsacl.o getcifsacl.c
gcc -DHAVE_CONFIG_H -I.    -Wall -Wextra -D_FORTIFY_SOURCE=2 -fpie -pie -Wl,-z,relro,-z,now -O2 -MT idmap_plugin.o -MD -MP -MF .deps/idmap_plugin.Tpo -c -o idmap_plugin.o idmap_plugin.c
gcc -DHAVE_CONFIG_H -I.    -Wall -Wextra -D_FORTIFY_SOURCE=2 -fpie -pie -Wl,-z,relro,-z,now -O2 -MT setcifsacl.o -MD -MP -MF .deps/setcifsacl.Tpo -c -o setcifsacl.o setcifsacl.c
gcc -DHAVE_CONFIG_H -O2 -Wall -Wextra -D_FORTIFY_SOURCE=2 -fpie -pie -Wl,-z,relro,-z,now  -shared -fpic -o pam_cifscreds.so pam_cifscreds.c cifskey.c data_blob.c asn1.c cldap_ping.c resolve_host.c util.c -lpam -lkeyutils -ltalloc -lresolv
gcc -DHAVE_CONFIG_H -O2 -Wall -Wextra -D_FORTIFY_SOURCE=2 -fpie -pie -Wl,-z,relro,-z,now -I/usr/include/samba-4.0 -DHAVE_IMMEDIATE_STRUCTURES=1  -shared -fpic -o idmapwb.so idmapwb.c -Wl,-rpath,/usr/lib -lwbclient
gcc -DHAVE_CONFIG_H -I.    -Wall -Wextra -D_FORTIFY_SOURCE=2 -fpie -pie -Wl,-z,relro,-z,now -O2 -MT mount.cifs.o -MD -MP -MF .deps/mount.cifs.Tpo -c -o mount.cifs.o mount.cifs.c
gcc -DHAVE_CONFIG_H -I.    -Wall -Wextra -D_FORTIFY_SOURCE=2 -fpie -pie -Wl,-z,relro,-z,now -O2 -MT mtab.o -MD -MP -MF .deps/mtab.Tpo -c -o mtab.o mtab.c
gcc -DHAVE_CONFIG_H -I.    -Wall -Wextra -D_FORTIFY_SOURCE=2 -fpie -pie -Wl,-z,relro,-z,now -O2 -MT cifs.upcall.o -MD -MP -MF .deps/cifs.upcall.Tpo -c -o cifs.upcall.o cifs.upcall.c
gcc -DHAVE_CONFIG_H -I.    -Wall -Wextra -D_FORTIFY_SOURCE=2 -fpie -pie -Wl,-z,relro,-z,now -O2 -MT spnego.o -MD -MP -MF .deps/spnego.Tpo -c -o spnego.o spnego.c
mv -f .deps/util.Tpo .deps/util.Po
gcc -DHAVE_CONFIG_H -I.    -Wall -Wextra -D_FORTIFY_SOURCE=2 -fpie -pie -Wl,-z,relro,-z,now -O2 -MT cifs.idmap.o -MD -MP -MF .deps/cifs.idmap.Tpo -c -o cifs.idmap.o cifs.idmap.c
mv -f .deps/idmap_plugin.Tpo .deps/idmap_plugin.Po
rst2man --syntax-highlight=none mount.cifs.rst mount.cifs.8
mv -f .deps/cifskey.Tpo .deps/cifskey.Po
/usr/bin/sed 's,[@]sbindir@,/usr/sbin,' ./cifs.upcall.rst.in > cifs.upcall.rst-t && mv cifs.upcall.rst-t cifs.upcall.rst
mv -f .deps/spnego.Tpo .deps/spnego.Po
mv -f .deps/data_blob.Tpo .deps/data_blob.Po
rst2man --syntax-highlight=none cifscreds.rst cifscreds.1
/usr/bin/sed -e 's,[@]sbindir@,/usr/sbin,' -e 's,[@]pluginpath@,/etc/cifs-utils/idmap-plugin,' ./cifs.idmap.rst.in > cifs.idmap.rst-t && mv cifs.idmap.rst-t cifs.idmap.rst
/usr/bin/sed 's,[@]pluginpath@,/etc/cifs-utils/idmap-plugin,' ./getcifsacl.rst.in > getcifsacl.rst-t && mv getcifsacl.rst-t getcifsacl.rst
/usr/bin/sed 's,[@]pluginpath@,/etc/cifs-utils/idmap-plugin,' ./setcifsacl.rst.in > setcifsacl.rst-t && mv setcifsacl.rst-t setcifsacl.rst
rst2man --syntax-highlight=none smbinfo.rst smbinfo.1
rst2man --syntax-highlight=none smb2-quota.rst smb2-quota.1
cifs.upcall.c: In function 'main':
cifs.upcall.c:1722:59: warning: 'calloc' sizes specified with 'sizeof' in the earlier argument and not in the later argument [-Wcalloc-transposed-args]
 1722 |         keydata = (struct cifs_spnego_msg *)calloc(sizeof(char), datalen);
      |                                                           ^~~~
cifs.upcall.c:1722:59: note: earlier argument should specify number of elements, later size of each element
mv -f .deps/asn1.Tpo .deps/asn1.Po
/usr/bin/sed 's,[@]pluginpath@,/etc/cifs-utils/idmap-plugin,' ./idmapwb.rst.in > idmapwb.rst-t && mv idmapwb.rst-t idmapwb.rst
rst2man --syntax-highlight=none pam_cifscreds.rst pam_cifscreds.8
mv -f .deps/mtab.Tpo .deps/mtab.Po
mv -f .deps/resolve_host.Tpo .deps/resolve_host.Po
rst2man --syntax-highlight=none cifs.upcall.rst cifs.upcall.8
rst2man --syntax-highlight=none cifs.idmap.rst cifs.idmap.8
mv -f .deps/cldap_ping.Tpo .deps/cldap_ping.Po
rst2man --syntax-highlight=none getcifsacl.rst getcifsacl.1
mv -f .deps/cifs.idmap.Tpo .deps/cifs.idmap.Po
rst2man --syntax-highlight=none setcifsacl.rst setcifsacl.1
rst2man --syntax-highlight=none idmapwb.rst idmapwb.8
gcc -Wall -Wextra -D_FORTIFY_SOURCE=2 -fpie -pie -Wl,-z,relro,-z,now -O2   -o cifs.idmap cifs.idmap.o idmap_plugin.o -lkeyutils -ldl -ltalloc 
mv -f .deps/cifscreds.Tpo .deps/cifscreds.Po
gcc -Wall -Wextra -D_FORTIFY_SOURCE=2 -fpie -pie -Wl,-z,relro,-z,now -O2   -o cifscreds cifscreds.o cifskey.o data_blob.o asn1.o cldap_ping.o resolve_host.o util.o -lkeyutils -ltalloc -lresolv -ltalloc 
mv -f .deps/getcifsacl.Tpo .deps/getcifsacl.Po
gcc -Wall -Wextra -D_FORTIFY_SOURCE=2 -fpie -pie -Wl,-z,relro,-z,now -O2   -o getcifsacl getcifsacl.o idmap_plugin.o -ldl -ltalloc 
mv -f .deps/setcifsacl.Tpo .deps/setcifsacl.Po
mv -f .deps/cifs.upcall.Tpo .deps/cifs.upcall.Po
gcc -Wall -Wextra -D_FORTIFY_SOURCE=2 -fpie -pie -Wl,-z,relro,-z,now -O2   -o setcifsacl setcifsacl.o idmap_plugin.o -ldl -ltalloc 
gcc -Wall -Wextra -D_FORTIFY_SOURCE=2 -fpie -pie -Wl,-z,relro,-z,now -O2   -o cifs.upcall cifs.upcall.o data_blob.o asn1.o spnego.o -ltalloc -lkeyutils -lgssapi_krb5 -lkrb5  -ltalloc 
mv -f .deps/mount.cifs.Tpo .deps/mount.cifs.Po
gcc -Wall -Wextra -D_FORTIFY_SOURCE=2 -fpie -pie -Wl,-z,relro,-z,now -O2   -o mount.cifs mount.cifs.o mtab.o data_blob.o asn1.o cldap_ping.o resolve_host.o util.o -lcap   -ltalloc -lresolv -ltalloc 
make[2]: Leaving directory '/blfs/builds/cifs-utils-7.4'
make[1]: Leaving directory '/blfs/builds/cifs-utils-7.4'
Making install in contrib
make[1]: Entering directory '/blfs/builds/cifs-utils-7.4/contrib'
Making install in request-key.d
make[2]: Entering directory '/blfs/builds/cifs-utils-7.4/contrib/request-key.d'
make[3]: Entering directory '/blfs/builds/cifs-utils-7.4/contrib/request-key.d'
make[3]: Nothing to be done for 'install-exec-am'.
make[3]: Nothing to be done for 'install-data-am'.
make[3]: Leaving directory '/blfs/builds/cifs-utils-7.4/contrib/request-key.d'
make[2]: Leaving directory '/blfs/builds/cifs-utils-7.4/contrib/request-key.d'
make[2]: Entering directory '/blfs/builds/cifs-utils-7.4/contrib'
make[3]: Entering directory '/blfs/builds/cifs-utils-7.4/contrib'
make[3]: Nothing to be done for 'install-exec-am'.
make[3]: Nothing to be done for 'install-data-am'.
make[3]: Leaving directory '/blfs/builds/cifs-utils-7.4/contrib'
make[2]: Leaving directory '/blfs/builds/cifs-utils-7.4/contrib'
make[1]: Leaving directory '/blfs/builds/cifs-utils-7.4/contrib'
make[1]: Entering directory '/blfs/builds/cifs-utils-7.4'
make[2]: Entering directory '/blfs/builds/cifs-utils-7.4'
 /usr/bin/mkdir -p '/pkgs/cifs-utils/usr/bin'
  /usr/bin/install -c cifscreds getcifsacl setcifsacl '/pkgs/cifs-utils/usr/bin'
 /usr/bin/mkdir -p '/pkgs/cifs-utils/usr/bin'
 /usr/bin/install -c smbinfo smb2-quota '/pkgs/cifs-utils/usr/bin'
 /usr/bin/mkdir -p '/pkgs/cifs-utils/sbin'
  /usr/bin/install -c mount.cifs '/pkgs/cifs-utils/sbin'
 /usr/bin/mkdir -p '/pkgs/cifs-utils/usr/sbin'
  /usr/bin/install -c cifs.upcall cifs.idmap '/pkgs/cifs-utils/usr/sbin'
make  install-exec-hook
make[3]: Entering directory '/blfs/builds/cifs-utils-7.4'
 /usr/bin/mkdir -p '/pkgs/cifs-utils/usr/sbin'
  /usr/bin/install -c cifs.upcall cifs.idmap '/pkgs/cifs-utils/usr/sbin'
(cd /pkgs/cifs-utils/sbin && ln -sf mount.cifs mount.smb3)
make[3]: Leaving directory '/blfs/builds/cifs-utils-7.4'
 /usr/bin/mkdir -p '/pkgs/cifs-utils/usr/include'
 /usr/bin/install -c -m 644 cifsidmap.h '/pkgs/cifs-utils/usr/include'
 /usr/bin/mkdir -p '/pkgs/cifs-utils/usr/share/man/man1'
 /usr/bin/install -c -m 644 cifscreds.1 getcifsacl.1 setcifsacl.1 smbinfo.1 smb2-quota.1 '/pkgs/cifs-utils/usr/share/man/man1'
 /usr/bin/mkdir -p '/pkgs/cifs-utils/usr/share/man/man8'
 /usr/bin/install -c -m 644 mount.cifs.8 cifs.upcall.8 cifs.idmap.8 idmapwb.8 pam_cifscreds.8 '/pkgs/cifs-utils/usr/share/man/man8'
 /usr/bin/mkdir -p '/pkgs/cifs-utils/usr/lib/security'
  /usr/bin/install -c pam_cifscreds.so '/pkgs/cifs-utils/usr/lib/security'
 /usr/bin/mkdir -p '/pkgs/cifs-utils/usr/lib/cifs-utils'
  /usr/bin/install -c idmapwb.so '/pkgs/cifs-utils/usr/lib/cifs-utils'
make  install-data-hook
make[3]: Entering directory '/blfs/builds/cifs-utils-7.4'
( cd /pkgs/cifs-utils/usr/share/man/man8 && ln -sf mount.cifs.8 mount.smb3.8)
make[3]: Leaving directory '/blfs/builds/cifs-utils-7.4'
make[2]: Leaving directory '/blfs/builds/cifs-utils-7.4'
make[1]: Leaving directory '/blfs/builds/cifs-utils-7.4'
Making install in contrib
make[1]: Entering directory '/blfs/builds/cifs-utils-7.4/contrib'
Making install in request-key.d
make[2]: Entering directory '/blfs/builds/cifs-utils-7.4/contrib/request-key.d'
make[3]: Entering directory '/blfs/builds/cifs-utils-7.4/contrib/request-key.d'
make[3]: Nothing to be done for 'install-exec-am'.
make[3]: Nothing to be done for 'install-data-am'.
make[3]: Leaving directory '/blfs/builds/cifs-utils-7.4/contrib/request-key.d'
make[2]: Leaving directory '/blfs/builds/cifs-utils-7.4/contrib/request-key.d'
make[2]: Entering directory '/blfs/builds/cifs-utils-7.4/contrib'
make[3]: Entering directory '/blfs/builds/cifs-utils-7.4/contrib'
make[3]: Nothing to be done for 'install-exec-am'.
make[3]: Nothing to be done for 'install-data-am'.
make[3]: Leaving directory '/blfs/builds/cifs-utils-7.4/contrib'
make[2]: Leaving directory '/blfs/builds/cifs-utils-7.4/contrib'
make[1]: Leaving directory '/blfs/builds/cifs-utils-7.4/contrib'
make[1]: Entering directory '/blfs/builds/cifs-utils-7.4'
make[2]: Entering directory '/blfs/builds/cifs-utils-7.4'
 /usr/bin/mkdir -p '/usr/bin'
  /usr/bin/install -c cifscreds getcifsacl setcifsacl '/usr/bin'
 /usr/bin/mkdir -p '/usr/bin'
 /usr/bin/install -c smbinfo smb2-quota '/usr/bin'
 /usr/bin/mkdir -p '/sbin'
  /usr/bin/install -c mount.cifs '/sbin'
 /usr/bin/mkdir -p '/usr/sbin'
  /usr/bin/install -c cifs.upcall cifs.idmap '/usr/sbin'
make  install-exec-hook
make[3]: Entering directory '/blfs/builds/cifs-utils-7.4'
 /usr/bin/mkdir -p '/usr/sbin'
  /usr/bin/install -c cifs.upcall cifs.idmap '/usr/sbin'
(cd /sbin && ln -sf mount.cifs mount.smb3)
make[3]: Leaving directory '/blfs/builds/cifs-utils-7.4'
 /usr/bin/mkdir -p '/usr/include'
 /usr/bin/install -c -m 644 cifsidmap.h '/usr/include'
 /usr/bin/mkdir -p '/usr/share/man/man1'
 /usr/bin/install -c -m 644 cifscreds.1 getcifsacl.1 setcifsacl.1 smbinfo.1 smb2-quota.1 '/usr/share/man/man1'
 /usr/bin/mkdir -p '/usr/share/man/man8'
 /usr/bin/install -c -m 644 mount.cifs.8 cifs.upcall.8 cifs.idmap.8 idmapwb.8 pam_cifscreds.8 '/usr/share/man/man8'
 /usr/bin/mkdir -p '/usr/lib/security'
  /usr/bin/install -c pam_cifscreds.so '/usr/lib/security'
 /usr/bin/mkdir -p '/usr/lib/cifs-utils'
  /usr/bin/install -c idmapwb.so '/usr/lib/cifs-utils'
make  install-data-hook
make[3]: Entering directory '/blfs/builds/cifs-utils-7.4'
( cd /usr/share/man/man8 && ln -sf mount.cifs.8 mount.smb3.8)
make[3]: Leaving directory '/blfs/builds/cifs-utils-7.4'
make[2]: Leaving directory '/blfs/builds/cifs-utils-7.4'
make[1]: Leaving directory '/blfs/builds/cifs-utils-7.4'
cifs-utils/
cifs-utils/usr/
cifs-utils/usr/share/
cifs-utils/usr/share/man/
cifs-utils/usr/share/man/man1/
cifs-utils/usr/share/man/man1/getcifsacl.1
cifs-utils/usr/share/man/man1/setcifsacl.1
cifs-utils/usr/share/man/man1/smbinfo.1
cifs-utils/usr/share/man/man1/smb2-quota.1
cifs-utils/usr/share/man/man1/cifscreds.1
cifs-utils/usr/share/man/man8/
cifs-utils/usr/share/man/man8/mount.smb3.8
cifs-utils/usr/share/man/man8/cifs.idmap.8
cifs-utils/usr/share/man/man8/mount.cifs.8
cifs-utils/usr/share/man/man8/pam_cifscreds.8
cifs-utils/usr/share/man/man8/cifs.upcall.8
cifs-utils/usr/share/man/man8/idmapwb.8
cifs-utils/usr/sbin/
cifs-utils/usr/sbin/mount.cifs
cifs-utils/usr/sbin/cifs.idmap
cifs-utils/usr/sbin/mount.smb3
cifs-utils/usr/sbin/cifs.upcall
cifs-utils/usr/lib/
cifs-utils/usr/lib/security/
cifs-utils/usr/lib/security/pam_cifscreds.so
cifs-utils/usr/lib/cifs-utils/
cifs-utils/usr/lib/cifs-utils/idmapwb.so
cifs-utils/usr/include/
cifs-utils/usr/include/cifsidmap.h
cifs-utils/usr/bin/
cifs-utils/usr/bin/smb2-quota
cifs-utils/usr/bin/getcifsacl
cifs-utils/usr/bin/setcifsacl
cifs-utils/usr/bin/cifscreds
cifs-utils/usr/bin/smbinfo
cifs-utils/version
cifs-utils/depends
