--2025-06-15 07:11:49--  https://github.com/Mic92/iana-etc/releases/download/20250612/iana-etc-20250612.tar.gz
Resolving github.com (github.com)... 140.82.114.4
Connecting to github.com (github.com)|140.82.114.4|:443... connected.
HTTP request sent, awaiting response... 302 Found
Location: https://objects.githubusercontent.com/github-production-release-asset-2e65be/84966990/41280a5f-b838-4225-bab9-7ce970e760ee?X-Amz-Algorithm=AWS4-HMAC-SHA256&X-Amz-Credential=releaseassetproduction%2F20250615%2Fus-east-1%2Fs3%2Faws4_request&X-Amz-Date=20250615T071149Z&X-Amz-Expires=300&X-Amz-Signature=eee0403e71bbe089db768d545f47d5226c5cbbb6e4ca4b55139ff7519fc70c40&X-Amz-SignedHeaders=host&response-content-disposition=attachment%3B%20filename%3Diana-etc-20250612.tar.gz&response-content-type=application%2Foctet-stream [following]
--2025-06-15 07:11:49--  https://objects.githubusercontent.com/github-production-release-asset-2e65be/84966990/41280a5f-b838-4225-bab9-7ce970e760ee?X-Amz-Algorithm=AWS4-HMAC-SHA256&X-Amz-Credential=releaseassetproduction%2F20250615%2Fus-east-1%2Fs3%2Faws4_request&X-Amz-Date=20250615T071149Z&X-Amz-Expires=300&X-Amz-Signature=eee0403e71bbe089db768d545f47d5226c5cbbb6e4ca4b55139ff7519fc70c40&X-Amz-SignedHeaders=host&response-content-disposition=attachment%3B%20filename%3Diana-etc-20250612.tar.gz&response-content-type=application%2Foctet-stream
Resolving objects.githubusercontent.com (objects.githubusercontent.com)... 185.199.111.133, 185.199.110.133, 185.199.108.133, ...
Connecting to objects.githubusercontent.com (objects.githubusercontent.com)|185.199.111.133|:443... connected.
HTTP request sent, awaiting response... 200 OK
Length: 605669 (591K) [application/octet-stream]
Saving to: 'iana-etc-20250612.tar.gz'

     0K .......... .......... .......... .......... ..........  8% 8.36M 0s
    50K .......... .......... .......... .......... .......... 16% 13.3M 0s
   100K .......... .......... .......... .......... .......... 25% 13.0M 0s
   150K .......... .......... .......... .......... .......... 33% 81.5M 0s
   200K .......... .......... .......... .......... .......... 42% 50.4M 0s
   250K .......... .......... .......... .......... .......... 50% 20.0M 0s
   300K .......... .......... .......... .......... .......... 59% 70.7M 0s
   350K .......... .......... .......... .......... .......... 67% 14.8M 0s
   400K .......... .......... .......... .......... .......... 76%  118M 0s
   450K .......... .......... .......... .......... .......... 84%  118M 0s
   500K .......... .......... .......... .......... .......... 92%  118M 0s
   550K .......... .......... .......... .......... .         100%  126M=0.02s

2025-06-15 07:11:49 (25.3 MB/s) - 'iana-etc-20250612.tar.gz' saved [605669/605669]

iana-etc-20250612/service-names-port-numbers.xml
iana-etc-20250612/services
iana-etc-20250612/protocol-numbers.xml
iana-etc-20250612/protocols
iana-etc/
iana-etc/version
iana-etc/depends
iana-etc/etc/
iana-etc/etc/services
iana-etc/etc/protocols
iana-etc/make-depends
