--2025-06-15 07:09:54--  https://download.gnome.org/sources/gdk-pixbuf/2.43/gdk-pixbuf-2.43.2.tar.xz
Resolving download.gnome.org (download.gnome.org)... 2a02:6ea0:c400::53, 2a02:6ea0:c400::54, 79.127.206.208, ...
Connecting to download.gnome.org (download.gnome.org)|2a02:6ea0:c400::53|:443... connected.
HTTP request sent, awaiting response... 200 OK
Length: 6604640 (6.3M) [application/octet-stream]
Saving to: 'gdk-pixbuf-2.43.2.tar.xz.1'

     0K .......... .......... .......... .......... ..........  0% 4.85M 1s
    50K .......... .......... .......... .......... ..........  1% 10.1M 1s
   100K .......... .......... .......... .......... ..........  2% 17.6M 1s
   150K .......... .......... .......... .......... ..........  3% 16.3M 1s
   200K .......... .......... .......... .......... ..........  3% 25.9M 1s
   250K .......... .......... .......... .......... ..........  4% 57.1M 0s
   300K .......... .......... .......... .......... ..........  5% 37.4M 0s
   350K .......... .......... .......... .......... ..........  6% 23.9M 0s
   400K .......... .......... .......... .......... ..........  6% 39.5M 0s
   450K .......... .......... .......... .......... ..........  7% 67.9M 0s
   500K .......... .......... .......... .......... ..........  8% 62.9M 0s
   550K .......... .......... .......... .......... ..........  9% 36.1M 0s
   600K .......... .......... .......... .......... .......... 10%  103M 0s
   650K .......... .......... .......... .......... .......... 10% 99.0M 0s
   700K .......... .......... .......... .......... .......... 11% 40.7M 0s
   750K .......... .......... .......... .......... .......... 12% 82.8M 0s
   800K .......... .......... .......... .......... .......... 13% 53.3M 0s
   850K .......... .......... .......... .......... .......... 13% 15.5M 0s
   900K .......... .......... .......... .......... .......... 14%  105M 0s
   950K .......... .......... .......... .......... .......... 15%  116M 0s
  1000K .......... .......... .......... .......... .......... 16% 10.9M 0s
  1050K .......... .......... .......... .......... .......... 17%  104M 0s
  1100K .......... .......... .......... .......... .......... 17%  118M 0s
  1150K .......... .......... .......... .......... .......... 18% 12.6M 0s
  1200K .......... .......... .......... .......... .......... 19%  105M 0s
  1250K .......... .......... .......... .......... .......... 20%  114M 0s
  1300K .......... .......... .......... .......... .......... 20% 10.1M 0s
  1350K .......... .......... .......... .......... .......... 21%  118M 0s
  1400K .......... .......... .......... .......... .......... 22%  117M 0s
  1450K .......... .......... .......... .......... .......... 23% 9.66M 0s
  1500K .......... .......... .......... .......... .......... 24%  116M 0s
  1550K .......... .......... .......... .......... .......... 24% 12.2M 0s
  1600K .......... .......... .......... .......... .......... 25%  116M 0s
  1650K .......... .......... .......... .......... .......... 26%  118M 0s
  1700K .......... .......... .......... .......... .......... 27% 10.1M 0s
  1750K .......... .......... .......... .......... .......... 27%  172M 0s
  1800K .......... .......... .......... .......... .......... 28%  100M 0s
  1850K .......... .......... .......... .......... .......... 29% 10.8M 0s
  1900K .......... .......... .......... .......... .......... 30%  118M 0s
  1950K .......... .......... .......... .......... .......... 31% 97.5M 0s
  2000K .......... .......... .......... .......... .......... 31% 12.6M 0s
  2050K .......... .......... .......... .......... .......... 32% 80.3M 0s
  2100K .......... .......... .......... .......... .......... 33%  171M 0s
  2150K .......... .......... .......... .......... .......... 34% 10.7M 0s
  2200K .......... .......... .......... .......... .......... 34% 90.5M 0s
  2250K .......... .......... .......... .......... .......... 35%  161M 0s
  2300K .......... .......... .......... .......... .......... 36% 12.3M 0s
  2350K .......... .......... .......... .......... .......... 37% 98.7M 0s
  2400K .......... .......... .......... .......... .......... 37% 94.6M 0s
  2450K .......... .......... .......... .......... .......... 38% 12.5M 0s
  2500K .......... .......... .......... .......... .......... 39%  175M 0s
  2550K .......... .......... .......... .......... .......... 40% 96.7M 0s
  2600K .......... .......... .......... .......... .......... 41% 9.52M 0s
  2650K .......... .......... .......... .......... .......... 41%  160M 0s
  2700K .......... .......... .......... .......... .......... 42% 82.3M 0s
  2750K .......... .......... .......... .......... .......... 43% 11.0M 0s
  2800K .......... .......... .......... .......... .......... 44%  101M 0s
  2850K .......... .......... .......... .......... .......... 44% 11.2M 0s
  2900K .......... .......... .......... .......... .......... 45%  124M 0s
  2950K .......... .......... .......... .......... .......... 46%  103M 0s
  3000K .......... .......... .......... .......... .......... 47% 11.5M 0s
  3050K .......... .......... .......... .......... .......... 48%  126M 0s
  3100K .......... .......... .......... .......... .......... 48% 99.7M 0s
  3150K .......... .......... .......... .......... .......... 49% 11.2M 0s
  3200K .......... .......... .......... .......... .......... 50% 82.3M 0s
  3250K .......... .......... .......... .......... .......... 51%  157M 0s
  3300K .......... .......... .......... .......... .......... 51% 10.8M 0s
  3350K .......... .......... .......... .......... .......... 52% 66.0M 0s
  3400K .......... .......... .......... .......... .......... 53%  207M 0s
  3450K .......... .......... .......... .......... .......... 54% 11.1M 0s
  3500K .......... .......... .......... .......... .......... 55%  128M 0s
  3550K .......... .......... .......... .......... .......... 55% 94.0M 0s
  3600K .......... .......... .......... .......... .......... 56% 12.0M 0s
  3650K .......... .......... .......... .......... .......... 57%  114M 0s
  3700K .......... .......... .......... .......... .......... 58%  220M 0s
  3750K .......... .......... .......... .......... .......... 58% 11.7M 0s
  3800K .......... .......... .......... .......... .......... 59% 68.4M 0s
  3850K .......... .......... .......... .......... .......... 60%  123M 0s
  3900K .......... .......... .......... .......... .......... 61% 11.7M 0s
  3950K .......... .......... .......... .......... .......... 62% 98.3M 0s
  4000K .......... .......... .......... .......... .......... 62% 10.9M 0s
  4050K .......... .......... .......... .......... .......... 63%  128M 0s
  4100K .......... .......... .......... .......... .......... 64%  100M 0s
  4150K .......... .......... .......... .......... .......... 65% 12.0M 0s
  4200K .......... .......... .......... .......... .......... 65%  125M 0s
  4250K .......... .......... .......... .......... .......... 66% 99.4M 0s
  4300K .......... .......... .......... .......... .......... 67% 12.2M 0s
  4350K .......... .......... .......... .......... .......... 68% 81.7M 0s
  4400K .......... .......... .......... .......... .......... 68% 91.9M 0s
  4450K .......... .......... .......... .......... .......... 69% 13.3M 0s
  4500K .......... .......... .......... .......... .......... 70% 96.5M 0s
  4550K .......... .......... .......... .......... .......... 71%  176M 0s
  4600K .......... .......... .......... .......... .......... 72% 11.2M 0s
  4650K .......... .......... .......... .......... .......... 72% 81.9M 0s
  4700K .......... .......... .......... .......... .......... 73%  182M 0s
  4750K .......... .......... .......... .......... .......... 74% 10.5M 0s
  4800K .......... .......... .......... .......... .......... 75%  208M 0s
  4850K .......... .......... .......... .......... .......... 75%  177M 0s
  4900K .......... .......... .......... .......... .......... 76% 10.8M 0s
  4950K .......... .......... .......... .......... .......... 77%  206M 0s
  5000K .......... .......... .......... .......... .......... 78%  176M 0s
  5050K .......... .......... .......... .......... .......... 79% 12.3M 0s
  5100K .......... .......... .......... .......... .......... 79%  145M 0s
  5150K .......... .......... .......... .......... .......... 80% 11.2M 0s
  5200K .......... .......... .......... .......... .......... 81% 92.9M 0s
  5250K .......... .......... .......... .......... .......... 82%  103M 0s
  5300K .......... .......... .......... .......... .......... 82% 10.7M 0s
  5350K .......... .......... .......... .......... .......... 83% 64.0M 0s
  5400K .......... .......... .......... .......... .......... 84%  160M 0s
  5450K .......... .......... .......... .......... .......... 85% 10.7M 0s
  5500K .......... .......... .......... .......... .......... 86% 97.8M 0s
  5550K .......... .......... .......... .......... .......... 86% 93.0M 0s
  5600K .......... .......... .......... .......... .......... 87% 12.1M 0s
  5650K .......... .......... .......... .......... .......... 88% 83.3M 0s
  5700K .......... .......... .......... .......... .......... 89%  175M 0s
  5750K .......... .......... .......... .......... .......... 89% 12.5M 0s
  5800K .......... .......... .......... .......... .......... 90% 81.5M 0s
  5850K .......... .......... .......... .......... .......... 91%  173M 0s
  5900K .......... .......... .......... .......... .......... 92% 10.7M 0s
  5950K .......... .......... .......... .......... .......... 93% 78.5M 0s
  6000K .......... .......... .......... .......... .......... 93% 92.1M 0s
  6050K .......... .......... .......... .......... .......... 94% 13.1M 0s
  6100K .......... .......... .......... .......... .......... 95%  123M 0s
  6150K .......... .......... .......... .......... .......... 96%  105M 0s
  6200K .......... .......... .......... .......... .......... 96% 10.7M 0s
  6250K .......... .......... .......... .......... .......... 97%  205M 0s
  6300K .......... .......... .......... .......... .......... 98%  182M 0s
  6350K .......... .......... .......... .......... .......... 99% 10.8M 0s
  6400K .......... .......... .......... .......... ......... 100%  182M=0.2s

2025-06-15 07:09:54 (27.0 MB/s) - 'gdk-pixbuf-2.43.2.tar.xz.1' saved [6604640/6604640]

gdk-pixbuf-2.43.2/
gdk-pixbuf-2.43.2/.clang-format
gdk-pixbuf-2.43.2/.gitignore
gdk-pixbuf-2.43.2/.gitlab/
gdk-pixbuf-2.43.2/.gitlab/ci/
gdk-pixbuf-2.43.2/.gitlab/ci/fedora.Dockerfile
gdk-pixbuf-2.43.2/.gitlab/ci/run-docker.sh
gdk-pixbuf-2.43.2/.gitlab/ci/test-docker.sh
gdk-pixbuf-2.43.2/.gitlab/ci/test-msys2.sh
gdk-pixbuf-2.43.2/.gitlab/scripts/
gdk-pixbuf-2.43.2/.gitlab/scripts/clang-format-diff.py
gdk-pixbuf-2.43.2/.gitlab/scripts/meson-junit-report.py
gdk-pixbuf-2.43.2/.gitlab/scripts/run-style-check-diff.sh
gdk-pixbuf-2.43.2/.gitlab/scripts/run-tests.sh
gdk-pixbuf-2.43.2/.gitlab-ci.yml
gdk-pixbuf-2.43.2/CONTRIBUTING.md
gdk-pixbuf-2.43.2/COPYING
gdk-pixbuf-2.43.2/NEWS
gdk-pixbuf-2.43.2/README.md
gdk-pixbuf-2.43.2/README.msvc
gdk-pixbuf-2.43.2/build-aux/
gdk-pixbuf-2.43.2/build-aux/dist.py
gdk-pixbuf-2.43.2/build-aux/gen-color-table.pl
gdk-pixbuf-2.43.2/build-aux/gen-installed-test.py
gdk-pixbuf-2.43.2/build-aux/gen-resources.py
gdk-pixbuf-2.43.2/build-aux/gen-thumbnailer.py
gdk-pixbuf-2.43.2/build-aux/post-install.py
gdk-pixbuf-2.43.2/docs/
gdk-pixbuf-2.43.2/docs/apple-red-1a.png
gdk-pixbuf-2.43.2/docs/apple-red-2c.png
gdk-pixbuf-2.43.2/docs/composite.dia
gdk-pixbuf-2.43.2/docs/composite.png
gdk-pixbuf-2.43.2/docs/gdk-pixbuf/
gdk-pixbuf-2.43.2/docs/gdk-pixbuf/apple-red-1a.png
gdk-pixbuf-2.43.2/docs/gdk-pixbuf/apple-red-2c.png
gdk-pixbuf-2.43.2/docs/gdk-pixbuf/callback.PixbufDestroyNotify.html
gdk-pixbuf-2.43.2/docs/gdk-pixbuf/callback.PixbufModuleBeginLoadFunc.html
gdk-pixbuf-2.43.2/docs/gdk-pixbuf/callback.PixbufModuleFillInfoFunc.html
gdk-pixbuf-2.43.2/docs/gdk-pixbuf/callback.PixbufModuleFillVtableFunc.html
gdk-pixbuf-2.43.2/docs/gdk-pixbuf/callback.PixbufModuleIncrementLoadFunc.html
gdk-pixbuf-2.43.2/docs/gdk-pixbuf/callback.PixbufModuleLoadAnimationFunc.html
gdk-pixbuf-2.43.2/docs/gdk-pixbuf/callback.PixbufModuleLoadFunc.html
gdk-pixbuf-2.43.2/docs/gdk-pixbuf/callback.PixbufModuleLoadXpmDataFunc.html
gdk-pixbuf-2.43.2/docs/gdk-pixbuf/callback.PixbufModulePreparedFunc.html
gdk-pixbuf-2.43.2/docs/gdk-pixbuf/callback.PixbufModuleSaveCallbackFunc.html
gdk-pixbuf-2.43.2/docs/gdk-pixbuf/callback.PixbufModuleSaveFunc.html
gdk-pixbuf-2.43.2/docs/gdk-pixbuf/callback.PixbufModuleSaveOptionSupportedFunc.html
gdk-pixbuf-2.43.2/docs/gdk-pixbuf/callback.PixbufModuleSizeFunc.html
gdk-pixbuf-2.43.2/docs/gdk-pixbuf/callback.PixbufModuleStopLoadFunc.html
gdk-pixbuf-2.43.2/docs/gdk-pixbuf/callback.PixbufModuleUpdatedFunc.html
gdk-pixbuf-2.43.2/docs/gdk-pixbuf/callback.PixbufSaveFunc.html
gdk-pixbuf-2.43.2/docs/gdk-pixbuf/class.Pixbuf.html
gdk-pixbuf-2.43.2/docs/gdk-pixbuf/class.PixbufAnimation.html
gdk-pixbuf-2.43.2/docs/gdk-pixbuf/class.PixbufAnimationIter.html
gdk-pixbuf-2.43.2/docs/gdk-pixbuf/class.PixbufLoader.html
gdk-pixbuf-2.43.2/docs/gdk-pixbuf/class.PixbufNonAnim.html
gdk-pixbuf-2.43.2/docs/gdk-pixbuf/class.PixbufSimpleAnim.html
gdk-pixbuf-2.43.2/docs/gdk-pixbuf/class.PixbufSimpleAnimIter.html
gdk-pixbuf-2.43.2/docs/gdk-pixbuf/classes_hierarchy.html
gdk-pixbuf-2.43.2/docs/gdk-pixbuf/composite.png
gdk-pixbuf-2.43.2/docs/gdk-pixbuf/const.PIXBUF_MAJOR.html
gdk-pixbuf-2.43.2/docs/gdk-pixbuf/const.PIXBUF_MICRO.html
gdk-pixbuf-2.43.2/docs/gdk-pixbuf/const.PIXBUF_MINOR.html
gdk-pixbuf-2.43.2/docs/gdk-pixbuf/const.PIXBUF_VERSION.html
gdk-pixbuf-2.43.2/docs/gdk-pixbuf/ctor.Pixbuf.new.html
gdk-pixbuf-2.43.2/docs/gdk-pixbuf/ctor.Pixbuf.new_from_bytes.html
gdk-pixbuf-2.43.2/docs/gdk-pixbuf/ctor.Pixbuf.new_from_data.html
gdk-pixbuf-2.43.2/docs/gdk-pixbuf/ctor.Pixbuf.new_from_file.html
gdk-pixbuf-2.43.2/docs/gdk-pixbuf/ctor.Pixbuf.new_from_file_at_scale.html
gdk-pixbuf-2.43.2/docs/gdk-pixbuf/ctor.Pixbuf.new_from_file_at_size.html
gdk-pixbuf-2.43.2/docs/gdk-pixbuf/ctor.Pixbuf.new_from_inline.html
gdk-pixbuf-2.43.2/docs/gdk-pixbuf/ctor.Pixbuf.new_from_resource.html
gdk-pixbuf-2.43.2/docs/gdk-pixbuf/ctor.Pixbuf.new_from_resource_at_scale.html
gdk-pixbuf-2.43.2/docs/gdk-pixbuf/ctor.Pixbuf.new_from_stream.html
gdk-pixbuf-2.43.2/docs/gdk-pixbuf/ctor.Pixbuf.new_from_stream_at_scale.html
gdk-pixbuf-2.43.2/docs/gdk-pixbuf/ctor.Pixbuf.new_from_stream_finish.html
gdk-pixbuf-2.43.2/docs/gdk-pixbuf/ctor.Pixbuf.new_from_xpm_data.html
gdk-pixbuf-2.43.2/docs/gdk-pixbuf/ctor.PixbufAnimation.new_from_file.html
gdk-pixbuf-2.43.2/docs/gdk-pixbuf/ctor.PixbufAnimation.new_from_resource.html
gdk-pixbuf-2.43.2/docs/gdk-pixbuf/ctor.PixbufAnimation.new_from_stream.html
gdk-pixbuf-2.43.2/docs/gdk-pixbuf/ctor.PixbufAnimation.new_from_stream_finish.html
gdk-pixbuf-2.43.2/docs/gdk-pixbuf/ctor.PixbufLoader.new.html
gdk-pixbuf-2.43.2/docs/gdk-pixbuf/ctor.PixbufLoader.new_with_mime_type.html
gdk-pixbuf-2.43.2/docs/gdk-pixbuf/ctor.PixbufLoader.new_with_type.html
gdk-pixbuf-2.43.2/docs/gdk-pixbuf/ctor.PixbufNonAnim.new.html
gdk-pixbuf-2.43.2/docs/gdk-pixbuf/ctor.PixbufSimpleAnim.new.html
gdk-pixbuf-2.43.2/docs/gdk-pixbuf/enum.Colorspace.html
gdk-pixbuf-2.43.2/docs/gdk-pixbuf/enum.InterpType.html
gdk-pixbuf-2.43.2/docs/gdk-pixbuf/enum.PixbufAlphaMode.html
gdk-pixbuf-2.43.2/docs/gdk-pixbuf/enum.PixbufRotation.html
gdk-pixbuf-2.43.2/docs/gdk-pixbuf/error.PixbufError.html
gdk-pixbuf-2.43.2/docs/gdk-pixbuf/flags.PixbufFormatFlags.html
gdk-pixbuf-2.43.2/docs/gdk-pixbuf/fonts.css
gdk-pixbuf-2.43.2/docs/gdk-pixbuf/func.PIXBUF_CHECK_VERSION.html
gdk-pixbuf-2.43.2/docs/gdk-pixbuf/func.PIXBUF_DEPRECATED_IN_2_44_FOR.html
gdk-pixbuf-2.43.2/docs/gdk-pixbuf/fzy.js
gdk-pixbuf-2.43.2/docs/gdk-pixbuf/gdk-pixbuf.devhelp2
gdk-pixbuf-2.43.2/docs/gdk-pixbuf/gnome-gmush-1.png
gdk-pixbuf-2.43.2/docs/gdk-pixbuf/go-up-symbolic.png
gdk-pixbuf-2.43.2/docs/gdk-pixbuf/index.html
gdk-pixbuf-2.43.2/docs/gdk-pixbuf/index.json
gdk-pixbuf-2.43.2/docs/gdk-pixbuf/main.js
gdk-pixbuf-2.43.2/docs/gdk-pixbuf/method.Pixbuf.add_alpha.html
gdk-pixbuf-2.43.2/docs/gdk-pixbuf/method.Pixbuf.apply_embedded_orientation.html
gdk-pixbuf-2.43.2/docs/gdk-pixbuf/method.Pixbuf.composite.html
gdk-pixbuf-2.43.2/docs/gdk-pixbuf/method.Pixbuf.composite_color.html
gdk-pixbuf-2.43.2/docs/gdk-pixbuf/method.Pixbuf.composite_color_simple.html
gdk-pixbuf-2.43.2/docs/gdk-pixbuf/method.Pixbuf.copy.html
gdk-pixbuf-2.43.2/docs/gdk-pixbuf/method.Pixbuf.copy_area.html
gdk-pixbuf-2.43.2/docs/gdk-pixbuf/method.Pixbuf.copy_options.html
gdk-pixbuf-2.43.2/docs/gdk-pixbuf/method.Pixbuf.fill.html
gdk-pixbuf-2.43.2/docs/gdk-pixbuf/method.Pixbuf.flip.html
gdk-pixbuf-2.43.2/docs/gdk-pixbuf/method.Pixbuf.get_bits_per_sample.html
gdk-pixbuf-2.43.2/docs/gdk-pixbuf/method.Pixbuf.get_byte_length.html
gdk-pixbuf-2.43.2/docs/gdk-pixbuf/method.Pixbuf.get_colorspace.html
gdk-pixbuf-2.43.2/docs/gdk-pixbuf/method.Pixbuf.get_has_alpha.html
gdk-pixbuf-2.43.2/docs/gdk-pixbuf/method.Pixbuf.get_height.html
gdk-pixbuf-2.43.2/docs/gdk-pixbuf/method.Pixbuf.get_n_channels.html
gdk-pixbuf-2.43.2/docs/gdk-pixbuf/method.Pixbuf.get_option.html
gdk-pixbuf-2.43.2/docs/gdk-pixbuf/method.Pixbuf.get_options.html
gdk-pixbuf-2.43.2/docs/gdk-pixbuf/method.Pixbuf.get_pixels.html
gdk-pixbuf-2.43.2/docs/gdk-pixbuf/method.Pixbuf.get_pixels_with_length.html
gdk-pixbuf-2.43.2/docs/gdk-pixbuf/method.Pixbuf.get_rowstride.html
gdk-pixbuf-2.43.2/docs/gdk-pixbuf/method.Pixbuf.get_width.html
gdk-pixbuf-2.43.2/docs/gdk-pixbuf/method.Pixbuf.new_subpixbuf.html
gdk-pixbuf-2.43.2/docs/gdk-pixbuf/method.Pixbuf.read_pixel_bytes.html
gdk-pixbuf-2.43.2/docs/gdk-pixbuf/method.Pixbuf.read_pixels.html
gdk-pixbuf-2.43.2/docs/gdk-pixbuf/method.Pixbuf.ref.html
gdk-pixbuf-2.43.2/docs/gdk-pixbuf/method.Pixbuf.remove_option.html
gdk-pixbuf-2.43.2/docs/gdk-pixbuf/method.Pixbuf.rotate_simple.html
gdk-pixbuf-2.43.2/docs/gdk-pixbuf/method.Pixbuf.saturate_and_pixelate.html
gdk-pixbuf-2.43.2/docs/gdk-pixbuf/method.Pixbuf.save.html
gdk-pixbuf-2.43.2/docs/gdk-pixbuf/method.Pixbuf.save_to_buffer.html
gdk-pixbuf-2.43.2/docs/gdk-pixbuf/method.Pixbuf.save_to_bufferv.html
gdk-pixbuf-2.43.2/docs/gdk-pixbuf/method.Pixbuf.save_to_callback.html
gdk-pixbuf-2.43.2/docs/gdk-pixbuf/method.Pixbuf.save_to_callbackv.html
gdk-pixbuf-2.43.2/docs/gdk-pixbuf/method.Pixbuf.save_to_stream.html
gdk-pixbuf-2.43.2/docs/gdk-pixbuf/method.Pixbuf.save_to_stream_async.html
gdk-pixbuf-2.43.2/docs/gdk-pixbuf/method.Pixbuf.save_to_streamv.html
gdk-pixbuf-2.43.2/docs/gdk-pixbuf/method.Pixbuf.save_to_streamv_async.html
gdk-pixbuf-2.43.2/docs/gdk-pixbuf/method.Pixbuf.savev.html
gdk-pixbuf-2.43.2/docs/gdk-pixbuf/method.Pixbuf.scale.html
gdk-pixbuf-2.43.2/docs/gdk-pixbuf/method.Pixbuf.scale_simple.html
gdk-pixbuf-2.43.2/docs/gdk-pixbuf/method.Pixbuf.set_option.html
gdk-pixbuf-2.43.2/docs/gdk-pixbuf/method.Pixbuf.unref.html
gdk-pixbuf-2.43.2/docs/gdk-pixbuf/method.PixbufAnimation.get_height.html
gdk-pixbuf-2.43.2/docs/gdk-pixbuf/method.PixbufAnimation.get_iter.html
gdk-pixbuf-2.43.2/docs/gdk-pixbuf/method.PixbufAnimation.get_static_image.html
gdk-pixbuf-2.43.2/docs/gdk-pixbuf/method.PixbufAnimation.get_width.html
gdk-pixbuf-2.43.2/docs/gdk-pixbuf/method.PixbufAnimation.is_static_image.html
gdk-pixbuf-2.43.2/docs/gdk-pixbuf/method.PixbufAnimation.ref.html
gdk-pixbuf-2.43.2/docs/gdk-pixbuf/method.PixbufAnimation.unref.html
gdk-pixbuf-2.43.2/docs/gdk-pixbuf/method.PixbufAnimationIter.advance.html
gdk-pixbuf-2.43.2/docs/gdk-pixbuf/method.PixbufAnimationIter.get_delay_time.html
gdk-pixbuf-2.43.2/docs/gdk-pixbuf/method.PixbufAnimationIter.get_pixbuf.html
gdk-pixbuf-2.43.2/docs/gdk-pixbuf/method.PixbufAnimationIter.on_currently_loading_frame.html
gdk-pixbuf-2.43.2/docs/gdk-pixbuf/method.PixbufFormat.copy.html
gdk-pixbuf-2.43.2/docs/gdk-pixbuf/method.PixbufFormat.free.html
gdk-pixbuf-2.43.2/docs/gdk-pixbuf/method.PixbufFormat.get_description.html
gdk-pixbuf-2.43.2/docs/gdk-pixbuf/method.PixbufFormat.get_extensions.html
gdk-pixbuf-2.43.2/docs/gdk-pixbuf/method.PixbufFormat.get_license.html
gdk-pixbuf-2.43.2/docs/gdk-pixbuf/method.PixbufFormat.get_mime_types.html
gdk-pixbuf-2.43.2/docs/gdk-pixbuf/method.PixbufFormat.get_name.html
gdk-pixbuf-2.43.2/docs/gdk-pixbuf/method.PixbufFormat.is_disabled.html
gdk-pixbuf-2.43.2/docs/gdk-pixbuf/method.PixbufFormat.is_save_option_supported.html
gdk-pixbuf-2.43.2/docs/gdk-pixbuf/method.PixbufFormat.is_scalable.html
gdk-pixbuf-2.43.2/docs/gdk-pixbuf/method.PixbufFormat.is_writable.html
gdk-pixbuf-2.43.2/docs/gdk-pixbuf/method.PixbufFormat.set_disabled.html
gdk-pixbuf-2.43.2/docs/gdk-pixbuf/method.PixbufLoader.close.html
gdk-pixbuf-2.43.2/docs/gdk-pixbuf/method.PixbufLoader.get_animation.html
gdk-pixbuf-2.43.2/docs/gdk-pixbuf/method.PixbufLoader.get_format.html
gdk-pixbuf-2.43.2/docs/gdk-pixbuf/method.PixbufLoader.get_pixbuf.html
gdk-pixbuf-2.43.2/docs/gdk-pixbuf/method.PixbufLoader.set_size.html
gdk-pixbuf-2.43.2/docs/gdk-pixbuf/method.PixbufLoader.write.html
gdk-pixbuf-2.43.2/docs/gdk-pixbuf/method.PixbufLoader.write_bytes.html
gdk-pixbuf-2.43.2/docs/gdk-pixbuf/method.PixbufSimpleAnim.add_frame.html
gdk-pixbuf-2.43.2/docs/gdk-pixbuf/method.PixbufSimpleAnim.get_loop.html
gdk-pixbuf-2.43.2/docs/gdk-pixbuf/method.PixbufSimpleAnim.set_loop.html
gdk-pixbuf-2.43.2/docs/gdk-pixbuf/property.Pixbuf.bits-per-sample.html
gdk-pixbuf-2.43.2/docs/gdk-pixbuf/property.Pixbuf.colorspace.html
gdk-pixbuf-2.43.2/docs/gdk-pixbuf/property.Pixbuf.has-alpha.html
gdk-pixbuf-2.43.2/docs/gdk-pixbuf/property.Pixbuf.height.html
gdk-pixbuf-2.43.2/docs/gdk-pixbuf/property.Pixbuf.n-channels.html
gdk-pixbuf-2.43.2/docs/gdk-pixbuf/property.Pixbuf.pixel-bytes.html
gdk-pixbuf-2.43.2/docs/gdk-pixbuf/property.Pixbuf.pixels.html
gdk-pixbuf-2.43.2/docs/gdk-pixbuf/property.Pixbuf.rowstride.html
gdk-pixbuf-2.43.2/docs/gdk-pixbuf/property.Pixbuf.width.html
gdk-pixbuf-2.43.2/docs/gdk-pixbuf/property.PixbufSimpleAnim.loop.html
gdk-pixbuf-2.43.2/docs/gdk-pixbuf/scaling-compositing.html
gdk-pixbuf-2.43.2/docs/gdk-pixbuf/search.js
gdk-pixbuf-2.43.2/docs/gdk-pixbuf/signal.PixbufLoader.area-prepared.html
gdk-pixbuf-2.43.2/docs/gdk-pixbuf/signal.PixbufLoader.area-updated.html
gdk-pixbuf-2.43.2/docs/gdk-pixbuf/signal.PixbufLoader.closed.html
gdk-pixbuf-2.43.2/docs/gdk-pixbuf/signal.PixbufLoader.size-prepared.html
gdk-pixbuf-2.43.2/docs/gdk-pixbuf/solarized-dark.css
gdk-pixbuf-2.43.2/docs/gdk-pixbuf/solarized-light.css
gdk-pixbuf-2.43.2/docs/gdk-pixbuf/struct.PixbufFormat.html
gdk-pixbuf-2.43.2/docs/gdk-pixbuf/struct.PixbufModule.html
gdk-pixbuf-2.43.2/docs/gdk-pixbuf/struct.PixbufModulePattern.html
gdk-pixbuf-2.43.2/docs/gdk-pixbuf/style.css
gdk-pixbuf-2.43.2/docs/gdk-pixbuf/type_func.Pixbuf.calculate_rowstride.html
gdk-pixbuf-2.43.2/docs/gdk-pixbuf/type_func.Pixbuf.get_file_info.html
gdk-pixbuf-2.43.2/docs/gdk-pixbuf/type_func.Pixbuf.get_file_info_async.html
gdk-pixbuf-2.43.2/docs/gdk-pixbuf/type_func.Pixbuf.get_file_info_finish.html
gdk-pixbuf-2.43.2/docs/gdk-pixbuf/type_func.Pixbuf.get_formats.html
gdk-pixbuf-2.43.2/docs/gdk-pixbuf/type_func.Pixbuf.init_modules.html
gdk-pixbuf-2.43.2/docs/gdk-pixbuf/type_func.Pixbuf.new_from_stream_async.html
gdk-pixbuf-2.43.2/docs/gdk-pixbuf/type_func.Pixbuf.new_from_stream_at_scale_async.html
gdk-pixbuf-2.43.2/docs/gdk-pixbuf/type_func.Pixbuf.save_to_stream_finish.html
gdk-pixbuf-2.43.2/docs/gdk-pixbuf/type_func.PixbufAnimation.new_from_stream_async.html
gdk-pixbuf-2.43.2/docs/gdk-pixbuf/type_func.PixbufError.quark.html
gdk-pixbuf-2.43.2/docs/gdk-pixbuf/urlmap.js
gdk-pixbuf-2.43.2/docs/gdk-pixbuf/vfunc.PixbufAnimation.get_iter.html
gdk-pixbuf-2.43.2/docs/gdk-pixbuf/vfunc.PixbufAnimation.get_size.html
gdk-pixbuf-2.43.2/docs/gdk-pixbuf/vfunc.PixbufAnimation.get_static_image.html
gdk-pixbuf-2.43.2/docs/gdk-pixbuf/vfunc.PixbufAnimation.is_static_image.html
gdk-pixbuf-2.43.2/docs/gdk-pixbuf/vfunc.PixbufAnimationIter.advance.html
gdk-pixbuf-2.43.2/docs/gdk-pixbuf/vfunc.PixbufAnimationIter.get_delay_time.html
gdk-pixbuf-2.43.2/docs/gdk-pixbuf/vfunc.PixbufAnimationIter.get_pixbuf.html
gdk-pixbuf-2.43.2/docs/gdk-pixbuf/vfunc.PixbufAnimationIter.on_currently_loading_frame.html
gdk-pixbuf-2.43.2/docs/gdk-pixbuf/vfunc.PixbufLoader.area_prepared.html
gdk-pixbuf-2.43.2/docs/gdk-pixbuf/vfunc.PixbufLoader.area_updated.html
gdk-pixbuf-2.43.2/docs/gdk-pixbuf/vfunc.PixbufLoader.closed.html
gdk-pixbuf-2.43.2/docs/gdk-pixbuf/vfunc.PixbufLoader.size_prepared.html
gdk-pixbuf-2.43.2/docs/gdk-pixbuf-csource.rst
gdk-pixbuf-2.43.2/docs/gdk-pixbuf-query-loaders.rst
gdk-pixbuf-2.43.2/docs/gdk-pixbuf-sections.txt
gdk-pixbuf-2.43.2/docs/gdk-pixbuf.toml.in
gdk-pixbuf-2.43.2/docs/gdk-pixdata/
gdk-pixbuf-2.43.2/docs/gdk-pixdata/const.PIXBUF_MAGIC_NUMBER.html
gdk-pixbuf-2.43.2/docs/gdk-pixdata/const.PIXDATA_HEADER_LENGTH.html
gdk-pixbuf-2.43.2/docs/gdk-pixdata/flags.PixdataDumpType.html
gdk-pixbuf-2.43.2/docs/gdk-pixdata/flags.PixdataType.html
gdk-pixbuf-2.43.2/docs/gdk-pixdata/fonts.css
gdk-pixbuf-2.43.2/docs/gdk-pixdata/func.pixbuf_from_pixdata.html
gdk-pixbuf-2.43.2/docs/gdk-pixdata/fzy.js
gdk-pixbuf-2.43.2/docs/gdk-pixdata/gdk-pixdata.devhelp2
gdk-pixbuf-2.43.2/docs/gdk-pixdata/go-up-symbolic.png
gdk-pixbuf-2.43.2/docs/gdk-pixdata/index.html
gdk-pixbuf-2.43.2/docs/gdk-pixdata/index.json
gdk-pixbuf-2.43.2/docs/gdk-pixdata/main.js
gdk-pixbuf-2.43.2/docs/gdk-pixdata/method.Pixdata.deserialize.html
gdk-pixbuf-2.43.2/docs/gdk-pixdata/method.Pixdata.from_pixbuf.html
gdk-pixbuf-2.43.2/docs/gdk-pixdata/method.Pixdata.serialize.html
gdk-pixbuf-2.43.2/docs/gdk-pixdata/method.Pixdata.to_csource.html
gdk-pixbuf-2.43.2/docs/gdk-pixdata/search.js
gdk-pixbuf-2.43.2/docs/gdk-pixdata/solarized-dark.css
gdk-pixbuf-2.43.2/docs/gdk-pixdata/solarized-light.css
gdk-pixbuf-2.43.2/docs/gdk-pixdata/struct.Pixdata.html
gdk-pixbuf-2.43.2/docs/gdk-pixdata/style.css
gdk-pixbuf-2.43.2/docs/gdk-pixdata/urlmap.js
gdk-pixbuf-2.43.2/docs/gdk-pixdata.toml.in
gdk-pixbuf-2.43.2/docs/gnome-gmush-1.png
gdk-pixbuf-2.43.2/docs/meson.build
gdk-pixbuf-2.43.2/docs/scaling-compositing.md
gdk-pixbuf-2.43.2/docs/urlmap.js
gdk-pixbuf-2.43.2/gdk-pixbuf/
gdk-pixbuf-2.43.2/gdk-pixbuf/fallback-c89.c
gdk-pixbuf-2.43.2/gdk-pixbuf/gdiplus.def
gdk-pixbuf-2.43.2/gdk-pixbuf/gdk-pixbuf-animation.c
gdk-pixbuf-2.43.2/gdk-pixbuf/gdk-pixbuf-animation.h
gdk-pixbuf-2.43.2/gdk-pixbuf/gdk-pixbuf-autocleanups.h
gdk-pixbuf-2.43.2/gdk-pixbuf/gdk-pixbuf-buffer-queue-private.h
gdk-pixbuf-2.43.2/gdk-pixbuf/gdk-pixbuf-buffer-queue.c
gdk-pixbuf-2.43.2/gdk-pixbuf/gdk-pixbuf-core.h
gdk-pixbuf-2.43.2/gdk-pixbuf/gdk-pixbuf-csource.c
gdk-pixbuf-2.43.2/gdk-pixbuf/gdk-pixbuf-data.c
gdk-pixbuf-2.43.2/gdk-pixbuf/gdk-pixbuf-enum-types.c.template
gdk-pixbuf-2.43.2/gdk-pixbuf/gdk-pixbuf-enum-types.h.template
gdk-pixbuf-2.43.2/gdk-pixbuf/gdk-pixbuf-features.h.in
gdk-pixbuf-2.43.2/gdk-pixbuf/gdk-pixbuf-io.c
gdk-pixbuf-2.43.2/gdk-pixbuf/gdk-pixbuf-io.h
gdk-pixbuf-2.43.2/gdk-pixbuf/gdk-pixbuf-loader.c
gdk-pixbuf-2.43.2/gdk-pixbuf/gdk-pixbuf-loader.h
gdk-pixbuf-2.43.2/gdk-pixbuf/gdk-pixbuf-macros.h
gdk-pixbuf-2.43.2/gdk-pixbuf/gdk-pixbuf-marshal.list
gdk-pixbuf-2.43.2/gdk-pixbuf/gdk-pixbuf-pixdata.c
gdk-pixbuf-2.43.2/gdk-pixbuf/gdk-pixbuf-private.h
gdk-pixbuf-2.43.2/gdk-pixbuf/gdk-pixbuf-scale.c
gdk-pixbuf-2.43.2/gdk-pixbuf/gdk-pixbuf-scaled-anim.c
gdk-pixbuf-2.43.2/gdk-pixbuf/gdk-pixbuf-scaled-anim.h
gdk-pixbuf-2.43.2/gdk-pixbuf/gdk-pixbuf-simple-anim.c
gdk-pixbuf-2.43.2/gdk-pixbuf/gdk-pixbuf-simple-anim.h
gdk-pixbuf-2.43.2/gdk-pixbuf/gdk-pixbuf-transform.h
gdk-pixbuf-2.43.2/gdk-pixbuf/gdk-pixbuf-util.c
gdk-pixbuf-2.43.2/gdk-pixbuf/gdk-pixbuf.c
gdk-pixbuf-2.43.2/gdk-pixbuf/gdk-pixbuf.h
gdk-pixbuf-2.43.2/gdk-pixbuf/gdk-pixdata.c
gdk-pixbuf-2.43.2/gdk-pixbuf/gdk-pixdata.h
gdk-pixbuf-2.43.2/gdk-pixbuf/gdk_pixbuf.rc.in
gdk-pixbuf-2.43.2/gdk-pixbuf/io-ani-animation.c
gdk-pixbuf-2.43.2/gdk-pixbuf/io-ani-animation.h
gdk-pixbuf-2.43.2/gdk-pixbuf/io-ani.c
gdk-pixbuf-2.43.2/gdk-pixbuf/io-bmp.c
gdk-pixbuf-2.43.2/gdk-pixbuf/io-gdip-animation.c
gdk-pixbuf-2.43.2/gdk-pixbuf/io-gdip-animation.h
gdk-pixbuf-2.43.2/gdk-pixbuf/io-gdip-bmp.c
gdk-pixbuf-2.43.2/gdk-pixbuf/io-gdip-emf.c
gdk-pixbuf-2.43.2/gdk-pixbuf/io-gdip-gif.c
gdk-pixbuf-2.43.2/gdk-pixbuf/io-gdip-ico.c
gdk-pixbuf-2.43.2/gdk-pixbuf/io-gdip-jpeg.c
gdk-pixbuf-2.43.2/gdk-pixbuf/io-gdip-native.h
gdk-pixbuf-2.43.2/gdk-pixbuf/io-gdip-png.c
gdk-pixbuf-2.43.2/gdk-pixbuf/io-gdip-propertytags.h
gdk-pixbuf-2.43.2/gdk-pixbuf/io-gdip-tiff.c
gdk-pixbuf-2.43.2/gdk-pixbuf/io-gdip-utils.c
gdk-pixbuf-2.43.2/gdk-pixbuf/io-gdip-utils.h
gdk-pixbuf-2.43.2/gdk-pixbuf/io-gdip-wmf.c
gdk-pixbuf-2.43.2/gdk-pixbuf/io-gif-animation.c
gdk-pixbuf-2.43.2/gdk-pixbuf/io-gif-animation.h
gdk-pixbuf-2.43.2/gdk-pixbuf/io-gif.c
gdk-pixbuf-2.43.2/gdk-pixbuf/io-glycin-avif.c
gdk-pixbuf-2.43.2/gdk-pixbuf/io-glycin-bmp.c
gdk-pixbuf-2.43.2/gdk-pixbuf/io-glycin-dds.c
gdk-pixbuf-2.43.2/gdk-pixbuf/io-glycin-gif.c
gdk-pixbuf-2.43.2/gdk-pixbuf/io-glycin-heic.c
gdk-pixbuf-2.43.2/gdk-pixbuf/io-glycin-ico.c
gdk-pixbuf-2.43.2/gdk-pixbuf/io-glycin-jpeg.c
gdk-pixbuf-2.43.2/gdk-pixbuf/io-glycin-jxl.c
gdk-pixbuf-2.43.2/gdk-pixbuf/io-glycin-openexr.c
gdk-pixbuf-2.43.2/gdk-pixbuf/io-glycin-png.c
gdk-pixbuf-2.43.2/gdk-pixbuf/io-glycin-pnm.c
gdk-pixbuf-2.43.2/gdk-pixbuf/io-glycin-qoi.c
gdk-pixbuf-2.43.2/gdk-pixbuf/io-glycin-raw.c
gdk-pixbuf-2.43.2/gdk-pixbuf/io-glycin-tga.c
gdk-pixbuf-2.43.2/gdk-pixbuf/io-glycin-tiff.c
gdk-pixbuf-2.43.2/gdk-pixbuf/io-glycin-utils.c
gdk-pixbuf-2.43.2/gdk-pixbuf/io-glycin-utils.h
gdk-pixbuf-2.43.2/gdk-pixbuf/io-glycin-webp.c
gdk-pixbuf-2.43.2/gdk-pixbuf/io-icns.c
gdk-pixbuf-2.43.2/gdk-pixbuf/io-ico.c
gdk-pixbuf-2.43.2/gdk-pixbuf/io-jpeg.c
gdk-pixbuf-2.43.2/gdk-pixbuf/io-png.c
gdk-pixbuf-2.43.2/gdk-pixbuf/io-pnm.c
gdk-pixbuf-2.43.2/gdk-pixbuf/io-qtif.c
gdk-pixbuf-2.43.2/gdk-pixbuf/io-tga.c
gdk-pixbuf-2.43.2/gdk-pixbuf/io-tiff.c
gdk-pixbuf-2.43.2/gdk-pixbuf/io-xbm.c
gdk-pixbuf-2.43.2/gdk-pixbuf/io-xpm.c
gdk-pixbuf-2.43.2/gdk-pixbuf/lzw.c
gdk-pixbuf-2.43.2/gdk-pixbuf/lzw.h
gdk-pixbuf-2.43.2/gdk-pixbuf/make-inline-pixbuf.c
gdk-pixbuf-2.43.2/gdk-pixbuf/meson.build
gdk-pixbuf-2.43.2/gdk-pixbuf/pixops/
gdk-pixbuf-2.43.2/gdk-pixbuf/pixops/DETAILS
gdk-pixbuf-2.43.2/gdk-pixbuf/pixops/README
gdk-pixbuf-2.43.2/gdk-pixbuf/pixops/meson.build
gdk-pixbuf-2.43.2/gdk-pixbuf/pixops/pixbuf-transform-math.ltx
gdk-pixbuf-2.43.2/gdk-pixbuf/pixops/pixops.c
gdk-pixbuf-2.43.2/gdk-pixbuf/pixops/pixops.h
gdk-pixbuf-2.43.2/gdk-pixbuf/pixops/timescale.c
gdk-pixbuf-2.43.2/gdk-pixbuf/queryloaders.c
gdk-pixbuf-2.43.2/gdk-pixbuf/test-gdk-pixbuf.c
gdk-pixbuf-2.43.2/gdk-pixbuf/xpm-color-table.h
gdk-pixbuf-2.43.2/gdk-pixbuf.doap
gdk-pixbuf-2.43.2/meson.build
gdk-pixbuf-2.43.2/meson_options.txt
gdk-pixbuf-2.43.2/po/
gdk-pixbuf-2.43.2/po/.gitignore
gdk-pixbuf-2.43.2/po/LINGUAS
gdk-pixbuf-2.43.2/po/POTFILES.in
gdk-pixbuf-2.43.2/po/POTFILES.skip
gdk-pixbuf-2.43.2/po/ab.po
gdk-pixbuf-2.43.2/po/af.po
gdk-pixbuf-2.43.2/po/ang.po
gdk-pixbuf-2.43.2/po/ar.po
gdk-pixbuf-2.43.2/po/as.po
gdk-pixbuf-2.43.2/po/ast.po
gdk-pixbuf-2.43.2/po/az.po
gdk-pixbuf-2.43.2/po/be.po
gdk-pixbuf-2.43.2/po/be@latin.po
gdk-pixbuf-2.43.2/po/bg.po
gdk-pixbuf-2.43.2/po/bn.po
gdk-pixbuf-2.43.2/po/bn_IN.po
gdk-pixbuf-2.43.2/po/boldquot.sed
gdk-pixbuf-2.43.2/po/br.po
gdk-pixbuf-2.43.2/po/bs.po
gdk-pixbuf-2.43.2/po/ca.po
gdk-pixbuf-2.43.2/po/ca@valencia.po
gdk-pixbuf-2.43.2/po/crh.po
gdk-pixbuf-2.43.2/po/cs.po
gdk-pixbuf-2.43.2/po/csb.po
gdk-pixbuf-2.43.2/po/cy.po
gdk-pixbuf-2.43.2/po/da.po
gdk-pixbuf-2.43.2/po/de.po
gdk-pixbuf-2.43.2/po/dz.po
gdk-pixbuf-2.43.2/po/el.po
gdk-pixbuf-2.43.2/po/en@boldquot.header
gdk-pixbuf-2.43.2/po/en@quot.header
gdk-pixbuf-2.43.2/po/en@shaw.po
gdk-pixbuf-2.43.2/po/en_CA.po
gdk-pixbuf-2.43.2/po/en_GB.po
gdk-pixbuf-2.43.2/po/eo.po
gdk-pixbuf-2.43.2/po/es.po
gdk-pixbuf-2.43.2/po/et.po
gdk-pixbuf-2.43.2/po/eu.po
gdk-pixbuf-2.43.2/po/fa.po
gdk-pixbuf-2.43.2/po/fi.po
gdk-pixbuf-2.43.2/po/fr.po
gdk-pixbuf-2.43.2/po/fur.po
gdk-pixbuf-2.43.2/po/ga.po
gdk-pixbuf-2.43.2/po/gl.po
gdk-pixbuf-2.43.2/po/gu.po
gdk-pixbuf-2.43.2/po/he.po
gdk-pixbuf-2.43.2/po/hi.po
gdk-pixbuf-2.43.2/po/hr.po
gdk-pixbuf-2.43.2/po/hu.po
gdk-pixbuf-2.43.2/po/hy.po
gdk-pixbuf-2.43.2/po/ia.po
gdk-pixbuf-2.43.2/po/id.po
gdk-pixbuf-2.43.2/po/insert-header.sin
gdk-pixbuf-2.43.2/po/io.po
gdk-pixbuf-2.43.2/po/is.po
gdk-pixbuf-2.43.2/po/it.po
gdk-pixbuf-2.43.2/po/ja.po
gdk-pixbuf-2.43.2/po/ka.po
gdk-pixbuf-2.43.2/po/kab.po
gdk-pixbuf-2.43.2/po/kk.po
gdk-pixbuf-2.43.2/po/km.po
gdk-pixbuf-2.43.2/po/kn.po
gdk-pixbuf-2.43.2/po/ko.po
gdk-pixbuf-2.43.2/po/ku.po
gdk-pixbuf-2.43.2/po/li.po
gdk-pixbuf-2.43.2/po/lt.po
gdk-pixbuf-2.43.2/po/lv.po
gdk-pixbuf-2.43.2/po/mai.po
gdk-pixbuf-2.43.2/po/meson.build
gdk-pixbuf-2.43.2/po/mi.po
gdk-pixbuf-2.43.2/po/mk.po
gdk-pixbuf-2.43.2/po/ml.po
gdk-pixbuf-2.43.2/po/mn.po
gdk-pixbuf-2.43.2/po/mr.po
gdk-pixbuf-2.43.2/po/ms.po
gdk-pixbuf-2.43.2/po/my.po
gdk-pixbuf-2.43.2/po/nb.po
gdk-pixbuf-2.43.2/po/nds.po
gdk-pixbuf-2.43.2/po/ne.po
gdk-pixbuf-2.43.2/po/nl.po
gdk-pixbuf-2.43.2/po/nn.po
gdk-pixbuf-2.43.2/po/nso.po
gdk-pixbuf-2.43.2/po/oc.po
gdk-pixbuf-2.43.2/po/or.po
gdk-pixbuf-2.43.2/po/pa.po
gdk-pixbuf-2.43.2/po/pl.po
gdk-pixbuf-2.43.2/po/ps.po
gdk-pixbuf-2.43.2/po/pt.po
gdk-pixbuf-2.43.2/po/pt_BR.po
gdk-pixbuf-2.43.2/po/quot.sed
gdk-pixbuf-2.43.2/po/remove-potcdate.sin
gdk-pixbuf-2.43.2/po/ro.po
gdk-pixbuf-2.43.2/po/ru.po
gdk-pixbuf-2.43.2/po/si.po
gdk-pixbuf-2.43.2/po/sk.po
gdk-pixbuf-2.43.2/po/sl.po
gdk-pixbuf-2.43.2/po/sq.po
gdk-pixbuf-2.43.2/po/sr.po
gdk-pixbuf-2.43.2/po/sr@ije.po
gdk-pixbuf-2.43.2/po/sr@latin.po
gdk-pixbuf-2.43.2/po/sv.po
gdk-pixbuf-2.43.2/po/ta.po
gdk-pixbuf-2.43.2/po/te.po
gdk-pixbuf-2.43.2/po/tg.po
gdk-pixbuf-2.43.2/po/th.po
gdk-pixbuf-2.43.2/po/tk.po
gdk-pixbuf-2.43.2/po/tr.po
gdk-pixbuf-2.43.2/po/tt.po
gdk-pixbuf-2.43.2/po/ug.po
gdk-pixbuf-2.43.2/po/uk.po
gdk-pixbuf-2.43.2/po/uz.po
gdk-pixbuf-2.43.2/po/uz@cyrillic.po
gdk-pixbuf-2.43.2/po/vi.po
gdk-pixbuf-2.43.2/po/wa.po
gdk-pixbuf-2.43.2/po/xh.po
gdk-pixbuf-2.43.2/po/yi.po
gdk-pixbuf-2.43.2/po/zh_CN.po
gdk-pixbuf-2.43.2/po/zh_HK.po
gdk-pixbuf-2.43.2/po/zh_TW.po
gdk-pixbuf-2.43.2/subprojects/
gdk-pixbuf-2.43.2/subprojects/gi-docgen.wrap
gdk-pixbuf-2.43.2/subprojects/glib.wrap
gdk-pixbuf-2.43.2/subprojects/libjpeg-turbo.wrap
gdk-pixbuf-2.43.2/subprojects/libpng.wrap
gdk-pixbuf-2.43.2/tests/
gdk-pixbuf-2.43.2/tests/1_partyanimsm2.gif
gdk-pixbuf-2.43.2/tests/aero.gif
gdk-pixbuf-2.43.2/tests/animation.c
gdk-pixbuf-2.43.2/tests/animation.test.in
gdk-pixbuf-2.43.2/tests/bug143608-comment.jpg
gdk-pixbuf-2.43.2/tests/bug725582-testrotate.jpg
gdk-pixbuf-2.43.2/tests/bug725582-testrotate.png
gdk-pixbuf-2.43.2/tests/bug753605-atsize.jpg
gdk-pixbuf-2.43.2/tests/bug775218.jpg
gdk-pixbuf-2.43.2/tests/bug775229.pixdata
gdk-pixbuf-2.43.2/tests/bug775693.pixdata
gdk-pixbuf-2.43.2/tests/circular-table.gif
gdk-pixbuf-2.43.2/tests/cve-2015-4491.bmp
gdk-pixbuf-2.43.2/tests/cve-2015-4491.c
gdk-pixbuf-2.43.2/tests/dpi.jpeg
gdk-pixbuf-2.43.2/tests/dpi.png
gdk-pixbuf-2.43.2/tests/dpi.tiff
gdk-pixbuf-2.43.2/tests/icc-profile.jpeg
gdk-pixbuf-2.43.2/tests/icc-profile.png
gdk-pixbuf-2.43.2/tests/issue205.jpg
gdk-pixbuf-2.43.2/tests/issue70.jpg
gdk-pixbuf-2.43.2/tests/large.jpg
gdk-pixbuf-2.43.2/tests/large.png
gdk-pixbuf-2.43.2/tests/meson.build
gdk-pixbuf-2.43.2/tests/pixbuf-area-updated.c
gdk-pixbuf-2.43.2/tests/pixbuf-composite.c
gdk-pixbuf-2.43.2/tests/pixbuf-construction.c
gdk-pixbuf-2.43.2/tests/pixbuf-dpi.c
gdk-pixbuf-2.43.2/tests/pixbuf-fail.c
gdk-pixbuf-2.43.2/tests/pixbuf-gif-circular-table.c
gdk-pixbuf-2.43.2/tests/pixbuf-gif.c
gdk-pixbuf-2.43.2/tests/pixbuf-icc.c
gdk-pixbuf-2.43.2/tests/pixbuf-icon-serialize.c
gdk-pixbuf-2.43.2/tests/pixbuf-icon-serialize.test.in
gdk-pixbuf-2.43.2/tests/pixbuf-jpeg.c
gdk-pixbuf-2.43.2/tests/pixbuf-lowmem.c
gdk-pixbuf-2.43.2/tests/pixbuf-pixdata.c
gdk-pixbuf-2.43.2/tests/pixbuf-random.c
gdk-pixbuf-2.43.2/tests/pixbuf-randomly-modified.c
gdk-pixbuf-2.43.2/tests/pixbuf-read.c
gdk-pixbuf-2.43.2/tests/pixbuf-readonly-to-mutable.c
gdk-pixbuf-2.43.2/tests/pixbuf-reftest.c
gdk-pixbuf-2.43.2/tests/pixbuf-resource.c
gdk-pixbuf-2.43.2/tests/pixbuf-save-ref.c
gdk-pixbuf-2.43.2/tests/pixbuf-save.c
gdk-pixbuf-2.43.2/tests/pixbuf-scale-two-step.c
gdk-pixbuf-2.43.2/tests/pixbuf-scale.c
gdk-pixbuf-2.43.2/tests/pixbuf-short-gif-write.c
gdk-pixbuf-2.43.2/tests/pixbuf-stream.c
gdk-pixbuf-2.43.2/tests/pixbuf-threads.c
gdk-pixbuf-2.43.2/tests/premature-end.jpg
gdk-pixbuf-2.43.2/tests/premature-end.png
gdk-pixbuf-2.43.2/tests/resources.gresource.xml
gdk-pixbuf-2.43.2/tests/test-animation.ani
gdk-pixbuf-2.43.2/tests/test-animation.gif
gdk-pixbuf-2.43.2/tests/test-common.c
gdk-pixbuf-2.43.2/tests/test-common.h
gdk-pixbuf-2.43.2/tests/test-image-rle.pixdata
gdk-pixbuf-2.43.2/tests/test-image.pixdata
gdk-pixbuf-2.43.2/tests/test-image.png
gdk-pixbuf-2.43.2/tests/test-images/
gdk-pixbuf-2.43.2/tests/test-images/fail/
gdk-pixbuf-2.43.2/tests/test-images/fail/CVE-2017-2862.jpg
gdk-pixbuf-2.43.2/tests/test-images/fail/CVE-2022-48622.ani
gdk-pixbuf-2.43.2/tests/test-images/fail/DoS.tga
gdk-pixbuf-2.43.2/tests/test-images/fail/androstanRezeptor.tga
gdk-pixbuf-2.43.2/tests/test-images/fail/bug776694.bmp
gdk-pixbuf-2.43.2/tests/test-images/fail/bug777315.bmp
gdk-pixbuf-2.43.2/tests/test-images/fail/bug778204.ico
gdk-pixbuf-2.43.2/tests/test-images/fail/bug778584.gif
gdk-pixbuf-2.43.2/tests/test-images/fail/bug779012.ico
gdk-pixbuf-2.43.2/tests/test-images/fail/bug779016-infinite.icns
gdk-pixbuf-2.43.2/tests/test-images/fail/bug780269.tif
gdk-pixbuf-2.43.2/tests/test-images/fail/bug784903-overflow-dimensions.tiff
gdk-pixbuf-2.43.2/tests/test-images/fail/bug785973.gif
gdk-pixbuf-2.43.2/tests/test-images/fail/bug793470-crasher.png
gdk-pixbuf-2.43.2/tests/test-images/fail/colormap-image-without-colormap.tga
gdk-pixbuf-2.43.2/tests/test-images/fail/empty-file.tga
gdk-pixbuf-2.43.2/tests/test-images/fail/hang_114.gif
gdk-pixbuf-2.43.2/tests/test-images/fail/invalid.1.bmp
gdk-pixbuf-2.43.2/tests/test-images/fail/invalid.1.gif
gdk-pixbuf-2.43.2/tests/test-images/fail/invalid.1.ico
gdk-pixbuf-2.43.2/tests/test-images/fail/invalid.1.png
gdk-pixbuf-2.43.2/tests/test-images/fail/invalid.1.ppm
gdk-pixbuf-2.43.2/tests/test-images/fail/invalid.2.gif
gdk-pixbuf-2.43.2/tests/test-images/fail/invalid.2.png
gdk-pixbuf-2.43.2/tests/test-images/fail/invalid.2.ppm
gdk-pixbuf-2.43.2/tests/test-images/fail/invalid.3.gif
gdk-pixbuf-2.43.2/tests/test-images/fail/invalid.3.ico
gdk-pixbuf-2.43.2/tests/test-images/fail/invalid.3.png
gdk-pixbuf-2.43.2/tests/test-images/fail/invalid.3.ppm
gdk-pixbuf-2.43.2/tests/test-images/fail/invalid.4.gif
gdk-pixbuf-2.43.2/tests/test-images/fail/invalid.4.png
gdk-pixbuf-2.43.2/tests/test-images/fail/invalid.5.ppm
gdk-pixbuf-2.43.2/tests/test-images/fail/invalid.6.ppm
gdk-pixbuf-2.43.2/tests/test-images/fail/invalid.7.ppm
gdk-pixbuf-2.43.2/tests/test-images/fail/invalid.8.ppm
gdk-pixbuf-2.43.2/tests/test-images/fail/issue-95-too-narrow.xpm
gdk-pixbuf-2.43.2/tests/test-images/fail/issue-95-too-short.xpm
gdk-pixbuf-2.43.2/tests/test-images/fail/issue-95.xpm
gdk-pixbuf-2.43.2/tests/test-images/fail/overflow-codes-max.gif
gdk-pixbuf-2.43.2/tests/test-images/fail/overflow-codes.gif
gdk-pixbuf-2.43.2/tests/test-images/fail/overflow.tga
gdk-pixbuf-2.43.2/tests/test-images/gif-test-suite/
gdk-pixbuf-2.43.2/tests/test-images/gif-test-suite/255-codes.conf
gdk-pixbuf-2.43.2/tests/test-images/gif-test-suite/255-codes.gif
gdk-pixbuf-2.43.2/tests/test-images/gif-test-suite/4095-codes-clear.conf
gdk-pixbuf-2.43.2/tests/test-images/gif-test-suite/4095-codes-clear.gif
gdk-pixbuf-2.43.2/tests/test-images/gif-test-suite/4095-codes.conf
gdk-pixbuf-2.43.2/tests/test-images/gif-test-suite/4095-codes.gif
gdk-pixbuf-2.43.2/tests/test-images/gif-test-suite/TESTS
gdk-pixbuf-2.43.2/tests/test-images/gif-test-suite/all-blues.conf
gdk-pixbuf-2.43.2/tests/test-images/gif-test-suite/all-blues.gif
gdk-pixbuf-2.43.2/tests/test-images/gif-test-suite/all-blues.png
gdk-pixbuf-2.43.2/tests/test-images/gif-test-suite/all-blues.rgba
gdk-pixbuf-2.43.2/tests/test-images/gif-test-suite/all-greens.conf
gdk-pixbuf-2.43.2/tests/test-images/gif-test-suite/all-greens.gif
gdk-pixbuf-2.43.2/tests/test-images/gif-test-suite/all-greens.png
gdk-pixbuf-2.43.2/tests/test-images/gif-test-suite/all-greens.rgba
gdk-pixbuf-2.43.2/tests/test-images/gif-test-suite/all-reds.conf
gdk-pixbuf-2.43.2/tests/test-images/gif-test-suite/all-reds.gif
gdk-pixbuf-2.43.2/tests/test-images/gif-test-suite/all-reds.png
gdk-pixbuf-2.43.2/tests/test-images/gif-test-suite/all-reds.rgba
gdk-pixbuf-2.43.2/tests/test-images/gif-test-suite/animation-erase.0.png
gdk-pixbuf-2.43.2/tests/test-images/gif-test-suite/animation-erase.0.rgba
gdk-pixbuf-2.43.2/tests/test-images/gif-test-suite/animation-erase.1.png
gdk-pixbuf-2.43.2/tests/test-images/gif-test-suite/animation-erase.1.rgba
gdk-pixbuf-2.43.2/tests/test-images/gif-test-suite/animation-erase.2.png
gdk-pixbuf-2.43.2/tests/test-images/gif-test-suite/animation-erase.2.rgba
gdk-pixbuf-2.43.2/tests/test-images/gif-test-suite/animation-erase.3.png
gdk-pixbuf-2.43.2/tests/test-images/gif-test-suite/animation-erase.3.rgba
gdk-pixbuf-2.43.2/tests/test-images/gif-test-suite/animation-fill.0.png
gdk-pixbuf-2.43.2/tests/test-images/gif-test-suite/animation-fill.0.rgba
gdk-pixbuf-2.43.2/tests/test-images/gif-test-suite/animation-fill.1.png
gdk-pixbuf-2.43.2/tests/test-images/gif-test-suite/animation-fill.1.rgba
gdk-pixbuf-2.43.2/tests/test-images/gif-test-suite/animation-fill.2.png
gdk-pixbuf-2.43.2/tests/test-images/gif-test-suite/animation-fill.2.rgba
gdk-pixbuf-2.43.2/tests/test-images/gif-test-suite/animation-fill.3.png
gdk-pixbuf-2.43.2/tests/test-images/gif-test-suite/animation-fill.3.rgba
gdk-pixbuf-2.43.2/tests/test-images/gif-test-suite/animation-multi-image-explicit-zero-delay.conf
gdk-pixbuf-2.43.2/tests/test-images/gif-test-suite/animation-multi-image-explicit-zero-delay.gif
gdk-pixbuf-2.43.2/tests/test-images/gif-test-suite/animation-multi-image.conf
gdk-pixbuf-2.43.2/tests/test-images/gif-test-suite/animation-multi-image.gif
gdk-pixbuf-2.43.2/tests/test-images/gif-test-suite/animation-no-delays.conf
gdk-pixbuf-2.43.2/tests/test-images/gif-test-suite/animation-no-delays.gif
gdk-pixbuf-2.43.2/tests/test-images/gif-test-suite/animation-speed.conf
gdk-pixbuf-2.43.2/tests/test-images/gif-test-suite/animation-speed.gif
gdk-pixbuf-2.43.2/tests/test-images/gif-test-suite/animation-zero-delays.conf
gdk-pixbuf-2.43.2/tests/test-images/gif-test-suite/animation-zero-delays.gif
gdk-pixbuf-2.43.2/tests/test-images/gif-test-suite/animation.0.png
gdk-pixbuf-2.43.2/tests/test-images/gif-test-suite/animation.0.rgba
gdk-pixbuf-2.43.2/tests/test-images/gif-test-suite/animation.1.png
gdk-pixbuf-2.43.2/tests/test-images/gif-test-suite/animation.1.rgba
gdk-pixbuf-2.43.2/tests/test-images/gif-test-suite/animation.2.png
gdk-pixbuf-2.43.2/tests/test-images/gif-test-suite/animation.2.rgba
gdk-pixbuf-2.43.2/tests/test-images/gif-test-suite/animation.3.png
gdk-pixbuf-2.43.2/tests/test-images/gif-test-suite/animation.3.rgba
gdk-pixbuf-2.43.2/tests/test-images/gif-test-suite/animation.conf
gdk-pixbuf-2.43.2/tests/test-images/gif-test-suite/animation.gif
gdk-pixbuf-2.43.2/tests/test-images/gif-test-suite/checkerboard.png
gdk-pixbuf-2.43.2/tests/test-images/gif-test-suite/checkerboard.rgba
gdk-pixbuf-2.43.2/tests/test-images/gif-test-suite/comment.conf
gdk-pixbuf-2.43.2/tests/test-images/gif-test-suite/comment.gif
gdk-pixbuf-2.43.2/tests/test-images/gif-test-suite/depth1.conf
gdk-pixbuf-2.43.2/tests/test-images/gif-test-suite/depth1.gif
gdk-pixbuf-2.43.2/tests/test-images/gif-test-suite/depth2.conf
gdk-pixbuf-2.43.2/tests/test-images/gif-test-suite/depth2.gif
gdk-pixbuf-2.43.2/tests/test-images/gif-test-suite/depth3.conf
gdk-pixbuf-2.43.2/tests/test-images/gif-test-suite/depth3.gif
gdk-pixbuf-2.43.2/tests/test-images/gif-test-suite/depth4.conf
gdk-pixbuf-2.43.2/tests/test-images/gif-test-suite/depth4.gif
gdk-pixbuf-2.43.2/tests/test-images/gif-test-suite/depth5.conf
gdk-pixbuf-2.43.2/tests/test-images/gif-test-suite/depth5.gif
gdk-pixbuf-2.43.2/tests/test-images/gif-test-suite/depth6.conf
gdk-pixbuf-2.43.2/tests/test-images/gif-test-suite/depth6.gif
gdk-pixbuf-2.43.2/tests/test-images/gif-test-suite/depth7.conf
gdk-pixbuf-2.43.2/tests/test-images/gif-test-suite/depth7.gif
gdk-pixbuf-2.43.2/tests/test-images/gif-test-suite/depth8.conf
gdk-pixbuf-2.43.2/tests/test-images/gif-test-suite/depth8.gif
gdk-pixbuf-2.43.2/tests/test-images/gif-test-suite/disabled-transparent.conf
gdk-pixbuf-2.43.2/tests/test-images/gif-test-suite/disabled-transparent.gif
gdk-pixbuf-2.43.2/tests/test-images/gif-test-suite/dispose-keep.conf
gdk-pixbuf-2.43.2/tests/test-images/gif-test-suite/dispose-keep.gif
gdk-pixbuf-2.43.2/tests/test-images/gif-test-suite/dispose-none.conf
gdk-pixbuf-2.43.2/tests/test-images/gif-test-suite/dispose-none.gif
gdk-pixbuf-2.43.2/tests/test-images/gif-test-suite/dispose-restore-background.conf
gdk-pixbuf-2.43.2/tests/test-images/gif-test-suite/dispose-restore-background.gif
gdk-pixbuf-2.43.2/tests/test-images/gif-test-suite/dispose-restore-previous.conf
gdk-pixbuf-2.43.2/tests/test-images/gif-test-suite/dispose-restore-previous.gif
gdk-pixbuf-2.43.2/tests/test-images/gif-test-suite/double-clears.conf
gdk-pixbuf-2.43.2/tests/test-images/gif-test-suite/double-clears.gif
gdk-pixbuf-2.43.2/tests/test-images/gif-test-suite/empty.icc
gdk-pixbuf-2.43.2/tests/test-images/gif-test-suite/empty.xmp
gdk-pixbuf-2.43.2/tests/test-images/gif-test-suite/extra-data.conf
gdk-pixbuf-2.43.2/tests/test-images/gif-test-suite/extra-data.gif
gdk-pixbuf-2.43.2/tests/test-images/gif-test-suite/extra-pixels.conf
gdk-pixbuf-2.43.2/tests/test-images/gif-test-suite/extra-pixels.gif
gdk-pixbuf-2.43.2/tests/test-images/gif-test-suite/four-colors-transparent.png
gdk-pixbuf-2.43.2/tests/test-images/gif-test-suite/four-colors-transparent.rgba
gdk-pixbuf-2.43.2/tests/test-images/gif-test-suite/four-colors.conf
gdk-pixbuf-2.43.2/tests/test-images/gif-test-suite/four-colors.gif
gdk-pixbuf-2.43.2/tests/test-images/gif-test-suite/four-colors.png
gdk-pixbuf-2.43.2/tests/test-images/gif-test-suite/four-colors.rgba
gdk-pixbuf-2.43.2/tests/test-images/gif-test-suite/gif87a-animation.conf
gdk-pixbuf-2.43.2/tests/test-images/gif-test-suite/gif87a-animation.gif
gdk-pixbuf-2.43.2/tests/test-images/gif-test-suite/gif87a.conf
gdk-pixbuf-2.43.2/tests/test-images/gif-test-suite/gif87a.gif
gdk-pixbuf-2.43.2/tests/test-images/gif-test-suite/high-color.conf
gdk-pixbuf-2.43.2/tests/test-images/gif-test-suite/high-color.gif
gdk-pixbuf-2.43.2/tests/test-images/gif-test-suite/high-color.png
gdk-pixbuf-2.43.2/tests/test-images/gif-test-suite/high-color.rgba
gdk-pixbuf-2.43.2/tests/test-images/gif-test-suite/icc-color-profile-empty.conf
gdk-pixbuf-2.43.2/tests/test-images/gif-test-suite/icc-color-profile-empty.gif
gdk-pixbuf-2.43.2/tests/test-images/gif-test-suite/icc-color-profile.conf
gdk-pixbuf-2.43.2/tests/test-images/gif-test-suite/icc-color-profile.gif
gdk-pixbuf-2.43.2/tests/test-images/gif-test-suite/image-inside-bg.conf
gdk-pixbuf-2.43.2/tests/test-images/gif-test-suite/image-inside-bg.gif
gdk-pixbuf-2.43.2/tests/test-images/gif-test-suite/image-inside-bg.png
gdk-pixbuf-2.43.2/tests/test-images/gif-test-suite/image-inside-bg.rgba
gdk-pixbuf-2.43.2/tests/test-images/gif-test-suite/image-outside-bg.conf
gdk-pixbuf-2.43.2/tests/test-images/gif-test-suite/image-outside-bg.gif
gdk-pixbuf-2.43.2/tests/test-images/gif-test-suite/image-outside-bg.png
gdk-pixbuf-2.43.2/tests/test-images/gif-test-suite/image-outside-bg.rgba
gdk-pixbuf-2.43.2/tests/test-images/gif-test-suite/image-overlap-bg.conf
gdk-pixbuf-2.43.2/tests/test-images/gif-test-suite/image-overlap-bg.gif
gdk-pixbuf-2.43.2/tests/test-images/gif-test-suite/image-overlap-bg.png
gdk-pixbuf-2.43.2/tests/test-images/gif-test-suite/image-overlap-bg.rgba
gdk-pixbuf-2.43.2/tests/test-images/gif-test-suite/image-zero-height.conf
gdk-pixbuf-2.43.2/tests/test-images/gif-test-suite/image-zero-height.gif
gdk-pixbuf-2.43.2/tests/test-images/gif-test-suite/image-zero-size.conf
gdk-pixbuf-2.43.2/tests/test-images/gif-test-suite/image-zero-size.gif
gdk-pixbuf-2.43.2/tests/test-images/gif-test-suite/image-zero-width.conf
gdk-pixbuf-2.43.2/tests/test-images/gif-test-suite/image-zero-width.gif
gdk-pixbuf-2.43.2/tests/test-images/gif-test-suite/images-combine.conf
gdk-pixbuf-2.43.2/tests/test-images/gif-test-suite/images-combine.gif
gdk-pixbuf-2.43.2/tests/test-images/gif-test-suite/images-overlap.conf
gdk-pixbuf-2.43.2/tests/test-images/gif-test-suite/images-overlap.gif
gdk-pixbuf-2.43.2/tests/test-images/gif-test-suite/interlace.conf
gdk-pixbuf-2.43.2/tests/test-images/gif-test-suite/interlace.gif
gdk-pixbuf-2.43.2/tests/test-images/gif-test-suite/invalid-ascii-comment.conf
gdk-pixbuf-2.43.2/tests/test-images/gif-test-suite/invalid-ascii-comment.gif
gdk-pixbuf-2.43.2/tests/test-images/gif-test-suite/invalid-background.conf
gdk-pixbuf-2.43.2/tests/test-images/gif-test-suite/invalid-background.gif
gdk-pixbuf-2.43.2/tests/test-images/gif-test-suite/invalid-code.conf
gdk-pixbuf-2.43.2/tests/test-images/gif-test-suite/invalid-code.gif
gdk-pixbuf-2.43.2/tests/test-images/gif-test-suite/invalid-colors.conf
gdk-pixbuf-2.43.2/tests/test-images/gif-test-suite/invalid-colors.gif
gdk-pixbuf-2.43.2/tests/test-images/gif-test-suite/invalid-transparent.conf
gdk-pixbuf-2.43.2/tests/test-images/gif-test-suite/invalid-transparent.gif
gdk-pixbuf-2.43.2/tests/test-images/gif-test-suite/invalid-utf8-comment.conf
gdk-pixbuf-2.43.2/tests/test-images/gif-test-suite/invalid-utf8-comment.gif
gdk-pixbuf-2.43.2/tests/test-images/gif-test-suite/large-codes.conf
gdk-pixbuf-2.43.2/tests/test-images/gif-test-suite/large-codes.gif
gdk-pixbuf-2.43.2/tests/test-images/gif-test-suite/large-comment.conf
gdk-pixbuf-2.43.2/tests/test-images/gif-test-suite/large-comment.gif
gdk-pixbuf-2.43.2/tests/test-images/gif-test-suite/local-color-table.conf
gdk-pixbuf-2.43.2/tests/test-images/gif-test-suite/local-color-table.gif
gdk-pixbuf-2.43.2/tests/test-images/gif-test-suite/loop-animexts.conf
gdk-pixbuf-2.43.2/tests/test-images/gif-test-suite/loop-animexts.gif
gdk-pixbuf-2.43.2/tests/test-images/gif-test-suite/loop-buffer.conf
gdk-pixbuf-2.43.2/tests/test-images/gif-test-suite/loop-buffer.gif
gdk-pixbuf-2.43.2/tests/test-images/gif-test-suite/loop-buffer_max.conf
gdk-pixbuf-2.43.2/tests/test-images/gif-test-suite/loop-buffer_max.gif
gdk-pixbuf-2.43.2/tests/test-images/gif-test-suite/loop-infinite.conf
gdk-pixbuf-2.43.2/tests/test-images/gif-test-suite/loop-infinite.gif
gdk-pixbuf-2.43.2/tests/test-images/gif-test-suite/loop-max.conf
gdk-pixbuf-2.43.2/tests/test-images/gif-test-suite/loop-max.gif
gdk-pixbuf-2.43.2/tests/test-images/gif-test-suite/loop-once.conf
gdk-pixbuf-2.43.2/tests/test-images/gif-test-suite/loop-once.gif
gdk-pixbuf-2.43.2/tests/test-images/gif-test-suite/many-clears.conf
gdk-pixbuf-2.43.2/tests/test-images/gif-test-suite/many-clears.gif
gdk-pixbuf-2.43.2/tests/test-images/gif-test-suite/max-codes.conf
gdk-pixbuf-2.43.2/tests/test-images/gif-test-suite/max-codes.gif
gdk-pixbuf-2.43.2/tests/test-images/gif-test-suite/max-height.conf
gdk-pixbuf-2.43.2/tests/test-images/gif-test-suite/max-height.gif
gdk-pixbuf-2.43.2/tests/test-images/gif-test-suite/max-height.png
gdk-pixbuf-2.43.2/tests/test-images/gif-test-suite/max-height.rgba
gdk-pixbuf-2.43.2/tests/test-images/gif-test-suite/max-size.conf
gdk-pixbuf-2.43.2/tests/test-images/gif-test-suite/max-size.gif
gdk-pixbuf-2.43.2/tests/test-images/gif-test-suite/max-width.conf
gdk-pixbuf-2.43.2/tests/test-images/gif-test-suite/max-width.gif
gdk-pixbuf-2.43.2/tests/test-images/gif-test-suite/max-width.png
gdk-pixbuf-2.43.2/tests/test-images/gif-test-suite/max-width.rgba
gdk-pixbuf-2.43.2/tests/test-images/gif-test-suite/missing-pixels.conf
gdk-pixbuf-2.43.2/tests/test-images/gif-test-suite/missing-pixels.gif
gdk-pixbuf-2.43.2/tests/test-images/gif-test-suite/missing-pixels.png
gdk-pixbuf-2.43.2/tests/test-images/gif-test-suite/missing-pixels.rgba
gdk-pixbuf-2.43.2/tests/test-images/gif-test-suite/no-clear-and-eoi.conf
gdk-pixbuf-2.43.2/tests/test-images/gif-test-suite/no-clear-and-eoi.gif
gdk-pixbuf-2.43.2/tests/test-images/gif-test-suite/no-clear.conf
gdk-pixbuf-2.43.2/tests/test-images/gif-test-suite/no-clear.gif
gdk-pixbuf-2.43.2/tests/test-images/gif-test-suite/no-data.conf
gdk-pixbuf-2.43.2/tests/test-images/gif-test-suite/no-data.gif
gdk-pixbuf-2.43.2/tests/test-images/gif-test-suite/no-eoi.conf
gdk-pixbuf-2.43.2/tests/test-images/gif-test-suite/no-eoi.gif
gdk-pixbuf-2.43.2/tests/test-images/gif-test-suite/no-global-color-table.conf
gdk-pixbuf-2.43.2/tests/test-images/gif-test-suite/no-global-color-table.gif
gdk-pixbuf-2.43.2/tests/test-images/gif-test-suite/nul-application-extension.conf
gdk-pixbuf-2.43.2/tests/test-images/gif-test-suite/nul-application-extension.gif
gdk-pixbuf-2.43.2/tests/test-images/gif-test-suite/nul-comment.conf
gdk-pixbuf-2.43.2/tests/test-images/gif-test-suite/nul-comment.gif
gdk-pixbuf-2.43.2/tests/test-images/gif-test-suite/overflow-codes-max.conf
gdk-pixbuf-2.43.2/tests/test-images/gif-test-suite/overflow-codes-max.gif
gdk-pixbuf-2.43.2/tests/test-images/gif-test-suite/overflow-codes.conf
gdk-pixbuf-2.43.2/tests/test-images/gif-test-suite/overflow-codes.gif
gdk-pixbuf-2.43.2/tests/test-images/gif-test-suite/plain-text.conf
gdk-pixbuf-2.43.2/tests/test-images/gif-test-suite/plain-text.gif
gdk-pixbuf-2.43.2/tests/test-images/gif-test-suite/random-image.png
gdk-pixbuf-2.43.2/tests/test-images/gif-test-suite/random-image.rgba
gdk-pixbuf-2.43.2/tests/test-images/gif-test-suite/random_image.png
gdk-pixbuf-2.43.2/tests/test-images/gif-test-suite/sRGB.icc
gdk-pixbuf-2.43.2/tests/test-images/gif-test-suite/test.xmp
gdk-pixbuf-2.43.2/tests/test-images/gif-test-suite/transparent-dot.png
gdk-pixbuf-2.43.2/tests/test-images/gif-test-suite/transparent-dot.rgba
gdk-pixbuf-2.43.2/tests/test-images/gif-test-suite/transparent.conf
gdk-pixbuf-2.43.2/tests/test-images/gif-test-suite/transparent.gif
gdk-pixbuf-2.43.2/tests/test-images/gif-test-suite/unknown-application-extension.conf
gdk-pixbuf-2.43.2/tests/test-images/gif-test-suite/unknown-application-extension.gif
gdk-pixbuf-2.43.2/tests/test-images/gif-test-suite/unknown-extension.conf
gdk-pixbuf-2.43.2/tests/test-images/gif-test-suite/unknown-extension.gif
gdk-pixbuf-2.43.2/tests/test-images/gif-test-suite/white-dot.png
gdk-pixbuf-2.43.2/tests/test-images/gif-test-suite/white-dot.rgba
gdk-pixbuf-2.43.2/tests/test-images/gif-test-suite/white-hline2.png
gdk-pixbuf-2.43.2/tests/test-images/gif-test-suite/white-hline2.rgba
gdk-pixbuf-2.43.2/tests/test-images/gif-test-suite/xmp-data-empty.conf
gdk-pixbuf-2.43.2/tests/test-images/gif-test-suite/xmp-data-empty.gif
gdk-pixbuf-2.43.2/tests/test-images/gif-test-suite/xmp-data.conf
gdk-pixbuf-2.43.2/tests/test-images/gif-test-suite/xmp-data.gif
gdk-pixbuf-2.43.2/tests/test-images/gif-test-suite/zero-height.conf
gdk-pixbuf-2.43.2/tests/test-images/gif-test-suite/zero-height.gif
gdk-pixbuf-2.43.2/tests/test-images/gif-test-suite/zero-size.conf
gdk-pixbuf-2.43.2/tests/test-images/gif-test-suite/zero-size.gif
gdk-pixbuf-2.43.2/tests/test-images/gif-test-suite/zero-width.conf
gdk-pixbuf-2.43.2/tests/test-images/gif-test-suite/zero-width.gif
gdk-pixbuf-2.43.2/tests/test-images/randomly-modified/
gdk-pixbuf-2.43.2/tests/test-images/randomly-modified/bad-header.ico
gdk-pixbuf-2.43.2/tests/test-images/randomly-modified/bmp-line-overflow.bmp
gdk-pixbuf-2.43.2/tests/test-images/randomly-modified/bug775232.pnm
gdk-pixbuf-2.43.2/tests/test-images/randomly-modified/bug775242.bmp
gdk-pixbuf-2.43.2/tests/test-images/randomly-modified/bug775648.qtif
gdk-pixbuf-2.43.2/tests/test-images/randomly-modified/bug775697.jpg
gdk-pixbuf-2.43.2/tests/test-images/randomly-modified/bug776040.ico
gdk-pixbuf-2.43.2/tests/test-images/randomly-modified/crash.ico
gdk-pixbuf-2.43.2/tests/test-images/randomly-modified/decodecolormap.bmp
gdk-pixbuf-2.43.2/tests/test-images/randomly-modified/invalid.1.xpm
gdk-pixbuf-2.43.2/tests/test-images/randomly-modified/invalid.2.ico
gdk-pixbuf-2.43.2/tests/test-images/randomly-modified/invalid.4.ppm
gdk-pixbuf-2.43.2/tests/test-images/randomly-modified/valid.1.bmp
gdk-pixbuf-2.43.2/tests/test-images/randomly-modified/valid.1.gif
gdk-pixbuf-2.43.2/tests/test-images/randomly-modified/valid.1.jpeg
gdk-pixbuf-2.43.2/tests/test-images/randomly-modified/valid.1.png
gdk-pixbuf-2.43.2/tests/test-images/randomly-modified/valid.1.ppm
gdk-pixbuf-2.43.2/tests/test-images/randomly-modified/valid.1.tga
gdk-pixbuf-2.43.2/tests/test-images/randomly-modified/valid.1.tiff
gdk-pixbuf-2.43.2/tests/test-images/randomly-modified/valid.1.xbm
gdk-pixbuf-2.43.2/tests/test-images/randomly-modified/valid.1.xpm
gdk-pixbuf-2.43.2/tests/test-images/randomly-modified/valid.2.jpeg
gdk-pixbuf-2.43.2/tests/test-images/randomly-modified/valid.2.ppm
gdk-pixbuf-2.43.2/tests/test-images/randomly-modified/valid.2.tga
gdk-pixbuf-2.43.2/tests/test-images/randomly-modified/valid.3.ppm
gdk-pixbuf-2.43.2/tests/test-images/randomly-modified/valid.4.ppm
gdk-pixbuf-2.43.2/tests/test-images/reftests/
gdk-pixbuf-2.43.2/tests/test-images/reftests/bug696331.png
gdk-pixbuf-2.43.2/tests/test-images/reftests/bug696331.png.ref.png
gdk-pixbuf-2.43.2/tests/test-images/reftests/bug785447.ico
gdk-pixbuf-2.43.2/tests/test-images/reftests/bug785447.ico.ref.png
gdk-pixbuf-2.43.2/tests/test-images/reftests/cat.jpg
gdk-pixbuf-2.43.2/tests/test-images/reftests/cat.jpg.ref.png
gdk-pixbuf-2.43.2/tests/test-images/reftests/colormap-too-small.tga
gdk-pixbuf-2.43.2/tests/test-images/reftests/colormap-too-small.tga.ref.png
gdk-pixbuf-2.43.2/tests/test-images/reftests/mandatory-bitmasks.bmp
gdk-pixbuf-2.43.2/tests/test-images/reftests/mandatory-bitmasks.bmp.ref.png
gdk-pixbuf-2.43.2/tests/test-images/reftests/rle-too-many-pixels-2.tga
gdk-pixbuf-2.43.2/tests/test-images/reftests/rle-too-many-pixels-2.tga.ref.png
gdk-pixbuf-2.43.2/tests/test-images/reftests/rle-too-many-pixels.tga
gdk-pixbuf-2.43.2/tests/test-images/reftests/rle-too-many-pixels.tga.ref.png
gdk-pixbuf-2.43.2/tests/test-images/reftests/squares.ico
gdk-pixbuf-2.43.2/tests/test-images/reftests/squares.ico.ref.png
gdk-pixbuf-2.43.2/tests/test-images/reftests/tga/
gdk-pixbuf-2.43.2/tests/test-images/reftests/tga/gtk-logo-16bpp-bottom-left.tga
gdk-pixbuf-2.43.2/tests/test-images/reftests/tga/gtk-logo-16bpp-bottom-left.tga.ref.png
gdk-pixbuf-2.43.2/tests/test-images/reftests/tga/gtk-logo-16bpp-bottom-right.tga
gdk-pixbuf-2.43.2/tests/test-images/reftests/tga/gtk-logo-16bpp-bottom-right.tga.ref.png
gdk-pixbuf-2.43.2/tests/test-images/reftests/tga/gtk-logo-16bpp-top-left.tga
gdk-pixbuf-2.43.2/tests/test-images/reftests/tga/gtk-logo-16bpp-top-left.tga.ref.png
gdk-pixbuf-2.43.2/tests/test-images/reftests/tga/gtk-logo-16bpp-top-right.tga
gdk-pixbuf-2.43.2/tests/test-images/reftests/tga/gtk-logo-16bpp-top-right.tga.ref.png
gdk-pixbuf-2.43.2/tests/test-images/reftests/tga/gtk-logo-16bpp.ref.png
gdk-pixbuf-2.43.2/tests/test-images/reftests/tga/gtk-logo-24bpp-bottom-left.tga
gdk-pixbuf-2.43.2/tests/test-images/reftests/tga/gtk-logo-24bpp-bottom-left.tga.ref.png
gdk-pixbuf-2.43.2/tests/test-images/reftests/tga/gtk-logo-24bpp-bottom-right.tga
gdk-pixbuf-2.43.2/tests/test-images/reftests/tga/gtk-logo-24bpp-bottom-right.tga.ref.png
gdk-pixbuf-2.43.2/tests/test-images/reftests/tga/gtk-logo-24bpp-top-left.tga
gdk-pixbuf-2.43.2/tests/test-images/reftests/tga/gtk-logo-24bpp-top-left.tga.ref.png
gdk-pixbuf-2.43.2/tests/test-images/reftests/tga/gtk-logo-24bpp-top-right.tga
gdk-pixbuf-2.43.2/tests/test-images/reftests/tga/gtk-logo-24bpp-top-right.tga.ref.png
gdk-pixbuf-2.43.2/tests/test-images/reftests/tga/gtk-logo-32bpp-bottom-left.tga
gdk-pixbuf-2.43.2/tests/test-images/reftests/tga/gtk-logo-32bpp-bottom-left.tga.ref.png
gdk-pixbuf-2.43.2/tests/test-images/reftests/tga/gtk-logo-32bpp-bottom-right.tga
gdk-pixbuf-2.43.2/tests/test-images/reftests/tga/gtk-logo-32bpp-bottom-right.tga.ref.png
gdk-pixbuf-2.43.2/tests/test-images/reftests/tga/gtk-logo-32bpp-top-left.tga
gdk-pixbuf-2.43.2/tests/test-images/reftests/tga/gtk-logo-32bpp-top-left.tga.ref.png
gdk-pixbuf-2.43.2/tests/test-images/reftests/tga/gtk-logo-32bpp-top-right.tga
gdk-pixbuf-2.43.2/tests/test-images/reftests/tga/gtk-logo-32bpp-top-right.tga.ref.png
gdk-pixbuf-2.43.2/tests/test-images/reftests/tga/gtk-logo-cmap-8bpp-bottom-left.tga
gdk-pixbuf-2.43.2/tests/test-images/reftests/tga/gtk-logo-cmap-8bpp-bottom-left.tga.ref.png
gdk-pixbuf-2.43.2/tests/test-images/reftests/tga/gtk-logo-cmap-8bpp-bottom-right.tga
gdk-pixbuf-2.43.2/tests/test-images/reftests/tga/gtk-logo-cmap-8bpp-bottom-right.tga.ref.png
gdk-pixbuf-2.43.2/tests/test-images/reftests/tga/gtk-logo-cmap-8bpp-top-left.tga
gdk-pixbuf-2.43.2/tests/test-images/reftests/tga/gtk-logo-cmap-8bpp-top-left.tga.ref.png
gdk-pixbuf-2.43.2/tests/test-images/reftests/tga/gtk-logo-cmap-8bpp-top-right.tga
gdk-pixbuf-2.43.2/tests/test-images/reftests/tga/gtk-logo-cmap-8bpp-top-right.tga.ref.png
gdk-pixbuf-2.43.2/tests/test-images/reftests/tga/gtk-logo-cmap-rle-8bpp-bottom-left.tga
gdk-pixbuf-2.43.2/tests/test-images/reftests/tga/gtk-logo-cmap-rle-8bpp-bottom-left.tga.ref.png
gdk-pixbuf-2.43.2/tests/test-images/reftests/tga/gtk-logo-cmap-rle-8bpp-bottom-right.tga
gdk-pixbuf-2.43.2/tests/test-images/reftests/tga/gtk-logo-cmap-rle-8bpp-bottom-right.tga.ref.png
gdk-pixbuf-2.43.2/tests/test-images/reftests/tga/gtk-logo-cmap-rle-8bpp-top-left.tga
gdk-pixbuf-2.43.2/tests/test-images/reftests/tga/gtk-logo-cmap-rle-8bpp-top-left.tga.ref.png
gdk-pixbuf-2.43.2/tests/test-images/reftests/tga/gtk-logo-cmap-rle-8bpp-top-right.tga
gdk-pixbuf-2.43.2/tests/test-images/reftests/tga/gtk-logo-cmap-rle-8bpp-top-right.tga.ref.png
gdk-pixbuf-2.43.2/tests/test-images/reftests/tga/gtk-logo-cmap.ref.png
gdk-pixbuf-2.43.2/tests/test-images/reftests/tga/gtk-logo-gray-16bpp-bottom-left.tga
gdk-pixbuf-2.43.2/tests/test-images/reftests/tga/gtk-logo-gray-16bpp-bottom-left.tga.ref.png
gdk-pixbuf-2.43.2/tests/test-images/reftests/tga/gtk-logo-gray-16bpp-bottom-right.tga
gdk-pixbuf-2.43.2/tests/test-images/reftests/tga/gtk-logo-gray-16bpp-bottom-right.tga.ref.png
gdk-pixbuf-2.43.2/tests/test-images/reftests/tga/gtk-logo-gray-16bpp-top-left.tga
gdk-pixbuf-2.43.2/tests/test-images/reftests/tga/gtk-logo-gray-16bpp-top-left.tga.ref.png
gdk-pixbuf-2.43.2/tests/test-images/reftests/tga/gtk-logo-gray-16bpp-top-right.tga
gdk-pixbuf-2.43.2/tests/test-images/reftests/tga/gtk-logo-gray-16bpp-top-right.tga.ref.png
gdk-pixbuf-2.43.2/tests/test-images/reftests/tga/gtk-logo-gray-8bpp-bottom-left.tga
gdk-pixbuf-2.43.2/tests/test-images/reftests/tga/gtk-logo-gray-8bpp-bottom-left.tga.ref.png
gdk-pixbuf-2.43.2/tests/test-images/reftests/tga/gtk-logo-gray-8bpp-bottom-right.tga
gdk-pixbuf-2.43.2/tests/test-images/reftests/tga/gtk-logo-gray-8bpp-bottom-right.tga.ref.png
gdk-pixbuf-2.43.2/tests/test-images/reftests/tga/gtk-logo-gray-8bpp-top-left.tga
gdk-pixbuf-2.43.2/tests/test-images/reftests/tga/gtk-logo-gray-8bpp-top-left.tga.ref.png
gdk-pixbuf-2.43.2/tests/test-images/reftests/tga/gtk-logo-gray-8bpp-top-right.tga
gdk-pixbuf-2.43.2/tests/test-images/reftests/tga/gtk-logo-gray-8bpp-top-right.tga.ref.png
gdk-pixbuf-2.43.2/tests/test-images/reftests/tga/gtk-logo-gray-opaque.ref.png
gdk-pixbuf-2.43.2/tests/test-images/reftests/tga/gtk-logo-gray-rle-16bpp-bottom-left.tga
gdk-pixbuf-2.43.2/tests/test-images/reftests/tga/gtk-logo-gray-rle-16bpp-bottom-left.tga.ref.png
gdk-pixbuf-2.43.2/tests/test-images/reftests/tga/gtk-logo-gray-rle-16bpp-bottom-right.tga
gdk-pixbuf-2.43.2/tests/test-images/reftests/tga/gtk-logo-gray-rle-16bpp-bottom-right.tga.ref.png
gdk-pixbuf-2.43.2/tests/test-images/reftests/tga/gtk-logo-gray-rle-16bpp-top-left.tga
gdk-pixbuf-2.43.2/tests/test-images/reftests/tga/gtk-logo-gray-rle-16bpp-top-left.tga.ref.png
gdk-pixbuf-2.43.2/tests/test-images/reftests/tga/gtk-logo-gray-rle-16bpp-top-right.tga
gdk-pixbuf-2.43.2/tests/test-images/reftests/tga/gtk-logo-gray-rle-16bpp-top-right.tga.ref.png
gdk-pixbuf-2.43.2/tests/test-images/reftests/tga/gtk-logo-gray-rle-8bpp-bottom-left.tga
gdk-pixbuf-2.43.2/tests/test-images/reftests/tga/gtk-logo-gray-rle-8bpp-bottom-left.tga.ref.png
gdk-pixbuf-2.43.2/tests/test-images/reftests/tga/gtk-logo-gray-rle-8bpp-bottom-right.tga
gdk-pixbuf-2.43.2/tests/test-images/reftests/tga/gtk-logo-gray-rle-8bpp-bottom-right.tga.ref.png
gdk-pixbuf-2.43.2/tests/test-images/reftests/tga/gtk-logo-gray-rle-8bpp-top-left.tga
gdk-pixbuf-2.43.2/tests/test-images/reftests/tga/gtk-logo-gray-rle-8bpp-top-left.tga.ref.png
gdk-pixbuf-2.43.2/tests/test-images/reftests/tga/gtk-logo-gray-rle-8bpp-top-right.tga
gdk-pixbuf-2.43.2/tests/test-images/reftests/tga/gtk-logo-gray-rle-8bpp-top-right.tga.ref.png
gdk-pixbuf-2.43.2/tests/test-images/reftests/tga/gtk-logo-gray.ref.png
gdk-pixbuf-2.43.2/tests/test-images/reftests/tga/gtk-logo-opaque.ref.png
gdk-pixbuf-2.43.2/tests/test-images/reftests/tga/gtk-logo-rle-24bpp-bottom-left.tga
gdk-pixbuf-2.43.2/tests/test-images/reftests/tga/gtk-logo-rle-24bpp-bottom-left.tga.ref.png
gdk-pixbuf-2.43.2/tests/test-images/reftests/tga/gtk-logo-rle-24bpp-bottom-right.tga
gdk-pixbuf-2.43.2/tests/test-images/reftests/tga/gtk-logo-rle-24bpp-bottom-right.tga.ref.png
gdk-pixbuf-2.43.2/tests/test-images/reftests/tga/gtk-logo-rle-24bpp-top-left.tga
gdk-pixbuf-2.43.2/tests/test-images/reftests/tga/gtk-logo-rle-24bpp-top-left.tga.ref.png
gdk-pixbuf-2.43.2/tests/test-images/reftests/tga/gtk-logo-rle-24bpp-top-right.tga
gdk-pixbuf-2.43.2/tests/test-images/reftests/tga/gtk-logo-rle-24bpp-top-right.tga.ref.png
gdk-pixbuf-2.43.2/tests/test-images/reftests/tga/gtk-logo-rle-32bpp-bottom-left.tga
gdk-pixbuf-2.43.2/tests/test-images/reftests/tga/gtk-logo-rle-32bpp-bottom-left.tga.ref.png
gdk-pixbuf-2.43.2/tests/test-images/reftests/tga/gtk-logo-rle-32bpp-bottom-right.tga
gdk-pixbuf-2.43.2/tests/test-images/reftests/tga/gtk-logo-rle-32bpp-bottom-right.tga.ref.png
gdk-pixbuf-2.43.2/tests/test-images/reftests/tga/gtk-logo-rle-32bpp-top-left.tga
gdk-pixbuf-2.43.2/tests/test-images/reftests/tga/gtk-logo-rle-32bpp-top-left.tga.ref.png
gdk-pixbuf-2.43.2/tests/test-images/reftests/tga/gtk-logo-rle-32bpp-top-right.tga
gdk-pixbuf-2.43.2/tests/test-images/reftests/tga/gtk-logo-rle-32bpp-top-right.tga.ref.png
gdk-pixbuf-2.43.2/tests/test-images/reftests/tga/gtk-logo.ref.png
gdk-pixbuf-2.43.2/thumbnailer/
gdk-pixbuf-2.43.2/thumbnailer/gdk-pixbuf-print-mime-types.c
gdk-pixbuf-2.43.2/thumbnailer/gdk-pixbuf-thumbnailer.c
gdk-pixbuf-2.43.2/thumbnailer/gdk-pixbuf-thumbnailer.thumbnailer.in
gdk-pixbuf-2.43.2/thumbnailer/gnome-thumbnailer-skeleton.c
gdk-pixbuf-2.43.2/thumbnailer/gnome-thumbnailer-skeleton.h
gdk-pixbuf-2.43.2/thumbnailer/meson.build
mkdir: cannot create directory 'build': File exists
