--2025-06-15 07:09:33--  https://downloads.sourceforge.net/libpng/libpng-1.6.49.tar.xz
Resolving downloads.sourceforge.net (downloads.sourceforge.net)... 2606:4700::6812:d95, 2606:4700::6812:c95, 104.18.12.149, ...
Connecting to downloads.sourceforge.net (downloads.sourceforge.net)|2606:4700::6812:d95|:443... connected.
HTTP request sent, awaiting response... 301 Moved Permanently
Location: https://downloads.sourceforge.net/project/libpng/libpng16/1.6.49/libpng-1.6.49.tar.xz [following]
--2025-06-15 07:09:33--  https://downloads.sourceforge.net/project/libpng/libpng16/1.6.49/libpng-1.6.49.tar.xz
Reusing existing connection to [downloads.sourceforge.net]:443.
HTTP request sent, awaiting response... 302 Found
Location: https://psychz.dl.sourceforge.net/project/libpng/libpng16/1.6.49/libpng-1.6.49.tar.xz?viasf=1 [following]
--2025-06-15 07:09:33--  https://psychz.dl.sourceforge.net/project/libpng/libpng16/1.6.49/libpng-1.6.49.tar.xz?viasf=1
Resolving psychz.dl.sourceforge.net (psychz.dl.sourceforge.net)... 208.87.241.191
Connecting to psychz.dl.sourceforge.net (psychz.dl.sourceforge.net)|208.87.241.191|:443... connected.
HTTP request sent, awaiting response... 200 OK
Length: 1060752 (1.0M) [application/octet-stream]
Saving to: 'libpng-1.6.49.tar.xz.1'

     0K .......... .......... .......... .......... ..........  4%  719K 1s
    50K .......... .......... .......... .......... ..........  9%  753K 1s
   100K .......... .......... .......... .......... .......... 14%  115M 1s
   150K .......... .......... .......... .......... .......... 19% 65.4M 1s
   200K .......... .......... .......... .......... .......... 24%  744K 1s
   250K .......... .......... .......... .......... .......... 28%  124M 1s
   300K .......... .......... .......... .......... .......... 33%  131M 0s
   350K .......... .......... .......... .......... .......... 38%  748K 0s
   400K .......... .......... .......... .......... .......... 43%  128M 0s
   450K .......... .......... .......... .......... .......... 48%  108M 0s
   500K .......... .......... .......... .......... .......... 53%  132M 0s
   550K .......... .......... .......... .......... .......... 57%  118M 0s
   600K .......... .......... .......... .......... .......... 62%  114M 0s
   650K .......... .......... .......... .......... .......... 67%  117M 0s
   700K .......... .......... .......... .......... .......... 72%  113M 0s
   750K .......... .......... .......... .......... .......... 77% 92.3M 0s
   800K .......... .......... .......... .......... .......... 82%  767K 0s
   850K .......... .......... .......... .......... .......... 86%  536M 0s
   900K .......... .......... .......... .......... .......... 91% 63.1M 0s
   950K .......... .......... .......... .......... .......... 96%  163M 0s
  1000K .......... .......... .......... .....                100% 46.9M=0.3s

2025-06-15 07:09:34 (2.95 MB/s) - 'libpng-1.6.49.tar.xz.1' saved [1060752/1060752]

--2025-06-15 07:09:34--  https://downloads.sourceforge.net/sourceforge/libpng-apng/libpng-1.6.49-apng.patch.gz
Resolving downloads.sourceforge.net (downloads.sourceforge.net)... 2606:4700::6812:c95, 2606:4700::6812:d95, 104.18.13.149, ...
Connecting to downloads.sourceforge.net (downloads.sourceforge.net)|2606:4700::6812:c95|:443... connected.
HTTP request sent, awaiting response... 404 Not Found
2025-06-15 07:09:34 ERROR 404: Not Found.

