--2025-06-15 07:12:25--  https://thrysoee.dk/editline/libedit-20250104-3.1.tar.gz
Resolving thrysoee.dk (thrysoee.dk)... 94.231.109.254
Connecting to thrysoee.dk (thrysoee.dk)|94.231.109.254|:443... connected.
HTTP request sent, awaiting response... 200 OK
Length: 546745 (534K) [application/x-gzip]
Saving to: 'libedit-20250104-3.1.tar.gz'

     0K .......... .......... .......... .......... ..........  9%  271K 2s
    50K .......... .......... .......... .......... .......... 18% 1011K 1s
   100K .......... .......... .......... .......... .......... 28%  833K 1s
   150K .......... .......... .......... .......... .......... 37% 1.97M 1s
   200K .......... .......... .......... .......... .......... 46% 1.10M 0s
   250K .......... .......... .......... .......... .......... 56% 2.72M 0s
   300K .......... .......... .......... .......... .......... 65% 3.94M 0s
   350K .......... .......... .......... .......... .......... 74% 4.24M 0s
   400K .......... .......... .......... .......... .......... 84% 4.65M 0s
   450K .......... .......... .......... .......... .......... 93% 1.36M 0s
   500K .......... .......... .......... ...                  100% 4.23M=0.5s

2025-06-15 07:12:26 (1.14 MB/s) - 'libedit-20250104-3.1.tar.gz' saved [546745/546745]

libedit-20250104-3.1/
libedit-20250104-3.1/acinclude.m4
libedit-20250104-3.1/install-sh
libedit-20250104-3.1/configure.ac
libedit-20250104-3.1/INSTALL
libedit-20250104-3.1/ltmain.sh
libedit-20250104-3.1/configure
libedit-20250104-3.1/ChangeLog
libedit-20250104-3.1/config.h.in
libedit-20250104-3.1/config.guess
libedit-20250104-3.1/depcomp
libedit-20250104-3.1/missing
libedit-20250104-3.1/Makefile.am
libedit-20250104-3.1/config.sub
libedit-20250104-3.1/COPYING
libedit-20250104-3.1/compile
libedit-20250104-3.1/examples/
libedit-20250104-3.1/libedit.pc.in
libedit-20250104-3.1/m4/
libedit-20250104-3.1/doc/
libedit-20250104-3.1/THANKS
libedit-20250104-3.1/Makefile.in
libedit-20250104-3.1/aclocal.m4
libedit-20250104-3.1/src/
libedit-20250104-3.1/src/editline/
libedit-20250104-3.1/src/reallocarr.c
libedit-20250104-3.1/src/sig.c
libedit-20250104-3.1/src/history.c
libedit-20250104-3.1/src/common.c
libedit-20250104-3.1/src/hist.h
libedit-20250104-3.1/src/keymacro.h
libedit-20250104-3.1/src/vis.h
libedit-20250104-3.1/src/refresh.h
libedit-20250104-3.1/src/filecomplete.h
libedit-20250104-3.1/src/wcsdup.c
libedit-20250104-3.1/src/strlcpy.c
libedit-20250104-3.1/src/tty.h
libedit-20250104-3.1/src/shlib_version
libedit-20250104-3.1/src/terminal.c
libedit-20250104-3.1/src/histedit.h
libedit-20250104-3.1/src/map.h
libedit-20250104-3.1/src/ChangeLog
libedit-20250104-3.1/src/parse.h
libedit-20250104-3.1/src/vi.c
libedit-20250104-3.1/src/literal.h
libedit-20250104-3.1/src/eln.c
libedit-20250104-3.1/src/el.h
libedit-20250104-3.1/src/prompt.c
libedit-20250104-3.1/src/chared.h
libedit-20250104-3.1/src/search.c
libedit-20250104-3.1/src/read.c
libedit-20250104-3.1/src/chartype.h
libedit-20250104-3.1/src/vis.c
libedit-20250104-3.1/src/Makefile.am
libedit-20250104-3.1/src/refresh.c
libedit-20250104-3.1/src/hist.c
libedit-20250104-3.1/src/keymacro.c
libedit-20250104-3.1/src/sig.h
libedit-20250104-3.1/src/unvis.c
libedit-20250104-3.1/src/terminal.h
libedit-20250104-3.1/src/readline.c
libedit-20250104-3.1/src/map.c
libedit-20250104-3.1/src/emacs.c
libedit-20250104-3.1/src/tokenizern.c
libedit-20250104-3.1/src/sys.h
libedit-20250104-3.1/src/tty.c
libedit-20250104-3.1/src/filecomplete.c
libedit-20250104-3.1/src/parse.c
libedit-20250104-3.1/src/makelist
libedit-20250104-3.1/src/strlcat.c
libedit-20250104-3.1/src/historyn.c
libedit-20250104-3.1/src/read.h
libedit-20250104-3.1/src/search.h
libedit-20250104-3.1/src/chared.c
libedit-20250104-3.1/src/Makefile.in
libedit-20250104-3.1/src/chartype.c
libedit-20250104-3.1/src/prompt.h
libedit-20250104-3.1/src/getline.c
libedit-20250104-3.1/src/literal.c
libedit-20250104-3.1/src/tokenizer.c
libedit-20250104-3.1/src/el.c
libedit-20250104-3.1/src/editline/readline.h
libedit-20250104-3.1/doc/editline.7.roff
libedit-20250104-3.1/doc/editrc.5.roff
libedit-20250104-3.1/doc/Makefile.am
libedit-20250104-3.1/doc/editline.3.roff
libedit-20250104-3.1/doc/Makefile.in
libedit-20250104-3.1/doc/mdoc2man.awk
libedit-20250104-3.1/m4/ltversion.m4
libedit-20250104-3.1/m4/libtool.m4
libedit-20250104-3.1/m4/ltoptions.m4
libedit-20250104-3.1/m4/ltsugar.m4
libedit-20250104-3.1/m4/lt~obsolete.m4
libedit-20250104-3.1/examples/fuzz1.c
libedit-20250104-3.1/examples/Makefile.am
libedit-20250104-3.1/examples/fileman.c
libedit-20250104-3.1/examples/tc1.c
libedit-20250104-3.1/examples/wtc1.c
libedit-20250104-3.1/examples/Makefile.in
checking for gcc... gcc
checking whether the C compiler works... yes
checking for C compiler default output file name... a.out
checking for suffix of executables... 
checking whether we are cross compiling... no
checking for suffix of object files... o
checking whether the compiler supports GNU C... yes
checking whether gcc accepts -g... yes
checking for gcc option to enable C11 features... none needed
checking whether gcc understands -c and -o together... yes
checking for stdio.h... yes
checking for stdlib.h... yes
checking for string.h... yes
checking for inttypes.h... yes
checking for stdint.h... yes
checking for strings.h... yes
checking for sys/stat.h... yes
checking for sys/types.h... yes
checking for unistd.h... yes
checking for wchar.h... yes
checking for minix/config.h... no
checking for vfork.h... no
checking whether it is safe to define __EXTENSIONS__... yes
checking whether _XOPEN_SOURCE should be defined... no
checking for a BSD-compatible install... /usr/bin/install -c
checking whether sleep supports fractional seconds... yes
checking filesystem timestamp resolution... 0.01
checking whether build environment is sane... yes
checking for a race-free mkdir -p... /usr/bin/mkdir -p
checking for gawk... gawk
checking whether make sets $(MAKE)... yes
checking whether make supports the include directive... yes (GNU style)
checking whether make supports nested variables... yes
checking xargs -n works... yes
checking dependency style of gcc... gcc3
checking build system type... x86_64-pc-linux-gnu
checking host system type... x86_64-pc-linux-gnu
checking how to print strings... printf
checking for a sed that does not truncate output... /usr/bin/sed
checking for grep that handles long lines and -e... /usr/bin/grep
checking for egrep... /usr/bin/grep -E
checking for fgrep... /usr/bin/grep -F
checking for ld used by gcc... /usr/bin/ld
checking if the linker (/usr/bin/ld) is GNU ld... yes
checking for BSD- or MS-compatible name lister (nm)... /usr/bin/nm -B
checking the name lister (/usr/bin/nm -B) interface... BSD nm
checking whether ln -s works... yes
checking the maximum length of command line arguments... 1572864
checking how to convert x86_64-pc-linux-gnu file names to x86_64-pc-linux-gnu format... func_convert_file_noop
checking how to convert x86_64-pc-linux-gnu file names to toolchain format... func_convert_file_noop
checking for /usr/bin/ld option to reload object files... -r
checking for file... file
checking for objdump... objdump
checking how to recognize dependent libraries... pass_all
checking for dlltool... no
checking how to associate runtime and link libraries... printf %s\n
checking for ranlib... ranlib
checking for ar... ar
checking for archiver @FILE support... @
checking for strip... strip
checking command to parse /usr/bin/nm -B output from gcc object... ok
checking for sysroot... no
checking for a working dd... /usr/bin/dd
checking how to truncate binary pipes... /usr/bin/dd bs=4096 count=1
checking for mt... mt
checking if mt is a manifest tool... no
checking for dlfcn.h... yes
checking for objdir... .libs
checking if gcc supports -fno-rtti -fno-exceptions... no
checking for gcc option to produce PIC... -fPIC -DPIC
checking if gcc PIC flag -fPIC -DPIC works... yes
checking if gcc static flag -static works... yes
checking if gcc supports -c -o file.o... yes
checking if gcc supports -c -o file.o... (cached) yes
checking whether the gcc linker (/usr/bin/ld -m elf_x86_64) supports shared libraries... yes
checking whether -lc should be explicitly linked in... no
checking dynamic linker characteristics... GNU/Linux ld.so
checking how to hardcode library paths into programs... immediate
checking whether stripping libraries is possible... yes
checking if libtool supports shared libraries... yes
checking whether to build shared libraries... yes
checking whether to build static libraries... yes
checking for gcc... (cached) gcc
checking whether the compiler supports GNU C... (cached) yes
checking whether gcc accepts -g... (cached) yes
checking for gcc option to enable C11 features... (cached) none needed
checking whether gcc understands -c and -o together... (cached) yes
checking whether ln -s works... yes
checking for gawk... (cached) gawk
checking for nroff... /usr/bin/nroff
checking for tgetent in -lncurses... yes
checking if you want wide-character code... no
configure: WARNING: --enable-widec is deprecated, wide-character/UTF-8 is always enabled
checking for dirent.h that defines DIR... yes
checking for library containing opendir... none required
checking for egrep... (cached) /usr/bin/grep -E
checking for sys/wait.h that is POSIX.1 compatible... yes
checking for fcntl.h... yes
checking for limits.h... yes
checking for malloc.h... yes
checking for stdlib.h... (cached) yes
checking for string.h... (cached) yes
checking for sys/ioctl.h... yes
checking for sys/param.h... yes
checking for unistd.h... (cached) yes
checking for curses.h... yes
checking for ncurses.h... yes
checking for sys/cdefs.h... yes
checking for termcap.h... yes
checking for ncurses.h... (cached) yes
checking for termios.h... yes
checking for term.h... yes
checking for struct dirent.d_namlen... no
checking for an ANSI C-conforming const... yes
checking for pid_t... yes
checking for size_t... yes
checking for u_int32_t... yes
checking whether closedir returns void... no
checking for fork... yes
checking for vfork... yes
checking for working fork... yes
checking for working vfork... (cached) yes
checking for gcc... (cached) gcc
checking whether the compiler supports GNU C... (cached) yes
checking whether gcc accepts -g... (cached) yes
checking for gcc option to enable C11 features... (cached) none needed
checking whether gcc understands -c and -o together... (cached) yes
checking whether lstat correctly handles trailing slash... yes
checking whether stat accepts an empty string... no
checking for endpwent... yes
checking for isascii... yes
checking for memchr... yes
checking for memset... yes
checking for re_comp... yes
checking for regcomp... yes
checking for strcasecmp... yes
checking for strchr... yes
checking for strcspn... yes
checking for strdup... yes
checking for strerror... yes
checking for strrchr... yes
checking for strstr... yes
checking for strtol... yes
checking for issetugid... no
checking for wcsdup... yes
checking for strlcpy... yes
checking for strlcat... yes
checking for vis... no
checking for strvis... no
checking for strunvis... no
checking for __secure_getenv... no
checking for secure_getenv... yes
checking for reallocarr... no
checking for strlcpy... (cached) yes
checking for strlcat... (cached) yes
checking for getline... yes
checking for vis... (cached) no
checking for unvis... no
checking whether getpwnam_r and getpwuid_r are posix like... yes
checking whether getpwnam_r and getpwuid_r are posix _draft_ like... no
checking that generated files are newer than configure... done
configure: creating ./config.status
config.status: creating Makefile
config.status: creating libedit.pc
config.status: creating src/Makefile
config.status: creating doc/Makefile
config.status: creating examples/Makefile
config.status: creating config.h
config.status: executing depfiles commands
config.status: executing libtool commands
make  all-recursive
make[1]: Entering directory '/blfs/builds/libedit-20250104-3.1'
Making all in src
make[2]: Entering directory '/blfs/builds/libedit-20250104-3.1/src'
AWK=gawk sh ./makelist -h ./vi.c > vi.h
AWK=gawk sh ./makelist -h ./emacs.c > emacs.h
AWK=gawk sh ./makelist -h ./common.c > common.h
AWK=gawk sh ./makelist -fh vi.h emacs.h common.h  > fcns.h
AWK=gawk sh ./makelist -bh ./vi.c ./emacs.c ./common.c > help.h
AWK=gawk sh ./makelist -fc vi.h emacs.h common.h  > func.h
make  all-am
make[3]: Entering directory '/blfs/builds/libedit-20250104-3.1/src'
/bin/sh ../libtool  --tag=CC   --mode=compile gcc -DHAVE_CONFIG_H -I. -I..     -O2  -MT chared.lo -MD -MP -MF .deps/chared.Tpo -c -o chared.lo chared.c
libtool: compile:  gcc -DHAVE_CONFIG_H -I. -I.. -O2 -MT chared.lo -MD -MP -MF .deps/chared.Tpo -c chared.c  -fPIC -DPIC -o .libs/chared.o
libtool: compile:  gcc -DHAVE_CONFIG_H -I. -I.. -O2 -MT chared.lo -MD -MP -MF .deps/chared.Tpo -c chared.c -o chared.o >/dev/null 2>&1
mv -f .deps/chared.Tpo .deps/chared.Plo
/bin/sh ../libtool  --tag=CC   --mode=compile gcc -DHAVE_CONFIG_H -I. -I..     -O2  -MT common.lo -MD -MP -MF .deps/common.Tpo -c -o common.lo common.c
libtool: compile:  gcc -DHAVE_CONFIG_H -I. -I.. -O2 -MT common.lo -MD -MP -MF .deps/common.Tpo -c common.c  -fPIC -DPIC -o .libs/common.o
libtool: compile:  gcc -DHAVE_CONFIG_H -I. -I.. -O2 -MT common.lo -MD -MP -MF .deps/common.Tpo -c common.c -o common.o >/dev/null 2>&1
mv -f .deps/common.Tpo .deps/common.Plo
/bin/sh ../libtool  --tag=CC   --mode=compile gcc -DHAVE_CONFIG_H -I. -I..     -O2  -MT el.lo -MD -MP -MF .deps/el.Tpo -c -o el.lo el.c
libtool: compile:  gcc -DHAVE_CONFIG_H -I. -I.. -O2 -MT el.lo -MD -MP -MF .deps/el.Tpo -c el.c  -fPIC -DPIC -o .libs/el.o
libtool: compile:  gcc -DHAVE_CONFIG_H -I. -I.. -O2 -MT el.lo -MD -MP -MF .deps/el.Tpo -c el.c -o el.o >/dev/null 2>&1
mv -f .deps/el.Tpo .deps/el.Plo
/bin/sh ../libtool  --tag=CC   --mode=compile gcc -DHAVE_CONFIG_H -I. -I..     -O2  -MT eln.lo -MD -MP -MF .deps/eln.Tpo -c -o eln.lo eln.c
libtool: compile:  gcc -DHAVE_CONFIG_H -I. -I.. -O2 -MT eln.lo -MD -MP -MF .deps/eln.Tpo -c eln.c  -fPIC -DPIC -o .libs/eln.o
libtool: compile:  gcc -DHAVE_CONFIG_H -I. -I.. -O2 -MT eln.lo -MD -MP -MF .deps/eln.Tpo -c eln.c -o eln.o >/dev/null 2>&1
mv -f .deps/eln.Tpo .deps/eln.Plo
/bin/sh ../libtool  --tag=CC   --mode=compile gcc -DHAVE_CONFIG_H -I. -I..     -O2  -MT emacs.lo -MD -MP -MF .deps/emacs.Tpo -c -o emacs.lo emacs.c
libtool: compile:  gcc -DHAVE_CONFIG_H -I. -I.. -O2 -MT emacs.lo -MD -MP -MF .deps/emacs.Tpo -c emacs.c  -fPIC -DPIC -o .libs/emacs.o
libtool: compile:  gcc -DHAVE_CONFIG_H -I. -I.. -O2 -MT emacs.lo -MD -MP -MF .deps/emacs.Tpo -c emacs.c -o emacs.o >/dev/null 2>&1
mv -f .deps/emacs.Tpo .deps/emacs.Plo
/bin/sh ../libtool  --tag=CC   --mode=compile gcc -DHAVE_CONFIG_H -I. -I..     -O2  -MT hist.lo -MD -MP -MF .deps/hist.Tpo -c -o hist.lo hist.c
libtool: compile:  gcc -DHAVE_CONFIG_H -I. -I.. -O2 -MT hist.lo -MD -MP -MF .deps/hist.Tpo -c hist.c  -fPIC -DPIC -o .libs/hist.o
libtool: compile:  gcc -DHAVE_CONFIG_H -I. -I.. -O2 -MT hist.lo -MD -MP -MF .deps/hist.Tpo -c hist.c -o hist.o >/dev/null 2>&1
mv -f .deps/hist.Tpo .deps/hist.Plo
/bin/sh ../libtool  --tag=CC   --mode=compile gcc -DHAVE_CONFIG_H -I. -I..     -O2  -MT keymacro.lo -MD -MP -MF .deps/keymacro.Tpo -c -o keymacro.lo keymacro.c
libtool: compile:  gcc -DHAVE_CONFIG_H -I. -I.. -O2 -MT keymacro.lo -MD -MP -MF .deps/keymacro.Tpo -c keymacro.c  -fPIC -DPIC -o .libs/keymacro.o
libtool: compile:  gcc -DHAVE_CONFIG_H -I. -I.. -O2 -MT keymacro.lo -MD -MP -MF .deps/keymacro.Tpo -c keymacro.c -o keymacro.o >/dev/null 2>&1
mv -f .deps/keymacro.Tpo .deps/keymacro.Plo
/bin/sh ../libtool  --tag=CC   --mode=compile gcc -DHAVE_CONFIG_H -I. -I..     -O2  -MT map.lo -MD -MP -MF .deps/map.Tpo -c -o map.lo map.c
libtool: compile:  gcc -DHAVE_CONFIG_H -I. -I.. -O2 -MT map.lo -MD -MP -MF .deps/map.Tpo -c map.c  -fPIC -DPIC -o .libs/map.o
libtool: compile:  gcc -DHAVE_CONFIG_H -I. -I.. -O2 -MT map.lo -MD -MP -MF .deps/map.Tpo -c map.c -o map.o >/dev/null 2>&1
mv -f .deps/map.Tpo .deps/map.Plo
/bin/sh ../libtool  --tag=CC   --mode=compile gcc -DHAVE_CONFIG_H -I. -I..     -O2  -MT chartype.lo -MD -MP -MF .deps/chartype.Tpo -c -o chartype.lo chartype.c
libtool: compile:  gcc -DHAVE_CONFIG_H -I. -I.. -O2 -MT chartype.lo -MD -MP -MF .deps/chartype.Tpo -c chartype.c  -fPIC -DPIC -o .libs/chartype.o
libtool: compile:  gcc -DHAVE_CONFIG_H -I. -I.. -O2 -MT chartype.lo -MD -MP -MF .deps/chartype.Tpo -c chartype.c -o chartype.o >/dev/null 2>&1
mv -f .deps/chartype.Tpo .deps/chartype.Plo
/bin/sh ../libtool  --tag=CC   --mode=compile gcc -DHAVE_CONFIG_H -I. -I..     -O2  -MT parse.lo -MD -MP -MF .deps/parse.Tpo -c -o parse.lo parse.c
libtool: compile:  gcc -DHAVE_CONFIG_H -I. -I.. -O2 -MT parse.lo -MD -MP -MF .deps/parse.Tpo -c parse.c  -fPIC -DPIC -o .libs/parse.o
libtool: compile:  gcc -DHAVE_CONFIG_H -I. -I.. -O2 -MT parse.lo -MD -MP -MF .deps/parse.Tpo -c parse.c -o parse.o >/dev/null 2>&1
mv -f .deps/parse.Tpo .deps/parse.Plo
/bin/sh ../libtool  --tag=CC   --mode=compile gcc -DHAVE_CONFIG_H -I. -I..     -O2  -MT prompt.lo -MD -MP -MF .deps/prompt.Tpo -c -o prompt.lo prompt.c
libtool: compile:  gcc -DHAVE_CONFIG_H -I. -I.. -O2 -MT prompt.lo -MD -MP -MF .deps/prompt.Tpo -c prompt.c  -fPIC -DPIC -o .libs/prompt.o
libtool: compile:  gcc -DHAVE_CONFIG_H -I. -I.. -O2 -MT prompt.lo -MD -MP -MF .deps/prompt.Tpo -c prompt.c -o prompt.o >/dev/null 2>&1
mv -f .deps/prompt.Tpo .deps/prompt.Plo
/bin/sh ../libtool  --tag=CC   --mode=compile gcc -DHAVE_CONFIG_H -I. -I..     -O2  -MT read.lo -MD -MP -MF .deps/read.Tpo -c -o read.lo read.c
libtool: compile:  gcc -DHAVE_CONFIG_H -I. -I.. -O2 -MT read.lo -MD -MP -MF .deps/read.Tpo -c read.c  -fPIC -DPIC -o .libs/read.o
libtool: compile:  gcc -DHAVE_CONFIG_H -I. -I.. -O2 -MT read.lo -MD -MP -MF .deps/read.Tpo -c read.c -o read.o >/dev/null 2>&1
mv -f .deps/read.Tpo .deps/read.Plo
/bin/sh ../libtool  --tag=CC   --mode=compile gcc -DHAVE_CONFIG_H -I. -I..     -O2  -MT refresh.lo -MD -MP -MF .deps/refresh.Tpo -c -o refresh.lo refresh.c
libtool: compile:  gcc -DHAVE_CONFIG_H -I. -I.. -O2 -MT refresh.lo -MD -MP -MF .deps/refresh.Tpo -c refresh.c  -fPIC -DPIC -o .libs/refresh.o
libtool: compile:  gcc -DHAVE_CONFIG_H -I. -I.. -O2 -MT refresh.lo -MD -MP -MF .deps/refresh.Tpo -c refresh.c -o refresh.o >/dev/null 2>&1
mv -f .deps/refresh.Tpo .deps/refresh.Plo
/bin/sh ../libtool  --tag=CC   --mode=compile gcc -DHAVE_CONFIG_H -I. -I..     -O2  -MT search.lo -MD -MP -MF .deps/search.Tpo -c -o search.lo search.c
libtool: compile:  gcc -DHAVE_CONFIG_H -I. -I.. -O2 -MT search.lo -MD -MP -MF .deps/search.Tpo -c search.c  -fPIC -DPIC -o .libs/search.o
libtool: compile:  gcc -DHAVE_CONFIG_H -I. -I.. -O2 -MT search.lo -MD -MP -MF .deps/search.Tpo -c search.c -o search.o >/dev/null 2>&1
mv -f .deps/search.Tpo .deps/search.Plo
/bin/sh ../libtool  --tag=CC   --mode=compile gcc -DHAVE_CONFIG_H -I. -I..     -O2  -MT sig.lo -MD -MP -MF .deps/sig.Tpo -c -o sig.lo sig.c
libtool: compile:  gcc -DHAVE_CONFIG_H -I. -I.. -O2 -MT sig.lo -MD -MP -MF .deps/sig.Tpo -c sig.c  -fPIC -DPIC -o .libs/sig.o
libtool: compile:  gcc -DHAVE_CONFIG_H -I. -I.. -O2 -MT sig.lo -MD -MP -MF .deps/sig.Tpo -c sig.c -o sig.o >/dev/null 2>&1
mv -f .deps/sig.Tpo .deps/sig.Plo
/bin/sh ../libtool  --tag=CC   --mode=compile gcc -DHAVE_CONFIG_H -I. -I..     -O2  -MT terminal.lo -MD -MP -MF .deps/terminal.Tpo -c -o terminal.lo terminal.c
libtool: compile:  gcc -DHAVE_CONFIG_H -I. -I.. -O2 -MT terminal.lo -MD -MP -MF .deps/terminal.Tpo -c terminal.c  -fPIC -DPIC -o .libs/terminal.o
libtool: compile:  gcc -DHAVE_CONFIG_H -I. -I.. -O2 -MT terminal.lo -MD -MP -MF .deps/terminal.Tpo -c terminal.c -o terminal.o >/dev/null 2>&1
mv -f .deps/terminal.Tpo .deps/terminal.Plo
/bin/sh ../libtool  --tag=CC   --mode=compile gcc -DHAVE_CONFIG_H -I. -I..     -O2  -MT tty.lo -MD -MP -MF .deps/tty.Tpo -c -o tty.lo tty.c
libtool: compile:  gcc -DHAVE_CONFIG_H -I. -I.. -O2 -MT tty.lo -MD -MP -MF .deps/tty.Tpo -c tty.c  -fPIC -DPIC -o .libs/tty.o
libtool: compile:  gcc -DHAVE_CONFIG_H -I. -I.. -O2 -MT tty.lo -MD -MP -MF .deps/tty.Tpo -c tty.c -o tty.o >/dev/null 2>&1
mv -f .deps/tty.Tpo .deps/tty.Plo
/bin/sh ../libtool  --tag=CC   --mode=compile gcc -DHAVE_CONFIG_H -I. -I..     -O2  -MT vi.lo -MD -MP -MF .deps/vi.Tpo -c -o vi.lo vi.c
libtool: compile:  gcc -DHAVE_CONFIG_H -I. -I.. -O2 -MT vi.lo -MD -MP -MF .deps/vi.Tpo -c vi.c  -fPIC -DPIC -o .libs/vi.o
libtool: compile:  gcc -DHAVE_CONFIG_H -I. -I.. -O2 -MT vi.lo -MD -MP -MF .deps/vi.Tpo -c vi.c -o vi.o >/dev/null 2>&1
mv -f .deps/vi.Tpo .deps/vi.Plo
/bin/sh ../libtool  --tag=CC   --mode=compile gcc -DHAVE_CONFIG_H -I. -I..     -O2  -MT reallocarr.lo -MD -MP -MF .deps/reallocarr.Tpo -c -o reallocarr.lo reallocarr.c
libtool: compile:  gcc -DHAVE_CONFIG_H -I. -I.. -O2 -MT reallocarr.lo -MD -MP -MF .deps/reallocarr.Tpo -c reallocarr.c  -fPIC -DPIC -o .libs/reallocarr.o
libtool: compile:  gcc -DHAVE_CONFIG_H -I. -I.. -O2 -MT reallocarr.lo -MD -MP -MF .deps/reallocarr.Tpo -c reallocarr.c -o reallocarr.o >/dev/null 2>&1
mv -f .deps/reallocarr.Tpo .deps/reallocarr.Plo
/bin/sh ../libtool  --tag=CC   --mode=compile gcc -DHAVE_CONFIG_H -I. -I..     -O2  -MT wcsdup.lo -MD -MP -MF .deps/wcsdup.Tpo -c -o wcsdup.lo wcsdup.c
libtool: compile:  gcc -DHAVE_CONFIG_H -I. -I.. -O2 -MT wcsdup.lo -MD -MP -MF .deps/wcsdup.Tpo -c wcsdup.c  -fPIC -DPIC -o .libs/wcsdup.o
libtool: compile:  gcc -DHAVE_CONFIG_H -I. -I.. -O2 -MT wcsdup.lo -MD -MP -MF .deps/wcsdup.Tpo -c wcsdup.c -o wcsdup.o >/dev/null 2>&1
mv -f .deps/wcsdup.Tpo .deps/wcsdup.Plo
/bin/sh ../libtool  --tag=CC   --mode=compile gcc -DHAVE_CONFIG_H -I. -I..     -O2  -MT tokenizer.lo -MD -MP -MF .deps/tokenizer.Tpo -c -o tokenizer.lo tokenizer.c
libtool: compile:  gcc -DHAVE_CONFIG_H -I. -I.. -O2 -MT tokenizer.lo -MD -MP -MF .deps/tokenizer.Tpo -c tokenizer.c  -fPIC -DPIC -o .libs/tokenizer.o
libtool: compile:  gcc -DHAVE_CONFIG_H -I. -I.. -O2 -MT tokenizer.lo -MD -MP -MF .deps/tokenizer.Tpo -c tokenizer.c -o tokenizer.o >/dev/null 2>&1
mv -f .deps/tokenizer.Tpo .deps/tokenizer.Plo
/bin/sh ../libtool  --tag=CC   --mode=compile gcc -DHAVE_CONFIG_H -I. -I..     -O2  -MT tokenizern.lo -MD -MP -MF .deps/tokenizern.Tpo -c -o tokenizern.lo tokenizern.c
libtool: compile:  gcc -DHAVE_CONFIG_H -I. -I.. -O2 -MT tokenizern.lo -MD -MP -MF .deps/tokenizern.Tpo -c tokenizern.c  -fPIC -DPIC -o .libs/tokenizern.o
libtool: compile:  gcc -DHAVE_CONFIG_H -I. -I.. -O2 -MT tokenizern.lo -MD -MP -MF .deps/tokenizern.Tpo -c tokenizern.c -o tokenizern.o >/dev/null 2>&1
mv -f .deps/tokenizern.Tpo .deps/tokenizern.Plo
/bin/sh ../libtool  --tag=CC   --mode=compile gcc -DHAVE_CONFIG_H -I. -I..     -O2  -MT history.lo -MD -MP -MF .deps/history.Tpo -c -o history.lo history.c
libtool: compile:  gcc -DHAVE_CONFIG_H -I. -I.. -O2 -MT history.lo -MD -MP -MF .deps/history.Tpo -c history.c  -fPIC -DPIC -o .libs/history.o
libtool: compile:  gcc -DHAVE_CONFIG_H -I. -I.. -O2 -MT history.lo -MD -MP -MF .deps/history.Tpo -c history.c -o history.o >/dev/null 2>&1
mv -f .deps/history.Tpo .deps/history.Plo
/bin/sh ../libtool  --tag=CC   --mode=compile gcc -DHAVE_CONFIG_H -I. -I..     -O2  -MT historyn.lo -MD -MP -MF .deps/historyn.Tpo -c -o historyn.lo historyn.c
libtool: compile:  gcc -DHAVE_CONFIG_H -I. -I.. -O2 -MT historyn.lo -MD -MP -MF .deps/historyn.Tpo -c historyn.c  -fPIC -DPIC -o .libs/historyn.o
libtool: compile:  gcc -DHAVE_CONFIG_H -I. -I.. -O2 -MT historyn.lo -MD -MP -MF .deps/historyn.Tpo -c historyn.c -o historyn.o >/dev/null 2>&1
mv -f .deps/historyn.Tpo .deps/historyn.Plo
/bin/sh ../libtool  --tag=CC   --mode=compile gcc -DHAVE_CONFIG_H -I. -I..     -O2  -MT filecomplete.lo -MD -MP -MF .deps/filecomplete.Tpo -c -o filecomplete.lo filecomplete.c
libtool: compile:  gcc -DHAVE_CONFIG_H -I. -I.. -O2 -MT filecomplete.lo -MD -MP -MF .deps/filecomplete.Tpo -c filecomplete.c  -fPIC -DPIC -o .libs/filecomplete.o
libtool: compile:  gcc -DHAVE_CONFIG_H -I. -I.. -O2 -MT filecomplete.lo -MD -MP -MF .deps/filecomplete.Tpo -c filecomplete.c -o filecomplete.o >/dev/null 2>&1
mv -f .deps/filecomplete.Tpo .deps/filecomplete.Plo
/bin/sh ../libtool  --tag=CC   --mode=compile gcc -DHAVE_CONFIG_H -I. -I..     -O2  -MT readline.lo -MD -MP -MF .deps/readline.Tpo -c -o readline.lo readline.c
libtool: compile:  gcc -DHAVE_CONFIG_H -I. -I.. -O2 -MT readline.lo -MD -MP -MF .deps/readline.Tpo -c readline.c  -fPIC -DPIC -o .libs/readline.o
libtool: compile:  gcc -DHAVE_CONFIG_H -I. -I.. -O2 -MT readline.lo -MD -MP -MF .deps/readline.Tpo -c readline.c -o readline.o >/dev/null 2>&1
mv -f .deps/readline.Tpo .deps/readline.Plo
/bin/sh ../libtool  --tag=CC   --mode=compile gcc -DHAVE_CONFIG_H -I. -I..     -O2  -MT literal.lo -MD -MP -MF .deps/literal.Tpo -c -o literal.lo literal.c
libtool: compile:  gcc -DHAVE_CONFIG_H -I. -I.. -O2 -MT literal.lo -MD -MP -MF .deps/literal.Tpo -c literal.c  -fPIC -DPIC -o .libs/literal.o
libtool: compile:  gcc -DHAVE_CONFIG_H -I. -I.. -O2 -MT literal.lo -MD -MP -MF .deps/literal.Tpo -c literal.c -o literal.o >/dev/null 2>&1
mv -f .deps/literal.Tpo .deps/literal.Plo
/bin/sh ../libtool  --tag=CC   --mode=compile gcc -DHAVE_CONFIG_H -I. -I..     -O2  -MT vis.lo -MD -MP -MF .deps/vis.Tpo -c -o vis.lo vis.c
libtool: compile:  gcc -DHAVE_CONFIG_H -I. -I.. -O2 -MT vis.lo -MD -MP -MF .deps/vis.Tpo -c vis.c  -fPIC -DPIC -o .libs/vis.o
libtool: compile:  gcc -DHAVE_CONFIG_H -I. -I.. -O2 -MT vis.lo -MD -MP -MF .deps/vis.Tpo -c vis.c -o vis.o >/dev/null 2>&1
mv -f .deps/vis.Tpo .deps/vis.Plo
/bin/sh ../libtool  --tag=CC   --mode=compile gcc -DHAVE_CONFIG_H -I. -I..     -O2  -MT unvis.lo -MD -MP -MF .deps/unvis.Tpo -c -o unvis.lo unvis.c
libtool: compile:  gcc -DHAVE_CONFIG_H -I. -I.. -O2 -MT unvis.lo -MD -MP -MF .deps/unvis.Tpo -c unvis.c  -fPIC -DPIC -o .libs/unvis.o
libtool: compile:  gcc -DHAVE_CONFIG_H -I. -I.. -O2 -MT unvis.lo -MD -MP -MF .deps/unvis.Tpo -c unvis.c -o unvis.o >/dev/null 2>&1
mv -f .deps/unvis.Tpo .deps/unvis.Plo
/bin/sh ../libtool  --tag=CC   --mode=link gcc  -O2  -no-undefined -version-info 0:75:0  -o libedit.la -rpath /usr/lib chared.lo common.lo el.lo eln.lo emacs.lo hist.lo keymacro.lo map.lo chartype.lo parse.lo prompt.lo read.lo refresh.lo search.lo sig.lo terminal.lo tty.lo vi.lo reallocarr.lo wcsdup.lo tokenizer.lo tokenizern.lo history.lo historyn.lo filecomplete.lo readline.lo literal.lo    vis.lo unvis.lo   -lncurses 
libtool: link: gcc -shared  -fPIC -DPIC  .libs/chared.o .libs/common.o .libs/el.o .libs/eln.o .libs/emacs.o .libs/hist.o .libs/keymacro.o .libs/map.o .libs/chartype.o .libs/parse.o .libs/prompt.o .libs/read.o .libs/refresh.o .libs/search.o .libs/sig.o .libs/terminal.o .libs/tty.o .libs/vi.o .libs/reallocarr.o .libs/wcsdup.o .libs/tokenizer.o .libs/tokenizern.o .libs/history.o .libs/historyn.o .libs/filecomplete.o .libs/readline.o .libs/literal.o .libs/vis.o .libs/unvis.o   -lncurses  -O2   -Wl,-soname -Wl,libedit.so.0 -o .libs/libedit.so.0.0.75
libtool: link: (cd ".libs" && rm -f "libedit.so.0" && ln -s "libedit.so.0.0.75" "libedit.so.0")
libtool: link: (cd ".libs" && rm -f "libedit.so" && ln -s "libedit.so.0.0.75" "libedit.so")
libtool: link: ar cr .libs/libedit.a  chared.o common.o el.o eln.o emacs.o hist.o keymacro.o map.o chartype.o parse.o prompt.o read.o refresh.o search.o sig.o terminal.o tty.o vi.o reallocarr.o wcsdup.o tokenizer.o tokenizern.o history.o historyn.o filecomplete.o readline.o literal.o vis.o unvis.o
libtool: link: ranlib .libs/libedit.a
libtool: link: ( cd ".libs" && rm -f "libedit.la" && ln -s "../libedit.la" "libedit.la" )
make[3]: Leaving directory '/blfs/builds/libedit-20250104-3.1/src'
make[2]: Leaving directory '/blfs/builds/libedit-20250104-3.1/src'
Making all in examples
make[2]: Entering directory '/blfs/builds/libedit-20250104-3.1/examples'
gcc -DHAVE_CONFIG_H -I. -I..    -I../src -O2  -MT tc1.o -MD -MP -MF .deps/tc1.Tpo -c -o tc1.o tc1.c
mv -f .deps/tc1.Tpo .deps/tc1.Po
/bin/sh ../libtool  --tag=CC   --mode=link gcc -I../src -O2    -o tc1 tc1.o ../src/libedit.la -lncurses 
libtool: link: gcc -I../src -O2 -o .libs/tc1 tc1.o  ../src/.libs/libedit.so -lncurses
gcc -DHAVE_CONFIG_H -I. -I..    -I../src -O2  -MT fileman.o -MD -MP -MF .deps/fileman.Tpo -c -o fileman.o fileman.c
mv -f .deps/fileman.Tpo .deps/fileman.Po
/bin/sh ../libtool  --tag=CC   --mode=link gcc -I../src -O2    -o fileman fileman.o ../src/libedit.la -lncurses 
libtool: link: gcc -I../src -O2 -o .libs/fileman fileman.o  ../src/.libs/libedit.so -lncurses
gcc -DHAVE_CONFIG_H -I. -I..    -I../src -O2  -MT wtc1.o -MD -MP -MF .deps/wtc1.Tpo -c -o wtc1.o wtc1.c
mv -f .deps/wtc1.Tpo .deps/wtc1.Po
/bin/sh ../libtool  --tag=CC   --mode=link gcc -I../src -O2    -o wtc1 wtc1.o ../src/libedit.la -lncurses 
libtool: link: gcc -I../src -O2 -o .libs/wtc1 wtc1.o  ../src/.libs/libedit.so -lncurses
make[2]: Leaving directory '/blfs/builds/libedit-20250104-3.1/examples'
Making all in doc
make[2]: Entering directory '/blfs/builds/libedit-20250104-3.1/doc'
make[2]: Leaving directory '/blfs/builds/libedit-20250104-3.1/doc'
make[2]: Entering directory '/blfs/builds/libedit-20250104-3.1'
make[2]: Leaving directory '/blfs/builds/libedit-20250104-3.1'
make[1]: Leaving directory '/blfs/builds/libedit-20250104-3.1'
Making install in src
make[1]: Entering directory '/blfs/builds/libedit-20250104-3.1/src'
make  install-am
make[2]: Entering directory '/blfs/builds/libedit-20250104-3.1/src'
make[3]: Entering directory '/blfs/builds/libedit-20250104-3.1/src'
 /usr/bin/mkdir -p '/pkgs/libedit/usr/lib'
 /bin/sh ../libtool   --mode=install /usr/bin/install -c   libedit.la '/pkgs/libedit/usr/lib'
libtool: install: /usr/bin/install -c .libs/libedit.so.0.0.75 /pkgs/libedit/usr/lib/libedit.so.0.0.75
libtool: install: (cd /pkgs/libedit/usr/lib && { ln -s -f libedit.so.0.0.75 libedit.so.0 || { rm -f libedit.so.0 && ln -s libedit.so.0.0.75 libedit.so.0; }; })
libtool: install: (cd /pkgs/libedit/usr/lib && { ln -s -f libedit.so.0.0.75 libedit.so || { rm -f libedit.so && ln -s libedit.so.0.0.75 libedit.so; }; })
libtool: install: /usr/bin/install -c .libs/libedit.lai /pkgs/libedit/usr/lib/libedit.la
libtool: install: /usr/bin/install -c .libs/libedit.a /pkgs/libedit/usr/lib/libedit.a
libtool: install: chmod 644 /pkgs/libedit/usr/lib/libedit.a
libtool: install: ranlib /pkgs/libedit/usr/lib/libedit.a
libtool: warning: remember to run 'libtool --finish /usr/lib'
 /usr/bin/mkdir -p '/pkgs/libedit/usr/include'
 /usr/bin/install -c -m 644  histedit.h '/pkgs/libedit/usr/include/.'
 /usr/bin/mkdir -p '/pkgs/libedit/usr/include/editline'
 /usr/bin/install -c -m 644  editline/readline.h '/pkgs/libedit/usr/include/editline'
make[3]: Leaving directory '/blfs/builds/libedit-20250104-3.1/src'
make[2]: Leaving directory '/blfs/builds/libedit-20250104-3.1/src'
make[1]: Leaving directory '/blfs/builds/libedit-20250104-3.1/src'
Making install in examples
make[1]: Entering directory '/blfs/builds/libedit-20250104-3.1/examples'
make[2]: Entering directory '/blfs/builds/libedit-20250104-3.1/examples'
make[2]: Nothing to be done for 'install-exec-am'.
make[2]: Nothing to be done for 'install-data-am'.
make[2]: Leaving directory '/blfs/builds/libedit-20250104-3.1/examples'
make[1]: Leaving directory '/blfs/builds/libedit-20250104-3.1/examples'
Making install in doc
make[1]: Entering directory '/blfs/builds/libedit-20250104-3.1/doc'
make[2]: Entering directory '/blfs/builds/libedit-20250104-3.1/doc'
make[2]: Nothing to be done for 'install-exec-am'.
 /usr/bin/mkdir -p '/pkgs/libedit/usr/share/man/man3'
 /usr/bin/install -c -m 644 editline.3 '/pkgs/libedit/usr/share/man/man3'
 /usr/bin/mkdir -p '/pkgs/libedit/usr/share/man/man5'
 /usr/bin/install -c -m 644 editrc.5 '/pkgs/libedit/usr/share/man/man5'
 /usr/bin/mkdir -p '/pkgs/libedit/usr/share/man/man7'
 /usr/bin/install -c -m 644 editline.7 '/pkgs/libedit/usr/share/man/man7'
make  install-data-hook
make[3]: Entering directory '/blfs/builds/libedit-20250104-3.1/doc'
(cd /pkgs/libedit/usr/share/man/man3 && rm -f el_deletestr.3 && ln -s editline.3 el_deletestr.3)
(cd /pkgs/libedit/usr/share/man/man3 && rm -f el_end.3 && ln -s editline.3 el_end.3)
(cd /pkgs/libedit/usr/share/man/man3 && rm -f el_get.3 && ln -s editline.3 el_get.3)
(cd /pkgs/libedit/usr/share/man/man3 && rm -f el_getc.3 && ln -s editline.3 el_getc.3)
(cd /pkgs/libedit/usr/share/man/man3 && rm -f el_gets.3 && ln -s editline.3 el_gets.3)
(cd /pkgs/libedit/usr/share/man/man3 && rm -f el_init.3 && ln -s editline.3 el_init.3)
(cd /pkgs/libedit/usr/share/man/man3 && rm -f el_init_fd.3 && ln -s editline.3 el_init_fd.3)
(cd /pkgs/libedit/usr/share/man/man3 && rm -f el_insertstr.3 && ln -s editline.3 el_insertstr.3)
(cd /pkgs/libedit/usr/share/man/man3 && rm -f el_line.3 && ln -s editline.3 el_line.3)
(cd /pkgs/libedit/usr/share/man/man3 && rm -f el_parse.3 && ln -s editline.3 el_parse.3)
(cd /pkgs/libedit/usr/share/man/man3 && rm -f el_push.3 && ln -s editline.3 el_push.3)
(cd /pkgs/libedit/usr/share/man/man3 && rm -f el_reset.3 && ln -s editline.3 el_reset.3)
(cd /pkgs/libedit/usr/share/man/man3 && rm -f el_resize.3 && ln -s editline.3 el_resize.3)
(cd /pkgs/libedit/usr/share/man/man3 && rm -f el_set.3 && ln -s editline.3 el_set.3)
(cd /pkgs/libedit/usr/share/man/man3 && rm -f el_source.3 && ln -s editline.3 el_source.3)
(cd /pkgs/libedit/usr/share/man/man3 && rm -f el_history.3 && ln -s editline.3 el_history.3)
(cd /pkgs/libedit/usr/share/man/man3 && rm -f el_history_end.3 && ln -s editline.3 el_history_end.3)
(cd /pkgs/libedit/usr/share/man/man3 && rm -f el_history_init.3 && ln -s editline.3 el_history_init.3)
(cd /pkgs/libedit/usr/share/man/man3 && rm -f el_tok_end.3 && ln -s editline.3 el_tok_end.3)
(cd /pkgs/libedit/usr/share/man/man3 && rm -f el_tok_init.3 && ln -s editline.3 el_tok_init.3)
(cd /pkgs/libedit/usr/share/man/man3 && rm -f el_tok_line.3 && ln -s editline.3 el_tok_line.3)
(cd /pkgs/libedit/usr/share/man/man3 && rm -f el_tok_reset.3 && ln -s editline.3 el_tok_reset.3)
(cd /pkgs/libedit/usr/share/man/man3 && rm -f el_tok_str.3 && ln -s editline.3 el_tok_str.3)
(cd /pkgs/libedit/usr/share/man/man3 && rm -f el_wdeletestr.3 && ln -s editline.3 el_wdeletestr.3)
(cd /pkgs/libedit/usr/share/man/man3 && rm -f el_wget.3 && ln -s editline.3 el_wget.3)
(cd /pkgs/libedit/usr/share/man/man3 && rm -f el_wgetc.3 && ln -s editline.3 el_wgetc.3)
(cd /pkgs/libedit/usr/share/man/man3 && rm -f el_wgets.3 && ln -s editline.3 el_wgets.3)
(cd /pkgs/libedit/usr/share/man/man3 && rm -f el_winsertstr.3 && ln -s editline.3 el_winsertstr.3)
(cd /pkgs/libedit/usr/share/man/man3 && rm -f el_wline.3 && ln -s editline.3 el_wline.3)
(cd /pkgs/libedit/usr/share/man/man3 && rm -f el_wparse.3 && ln -s editline.3 el_wparse.3)
(cd /pkgs/libedit/usr/share/man/man3 && rm -f el_wpush.3 && ln -s editline.3 el_wpush.3)
(cd /pkgs/libedit/usr/share/man/man3 && rm -f el_wset.3 && ln -s editline.3 el_wset.3)
(cd /pkgs/libedit/usr/share/man/man3 && rm -f el_history_w.3 && ln -s editline.3 el_history_w.3)
(cd /pkgs/libedit/usr/share/man/man3 && rm -f el_history_wend.3 && ln -s editline.3 el_history_wend.3)
(cd /pkgs/libedit/usr/share/man/man3 && rm -f el_history_winit.3 && ln -s editline.3 el_history_winit.3)
(cd /pkgs/libedit/usr/share/man/man3 && rm -f el_tok_wend.3 && ln -s editline.3 el_tok_wend.3)
(cd /pkgs/libedit/usr/share/man/man3 && rm -f el_tok_winit.3 && ln -s editline.3 el_tok_winit.3)
(cd /pkgs/libedit/usr/share/man/man3 && rm -f el_tok_wline.3 && ln -s editline.3 el_tok_wline.3)
(cd /pkgs/libedit/usr/share/man/man3 && rm -f el_tok_wreset.3 && ln -s editline.3 el_tok_wreset.3)
(cd /pkgs/libedit/usr/share/man/man3 && rm -f el_tok_wstr.3 && ln -s editline.3 el_tok_wstr.3)
make[3]: Leaving directory '/blfs/builds/libedit-20250104-3.1/doc'
make[2]: Leaving directory '/blfs/builds/libedit-20250104-3.1/doc'
make[1]: Leaving directory '/blfs/builds/libedit-20250104-3.1/doc'
make[1]: Entering directory '/blfs/builds/libedit-20250104-3.1'
make[2]: Entering directory '/blfs/builds/libedit-20250104-3.1'
make[2]: Nothing to be done for 'install-exec-am'.
 /usr/bin/mkdir -p '/pkgs/libedit/usr/lib/pkgconfig'
 /usr/bin/install -c -m 644 libedit.pc '/pkgs/libedit/usr/lib/pkgconfig'
make[2]: Leaving directory '/blfs/builds/libedit-20250104-3.1'
make[1]: Leaving directory '/blfs/builds/libedit-20250104-3.1'
Making install in src
make[1]: Entering directory '/blfs/builds/libedit-20250104-3.1/src'
make  install-am
make[2]: Entering directory '/blfs/builds/libedit-20250104-3.1/src'
make[3]: Entering directory '/blfs/builds/libedit-20250104-3.1/src'
 /usr/bin/mkdir -p '/usr/lib'
 /bin/sh ../libtool   --mode=install /usr/bin/install -c   libedit.la '/usr/lib'
libtool: install: /usr/bin/install -c .libs/libedit.so.0.0.75 /usr/lib/libedit.so.0.0.75
libtool: install: (cd /usr/lib && { ln -s -f libedit.so.0.0.75 libedit.so.0 || { rm -f libedit.so.0 && ln -s libedit.so.0.0.75 libedit.so.0; }; })
libtool: install: (cd /usr/lib && { ln -s -f libedit.so.0.0.75 libedit.so || { rm -f libedit.so && ln -s libedit.so.0.0.75 libedit.so; }; })
libtool: install: /usr/bin/install -c .libs/libedit.lai /usr/lib/libedit.la
libtool: install: /usr/bin/install -c .libs/libedit.a /usr/lib/libedit.a
libtool: install: chmod 644 /usr/lib/libedit.a
libtool: install: ranlib /usr/lib/libedit.a
libtool: finish: PATH="/usr/sbin:/usr/bin:/sbin" ldconfig -n /usr/lib
----------------------------------------------------------------------
Libraries have been installed in:
   /usr/lib

If you ever happen to want to link against installed libraries
in a given directory, LIBDIR, you must either use libtool, and
specify the full pathname of the library, or use the '-LLIBDIR'
flag during linking and do at least one of the following:
   - add LIBDIR to the 'LD_LIBRARY_PATH' environment variable
     during execution
   - add LIBDIR to the 'LD_RUN_PATH' environment variable
     during linking
   - use the '-Wl,-rpath -Wl,LIBDIR' linker flag
   - have your system administrator add LIBDIR to '/etc/ld.so.conf'

See any operating system documentation about shared libraries for
more information, such as the ld(1) and ld.so(8) manual pages.
----------------------------------------------------------------------
 /usr/bin/mkdir -p '/usr/include'
 /usr/bin/install -c -m 644  histedit.h '/usr/include/.'
 /usr/bin/mkdir -p '/usr/include/editline'
 /usr/bin/install -c -m 644  editline/readline.h '/usr/include/editline'
make[3]: Leaving directory '/blfs/builds/libedit-20250104-3.1/src'
make[2]: Leaving directory '/blfs/builds/libedit-20250104-3.1/src'
make[1]: Leaving directory '/blfs/builds/libedit-20250104-3.1/src'
Making install in examples
make[1]: Entering directory '/blfs/builds/libedit-20250104-3.1/examples'
make[2]: Entering directory '/blfs/builds/libedit-20250104-3.1/examples'
make[2]: Nothing to be done for 'install-exec-am'.
make[2]: Nothing to be done for 'install-data-am'.
make[2]: Leaving directory '/blfs/builds/libedit-20250104-3.1/examples'
make[1]: Leaving directory '/blfs/builds/libedit-20250104-3.1/examples'
Making install in doc
make[1]: Entering directory '/blfs/builds/libedit-20250104-3.1/doc'
make[2]: Entering directory '/blfs/builds/libedit-20250104-3.1/doc'
make[2]: Nothing to be done for 'install-exec-am'.
 /usr/bin/mkdir -p '/usr/share/man/man3'
 /usr/bin/install -c -m 644 editline.3 '/usr/share/man/man3'
 /usr/bin/mkdir -p '/usr/share/man/man5'
 /usr/bin/install -c -m 644 editrc.5 '/usr/share/man/man5'
 /usr/bin/mkdir -p '/usr/share/man/man7'
 /usr/bin/install -c -m 644 editline.7 '/usr/share/man/man7'
make  install-data-hook
make[3]: Entering directory '/blfs/builds/libedit-20250104-3.1/doc'
(cd /usr/share/man/man3 && rm -f el_deletestr.3 && ln -s editline.3 el_deletestr.3)
(cd /usr/share/man/man3 && rm -f el_end.3 && ln -s editline.3 el_end.3)
(cd /usr/share/man/man3 && rm -f el_get.3 && ln -s editline.3 el_get.3)
(cd /usr/share/man/man3 && rm -f el_getc.3 && ln -s editline.3 el_getc.3)
(cd /usr/share/man/man3 && rm -f el_gets.3 && ln -s editline.3 el_gets.3)
(cd /usr/share/man/man3 && rm -f el_init.3 && ln -s editline.3 el_init.3)
(cd /usr/share/man/man3 && rm -f el_init_fd.3 && ln -s editline.3 el_init_fd.3)
(cd /usr/share/man/man3 && rm -f el_insertstr.3 && ln -s editline.3 el_insertstr.3)
(cd /usr/share/man/man3 && rm -f el_line.3 && ln -s editline.3 el_line.3)
(cd /usr/share/man/man3 && rm -f el_parse.3 && ln -s editline.3 el_parse.3)
(cd /usr/share/man/man3 && rm -f el_push.3 && ln -s editline.3 el_push.3)
(cd /usr/share/man/man3 && rm -f el_reset.3 && ln -s editline.3 el_reset.3)
(cd /usr/share/man/man3 && rm -f el_resize.3 && ln -s editline.3 el_resize.3)
(cd /usr/share/man/man3 && rm -f el_set.3 && ln -s editline.3 el_set.3)
(cd /usr/share/man/man3 && rm -f el_source.3 && ln -s editline.3 el_source.3)
(cd /usr/share/man/man3 && rm -f el_history.3 && ln -s editline.3 el_history.3)
(cd /usr/share/man/man3 && rm -f el_history_end.3 && ln -s editline.3 el_history_end.3)
(cd /usr/share/man/man3 && rm -f el_history_init.3 && ln -s editline.3 el_history_init.3)
(cd /usr/share/man/man3 && rm -f el_tok_end.3 && ln -s editline.3 el_tok_end.3)
(cd /usr/share/man/man3 && rm -f el_tok_init.3 && ln -s editline.3 el_tok_init.3)
(cd /usr/share/man/man3 && rm -f el_tok_line.3 && ln -s editline.3 el_tok_line.3)
(cd /usr/share/man/man3 && rm -f el_tok_reset.3 && ln -s editline.3 el_tok_reset.3)
(cd /usr/share/man/man3 && rm -f el_tok_str.3 && ln -s editline.3 el_tok_str.3)
(cd /usr/share/man/man3 && rm -f el_wdeletestr.3 && ln -s editline.3 el_wdeletestr.3)
(cd /usr/share/man/man3 && rm -f el_wget.3 && ln -s editline.3 el_wget.3)
(cd /usr/share/man/man3 && rm -f el_wgetc.3 && ln -s editline.3 el_wgetc.3)
(cd /usr/share/man/man3 && rm -f el_wgets.3 && ln -s editline.3 el_wgets.3)
(cd /usr/share/man/man3 && rm -f el_winsertstr.3 && ln -s editline.3 el_winsertstr.3)
(cd /usr/share/man/man3 && rm -f el_wline.3 && ln -s editline.3 el_wline.3)
(cd /usr/share/man/man3 && rm -f el_wparse.3 && ln -s editline.3 el_wparse.3)
(cd /usr/share/man/man3 && rm -f el_wpush.3 && ln -s editline.3 el_wpush.3)
(cd /usr/share/man/man3 && rm -f el_wset.3 && ln -s editline.3 el_wset.3)
(cd /usr/share/man/man3 && rm -f el_history_w.3 && ln -s editline.3 el_history_w.3)
(cd /usr/share/man/man3 && rm -f el_history_wend.3 && ln -s editline.3 el_history_wend.3)
(cd /usr/share/man/man3 && rm -f el_history_winit.3 && ln -s editline.3 el_history_winit.3)
(cd /usr/share/man/man3 && rm -f el_tok_wend.3 && ln -s editline.3 el_tok_wend.3)
(cd /usr/share/man/man3 && rm -f el_tok_winit.3 && ln -s editline.3 el_tok_winit.3)
(cd /usr/share/man/man3 && rm -f el_tok_wline.3 && ln -s editline.3 el_tok_wline.3)
(cd /usr/share/man/man3 && rm -f el_tok_wreset.3 && ln -s editline.3 el_tok_wreset.3)
(cd /usr/share/man/man3 && rm -f el_tok_wstr.3 && ln -s editline.3 el_tok_wstr.3)
make[3]: Leaving directory '/blfs/builds/libedit-20250104-3.1/doc'
make[2]: Leaving directory '/blfs/builds/libedit-20250104-3.1/doc'
make[1]: Leaving directory '/blfs/builds/libedit-20250104-3.1/doc'
make[1]: Entering directory '/blfs/builds/libedit-20250104-3.1'
make[2]: Entering directory '/blfs/builds/libedit-20250104-3.1'
make[2]: Nothing to be done for 'install-exec-am'.
 /usr/bin/mkdir -p '/usr/lib/pkgconfig'
 /usr/bin/install -c -m 644 libedit.pc '/usr/lib/pkgconfig'
make[2]: Leaving directory '/blfs/builds/libedit-20250104-3.1'
make[1]: Leaving directory '/blfs/builds/libedit-20250104-3.1'
libedit/
libedit/usr/
libedit/usr/share/
libedit/usr/share/man/
libedit/usr/share/man/man5/
libedit/usr/share/man/man5/editrc.5
libedit/usr/share/man/man7/
libedit/usr/share/man/man7/editline.7
libedit/usr/share/man/man3/
libedit/usr/share/man/man3/el_wgetc.3
libedit/usr/share/man/man3/el_history_end.3
libedit/usr/share/man/man3/el_init_fd.3
libedit/usr/share/man/man3/el_wparse.3
libedit/usr/share/man/man3/el_reset.3
libedit/usr/share/man/man3/el_tok_reset.3
libedit/usr/share/man/man3/el_set.3
libedit/usr/share/man/man3/el_insertstr.3
libedit/usr/share/man/man3/el_tok_wstr.3
libedit/usr/share/man/man3/el_line.3
libedit/usr/share/man/man3/el_history.3
libedit/usr/share/man/man3/el_tok_str.3
libedit/usr/share/man/man3/el_tok_line.3
libedit/usr/share/man/man3/el_end.3
libedit/usr/share/man/man3/el_tok_end.3
libedit/usr/share/man/man3/el_wset.3
libedit/usr/share/man/man3/el_parse.3
libedit/usr/share/man/man3/el_tok_wreset.3
libedit/usr/share/man/man3/el_init.3
libedit/usr/share/man/man3/el_push.3
libedit/usr/share/man/man3/el_getc.3
libedit/usr/share/man/man3/el_deletestr.3
libedit/usr/share/man/man3/el_gets.3
libedit/usr/share/man/man3/el_wpush.3
libedit/usr/share/man/man3/el_tok_wline.3
libedit/usr/share/man/man3/el_history_wend.3
libedit/usr/share/man/man3/el_wline.3
libedit/usr/share/man/man3/el_history_winit.3
libedit/usr/share/man/man3/el_source.3
libedit/usr/share/man/man3/el_tok_init.3
libedit/usr/share/man/man3/el_get.3
libedit/usr/share/man/man3/el_history_w.3
libedit/usr/share/man/man3/el_resize.3
libedit/usr/share/man/man3/el_tok_wend.3
libedit/usr/share/man/man3/el_history_init.3
libedit/usr/share/man/man3/el_wgets.3
libedit/usr/share/man/man3/el_wget.3
libedit/usr/share/man/man3/el_wdeletestr.3
libedit/usr/share/man/man3/editline.3
libedit/usr/share/man/man3/el_tok_winit.3
libedit/usr/share/man/man3/el_winsertstr.3
libedit/usr/lib/
libedit/usr/lib/libedit.so
libedit/usr/lib/libedit.so.0.0.75
libedit/usr/lib/pkgconfig/
libedit/usr/lib/pkgconfig/libedit.pc
libedit/usr/lib/libedit.so.0
libedit/usr/lib/libedit.la
libedit/usr/lib/libedit.a
libedit/usr/include/
libedit/usr/include/histedit.h
libedit/usr/include/editline/
libedit/usr/include/editline/readline.h
libedit/version
libedit/depends
libedit/make-depends
