--2025-06-15 07:09:29--  https://downloads.sourceforge.net/libpng/libpng-1.6.49.tar.xz
Resolving downloads.sourceforge.net (downloads.sourceforge.net)... 2606:4700::6812:c95, 2606:4700::6812:d95, 104.18.12.149, ...
Connecting to downloads.sourceforge.net (downloads.sourceforge.net)|2606:4700::6812:c95|:443... connected.
HTTP request sent, awaiting response... 301 Moved Permanently
Location: https://downloads.sourceforge.net/project/libpng/libpng16/1.6.49/libpng-1.6.49.tar.xz [following]
--2025-06-15 07:09:29--  https://downloads.sourceforge.net/project/libpng/libpng16/1.6.49/libpng-1.6.49.tar.xz
Reusing existing connection to [downloads.sourceforge.net]:443.
HTTP request sent, awaiting response... 302 Found
Location: https://phoenixnap.dl.sourceforge.net/project/libpng/libpng16/1.6.49/libpng-1.6.49.tar.xz?viasf=1 [following]
--2025-06-15 07:09:29--  https://phoenixnap.dl.sourceforge.net/project/libpng/libpng16/1.6.49/libpng-1.6.49.tar.xz?viasf=1
Resolving phoenixnap.dl.sourceforge.net (phoenixnap.dl.sourceforge.net)... 184.164.141.26
Connecting to phoenixnap.dl.sourceforge.net (phoenixnap.dl.sourceforge.net)|184.164.141.26|:443... connected.
HTTP request sent, awaiting response... 200 OK
Length: 1060752 (1.0M) [application/octet-stream]
Saving to: 'libpng-1.6.49.tar.xz'

     0K .......... .......... .......... .......... ..........  4%  690K 1s
    50K .......... .......... .......... .......... ..........  9%  699K 1s
   100K .......... .......... .......... .......... .......... 14% 62.1M 1s
   150K .......... .......... .......... .......... .......... 19%  117M 1s
   200K .......... .......... .......... .......... .......... 24%  705K 1s
   250K .......... .......... .......... .......... .......... 28%  113M 1s
   300K .......... .......... .......... .......... .......... 33%  111M 0s
   350K .......... .......... .......... .......... .......... 38% 87.1M 0s
   400K .......... .......... .......... .......... .......... 43% 1.27M 0s
   450K .......... .......... .......... .......... .......... 48% 1.51M 0s
   500K .......... .......... .......... .......... .......... 53%  120M 0s
   550K .......... .......... .......... .......... .......... 57%  123M 0s
   600K .......... .......... .......... .......... .......... 62%  183M 0s
   650K .......... .......... .......... .......... .......... 67%  169M 0s
   700K .......... .......... .......... .......... .......... 72% 90.7M 0s
   750K .......... .......... .......... .......... .......... 77% 86.4M 0s
   800K .......... .......... .......... .......... .......... 82%  156M 0s
   850K .......... .......... .......... .......... .......... 86% 1.32M 0s
   900K .......... .......... .......... .......... .......... 91%  163M 0s
   950K .......... .......... .......... .......... .......... 96% 1.54M 0s
  1000K .......... .......... .......... .....                100% 48.0M=0.4s

2025-06-15 07:09:30 (2.80 MB/s) - 'libpng-1.6.49.tar.xz' saved [1060752/1060752]

--2025-06-15 07:09:30--  https://downloads.sourceforge.net/sourceforge/libpng-apng/libpng-1.6.49-apng.patch.gz
Resolving downloads.sourceforge.net (downloads.sourceforge.net)... 2606:4700::6812:d95, 2606:4700::6812:c95, 104.18.12.149, ...
Connecting to downloads.sourceforge.net (downloads.sourceforge.net)|2606:4700::6812:d95|:443... connected.
HTTP request sent, awaiting response... 404 Not Found
2025-06-15 07:09:30 ERROR 404: Not Found.

