--2025-06-15 07:11:43--  http://ftp.gnu.org/gnu/mtools/mtools-4.0.49.tar.gz
Resolving ftp.gnu.org (ftp.gnu.org)... 2001:470:142:3::b, 209.51.188.20
Connecting to ftp.gnu.org (ftp.gnu.org)|2001:470:142:3::b|:80... connected.
HTTP request sent, awaiting response... 200 OK
Length: 569054 (556K) [application/x-gzip]
Saving to: 'mtools-4.0.49.tar.gz'

     0K .......... .......... .......... .......... ..........  8% 1.70M 0s
    50K .......... .......... .......... .......... .......... 17% 2.69M 0s
   100K .......... .......... .......... .......... .......... 26% 10.7M 0s
   150K .......... .......... .......... .......... .......... 35% 4.26M 0s
   200K .......... .......... .......... .......... .......... 44%  130M 0s
   250K .......... .......... .......... .......... .......... 53% 31.8M 0s
   300K .......... .......... .......... .......... .......... 62% 52.0M 0s
   350K .......... .......... .......... .......... .......... 71% 5.48M 0s
   400K .......... .......... .......... .......... .......... 80% 13.4M 0s
   450K .......... .......... .......... .......... .......... 89%  189M 0s
   500K .......... .......... .......... .......... .......... 98% 67.8M 0s
   550K .....                                                 100% 10.6T=0.08s

2025-06-15 07:11:43 (6.85 MB/s) - 'mtools-4.0.49.tar.gz' saved [569054/569054]

mtools-4.0.49/
mtools-4.0.49/debian/
mtools-4.0.49/debian/changelog
mtools-4.0.49/debian/floppyd.manpages
mtools-4.0.49/debian/mtools.manpages
mtools-4.0.49/debian/mcheck.1
mtools-4.0.49/debian/floppyd.files
mtools-4.0.49/debian/mtools.files
mtools-4.0.49/debian/control
mtools-4.0.49/debian/mtools.conf
mtools-4.0.49/debian/rules
mtools-4.0.49/debian/compat
mtools-4.0.49/scripts/
mtools-4.0.49/scripts/download
mtools-4.0.49/scripts/mcheck
mtools-4.0.49/scripts/mcomp
mtools-4.0.49/scripts/mxtar
mtools-4.0.49/scripts/uz
mtools-4.0.49/scripts/format.dat
mtools-4.0.49/scripts/add-disk
mtools-4.0.49/scripts/amuFormat.sh
mtools-4.0.49/scripts/tgz
mtools-4.0.49/direntry.c
mtools-4.0.49/open_image.c
mtools-4.0.49/open_image.h
mtools-4.0.49/minfo.c
mtools-4.0.49/codepage.h
mtools-4.0.49/mzip.c
mtools-4.0.49/mtools.conf
mtools-4.0.49/configure.ac
mtools-4.0.49/hash.c
mtools-4.0.49/mcopy.c
mtools-4.0.49/scsi_io.c
mtools-4.0.49/plain_io.c
mtools-4.0.49/match.c
mtools-4.0.49/scsi_io.h
mtools-4.0.49/mkmanifest.c
mtools-4.0.49/plain_io.h
mtools-4.0.49/remap.c
mtools-4.0.49/directory.c
mtools-4.0.49/htable.h
mtools-4.0.49/xdf_io.c
mtools-4.0.49/remap.h
mtools-4.0.49/dos2unix.c
mtools-4.0.49/unix2dos.c
mtools-4.0.49/floppyd.c
mtools-4.0.49/fs.h
mtools-4.0.49/xdf_io.h
mtools-4.0.49/mmount.c
mtools-4.0.49/tty.c
mtools-4.0.49/old_dos.c
mtools-4.0.49/mtools.spec
mtools-4.0.49/patchlevel.c
mtools-4.0.49/dirCacheP.h
mtools-4.0.49/old_dos.h
mtools-4.0.49/fat_device.h
mtools-4.0.49/lba.c
mtools-4.0.49/scsi.c
mtools-4.0.49/mattrib.c
mtools-4.0.49/floppyd_installtest.c
mtools-4.0.49/lba.h
mtools-4.0.49/mtools.texi
mtools-4.0.49/man-warning.texi
mtools-4.0.49/scsi.h
mtools-4.0.49/privileges.c
mtools-4.0.49/copyfile.c
mtools-4.0.49/swap.c
mtools-4.0.49/config.sub
mtools-4.0.49/version.texi
mtools-4.0.49/mshortname.c
mtools-4.0.49/read_dword.h
mtools-4.0.49/swap.h
mtools-4.0.49/mtoolsPaths.h
mtools-4.0.49/COPYING
mtools-4.0.49/fsP.h
mtools-4.0.49/mbadblocks.c
mtools-4.0.49/strip-pp.sed
mtools-4.0.49/buffer.c
mtools-4.0.49/fat_free.c
mtools-4.0.49/buffer.h
mtools-4.0.49/file.c
mtools-4.0.49/mkdosboot
mtools-4.0.49/mdel.c
mtools-4.0.49/mtools.h
mtools-4.0.49/mcat.c
mtools-4.0.49/file.h
mtools-4.0.49/mdir.c
mtools-4.0.49/mtoolsDirentry.h
mtools-4.0.49/init.c
mtools-4.0.49/floppyd_io.c
mtools-4.0.49/man-warning-end.texi
mtools-4.0.49/floppyd_io.h
mtools-4.0.49/README.BEBOX
mtools-4.0.49/file_read.c
mtools-4.0.49/devices.c
mtools-4.0.49/mmove.c
mtools-4.0.49/mdu.c
mtools-4.0.49/force_io.c
mtools-4.0.49/offset.c
mtools-4.0.49/devices.h
mtools-4.0.49/cleanconfig
mtools-4.0.49/lockdev.c
mtools-4.0.49/offset.h
mtools-4.0.49/NEWS
mtools-4.0.49/mlabel.c
mtools-4.0.49/lockdev.h
mtools-4.0.49/mkinstalldirs
mtools-4.0.49/device.c
mtools-4.0.49/nameclash.h
mtools-4.0.49/vfat.c
mtools-4.0.49/mdoctorfat.c
mtools-4.0.49/mformat.c
mtools-4.0.49/vfat.h
mtools-4.0.49/llong.c
mtools-4.0.49/mmd.c
mtools-4.0.49/streamcache.c
mtools-4.0.49/llong.h
mtools-4.0.49/Makefile.Be
mtools-4.0.49/Release.notes
mtools-4.0.49/msdos.h
mtools-4.0.49/fat_size_calculation.tex
mtools-4.0.49/dirCache.c
mtools-4.0.49/dirCache.h
mtools-4.0.49/byte_dword.h
mtools-4.0.49/precmd.c
mtools-4.0.49/missFuncs.c
mtools-4.0.49/file_name.c
mtools-4.0.49/privtest.c
mtools-4.0.49/file_name.h
mtools-4.0.49/mk_direntry.c
mtools-4.0.49/mshowfat.c
mtools-4.0.49/texinfo.tex
mtools-4.0.49/stream.c
mtools-4.0.49/config.h.Be
mtools-4.0.49/mcd.c
mtools-4.0.49/partition.c
mtools-4.0.49/sysincludes.h
mtools-4.0.49/README
mtools-4.0.49/signal.c
mtools-4.0.49/partition.h
mtools-4.0.49/expand.c
mtools-4.0.49/unixdir.c
mtools-4.0.49/mpartition.c
mtools-4.0.49/codepages.c
mtools-4.0.49/misc.c
mtools-4.0.49/strtonum.c
mtools-4.0.49/install-sh
mtools-4.0.49/Makefile.in
mtools-4.0.49/mkmanpages
mtools-4.0.49/INSTALL
mtools-4.0.49/fat.c
mtools-4.0.49/mtools.c
mtools-4.0.49/uz.1
mtools-4.0.49/mxtar.1
mtools-4.0.49/tgz.1
mtools-4.0.49/mcomp.1
mtools-4.0.49/lz.1
mtools-4.0.49/mainloop.h
mtools-4.0.49/mainloop.c
mtools-4.0.49/stream.h
mtools-4.0.49/config.c
mtools-4.0.49/device.h
mtools-4.0.49/floppyd.1
mtools-4.0.49/floppyd_installtest.1
mtools-4.0.49/mattrib.1
mtools-4.0.49/mbadblocks.1
mtools-4.0.49/mcd.1
mtools-4.0.49/mcat.1
mtools-4.0.49/mcopy.1
mtools-4.0.49/mdel.1
mtools-4.0.49/mdeltree.1
mtools-4.0.49/mdoctorfat.1
mtools-4.0.49/mdir.1
mtools-4.0.49/mdu.1
mtools-4.0.49/mformat.1
mtools-4.0.49/minfo.1
mtools-4.0.49/mkmanifest.1
mtools-4.0.49/mlabel.1
mtools-4.0.49/mmd.1
mtools-4.0.49/mmount.1
mtools-4.0.49/mpartition.1
mtools-4.0.49/mrd.1
mtools-4.0.49/mmove.1
mtools-4.0.49/mren.1
mtools-4.0.49/mshortname.1
mtools-4.0.49/mshowfat.1
mtools-4.0.49/mtype.1
mtools-4.0.49/mtoolstest.1
mtools-4.0.49/mzip.1
mtools-4.0.49/charsetConv.c
mtools-4.0.49/config.h.in
mtools-4.0.49/sysconfdir.texi
mtools-4.0.49/configure-stamp
mtools-4.0.49/config.guess.orig
mtools-4.0.49/config.guess
mtools-4.0.49/mtools.tmpl.1
mtools-4.0.49/mtools.tmpl.5
mtools-4.0.49/configure
mtools-4.0.49/mtools.info
checking for gcc... gcc
checking whether the C compiler works... yes
checking for C compiler default output file name... a.out
checking for suffix of executables... 
checking whether we are cross compiling... no
checking for suffix of object files... o
checking whether the compiler supports GNU C... yes
checking whether gcc accepts -g... yes
checking for gcc option to enable C11 features... none needed
checking for stdio.h... yes
checking for stdlib.h... yes
checking for string.h... yes
checking for inttypes.h... yes
checking for stdint.h... yes
checking for strings.h... yes
checking for sys/stat.h... yes
checking for sys/types.h... yes
checking for unistd.h... yes
checking for wchar.h... yes
checking for minix/config.h... no
checking whether it is safe to define __EXTENSIONS__... yes
checking whether _XOPEN_SOURCE should be defined... no
checking for gcc... (cached) gcc
checking whether the compiler supports GNU C... (cached) yes
checking whether gcc accepts -g... (cached) yes
checking for gcc option to enable C11 features... (cached) none needed
checking build system type... x86_64-pc-linux-gnu
checking host system type... x86_64-pc-linux-gnu
checking for a BSD-compatible install... /usr/bin/install -c
checking whether ln -s works... yes
checking for install-info... /usr/bin/install-info
checking for an ANSI C-conforming const... yes
checking for inline... inline
checking for getpwnam in -lsun... no
checking for iconv in -liconv... no
checking for sys/wait.h that is POSIX.1 compatible... yes
checking for _Bool... yes
checking for stdbool.h that conforms to C99... yes
checking for sys/mkdev.h... no
checking for sys/sysmacros.h... yes
checking for getopt.h... yes
checking for stdarg.h... yes
checking for libc.h... no
checking for fcntl.h... yes
checking for limits.h... yes
checking for sys/file.h... yes
checking for sys/ioctl.h... yes
checking for time.h... yes
checking for sys/time.h... yes
checking for sys/param.h... yes
checking for memory.h... yes
checking for malloc.h... yes
checking for io.h... no
checking for signal.h... yes
checking for sys/signal.h... yes
checking for utime.h... yes
checking for sgtty.h... yes
checking for sys/floppy.h... no
checking for mntent.h... yes
checking for sys/sysmacros.h... (cached) yes
checking for assert.h... yes
checking for iconv.h... yes
checking for wctype.h... yes
checking for wchar.h... (cached) yes
checking for locale.h... yes
checking for xlocale.h... no
checking for dirent.h... yes
checking for termio.h... yes
checking for termios.h... yes
checking for sys/fdio.h... no
checking for special C compiler options needed for large files... no
checking for _FILE_OFFSET_BITS value needed for large files... no
checking for int8_t... yes
checking for int16_t... yes
checking for int32_t... yes
checking for int64_t... yes
checking for uint8_t... yes
checking for uint16_t... yes
checking for uint32_t... yes
checking for uint64_t... yes
checking for uintptr_t... yes
checking for ssize_t... yes
checking for size_t... yes
checking for off_t... yes
checking how to run the C preprocessor... gcc -E
checking for egrep -e... /usr/bin/grep -E
checking for uid_t in sys/types.h... yes
checking for pid_t... yes
checking for long long... yes
checking size of size_t... 8
checking size of off_t... 8
checking size of time_t... 8
checking size of long... 8
checking size of int... 4
checking for htons... yes
checking for an ANSI C-conforming const... (cached) yes
checking for inline... (cached) inline
checking for size_t... (cached) yes
checking whether struct tm is in sys/time.h or time.h... time.h
checking for strerror... yes
checking for lrand48... yes
checking for srand48... yes
checking for strchr... yes
checking for strrchr... yes
checking for lockf... yes
checking for flock... yes
checking for strcasecmp... yes
checking for strncasecmp... yes
checking for strnlen... yes
checking for atexit... yes
checking for on_exit... yes
checking for getpass... yes
checking for memmove... yes
checking for strdup... yes
checking for strndup... yes
checking for strcspn... yes
checking for strspn... yes
checking for strtoul... yes
checking for strtol... yes
checking for strtoll... yes
checking for strtoui... no
checking for memcpy... yes
checking for strpbrk... yes
checking for memset... yes
checking for setenv... yes
checking for seteuid... yes
checking for setresuid... yes
checking for tcsetattr... yes
checking for tcflush... yes
checking for basename... yes
checking for readdir... yes
checking for snprintf... yes
checking for setlocale... yes
checking for strstr... yes
checking for toupper_l... yes
checking for strncasecmp_l... yes
checking for wcsdup... yes
checking for wcscasecmp... yes
checking for wcsnlen... yes
checking for wcspbrk... yes
checking for putwc... yes
checking for alarm... yes
checking for sigaction... yes
checking for usleep... yes
checking for lstat... yes
checking for unsetenv... yes
checking for mkdir... yes
checking for utimes... yes
checking for tzset... yes
checking for gettimeofday... yes
checking for gcc options needed to detect all undeclared functions... none needed
checking whether sys_errlist is declared... no
checking whether errno is declared... yes
checking whether optarg is declared... yes
Host OS=linux-gnu
checking for X... libraries , headers 
checking for setpgrp... yes
checking for getuserid... no
checking for getgroupid... no
checking whether setpgrp requires zero arguments... yes
checking for gethostbyname... yes
checking for connect... yes
checking for remove... yes
checking for shmat... yes
checking for IceConnectionNumber in -lICE... yes
checking for sys/socket.h... yes
checking for arpa/inet.h... yes
checking for netdb.h... yes
checking for netinet/in.h... yes
checking for netinet/tcp.h... yes
checking for X11/Xlib.h... yes
configure: creating ./config.status
config.status: creating Makefile
config.status: creating config.h
gcc  -DHAVE_CONFIG_H -DSYSCONFDIR=\"/usr/etc\" -DCPU_x86_64 -DVENDOR_pc -DOS_linux_gnu -O2 -I.  -I.  -c buffer.c
gcc  -DHAVE_CONFIG_H -DSYSCONFDIR=\"/usr/etc\" -DCPU_x86_64 -DVENDOR_pc -DOS_linux_gnu -O2 -I.  -I.  -c charsetConv.c
gcc  -DHAVE_CONFIG_H -DSYSCONFDIR=\"/usr/etc\" -DCPU_x86_64 -DVENDOR_pc -DOS_linux_gnu -O2 -I.  -I.  -c codepages.c
gcc  -DHAVE_CONFIG_H -DSYSCONFDIR=\"/usr/etc\" -DCPU_x86_64 -DVENDOR_pc -DOS_linux_gnu -O2 -I.  -I.  -c config.c
gcc  -DHAVE_CONFIG_H -DSYSCONFDIR=\"/usr/etc\" -DCPU_x86_64 -DVENDOR_pc -DOS_linux_gnu -O2 -I.  -I.  -c copyfile.c
gcc  -DHAVE_CONFIG_H -DSYSCONFDIR=\"/usr/etc\" -DCPU_x86_64 -DVENDOR_pc -DOS_linux_gnu -O2 -I.  -I.  -c device.c
gcc  -DHAVE_CONFIG_H -DSYSCONFDIR=\"/usr/etc\" -DCPU_x86_64 -DVENDOR_pc -DOS_linux_gnu -O2 -I.  -I.  -c devices.c
gcc  -DHAVE_CONFIG_H -DSYSCONFDIR=\"/usr/etc\" -DCPU_x86_64 -DVENDOR_pc -DOS_linux_gnu -O2 -I.  -I.  -c dirCache.c
gcc  -DHAVE_CONFIG_H -DSYSCONFDIR=\"/usr/etc\" -DCPU_x86_64 -DVENDOR_pc -DOS_linux_gnu -O2 -I.  -I.  -c directory.c
gcc  -DHAVE_CONFIG_H -DSYSCONFDIR=\"/usr/etc\" -DCPU_x86_64 -DVENDOR_pc -DOS_linux_gnu -O2 -I.  -I.  -c direntry.c
gcc  -DHAVE_CONFIG_H -DSYSCONFDIR=\"/usr/etc\" -DCPU_x86_64 -DVENDOR_pc -DOS_linux_gnu -O2 -I.  -I.  -c dos2unix.c
gcc  -DHAVE_CONFIG_H -DSYSCONFDIR=\"/usr/etc\" -DCPU_x86_64 -DVENDOR_pc -DOS_linux_gnu -O2 -I.  -I.  -c expand.c
gcc  -DHAVE_CONFIG_H -DSYSCONFDIR=\"/usr/etc\" -DCPU_x86_64 -DVENDOR_pc -DOS_linux_gnu -O2 -I.  -I.  -c fat.c
gcc  -DHAVE_CONFIG_H -DSYSCONFDIR=\"/usr/etc\" -DCPU_x86_64 -DVENDOR_pc -DOS_linux_gnu -O2 -I.  -I.  -c fat_free.c
gcc  -DHAVE_CONFIG_H -DSYSCONFDIR=\"/usr/etc\" -DCPU_x86_64 -DVENDOR_pc -DOS_linux_gnu -O2 -I.  -I.  -c file.c
gcc  -DHAVE_CONFIG_H -DSYSCONFDIR=\"/usr/etc\" -DCPU_x86_64 -DVENDOR_pc -DOS_linux_gnu -O2 -I.  -I.  -c file_name.c
gcc  -DHAVE_CONFIG_H -DSYSCONFDIR=\"/usr/etc\" -DCPU_x86_64 -DVENDOR_pc -DOS_linux_gnu -O2 -I.  -I.  -c force_io.c
gcc  -DHAVE_CONFIG_H -DSYSCONFDIR=\"/usr/etc\" -DCPU_x86_64 -DVENDOR_pc -DOS_linux_gnu -O2 -I.  -I.  -c hash.c
gcc  -DHAVE_CONFIG_H -DSYSCONFDIR=\"/usr/etc\" -DCPU_x86_64 -DVENDOR_pc -DOS_linux_gnu -O2 -I.  -I.  -c init.c
gcc  -DHAVE_CONFIG_H -DSYSCONFDIR=\"/usr/etc\" -DCPU_x86_64 -DVENDOR_pc -DOS_linux_gnu -O2 -I.  -I.  -c lba.c
gcc  -DHAVE_CONFIG_H -DSYSCONFDIR=\"/usr/etc\" -DCPU_x86_64 -DVENDOR_pc -DOS_linux_gnu -O2 -I.  -I.  -c llong.c
gcc  -DHAVE_CONFIG_H -DSYSCONFDIR=\"/usr/etc\" -DCPU_x86_64 -DVENDOR_pc -DOS_linux_gnu -O2 -I.  -I.  -c lockdev.c
gcc  -DHAVE_CONFIG_H -DSYSCONFDIR=\"/usr/etc\" -DCPU_x86_64 -DVENDOR_pc -DOS_linux_gnu -O2 -I.  -I.  -c match.c
gcc  -DHAVE_CONFIG_H -DSYSCONFDIR=\"/usr/etc\" -DCPU_x86_64 -DVENDOR_pc -DOS_linux_gnu -O2 -I.  -I.  -c mainloop.c
gcc  -DHAVE_CONFIG_H -DSYSCONFDIR=\"/usr/etc\" -DCPU_x86_64 -DVENDOR_pc -DOS_linux_gnu -O2 -I.  -I.  -c mattrib.c
gcc  -DHAVE_CONFIG_H -DSYSCONFDIR=\"/usr/etc\" -DCPU_x86_64 -DVENDOR_pc -DOS_linux_gnu -O2 -I.  -I.  -c mbadblocks.c
gcc  -DHAVE_CONFIG_H -DSYSCONFDIR=\"/usr/etc\" -DCPU_x86_64 -DVENDOR_pc -DOS_linux_gnu -O2 -I.  -I.  -c mcat.c
gcc  -DHAVE_CONFIG_H -DSYSCONFDIR=\"/usr/etc\" -DCPU_x86_64 -DVENDOR_pc -DOS_linux_gnu -O2 -I.  -I.  -c mcd.c
gcc  -DHAVE_CONFIG_H -DSYSCONFDIR=\"/usr/etc\" -DCPU_x86_64 -DVENDOR_pc -DOS_linux_gnu -O2 -I.  -I.  -c mcopy.c
gcc  -DHAVE_CONFIG_H -DSYSCONFDIR=\"/usr/etc\" -DCPU_x86_64 -DVENDOR_pc -DOS_linux_gnu -O2 -I.  -I.  -c mdel.c
gcc  -DHAVE_CONFIG_H -DSYSCONFDIR=\"/usr/etc\" -DCPU_x86_64 -DVENDOR_pc -DOS_linux_gnu -O2 -I.  -I.  -c mdir.c
gcc  -DHAVE_CONFIG_H -DSYSCONFDIR=\"/usr/etc\" -DCPU_x86_64 -DVENDOR_pc -DOS_linux_gnu -O2 -I.  -I.  -c mdoctorfat.c
gcc  -DHAVE_CONFIG_H -DSYSCONFDIR=\"/usr/etc\" -DCPU_x86_64 -DVENDOR_pc -DOS_linux_gnu -O2 -I.  -I.  -c mdu.c
gcc  -DHAVE_CONFIG_H -DSYSCONFDIR=\"/usr/etc\" -DCPU_x86_64 -DVENDOR_pc -DOS_linux_gnu -O2 -I.  -I.  -c mformat.c
gcc  -DHAVE_CONFIG_H -DSYSCONFDIR=\"/usr/etc\" -DCPU_x86_64 -DVENDOR_pc -DOS_linux_gnu -O2 -I.  -I.  -c minfo.c
gcc  -DHAVE_CONFIG_H -DSYSCONFDIR=\"/usr/etc\" -DCPU_x86_64 -DVENDOR_pc -DOS_linux_gnu -O2 -I.  -I.  -c misc.c
gcc  -DHAVE_CONFIG_H -DSYSCONFDIR=\"/usr/etc\" -DCPU_x86_64 -DVENDOR_pc -DOS_linux_gnu -O2 -I.  -I.  -c missFuncs.c
gcc  -DHAVE_CONFIG_H -DSYSCONFDIR=\"/usr/etc\" -DCPU_x86_64 -DVENDOR_pc -DOS_linux_gnu -O2 -I.  -I.  -c mk_direntry.c
gcc  -DHAVE_CONFIG_H -DSYSCONFDIR=\"/usr/etc\" -DCPU_x86_64 -DVENDOR_pc -DOS_linux_gnu -O2 -I.  -I.  -c mlabel.c
gcc  -DHAVE_CONFIG_H -DSYSCONFDIR=\"/usr/etc\" -DCPU_x86_64 -DVENDOR_pc -DOS_linux_gnu -O2 -I.  -I.  -c mmd.c
gcc  -DHAVE_CONFIG_H -DSYSCONFDIR=\"/usr/etc\" -DCPU_x86_64 -DVENDOR_pc -DOS_linux_gnu -O2 -I.  -I.  -c mmount.c
gcc  -DHAVE_CONFIG_H -DSYSCONFDIR=\"/usr/etc\" -DCPU_x86_64 -DVENDOR_pc -DOS_linux_gnu -O2 -I.  -I.  -c mmove.c
gcc  -DHAVE_CONFIG_H -DSYSCONFDIR=\"/usr/etc\" -DCPU_x86_64 -DVENDOR_pc -DOS_linux_gnu -O2 -I.  -I.  -c mpartition.c
gcc  -DHAVE_CONFIG_H -DSYSCONFDIR=\"/usr/etc\" -DCPU_x86_64 -DVENDOR_pc -DOS_linux_gnu -O2 -I.  -I.  -c mshortname.c
gcc  -DHAVE_CONFIG_H -DSYSCONFDIR=\"/usr/etc\" -DCPU_x86_64 -DVENDOR_pc -DOS_linux_gnu -O2 -I.  -I.  -c mshowfat.c
gcc  -DHAVE_CONFIG_H -DSYSCONFDIR=\"/usr/etc\" -DCPU_x86_64 -DVENDOR_pc -DOS_linux_gnu -O2 -I.  -I.  -c mzip.c
gcc  -DHAVE_CONFIG_H -DSYSCONFDIR=\"/usr/etc\" -DCPU_x86_64 -DVENDOR_pc -DOS_linux_gnu -O2 -I.  -I.  -c mtools.c
gcc  -DHAVE_CONFIG_H -DSYSCONFDIR=\"/usr/etc\" -DCPU_x86_64 -DVENDOR_pc -DOS_linux_gnu -O2 -I.  -I.  -c offset.c
gcc  -DHAVE_CONFIG_H -DSYSCONFDIR=\"/usr/etc\" -DCPU_x86_64 -DVENDOR_pc -DOS_linux_gnu -O2 -I.  -I.  -c old_dos.c
gcc  -DHAVE_CONFIG_H -DSYSCONFDIR=\"/usr/etc\" -DCPU_x86_64 -DVENDOR_pc -DOS_linux_gnu -O2 -I.  -I.  -c open_image.c
gcc  -DHAVE_CONFIG_H -DSYSCONFDIR=\"/usr/etc\" -DCPU_x86_64 -DVENDOR_pc -DOS_linux_gnu -O2 -I.  -I.  -c patchlevel.c
gcc  -DHAVE_CONFIG_H -DSYSCONFDIR=\"/usr/etc\" -DCPU_x86_64 -DVENDOR_pc -DOS_linux_gnu -O2 -I.  -I.  -c partition.c
gcc  -DHAVE_CONFIG_H -DSYSCONFDIR=\"/usr/etc\" -DCPU_x86_64 -DVENDOR_pc -DOS_linux_gnu -O2 -I.  -I.  -c plain_io.c
gcc  -DHAVE_CONFIG_H -DSYSCONFDIR=\"/usr/etc\" -DCPU_x86_64 -DVENDOR_pc -DOS_linux_gnu -O2 -I.  -I.  -c precmd.c
gcc  -DHAVE_CONFIG_H -DSYSCONFDIR=\"/usr/etc\" -DCPU_x86_64 -DVENDOR_pc -DOS_linux_gnu -O2 -I.  -I.  -c privileges.c
gcc  -DHAVE_CONFIG_H -DSYSCONFDIR=\"/usr/etc\" -DCPU_x86_64 -DVENDOR_pc -DOS_linux_gnu -O2 -I.  -I.  -c remap.c
gcc  -DHAVE_CONFIG_H -DSYSCONFDIR=\"/usr/etc\" -DCPU_x86_64 -DVENDOR_pc -DOS_linux_gnu -O2 -I.  -I.  -c scsi_io.c
gcc  -DHAVE_CONFIG_H -DSYSCONFDIR=\"/usr/etc\" -DCPU_x86_64 -DVENDOR_pc -DOS_linux_gnu -O2 -I.  -I.  -c scsi.c
gcc  -DHAVE_CONFIG_H -DSYSCONFDIR=\"/usr/etc\" -DCPU_x86_64 -DVENDOR_pc -DOS_linux_gnu -O2 -I.  -I.  -c signal.c
gcc  -DHAVE_CONFIG_H -DSYSCONFDIR=\"/usr/etc\" -DCPU_x86_64 -DVENDOR_pc -DOS_linux_gnu -O2 -I.  -I.  -c stream.c
gcc  -DHAVE_CONFIG_H -DSYSCONFDIR=\"/usr/etc\" -DCPU_x86_64 -DVENDOR_pc -DOS_linux_gnu -O2 -I.  -I.  -c streamcache.c
gcc  -DHAVE_CONFIG_H -DSYSCONFDIR=\"/usr/etc\" -DCPU_x86_64 -DVENDOR_pc -DOS_linux_gnu -O2 -I.  -I.  -c swap.c
gcc  -DHAVE_CONFIG_H -DSYSCONFDIR=\"/usr/etc\" -DCPU_x86_64 -DVENDOR_pc -DOS_linux_gnu -O2 -I.  -I.  -c unix2dos.c
gcc  -DHAVE_CONFIG_H -DSYSCONFDIR=\"/usr/etc\" -DCPU_x86_64 -DVENDOR_pc -DOS_linux_gnu -O2 -I.  -I.  -c unixdir.c
gcc  -DHAVE_CONFIG_H -DSYSCONFDIR=\"/usr/etc\" -DCPU_x86_64 -DVENDOR_pc -DOS_linux_gnu -O2 -I.  -I.  -c tty.c
gcc  -DHAVE_CONFIG_H -DSYSCONFDIR=\"/usr/etc\" -DCPU_x86_64 -DVENDOR_pc -DOS_linux_gnu -O2 -I.  -I.  -c vfat.c
gcc  -DHAVE_CONFIG_H -DSYSCONFDIR=\"/usr/etc\" -DCPU_x86_64 -DVENDOR_pc -DOS_linux_gnu -O2 -I.  -I.  -c strtonum.c
gcc  -DHAVE_CONFIG_H -DSYSCONFDIR=\"/usr/etc\" -DCPU_x86_64 -DVENDOR_pc -DOS_linux_gnu -O2 -I.  -I.  -c floppyd_io.c
gcc  -DHAVE_CONFIG_H -DSYSCONFDIR=\"/usr/etc\" -DCPU_x86_64 -DVENDOR_pc -DOS_linux_gnu -O2 -I.  -I.  -c xdf_io.c
gcc  -DHAVE_CONFIG_H -DSYSCONFDIR=\"/usr/etc\" -DCPU_x86_64 -DVENDOR_pc -DOS_linux_gnu -O2 -I.  -I.  -c mkmanifest.c
gcc   -DHAVE_CONFIG_H -DSYSCONFDIR=\"/usr/etc\" -DCPU_x86_64 -DVENDOR_pc -DOS_linux_gnu -O2 -I.  -I.  -c floppyd.c
gcc  -DHAVE_CONFIG_H -DSYSCONFDIR=\"/usr/etc\" -DCPU_x86_64 -DVENDOR_pc -DOS_linux_gnu -O2 -I.  -I.  -c floppyd_installtest.c
sed "s%SYSCONFDIR%/usr/etc/%g" mtools.tmpl.1 >mtools.1
sed "s%SYSCONFDIR%/usr/etc/%g" mtools.tmpl.5 >mtools.5
gcc    missFuncs.o mkmanifest.o misc.o patchlevel.o -o mkmanifest     
gcc    floppyd_installtest.o misc.o expand.o privileges.o strtonum.o -o floppyd_installtest     
gcc    buffer.o charsetConv.o codepages.o config.o copyfile.o device.o devices.o dirCache.o directory.o direntry.o dos2unix.o expand.o fat.o fat_free.o file.o file_name.o force_io.o hash.o init.o lba.o llong.o lockdev.o match.o mainloop.o mattrib.o mbadblocks.o mcat.o mcd.o mcopy.o mdel.o mdir.o mdoctorfat.o mdu.o mformat.o minfo.o misc.o missFuncs.o mk_direntry.o mlabel.o mmd.o mmount.o mmove.o mpartition.o mshortname.o mshowfat.o mzip.o mtools.o offset.o old_dos.o open_image.o patchlevel.o partition.o plain_io.o precmd.o privileges.o remap.o scsi_io.o scsi.o signal.o stream.o streamcache.o swap.o unix2dos.o unixdir.o tty.o vfat.o strtonum.o floppyd_io.o xdf_io.o -o mtools     
gcc    floppyd.o llong.o lockdev.o -o floppyd   -lX11 
rm -f mattrib && ln -s mtools mattrib
rm -f mcat && ln -s mtools mcat
rm -f mcd && ln -s mtools mcd
rm -f mcopy && ln -s mtools mcopy
rm -f mdel && ln -s mtools mdel
rm -f mdeltree && ln -s mtools mdeltree
rm -f mdir && ln -s mtools mdir
rm -f mdoctorfat && ln -s mtools mdoctorfat
rm -f mdu && ln -s mtools mdu
rm -f mformat && ln -s mtools mformat
rm -f minfo && ln -s mtools minfo
rm -f mlabel && ln -s mtools mlabel
rm -f mmd && ln -s mtools mmd
rm -f mmount && ln -s mtools mmount
rm -f mmove && ln -s mtools mmove
rm -f mpartition && ln -s mtools mpartition
rm -f mrd && ln -s mtools mrd
rm -f mren && ln -s mtools mren
rm -f mtype && ln -s mtools mtype
rm -f mtoolstest && ln -s mtools mtoolstest
rm -f mshortname && ln -s mtools mshortname
rm -f mshowfat && ln -s mtools mshowfat
rm -f mbadblocks && ln -s mtools mbadblocks
rm -f mzip && ln -s mtools mzip
./mkinstalldirs /pkgs/mtools/usr/bin
mkdir /pkgs/mtools
mkdir /pkgs/mtools/usr
mkdir /pkgs/mtools/usr/bin
/usr/bin/install -c mtools /pkgs/mtools/usr/bin/mtools
./mkinstalldirs /pkgs/mtools/usr/bin
/usr/bin/install -c floppyd /pkgs/mtools/usr/bin/floppyd
./mkinstalldirs /pkgs/mtools/usr/bin
/usr/bin/install -c floppyd_installtest /pkgs/mtools/usr/bin/floppyd_installtest
mkdir /pkgs/mtools/usr/share
mkdir /pkgs/mtools/usr/share/man
mkdir /pkgs/mtools/usr/share/man/man1
/pkgs/mtools/usr/share/man/man1/floppyd.1
/pkgs/mtools/usr/share/man/man1/floppyd_installtest.1
/pkgs/mtools/usr/share/man/man1/mattrib.1
/pkgs/mtools/usr/share/man/man1/mbadblocks.1
/pkgs/mtools/usr/share/man/man1/mcat.1
/pkgs/mtools/usr/share/man/man1/mcd.1
/pkgs/mtools/usr/share/man/man1/mcopy.1
/pkgs/mtools/usr/share/man/man1/mdel.1
/pkgs/mtools/usr/share/man/man1/mdeltree.1
/pkgs/mtools/usr/share/man/man1/mdir.1
/pkgs/mtools/usr/share/man/man1/mdoctorfat.1
/pkgs/mtools/usr/share/man/man1/mdu.1
/pkgs/mtools/usr/share/man/man1/mformat.1
/pkgs/mtools/usr/share/man/man1/minfo.1
/pkgs/mtools/usr/share/man/man1/mkmanifest.1
/pkgs/mtools/usr/share/man/man1/mlabel.1
/pkgs/mtools/usr/share/man/man1/mmd.1
/pkgs/mtools/usr/share/man/man1/mmount.1
/pkgs/mtools/usr/share/man/man1/mmove.1
/pkgs/mtools/usr/share/man/man1/mpartition.1
/pkgs/mtools/usr/share/man/man1/mrd.1
/pkgs/mtools/usr/share/man/man1/mren.1
/pkgs/mtools/usr/share/man/man1/mshortname.1
/pkgs/mtools/usr/share/man/man1/mshowfat.1
/pkgs/mtools/usr/share/man/man1/mtoolstest.1
/pkgs/mtools/usr/share/man/man1/mtype.1
/pkgs/mtools/usr/share/man/man1/mzip.1
/pkgs/mtools/usr/share/man/man1/mtools.1
mkdir /pkgs/mtools/usr/share/man/man5
/pkgs/mtools/usr/share/man/man5/mtools.5
/pkgs/mtools/usr/bin/mattrib
/pkgs/mtools/usr/bin/mcat
/pkgs/mtools/usr/bin/mcd
/pkgs/mtools/usr/bin/mcopy
/pkgs/mtools/usr/bin/mdel
/pkgs/mtools/usr/bin/mdeltree
/pkgs/mtools/usr/bin/mdir
/pkgs/mtools/usr/bin/mdoctorfat
/pkgs/mtools/usr/bin/mdu
/pkgs/mtools/usr/bin/mformat
/pkgs/mtools/usr/bin/minfo
/pkgs/mtools/usr/bin/mlabel
/pkgs/mtools/usr/bin/mmd
/pkgs/mtools/usr/bin/mmount
/pkgs/mtools/usr/bin/mmove
/pkgs/mtools/usr/bin/mpartition
/pkgs/mtools/usr/bin/mrd
/pkgs/mtools/usr/bin/mren
/pkgs/mtools/usr/bin/mtype
/pkgs/mtools/usr/bin/mtoolstest
/pkgs/mtools/usr/bin/mshortname
/pkgs/mtools/usr/bin/mshowfat
/pkgs/mtools/usr/bin/mbadblocks
/pkgs/mtools/usr/bin/mzip
./mkinstalldirs /pkgs/mtools/usr/bin
/usr/bin/install -c mkmanifest /pkgs/mtools/usr/bin/mkmanifest
/pkgs/mtools/usr/bin/mcheck
/pkgs/mtools/usr/bin/mxtar
/pkgs/mtools/usr/bin/uz
/pkgs/mtools/usr/bin/tgz
/pkgs/mtools/usr/bin/mcomp
/pkgs/mtools/usr/bin/amuFormat.sh
rm -f /pkgs/mtools/usr/bin/lz
cd /pkgs/mtools/usr/bin && ln -s uz lz
./mkinstalldirs /pkgs/mtools/usr/share/info
mkdir /pkgs/mtools/usr/share/info
if test -f mtools.info; then \
  for i in mtools.info*; do \
    /usr/bin/install -c -m 644 $i /pkgs/mtools/usr/share/info/$i; \
  done; \
else \
  for i in ./mtools.info*; do \
    /usr/bin/install -c -m 644 $i /pkgs/mtools/usr/share/info/`echo $i | sed 's|^./||'`; \
  done; \
fi; \
if [ -n "/usr/bin/install-info" ] ; then \
	/usr/bin/install-info --info-dir=/pkgs/mtools/usr/share/info /pkgs/mtools/usr/share/info/mtools.info; \
fi
./mkinstalldirs /usr/bin
/usr/bin/install -c mtools /usr/bin/mtools
./mkinstalldirs /usr/bin
/usr/bin/install -c floppyd /usr/bin/floppyd
./mkinstalldirs /usr/bin
/usr/bin/install -c floppyd_installtest /usr/bin/floppyd_installtest
/usr/share/man/man1/floppyd.1
/usr/share/man/man1/floppyd_installtest.1
/usr/share/man/man1/mattrib.1
/usr/share/man/man1/mbadblocks.1
/usr/share/man/man1/mcat.1
/usr/share/man/man1/mcd.1
/usr/share/man/man1/mcopy.1
/usr/share/man/man1/mdel.1
/usr/share/man/man1/mdeltree.1
/usr/share/man/man1/mdir.1
/usr/share/man/man1/mdoctorfat.1
/usr/share/man/man1/mdu.1
/usr/share/man/man1/mformat.1
/usr/share/man/man1/minfo.1
/usr/share/man/man1/mkmanifest.1
/usr/share/man/man1/mlabel.1
/usr/share/man/man1/mmd.1
/usr/share/man/man1/mmount.1
/usr/share/man/man1/mmove.1
/usr/share/man/man1/mpartition.1
/usr/share/man/man1/mrd.1
/usr/share/man/man1/mren.1
/usr/share/man/man1/mshortname.1
/usr/share/man/man1/mshowfat.1
/usr/share/man/man1/mtoolstest.1
/usr/share/man/man1/mtype.1
/usr/share/man/man1/mzip.1
/usr/share/man/man1/mtools.1
/usr/share/man/man5/mtools.5
/usr/bin/mattrib
/usr/bin/mcat
/usr/bin/mcd
/usr/bin/mcopy
/usr/bin/mdel
/usr/bin/mdeltree
/usr/bin/mdir
/usr/bin/mdoctorfat
/usr/bin/mdu
/usr/bin/mformat
/usr/bin/minfo
/usr/bin/mlabel
/usr/bin/mmd
/usr/bin/mmount
/usr/bin/mmove
/usr/bin/mpartition
/usr/bin/mrd
/usr/bin/mren
/usr/bin/mtype
/usr/bin/mtoolstest
/usr/bin/mshortname
/usr/bin/mshowfat
/usr/bin/mbadblocks
/usr/bin/mzip
./mkinstalldirs /usr/bin
/usr/bin/install -c mkmanifest /usr/bin/mkmanifest
/usr/bin/mcheck
/usr/bin/mxtar
/usr/bin/uz
/usr/bin/tgz
/usr/bin/mcomp
/usr/bin/amuFormat.sh
rm -f /usr/bin/lz
cd /usr/bin && ln -s uz lz
./mkinstalldirs /usr/share/info
if test -f mtools.info; then \
  for i in mtools.info*; do \
    /usr/bin/install -c -m 644 $i /usr/share/info/$i; \
  done; \
else \
  for i in ./mtools.info*; do \
    /usr/bin/install -c -m 644 $i /usr/share/info/`echo $i | sed 's|^./||'`; \
  done; \
fi; \
if [ -n "/usr/bin/install-info" ] ; then \
	/usr/bin/install-info --info-dir=/usr/share/info /usr/share/info/mtools.info; \
fi
mtools/
mtools/usr/
mtools/usr/share/
mtools/usr/share/info/
mtools/usr/share/info/mtools.info
mtools/usr/share/info/dir
mtools/usr/share/man/
mtools/usr/share/man/man5/
mtools/usr/share/man/man5/mtools.5
mtools/usr/share/man/man1/
mtools/usr/share/man/man1/mdir.1
mtools/usr/share/man/man1/mlabel.1
mtools/usr/share/man/man1/mformat.1
mtools/usr/share/man/man1/mmount.1
mtools/usr/share/man/man1/mmd.1
mtools/usr/share/man/man1/mren.1
mtools/usr/share/man/man1/mkmanifest.1
mtools/usr/share/man/man1/mshowfat.1
mtools/usr/share/man/man1/mshortname.1
mtools/usr/share/man/man1/mtools.1
mtools/usr/share/man/man1/mtoolstest.1
mtools/usr/share/man/man1/mmove.1
mtools/usr/share/man/man1/mtype.1
mtools/usr/share/man/man1/mrd.1
mtools/usr/share/man/man1/mdoctorfat.1
mtools/usr/share/man/man1/mattrib.1
mtools/usr/share/man/man1/mcopy.1
mtools/usr/share/man/man1/mpartition.1
mtools/usr/share/man/man1/minfo.1
mtools/usr/share/man/man1/floppyd.1
mtools/usr/share/man/man1/mdu.1
mtools/usr/share/man/man1/mbadblocks.1
mtools/usr/share/man/man1/mzip.1
mtools/usr/share/man/man1/mcd.1
mtools/usr/share/man/man1/mdeltree.1
mtools/usr/share/man/man1/mcat.1
mtools/usr/share/man/man1/floppyd_installtest.1
mtools/usr/share/man/man1/mdel.1
mtools/usr/bin/
mtools/usr/bin/mdu
mtools/usr/bin/lz
mtools/usr/bin/mtype
mtools/usr/bin/mpartition
mtools/usr/bin/mdoctorfat
mtools/usr/bin/mmove
mtools/usr/bin/mkmanifest
mtools/usr/bin/mrd
mtools/usr/bin/mdel
mtools/usr/bin/mzip
mtools/usr/bin/floppyd
mtools/usr/bin/mmd
mtools/usr/bin/mtools
mtools/usr/bin/mren
mtools/usr/bin/mformat
mtools/usr/bin/mcopy
mtools/usr/bin/tgz
mtools/usr/bin/floppyd_installtest
mtools/usr/bin/mcat
mtools/usr/bin/uz
mtools/usr/bin/mcd
mtools/usr/bin/mxtar
mtools/usr/bin/minfo
mtools/usr/bin/mtoolstest
mtools/usr/bin/mshortname
mtools/usr/bin/amuFormat.sh
mtools/usr/bin/mdir
mtools/usr/bin/mcomp
mtools/usr/bin/mattrib
mtools/usr/bin/mbadblocks
mtools/usr/bin/mdeltree
mtools/usr/bin/mlabel
mtools/usr/bin/mcheck
mtools/usr/bin/mshowfat
mtools/usr/bin/mmount
mtools/version
mtools/depends
