--2025-06-12 07:27:58--  https://registry.npmjs.org/acorn/-/acorn-8.11.3.tgz
Resolving registry.npmjs.org (registry.npmjs.org)... 2606:4700::6810:323, 2606:4700::6810:1c22, 2606:4700::6810:1f22, ...
Connecting to registry.npmjs.org (registry.npmjs.org)|2606:4700::6810:323|:443... connected.
HTTP request sent, awaiting response... 200 OK
Length: 125841 (123K) [application/octet-stream]
Saving to: 'acorn-8.11.3.tgz'

     0K .......... .......... .......... .......... .......... 40% 57.1M 0s
    50K .......... .......... .......... .......... .......... 81% 4.45M 0s
   100K .......... .......... ..                              100% 7.06M=0.01s

2025-06-12 07:27:59 (8.00 MB/s) - 'acorn-8.11.3.tgz' saved [125841/125841]


added 1 package in 241ms
acorn/
acorn/usr/
acorn/usr/share/
acorn/usr/share/licenses/
acorn/usr/share/licenses/acorn/
acorn/usr/share/licenses/acorn/LICENSE
acorn/usr/lib/
acorn/usr/lib/node_modules/
acorn/usr/lib/node_modules/acorn/
acorn/usr/lib/node_modules/acorn/LICENSE
acorn/usr/lib/node_modules/acorn/CHANGELOG.md
acorn/usr/lib/node_modules/acorn/dist/
acorn/usr/lib/node_modules/acorn/dist/bin.js
acorn/usr/lib/node_modules/acorn/dist/acorn.mjs
acorn/usr/lib/node_modules/acorn/dist/acorn.js
acorn/usr/lib/node_modules/acorn/dist/acorn.d.mts
acorn/usr/lib/node_modules/acorn/dist/acorn.d.ts
acorn/usr/lib/node_modules/acorn/bin/
acorn/usr/lib/node_modules/acorn/bin/acorn
acorn/usr/lib/node_modules/acorn/README.md
acorn/usr/lib/node_modules/acorn/package.json
acorn/usr/bin/
acorn/usr/bin/acorn
acorn/version
acorn/depends
acorn/make-depends
