--2025-06-12 07:22:47--  https://dl.winehq.org/vkd3d/source/vkd3d-1.16.tar.xz
Resolving dl.winehq.org (dl.winehq.org)... 2a04:4e42::729, 2a04:4e42:200::729, 2a04:4e42:400::729, ...
Connecting to dl.winehq.org (dl.winehq.org)|2a04:4e42::729|:443... connected.
HTTP request sent, awaiting response... 200 OK
Length: 1331248 (1.3M) [application/x-tar]
Saving to: 'vkd3d-1.16.tar.xz'

     0K .......... .......... .......... .......... ..........  3% 6.86M 0s
    50K .......... .......... .......... .......... ..........  7% 13.8M 0s
   100K .......... .......... .......... .......... .......... 11% 11.6M 0s
   150K .......... .......... .......... .......... .......... 15% 39.1M 0s
   200K .......... .......... .......... .......... .......... 19% 19.9M 0s
   250K .......... .......... .......... .......... .......... 23%  122M 0s
   300K .......... .......... .......... .......... .......... 26% 13.4M 0s
   350K .......... .......... .......... .......... .......... 30% 72.7M 0s
   400K .......... .......... .......... .......... .......... 34%  117M 0s
   450K .......... .......... .......... .......... .......... 38% 68.3M 0s
   500K .......... .......... .......... .......... .......... 42%  105M 0s
   550K .......... .......... .......... .......... .......... 46% 27.7M 0s
   600K .......... .......... .......... .......... .......... 49%  104M 0s
   650K .......... .......... .......... .......... .......... 53%  118M 0s
   700K .......... .......... .......... .......... .......... 57%  119M 0s
   750K .......... .......... .......... .......... .......... 61% 16.9M 0s
   800K .......... .......... .......... .......... .......... 65%  118M 0s
   850K .......... .......... .......... .......... .......... 69%  118M 0s
   900K .......... .......... .......... .......... .......... 73%  117M 0s
   950K .......... .......... .......... .......... .......... 76%  118M 0s
  1000K .......... .......... .......... .......... .......... 80%  112M 0s
  1050K .......... .......... .......... .......... .......... 84%  111M 0s
  1100K .......... .......... .......... .......... .......... 88%  118M 0s
  1150K .......... .......... .......... .......... .......... 92% 86.0M 0s
  1200K .......... .......... .......... .......... .......... 96%  105M 0s
  1250K .......... .......... .......... .......... .......... 99%  158M 0s
  1300K                                                       100% 89.4G=0.04s

2025-06-12 07:22:47 (36.1 MB/s) - 'vkd3d-1.16.tar.xz' saved [1331248/1331248]

vkd3d-1.16/
vkd3d-1.16/configure
vkd3d-1.16/Makefile.am
vkd3d-1.16/bin/
vkd3d-1.16/bin/compile
vkd3d-1.16/bin/missing
vkd3d-1.16/bin/test-driver
vkd3d-1.16/bin/install-sh
vkd3d-1.16/bin/ar-lib
vkd3d-1.16/bin/ltmain.sh
vkd3d-1.16/bin/config.guess
vkd3d-1.16/bin/config.sub
vkd3d-1.16/bin/depcomp
vkd3d-1.16/include/
vkd3d-1.16/include/vkd3d_dxgi.idl
vkd3d-1.16/include/vkd3d_d3dcommon.h
vkd3d-1.16/include/vkd3d_windows.h
vkd3d-1.16/include/vkd3d_dxgi1_3.idl
vkd3d-1.16/include/vkd3d_d3d12sdklayers.idl
vkd3d-1.16/include/vkd3d_dxgitype.h
vkd3d-1.16/include/vkd3d_dxgi1_2.h
vkd3d-1.16/include/vkd3d_dxgi1_3.h
vkd3d-1.16/include/vkd3d_dxgi1_2.idl
vkd3d-1.16/include/vkd3d_dxgibase.idl
vkd3d-1.16/include/vkd3d_dxgi1_4.h
vkd3d-1.16/include/vkd3d.h
vkd3d-1.16/include/vkd3d_d3dcommon.idl
vkd3d-1.16/include/vkd3d_dxgibase.h
vkd3d-1.16/include/vkd3d_dxgiformat.idl
vkd3d-1.16/include/vkd3d_shader.h
vkd3d-1.16/include/vkd3d_dxgitype.idl
vkd3d-1.16/include/vkd3d_d3d12shader.idl
vkd3d-1.16/include/vkd3d_unknown.idl
vkd3d-1.16/include/vkd3d_d3dx9shader.h
vkd3d-1.16/include/vkd3d_d3d12sdklayers.h
vkd3d-1.16/include/private/
vkd3d-1.16/include/private/vkd3d_common.h
vkd3d-1.16/include/private/quartzcore.json
vkd3d-1.16/include/private/spirv.core.grammar.json
vkd3d-1.16/include/private/vkd3d_memory.h
vkd3d-1.16/include/private/foundation.json
vkd3d-1.16/include/private/vkd3d_utf8.h
vkd3d-1.16/include/private/appkit.json
vkd3d-1.16/include/private/spirv_grammar.h
vkd3d-1.16/include/private/vkd3d_shader_utils.h
vkd3d-1.16/include/private/vkd3d_test.h
vkd3d-1.16/include/private/rbtree.h
vkd3d-1.16/include/private/vkd3d_blob.h
vkd3d-1.16/include/private/list.h
vkd3d-1.16/include/vkd3d_utils.h
vkd3d-1.16/include/vkd3d_dxgi.h
vkd3d-1.16/include/vkd3d_dxgiformat.h
vkd3d-1.16/include/vkd3d_types.h
vkd3d-1.16/include/vkd3d_dxgi1_4.idl
vkd3d-1.16/include/vkd3d_d3dx9shader.idl
vkd3d-1.16/include/vkd3d_d3d12shader.h
vkd3d-1.16/include/vkd3d_d3d12.h
vkd3d-1.16/include/vkd3d_d3dcompiler.h
vkd3d-1.16/include/config.h.in
vkd3d-1.16/include/vkd3d_d3d9types.h
vkd3d-1.16/include/vkd3d_d3d12.idl
vkd3d-1.16/include/vkd3d_d3dcompiler_types.h
vkd3d-1.16/ANNOUNCE
vkd3d-1.16/COPYING
vkd3d-1.16/aclocal.m4
vkd3d-1.16/libs/
vkd3d-1.16/libs/vkd3d/
vkd3d-1.16/libs/vkd3d/state.c
vkd3d-1.16/libs/vkd3d/utils.c
vkd3d-1.16/libs/vkd3d/device.c
vkd3d-1.16/libs/vkd3d/vkd3d_private.h
vkd3d-1.16/libs/vkd3d/vkd3d.map
vkd3d-1.16/libs/vkd3d/resource.c
vkd3d-1.16/libs/vkd3d/vkd3d_main.c
vkd3d-1.16/libs/vkd3d/command.c
vkd3d-1.16/libs/vkd3d/vulkan_procs.h
vkd3d-1.16/libs/vkd3d/cache.c
vkd3d-1.16/libs/vkd3d/vkd3d_shaders.h
vkd3d-1.16/libs/vkd3d/libvkd3d.pc.in
vkd3d-1.16/libs/vkd3d-utils/
vkd3d-1.16/libs/vkd3d-utils/reflection.c
vkd3d-1.16/libs/vkd3d-utils/vkd3d_utils_main.c
vkd3d-1.16/libs/vkd3d-utils/libvkd3d-utils.pc.in
vkd3d-1.16/libs/vkd3d-utils/vkd3d_utils.map
vkd3d-1.16/libs/vkd3d-utils/vkd3d_utils_private.h
vkd3d-1.16/libs/vkd3d-common/
vkd3d-1.16/libs/vkd3d-common/blob.c
vkd3d-1.16/libs/vkd3d-common/utf8.c
vkd3d-1.16/libs/vkd3d-common/debug.c
vkd3d-1.16/libs/vkd3d-common/error.c
vkd3d-1.16/libs/vkd3d-common/memory.c
vkd3d-1.16/libs/vkd3d-shader/
vkd3d-1.16/libs/vkd3d-shader/dxil.c
vkd3d-1.16/libs/vkd3d-shader/dxbc.c
vkd3d-1.16/libs/vkd3d-shader/glsl.c
vkd3d-1.16/libs/vkd3d-shader/spirv.c
vkd3d-1.16/libs/vkd3d-shader/checksum.c
vkd3d-1.16/libs/vkd3d-shader/libvkd3d-shader.pc.in
vkd3d-1.16/libs/vkd3d-shader/preproc.y
vkd3d-1.16/libs/vkd3d-shader/hlsl.l
vkd3d-1.16/libs/vkd3d-shader/msl.c
vkd3d-1.16/libs/vkd3d-shader/tpf.c
vkd3d-1.16/libs/vkd3d-shader/hlsl.y
vkd3d-1.16/libs/vkd3d-shader/vkd3d_shader_private.h
vkd3d-1.16/libs/vkd3d-shader/ir.c
vkd3d-1.16/libs/vkd3d-shader/vkd3d_shader_main.c
vkd3d-1.16/libs/vkd3d-shader/make_spirv
vkd3d-1.16/libs/vkd3d-shader/fx.c
vkd3d-1.16/libs/vkd3d-shader/hlsl_constant_ops.c
vkd3d-1.16/libs/vkd3d-shader/d3d_asm.c
vkd3d-1.16/libs/vkd3d-shader/preproc.h
vkd3d-1.16/libs/vkd3d-shader/hlsl_codegen.c
vkd3d-1.16/libs/vkd3d-shader/hlsl.c
vkd3d-1.16/libs/vkd3d-shader/hlsl.h
vkd3d-1.16/libs/vkd3d-shader/d3dbc.c
vkd3d-1.16/libs/vkd3d-shader/preproc.l
vkd3d-1.16/libs/vkd3d-shader/vkd3d_shader.map
vkd3d-1.16/ChangeLog.md
vkd3d-1.16/crosslibs/
vkd3d-1.16/crosslibs/d3d12.cross64.def
vkd3d-1.16/crosslibs/d3d12.cross32.def
vkd3d-1.16/README
vkd3d-1.16/configure.ac
vkd3d-1.16/m4/
vkd3d-1.16/m4/ltoptions.m4
vkd3d-1.16/m4/check-soname.m4
vkd3d-1.16/m4/widl.m4
vkd3d-1.16/m4/check-vulkan.m4
vkd3d-1.16/m4/check-mingw-prog.m4
vkd3d-1.16/m4/ld-version-script.m4
vkd3d-1.16/m4/check-cflags.m4
vkd3d-1.16/m4/libtool.m4
vkd3d-1.16/m4/vulkan.m4
vkd3d-1.16/m4/check-pthread.m4
vkd3d-1.16/m4/ltversion.m4
vkd3d-1.16/m4/check-functions.m4
vkd3d-1.16/m4/ax_compare_version.m4
vkd3d-1.16/m4/ax_prog_doxygen.m4
vkd3d-1.16/m4/ltsugar.m4
vkd3d-1.16/m4/lt~obsolete.m4
vkd3d-1.16/m4/check-perl-module.m4
vkd3d-1.16/LICENSE
vkd3d-1.16/AUTHORS
vkd3d-1.16/tests/
vkd3d-1.16/tests/preproc-if.shader_test
vkd3d-1.16/tests/vkd3d_shader_api.c
vkd3d-1.16/tests/driver.c
vkd3d-1.16/tests/preproc-invalid.shader_test
vkd3d-1.16/tests/dxcompiler.idl
vkd3d-1.16/tests/vkd3d_common.c
vkd3d-1.16/tests/shader_runner_d3d9.c
vkd3d-1.16/tests/vulkan_utils.h
vkd3d-1.16/tests/d3d12_crosstest.h
vkd3d-1.16/tests/preproc-macro.shader_test
vkd3d-1.16/tests/shader_runner_vulkan.c
vkd3d-1.16/tests/d3d12_invalid_usage.c
vkd3d-1.16/tests/preproc-misc.shader_test
vkd3d-1.16/tests/hlsl_d3d12.c
vkd3d-1.16/tests/shader_runner_metal.m
vkd3d-1.16/tests/preproc-ifdef.shader_test
vkd3d-1.16/tests/shader_runner_gl.c
vkd3d-1.16/tests/dxcompiler.h
vkd3d-1.16/tests/test-driver.sh
vkd3d-1.16/tests/shader_runner_d3d12.c
vkd3d-1.16/tests/shader_runner.h
vkd3d-1.16/tests/d3d12_test_utils.h
vkd3d-1.16/tests/vkd3d_api.c
vkd3d-1.16/tests/shader_runner_d3d11.c
vkd3d-1.16/tests/preproc-if-expr.shader_test
vkd3d-1.16/tests/hlsl/
vkd3d-1.16/tests/hlsl/texture-load-offset.shader_test
vkd3d-1.16/tests/hlsl/effect-variables-fx_4_1.shader_test
vkd3d-1.16/tests/hlsl/shader-interstage-interface.shader_test
vkd3d-1.16/tests/hlsl/function-overload.shader_test
vkd3d-1.16/tests/hlsl/uniform-parameters.shader_test
vkd3d-1.16/tests/hlsl/for.shader_test
vkd3d-1.16/tests/hlsl/array-parameters.shader_test
vkd3d-1.16/tests/hlsl/effect-initial-values-fx_4.shader_test
vkd3d-1.16/tests/hlsl/barriers.shader_test
vkd3d-1.16/tests/hlsl/clip-planes.shader_test
vkd3d-1.16/tests/hlsl/null.shader_test
vkd3d-1.16/tests/hlsl/array-size-expr.shader_test
vkd3d-1.16/tests/hlsl/cast-to-int.shader_test
vkd3d-1.16/tests/hlsl/conditional.shader_test
vkd3d-1.16/tests/hlsl/shade-mode.shader_test
vkd3d-1.16/tests/hlsl/uav-out-param.shader_test
vkd3d-1.16/tests/hlsl/writemask-assignop-1.shader_test
vkd3d-1.16/tests/hlsl/loop.shader_test
vkd3d-1.16/tests/hlsl/strings.shader_test
vkd3d-1.16/tests/hlsl/uav-rwbyteaddressbuffer.shader_test
vkd3d-1.16/tests/hlsl/arithmetic-float-uniform.shader_test
vkd3d-1.16/tests/hlsl/uniform-semantics.shader_test
vkd3d-1.16/tests/hlsl/vector-indexing.shader_test
vkd3d-1.16/tests/hlsl/unsigned.shader_test
vkd3d-1.16/tests/hlsl/fmod.shader_test
vkd3d-1.16/tests/hlsl/numthreads.shader_test
vkd3d-1.16/tests/hlsl/ffp-point-size.shader_test
vkd3d-1.16/tests/hlsl/cf-cond-types.shader_test
vkd3d-1.16/tests/hlsl/return.shader_test
vkd3d-1.16/tests/hlsl/asint.shader_test
vkd3d-1.16/tests/hlsl/function-return.shader_test
vkd3d-1.16/tests/hlsl/initializer-static-array.shader_test
vkd3d-1.16/tests/hlsl/single-numeric-initializer.shader_test
vkd3d-1.16/tests/hlsl/hard-copy-prop.shader_test
vkd3d-1.16/tests/hlsl/effect-variables-fx_4.shader_test
vkd3d-1.16/tests/hlsl/cast-to-float.shader_test
vkd3d-1.16/tests/hlsl/initializer-local-array.shader_test
vkd3d-1.16/tests/hlsl/gather-offset.shader_test
vkd3d-1.16/tests/hlsl/rt-format-mismatch.shader_test
vkd3d-1.16/tests/hlsl/reflect.shader_test
vkd3d-1.16/tests/hlsl/geometry-shader-syntax.shader_test
vkd3d-1.16/tests/hlsl/effect-annotations-fx_2.shader_test
vkd3d-1.16/tests/hlsl/cast-64-bit.shader_test
vkd3d-1.16/tests/hlsl/function.shader_test
vkd3d-1.16/tests/hlsl/nested-arrays.shader_test
vkd3d-1.16/tests/hlsl/struct-semantics.shader_test
vkd3d-1.16/tests/hlsl/length-property.shader_test
vkd3d-1.16/tests/hlsl/effect-technique-fx_4.shader_test
vkd3d-1.16/tests/hlsl/hull-shader-syntax.shader_test
vkd3d-1.16/tests/hlsl/attributes.shader_test
vkd3d-1.16/tests/hlsl/ternary.shader_test
vkd3d-1.16/tests/hlsl/half.shader_test
vkd3d-1.16/tests/hlsl/sample-bias.shader_test
vkd3d-1.16/tests/hlsl/patch-syntax.shader_test
vkd3d-1.16/tests/hlsl/alpha-test.shader_test
vkd3d-1.16/tests/hlsl/effect-annotations-fx_4.shader_test
vkd3d-1.16/tests/hlsl/wave-reconvergence.shader_test
vkd3d-1.16/tests/hlsl/uav-rwbuffer.shader_test
vkd3d-1.16/tests/hlsl/get-sample-pos.shader_test
vkd3d-1.16/tests/hlsl/cast-broadcast.shader_test
vkd3d-1.16/tests/hlsl/sqrt.shader_test
vkd3d-1.16/tests/hlsl/inverse-trig.shader_test
vkd3d-1.16/tests/hlsl/tgsm.shader_test
vkd3d-1.16/tests/hlsl/trunc.shader_test
vkd3d-1.16/tests/hlsl/lit.shader_test
vkd3d-1.16/tests/hlsl/lerp.shader_test
vkd3d-1.16/tests/hlsl/arithmetic-float.shader_test
vkd3d-1.16/tests/hlsl/srv-buffers.shader_test
vkd3d-1.16/tests/hlsl/rcp.shader_test
vkd3d-1.16/tests/hlsl/smoothstep.shader_test
vkd3d-1.16/tests/hlsl/invalid.shader_test
vkd3d-1.16/tests/hlsl/rasteriser-ordered-views.shader_test
vkd3d-1.16/tests/hlsl/scope.shader_test
vkd3d-1.16/tests/hlsl/initializer-matrix.shader_test
vkd3d-1.16/tests/hlsl/round.shader_test
vkd3d-1.16/tests/hlsl/hull-shader-attributes.shader_test
vkd3d-1.16/tests/hlsl/swizzle-constant-prop.shader_test
vkd3d-1.16/tests/hlsl/swizzles.shader_test
vkd3d-1.16/tests/hlsl/array-dimension.shader_test
vkd3d-1.16/tests/hlsl/unbounded-array-5.1.shader_test
vkd3d-1.16/tests/hlsl/exp.shader_test
vkd3d-1.16/tests/hlsl/tessellation.shader_test
vkd3d-1.16/tests/hlsl/struct-syntax.shader_test
vkd3d-1.16/tests/hlsl/clip-cull-distance.shader_test
vkd3d-1.16/tests/hlsl/cast-componentwise-compatible.shader_test
vkd3d-1.16/tests/hlsl/default-values.shader_test
vkd3d-1.16/tests/hlsl/lhs-partial-assignment.shader_test
vkd3d-1.16/tests/hlsl/object-parameters.shader_test
vkd3d-1.16/tests/hlsl/comma.shader_test
vkd3d-1.16/tests/hlsl/uav-counter.shader_test
vkd3d-1.16/tests/hlsl/combined-samplers.shader_test
vkd3d-1.16/tests/hlsl/gather-cmp.shader_test
vkd3d-1.16/tests/hlsl/initializer-numeric.shader_test
vkd3d-1.16/tests/hlsl/constructgswithso.shader_test
vkd3d-1.16/tests/hlsl/discard.shader_test
vkd3d-1.16/tests/hlsl/gather.shader_test
vkd3d-1.16/tests/hlsl/effect-variables-fx_5.shader_test
vkd3d-1.16/tests/hlsl/numeric-constructor-truncation.shader_test
vkd3d-1.16/tests/hlsl/fwidth.shader_test
vkd3d-1.16/tests/hlsl/instance-id.shader_test
vkd3d-1.16/tests/hlsl/dot.shader_test
vkd3d-1.16/tests/hlsl/uav-rwtexture.shader_test
vkd3d-1.16/tests/hlsl/writemask-assignop-0.shader_test
vkd3d-1.16/tests/hlsl/cbuffer.shader_test
vkd3d-1.16/tests/hlsl/uav-atomics.shader_test
vkd3d-1.16/tests/hlsl/nointerpolation.shader_test
vkd3d-1.16/tests/hlsl/minimum-precision.shader_test
vkd3d-1.16/tests/hlsl/register-reservations-resources.shader_test
vkd3d-1.16/tests/hlsl/pointer-cast.shader_test
vkd3d-1.16/tests/hlsl/uav-rwstructuredbuffer.shader_test
vkd3d-1.16/tests/hlsl/numeric-types.shader_test
vkd3d-1.16/tests/hlsl/effect-assignments-fx_5.shader_test
vkd3d-1.16/tests/hlsl/length.shader_test
vkd3d-1.16/tests/hlsl/modf.shader_test
vkd3d-1.16/tests/hlsl/math.shader_test
vkd3d-1.16/tests/hlsl/sample-cmp.shader_test
vkd3d-1.16/tests/hlsl/effect-variables-fx_2.shader_test
vkd3d-1.16/tests/hlsl/vector-indexing-uniform.shader_test
vkd3d-1.16/tests/hlsl/object-field-offsets.shader_test
vkd3d-1.16/tests/hlsl/effect-technique-fx_2.shader_test
vkd3d-1.16/tests/hlsl/floor.shader_test
vkd3d-1.16/tests/hlsl/sampler-offset.shader_test
vkd3d-1.16/tests/hlsl/point-sprite.shader_test
vkd3d-1.16/tests/hlsl/struct-array.shader_test
vkd3d-1.16/tests/hlsl/effect-shader-objects-fx_2.shader_test
vkd3d-1.16/tests/hlsl/texture-load.shader_test
vkd3d-1.16/tests/hlsl/clip.shader_test
vkd3d-1.16/tests/hlsl/initializer-multi.shader_test
vkd3d-1.16/tests/hlsl/initializer-flatten.shader_test
vkd3d-1.16/tests/hlsl/object-references.shader_test
vkd3d-1.16/tests/hlsl/log.shader_test
vkd3d-1.16/tests/hlsl/initializer-objects.shader_test
vkd3d-1.16/tests/hlsl/float-comparison.shader_test
vkd3d-1.16/tests/hlsl/coverage.shader_test
vkd3d-1.16/tests/hlsl/return-implicit-conversion.shader_test
vkd3d-1.16/tests/hlsl/swizzle-matrix.shader_test
vkd3d-1.16/tests/hlsl/d3dcolor-to-ubyte4.shader_test
vkd3d-1.16/tests/hlsl/asfloat.shader_test
vkd3d-1.16/tests/hlsl/function-cast.shader_test
vkd3d-1.16/tests/hlsl/sample-level.shader_test
vkd3d-1.16/tests/hlsl/storage-qualifiers.shader_test
vkd3d-1.16/tests/hlsl/sample-grad.shader_test
vkd3d-1.16/tests/hlsl/struct-inheritance.shader_test
vkd3d-1.16/tests/hlsl/sm1-const-folding.shader_test
vkd3d-1.16/tests/hlsl/interface-packing.shader_test
vkd3d-1.16/tests/hlsl/cross.shader_test
vkd3d-1.16/tests/hlsl/srv-structuredbuffer.shader_test
vkd3d-1.16/tests/hlsl/ldexp.shader_test
vkd3d-1.16/tests/hlsl/state-block-function-syntax.shader_test
vkd3d-1.16/tests/hlsl/wave-ops-uint.shader_test
vkd3d-1.16/tests/hlsl/type-names.shader_test
vkd3d-1.16/tests/hlsl/clamp.shader_test
vkd3d-1.16/tests/hlsl/multiple-rt.shader_test
vkd3d-1.16/tests/hlsl/rt-array-index.shader_test
vkd3d-1.16/tests/hlsl/unorm-snorm.shader_test
vkd3d-1.16/tests/hlsl/effect-technique-fx_5.shader_test
vkd3d-1.16/tests/hlsl/sampler-state.shader_test
vkd3d-1.16/tests/hlsl/arithmetic-int-uniform.shader_test
vkd3d-1.16/tests/hlsl/sampler.shader_test
vkd3d-1.16/tests/hlsl/f16tof32.shader_test
vkd3d-1.16/tests/hlsl/load-level.shader_test
vkd3d-1.16/tests/hlsl/register-reservations-profile.shader_test
vkd3d-1.16/tests/hlsl/intrinsic-override.shader_test
vkd3d-1.16/tests/hlsl/depth-out.shader_test
vkd3d-1.16/tests/hlsl/saturate.shader_test
vkd3d-1.16/tests/hlsl/register-reservations-space.shader_test
vkd3d-1.16/tests/hlsl/writemask-assignop-3.shader_test
vkd3d-1.16/tests/hlsl/lhs-cast.shader_test
vkd3d-1.16/tests/hlsl/sm6-uav-rwtexture.shader_test
vkd3d-1.16/tests/hlsl/state-block-syntax.shader_test
vkd3d-1.16/tests/hlsl/angle-unit.shader_test
vkd3d-1.16/tests/hlsl/sm6-ternary.shader_test
vkd3d-1.16/tests/hlsl/normalize.shader_test
vkd3d-1.16/tests/hlsl/bitwise-assignment.shader_test
vkd3d-1.16/tests/hlsl/bool-cast.shader_test
vkd3d-1.16/tests/hlsl/mul.shader_test
vkd3d-1.16/tests/hlsl/static-initializer.shader_test
vkd3d-1.16/tests/hlsl/expr-indexing.shader_test
vkd3d-1.16/tests/hlsl/geometry.shader_test
vkd3d-1.16/tests/hlsl/effect-initial-values-fx_2.shader_test
vkd3d-1.16/tests/hlsl/distance.shader_test
vkd3d-1.16/tests/hlsl/matrix-indexing.shader_test
vkd3d-1.16/tests/hlsl/trigonometry.shader_test
vkd3d-1.16/tests/hlsl/const.shader_test
vkd3d-1.16/tests/hlsl/matrix-semantics.shader_test
vkd3d-1.16/tests/hlsl/majority-typedef.shader_test
vkd3d-1.16/tests/hlsl/struct-assignment.shader_test
vkd3d-1.16/tests/hlsl/uav-load.shader_test
vkd3d-1.16/tests/hlsl/majority-pragma.shader_test
vkd3d-1.16/tests/hlsl/max-min.shader_test
vkd3d-1.16/tests/hlsl/frac.shader_test
vkd3d-1.16/tests/hlsl/shape.shader_test
vkd3d-1.16/tests/hlsl/effect-compile.shader_test
vkd3d-1.16/tests/hlsl/wave-ops-float.shader_test
vkd3d-1.16/tests/hlsl/unroll.shader_test
vkd3d-1.16/tests/hlsl/faceforward.shader_test
vkd3d-1.16/tests/hlsl/determinant.shader_test
vkd3d-1.16/tests/hlsl/sign.shader_test
vkd3d-1.16/tests/hlsl/eval-attrib.shader_test
vkd3d-1.16/tests/hlsl/writemask-assignop-2.shader_test
vkd3d-1.16/tests/hlsl/texture-load-typed.shader_test
vkd3d-1.16/tests/hlsl/srv-byteaddressbuffer.shader_test
vkd3d-1.16/tests/hlsl/sm1-const-allocation.shader_test
vkd3d-1.16/tests/hlsl/bool-semantics.shader_test
vkd3d-1.16/tests/hlsl/precise-modifier.shader_test
vkd3d-1.16/tests/hlsl/entry-point-semantics.shader_test
vkd3d-1.16/tests/hlsl/abs.shader_test
vkd3d-1.16/tests/hlsl/ddxddy.shader_test
vkd3d-1.16/tests/hlsl/is-front-face.shader_test
vkd3d-1.16/tests/hlsl/fog.shader_test
vkd3d-1.16/tests/hlsl/arithmetic-int.shader_test
vkd3d-1.16/tests/hlsl/ceil.shader_test
vkd3d-1.16/tests/hlsl/calculate-lod.shader_test
vkd3d-1.16/tests/hlsl/logic-operations.shader_test
vkd3d-1.16/tests/hlsl/duplicate-modifiers.shader_test
vkd3d-1.16/tests/hlsl/initializer-nested.shader_test
vkd3d-1.16/tests/hlsl/pixel-position.shader_test
vkd3d-1.16/tests/hlsl/cast-to-uint.shader_test
vkd3d-1.16/tests/hlsl/shader-point-size.shader_test
vkd3d-1.16/tests/hlsl/isinf.shader_test
vkd3d-1.16/tests/hlsl/early-depth-stencil.shader_test
vkd3d-1.16/tests/hlsl/cast-to-half.shader_test
vkd3d-1.16/tests/hlsl/register-reservations-numeric.shader_test
vkd3d-1.16/tests/hlsl/f32tof16.shader_test
vkd3d-1.16/tests/hlsl/initializer-struct.shader_test
vkd3d-1.16/tests/hlsl/effect-pass-states-fx_5.shader_test
vkd3d-1.16/tests/hlsl/switch.shader_test
vkd3d-1.16/tests/hlsl/any.shader_test
vkd3d-1.16/tests/hlsl/transpose.shader_test
vkd3d-1.16/tests/hlsl/asuint.shader_test
vkd3d-1.16/tests/hlsl/non-const-indexing.shader_test
vkd3d-1.16/tests/hlsl/refract.shader_test
vkd3d-1.16/tests/hlsl/effect-shader-objects-fx_5.shader_test
vkd3d-1.16/tests/hlsl/texture-ordering.shader_test
vkd3d-1.16/tests/hlsl/initializer-implicit-array.shader_test
vkd3d-1.16/tests/hlsl/sm1-interstage-interface.shader_test
vkd3d-1.16/tests/hlsl/majority-syntax.shader_test
vkd3d-1.16/tests/hlsl/rt-get-sample-info.shader_test
vkd3d-1.16/tests/hlsl/pow.shader_test
vkd3d-1.16/tests/hlsl/vertex-shader-ops.shader_test
vkd3d-1.16/tests/hlsl/compute.shader_test
vkd3d-1.16/tests/hlsl/side-effects.shader_test
vkd3d-1.16/tests/hlsl/bitwise.shader_test
vkd3d-1.16/tests/hlsl/fxgroup-syntax.shader_test
vkd3d-1.16/tests/hlsl/arithmetic-uint.shader_test
vkd3d-1.16/tests/hlsl/effect-pass-states-fx_4.shader_test
vkd3d-1.16/tests/hlsl/getdimensions.shader_test
vkd3d-1.16/tests/hlsl/step.shader_test
vkd3d-1.16/tests/hlsl/tessellation-patch-vars.shader_test
vkd3d-1.16/tests/hlsl/depth-bounds.shader_test
vkd3d-1.16/tests/hlsl/initializer-invalid-arg-count.shader_test
vkd3d-1.16/tests/hlsl/uninitialized-varyings.shader_test
vkd3d-1.16/tests/hlsl/cast-componentwise-equal.shader_test
vkd3d-1.16/tests/hlsl/wave-ops-int.shader_test
vkd3d-1.16/tests/hlsl/all.shader_test
vkd3d-1.16/tests/shader_runner.c
vkd3d-1.16/tests/vulkan_procs.h
vkd3d-1.16/tests/d3d12.c
vkd3d-1.16/tests/utils.h
vkd3d-1.16/Doxyfile.in
vkd3d-1.16/Makefile.in
vkd3d-1.16/programs/
vkd3d-1.16/programs/vkd3d-dxbc/
vkd3d-1.16/programs/vkd3d-dxbc/main.c
vkd3d-1.16/programs/vkd3d-compiler/
vkd3d-1.16/programs/vkd3d-compiler/main.c
vkd3d-1.16/INSTALL
vkd3d-1.16/demos/
vkd3d-1.16/demos/demo_d3d12.h
vkd3d-1.16/demos/gears.hlsl
vkd3d-1.16/demos/demo_xcb.h
vkd3d-1.16/demos/demo_macos.h
vkd3d-1.16/demos/triangle.hlsl
vkd3d-1.16/demos/demo_vkd3d.h
vkd3d-1.16/demos/triangle.c
vkd3d-1.16/demos/demo_win32.h
vkd3d-1.16/demos/make_objc
vkd3d-1.16/demos/demo.h
vkd3d-1.16/demos/gears.c
checking for gcc... gcc
checking whether the C compiler works... yes
checking for C compiler default output file name... a.out
checking for suffix of executables... 
checking whether we are cross compiling... no
checking for suffix of object files... o
checking whether the compiler supports GNU C... yes
checking whether gcc accepts -g... yes
checking for gcc option to enable C11 features... none needed
checking whether gcc understands -c and -o together... yes
checking for stdio.h... yes
checking for stdlib.h... yes
checking for string.h... yes
checking for inttypes.h... yes
checking for stdint.h... yes
checking for strings.h... yes
checking for sys/stat.h... yes
checking for sys/types.h... yes
checking for unistd.h... yes
checking for wchar.h... yes
checking for minix/config.h... no
checking whether it is safe to define __EXTENSIONS__... yes
checking whether _XOPEN_SOURCE should be defined... no
checking for ar... ar
checking the archiver (ar) interface... ar
checking for gcc... (cached) gcc
checking whether the compiler supports GNU C... (cached) yes
checking whether gcc accepts -g... (cached) yes
checking for gcc option to enable C11 features... (cached) none needed
checking whether gcc understands -c and -o together... (cached) yes
checking for a sed that does not truncate output... /usr/bin/sed
checking for a race-free mkdir -p... /usr/bin/mkdir -p
checking for gawk... gawk
checking for widl... widl
checking whether widl version >= 3.21... yes (10.9)
checking for perl... perl
checking for perl module JSON... yes
checking for flex... flex
checking for bison... bison
checking for doxygen... no
configure: WARNING: doxygen not found - will not generate any doxygen documentation
checking for perl... /usr/bin/perl
checking for a BSD-compatible install... /usr/bin/install -c
checking whether sleep supports fractional seconds... yes
checking filesystem timestamp resolution... 0.01
checking whether build environment is sane... yes
checking whether make sets $(MAKE)... yes
checking whether make supports the include directive... yes (GNU style)
checking whether make supports nested variables... yes
checking xargs -n works... yes
checking dependency style of gcc... gcc3
checking whether to enable maintainer-specific portions of Makefiles... yes
checking build system type... x86_64-pc-linux-gnu
checking host system type... x86_64-pc-linux-gnu
checking how to print strings... printf
checking for a sed that does not truncate output... (cached) /usr/bin/sed
checking for grep that handles long lines and -e... /usr/bin/grep
checking for egrep... /usr/bin/grep -E
checking for fgrep... /usr/bin/grep -F
checking for ld used by gcc... /usr/bin/ld
checking if the linker (/usr/bin/ld) is GNU ld... yes
checking for BSD- or MS-compatible name lister (nm)... /usr/bin/nm -B
checking the name lister (/usr/bin/nm -B) interface... BSD nm
checking whether ln -s works... yes
checking the maximum length of command line arguments... 1572864
checking how to convert x86_64-pc-linux-gnu file names to x86_64-pc-linux-gnu format... func_convert_file_noop
checking how to convert x86_64-pc-linux-gnu file names to toolchain format... func_convert_file_noop
checking for /usr/bin/ld option to reload object files... -r
checking for file... file
checking for objdump... objdump
checking how to recognize dependent libraries... pass_all
checking for dlltool... no
checking how to associate runtime and link libraries... printf %s\n
checking for ranlib... ranlib
checking for archiver @FILE support... @
checking for strip... strip
checking command to parse /usr/bin/nm -B output from gcc object... ok
checking for sysroot... no
checking for a working dd... /usr/bin/dd
checking how to truncate binary pipes... /usr/bin/dd bs=4096 count=1
checking for mt... mt
checking if mt is a manifest tool... no
checking for dlfcn.h... yes
checking for objdir... .libs
checking if gcc supports -fno-rtti -fno-exceptions... no
checking for gcc option to produce PIC... -fPIC -DPIC
checking if gcc PIC flag -fPIC -DPIC works... yes
checking if gcc static flag -static works... yes
checking if gcc supports -c -o file.o... yes
checking if gcc supports -c -o file.o... (cached) yes
checking whether the gcc linker (/usr/bin/ld -m elf_x86_64) supports shared libraries... yes
checking whether -lc should be explicitly linked in... no
checking dynamic linker characteristics... GNU/Linux ld.so
checking how to hardcode library paths into programs... immediate
checking whether stripping libraries is possible... yes
checking if libtool supports shared libraries... yes
checking whether to build shared libraries... yes
checking whether to build static libraries... yes
checking if LD -Wl,--version-script works... yes
checking whether the compiler supports -std=c99... yes
checking whether the compiler supports -flto=auto... yes
checking whether the compiler supports -fvisibility=hidden... yes
checking whether the compiler supports -Wdeclaration-after-statement... yes
checking whether the compiler supports -Wempty-body... yes
checking whether the compiler supports -Wenum-conversion... yes
checking whether the compiler supports -Wimplicit-fallthrough... yes
checking whether the compiler supports -Winit-self... yes
checking whether the compiler supports -Wmissing-prototypes... yes
checking whether the compiler supports -Wpointer-arith... yes
checking whether the compiler supports -Wshadow... yes
checking whether the compiler supports -Wshift-overflow=2... yes
checking whether the compiler supports -Wtype-limits... yes
checking whether the compiler supports -Wunused-but-set-parameter... yes
checking whether the compiler supports -Wvla... yes
checking whether the compiler supports -Wwrite-strings... yes
checking whether the compiler supports -Wl,--no-undefined... yes
checking for i686-w64-mingw32-gcc... i686-w64-mingw32-gcc
checking whether i686-w64-mingw32-gcc works... yes
checking for x86_64-w64-mingw32-gcc... x86_64-w64-mingw32-gcc
checking whether x86_64-w64-mingw32-gcc works... yes
checking for dlfcn.h... (cached) yes
checking for vulkan/vulkan.h... yes
checking for vulkan/spirv.h... no
checking for vulkan/GLSL.std.450.h... no
checking for spirv/unified1/spirv.h... yes
checking for spirv/unified1/GLSL.std.450.h... yes
checking whether VK_HEADER_VERSION >= 228... yes
checking for gcc options needed to detect all undeclared functions... none needed
checking whether SpvCapabilityDemoteToHelperInvocationEXT is declared... yes
checking whether program_invocation_name is declared... yes
checking for pkg-config... /usr/bin/pkg-config
checking pkg-config is at least version 0.9.0... yes
checking for ceilf in -lm... yes
checking for dlopen in -ldl... yes
checking for pthread.h... yes
checking for pthread_create in -pthread... yes
checking for pthread_setname_np... yes
checking how many arguments pthread_set_np() takes... two
checking for ldd... /usr/bin/ldd
checking for otool... no
checking for readelf... readelf
checking for -lvulkan... libvulkan.so.1
checking for -ldxcompiler... not found
checking how to run the C preprocessor... gcc -E
checking for Metal... no
checking for ncurses... yes
checking for egl opengl... yes
checking for xcb xcb-event xcb-icccm xcb-keysyms... yes
checking for __builtin_clz... yes
checking for __builtin_popcount... yes
checking for __builtin_add_overflow... yes
checking for __sync_add_and_fetch... yes
checking for __sync_bool_compare_and_swap... yes
checking for __atomic_exchange_n... yes
checking for gettid... yes
checking for pthread_threadid_np... no
checking whether the compiler supports -fno-lto... yes
checking that generated files are newer than configure... done
configure: creating ./config.status
config.status: creating Doxyfile
config.status: creating Makefile
config.status: creating include/config.h
config.status: executing depfiles commands
config.status: executing libtool commands

  Configuration summary for vkd3d 1.16

  widl: widl

  Have dxcompiler: no
  Have Metal: no
  Have ncurses: yes
  Have OpenGL: yes
  Have SPIRV-Tools: no
  Have xcb: yes

  Building demos: no
  Building tests: yes
  Building documentation: no

  Cross-compiling tests: yes
    Using 32-bit cross compiler: i686-w64-mingw32-gcc
    Using 64-bit cross compiler: x86_64-w64-mingw32-gcc

  PERL     include/private/appkit.h
  PERL     include/private/foundation.h
  PERL     include/private/quartzcore.h
  BISON    libs/vkd3d-shader/hlsl.tab.h
  BISON    libs/vkd3d-shader/preproc.tab.h
make  all-am
make[1]: Entering directory '/blfs/builds/vkd3d-1.16'
  FLEX     libs/vkd3d-shader/hlsl.yy.c
  FLEX     libs/vkd3d-shader/preproc.yy.c
  GEN      libvkd3d.pc
  GEN      libvkd3d-shader.pc
  GEN      libvkd3d-utils.pc
  CC       programs/vkd3d-compiler/vkd3d_compiler-main.o
  CC       libs/vkd3d-shader/libvkd3d_shader_la-checksum.lo
  CC       libs/vkd3d-shader/libvkd3d_shader_la-d3d_asm.lo
  CC       libs/vkd3d-shader/libvkd3d_shader_la-d3dbc.lo
  CC       libs/vkd3d-shader/libvkd3d_shader_la-dxbc.lo
  CC       libs/vkd3d-shader/libvkd3d_shader_la-dxil.lo
  CC       libs/vkd3d-shader/libvkd3d_shader_la-fx.lo
  CC       libs/vkd3d-shader/libvkd3d_shader_la-glsl.lo
  CC       libs/vkd3d-shader/libvkd3d_shader_la-hlsl.lo
  CC       libs/vkd3d-shader/libvkd3d_shader_la-hlsl_codegen.lo
  CC       libs/vkd3d-shader/libvkd3d_shader_la-hlsl_constant_ops.lo
  CC       libs/vkd3d-shader/libvkd3d_shader_la-ir.lo
  CC       libs/vkd3d-shader/libvkd3d_shader_la-msl.lo
  CC       libs/vkd3d-shader/libvkd3d_shader_la-spirv.lo
  CC       libs/vkd3d-shader/libvkd3d_shader_la-tpf.lo
  CC       libs/vkd3d-shader/libvkd3d_shader_la-vkd3d_shader_main.lo
  CC       libs/vkd3d-shader/libvkd3d_shader_la-hlsl.tab.lo
  CC       libs/vkd3d-shader/libvkd3d_shader_la-hlsl.yy.lo
  CC       libs/vkd3d-shader/libvkd3d_shader_la-preproc.tab.lo
  CC       libs/vkd3d-shader/libvkd3d_shader_la-preproc.yy.lo
  CC       libs/vkd3d-common/blob.lo
  CC       libs/vkd3d-common/debug.lo
  CC       libs/vkd3d-common/error.lo
  CC       libs/vkd3d-common/memory.lo
  CC       libs/vkd3d-common/utf8.lo
  CC       programs/vkd3d-dxbc/vkd3d_dxbc-main.o
  CC       libs/vkd3d/libvkd3d_la-cache.lo
  CC       libs/vkd3d/libvkd3d_la-command.lo
  CC       libs/vkd3d/libvkd3d_la-device.lo
  CC       libs/vkd3d/libvkd3d_la-resource.lo
  CC       libs/vkd3d/libvkd3d_la-state.lo
  CC       libs/vkd3d/libvkd3d_la-utils.lo
  CC       libs/vkd3d/libvkd3d_la-vkd3d_main.lo
  CC       libs/vkd3d-utils/libvkd3d_utils_la-reflection.lo
  CC       libs/vkd3d-utils/libvkd3d_utils_la-vkd3d_utils_main.lo
  CCLD     libvkd3d-common.la
  CCLD     libvkd3d-shader.la
  CCLD     libvkd3d.la
  CCLD     vkd3d-compiler
  CCLD     vkd3d-dxbc
  CCLD     libvkd3d-utils.la
make[1]: Leaving directory '/blfs/builds/vkd3d-1.16'
make  install-am
make[1]: Entering directory '/blfs/builds/vkd3d-1.16'
make[2]: Entering directory '/blfs/builds/vkd3d-1.16'
 /usr/bin/mkdir -p '/pkgs/vkd3d/usr/lib'
 /bin/sh ./libtool   --mode=install /usr/bin/install -c   libvkd3d-shader.la libvkd3d.la libvkd3d-utils.la '/pkgs/vkd3d/usr/lib'
libtool: install: /usr/bin/install -c .libs/libvkd3d-shader.so.1.14.0 /pkgs/vkd3d/usr/lib/libvkd3d-shader.so.1.14.0
libtool: install: (cd /pkgs/vkd3d/usr/lib && { ln -s -f libvkd3d-shader.so.1.14.0 libvkd3d-shader.so.1 || { rm -f libvkd3d-shader.so.1 && ln -s libvkd3d-shader.so.1.14.0 libvkd3d-shader.so.1; }; })
libtool: install: (cd /pkgs/vkd3d/usr/lib && { ln -s -f libvkd3d-shader.so.1.14.0 libvkd3d-shader.so || { rm -f libvkd3d-shader.so && ln -s libvkd3d-shader.so.1.14.0 libvkd3d-shader.so; }; })
libtool: install: /usr/bin/install -c .libs/libvkd3d-shader.lai /pkgs/vkd3d/usr/lib/libvkd3d-shader.la
libtool: warning: relinking 'libvkd3d.la'
libtool: install: (cd /blfs/builds/vkd3d-1.16; /bin/sh "/blfs/builds/vkd3d-1.16/libtool"  --silent --tag CC --mode=relink gcc -Wall -pipe -D_WIN32_WINNT=0x0600 -std=c99 -flto=auto -fvisibility=hidden -Wdeclaration-after-statement -Wempty-body -Wenum-conversion -Wimplicit-fallthrough -Winit-self -Wmissing-prototypes -Wpointer-arith -Wshadow -Wshift-overflow=2 -Wtype-limits -Wunused-but-set-parameter -Wvla -Wwrite-strings -Wl,--no-undefined -DLIBVKD3D_SOURCE -O2 -no-undefined -version-info 17:0:16 -Wl,--version-script=./libs/vkd3d/vkd3d.map -o libvkd3d.la -rpath /usr/lib libs/vkd3d/libvkd3d_la-cache.lo libs/vkd3d/libvkd3d_la-command.lo libs/vkd3d/libvkd3d_la-device.lo libs/vkd3d/libvkd3d_la-resource.lo libs/vkd3d/libvkd3d_la-state.lo libs/vkd3d/libvkd3d_la-utils.lo libs/vkd3d/libvkd3d_la-vkd3d_main.lo libvkd3d-common.la libvkd3d-shader.la -ldl -pthread -lm -inst-prefix-dir /pkgs/vkd3d)
libtool: install: /usr/bin/install -c .libs/libvkd3d.so.1.16.0T /pkgs/vkd3d/usr/lib/libvkd3d.so.1.16.0
libtool: install: (cd /pkgs/vkd3d/usr/lib && { ln -s -f libvkd3d.so.1.16.0 libvkd3d.so.1 || { rm -f libvkd3d.so.1 && ln -s libvkd3d.so.1.16.0 libvkd3d.so.1; }; })
libtool: install: (cd /pkgs/vkd3d/usr/lib && { ln -s -f libvkd3d.so.1.16.0 libvkd3d.so || { rm -f libvkd3d.so && ln -s libvkd3d.so.1.16.0 libvkd3d.so; }; })
libtool: install: /usr/bin/install -c .libs/libvkd3d.lai /pkgs/vkd3d/usr/lib/libvkd3d.la
libtool: warning: relinking 'libvkd3d-utils.la'
libtool: install: (cd /blfs/builds/vkd3d-1.16; /bin/sh "/blfs/builds/vkd3d-1.16/libtool"  --silent --tag CC --mode=relink gcc -Wall -pipe -D_WIN32_WINNT=0x0600 -std=c99 -flto=auto -fvisibility=hidden -Wdeclaration-after-statement -Wempty-body -Wenum-conversion -Wimplicit-fallthrough -Winit-self -Wmissing-prototypes -Wpointer-arith -Wshadow -Wshift-overflow=2 -Wtype-limits -Wunused-but-set-parameter -Wvla -Wwrite-strings -Wl,--no-undefined -DLIBVKD3D_UTILS_SOURCE -O2 -no-undefined -version-info 7:2:6 -Wl,--version-script=./libs/vkd3d-utils/vkd3d_utils.map -o libvkd3d-utils.la -rpath /usr/lib libs/vkd3d-utils/libvkd3d_utils_la-reflection.lo libs/vkd3d-utils/libvkd3d_utils_la-vkd3d_utils_main.lo libvkd3d-common.la libvkd3d-shader.la libvkd3d.la -pthread -lm -inst-prefix-dir /pkgs/vkd3d)
libtool: install: /usr/bin/install -c .libs/libvkd3d-utils.so.1.6.2T /pkgs/vkd3d/usr/lib/libvkd3d-utils.so.1.6.2
libtool: install: (cd /pkgs/vkd3d/usr/lib && { ln -s -f libvkd3d-utils.so.1.6.2 libvkd3d-utils.so.1 || { rm -f libvkd3d-utils.so.1 && ln -s libvkd3d-utils.so.1.6.2 libvkd3d-utils.so.1; }; })
libtool: install: (cd /pkgs/vkd3d/usr/lib && { ln -s -f libvkd3d-utils.so.1.6.2 libvkd3d-utils.so || { rm -f libvkd3d-utils.so && ln -s libvkd3d-utils.so.1.6.2 libvkd3d-utils.so; }; })
libtool: install: /usr/bin/install -c .libs/libvkd3d-utils.lai /pkgs/vkd3d/usr/lib/libvkd3d-utils.la
libtool: install: /usr/bin/install -c .libs/libvkd3d-shader.a /pkgs/vkd3d/usr/lib/libvkd3d-shader.a
libtool: install: chmod 644 /pkgs/vkd3d/usr/lib/libvkd3d-shader.a
libtool: install: ranlib /pkgs/vkd3d/usr/lib/libvkd3d-shader.a
libtool: install: /usr/bin/install -c .libs/libvkd3d.a /pkgs/vkd3d/usr/lib/libvkd3d.a
libtool: install: chmod 644 /pkgs/vkd3d/usr/lib/libvkd3d.a
libtool: install: ranlib /pkgs/vkd3d/usr/lib/libvkd3d.a
libtool: install: /usr/bin/install -c .libs/libvkd3d-utils.a /pkgs/vkd3d/usr/lib/libvkd3d-utils.a
libtool: install: chmod 644 /pkgs/vkd3d/usr/lib/libvkd3d-utils.a
libtool: install: ranlib /pkgs/vkd3d/usr/lib/libvkd3d-utils.a
libtool: warning: remember to run 'libtool --finish /usr/lib'
 /usr/bin/mkdir -p '/pkgs/vkd3d/usr/bin'
  /bin/sh ./libtool   --mode=install /usr/bin/install -c vkd3d-compiler vkd3d-dxbc '/pkgs/vkd3d/usr/bin'
libtool: install: /usr/bin/install -c .libs/vkd3d-compiler /pkgs/vkd3d/usr/bin/vkd3d-compiler
libtool: install: /usr/bin/install -c .libs/vkd3d-dxbc /pkgs/vkd3d/usr/bin/vkd3d-dxbc
 /usr/bin/mkdir -p '/pkgs/vkd3d/usr/lib/pkgconfig'
 /usr/bin/install -c -m 644 libvkd3d.pc libvkd3d-shader.pc libvkd3d-utils.pc '/pkgs/vkd3d/usr/lib/pkgconfig'
 /usr/bin/mkdir -p '/pkgs/vkd3d/usr/include/vkd3d'
 /usr/bin/install -c -m 644 include/vkd3d.h include/vkd3d_d3d12.h include/vkd3d_d3d12sdklayers.h include/vkd3d_d3d12shader.h include/vkd3d_d3d9types.h include/vkd3d_d3dcommon.h include/vkd3d_d3dcompiler.h include/vkd3d_d3dcompiler_types.h include/vkd3d_d3dx9shader.h include/vkd3d_dxgibase.h include/vkd3d_dxgiformat.h include/vkd3d_shader.h include/vkd3d_types.h include/vkd3d_utils.h include/vkd3d_windows.h '/pkgs/vkd3d/usr/include/vkd3d'
make[2]: Leaving directory '/blfs/builds/vkd3d-1.16'
make[1]: Leaving directory '/blfs/builds/vkd3d-1.16'
make  install-am
make[1]: Entering directory '/blfs/builds/vkd3d-1.16'
make[2]: Entering directory '/blfs/builds/vkd3d-1.16'
 /usr/bin/mkdir -p '/usr/lib'
 /bin/sh ./libtool   --mode=install /usr/bin/install -c   libvkd3d-shader.la libvkd3d.la libvkd3d-utils.la '/usr/lib'
libtool: install: /usr/bin/install -c .libs/libvkd3d-shader.so.1.14.0 /usr/lib/libvkd3d-shader.so.1.14.0
libtool: install: (cd /usr/lib && { ln -s -f libvkd3d-shader.so.1.14.0 libvkd3d-shader.so.1 || { rm -f libvkd3d-shader.so.1 && ln -s libvkd3d-shader.so.1.14.0 libvkd3d-shader.so.1; }; })
libtool: install: (cd /usr/lib && { ln -s -f libvkd3d-shader.so.1.14.0 libvkd3d-shader.so || { rm -f libvkd3d-shader.so && ln -s libvkd3d-shader.so.1.14.0 libvkd3d-shader.so; }; })
libtool: install: /usr/bin/install -c .libs/libvkd3d-shader.lai /usr/lib/libvkd3d-shader.la
libtool: warning: relinking 'libvkd3d.la'
libtool: install: (cd /blfs/builds/vkd3d-1.16; /bin/sh "/blfs/builds/vkd3d-1.16/libtool"  --silent --tag CC --mode=relink gcc -Wall -pipe -D_WIN32_WINNT=0x0600 -std=c99 -flto=auto -fvisibility=hidden -Wdeclaration-after-statement -Wempty-body -Wenum-conversion -Wimplicit-fallthrough -Winit-self -Wmissing-prototypes -Wpointer-arith -Wshadow -Wshift-overflow=2 -Wtype-limits -Wunused-but-set-parameter -Wvla -Wwrite-strings -Wl,--no-undefined -DLIBVKD3D_SOURCE -O2 -no-undefined -version-info 17:0:16 -Wl,--version-script=./libs/vkd3d/vkd3d.map -o libvkd3d.la -rpath /usr/lib libs/vkd3d/libvkd3d_la-cache.lo libs/vkd3d/libvkd3d_la-command.lo libs/vkd3d/libvkd3d_la-device.lo libs/vkd3d/libvkd3d_la-resource.lo libs/vkd3d/libvkd3d_la-state.lo libs/vkd3d/libvkd3d_la-utils.lo libs/vkd3d/libvkd3d_la-vkd3d_main.lo libvkd3d-common.la libvkd3d-shader.la -ldl -pthread -lm )
libtool: install: /usr/bin/install -c .libs/libvkd3d.so.1.16.0T /usr/lib/libvkd3d.so.1.16.0
libtool: install: (cd /usr/lib && { ln -s -f libvkd3d.so.1.16.0 libvkd3d.so.1 || { rm -f libvkd3d.so.1 && ln -s libvkd3d.so.1.16.0 libvkd3d.so.1; }; })
libtool: install: (cd /usr/lib && { ln -s -f libvkd3d.so.1.16.0 libvkd3d.so || { rm -f libvkd3d.so && ln -s libvkd3d.so.1.16.0 libvkd3d.so; }; })
libtool: install: /usr/bin/install -c .libs/libvkd3d.lai /usr/lib/libvkd3d.la
libtool: warning: relinking 'libvkd3d-utils.la'
libtool: install: (cd /blfs/builds/vkd3d-1.16; /bin/sh "/blfs/builds/vkd3d-1.16/libtool"  --silent --tag CC --mode=relink gcc -Wall -pipe -D_WIN32_WINNT=0x0600 -std=c99 -flto=auto -fvisibility=hidden -Wdeclaration-after-statement -Wempty-body -Wenum-conversion -Wimplicit-fallthrough -Winit-self -Wmissing-prototypes -Wpointer-arith -Wshadow -Wshift-overflow=2 -Wtype-limits -Wunused-but-set-parameter -Wvla -Wwrite-strings -Wl,--no-undefined -DLIBVKD3D_UTILS_SOURCE -O2 -no-undefined -version-info 7:2:6 -Wl,--version-script=./libs/vkd3d-utils/vkd3d_utils.map -o libvkd3d-utils.la -rpath /usr/lib libs/vkd3d-utils/libvkd3d_utils_la-reflection.lo libs/vkd3d-utils/libvkd3d_utils_la-vkd3d_utils_main.lo libvkd3d-common.la libvkd3d-shader.la libvkd3d.la -pthread -lm )
libtool: install: /usr/bin/install -c .libs/libvkd3d-utils.so.1.6.2T /usr/lib/libvkd3d-utils.so.1.6.2
libtool: install: (cd /usr/lib && { ln -s -f libvkd3d-utils.so.1.6.2 libvkd3d-utils.so.1 || { rm -f libvkd3d-utils.so.1 && ln -s libvkd3d-utils.so.1.6.2 libvkd3d-utils.so.1; }; })
libtool: install: (cd /usr/lib && { ln -s -f libvkd3d-utils.so.1.6.2 libvkd3d-utils.so || { rm -f libvkd3d-utils.so && ln -s libvkd3d-utils.so.1.6.2 libvkd3d-utils.so; }; })
libtool: install: /usr/bin/install -c .libs/libvkd3d-utils.lai /usr/lib/libvkd3d-utils.la
libtool: install: /usr/bin/install -c .libs/libvkd3d-shader.a /usr/lib/libvkd3d-shader.a
libtool: install: chmod 644 /usr/lib/libvkd3d-shader.a
libtool: install: ranlib /usr/lib/libvkd3d-shader.a
libtool: install: /usr/bin/install -c .libs/libvkd3d.a /usr/lib/libvkd3d.a
libtool: install: chmod 644 /usr/lib/libvkd3d.a
libtool: install: ranlib /usr/lib/libvkd3d.a
libtool: install: /usr/bin/install -c .libs/libvkd3d-utils.a /usr/lib/libvkd3d-utils.a
libtool: install: chmod 644 /usr/lib/libvkd3d-utils.a
libtool: install: ranlib /usr/lib/libvkd3d-utils.a
libtool: finish: PATH="/usr/sbin:/usr/bin:/sbin" ldconfig -n /usr/lib
----------------------------------------------------------------------
Libraries have been installed in:
   /usr/lib

If you ever happen to want to link against installed libraries
in a given directory, LIBDIR, you must either use libtool, and
specify the full pathname of the library, or use the '-LLIBDIR'
flag during linking and do at least one of the following:
   - add LIBDIR to the 'LD_LIBRARY_PATH' environment variable
     during execution
   - add LIBDIR to the 'LD_RUN_PATH' environment variable
     during linking
   - use the '-Wl,-rpath -Wl,LIBDIR' linker flag
   - have your system administrator add LIBDIR to '/etc/ld.so.conf'

See any operating system documentation about shared libraries for
more information, such as the ld(1) and ld.so(8) manual pages.
----------------------------------------------------------------------
 /usr/bin/mkdir -p '/usr/bin'
  /bin/sh ./libtool   --mode=install /usr/bin/install -c vkd3d-compiler vkd3d-dxbc '/usr/bin'
libtool: install: /usr/bin/install -c .libs/vkd3d-compiler /usr/bin/vkd3d-compiler
libtool: install: /usr/bin/install -c .libs/vkd3d-dxbc /usr/bin/vkd3d-dxbc
 /usr/bin/mkdir -p '/usr/lib/pkgconfig'
 /usr/bin/install -c -m 644 libvkd3d.pc libvkd3d-shader.pc libvkd3d-utils.pc '/usr/lib/pkgconfig'
 /usr/bin/mkdir -p '/usr/include/vkd3d'
 /usr/bin/install -c -m 644 include/vkd3d.h include/vkd3d_d3d12.h include/vkd3d_d3d12sdklayers.h include/vkd3d_d3d12shader.h include/vkd3d_d3d9types.h include/vkd3d_d3dcommon.h include/vkd3d_d3dcompiler.h include/vkd3d_d3dcompiler_types.h include/vkd3d_d3dx9shader.h include/vkd3d_dxgibase.h include/vkd3d_dxgiformat.h include/vkd3d_shader.h include/vkd3d_types.h include/vkd3d_utils.h include/vkd3d_windows.h '/usr/include/vkd3d'
make[2]: Leaving directory '/blfs/builds/vkd3d-1.16'
make[1]: Leaving directory '/blfs/builds/vkd3d-1.16'
vkd3d/
vkd3d/usr/
vkd3d/usr/lib/
vkd3d/usr/lib/libvkd3d-shader.a
vkd3d/usr/lib/libvkd3d-utils.la
vkd3d/usr/lib/libvkd3d.a
vkd3d/usr/lib/libvkd3d.so.1
vkd3d/usr/lib/libvkd3d-utils.so.1.6.2
vkd3d/usr/lib/libvkd3d.so
vkd3d/usr/lib/libvkd3d-utils.a
vkd3d/usr/lib/libvkd3d-shader.so.1.14.0
vkd3d/usr/lib/libvkd3d-utils.so.1
vkd3d/usr/lib/pkgconfig/
vkd3d/usr/lib/pkgconfig/libvkd3d-shader.pc
vkd3d/usr/lib/pkgconfig/libvkd3d-utils.pc
vkd3d/usr/lib/pkgconfig/libvkd3d.pc
vkd3d/usr/lib/libvkd3d-utils.so
vkd3d/usr/lib/libvkd3d-shader.so
vkd3d/usr/lib/libvkd3d-shader.so.1
vkd3d/usr/lib/libvkd3d.so.1.16.0
vkd3d/usr/lib/libvkd3d-shader.la
vkd3d/usr/lib/libvkd3d.la
vkd3d/usr/include/
vkd3d/usr/include/vkd3d/
vkd3d/usr/include/vkd3d/vkd3d_d3dcompiler.h
vkd3d/usr/include/vkd3d/vkd3d_types.h
vkd3d/usr/include/vkd3d/vkd3d_d3d12.h
vkd3d/usr/include/vkd3d/vkd3d_dxgibase.h
vkd3d/usr/include/vkd3d/vkd3d_d3dx9shader.h
vkd3d/usr/include/vkd3d/vkd3d_dxgiformat.h
vkd3d/usr/include/vkd3d/vkd3d_d3dcommon.h
vkd3d/usr/include/vkd3d/vkd3d_d3dcompiler_types.h
vkd3d/usr/include/vkd3d/vkd3d.h
vkd3d/usr/include/vkd3d/vkd3d_shader.h
vkd3d/usr/include/vkd3d/vkd3d_windows.h
vkd3d/usr/include/vkd3d/vkd3d_d3d12sdklayers.h
vkd3d/usr/include/vkd3d/vkd3d_utils.h
vkd3d/usr/include/vkd3d/vkd3d_d3d12shader.h
vkd3d/usr/include/vkd3d/vkd3d_d3d9types.h
vkd3d/usr/bin/
vkd3d/usr/bin/vkd3d-compiler
vkd3d/usr/bin/vkd3d-dxbc
vkd3d/version
vkd3d/depends
vkd3d/make-depends
