--2025-06-18 07:19:24--  https://github.com/leohemsted/smartypants.py/archive/v2.0.2/smartypants-2.0.2.tar.gz
Resolving github.com (github.com)... 140.82.114.4
Connecting to github.com (github.com)|140.82.114.4|:443... connected.
HTTP request sent, awaiting response... 301 Moved Permanently
Location: https://github.com/justinmayer/smartypants.py/archive/v2.0.2/smartypants-2.0.2.tar.gz [following]
--2025-06-18 07:19:24--  https://github.com/justinmayer/smartypants.py/archive/v2.0.2/smartypants-2.0.2.tar.gz
Reusing existing connection to github.com:443.
HTTP request sent, awaiting response... 302 Found
Location: https://codeload.github.com/justinmayer/smartypants.py/tar.gz/refs/tags/v2.0.2 [following]
--2025-06-18 07:19:24--  https://codeload.github.com/justinmayer/smartypants.py/tar.gz/refs/tags/v2.0.2
Resolving codeload.github.com (codeload.github.com)... 140.82.114.10
Connecting to codeload.github.com (codeload.github.com)|140.82.114.10|:443... connected.
HTTP request sent, awaiting response... 200 OK
Length: unspecified [application/x-gzip]
Saving to: 'smartypants-2.0.2.tar.gz'

     0K .......... .......... ........                         2.17M=0.01s

2025-06-18 07:19:24 (2.17 MB/s) - 'smartypants-2.0.2.tar.gz' saved [28770]

smartypants.py-2.0.2/
smartypants.py-2.0.2/.github/
smartypants.py-2.0.2/.github/workflows/
smartypants.py-2.0.2/.github/workflows/ci.yml
smartypants.py-2.0.2/.gitignore
smartypants.py-2.0.2/.hgignore
smartypants.py-2.0.2/.readthedocs.yaml
smartypants.py-2.0.2/CHANGES.rst
smartypants.py-2.0.2/COPYING
smartypants.py-2.0.2/MANIFEST.in
smartypants.py-2.0.2/Makefile
smartypants.py-2.0.2/README.rst
smartypants.py-2.0.2/docs/
smartypants.py-2.0.2/docs/Makefile
smartypants.py-2.0.2/docs/_templates/
smartypants.py-2.0.2/docs/_templates/page.html
smartypants.py-2.0.2/docs/changes.rst
smartypants.py-2.0.2/docs/conf.py
smartypants.py-2.0.2/docs/copyright.rst
smartypants.py-2.0.2/docs/development.rst
smartypants.py-2.0.2/docs/history.rst
smartypants.py-2.0.2/docs/index.rst
smartypants.py-2.0.2/docs/introduction.rst
smartypants.py-2.0.2/docs/make.bat
smartypants.py-2.0.2/docs/reference.rst
smartypants.py-2.0.2/docs/requirements.txt
smartypants.py-2.0.2/docs/usage.rst
smartypants.py-2.0.2/setup.cfg
smartypants.py-2.0.2/setup.py
smartypants.py-2.0.2/smartypants
smartypants.py-2.0.2/smartypants.py
smartypants.py-2.0.2/tests/
smartypants.py-2.0.2/tests/test.py
smartypants.py-2.0.2/tests/test_cli.py
smartypants.py-2.0.2/tests/test_deprecated.py
smartypants.py-2.0.2/tests/test_setup.py
* Creating isolated environment: venv+pip...
* Installing packages in isolated environment:
  - setuptools >= 40.8.0
* Getting build dependencies for wheel...
/tmp/build-env-wes1sriv/lib/python3.13/site-packages/setuptools/dist.py:759: SetuptoolsDeprecationWarning: License classifiers are deprecated.
!!

        ********************************************************************************
        Please consider removing the following classifiers in favor of a SPDX license expression:

        License :: OSI Approved :: BSD License

        See https://packaging.python.org/en/latest/guides/writing-pyproject-toml/#license for details.
        ********************************************************************************

!!
  self._finalize_license_expression()
* Building wheel...
/tmp/build-env-wes1sriv/lib/python3.13/site-packages/setuptools/dist.py:759: SetuptoolsDeprecationWarning: License classifiers are deprecated.
!!

        ********************************************************************************
        Please consider removing the following classifiers in favor of a SPDX license expression:

        License :: OSI Approved :: BSD License

        See https://packaging.python.org/en/latest/guides/writing-pyproject-toml/#license for details.
        ********************************************************************************

!!
  self._finalize_license_expression()
The [wheel] section is deprecated. Use [bdist_wheel] instead.
/tmp/build-env-wes1sriv/lib/python3.13/site-packages/setuptools/_distutils/cmd.py:135: SetuptoolsDeprecationWarning: bdist_wheel.universal is deprecated
!!

        ********************************************************************************
        With Python 2.7 end-of-life, support for building universal wheels
        (i.e., wheels that support both Python 2 and Python 3)
        is being obviated.
        Please discontinue using this option, or if you still need it,
        file an issue with pypa/setuptools describing your use case.

        By 2025-Aug-30, you need to update your project and remove deprecated calls
        or your builds will no longer be supported.
        ********************************************************************************

!!
  self.finalize_options()
Successfully built smartypants-2.0.2-py2.py3-none-any.whl
'/pkgs/python-smartypants/usr/lib/python3.13/site-packages/smartypants.py' -> '/usr/lib/python3.13/site-packages/smartypants.py'
'/pkgs/python-smartypants/usr/lib/python3.13/site-packages/smartypants-2.0.2.dist-info' -> '/usr/lib/python3.13/site-packages/smartypants-2.0.2.dist-info'
'/pkgs/python-smartypants/usr/lib/python3.13/site-packages/smartypants-2.0.2.dist-info/licenses' -> '/usr/lib/python3.13/site-packages/smartypants-2.0.2.dist-info/licenses'
'/pkgs/python-smartypants/usr/lib/python3.13/site-packages/smartypants-2.0.2.dist-info/licenses/COPYING' -> '/usr/lib/python3.13/site-packages/smartypants-2.0.2.dist-info/licenses/COPYING'
'/pkgs/python-smartypants/usr/lib/python3.13/site-packages/smartypants-2.0.2.dist-info/METADATA' -> '/usr/lib/python3.13/site-packages/smartypants-2.0.2.dist-info/METADATA'
'/pkgs/python-smartypants/usr/lib/python3.13/site-packages/smartypants-2.0.2.dist-info/WHEEL' -> '/usr/lib/python3.13/site-packages/smartypants-2.0.2.dist-info/WHEEL'
'/pkgs/python-smartypants/usr/lib/python3.13/site-packages/smartypants-2.0.2.dist-info/top_level.txt' -> '/usr/lib/python3.13/site-packages/smartypants-2.0.2.dist-info/top_level.txt'
'/pkgs/python-smartypants/usr/lib/python3.13/site-packages/smartypants-2.0.2.dist-info/RECORD' -> '/usr/lib/python3.13/site-packages/smartypants-2.0.2.dist-info/RECORD'
'/pkgs/python-smartypants/usr/lib/python3.13/site-packages/__pycache__/smartypants.cpython-313.pyc' -> '/usr/lib/python3.13/site-packages/__pycache__/smartypants.cpython-313.pyc'
'/pkgs/python-smartypants/usr/lib/python3.13/site-packages/__pycache__/smartypants.cpython-313.opt-1.pyc' -> '/usr/lib/python3.13/site-packages/__pycache__/smartypants.cpython-313.opt-1.pyc'
'/pkgs/python-smartypants/usr/bin/smartypants' -> '/usr/bin/smartypants'
python-smartypants/
python-smartypants/usr/
python-smartypants/usr/lib/
python-smartypants/usr/lib/python3.13/
python-smartypants/usr/lib/python3.13/site-packages/
python-smartypants/usr/lib/python3.13/site-packages/smartypants-2.0.2.dist-info/
python-smartypants/usr/lib/python3.13/site-packages/smartypants-2.0.2.dist-info/licenses/
python-smartypants/usr/lib/python3.13/site-packages/smartypants-2.0.2.dist-info/licenses/COPYING
python-smartypants/usr/lib/python3.13/site-packages/smartypants-2.0.2.dist-info/WHEEL
python-smartypants/usr/lib/python3.13/site-packages/smartypants-2.0.2.dist-info/METADATA
python-smartypants/usr/lib/python3.13/site-packages/smartypants-2.0.2.dist-info/RECORD
python-smartypants/usr/lib/python3.13/site-packages/smartypants-2.0.2.dist-info/top_level.txt
python-smartypants/usr/lib/python3.13/site-packages/__pycache__/
python-smartypants/usr/lib/python3.13/site-packages/__pycache__/smartypants.cpython-313.pyc
python-smartypants/usr/lib/python3.13/site-packages/__pycache__/smartypants.cpython-313.opt-1.pyc
python-smartypants/usr/lib/python3.13/site-packages/smartypants.py
python-smartypants/usr/bin/
python-smartypants/usr/bin/smartypants
python-smartypants/version
python-smartypants/depends
python-smartypants/make-depends
