--2025-06-18 07:09:51--  https://download.gnome.org/sources/yelp-xsl/42/yelp-xsl-42.4.tar.xz
Resolving download.gnome.org (download.gnome.org)... 2a02:6ea0:c400::54, 2a02:6ea0:c400::53, 79.127.206.234, ...
Connecting to download.gnome.org (download.gnome.org)|2a02:6ea0:c400::54|:443... connected.
HTTP request sent, awaiting response... 200 OK
Length: 394536 (385K) [application/octet-stream]
Saving to: 'yelp-xsl-42.4.tar.xz'

     0K .......... .......... .......... .......... .......... 12% 3.95M 0s
    50K .......... .......... .......... .......... .......... 25% 9.78M 0s
   100K .......... .......... .......... .......... .......... 38% 15.7M 0s
   150K .......... .......... .......... .......... .......... 51% 17.3M 0s
   200K .......... .......... .......... .......... .......... 64% 21.0M 0s
   250K .......... .......... .......... .......... .......... 77% 31.5M 0s
   300K .......... .......... .......... .......... .......... 90% 34.9M 0s
   350K .......... .......... .......... .....                100% 52.5M=0.03s

2025-06-18 07:09:52 (12.9 MB/s) - 'yelp-xsl-42.4.tar.xz' saved [394536/394536]

yelp-xsl-42.4/
yelp-xsl-42.4/.gitignore
yelp-xsl-42.4/.gitlab-ci.yml
yelp-xsl-42.4/AUTHORS
yelp-xsl-42.4/COPYING
yelp-xsl-42.4/COPYING.GPL
yelp-xsl-42.4/COPYING.LGPL
yelp-xsl-42.4/COPYING.MIT
yelp-xsl-42.4/NEWS
yelp-xsl-42.4/README.md
yelp-xsl-42.4/doc/
yelp-xsl-42.4/doc/meson.build
yelp-xsl-42.4/doc/yelp-xsl/
yelp-xsl-42.4/doc/yelp-xsl/C/
yelp-xsl-42.4/doc/yelp-xsl/C/color.a.page
yelp-xsl-42.4/doc/yelp-xsl/C/color.b.page
yelp-xsl-42.4/doc/yelp-xsl/C/color.bg.blue.page
yelp-xsl-42.4/doc/yelp-xsl/C/color.bg.dark.page
yelp-xsl-42.4/doc/yelp-xsl/C/color.bg.gray.page
yelp-xsl-42.4/doc/yelp-xsl/C/color.bg.green.page
yelp-xsl-42.4/doc/yelp-xsl/C/color.bg.orange.page
yelp-xsl-42.4/doc/yelp-xsl/C/color.bg.page
yelp-xsl-42.4/doc/yelp-xsl/C/color.bg.purple.page
yelp-xsl-42.4/doc/yelp-xsl/C/color.bg.red.page
yelp-xsl-42.4/doc/yelp-xsl/C/color.bg.yellow.page
yelp-xsl-42.4/doc/yelp-xsl/C/color.blend.page
yelp-xsl-42.4/doc/yelp-xsl/C/color.blue.page
yelp-xsl-42.4/doc/yelp-xsl/C/color.contrast.page
yelp-xsl-42.4/doc/yelp-xsl/C/color.fg.blue.page
yelp-xsl-42.4/doc/yelp-xsl/C/color.fg.dark.page
yelp-xsl-42.4/doc/yelp-xsl/C/color.fg.gray.page
yelp-xsl-42.4/doc/yelp-xsl/C/color.fg.green.page
yelp-xsl-42.4/doc/yelp-xsl/C/color.fg.orange.page
yelp-xsl-42.4/doc/yelp-xsl/C/color.fg.page
yelp-xsl-42.4/doc/yelp-xsl/C/color.fg.purple.page
yelp-xsl-42.4/doc/yelp-xsl/C/color.fg.red.page
yelp-xsl-42.4/doc/yelp-xsl/C/color.fg.yellow.page
yelp-xsl-42.4/doc/yelp-xsl/C/color.g.page
yelp-xsl-42.4/doc/yelp-xsl/C/color.gray.page
yelp-xsl-42.4/doc/yelp-xsl/C/color.green.page
yelp-xsl-42.4/doc/yelp-xsl/C/color.hex2dec.page
yelp-xsl-42.4/doc/yelp-xsl/C/color.orange.page
yelp-xsl-42.4/doc/yelp-xsl/C/color.page
yelp-xsl-42.4/doc/yelp-xsl/C/color.purple.page
yelp-xsl-42.4/doc/yelp-xsl/C/color.r.page
yelp-xsl-42.4/doc/yelp-xsl/C/color.red.page
yelp-xsl-42.4/doc/yelp-xsl/C/color.rl.page
yelp-xsl-42.4/doc/yelp-xsl/C/color.yellow.page
yelp-xsl-42.4/doc/yelp-xsl/C/db-chunk.page
yelp-xsl-42.4/doc/yelp-xsl/C/db-common.page
yelp-xsl-42.4/doc/yelp-xsl/C/db-profile.page
yelp-xsl-42.4/doc/yelp-xsl/C/db-title.page
yelp-xsl-42.4/doc/yelp-xsl/C/db-xref.page
yelp-xsl-42.4/doc/yelp-xsl/C/db.biblio.abbrev.key.page
yelp-xsl-42.4/doc/yelp-xsl/C/db.biblio.id.key.page
yelp-xsl-42.4/doc/yelp-xsl/C/db.biblio.label.key.page
yelp-xsl-42.4/doc/yelp-xsl/C/db.chunk.basename.page
yelp-xsl-42.4/doc/yelp-xsl/C/db.chunk.chunk-id.axis.page
yelp-xsl-42.4/doc/yelp-xsl/C/db.chunk.chunk-id.page
yelp-xsl-42.4/doc/yelp-xsl/C/db.chunk.depth-in-chunk.page
yelp-xsl-42.4/doc/yelp-xsl/C/db.chunk.depth-of-chunk.page
yelp-xsl-42.4/doc/yelp-xsl/C/db.chunk.extension.page
yelp-xsl-42.4/doc/yelp-xsl/C/db.chunk.max_depth.page
yelp-xsl-42.4/doc/yelp-xsl/C/db.copyright.page
yelp-xsl-42.4/doc/yelp-xsl/C/db.glossentry.key.page
yelp-xsl-42.4/doc/yelp-xsl/C/db.id.key.page
yelp-xsl-42.4/doc/yelp-xsl/C/db.linenumbering.start.page
yelp-xsl-42.4/doc/yelp-xsl/C/db.orderedlist.start.page
yelp-xsl-42.4/doc/yelp-xsl/C/db.personname.list.page
yelp-xsl-42.4/doc/yelp-xsl/C/db.personname.page
yelp-xsl-42.4/doc/yelp-xsl/C/db.profile.arch.page
yelp-xsl-42.4/doc/yelp-xsl/C/db.profile.audience.page
yelp-xsl-42.4/doc/yelp-xsl/C/db.profile.condition.page
yelp-xsl-42.4/doc/yelp-xsl/C/db.profile.conformance.page
yelp-xsl-42.4/doc/yelp-xsl/C/db.profile.os.page
yelp-xsl-42.4/doc/yelp-xsl/C/db.profile.outputformat.page
yelp-xsl-42.4/doc/yelp-xsl/C/db.profile.revision.page
yelp-xsl-42.4/doc/yelp-xsl/C/db.profile.security.page
yelp-xsl-42.4/doc/yelp-xsl/C/db.profile.test.page
yelp-xsl-42.4/doc/yelp-xsl/C/db.profile.userlevel.page
yelp-xsl-42.4/doc/yelp-xsl/C/db.profile.vendor.page
yelp-xsl-42.4/doc/yelp-xsl/C/db.profile.wordsize.page
yelp-xsl-42.4/doc/yelp-xsl/C/db.subtitle.page
yelp-xsl-42.4/doc/yelp-xsl/C/db.title.page
yelp-xsl-42.4/doc/yelp-xsl/C/db.titleabbrev.page
yelp-xsl-42.4/doc/yelp-xsl/C/db.ulink.tooltip.page
yelp-xsl-42.4/doc/yelp-xsl/C/db.xref.content.page
yelp-xsl-42.4/doc/yelp-xsl/C/db.xref.target.page
yelp-xsl-42.4/doc/yelp-xsl/C/db.xref.tooltip.mode.page
yelp-xsl-42.4/doc/yelp-xsl/C/db.xref.tooltip.page
yelp-xsl-42.4/doc/yelp-xsl/C/db2html-bibliography.page
yelp-xsl-42.4/doc/yelp-xsl/C/db2html-block.page
yelp-xsl-42.4/doc/yelp-xsl/C/db2html-callout.page
yelp-xsl-42.4/doc/yelp-xsl/C/db2html-classsynopsis.page
yelp-xsl-42.4/doc/yelp-xsl/C/db2html-cmdsynopsis.page
yelp-xsl-42.4/doc/yelp-xsl/C/db2html-division.page
yelp-xsl-42.4/doc/yelp-xsl/C/db2html-ebnf.page
yelp-xsl-42.4/doc/yelp-xsl/C/db2html-footnote.page
yelp-xsl-42.4/doc/yelp-xsl/C/db2html-funcsynopsis.page
yelp-xsl-42.4/doc/yelp-xsl/C/db2html-index.page
yelp-xsl-42.4/doc/yelp-xsl/C/db2html-inline.page
yelp-xsl-42.4/doc/yelp-xsl/C/db2html-links.page
yelp-xsl-42.4/doc/yelp-xsl/C/db2html-list.page
yelp-xsl-42.4/doc/yelp-xsl/C/db2html-math.page
yelp-xsl-42.4/doc/yelp-xsl/C/db2html-media.page
yelp-xsl-42.4/doc/yelp-xsl/C/db2html-refentry.page
yelp-xsl-42.4/doc/yelp-xsl/C/db2html-table.page
yelp-xsl-42.4/doc/yelp-xsl/C/db2html-xref.page
yelp-xsl-42.4/doc/yelp-xsl/C/db2html.anchor.page
yelp-xsl-42.4/doc/yelp-xsl/C/db2html.audiodata.page
yelp-xsl-42.4/doc/yelp-xsl/C/db2html.biblioentry.data.page
yelp-xsl-42.4/doc/yelp-xsl/C/db2html.biblioentry.label.page
yelp-xsl-42.4/doc/yelp-xsl/C/db2html.biblioentry.mode.page
yelp-xsl-42.4/doc/yelp-xsl/C/db2html.block.formal.page
yelp-xsl-42.4/doc/yelp-xsl/C/db2html.block.page
yelp-xsl-42.4/doc/yelp-xsl/C/db2html.block.title.page
yelp-xsl-42.4/doc/yelp-xsl/C/db2html.blockquote.page
yelp-xsl-42.4/doc/yelp-xsl/C/db2html.callout.label.page
yelp-xsl-42.4/doc/yelp-xsl/C/db2html.class.cpp.mode.page
yelp-xsl-42.4/doc/yelp-xsl/C/db2html.class.python.mode.page
yelp-xsl-42.4/doc/yelp-xsl/C/db2html.classsynopsis.language.page
yelp-xsl-42.4/doc/yelp-xsl/C/db2html.cmdsynopsis.sbr.padding.mode.page
yelp-xsl-42.4/doc/yelp-xsl/C/db2html.colspec.colnum.page
yelp-xsl-42.4/doc/yelp-xsl/C/db2html.division.about.page
yelp-xsl-42.4/doc/yelp-xsl/C/db2html.division.div.content.mode.page
yelp-xsl-42.4/doc/yelp-xsl/C/db2html.division.div.page
yelp-xsl-42.4/doc/yelp-xsl/C/db2html.entry.colnum.page
yelp-xsl-42.4/doc/yelp-xsl/C/db2html.entry.colspan.page
yelp-xsl-42.4/doc/yelp-xsl/C/db2html.entry.implicit.page
yelp-xsl-42.4/doc/yelp-xsl/C/db2html.entry.page
yelp-xsl-42.4/doc/yelp-xsl/C/db2html.footnote.footer.page
yelp-xsl-42.4/doc/yelp-xsl/C/db2html.footnote.link.page
yelp-xsl-42.4/doc/yelp-xsl/C/db2html.footnote.note.page
yelp-xsl-42.4/doc/yelp-xsl/C/db2html.funcsynopsis.style.page
yelp-xsl-42.4/doc/yelp-xsl/C/db2html.hgroup.page
yelp-xsl-42.4/doc/yelp-xsl/C/db2html.imagedata.page
yelp-xsl-42.4/doc/yelp-xsl/C/db2html.inline.children.page
yelp-xsl-42.4/doc/yelp-xsl/C/db2html.inline.content.mode.page
yelp-xsl-42.4/doc/yelp-xsl/C/db2html.inline.page
yelp-xsl-42.4/doc/yelp-xsl/C/db2html.link.page
yelp-xsl-42.4/doc/yelp-xsl/C/db2html.links.linktrail.page
yelp-xsl-42.4/doc/yelp-xsl/C/db2html.links.next.page
yelp-xsl-42.4/doc/yelp-xsl/C/db2html.links.section.page
yelp-xsl-42.4/doc/yelp-xsl/C/db2html.math.div.page
yelp-xsl-42.4/doc/yelp-xsl/C/db2html.math.mode.page
yelp-xsl-42.4/doc/yelp-xsl/C/db2html.math.span.page
yelp-xsl-42.4/doc/yelp-xsl/C/db2html.mediaobject.fallback.page
yelp-xsl-42.4/doc/yelp-xsl/C/db2html.mediaobject.page
yelp-xsl-42.4/doc/yelp-xsl/C/db2html.page
yelp-xsl-42.4/doc/yelp-xsl/C/db2html.para.page
yelp-xsl-42.4/doc/yelp-xsl/C/db2html.pre.page
yelp-xsl-42.4/doc/yelp-xsl/C/db2html.row.page
yelp-xsl-42.4/doc/yelp-xsl/C/db2html.spanstr.page
yelp-xsl-42.4/doc/yelp-xsl/C/db2html.spanstr.pop.page
yelp-xsl-42.4/doc/yelp-xsl/C/db2html.ulink.page
yelp-xsl-42.4/doc/yelp-xsl/C/db2html.videodata.page
yelp-xsl-42.4/doc/yelp-xsl/C/db2html.xlink.page
yelp-xsl-42.4/doc/yelp-xsl/C/db2html.xref.page
yelp-xsl-42.4/doc/yelp-xsl/C/db2xhtml.page
yelp-xsl-42.4/doc/yelp-xsl/C/html.basename.page
yelp-xsl-42.4/doc/yelp-xsl/C/html.body.attr.mode.page
yelp-xsl-42.4/doc/yelp-xsl/C/html.body.mode.page
yelp-xsl-42.4/doc/yelp-xsl/C/html.bottom.custom.page
yelp-xsl-42.4/doc/yelp-xsl/C/html.class.attr.mode.page
yelp-xsl-42.4/doc/yelp-xsl/C/html.class.attr.page
yelp-xsl-42.4/doc/yelp-xsl/C/html.content.post.custom.page
yelp-xsl-42.4/doc/yelp-xsl/C/html.content.post.mode.page
yelp-xsl-42.4/doc/yelp-xsl/C/html.content.post.page
yelp-xsl-42.4/doc/yelp-xsl/C/html.content.pre.custom.page
yelp-xsl-42.4/doc/yelp-xsl/C/html.content.pre.mode.page
yelp-xsl-42.4/doc/yelp-xsl/C/html.content.pre.page
yelp-xsl-42.4/doc/yelp-xsl/C/html.css.content.page
yelp-xsl-42.4/doc/yelp-xsl/C/html.css.core.page
yelp-xsl-42.4/doc/yelp-xsl/C/html.css.custom.page
yelp-xsl-42.4/doc/yelp-xsl/C/html.css.elements.page
yelp-xsl-42.4/doc/yelp-xsl/C/html.css.mode.page
yelp-xsl-42.4/doc/yelp-xsl/C/html.css.page
yelp-xsl-42.4/doc/yelp-xsl/C/html.css.root.page
yelp-xsl-42.4/doc/yelp-xsl/C/html.css.syntax.page
yelp-xsl-42.4/doc/yelp-xsl/C/html.extension.page
yelp-xsl-42.4/doc/yelp-xsl/C/html.footer.custom.page
yelp-xsl-42.4/doc/yelp-xsl/C/html.footer.mode.page
yelp-xsl-42.4/doc/yelp-xsl/C/html.grid.size.page
yelp-xsl-42.4/doc/yelp-xsl/C/html.head.custom.page
yelp-xsl-42.4/doc/yelp-xsl/C/html.head.top.custom.page
yelp-xsl-42.4/doc/yelp-xsl/C/html.header.custom.page
yelp-xsl-42.4/doc/yelp-xsl/C/html.header.mode.page
yelp-xsl-42.4/doc/yelp-xsl/C/html.js.content.custom.page
yelp-xsl-42.4/doc/yelp-xsl/C/html.js.content.page
yelp-xsl-42.4/doc/yelp-xsl/C/html.js.core.page
yelp-xsl-42.4/doc/yelp-xsl/C/html.js.custom.page
yelp-xsl-42.4/doc/yelp-xsl/C/html.js.mathjax.page
yelp-xsl-42.4/doc/yelp-xsl/C/html.js.media.page
yelp-xsl-42.4/doc/yelp-xsl/C/html.js.mode.page
yelp-xsl-42.4/doc/yelp-xsl/C/html.js.page
yelp-xsl-42.4/doc/yelp-xsl/C/html.js.root.page
yelp-xsl-42.4/doc/yelp-xsl/C/html.js.script.page
yelp-xsl-42.4/doc/yelp-xsl/C/html.js.syntax.page
yelp-xsl-42.4/doc/yelp-xsl/C/html.js.ui.page
yelp-xsl-42.4/doc/yelp-xsl/C/html.lang.attrs.page
yelp-xsl-42.4/doc/yelp-xsl/C/html.linktrails.empty.page
yelp-xsl-42.4/doc/yelp-xsl/C/html.linktrails.prefix.page
yelp-xsl-42.4/doc/yelp-xsl/C/html.mathml.namespace.page
yelp-xsl-42.4/doc/yelp-xsl/C/html.media.controls.page
yelp-xsl-42.4/doc/yelp-xsl/C/html.namespace.page
yelp-xsl-42.4/doc/yelp-xsl/C/html.output.after.mode.page
yelp-xsl-42.4/doc/yelp-xsl/C/html.output.page
yelp-xsl-42.4/doc/yelp-xsl/C/html.output.prefix.page
yelp-xsl-42.4/doc/yelp-xsl/C/html.page
yelp-xsl-42.4/doc/yelp-xsl/C/html.page.page
yelp-xsl-42.4/doc/yelp-xsl/C/html.sidebar.contents.mode.page
yelp-xsl-42.4/doc/yelp-xsl/C/html.sidebar.contents.page
yelp-xsl-42.4/doc/yelp-xsl/C/html.sidebar.custom.page
yelp-xsl-42.4/doc/yelp-xsl/C/html.sidebar.left.page
yelp-xsl-42.4/doc/yelp-xsl/C/html.sidebar.mode.page
yelp-xsl-42.4/doc/yelp-xsl/C/html.sidebar.page
yelp-xsl-42.4/doc/yelp-xsl/C/html.sidebar.right.page
yelp-xsl-42.4/doc/yelp-xsl/C/html.sidebar.sections.mode.page
yelp-xsl-42.4/doc/yelp-xsl/C/html.sidebar.sections.page
yelp-xsl-42.4/doc/yelp-xsl/C/html.svg.namespace.page
yelp-xsl-42.4/doc/yelp-xsl/C/html.syntax.class.mode.page
yelp-xsl-42.4/doc/yelp-xsl/C/html.syntax.class.page
yelp-xsl-42.4/doc/yelp-xsl/C/html.syntax.highlight.page
yelp-xsl-42.4/doc/yelp-xsl/C/html.title.mode.page
yelp-xsl-42.4/doc/yelp-xsl/C/html.top.custom.page
yelp-xsl-42.4/doc/yelp-xsl/C/html.xhtml.page
yelp-xsl-42.4/doc/yelp-xsl/C/icons.page
yelp-xsl-42.4/doc/yelp-xsl/C/icons.size.quote.page
yelp-xsl-42.4/doc/yelp-xsl/C/icons.svg.figure.zoom.in.page
yelp-xsl-42.4/doc/yelp-xsl/C/icons.svg.figure.zoom.out.page
yelp-xsl-42.4/doc/yelp-xsl/C/icons.svg.media.pause.page
yelp-xsl-42.4/doc/yelp-xsl/C/icons.svg.media.play.page
yelp-xsl-42.4/doc/yelp-xsl/C/icons.svg.mode.page
yelp-xsl-42.4/doc/yelp-xsl/C/icons.svg.note.advanced.page
yelp-xsl-42.4/doc/yelp-xsl/C/icons.svg.note.bug.page
yelp-xsl-42.4/doc/yelp-xsl/C/icons.svg.note.caution.page
yelp-xsl-42.4/doc/yelp-xsl/C/icons.svg.note.danger.page
yelp-xsl-42.4/doc/yelp-xsl/C/icons.svg.note.important.page
yelp-xsl-42.4/doc/yelp-xsl/C/icons.svg.note.note.page
yelp-xsl-42.4/doc/yelp-xsl/C/icons.svg.note.package.page
yelp-xsl-42.4/doc/yelp-xsl/C/icons.svg.note.page
yelp-xsl-42.4/doc/yelp-xsl/C/icons.svg.note.tip.page
yelp-xsl-42.4/doc/yelp-xsl/C/icons.svg.note.warning.page
yelp-xsl-42.4/doc/yelp-xsl/C/index.page
yelp-xsl-42.4/doc/yelp-xsl/C/keys.page
yelp-xsl-42.4/doc/yelp-xsl/C/l10n-numbers.page
yelp-xsl-42.4/doc/yelp-xsl/C/l10n.align.end.page
yelp-xsl-42.4/doc/yelp-xsl/C/l10n.align.start.page
yelp-xsl-42.4/doc/yelp-xsl/C/l10n.direction.page
yelp-xsl-42.4/doc/yelp-xsl/C/l10n.format.mode.page
yelp-xsl-42.4/doc/yelp-xsl/C/l10n.gettext.page
yelp-xsl-42.4/doc/yelp-xsl/C/l10n.locale.page
yelp-xsl-42.4/doc/yelp-xsl/C/l10n.msgstr.key.page
yelp-xsl-42.4/doc/yelp-xsl/C/l10n.number.alphabetic.page
yelp-xsl-42.4/doc/yelp-xsl/C/l10n.number.cjk-ideographic.page
yelp-xsl-42.4/doc/yelp-xsl/C/l10n.number.ionic.page
yelp-xsl-42.4/doc/yelp-xsl/C/l10n.number.numeric.page
yelp-xsl-42.4/doc/yelp-xsl/C/l10n.number.page
yelp-xsl-42.4/doc/yelp-xsl/C/l10n.page
yelp-xsl-42.4/doc/yelp-xsl/C/l10n.plural.form.page
yelp-xsl-42.4/doc/yelp-xsl/C/legal.xml
yelp-xsl-42.4/doc/yelp-xsl/C/mal-cache.page
yelp-xsl-42.4/doc/yelp-xsl/C/mal-gloss.page
yelp-xsl-42.4/doc/yelp-xsl/C/mal-if.page
yelp-xsl-42.4/doc/yelp-xsl/C/mal-link.page
yelp-xsl-42.4/doc/yelp-xsl/C/mal-sort.page
yelp-xsl-42.4/doc/yelp-xsl/C/mal.cache.file.page
yelp-xsl-42.4/doc/yelp-xsl/C/mal.cache.id.page
yelp-xsl-42.4/doc/yelp-xsl/C/mal.cache.info.page
yelp-xsl-42.4/doc/yelp-xsl/C/mal.cache.key.page
yelp-xsl-42.4/doc/yelp-xsl/C/mal.cache.link.key.page
yelp-xsl-42.4/doc/yelp-xsl/C/mal.cache.page
yelp-xsl-42.4/doc/yelp-xsl/C/mal.gloss.key.page
yelp-xsl-42.4/doc/yelp-xsl/C/mal.gloss.match.page
yelp-xsl-42.4/doc/yelp-xsl/C/mal.gloss.terms.page
yelp-xsl-42.4/doc/yelp-xsl/C/mal.if.custom.page
yelp-xsl-42.4/doc/yelp-xsl/C/mal.if.features.page
yelp-xsl-42.4/doc/yelp-xsl/C/mal.if.maybe.page
yelp-xsl-42.4/doc/yelp-xsl/C/mal.if.platform.page
yelp-xsl-42.4/doc/yelp-xsl/C/mal.if.target.page
yelp-xsl-42.4/doc/yelp-xsl/C/mal.if.test.page
yelp-xsl-42.4/doc/yelp-xsl/C/mal.link.content.custom.page
yelp-xsl-42.4/doc/yelp-xsl/C/mal.link.content.mode.page
yelp-xsl-42.4/doc/yelp-xsl/C/mal.link.content.page
yelp-xsl-42.4/doc/yelp-xsl/C/mal.link.default_root.page
yelp-xsl-42.4/doc/yelp-xsl/C/mal.link.desc.custom.page
yelp-xsl-42.4/doc/yelp-xsl/C/mal.link.desc.page
yelp-xsl-42.4/doc/yelp-xsl/C/mal.link.extension.page
yelp-xsl-42.4/doc/yelp-xsl/C/mal.link.guidelinks.page
yelp-xsl-42.4/doc/yelp-xsl/C/mal.link.linkid.page
yelp-xsl-42.4/doc/yelp-xsl/C/mal.link.linktrails.page
yelp-xsl-42.4/doc/yelp-xsl/C/mal.link.prefix.page
yelp-xsl-42.4/doc/yelp-xsl/C/mal.link.seealsolinks.page
yelp-xsl-42.4/doc/yelp-xsl/C/mal.link.sorttitle.page
yelp-xsl-42.4/doc/yelp-xsl/C/mal.link.target.custom.page
yelp-xsl-42.4/doc/yelp-xsl/C/mal.link.target.extended.page
yelp-xsl-42.4/doc/yelp-xsl/C/mal.link.target.page
yelp-xsl-42.4/doc/yelp-xsl/C/mal.link.tooltip.custom.page
yelp-xsl-42.4/doc/yelp-xsl/C/mal.link.tooltip.page
yelp-xsl-42.4/doc/yelp-xsl/C/mal.link.topiclinks.page
yelp-xsl-42.4/doc/yelp-xsl/C/mal.link.xref.linkid.page
yelp-xsl-42.4/doc/yelp-xsl/C/mal.sort.tsort.page
yelp-xsl-42.4/doc/yelp-xsl/C/mal2html-api.page
yelp-xsl-42.4/doc/yelp-xsl/C/mal2html-block.page
yelp-xsl-42.4/doc/yelp-xsl/C/mal2html-gloss.page
yelp-xsl-42.4/doc/yelp-xsl/C/mal2html-inline.page
yelp-xsl-42.4/doc/yelp-xsl/C/mal2html-links.page
yelp-xsl-42.4/doc/yelp-xsl/C/mal2html-list.page
yelp-xsl-42.4/doc/yelp-xsl/C/mal2html-math.page
yelp-xsl-42.4/doc/yelp-xsl/C/mal2html-media.page
yelp-xsl-42.4/doc/yelp-xsl/C/mal2html-page.page
yelp-xsl-42.4/doc/yelp-xsl/C/mal2html-svg.page
yelp-xsl-42.4/doc/yelp-xsl/C/mal2html-table.page
yelp-xsl-42.4/doc/yelp-xsl/C/mal2html-ui.page
yelp-xsl-42.4/doc/yelp-xsl/C/mal2html.api.links.function.c.page
yelp-xsl-42.4/doc/yelp-xsl/C/mal2html.api.links.function.page
yelp-xsl-42.4/doc/yelp-xsl/C/mal2html.block.mode.page
yelp-xsl-42.4/doc/yelp-xsl/C/mal2html.editor.badge.page
yelp-xsl-42.4/doc/yelp-xsl/C/mal2html.editor.banner.page
yelp-xsl-42.4/doc/yelp-xsl/C/mal2html.editor_mode.page
yelp-xsl-42.4/doc/yelp-xsl/C/mal2html.gloss.terms.page
yelp-xsl-42.4/doc/yelp-xsl/C/mal2html.inline.content.mode.page
yelp-xsl-42.4/doc/yelp-xsl/C/mal2html.inline.mode.page
yelp-xsl-42.4/doc/yelp-xsl/C/mal2html.links.guide.page
yelp-xsl-42.4/doc/yelp-xsl/C/mal2html.links.links.page
yelp-xsl-42.4/doc/yelp-xsl/C/mal2html.links.prevnext.page
yelp-xsl-42.4/doc/yelp-xsl/C/mal2html.links.section.page
yelp-xsl-42.4/doc/yelp-xsl/C/mal2html.links.seealso.page
yelp-xsl-42.4/doc/yelp-xsl/C/mal2html.links.series.next.page
yelp-xsl-42.4/doc/yelp-xsl/C/mal2html.links.series.page
yelp-xsl-42.4/doc/yelp-xsl/C/mal2html.links.series.prev.page
yelp-xsl-42.4/doc/yelp-xsl/C/mal2html.links.topic.page
yelp-xsl-42.4/doc/yelp-xsl/C/mal2html.links.ul.li.page
yelp-xsl-42.4/doc/yelp-xsl/C/mal2html.links.ul.page
yelp-xsl-42.4/doc/yelp-xsl/C/mal2html.math.mode.page
yelp-xsl-42.4/doc/yelp-xsl/C/mal2html.media.audio.page
yelp-xsl-42.4/doc/yelp-xsl/C/mal2html.media.image.page
yelp-xsl-42.4/doc/yelp-xsl/C/mal2html.media.video.page
yelp-xsl-42.4/doc/yelp-xsl/C/mal2html.page
yelp-xsl-42.4/doc/yelp-xsl/C/mal2html.page.about.page
yelp-xsl-42.4/doc/yelp-xsl/C/mal2html.page.linktrails.empty.page
yelp-xsl-42.4/doc/yelp-xsl/C/mal2html.page.linktrails.link.page
yelp-xsl-42.4/doc/yelp-xsl/C/mal2html.page.linktrails.page
yelp-xsl-42.4/doc/yelp-xsl/C/mal2html.page.linktrails.trail.page
yelp-xsl-42.4/doc/yelp-xsl/C/mal2html.page.linktrails.trail.prefix.page
yelp-xsl-42.4/doc/yelp-xsl/C/mal2html.pre.page
yelp-xsl-42.4/doc/yelp-xsl/C/mal2html.section.page
yelp-xsl-42.4/doc/yelp-xsl/C/mal2html.span.page
yelp-xsl-42.4/doc/yelp-xsl/C/mal2html.svg.mode.page
yelp-xsl-42.4/doc/yelp-xsl/C/mal2html.title.mode.page
yelp-xsl-42.4/doc/yelp-xsl/C/mal2html.tree.mode.page
yelp-xsl-42.4/doc/yelp-xsl/C/mal2html.ttml.mode.page
yelp-xsl-42.4/doc/yelp-xsl/C/mal2html.ui.expander.class.page
yelp-xsl-42.4/doc/yelp-xsl/C/mal2html.ui.expander.data.page
yelp-xsl-42.4/doc/yelp-xsl/C/mal2html.ui.links.img.attrs.page
yelp-xsl-42.4/doc/yelp-xsl/C/mal2html.ui.links.img.page
yelp-xsl-42.4/doc/yelp-xsl/C/mal2html.ui.links.img.src.page
yelp-xsl-42.4/doc/yelp-xsl/C/mal2html.ui.links.tiles.page
yelp-xsl-42.4/doc/yelp-xsl/C/mal2xhtml.page
yelp-xsl-42.4/doc/yelp-xsl/C/modes.page
yelp-xsl-42.4/doc/yelp-xsl/C/params.page
yelp-xsl-42.4/doc/yelp-xsl/C/stubs.page
yelp-xsl-42.4/doc/yelp-xsl/C/stylesheets.page
yelp-xsl-42.4/doc/yelp-xsl/C/templates.page
yelp-xsl-42.4/doc/yelp-xsl/C/tmpl.file.page
yelp-xsl-42.4/doc/yelp-xsl/C/tmpl.page
yelp-xsl-42.4/doc/yelp-xsl/C/tmpl.text.page
yelp-xsl-42.4/doc/yelp-xsl/C/translating.xml
yelp-xsl-42.4/doc/yelp-xsl/C/ttml.features.page
yelp-xsl-42.4/doc/yelp-xsl/C/ttml.page
yelp-xsl-42.4/doc/yelp-xsl/C/ttml.profile.attr.page
yelp-xsl-42.4/doc/yelp-xsl/C/ttml.profile.page
yelp-xsl-42.4/doc/yelp-xsl/C/ttml.time.range.page
yelp-xsl-42.4/doc/yelp-xsl/C/ttml.time.seconds.page
yelp-xsl-42.4/doc/yelp-xsl/C/utils.email_address.page
yelp-xsl-42.4/doc/yelp-xsl/C/utils.linenumbering.page
yelp-xsl-42.4/doc/yelp-xsl/C/utils.page
yelp-xsl-42.4/doc/yelp-xsl/C/utils.repeat_string.page
yelp-xsl-42.4/doc/yelp-xsl/C/utils.strip_newlines.page
yelp-xsl-42.4/doc/yelp-xsl/de/
yelp-xsl-42.4/doc/yelp-xsl/de/de.po
yelp-xsl-42.4/doc/yelp-xsl/meson.build
yelp-xsl-42.4/doc/yelp-xsl/static/
yelp-xsl-42.4/doc/yelp-xsl/static/index.duck
yelp-xsl-42.4/doc/yelp-xsl/static/keys.duck
yelp-xsl-42.4/doc/yelp-xsl/static/modes.duck
yelp-xsl-42.4/doc/yelp-xsl/static/params.duck
yelp-xsl-42.4/doc/yelp-xsl/static/stubs.duck
yelp-xsl-42.4/doc/yelp-xsl/static/stylesheets.duck
yelp-xsl-42.4/doc/yelp-xsl/static/templates.duck
yelp-xsl-42.4/doc/yelp-xsl/xsldoc.xsl
yelp-xsl-42.4/i18n/
yelp-xsl-42.4/i18n/PLURALS.txt
yelp-xsl-42.4/i18n/STYLESHEETS.xhtml
yelp-xsl-42.4/i18n/notes/
yelp-xsl-42.4/i18n/notes/el.txt
yelp-xsl-42.4/i18n/notes/fa.txt
yelp-xsl-42.4/i18n/notes/fr.txt
yelp-xsl-42.4/i18n/notes/sr.txt
yelp-xsl-42.4/i18n/notes/th.txt
yelp-xsl-42.4/i18n/notes/vi.txt
yelp-xsl-42.4/i18n/plurals.sh
yelp-xsl-42.4/i18n/test-numbers
yelp-xsl-42.4/js/
yelp-xsl-42.4/js/README.duck
yelp-xsl-42.4/js/ducktype.js
yelp-xsl-42.4/js/highlight.pack.js
yelp-xsl-42.4/js/meson.build
yelp-xsl-42.4/localbuild.sh
yelp-xsl-42.4/meson.build
yelp-xsl-42.4/meson_options.txt
yelp-xsl-42.4/po/
yelp-xsl-42.4/po/.gitignore
yelp-xsl-42.4/po/ChangeLog
yelp-xsl-42.4/po/LINGUAS
yelp-xsl-42.4/po/Makevars
yelp-xsl-42.4/po/POTFILES.in
yelp-xsl-42.4/po/POTFILES.skip
yelp-xsl-42.4/po/ab.po
yelp-xsl-42.4/po/af.po
yelp-xsl-42.4/po/ar.po
yelp-xsl-42.4/po/as.po
yelp-xsl-42.4/po/ast.po
yelp-xsl-42.4/po/be.po
yelp-xsl-42.4/po/be@latin.po
yelp-xsl-42.4/po/bg.po
yelp-xsl-42.4/po/bn.po
yelp-xsl-42.4/po/bn_IN.po
yelp-xsl-42.4/po/bs.po
yelp-xsl-42.4/po/ca.po
yelp-xsl-42.4/po/ca@valencia.po
yelp-xsl-42.4/po/ckb.po
yelp-xsl-42.4/po/cs.po
yelp-xsl-42.4/po/cy.po
yelp-xsl-42.4/po/da.po
yelp-xsl-42.4/po/de.po
yelp-xsl-42.4/po/dz.po
yelp-xsl-42.4/po/el.po
yelp-xsl-42.4/po/en@shaw.po
yelp-xsl-42.4/po/en_CA.po
yelp-xsl-42.4/po/en_GB.po
yelp-xsl-42.4/po/eo.po
yelp-xsl-42.4/po/es.po
yelp-xsl-42.4/po/et.po
yelp-xsl-42.4/po/eu.po
yelp-xsl-42.4/po/fa.po
yelp-xsl-42.4/po/fi.po
yelp-xsl-42.4/po/fr.po
yelp-xsl-42.4/po/fur.po
yelp-xsl-42.4/po/ga.po
yelp-xsl-42.4/po/gd.po
yelp-xsl-42.4/po/gl.po
yelp-xsl-42.4/po/gu.po
yelp-xsl-42.4/po/he.po
yelp-xsl-42.4/po/hi.po
yelp-xsl-42.4/po/hr.po
yelp-xsl-42.4/po/hu.po
yelp-xsl-42.4/po/ia.po
yelp-xsl-42.4/po/id.po
yelp-xsl-42.4/po/ie.po
yelp-xsl-42.4/po/is.po
yelp-xsl-42.4/po/it.po
yelp-xsl-42.4/po/its/
yelp-xsl-42.4/po/its/yelp-xsl.its
yelp-xsl-42.4/po/its/yelp-xsl.loc
yelp-xsl-42.4/po/ja.po
yelp-xsl-42.4/po/ka.po
yelp-xsl-42.4/po/kab.po
yelp-xsl-42.4/po/kk.po
yelp-xsl-42.4/po/km.po
yelp-xsl-42.4/po/kn.po
yelp-xsl-42.4/po/ko.po
yelp-xsl-42.4/po/ky.po
yelp-xsl-42.4/po/lt.po
yelp-xsl-42.4/po/lv.po
yelp-xsl-42.4/po/mai.po
yelp-xsl-42.4/po/meson.build
yelp-xsl-42.4/po/mg.po
yelp-xsl-42.4/po/mk.po
yelp-xsl-42.4/po/ml.po
yelp-xsl-42.4/po/mn.po
yelp-xsl-42.4/po/mr.po
yelp-xsl-42.4/po/ms.po
yelp-xsl-42.4/po/nb.po
yelp-xsl-42.4/po/ne.po
yelp-xsl-42.4/po/nl.po
yelp-xsl-42.4/po/nn.po
yelp-xsl-42.4/po/oc.po
yelp-xsl-42.4/po/or.po
yelp-xsl-42.4/po/pa.po
yelp-xsl-42.4/po/pl.po
yelp-xsl-42.4/po/pt.po
yelp-xsl-42.4/po/pt_BR.po
yelp-xsl-42.4/po/ro.po
yelp-xsl-42.4/po/ru.po
yelp-xsl-42.4/po/rw.po
yelp-xsl-42.4/po/si.po
yelp-xsl-42.4/po/sk.po
yelp-xsl-42.4/po/sl.po
yelp-xsl-42.4/po/sq.po
yelp-xsl-42.4/po/sr.po
yelp-xsl-42.4/po/sr@latin.po
yelp-xsl-42.4/po/sv.po
yelp-xsl-42.4/po/ta.po
yelp-xsl-42.4/po/te.po
yelp-xsl-42.4/po/tg.po
yelp-xsl-42.4/po/th.po
yelp-xsl-42.4/po/tr.po
yelp-xsl-42.4/po/ug.po
yelp-xsl-42.4/po/uk.po
yelp-xsl-42.4/po/uz.po
yelp-xsl-42.4/po/uz@cyrillic.po
yelp-xsl-42.4/po/vi.po
yelp-xsl-42.4/po/wa.po
yelp-xsl-42.4/po/zh_CN.po
yelp-xsl-42.4/po/zh_HK.po
yelp-xsl-42.4/po/zh_TW.po
yelp-xsl-42.4/test/
yelp-xsl-42.4/test/colors/
yelp-xsl-42.4/test/colors/README
yelp-xsl-42.4/test/colors/build.sh
yelp-xsl-42.4/test/colors/meson.build
yelp-xsl-42.4/test/colors/testcolors.xsl
yelp-xsl-42.4/test/docbook/
yelp-xsl-42.4/test/docbook/README
yelp-xsl-42.4/test/docbook/build.sh
yelp-xsl-42.4/test/docbook/source/
yelp-xsl-42.4/test/docbook/source/bibliography.xml
yelp-xsl-42.4/test/docbook/source/blocks.xml
yelp-xsl-42.4/test/docbook/source/cals-tables.xml
yelp-xsl-42.4/test/docbook/source/classsynopsis.xml
yelp-xsl-42.4/test/docbook/source/funcsynopsis.xml
yelp-xsl-42.4/test/docbook/source/glossary.xml
yelp-xsl-42.4/test/docbook/source/idx.xml
yelp-xsl-42.4/test/docbook/source/index.docbook
yelp-xsl-42.4/test/docbook/source/inline.xml
yelp-xsl-42.4/test/docbook/source/lists.xml
yelp-xsl-42.4/test/docbook/source/reference.xml
yelp-xsl-42.4/test/mallard/
yelp-xsl-42.4/test/mallard/README
yelp-xsl-42.4/test/mallard/build.sh
yelp-xsl-42.4/test/mallard/source/
yelp-xsl-42.4/test/mallard/source/banner-help.svg
yelp-xsl-42.4/test/mallard/source/credit1.page
yelp-xsl-42.4/test/mallard/source/index.page
yelp-xsl-42.4/test/mallard/source/note1.page
yelp-xsl-42.4/test/mallard/source/task1.page
yelp-xsl-42.4/test/mallard/source/yelp.svg
yelp-xsl-42.4/test/meson.build
yelp-xsl-42.4/test/syntax/
yelp-xsl-42.4/test/syntax/README
yelp-xsl-42.4/test/syntax/build.sh
yelp-xsl-42.4/test/syntax/meson.build
yelp-xsl-42.4/test/syntax/source/
yelp-xsl-42.4/test/syntax/source/code/
yelp-xsl-42.4/test/syntax/source/code/actionscript
yelp-xsl-42.4/test/syntax/source/code/apache
yelp-xsl-42.4/test/syntax/source/code/asciidoc
yelp-xsl-42.4/test/syntax/source/code/awk
yelp-xsl-42.4/test/syntax/source/code/bash
yelp-xsl-42.4/test/syntax/source/code/clojure
yelp-xsl-42.4/test/syntax/source/code/cmake
yelp-xsl-42.4/test/syntax/source/code/cpp
yelp-xsl-42.4/test/syntax/source/code/csharp
yelp-xsl-42.4/test/syntax/source/code/css
yelp-xsl-42.4/test/syntax/source/code/d
yelp-xsl-42.4/test/syntax/source/code/diff
yelp-xsl-42.4/test/syntax/source/code/django
yelp-xsl-42.4/test/syntax/source/code/dockerfile
yelp-xsl-42.4/test/syntax/source/code/dos
yelp-xsl-42.4/test/syntax/source/code/ducktype
yelp-xsl-42.4/test/syntax/source/code/erb
yelp-xsl-42.4/test/syntax/source/code/fsharp
yelp-xsl-42.4/test/syntax/source/code/go
yelp-xsl-42.4/test/syntax/source/code/haml
yelp-xsl-42.4/test/syntax/source/code/haskell
yelp-xsl-42.4/test/syntax/source/code/http
yelp-xsl-42.4/test/syntax/source/code/ini
yelp-xsl-42.4/test/syntax/source/code/java
yelp-xsl-42.4/test/syntax/source/code/javascript
yelp-xsl-42.4/test/syntax/source/code/json
yelp-xsl-42.4/test/syntax/source/code/latex
yelp-xsl-42.4/test/syntax/source/code/lisp
yelp-xsl-42.4/test/syntax/source/code/lua
yelp-xsl-42.4/test/syntax/source/code/makefile
yelp-xsl-42.4/test/syntax/source/code/markdown
yelp-xsl-42.4/test/syntax/source/code/matlab
yelp-xsl-42.4/test/syntax/source/code/nginx
yelp-xsl-42.4/test/syntax/source/code/objectivec
yelp-xsl-42.4/test/syntax/source/code/perl
yelp-xsl-42.4/test/syntax/source/code/php
yelp-xsl-42.4/test/syntax/source/code/python
yelp-xsl-42.4/test/syntax/source/code/r
yelp-xsl-42.4/test/syntax/source/code/ruby
yelp-xsl-42.4/test/syntax/source/code/rust
yelp-xsl-42.4/test/syntax/source/code/scala
yelp-xsl-42.4/test/syntax/source/code/scheme
yelp-xsl-42.4/test/syntax/source/code/shell
yelp-xsl-42.4/test/syntax/source/code/smalltalk
yelp-xsl-42.4/test/syntax/source/code/sml
yelp-xsl-42.4/test/syntax/source/code/sql
yelp-xsl-42.4/test/syntax/source/code/tcl
yelp-xsl-42.4/test/syntax/source/code/vala
yelp-xsl-42.4/test/syntax/source/code/xml
yelp-xsl-42.4/test/syntax/source/code/xquery
yelp-xsl-42.4/test/syntax/source/code/yaml
yelp-xsl-42.4/test/syntax/source/dita.dita
yelp-xsl-42.4/test/syntax/source/docbook.docbook
yelp-xsl-42.4/test/syntax/source/mallard.page
yelp-xsl-42.4/xslt/
yelp-xsl-42.4/xslt/common/
yelp-xsl-42.4/xslt/common/color.xsl
yelp-xsl-42.4/xslt/common/css/
yelp-xsl-42.4/xslt/common/css/README
yelp-xsl-42.4/xslt/common/css/core.css.tmpl
yelp-xsl-42.4/xslt/common/css/docbook.css.tmpl
yelp-xsl-42.4/xslt/common/css/elements.css.tmpl
yelp-xsl-42.4/xslt/common/css/mallard-editor.css.tmpl
yelp-xsl-42.4/xslt/common/css/mallard.css.tmpl
yelp-xsl-42.4/xslt/common/css/meson.build
yelp-xsl-42.4/xslt/common/css/syntax.css.tmpl
yelp-xsl-42.4/xslt/common/domains/
yelp-xsl-42.4/xslt/common/domains/check.xsl
yelp-xsl-42.4/xslt/common/domains/gen_yelp_xml.sh
yelp-xsl-42.4/xslt/common/domains/meson.build
yelp-xsl-42.4/xslt/common/domains/yelp-xsl.pot
yelp-xsl-42.4/xslt/common/domains/yelp-xsl.xml.in
yelp-xsl-42.4/xslt/common/html.xsl
yelp-xsl-42.4/xslt/common/icons/
yelp-xsl-42.4/xslt/common/icons/meson.build
yelp-xsl-42.4/xslt/common/icons/yelp-note-advanced.svg
yelp-xsl-42.4/xslt/common/icons/yelp-note-bug.svg
yelp-xsl-42.4/xslt/common/icons/yelp-note-important.svg
yelp-xsl-42.4/xslt/common/icons/yelp-note-note.svg
yelp-xsl-42.4/xslt/common/icons/yelp-note-package.svg
yelp-xsl-42.4/xslt/common/icons/yelp-note-tip.svg
yelp-xsl-42.4/xslt/common/icons/yelp-note-warning.svg
yelp-xsl-42.4/xslt/common/icons.xsl
yelp-xsl-42.4/xslt/common/l10n-numbers.xsl
yelp-xsl-42.4/xslt/common/l10n.xsl
yelp-xsl-42.4/xslt/common/meson.build
yelp-xsl-42.4/xslt/common/tmpl.xsl
yelp-xsl-42.4/xslt/common/ttml.xsl
yelp-xsl-42.4/xslt/common/utils.xsl
yelp-xsl-42.4/xslt/dita/
yelp-xsl-42.4/xslt/dita/common/
yelp-xsl-42.4/xslt/dita/common/dita-map.xsl
yelp-xsl-42.4/xslt/dita/common/dita-ref.xsl
yelp-xsl-42.4/xslt/dita/common/dita-selectors.mod
yelp-xsl-42.4/xslt/dita/common/meson.build
yelp-xsl-42.4/xslt/dita/html/
yelp-xsl-42.4/xslt/dita/html/dita2html-block.xsl
yelp-xsl-42.4/xslt/dita/html/dita2html-inline.xsl
yelp-xsl-42.4/xslt/dita/html/dita2html-list.xsl
yelp-xsl-42.4/xslt/dita/html/dita2html-media.xsl
yelp-xsl-42.4/xslt/dita/html/dita2html-table.xsl
yelp-xsl-42.4/xslt/dita/html/dita2html-topic.xsl
yelp-xsl-42.4/xslt/dita/html/dita2html.xsl
yelp-xsl-42.4/xslt/dita/html/dita2xhtml.xsl
yelp-xsl-42.4/xslt/dita/html/meson.build
yelp-xsl-42.4/xslt/dita/meson.build
yelp-xsl-42.4/xslt/docbook/
yelp-xsl-42.4/xslt/docbook/common/
yelp-xsl-42.4/xslt/docbook/common/db-chunk.xsl
yelp-xsl-42.4/xslt/docbook/common/db-common.xsl
yelp-xsl-42.4/xslt/docbook/common/db-profile.xsl
yelp-xsl-42.4/xslt/docbook/common/db-selectors.mod
yelp-xsl-42.4/xslt/docbook/common/db-title.xsl
yelp-xsl-42.4/xslt/docbook/common/db-xref.xsl
yelp-xsl-42.4/xslt/docbook/common/meson.build
yelp-xsl-42.4/xslt/docbook/html/
yelp-xsl-42.4/xslt/docbook/html/TODO
yelp-xsl-42.4/xslt/docbook/html/db2html-bibliography.xsl
yelp-xsl-42.4/xslt/docbook/html/db2html-block.xsl
yelp-xsl-42.4/xslt/docbook/html/db2html-callout.xsl
yelp-xsl-42.4/xslt/docbook/html/db2html-classsynopsis.xsl
yelp-xsl-42.4/xslt/docbook/html/db2html-cmdsynopsis.xsl
yelp-xsl-42.4/xslt/docbook/html/db2html-division.xsl
yelp-xsl-42.4/xslt/docbook/html/db2html-ebnf.xsl
yelp-xsl-42.4/xslt/docbook/html/db2html-footnote.xsl
yelp-xsl-42.4/xslt/docbook/html/db2html-funcsynopsis.xsl
yelp-xsl-42.4/xslt/docbook/html/db2html-index.xsl
yelp-xsl-42.4/xslt/docbook/html/db2html-inline.xsl
yelp-xsl-42.4/xslt/docbook/html/db2html-links.xsl
yelp-xsl-42.4/xslt/docbook/html/db2html-list.xsl
yelp-xsl-42.4/xslt/docbook/html/db2html-math.xsl
yelp-xsl-42.4/xslt/docbook/html/db2html-media.xsl
yelp-xsl-42.4/xslt/docbook/html/db2html-refentry.xsl
yelp-xsl-42.4/xslt/docbook/html/db2html-suppressed.xsl
yelp-xsl-42.4/xslt/docbook/html/db2html-table.xsl
yelp-xsl-42.4/xslt/docbook/html/db2html-xref.xsl
yelp-xsl-42.4/xslt/docbook/html/db2html.xsl
yelp-xsl-42.4/xslt/docbook/html/db2xhtml.xsl
yelp-xsl-42.4/xslt/docbook/html/elements
yelp-xsl-42.4/xslt/docbook/html/meson.build
yelp-xsl-42.4/xslt/docbook/html/report.sh
yelp-xsl-42.4/xslt/docbook/html/report.xslt
yelp-xsl-42.4/xslt/docbook/meson.build
yelp-xsl-42.4/xslt/mallard/
yelp-xsl-42.4/xslt/mallard/cache/
yelp-xsl-42.4/xslt/mallard/cache/mal-cache.xsl
yelp-xsl-42.4/xslt/mallard/cache/meson.build
yelp-xsl-42.4/xslt/mallard/common/
yelp-xsl-42.4/xslt/mallard/common/mal-gloss.xsl
yelp-xsl-42.4/xslt/mallard/common/mal-if.xsl
yelp-xsl-42.4/xslt/mallard/common/mal-link.xsl
yelp-xsl-42.4/xslt/mallard/common/mal-sort.xsl
yelp-xsl-42.4/xslt/mallard/common/meson.build
yelp-xsl-42.4/xslt/mallard/html/
yelp-xsl-42.4/xslt/mallard/html/mal2html-api.xsl
yelp-xsl-42.4/xslt/mallard/html/mal2html-block.xsl
yelp-xsl-42.4/xslt/mallard/html/mal2html-gloss.xsl
yelp-xsl-42.4/xslt/mallard/html/mal2html-inline.xsl
yelp-xsl-42.4/xslt/mallard/html/mal2html-links.xsl
yelp-xsl-42.4/xslt/mallard/html/mal2html-list.xsl
yelp-xsl-42.4/xslt/mallard/html/mal2html-math.xsl
yelp-xsl-42.4/xslt/mallard/html/mal2html-media.xsl
yelp-xsl-42.4/xslt/mallard/html/mal2html-page.xsl
yelp-xsl-42.4/xslt/mallard/html/mal2html-svg.xsl
yelp-xsl-42.4/xslt/mallard/html/mal2html-table.xsl
yelp-xsl-42.4/xslt/mallard/html/mal2html-ui.xsl
yelp-xsl-42.4/xslt/mallard/html/mal2html.xsl
yelp-xsl-42.4/xslt/mallard/html/mal2xhtml.xsl
yelp-xsl-42.4/xslt/mallard/html/meson.build
yelp-xsl-42.4/xslt/mallard/meson.build
yelp-xsl-42.4/xslt/meson.build
yelp-xsl-42.4/yelp-xsl.doap
yelp-xsl-42.4/yelp-xsl.pc.in
The Meson build system
Version: 1.7.0
Source dir: /blfs/builds/yelp-xsl-42.4
Build dir: /blfs/builds/yelp-xsl-42.4/build
Build type: native build
Project name: yelp-xsl
Project version: 42.4
Host machine cpu family: x86_64
Host machine cpu: x86_64
Program xmllint found: YES (/usr/bin/xmllint)
Program xsltproc found: YES (/usr/bin/xsltproc)
Program itstool found: YES (/usr/bin/itstool)
Program awk found: YES (/usr/bin/awk)
Program itstool found: YES (/usr/bin/itstool)
Configuring yelp-xsl.pc using configuration
Program msgfmt found: YES (/usr/bin/msgfmt)
Program msginit found: YES (/usr/bin/msginit)
Program msgmerge found: YES (/usr/bin/msgmerge)
Program xgettext found: YES (/usr/bin/xgettext)
Program gen_yelp_xml.sh found: YES (/blfs/builds/yelp-xsl-42.4/xslt/common/domains/gen_yelp_xml.sh)
Program msgfmt found: YES (/usr/bin/msgfmt)
Message: 
------
yelp-xsl 42.4

     DITA: false
  DocBook: true
  Mallard: true
   Manual: false

Directories:
   prefix: /usr
  datadir: /usr/share
------
Build targets in project: 99

yelp-xsl 42.4

  User defined options
    buildtype: release
    prefix   : /usr

Found ninja-1.12.1 at /usr/bin/ninja
make: *** No rule to make target 'install'.  Stop.
