--2025-06-13 07:10:44--  https://github.com/plougher/squashfs-tools/archive/refs/tags/4.7.tar.gz
Resolving github.com (github.com)... 140.82.114.3
Connecting to github.com (github.com)|140.82.114.3|:443... connected.
HTTP request sent, awaiting response... 302 Found
Location: https://codeload.github.com/plougher/squashfs-tools/tar.gz/refs/tags/4.7 [following]
--2025-06-13 07:10:44--  https://codeload.github.com/plougher/squashfs-tools/tar.gz/refs/tags/4.7
Resolving codeload.github.com (codeload.github.com)... 140.82.114.9
Connecting to codeload.github.com (codeload.github.com)|140.82.114.9|:443... connected.
HTTP request sent, awaiting response... 200 OK
Length: unspecified [application/x-gzip]
Saving to: '4.7.tar.gz'

     0K .......... .......... .......... .......... .......... 2.24M
    50K .......... .......... .......... .......... .......... 4.10M
   100K .......... .......... .......... .......... .......... 97.9M
   150K .......... .......... .......... .......... .......... 82.5M
   200K .......... .......... .......... .......... .......... 4.19M
   250K .......... .......... .......... .......... ..........  149M
   300K .......... .......... .......... .......... ..........  127M
   350K .......... .......... .......... .......... .......... 83.9M
   400K .......... .......... .......... .......... .......... 4.74M
   450K .......... .......... .......... .......... .......... 85.1M
   500K .......                                                 213M=0.06s

2025-06-13 07:10:44 (8.44 MB/s) - '4.7.tar.gz' saved [519217]

squashfs-tools-4.7/
squashfs-tools-4.7/.gitattributes
squashfs-tools-4.7/ACKNOWLEDGEMENTS
squashfs-tools-4.7/CHANGES
squashfs-tools-4.7/COPYING
squashfs-tools-4.7/Documentation/
squashfs-tools-4.7/Documentation/4.5.1/
squashfs-tools-4.7/Documentation/4.5.1/ACTIONS-README
squashfs-tools-4.7/Documentation/4.5.1/INSTALL
squashfs-tools-4.7/Documentation/4.5.1/README
squashfs-tools-4.7/Documentation/4.5.1/TECHNICAL-INFO
squashfs-tools-4.7/Documentation/4.5.1/USAGE
squashfs-tools-4.7/Documentation/4.5/
squashfs-tools-4.7/Documentation/4.5/ACTIONS-README
squashfs-tools-4.7/Documentation/4.5/INSTALL
squashfs-tools-4.7/Documentation/4.5/README
squashfs-tools-4.7/Documentation/4.5/TECHNICAL-INFO
squashfs-tools-4.7/Documentation/4.5/USAGE
squashfs-tools-4.7/Documentation/4.6.1/
squashfs-tools-4.7/Documentation/4.6.1/ACTIONS-README
squashfs-tools-4.7/Documentation/4.6.1/INSTALL
squashfs-tools-4.7/Documentation/4.6.1/README
squashfs-tools-4.7/Documentation/4.6.1/TECHNICAL-INFO
squashfs-tools-4.7/Documentation/4.6.1/USAGE
squashfs-tools-4.7/Documentation/4.6.1/USAGE-MKSQUASHFS
squashfs-tools-4.7/Documentation/4.6.1/USAGE-SQFSCAT
squashfs-tools-4.7/Documentation/4.6.1/USAGE-SQFSTAR
squashfs-tools-4.7/Documentation/4.6.1/USAGE-UNSQUASHFS
squashfs-tools-4.7/Documentation/4.6/
squashfs-tools-4.7/Documentation/4.6/ACTIONS-README
squashfs-tools-4.7/Documentation/4.6/INSTALL
squashfs-tools-4.7/Documentation/4.6/README
squashfs-tools-4.7/Documentation/4.6/TECHNICAL-INFO
squashfs-tools-4.7/Documentation/4.6/USAGE
squashfs-tools-4.7/Documentation/4.6/USAGE-MKSQUASHFS
squashfs-tools-4.7/Documentation/4.6/USAGE-SQFSCAT
squashfs-tools-4.7/Documentation/4.6/USAGE-SQFSTAR
squashfs-tools-4.7/Documentation/4.6/USAGE-UNSQUASHFS
squashfs-tools-4.7/Documentation/4.7/
squashfs-tools-4.7/Documentation/4.7/ACTIONS-README
squashfs-tools-4.7/Documentation/4.7/INSTALL
squashfs-tools-4.7/Documentation/4.7/README
squashfs-tools-4.7/Documentation/4.7/TECHNICAL-INFO
squashfs-tools-4.7/Documentation/4.7/USAGE
squashfs-tools-4.7/Documentation/4.7/USAGE-MKSQUASHFS
squashfs-tools-4.7/Documentation/4.7/USAGE-SQFSCAT
squashfs-tools-4.7/Documentation/4.7/USAGE-SQFSTAR
squashfs-tools-4.7/Documentation/4.7/USAGE-UNSQUASHFS
squashfs-tools-4.7/Documentation/manpages/
squashfs-tools-4.7/Documentation/manpages/.gitattributes
squashfs-tools-4.7/Documentation/manpages/README
squashfs-tools-4.7/Documentation/manpages/mksquashfs.1
squashfs-tools-4.7/Documentation/manpages/sqfscat.1
squashfs-tools-4.7/Documentation/manpages/sqfstar.1
squashfs-tools-4.7/Documentation/manpages/unsquashfs.1
squashfs-tools-4.7/Documentation/old/
squashfs-tools-4.7/Documentation/old/RELEASE-READMEs/
squashfs-tools-4.7/Documentation/old/RELEASE-READMEs/DONATIONS
squashfs-tools-4.7/Documentation/old/RELEASE-READMEs/PERFORMANCE.README
squashfs-tools-4.7/Documentation/old/RELEASE-READMEs/README-2.0
squashfs-tools-4.7/Documentation/old/RELEASE-READMEs/README-2.0-AMD64
squashfs-tools-4.7/Documentation/old/RELEASE-READMEs/README-2.1
squashfs-tools-4.7/Documentation/old/RELEASE-READMEs/README-3.0
squashfs-tools-4.7/Documentation/old/RELEASE-READMEs/README-3.1
squashfs-tools-4.7/Documentation/old/RELEASE-READMEs/README-3.2
squashfs-tools-4.7/Documentation/old/RELEASE-READMEs/README-3.3
squashfs-tools-4.7/Documentation/old/RELEASE-READMEs/README-4.0
squashfs-tools-4.7/Documentation/old/RELEASE-READMEs/README-4.1
squashfs-tools-4.7/Documentation/old/RELEASE-READMEs/README-4.2
squashfs-tools-4.7/Documentation/old/RELEASE-READMEs/README-4.3
squashfs-tools-4.7/Documentation/old/RELEASE-READMEs/README-4.4
squashfs-tools-4.7/Documentation/old/examples/
squashfs-tools-4.7/Documentation/old/examples/pseudo-file.example
squashfs-tools-4.7/INSTALL
squashfs-tools-4.7/README
squashfs-tools-4.7/README.md
squashfs-tools-4.7/USAGE
squashfs-tools-4.7/squashfs-tools/
squashfs-tools-4.7/squashfs-tools/.gitignore
squashfs-tools-4.7/squashfs-tools/Makefile
squashfs-tools-4.7/squashfs-tools/action.c
squashfs-tools-4.7/squashfs-tools/action.h
squashfs-tools-4.7/squashfs-tools/alloc.h
squashfs-tools-4.7/squashfs-tools/atomic_swap.h
squashfs-tools-4.7/squashfs-tools/caches-queues-lists.c
squashfs-tools-4.7/squashfs-tools/caches-queues-lists.h
squashfs-tools-4.7/squashfs-tools/compressor.c
squashfs-tools-4.7/squashfs-tools/compressor.h
squashfs-tools-4.7/squashfs-tools/date.c
squashfs-tools-4.7/squashfs-tools/date.h
squashfs-tools-4.7/squashfs-tools/endian_compat.h
squashfs-tools-4.7/squashfs-tools/error.h
squashfs-tools-4.7/squashfs-tools/fnmatch_compat.h
squashfs-tools-4.7/squashfs-tools/generate-manpages/
squashfs-tools-4.7/squashfs-tools/generate-manpages/functions.sh
squashfs-tools-4.7/squashfs-tools/generate-manpages/install-manpages.sh
squashfs-tools-4.7/squashfs-tools/generate-manpages/mksquashfs-manpage.sh
squashfs-tools-4.7/squashfs-tools/generate-manpages/mksquashfs.h2m
squashfs-tools-4.7/squashfs-tools/generate-manpages/sqfscat-manpage.sh
squashfs-tools-4.7/squashfs-tools/generate-manpages/sqfscat.h2m
squashfs-tools-4.7/squashfs-tools/generate-manpages/sqfstar-manpage.sh
squashfs-tools-4.7/squashfs-tools/generate-manpages/sqfstar.h2m
squashfs-tools-4.7/squashfs-tools/generate-manpages/unsquashfs-manpage.sh
squashfs-tools-4.7/squashfs-tools/generate-manpages/unsquashfs.h2m
squashfs-tools-4.7/squashfs-tools/gzip_wrapper.c
squashfs-tools-4.7/squashfs-tools/gzip_wrapper.h
squashfs-tools-4.7/squashfs-tools/info.c
squashfs-tools-4.7/squashfs-tools/info.h
squashfs-tools-4.7/squashfs-tools/limit.c
squashfs-tools-4.7/squashfs-tools/limit.h
squashfs-tools-4.7/squashfs-tools/lz4_wrapper.c
squashfs-tools-4.7/squashfs-tools/lz4_wrapper.h
squashfs-tools-4.7/squashfs-tools/lzma_wrapper.c
squashfs-tools-4.7/squashfs-tools/lzma_xz_wrapper.c
squashfs-tools-4.7/squashfs-tools/lzo_wrapper.c
squashfs-tools-4.7/squashfs-tools/lzo_wrapper.h
squashfs-tools-4.7/squashfs-tools/memory.c
squashfs-tools-4.7/squashfs-tools/memory.h
squashfs-tools-4.7/squashfs-tools/memory_compat.h
squashfs-tools-4.7/squashfs-tools/merge_sort.h
squashfs-tools-4.7/squashfs-tools/mksquashfs.c
squashfs-tools-4.7/squashfs-tools/mksquashfs.h
squashfs-tools-4.7/squashfs-tools/mksquashfs_error.h
squashfs-tools-4.7/squashfs-tools/mksquashfs_help.c
squashfs-tools-4.7/squashfs-tools/mksquashfs_help.h
squashfs-tools-4.7/squashfs-tools/mksquashfs_xattr.h
squashfs-tools-4.7/squashfs-tools/nprocessors_compat.c
squashfs-tools-4.7/squashfs-tools/nprocessors_compat.h
squashfs-tools-4.7/squashfs-tools/print_pager.c
squashfs-tools-4.7/squashfs-tools/print_pager.h
squashfs-tools-4.7/squashfs-tools/process_fragments.c
squashfs-tools-4.7/squashfs-tools/process_fragments.h
squashfs-tools-4.7/squashfs-tools/progressbar.c
squashfs-tools-4.7/squashfs-tools/progressbar.h
squashfs-tools-4.7/squashfs-tools/pseudo.c
squashfs-tools-4.7/squashfs-tools/pseudo.h
squashfs-tools-4.7/squashfs-tools/pseudo_xattr.c
squashfs-tools-4.7/squashfs-tools/read_fs.c
squashfs-tools-4.7/squashfs-tools/read_fs.h
squashfs-tools-4.7/squashfs-tools/read_xattrs.c
squashfs-tools-4.7/squashfs-tools/reader.c
squashfs-tools-4.7/squashfs-tools/reader.h
squashfs-tools-4.7/squashfs-tools/restore.c
squashfs-tools-4.7/squashfs-tools/restore.h
squashfs-tools-4.7/squashfs-tools/signals.h
squashfs-tools-4.7/squashfs-tools/sort.c
squashfs-tools-4.7/squashfs-tools/sort.h
squashfs-tools-4.7/squashfs-tools/squashfs_compat.h
squashfs-tools-4.7/squashfs-tools/squashfs_fs.h
squashfs-tools-4.7/squashfs-tools/squashfs_swap.h
squashfs-tools-4.7/squashfs-tools/swap.c
squashfs-tools-4.7/squashfs-tools/symbolic_mode.c
squashfs-tools-4.7/squashfs-tools/symbolic_mode.h
squashfs-tools-4.7/squashfs-tools/tar.c
squashfs-tools-4.7/squashfs-tools/tar.h
squashfs-tools-4.7/squashfs-tools/tar_xattr.c
squashfs-tools-4.7/squashfs-tools/thread.c
squashfs-tools-4.7/squashfs-tools/thread.h
squashfs-tools-4.7/squashfs-tools/time_compat.h
squashfs-tools-4.7/squashfs-tools/unsquash-1.c
squashfs-tools-4.7/squashfs-tools/unsquash-12.c
squashfs-tools-4.7/squashfs-tools/unsquash-123.c
squashfs-tools-4.7/squashfs-tools/unsquash-1234.c
squashfs-tools-4.7/squashfs-tools/unsquash-2.c
squashfs-tools-4.7/squashfs-tools/unsquash-3.c
squashfs-tools-4.7/squashfs-tools/unsquash-34.c
squashfs-tools-4.7/squashfs-tools/unsquash-4.c
squashfs-tools-4.7/squashfs-tools/unsquashfs.c
squashfs-tools-4.7/squashfs-tools/unsquashfs.h
squashfs-tools-4.7/squashfs-tools/unsquashfs_error.h
squashfs-tools-4.7/squashfs-tools/unsquashfs_help.c
squashfs-tools-4.7/squashfs-tools/unsquashfs_help.h
squashfs-tools-4.7/squashfs-tools/unsquashfs_info.c
squashfs-tools-4.7/squashfs-tools/unsquashfs_info.h
squashfs-tools-4.7/squashfs-tools/unsquashfs_xattr.c
squashfs-tools-4.7/squashfs-tools/unsquashfs_xattr_system.c
squashfs-tools-4.7/squashfs-tools/version.mk
squashfs-tools-4.7/squashfs-tools/virt_disk_pos.c
squashfs-tools-4.7/squashfs-tools/virt_disk_pos.h
squashfs-tools-4.7/squashfs-tools/xattr.c
squashfs-tools-4.7/squashfs-tools/xattr.h
squashfs-tools-4.7/squashfs-tools/xattr_compat.h
squashfs-tools-4.7/squashfs-tools/xattr_system.c
squashfs-tools-4.7/squashfs-tools/xz_wrapper.c
squashfs-tools-4.7/squashfs-tools/xz_wrapper.h
squashfs-tools-4.7/squashfs-tools/xz_wrapper_extended.c
squashfs-tools-4.7/squashfs-tools/zstd_wrapper.c
squashfs-tools-4.7/squashfs-tools/zstd_wrapper.h
cc -O2  -I. -D_FILE_OFFSET_BITS=64 -D_LARGEFILE_SOURCE -D_GNU_SOURCE -DCOMP_DEFAULT=\"gzip\" -Wall -DGZIP_SUPPORT -DLZO_SUPPORT -DLZ4_SUPPORT -DXZ_SUPPORT -DZSTD_SUPPORT -DXATTR_SUPPORT -DXATTR_DEFAULT -DXATTR_OS_SUPPORT -DMAX_READER_THREADS=1024 -DSMALL_READER_THREADS=4 -DBLOCK_READER_THREADS=4 -DVERSION=\"4.7\" -DDATE=\"2025/06/03\" -DYEAR=\"2025\"   -c -o mksquashfs.o mksquashfs.c
cc -O2  -I. -D_FILE_OFFSET_BITS=64 -D_LARGEFILE_SOURCE -D_GNU_SOURCE -DCOMP_DEFAULT=\"gzip\" -Wall -DGZIP_SUPPORT -DLZO_SUPPORT -DLZ4_SUPPORT -DXZ_SUPPORT -DZSTD_SUPPORT -DXATTR_SUPPORT -DXATTR_DEFAULT -DXATTR_OS_SUPPORT -DMAX_READER_THREADS=1024 -DSMALL_READER_THREADS=4 -DBLOCK_READER_THREADS=4 -DVERSION=\"4.7\" -DDATE=\"2025/06/03\" -DYEAR=\"2025\"   -c -o read_fs.o read_fs.c
cc -O2  -I. -D_FILE_OFFSET_BITS=64 -D_LARGEFILE_SOURCE -D_GNU_SOURCE -DCOMP_DEFAULT=\"gzip\" -Wall -DGZIP_SUPPORT -DLZO_SUPPORT -DLZ4_SUPPORT -DXZ_SUPPORT -DZSTD_SUPPORT -DXATTR_SUPPORT -DXATTR_DEFAULT -DXATTR_OS_SUPPORT -DMAX_READER_THREADS=1024 -DSMALL_READER_THREADS=4 -DBLOCK_READER_THREADS=4 -DVERSION=\"4.7\" -DDATE=\"2025/06/03\" -DYEAR=\"2025\"   -c -o action.o action.c
cc -O2  -I. -D_FILE_OFFSET_BITS=64 -D_LARGEFILE_SOURCE -D_GNU_SOURCE -DCOMP_DEFAULT=\"gzip\" -Wall -DGZIP_SUPPORT -DLZO_SUPPORT -DLZ4_SUPPORT -DXZ_SUPPORT -DZSTD_SUPPORT -DXATTR_SUPPORT -DXATTR_DEFAULT -DXATTR_OS_SUPPORT -DMAX_READER_THREADS=1024 -DSMALL_READER_THREADS=4 -DBLOCK_READER_THREADS=4 -DVERSION=\"4.7\" -DDATE=\"2025/06/03\" -DYEAR=\"2025\"   -c -o swap.o swap.c
cc -O2  -I. -D_FILE_OFFSET_BITS=64 -D_LARGEFILE_SOURCE -D_GNU_SOURCE -DCOMP_DEFAULT=\"gzip\" -Wall -DGZIP_SUPPORT -DLZO_SUPPORT -DLZ4_SUPPORT -DXZ_SUPPORT -DZSTD_SUPPORT -DXATTR_SUPPORT -DXATTR_DEFAULT -DXATTR_OS_SUPPORT -DMAX_READER_THREADS=1024 -DSMALL_READER_THREADS=4 -DBLOCK_READER_THREADS=4 -DVERSION=\"4.7\" -DDATE=\"2025/06/03\" -DYEAR=\"2025\"   -c -o pseudo.o pseudo.c
cc -O2  -I. -D_FILE_OFFSET_BITS=64 -D_LARGEFILE_SOURCE -D_GNU_SOURCE -DCOMP_DEFAULT=\"gzip\" -Wall -DGZIP_SUPPORT -DLZO_SUPPORT -DLZ4_SUPPORT -DXZ_SUPPORT -DZSTD_SUPPORT -DXATTR_SUPPORT -DXATTR_DEFAULT -DXATTR_OS_SUPPORT -DMAX_READER_THREADS=1024 -DSMALL_READER_THREADS=4 -DBLOCK_READER_THREADS=4 -DVERSION=\"4.7\" -DDATE=\"2025/06/03\" -DYEAR=\"2025\"   -c -o compressor.o compressor.c
cc -O2  -I. -D_FILE_OFFSET_BITS=64 -D_LARGEFILE_SOURCE -D_GNU_SOURCE -DCOMP_DEFAULT=\"gzip\" -Wall -DGZIP_SUPPORT -DLZO_SUPPORT -DLZ4_SUPPORT -DXZ_SUPPORT -DZSTD_SUPPORT -DXATTR_SUPPORT -DXATTR_DEFAULT -DXATTR_OS_SUPPORT -DMAX_READER_THREADS=1024 -DSMALL_READER_THREADS=4 -DBLOCK_READER_THREADS=4 -DVERSION=\"4.7\" -DDATE=\"2025/06/03\" -DYEAR=\"2025\"   -c -o sort.o sort.c
cc -O2  -I. -D_FILE_OFFSET_BITS=64 -D_LARGEFILE_SOURCE -D_GNU_SOURCE -DCOMP_DEFAULT=\"gzip\" -Wall -DGZIP_SUPPORT -DLZO_SUPPORT -DLZ4_SUPPORT -DXZ_SUPPORT -DZSTD_SUPPORT -DXATTR_SUPPORT -DXATTR_DEFAULT -DXATTR_OS_SUPPORT -DMAX_READER_THREADS=1024 -DSMALL_READER_THREADS=4 -DBLOCK_READER_THREADS=4 -DVERSION=\"4.7\" -DDATE=\"2025/06/03\" -DYEAR=\"2025\"   -c -o progressbar.o progressbar.c
cc -O2  -I. -D_FILE_OFFSET_BITS=64 -D_LARGEFILE_SOURCE -D_GNU_SOURCE -DCOMP_DEFAULT=\"gzip\" -Wall -DGZIP_SUPPORT -DLZO_SUPPORT -DLZ4_SUPPORT -DXZ_SUPPORT -DZSTD_SUPPORT -DXATTR_SUPPORT -DXATTR_DEFAULT -DXATTR_OS_SUPPORT -DMAX_READER_THREADS=1024 -DSMALL_READER_THREADS=4 -DBLOCK_READER_THREADS=4 -DVERSION=\"4.7\" -DDATE=\"2025/06/03\" -DYEAR=\"2025\"   -c -o info.o info.c
cc -O2  -I. -D_FILE_OFFSET_BITS=64 -D_LARGEFILE_SOURCE -D_GNU_SOURCE -DCOMP_DEFAULT=\"gzip\" -Wall -DGZIP_SUPPORT -DLZO_SUPPORT -DLZ4_SUPPORT -DXZ_SUPPORT -DZSTD_SUPPORT -DXATTR_SUPPORT -DXATTR_DEFAULT -DXATTR_OS_SUPPORT -DMAX_READER_THREADS=1024 -DSMALL_READER_THREADS=4 -DBLOCK_READER_THREADS=4 -DVERSION=\"4.7\" -DDATE=\"2025/06/03\" -DYEAR=\"2025\"   -c -o restore.o restore.c
cc -O2  -I. -D_FILE_OFFSET_BITS=64 -D_LARGEFILE_SOURCE -D_GNU_SOURCE -DCOMP_DEFAULT=\"gzip\" -Wall -DGZIP_SUPPORT -DLZO_SUPPORT -DLZ4_SUPPORT -DXZ_SUPPORT -DZSTD_SUPPORT -DXATTR_SUPPORT -DXATTR_DEFAULT -DXATTR_OS_SUPPORT -DMAX_READER_THREADS=1024 -DSMALL_READER_THREADS=4 -DBLOCK_READER_THREADS=4 -DVERSION=\"4.7\" -DDATE=\"2025/06/03\" -DYEAR=\"2025\"   -c -o process_fragments.o process_fragments.c
cc -O2  -I. -D_FILE_OFFSET_BITS=64 -D_LARGEFILE_SOURCE -D_GNU_SOURCE -DCOMP_DEFAULT=\"gzip\" -Wall -DGZIP_SUPPORT -DLZO_SUPPORT -DLZ4_SUPPORT -DXZ_SUPPORT -DZSTD_SUPPORT -DXATTR_SUPPORT -DXATTR_DEFAULT -DXATTR_OS_SUPPORT -DMAX_READER_THREADS=1024 -DSMALL_READER_THREADS=4 -DBLOCK_READER_THREADS=4 -DVERSION=\"4.7\" -DDATE=\"2025/06/03\" -DYEAR=\"2025\"   -c -o caches-queues-lists.o caches-queues-lists.c
cc -O2  -I. -D_FILE_OFFSET_BITS=64 -D_LARGEFILE_SOURCE -D_GNU_SOURCE -DCOMP_DEFAULT=\"gzip\" -Wall -DGZIP_SUPPORT -DLZO_SUPPORT -DLZ4_SUPPORT -DXZ_SUPPORT -DZSTD_SUPPORT -DXATTR_SUPPORT -DXATTR_DEFAULT -DXATTR_OS_SUPPORT -DMAX_READER_THREADS=1024 -DSMALL_READER_THREADS=4 -DBLOCK_READER_THREADS=4 -DVERSION=\"4.7\" -DDATE=\"2025/06/03\" -DYEAR=\"2025\"   -c -o reader.o reader.c
cc -O2  -I. -D_FILE_OFFSET_BITS=64 -D_LARGEFILE_SOURCE -D_GNU_SOURCE -DCOMP_DEFAULT=\"gzip\" -Wall -DGZIP_SUPPORT -DLZO_SUPPORT -DLZ4_SUPPORT -DXZ_SUPPORT -DZSTD_SUPPORT -DXATTR_SUPPORT -DXATTR_DEFAULT -DXATTR_OS_SUPPORT -DMAX_READER_THREADS=1024 -DSMALL_READER_THREADS=4 -DBLOCK_READER_THREADS=4 -DVERSION=\"4.7\" -DDATE=\"2025/06/03\" -DYEAR=\"2025\"   -c -o tar.o tar.c
cc -O2  -I. -D_FILE_OFFSET_BITS=64 -D_LARGEFILE_SOURCE -D_GNU_SOURCE -DCOMP_DEFAULT=\"gzip\" -Wall -DGZIP_SUPPORT -DLZO_SUPPORT -DLZ4_SUPPORT -DXZ_SUPPORT -DZSTD_SUPPORT -DXATTR_SUPPORT -DXATTR_DEFAULT -DXATTR_OS_SUPPORT -DMAX_READER_THREADS=1024 -DSMALL_READER_THREADS=4 -DBLOCK_READER_THREADS=4 -DVERSION=\"4.7\" -DDATE=\"2025/06/03\" -DYEAR=\"2025\"   -c -o date.o date.c
cc -O2  -I. -D_FILE_OFFSET_BITS=64 -D_LARGEFILE_SOURCE -D_GNU_SOURCE -DCOMP_DEFAULT=\"gzip\" -Wall -DGZIP_SUPPORT -DLZO_SUPPORT -DLZ4_SUPPORT -DXZ_SUPPORT -DZSTD_SUPPORT -DXATTR_SUPPORT -DXATTR_DEFAULT -DXATTR_OS_SUPPORT -DMAX_READER_THREADS=1024 -DSMALL_READER_THREADS=4 -DBLOCK_READER_THREADS=4 -DVERSION=\"4.7\" -DDATE=\"2025/06/03\" -DYEAR=\"2025\"   -c -o memory.o memory.c
cc -c -O2  -I. -D_FILE_OFFSET_BITS=64 -D_LARGEFILE_SOURCE -D_GNU_SOURCE -DCOMP_DEFAULT=\"gzip\" -Wall -DGZIP_SUPPORT -DLZO_SUPPORT -DLZ4_SUPPORT -DXZ_SUPPORT -DZSTD_SUPPORT -DXATTR_SUPPORT -DXATTR_DEFAULT -DXATTR_OS_SUPPORT -DMAX_READER_THREADS=1024 -DSMALL_READER_THREADS=4 -DBLOCK_READER_THREADS=4 -DVERSION=\"4.7\" -DDATE=\"2025/06/03\" -DYEAR=\"2025\"  -DCOMPRESSORS="\"gzip (default)\nlzo\nlz4\nxz\nzstd\"" mksquashfs_help.c
cc -O2  -I. -D_FILE_OFFSET_BITS=64 -D_LARGEFILE_SOURCE -D_GNU_SOURCE -DCOMP_DEFAULT=\"gzip\" -Wall -DGZIP_SUPPORT -DLZO_SUPPORT -DLZ4_SUPPORT -DXZ_SUPPORT -DZSTD_SUPPORT -DXATTR_SUPPORT -DXATTR_DEFAULT -DXATTR_OS_SUPPORT -DMAX_READER_THREADS=1024 -DSMALL_READER_THREADS=4 -DBLOCK_READER_THREADS=4 -DVERSION=\"4.7\" -DDATE=\"2025/06/03\" -DYEAR=\"2025\"   -c -o print_pager.o print_pager.c
cc -O2  -I. -D_FILE_OFFSET_BITS=64 -D_LARGEFILE_SOURCE -D_GNU_SOURCE -DCOMP_DEFAULT=\"gzip\" -Wall -DGZIP_SUPPORT -DLZO_SUPPORT -DLZ4_SUPPORT -DXZ_SUPPORT -DZSTD_SUPPORT -DXATTR_SUPPORT -DXATTR_DEFAULT -DXATTR_OS_SUPPORT -DMAX_READER_THREADS=1024 -DSMALL_READER_THREADS=4 -DBLOCK_READER_THREADS=4 -DVERSION=\"4.7\" -DDATE=\"2025/06/03\" -DYEAR=\"2025\"   -c -o symbolic_mode.o symbolic_mode.c
cc -O2  -I. -D_FILE_OFFSET_BITS=64 -D_LARGEFILE_SOURCE -D_GNU_SOURCE -DCOMP_DEFAULT=\"gzip\" -Wall -DGZIP_SUPPORT -DLZO_SUPPORT -DLZ4_SUPPORT -DXZ_SUPPORT -DZSTD_SUPPORT -DXATTR_SUPPORT -DXATTR_DEFAULT -DXATTR_OS_SUPPORT -DMAX_READER_THREADS=1024 -DSMALL_READER_THREADS=4 -DBLOCK_READER_THREADS=4 -DVERSION=\"4.7\" -DDATE=\"2025/06/03\" -DYEAR=\"2025\"   -c -o thread.o thread.c
cc -O2  -I. -D_FILE_OFFSET_BITS=64 -D_LARGEFILE_SOURCE -D_GNU_SOURCE -DCOMP_DEFAULT=\"gzip\" -Wall -DGZIP_SUPPORT -DLZO_SUPPORT -DLZ4_SUPPORT -DXZ_SUPPORT -DZSTD_SUPPORT -DXATTR_SUPPORT -DXATTR_DEFAULT -DXATTR_OS_SUPPORT -DMAX_READER_THREADS=1024 -DSMALL_READER_THREADS=4 -DBLOCK_READER_THREADS=4 -DVERSION=\"4.7\" -DDATE=\"2025/06/03\" -DYEAR=\"2025\"   -c -o nprocessors_compat.o nprocessors_compat.c
cc -O2  -I. -D_FILE_OFFSET_BITS=64 -D_LARGEFILE_SOURCE -D_GNU_SOURCE -DCOMP_DEFAULT=\"gzip\" -Wall -DGZIP_SUPPORT -DLZO_SUPPORT -DLZ4_SUPPORT -DXZ_SUPPORT -DZSTD_SUPPORT -DXATTR_SUPPORT -DXATTR_DEFAULT -DXATTR_OS_SUPPORT -DMAX_READER_THREADS=1024 -DSMALL_READER_THREADS=4 -DBLOCK_READER_THREADS=4 -DVERSION=\"4.7\" -DDATE=\"2025/06/03\" -DYEAR=\"2025\"   -c -o limit.o limit.c
cc -O2  -I. -D_FILE_OFFSET_BITS=64 -D_LARGEFILE_SOURCE -D_GNU_SOURCE -DCOMP_DEFAULT=\"gzip\" -Wall -DGZIP_SUPPORT -DLZO_SUPPORT -DLZ4_SUPPORT -DXZ_SUPPORT -DZSTD_SUPPORT -DXATTR_SUPPORT -DXATTR_DEFAULT -DXATTR_OS_SUPPORT -DMAX_READER_THREADS=1024 -DSMALL_READER_THREADS=4 -DBLOCK_READER_THREADS=4 -DVERSION=\"4.7\" -DDATE=\"2025/06/03\" -DYEAR=\"2025\"   -c -o virt_disk_pos.o virt_disk_pos.c
cc -O2  -I. -D_FILE_OFFSET_BITS=64 -D_LARGEFILE_SOURCE -D_GNU_SOURCE -DCOMP_DEFAULT=\"gzip\" -Wall -DGZIP_SUPPORT -DLZO_SUPPORT -DLZ4_SUPPORT -DXZ_SUPPORT -DZSTD_SUPPORT -DXATTR_SUPPORT -DXATTR_DEFAULT -DXATTR_OS_SUPPORT -DMAX_READER_THREADS=1024 -DSMALL_READER_THREADS=4 -DBLOCK_READER_THREADS=4 -DVERSION=\"4.7\" -DDATE=\"2025/06/03\" -DYEAR=\"2025\"   -c -o gzip_wrapper.o gzip_wrapper.c
cc -O2  -I. -D_FILE_OFFSET_BITS=64 -D_LARGEFILE_SOURCE -D_GNU_SOURCE -DCOMP_DEFAULT=\"gzip\" -Wall -DGZIP_SUPPORT -DLZO_SUPPORT -DLZ4_SUPPORT -DXZ_SUPPORT -DZSTD_SUPPORT -DXATTR_SUPPORT -DXATTR_DEFAULT -DXATTR_OS_SUPPORT -DMAX_READER_THREADS=1024 -DSMALL_READER_THREADS=4 -DBLOCK_READER_THREADS=4 -DVERSION=\"4.7\" -DDATE=\"2025/06/03\" -DYEAR=\"2025\"   -c -o lzo_wrapper.o lzo_wrapper.c
cc -O2  -I. -D_FILE_OFFSET_BITS=64 -D_LARGEFILE_SOURCE -D_GNU_SOURCE -DCOMP_DEFAULT=\"gzip\" -Wall -DGZIP_SUPPORT -DLZO_SUPPORT -DLZ4_SUPPORT -DXZ_SUPPORT -DZSTD_SUPPORT -DXATTR_SUPPORT -DXATTR_DEFAULT -DXATTR_OS_SUPPORT -DMAX_READER_THREADS=1024 -DSMALL_READER_THREADS=4 -DBLOCK_READER_THREADS=4 -DVERSION=\"4.7\" -DDATE=\"2025/06/03\" -DYEAR=\"2025\"   -c -o lz4_wrapper.o lz4_wrapper.c
lzo_wrapper.c:27:10: fatal error: lzo/lzoconf.h: No such file or directory
   27 | #include <lzo/lzoconf.h>
      |          ^~~~~~~~~~~~~~~
compilation terminated.
make: *** [<builtin>: lzo_wrapper.o] Error 1
make: *** Waiting for unfinished jobs....
