--2025-06-19 07:15:18--  https://download.gnome.org/sources/gsettings-desktop-schemas/47/gsettings-desktop-schemas-47.1.tar.xz
Resolving download.gnome.org (download.gnome.org)... 2a02:6ea0:c400::53, 2a02:6ea0:c400::54, 79.127.206.207, ...
Connecting to download.gnome.org (download.gnome.org)|2a02:6ea0:c400::53|:443... connected.
HTTP request sent, awaiting response... 200 OK
Length: 806272 (787K) [application/octet-stream]
Saving to: 'gsettings-desktop-schemas-47.1.tar.xz'

     0K .......... .......... .......... .......... ..........  6% 3.55M 0s
    50K .......... .......... .......... .......... .......... 12% 12.0M 0s
   100K .......... .......... .......... .......... .......... 19% 21.5M 0s
   150K .......... .......... .......... .......... .......... 25% 21.2M 0s
   200K .......... .......... .......... .......... .......... 31% 26.6M 0s
   250K .......... .......... .......... .......... .......... 38% 27.7M 0s
   300K .......... .......... .......... .......... .......... 44% 41.9M 0s
   350K .......... .......... .......... .......... .......... 50% 65.0M 0s
   400K .......... .......... .......... .......... .......... 57% 22.9M 0s
   450K .......... .......... .......... .......... .......... 63% 61.2M 0s
   500K .......... .......... .......... .......... .......... 69% 74.7M 0s
   550K .......... .......... .......... .......... .......... 76% 89.2M 0s
   600K .......... .......... .......... .......... .......... 82% 99.7M 0s
   650K .......... .......... .......... .......... .......... 88% 32.1M 0s
   700K .......... .......... .......... .......... .......... 95%  119M 0s
   750K .......... .......... .......... .......              100% 17.2M=0.04s

2025-06-19 07:15:18 (21.0 MB/s) - 'gsettings-desktop-schemas-47.1.tar.xz' saved [806272/806272]

gsettings-desktop-schemas-47.1/
gsettings-desktop-schemas-47.1/.gitlab-ci.yml
gsettings-desktop-schemas-47.1/AUTHORS
gsettings-desktop-schemas-47.1/COPYING
gsettings-desktop-schemas-47.1/ChangeLog
gsettings-desktop-schemas-47.1/HACKING
gsettings-desktop-schemas-47.1/MAINTAINERS
gsettings-desktop-schemas-47.1/NEWS
gsettings-desktop-schemas-47.1/README
gsettings-desktop-schemas-47.1/gsettings-desktop-schemas.doap
gsettings-desktop-schemas-47.1/gsettings-desktop-schemas.pc.in
gsettings-desktop-schemas-47.1/headers/
gsettings-desktop-schemas-47.1/headers/dummy-msvc.c
gsettings-desktop-schemas-47.1/headers/gdesktop-enums.h
gsettings-desktop-schemas-47.1/headers/meson.build
gsettings-desktop-schemas-47.1/meson.build
gsettings-desktop-schemas-47.1/meson_options.txt
gsettings-desktop-schemas-47.1/po/
gsettings-desktop-schemas-47.1/po/LINGUAS
gsettings-desktop-schemas-47.1/po/POTFILES.in
gsettings-desktop-schemas-47.1/po/ab.po
gsettings-desktop-schemas-47.1/po/as.po
gsettings-desktop-schemas-47.1/po/be.po
gsettings-desktop-schemas-47.1/po/bg.po
gsettings-desktop-schemas-47.1/po/bs.po
gsettings-desktop-schemas-47.1/po/ca.po
gsettings-desktop-schemas-47.1/po/ca@valencia.po
gsettings-desktop-schemas-47.1/po/cs.po
gsettings-desktop-schemas-47.1/po/da.po
gsettings-desktop-schemas-47.1/po/de.po
gsettings-desktop-schemas-47.1/po/el.po
gsettings-desktop-schemas-47.1/po/en_GB.po
gsettings-desktop-schemas-47.1/po/en_US.po
gsettings-desktop-schemas-47.1/po/eo.po
gsettings-desktop-schemas-47.1/po/es.po
gsettings-desktop-schemas-47.1/po/eu.po
gsettings-desktop-schemas-47.1/po/fa.po
gsettings-desktop-schemas-47.1/po/fi.po
gsettings-desktop-schemas-47.1/po/fr.po
gsettings-desktop-schemas-47.1/po/fur.po
gsettings-desktop-schemas-47.1/po/gl.po
gsettings-desktop-schemas-47.1/po/gu.po
gsettings-desktop-schemas-47.1/po/he.po
gsettings-desktop-schemas-47.1/po/hi.po
gsettings-desktop-schemas-47.1/po/hr.po
gsettings-desktop-schemas-47.1/po/hu.po
gsettings-desktop-schemas-47.1/po/id.po
gsettings-desktop-schemas-47.1/po/is.po
gsettings-desktop-schemas-47.1/po/it.po
gsettings-desktop-schemas-47.1/po/ja.po
gsettings-desktop-schemas-47.1/po/ka.po
gsettings-desktop-schemas-47.1/po/kab.po
gsettings-desktop-schemas-47.1/po/kk.po
gsettings-desktop-schemas-47.1/po/lt.po
gsettings-desktop-schemas-47.1/po/lv.po
gsettings-desktop-schemas-47.1/po/meson.build
gsettings-desktop-schemas-47.1/po/ml.po
gsettings-desktop-schemas-47.1/po/ms.po
gsettings-desktop-schemas-47.1/po/nb.po
gsettings-desktop-schemas-47.1/po/ne.po
gsettings-desktop-schemas-47.1/po/nl.po
gsettings-desktop-schemas-47.1/po/oc.po
gsettings-desktop-schemas-47.1/po/or.po
gsettings-desktop-schemas-47.1/po/pa.po
gsettings-desktop-schemas-47.1/po/pl.po
gsettings-desktop-schemas-47.1/po/pt.po
gsettings-desktop-schemas-47.1/po/pt_BR.po
gsettings-desktop-schemas-47.1/po/ro.po
gsettings-desktop-schemas-47.1/po/ru.po
gsettings-desktop-schemas-47.1/po/sk.po
gsettings-desktop-schemas-47.1/po/sl.po
gsettings-desktop-schemas-47.1/po/sr.po
gsettings-desktop-schemas-47.1/po/sr@latin.po
gsettings-desktop-schemas-47.1/po/sv.po
gsettings-desktop-schemas-47.1/po/tg.po
gsettings-desktop-schemas-47.1/po/tr.po
gsettings-desktop-schemas-47.1/po/ug.po
gsettings-desktop-schemas-47.1/po/uk.po
gsettings-desktop-schemas-47.1/po/vi.po
gsettings-desktop-schemas-47.1/po/zh_CN.po
gsettings-desktop-schemas-47.1/po/zh_HK.po
gsettings-desktop-schemas-47.1/po/zh_TW.po
gsettings-desktop-schemas-47.1/schemas/
gsettings-desktop-schemas-47.1/schemas/gsettings-desktop-schemas.convert
gsettings-desktop-schemas-47.1/schemas/meson.build
gsettings-desktop-schemas-47.1/schemas/org.gnome.desktop.a11y.applications.gschema.xml.in
gsettings-desktop-schemas-47.1/schemas/org.gnome.desktop.a11y.gschema.xml.in
gsettings-desktop-schemas-47.1/schemas/org.gnome.desktop.a11y.interface.gschema.xml.in
gsettings-desktop-schemas-47.1/schemas/org.gnome.desktop.a11y.keyboard.gschema.xml.in
gsettings-desktop-schemas-47.1/schemas/org.gnome.desktop.a11y.magnifier.gschema.xml.in
gsettings-desktop-schemas-47.1/schemas/org.gnome.desktop.a11y.mouse.gschema.xml.in
gsettings-desktop-schemas-47.1/schemas/org.gnome.desktop.app-folders.gschema.xml.in
gsettings-desktop-schemas-47.1/schemas/org.gnome.desktop.background.gschema.xml.in
gsettings-desktop-schemas-47.1/schemas/org.gnome.desktop.break-reminders.gschema.xml.in
gsettings-desktop-schemas-47.1/schemas/org.gnome.desktop.calendar.gschema.xml.in
gsettings-desktop-schemas-47.1/schemas/org.gnome.desktop.datetime.gschema.xml.in
gsettings-desktop-schemas-47.1/schemas/org.gnome.desktop.default-applications.gschema.xml.in
gsettings-desktop-schemas-47.1/schemas/org.gnome.desktop.input-sources.gschema.xml.in
gsettings-desktop-schemas-47.1/schemas/org.gnome.desktop.interface.gschema.xml.in
gsettings-desktop-schemas-47.1/schemas/org.gnome.desktop.lockdown.gschema.xml.in
gsettings-desktop-schemas-47.1/schemas/org.gnome.desktop.media-handling.gschema.xml.in
gsettings-desktop-schemas-47.1/schemas/org.gnome.desktop.notifications.gschema.xml.in
gsettings-desktop-schemas-47.1/schemas/org.gnome.desktop.peripherals.gschema.xml.in
gsettings-desktop-schemas-47.1/schemas/org.gnome.desktop.privacy.gschema.xml.in
gsettings-desktop-schemas-47.1/schemas/org.gnome.desktop.screensaver.gschema.xml.in
gsettings-desktop-schemas-47.1/schemas/org.gnome.desktop.search-providers.gschema.xml.in
gsettings-desktop-schemas-47.1/schemas/org.gnome.desktop.session.gschema.xml.in
gsettings-desktop-schemas-47.1/schemas/org.gnome.desktop.sound.gschema.xml.in
gsettings-desktop-schemas-47.1/schemas/org.gnome.desktop.thumbnail-cache.gschema.xml.in
gsettings-desktop-schemas-47.1/schemas/org.gnome.desktop.thumbnailers.gschema.xml.in
gsettings-desktop-schemas-47.1/schemas/org.gnome.desktop.wm.keybindings.gschema.xml.in
gsettings-desktop-schemas-47.1/schemas/org.gnome.desktop.wm.preferences.gschema.xml.in
gsettings-desktop-schemas-47.1/schemas/org.gnome.system.locale.gschema.xml.in
gsettings-desktop-schemas-47.1/schemas/org.gnome.system.location.gschema.xml.in
gsettings-desktop-schemas-47.1/schemas/org.gnome.system.proxy.gschema.xml.in
gsettings-desktop-schemas-47.1/schemas/wm-schemas.convert
The Meson build system
Version: 1.7.0
Source dir: /blfs/builds/gsettings-desktop-schemas-47.1
Build dir: /blfs/builds/gsettings-desktop-schemas-47.1/build
Build type: native build
Project name: gsettings-desktop-schemas
Project version: 47.1
C compiler for the host machine: cc (gcc 14.2.0 "cc (GCC) 14.2.0")
C linker for the host machine: cc ld.bfd 2.44
Host machine cpu family: x86_64
Host machine cpu: x86_64
Message: Building gsettings-desktop-schemas 47.1
Configuring gsettings-desktop-schemas.pc using configuration
Program glib-mkenums found: YES (/usr/bin/glib-mkenums)
Found pkg-config: YES (/usr/bin/pkg-config) 2.4.3
Run-time dependency gobject-introspection-1.0 found: YES 1.84.0
Dependency gobject-introspection-1.0 found: YES 1.84.0 (cached)
Program /usr/bin/g-ir-scanner found: YES (/usr/bin/g-ir-scanner)
Dependency gobject-introspection-1.0 found: YES 1.84.0 (cached)
Program /usr/bin/g-ir-compiler found: YES (/usr/bin/g-ir-compiler)
Configuring org.gnome.desktop.default-applications.gschema.xml using configuration
Configuring org.gnome.desktop.interface.gschema.xml using configuration
Configuring org.gnome.desktop.lockdown.gschema.xml using configuration
Configuring org.gnome.system.locale.gschema.xml using configuration
Configuring org.gnome.system.location.gschema.xml using configuration
Configuring org.gnome.system.proxy.gschema.xml using configuration
Configuring org.gnome.desktop.sound.gschema.xml using configuration
Configuring org.gnome.desktop.thumbnail-cache.gschema.xml using configuration
Configuring org.gnome.desktop.a11y.gschema.xml using configuration
Configuring org.gnome.desktop.a11y.keyboard.gschema.xml using configuration
Configuring org.gnome.desktop.a11y.applications.gschema.xml using configuration
Configuring org.gnome.desktop.a11y.interface.gschema.xml using configuration
Configuring org.gnome.desktop.a11y.magnifier.gschema.xml using configuration
Configuring org.gnome.desktop.a11y.mouse.gschema.xml using configuration
Configuring org.gnome.desktop.thumbnailers.gschema.xml using configuration
Configuring org.gnome.desktop.session.gschema.xml using configuration
Configuring org.gnome.desktop.background.gschema.xml using configuration
Configuring org.gnome.desktop.break-reminders.gschema.xml using configuration
Configuring org.gnome.desktop.calendar.gschema.xml using configuration
Configuring org.gnome.desktop.datetime.gschema.xml using configuration
Configuring org.gnome.desktop.media-handling.gschema.xml using configuration
Configuring org.gnome.desktop.screensaver.gschema.xml using configuration
Configuring org.gnome.desktop.search-providers.gschema.xml using configuration
Configuring org.gnome.desktop.wm.keybindings.gschema.xml using configuration
Configuring org.gnome.desktop.wm.preferences.gschema.xml using configuration
Configuring org.gnome.desktop.input-sources.gschema.xml using configuration
Configuring org.gnome.desktop.privacy.gschema.xml using configuration
Configuring org.gnome.desktop.notifications.gschema.xml using configuration
Configuring org.gnome.desktop.app-folders.gschema.xml using configuration
Configuring org.gnome.desktop.peripherals.gschema.xml using configuration
Program msgfmt found: YES (/usr/bin/msgfmt)
Program msginit found: YES (/usr/bin/msginit)
Program msgmerge found: YES (/usr/bin/msgmerge)
Program xgettext found: YES (/usr/bin/xgettext)
Build-time dependency gio-2.0 found: YES 2.84.3
Program /usr/bin/glib-compile-schemas found: YES (/usr/bin/glib-compile-schemas)
Build targets in project: 68

gsettings-desktop-schemas 47.1

  User defined options
    buildtype: release
    prefix   : /usr

Found ninja-1.12.1 at /usr/bin/ninja
WARNING: Running the setup command as `meson [options]` instead of `meson setup [options]` is ambiguous and deprecated.
[1/65] Building translation po/en_US/LC_MESSAGES/gsettings-desktop-schemas-en_US.mo
[2/65] Linking target headers/libnoinst.so
[3/65] Building translation po/as/LC_MESSAGES/gsettings-desktop-schemas-as.mo
[4/65] Building translation po/ab/LC_MESSAGES/gsettings-desktop-schemas-ab.mo
[5/65] Building translation po/be/LC_MESSAGES/gsettings-desktop-schemas-be.mo
[6/65] Building translation po/eo/LC_MESSAGES/gsettings-desktop-schemas-eo.mo
[7/65] Building translation po/bs/LC_MESSAGES/gsettings-desktop-schemas-bs.mo
[8/65] Building translation po/ca/LC_MESSAGES/gsettings-desktop-schemas-ca.mo
[9/65] Building translation po/ca@valencia/LC_MESSAGES/gsettings-desktop-schemas-ca@valencia.mo
[10/65] Building translation po/cs/LC_MESSAGES/gsettings-desktop-schemas-cs.mo
[11/65] Building translation po/da/LC_MESSAGES/gsettings-desktop-schemas-da.mo
[12/65] Building translation po/de/LC_MESSAGES/gsettings-desktop-schemas-de.mo
[13/65] Building translation po/en_GB/LC_MESSAGES/gsettings-desktop-schemas-en_GB.mo
[14/65] Building translation po/fa/LC_MESSAGES/gsettings-desktop-schemas-fa.mo
[15/65] Building translation po/bg/LC_MESSAGES/gsettings-desktop-schemas-bg.mo
[16/65] Building translation po/el/LC_MESSAGES/gsettings-desktop-schemas-el.mo
[17/65] Building translation po/es/LC_MESSAGES/gsettings-desktop-schemas-es.mo
[18/65] Building translation po/eu/LC_MESSAGES/gsettings-desktop-schemas-eu.mo
[19/65] Building translation po/fi/LC_MESSAGES/gsettings-desktop-schemas-fi.mo
[20/65] Building translation po/fr/LC_MESSAGES/gsettings-desktop-schemas-fr.mo
[21/65] Building translation po/fur/LC_MESSAGES/gsettings-desktop-schemas-fur.mo
[22/65] Building translation po/gu/LC_MESSAGES/gsettings-desktop-schemas-gu.mo
[23/65] Building translation po/gl/LC_MESSAGES/gsettings-desktop-schemas-gl.mo
[24/65] Building translation po/is/LC_MESSAGES/gsettings-desktop-schemas-is.mo
[25/65] Building translation po/he/LC_MESSAGES/gsettings-desktop-schemas-he.mo
[26/65] Building translation po/kab/LC_MESSAGES/gsettings-desktop-schemas-kab.mo
[27/65] Building translation po/ja/LC_MESSAGES/gsettings-desktop-schemas-ja.mo
[28/65] Building translation po/kk/LC_MESSAGES/gsettings-desktop-schemas-kk.mo
[29/65] Building translation po/hr/LC_MESSAGES/gsettings-desktop-schemas-hr.mo
[30/65] Building translation po/it/LC_MESSAGES/gsettings-desktop-schemas-it.mo
[31/65] Building translation po/hu/LC_MESSAGES/gsettings-desktop-schemas-hu.mo
[32/65] Building translation po/id/LC_MESSAGES/gsettings-desktop-schemas-id.mo
[33/65] Building translation po/lv/LC_MESSAGES/gsettings-desktop-schemas-lv.mo
[34/65] Building translation po/hi/LC_MESSAGES/gsettings-desktop-schemas-hi.mo
[35/65] Building translation po/nl/LC_MESSAGES/gsettings-desktop-schemas-nl.mo
[36/65] Building translation po/ml/LC_MESSAGES/gsettings-desktop-schemas-ml.mo
[37/65] Building translation po/ka/LC_MESSAGES/gsettings-desktop-schemas-ka.mo
[38/65] Building translation po/or/LC_MESSAGES/gsettings-desktop-schemas-or.mo
[39/65] Building translation po/lt/LC_MESSAGES/gsettings-desktop-schemas-lt.mo
[40/65] Building translation po/pa/LC_MESSAGES/gsettings-desktop-schemas-pa.mo
[41/65] Building translation po/nb/LC_MESSAGES/gsettings-desktop-schemas-nb.mo
[42/65] Building translation po/ms/LC_MESSAGES/gsettings-desktop-schemas-ms.mo
[43/65] Building translation po/oc/LC_MESSAGES/gsettings-desktop-schemas-oc.mo
[44/65] Building translation po/vi/LC_MESSAGES/gsettings-desktop-schemas-vi.mo
[45/65] Building translation po/ne/LC_MESSAGES/gsettings-desktop-schemas-ne.mo
[46/65] Building translation po/pl/LC_MESSAGES/gsettings-desktop-schemas-pl.mo
[47/65] Building translation po/tg/LC_MESSAGES/gsettings-desktop-schemas-tg.mo
[48/65] Building translation po/pt_BR/LC_MESSAGES/gsettings-desktop-schemas-pt_BR.mo
[49/65] Building translation po/pt/LC_MESSAGES/gsettings-desktop-schemas-pt.mo
[50/65] Building translation po/sl/LC_MESSAGES/gsettings-desktop-schemas-sl.mo
[51/65] Building translation po/sk/LC_MESSAGES/gsettings-desktop-schemas-sk.mo
[52/65] Building translation po/sv/LC_MESSAGES/gsettings-desktop-schemas-sv.mo
[53/65] Building translation po/zh_CN/LC_MESSAGES/gsettings-desktop-schemas-zh_CN.mo
[54/65] Building translation po/ru/LC_MESSAGES/gsettings-desktop-schemas-ru.mo
[55/65] Building translation po/zh_HK/LC_MESSAGES/gsettings-desktop-schemas-zh_HK.mo
[56/65] Building translation po/uk/LC_MESSAGES/gsettings-desktop-schemas-uk.mo
[57/65] Building translation po/ug/LC_MESSAGES/gsettings-desktop-schemas-ug.mo
[58/65] Building translation po/zh_TW/LC_MESSAGES/gsettings-desktop-schemas-zh_TW.mo
[59/65] Building translation po/sr@latin/LC_MESSAGES/gsettings-desktop-schemas-sr@latin.mo
[60/65] Building translation po/tr/LC_MESSAGES/gsettings-desktop-schemas-tr.mo
[61/65] Building translation po/ro/LC_MESSAGES/gsettings-desktop-schemas-ro.mo
[62/65] Building translation po/sr/LC_MESSAGES/gsettings-desktop-schemas-sr.mo
[63/65] Generating headers/org.gnome.desktop.enums.xml with a custom command (wrapped by meson to capture output)
[64/65] Generating headers/GDesktopEnums-3.0.gir with a custom command (wrapped by meson to set env)
[65/65] Generating headers/GDesktopEnums-3.0.typelib with a custom command
[0/1] Installing files
Installing headers/org.gnome.desktop.enums.xml to /usr/share/glib-2.0/schemas
Installing headers/GDesktopEnums-3.0.gir to /usr/share/gir-1.0
Installing headers/GDesktopEnums-3.0.typelib to /usr/lib/girepository-1.0
Installing po/ab/LC_MESSAGES/gsettings-desktop-schemas.mo to /usr/share/locale/ab/LC_MESSAGES
Installing po/as/LC_MESSAGES/gsettings-desktop-schemas.mo to /usr/share/locale/as/LC_MESSAGES
Installing po/be/LC_MESSAGES/gsettings-desktop-schemas.mo to /usr/share/locale/be/LC_MESSAGES
Installing po/bg/LC_MESSAGES/gsettings-desktop-schemas.mo to /usr/share/locale/bg/LC_MESSAGES
Installing po/bs/LC_MESSAGES/gsettings-desktop-schemas.mo to /usr/share/locale/bs/LC_MESSAGES
Installing po/ca/LC_MESSAGES/gsettings-desktop-schemas.mo to /usr/share/locale/ca/LC_MESSAGES
Installing po/ca@valencia/LC_MESSAGES/gsettings-desktop-schemas.mo to /usr/share/locale/ca@valencia/LC_MESSAGES
Installing po/cs/LC_MESSAGES/gsettings-desktop-schemas.mo to /usr/share/locale/cs/LC_MESSAGES
Installing po/da/LC_MESSAGES/gsettings-desktop-schemas.mo to /usr/share/locale/da/LC_MESSAGES
Installing po/de/LC_MESSAGES/gsettings-desktop-schemas.mo to /usr/share/locale/de/LC_MESSAGES
Installing po/el/LC_MESSAGES/gsettings-desktop-schemas.mo to /usr/share/locale/el/LC_MESSAGES
Installing po/en_GB/LC_MESSAGES/gsettings-desktop-schemas.mo to /usr/share/locale/en_GB/LC_MESSAGES
Installing po/en_US/LC_MESSAGES/gsettings-desktop-schemas.mo to /usr/share/locale/en_US/LC_MESSAGES
Installing po/eo/LC_MESSAGES/gsettings-desktop-schemas.mo to /usr/share/locale/eo/LC_MESSAGES
Installing po/es/LC_MESSAGES/gsettings-desktop-schemas.mo to /usr/share/locale/es/LC_MESSAGES
Installing po/eu/LC_MESSAGES/gsettings-desktop-schemas.mo to /usr/share/locale/eu/LC_MESSAGES
Installing po/fa/LC_MESSAGES/gsettings-desktop-schemas.mo to /usr/share/locale/fa/LC_MESSAGES
Installing po/fi/LC_MESSAGES/gsettings-desktop-schemas.mo to /usr/share/locale/fi/LC_MESSAGES
Installing po/fr/LC_MESSAGES/gsettings-desktop-schemas.mo to /usr/share/locale/fr/LC_MESSAGES
Installing po/fur/LC_MESSAGES/gsettings-desktop-schemas.mo to /usr/share/locale/fur/LC_MESSAGES
Installing po/gl/LC_MESSAGES/gsettings-desktop-schemas.mo to /usr/share/locale/gl/LC_MESSAGES
Installing po/gu/LC_MESSAGES/gsettings-desktop-schemas.mo to /usr/share/locale/gu/LC_MESSAGES
Installing po/he/LC_MESSAGES/gsettings-desktop-schemas.mo to /usr/share/locale/he/LC_MESSAGES
Installing po/hi/LC_MESSAGES/gsettings-desktop-schemas.mo to /usr/share/locale/hi/LC_MESSAGES
Installing po/hr/LC_MESSAGES/gsettings-desktop-schemas.mo to /usr/share/locale/hr/LC_MESSAGES
Installing po/hu/LC_MESSAGES/gsettings-desktop-schemas.mo to /usr/share/locale/hu/LC_MESSAGES
Installing po/id/LC_MESSAGES/gsettings-desktop-schemas.mo to /usr/share/locale/id/LC_MESSAGES
Installing po/is/LC_MESSAGES/gsettings-desktop-schemas.mo to /usr/share/locale/is/LC_MESSAGES
Installing po/it/LC_MESSAGES/gsettings-desktop-schemas.mo to /usr/share/locale/it/LC_MESSAGES
Installing po/ja/LC_MESSAGES/gsettings-desktop-schemas.mo to /usr/share/locale/ja/LC_MESSAGES
Installing po/ka/LC_MESSAGES/gsettings-desktop-schemas.mo to /usr/share/locale/ka/LC_MESSAGES
Installing po/kab/LC_MESSAGES/gsettings-desktop-schemas.mo to /usr/share/locale/kab/LC_MESSAGES
Installing po/kk/LC_MESSAGES/gsettings-desktop-schemas.mo to /usr/share/locale/kk/LC_MESSAGES
Installing po/lt/LC_MESSAGES/gsettings-desktop-schemas.mo to /usr/share/locale/lt/LC_MESSAGES
Installing po/lv/LC_MESSAGES/gsettings-desktop-schemas.mo to /usr/share/locale/lv/LC_MESSAGES
Installing po/ml/LC_MESSAGES/gsettings-desktop-schemas.mo to /usr/share/locale/ml/LC_MESSAGES
Installing po/ms/LC_MESSAGES/gsettings-desktop-schemas.mo to /usr/share/locale/ms/LC_MESSAGES
Installing po/nb/LC_MESSAGES/gsettings-desktop-schemas.mo to /usr/share/locale/nb/LC_MESSAGES
Installing po/ne/LC_MESSAGES/gsettings-desktop-schemas.mo to /usr/share/locale/ne/LC_MESSAGES
Installing po/nl/LC_MESSAGES/gsettings-desktop-schemas.mo to /usr/share/locale/nl/LC_MESSAGES
Installing po/oc/LC_MESSAGES/gsettings-desktop-schemas.mo to /usr/share/locale/oc/LC_MESSAGES
Installing po/or/LC_MESSAGES/gsettings-desktop-schemas.mo to /usr/share/locale/or/LC_MESSAGES
Installing po/pa/LC_MESSAGES/gsettings-desktop-schemas.mo to /usr/share/locale/pa/LC_MESSAGES
Installing po/pl/LC_MESSAGES/gsettings-desktop-schemas.mo to /usr/share/locale/pl/LC_MESSAGES
Installing po/pt/LC_MESSAGES/gsettings-desktop-schemas.mo to /usr/share/locale/pt/LC_MESSAGES
Installing po/pt_BR/LC_MESSAGES/gsettings-desktop-schemas.mo to /usr/share/locale/pt_BR/LC_MESSAGES
Installing po/ro/LC_MESSAGES/gsettings-desktop-schemas.mo to /usr/share/locale/ro/LC_MESSAGES
Installing po/ru/LC_MESSAGES/gsettings-desktop-schemas.mo to /usr/share/locale/ru/LC_MESSAGES
Installing po/sk/LC_MESSAGES/gsettings-desktop-schemas.mo to /usr/share/locale/sk/LC_MESSAGES
Installing po/sl/LC_MESSAGES/gsettings-desktop-schemas.mo to /usr/share/locale/sl/LC_MESSAGES
Installing po/sr/LC_MESSAGES/gsettings-desktop-schemas.mo to /usr/share/locale/sr/LC_MESSAGES
Installing po/sr@latin/LC_MESSAGES/gsettings-desktop-schemas.mo to /usr/share/locale/sr@latin/LC_MESSAGES
Installing po/sv/LC_MESSAGES/gsettings-desktop-schemas.mo to /usr/share/locale/sv/LC_MESSAGES
Installing po/tg/LC_MESSAGES/gsettings-desktop-schemas.mo to /usr/share/locale/tg/LC_MESSAGES
Installing po/tr/LC_MESSAGES/gsettings-desktop-schemas.mo to /usr/share/locale/tr/LC_MESSAGES
Installing po/uk/LC_MESSAGES/gsettings-desktop-schemas.mo to /usr/share/locale/uk/LC_MESSAGES
Installing po/vi/LC_MESSAGES/gsettings-desktop-schemas.mo to /usr/share/locale/vi/LC_MESSAGES
Installing po/zh_CN/LC_MESSAGES/gsettings-desktop-schemas.mo to /usr/share/locale/zh_CN/LC_MESSAGES
Installing po/zh_HK/LC_MESSAGES/gsettings-desktop-schemas.mo to /usr/share/locale/zh_HK/LC_MESSAGES
Installing po/zh_TW/LC_MESSAGES/gsettings-desktop-schemas.mo to /usr/share/locale/zh_TW/LC_MESSAGES
Installing po/ug/LC_MESSAGES/gsettings-desktop-schemas.mo to /usr/share/locale/ug/LC_MESSAGES
Installing /blfs/builds/gsettings-desktop-schemas-47.1/headers/gdesktop-enums.h to /usr/include/gsettings-desktop-schemas
Installing /blfs/builds/gsettings-desktop-schemas-47.1/build/gsettings-desktop-schemas.pc to /usr/share/pkgconfig
Installing /blfs/builds/gsettings-desktop-schemas-47.1/build/schemas/org.gnome.desktop.default-applications.gschema.xml to /usr/share/glib-2.0/schemas
Installing /blfs/builds/gsettings-desktop-schemas-47.1/build/schemas/org.gnome.desktop.interface.gschema.xml to /usr/share/glib-2.0/schemas
Installing /blfs/builds/gsettings-desktop-schemas-47.1/build/schemas/org.gnome.desktop.lockdown.gschema.xml to /usr/share/glib-2.0/schemas
Installing /blfs/builds/gsettings-desktop-schemas-47.1/build/schemas/org.gnome.system.locale.gschema.xml to /usr/share/glib-2.0/schemas
Installing /blfs/builds/gsettings-desktop-schemas-47.1/build/schemas/org.gnome.system.location.gschema.xml to /usr/share/glib-2.0/schemas
Installing /blfs/builds/gsettings-desktop-schemas-47.1/build/schemas/org.gnome.system.proxy.gschema.xml to /usr/share/glib-2.0/schemas
Installing /blfs/builds/gsettings-desktop-schemas-47.1/build/schemas/org.gnome.desktop.sound.gschema.xml to /usr/share/glib-2.0/schemas
Installing /blfs/builds/gsettings-desktop-schemas-47.1/build/schemas/org.gnome.desktop.thumbnail-cache.gschema.xml to /usr/share/glib-2.0/schemas
Installing /blfs/builds/gsettings-desktop-schemas-47.1/build/schemas/org.gnome.desktop.a11y.gschema.xml to /usr/share/glib-2.0/schemas
Installing /blfs/builds/gsettings-desktop-schemas-47.1/build/schemas/org.gnome.desktop.a11y.keyboard.gschema.xml to /usr/share/glib-2.0/schemas
Installing /blfs/builds/gsettings-desktop-schemas-47.1/build/schemas/org.gnome.desktop.a11y.applications.gschema.xml to /usr/share/glib-2.0/schemas
Installing /blfs/builds/gsettings-desktop-schemas-47.1/build/schemas/org.gnome.desktop.a11y.interface.gschema.xml to /usr/share/glib-2.0/schemas
Installing /blfs/builds/gsettings-desktop-schemas-47.1/build/schemas/org.gnome.desktop.a11y.magnifier.gschema.xml to /usr/share/glib-2.0/schemas
Installing /blfs/builds/gsettings-desktop-schemas-47.1/build/schemas/org.gnome.desktop.a11y.mouse.gschema.xml to /usr/share/glib-2.0/schemas
Installing /blfs/builds/gsettings-desktop-schemas-47.1/build/schemas/org.gnome.desktop.thumbnailers.gschema.xml to /usr/share/glib-2.0/schemas
Installing /blfs/builds/gsettings-desktop-schemas-47.1/build/schemas/org.gnome.desktop.session.gschema.xml to /usr/share/glib-2.0/schemas
Installing /blfs/builds/gsettings-desktop-schemas-47.1/build/schemas/org.gnome.desktop.background.gschema.xml to /usr/share/glib-2.0/schemas
Installing /blfs/builds/gsettings-desktop-schemas-47.1/build/schemas/org.gnome.desktop.break-reminders.gschema.xml to /usr/share/glib-2.0/schemas
Installing /blfs/builds/gsettings-desktop-schemas-47.1/build/schemas/org.gnome.desktop.calendar.gschema.xml to /usr/share/glib-2.0/schemas
Installing /blfs/builds/gsettings-desktop-schemas-47.1/build/schemas/org.gnome.desktop.datetime.gschema.xml to /usr/share/glib-2.0/schemas
Installing /blfs/builds/gsettings-desktop-schemas-47.1/build/schemas/org.gnome.desktop.media-handling.gschema.xml to /usr/share/glib-2.0/schemas
Installing /blfs/builds/gsettings-desktop-schemas-47.1/build/schemas/org.gnome.desktop.screensaver.gschema.xml to /usr/share/glib-2.0/schemas
Installing /blfs/builds/gsettings-desktop-schemas-47.1/build/schemas/org.gnome.desktop.search-providers.gschema.xml to /usr/share/glib-2.0/schemas
Installing /blfs/builds/gsettings-desktop-schemas-47.1/build/schemas/org.gnome.desktop.wm.keybindings.gschema.xml to /usr/share/glib-2.0/schemas
Installing /blfs/builds/gsettings-desktop-schemas-47.1/build/schemas/org.gnome.desktop.wm.preferences.gschema.xml to /usr/share/glib-2.0/schemas
Installing /blfs/builds/gsettings-desktop-schemas-47.1/build/schemas/org.gnome.desktop.input-sources.gschema.xml to /usr/share/glib-2.0/schemas
Installing /blfs/builds/gsettings-desktop-schemas-47.1/build/schemas/org.gnome.desktop.privacy.gschema.xml to /usr/share/glib-2.0/schemas
Installing /blfs/builds/gsettings-desktop-schemas-47.1/build/schemas/org.gnome.desktop.notifications.gschema.xml to /usr/share/glib-2.0/schemas
Installing /blfs/builds/gsettings-desktop-schemas-47.1/build/schemas/org.gnome.desktop.app-folders.gschema.xml to /usr/share/glib-2.0/schemas
Installing /blfs/builds/gsettings-desktop-schemas-47.1/build/schemas/org.gnome.desktop.peripherals.gschema.xml to /usr/share/glib-2.0/schemas
Installing /blfs/builds/gsettings-desktop-schemas-47.1/schemas/gsettings-desktop-schemas.convert to /usr/share/GConf/gsettings
Installing /blfs/builds/gsettings-desktop-schemas-47.1/schemas/wm-schemas.convert to /usr/share/GConf/gsettings
Running custom install script '/usr/bin/glib-compile-schemas /usr/share/glib-2.0/schemas'
[0/1] Installing files
Installing headers/org.gnome.desktop.enums.xml to /pkgs/gsettings-desktop-schemas/usr/share/glib-2.0/schemas
Installing headers/GDesktopEnums-3.0.gir to /pkgs/gsettings-desktop-schemas/usr/share/gir-1.0
Installing headers/GDesktopEnums-3.0.typelib to /pkgs/gsettings-desktop-schemas/usr/lib/girepository-1.0
Installing po/ab/LC_MESSAGES/gsettings-desktop-schemas.mo to /pkgs/gsettings-desktop-schemas/usr/share/locale/ab/LC_MESSAGES
Installing po/as/LC_MESSAGES/gsettings-desktop-schemas.mo to /pkgs/gsettings-desktop-schemas/usr/share/locale/as/LC_MESSAGES
Installing po/be/LC_MESSAGES/gsettings-desktop-schemas.mo to /pkgs/gsettings-desktop-schemas/usr/share/locale/be/LC_MESSAGES
Installing po/bg/LC_MESSAGES/gsettings-desktop-schemas.mo to /pkgs/gsettings-desktop-schemas/usr/share/locale/bg/LC_MESSAGES
Installing po/bs/LC_MESSAGES/gsettings-desktop-schemas.mo to /pkgs/gsettings-desktop-schemas/usr/share/locale/bs/LC_MESSAGES
Installing po/ca/LC_MESSAGES/gsettings-desktop-schemas.mo to /pkgs/gsettings-desktop-schemas/usr/share/locale/ca/LC_MESSAGES
Installing po/ca@valencia/LC_MESSAGES/gsettings-desktop-schemas.mo to /pkgs/gsettings-desktop-schemas/usr/share/locale/ca@valencia/LC_MESSAGES
Installing po/cs/LC_MESSAGES/gsettings-desktop-schemas.mo to /pkgs/gsettings-desktop-schemas/usr/share/locale/cs/LC_MESSAGES
Installing po/da/LC_MESSAGES/gsettings-desktop-schemas.mo to /pkgs/gsettings-desktop-schemas/usr/share/locale/da/LC_MESSAGES
Installing po/de/LC_MESSAGES/gsettings-desktop-schemas.mo to /pkgs/gsettings-desktop-schemas/usr/share/locale/de/LC_MESSAGES
Installing po/el/LC_MESSAGES/gsettings-desktop-schemas.mo to /pkgs/gsettings-desktop-schemas/usr/share/locale/el/LC_MESSAGES
Installing po/en_GB/LC_MESSAGES/gsettings-desktop-schemas.mo to /pkgs/gsettings-desktop-schemas/usr/share/locale/en_GB/LC_MESSAGES
Installing po/en_US/LC_MESSAGES/gsettings-desktop-schemas.mo to /pkgs/gsettings-desktop-schemas/usr/share/locale/en_US/LC_MESSAGES
Installing po/eo/LC_MESSAGES/gsettings-desktop-schemas.mo to /pkgs/gsettings-desktop-schemas/usr/share/locale/eo/LC_MESSAGES
Installing po/es/LC_MESSAGES/gsettings-desktop-schemas.mo to /pkgs/gsettings-desktop-schemas/usr/share/locale/es/LC_MESSAGES
Installing po/eu/LC_MESSAGES/gsettings-desktop-schemas.mo to /pkgs/gsettings-desktop-schemas/usr/share/locale/eu/LC_MESSAGES
Installing po/fa/LC_MESSAGES/gsettings-desktop-schemas.mo to /pkgs/gsettings-desktop-schemas/usr/share/locale/fa/LC_MESSAGES
Installing po/fi/LC_MESSAGES/gsettings-desktop-schemas.mo to /pkgs/gsettings-desktop-schemas/usr/share/locale/fi/LC_MESSAGES
Installing po/fr/LC_MESSAGES/gsettings-desktop-schemas.mo to /pkgs/gsettings-desktop-schemas/usr/share/locale/fr/LC_MESSAGES
Installing po/fur/LC_MESSAGES/gsettings-desktop-schemas.mo to /pkgs/gsettings-desktop-schemas/usr/share/locale/fur/LC_MESSAGES
Installing po/gl/LC_MESSAGES/gsettings-desktop-schemas.mo to /pkgs/gsettings-desktop-schemas/usr/share/locale/gl/LC_MESSAGES
Installing po/gu/LC_MESSAGES/gsettings-desktop-schemas.mo to /pkgs/gsettings-desktop-schemas/usr/share/locale/gu/LC_MESSAGES
Installing po/he/LC_MESSAGES/gsettings-desktop-schemas.mo to /pkgs/gsettings-desktop-schemas/usr/share/locale/he/LC_MESSAGES
Installing po/hi/LC_MESSAGES/gsettings-desktop-schemas.mo to /pkgs/gsettings-desktop-schemas/usr/share/locale/hi/LC_MESSAGES
Installing po/hr/LC_MESSAGES/gsettings-desktop-schemas.mo to /pkgs/gsettings-desktop-schemas/usr/share/locale/hr/LC_MESSAGES
Installing po/hu/LC_MESSAGES/gsettings-desktop-schemas.mo to /pkgs/gsettings-desktop-schemas/usr/share/locale/hu/LC_MESSAGES
Installing po/id/LC_MESSAGES/gsettings-desktop-schemas.mo to /pkgs/gsettings-desktop-schemas/usr/share/locale/id/LC_MESSAGES
Installing po/is/LC_MESSAGES/gsettings-desktop-schemas.mo to /pkgs/gsettings-desktop-schemas/usr/share/locale/is/LC_MESSAGES
Installing po/it/LC_MESSAGES/gsettings-desktop-schemas.mo to /pkgs/gsettings-desktop-schemas/usr/share/locale/it/LC_MESSAGES
Installing po/ja/LC_MESSAGES/gsettings-desktop-schemas.mo to /pkgs/gsettings-desktop-schemas/usr/share/locale/ja/LC_MESSAGES
Installing po/ka/LC_MESSAGES/gsettings-desktop-schemas.mo to /pkgs/gsettings-desktop-schemas/usr/share/locale/ka/LC_MESSAGES
Installing po/kab/LC_MESSAGES/gsettings-desktop-schemas.mo to /pkgs/gsettings-desktop-schemas/usr/share/locale/kab/LC_MESSAGES
Installing po/kk/LC_MESSAGES/gsettings-desktop-schemas.mo to /pkgs/gsettings-desktop-schemas/usr/share/locale/kk/LC_MESSAGES
Installing po/lt/LC_MESSAGES/gsettings-desktop-schemas.mo to /pkgs/gsettings-desktop-schemas/usr/share/locale/lt/LC_MESSAGES
Installing po/lv/LC_MESSAGES/gsettings-desktop-schemas.mo to /pkgs/gsettings-desktop-schemas/usr/share/locale/lv/LC_MESSAGES
Installing po/ml/LC_MESSAGES/gsettings-desktop-schemas.mo to /pkgs/gsettings-desktop-schemas/usr/share/locale/ml/LC_MESSAGES
Installing po/ms/LC_MESSAGES/gsettings-desktop-schemas.mo to /pkgs/gsettings-desktop-schemas/usr/share/locale/ms/LC_MESSAGES
Installing po/nb/LC_MESSAGES/gsettings-desktop-schemas.mo to /pkgs/gsettings-desktop-schemas/usr/share/locale/nb/LC_MESSAGES
Installing po/ne/LC_MESSAGES/gsettings-desktop-schemas.mo to /pkgs/gsettings-desktop-schemas/usr/share/locale/ne/LC_MESSAGES
Installing po/nl/LC_MESSAGES/gsettings-desktop-schemas.mo to /pkgs/gsettings-desktop-schemas/usr/share/locale/nl/LC_MESSAGES
Installing po/oc/LC_MESSAGES/gsettings-desktop-schemas.mo to /pkgs/gsettings-desktop-schemas/usr/share/locale/oc/LC_MESSAGES
Installing po/or/LC_MESSAGES/gsettings-desktop-schemas.mo to /pkgs/gsettings-desktop-schemas/usr/share/locale/or/LC_MESSAGES
Installing po/pa/LC_MESSAGES/gsettings-desktop-schemas.mo to /pkgs/gsettings-desktop-schemas/usr/share/locale/pa/LC_MESSAGES
Installing po/pl/LC_MESSAGES/gsettings-desktop-schemas.mo to /pkgs/gsettings-desktop-schemas/usr/share/locale/pl/LC_MESSAGES
Installing po/pt/LC_MESSAGES/gsettings-desktop-schemas.mo to /pkgs/gsettings-desktop-schemas/usr/share/locale/pt/LC_MESSAGES
Installing po/pt_BR/LC_MESSAGES/gsettings-desktop-schemas.mo to /pkgs/gsettings-desktop-schemas/usr/share/locale/pt_BR/LC_MESSAGES
Installing po/ro/LC_MESSAGES/gsettings-desktop-schemas.mo to /pkgs/gsettings-desktop-schemas/usr/share/locale/ro/LC_MESSAGES
Installing po/ru/LC_MESSAGES/gsettings-desktop-schemas.mo to /pkgs/gsettings-desktop-schemas/usr/share/locale/ru/LC_MESSAGES
Installing po/sk/LC_MESSAGES/gsettings-desktop-schemas.mo to /pkgs/gsettings-desktop-schemas/usr/share/locale/sk/LC_MESSAGES
Installing po/sl/LC_MESSAGES/gsettings-desktop-schemas.mo to /pkgs/gsettings-desktop-schemas/usr/share/locale/sl/LC_MESSAGES
Installing po/sr/LC_MESSAGES/gsettings-desktop-schemas.mo to /pkgs/gsettings-desktop-schemas/usr/share/locale/sr/LC_MESSAGES
Installing po/sr@latin/LC_MESSAGES/gsettings-desktop-schemas.mo to /pkgs/gsettings-desktop-schemas/usr/share/locale/sr@latin/LC_MESSAGES
Installing po/sv/LC_MESSAGES/gsettings-desktop-schemas.mo to /pkgs/gsettings-desktop-schemas/usr/share/locale/sv/LC_MESSAGES
Installing po/tg/LC_MESSAGES/gsettings-desktop-schemas.mo to /pkgs/gsettings-desktop-schemas/usr/share/locale/tg/LC_MESSAGES
Installing po/tr/LC_MESSAGES/gsettings-desktop-schemas.mo to /pkgs/gsettings-desktop-schemas/usr/share/locale/tr/LC_MESSAGES
Installing po/uk/LC_MESSAGES/gsettings-desktop-schemas.mo to /pkgs/gsettings-desktop-schemas/usr/share/locale/uk/LC_MESSAGES
Installing po/vi/LC_MESSAGES/gsettings-desktop-schemas.mo to /pkgs/gsettings-desktop-schemas/usr/share/locale/vi/LC_MESSAGES
Installing po/zh_CN/LC_MESSAGES/gsettings-desktop-schemas.mo to /pkgs/gsettings-desktop-schemas/usr/share/locale/zh_CN/LC_MESSAGES
Installing po/zh_HK/LC_MESSAGES/gsettings-desktop-schemas.mo to /pkgs/gsettings-desktop-schemas/usr/share/locale/zh_HK/LC_MESSAGES
Installing po/zh_TW/LC_MESSAGES/gsettings-desktop-schemas.mo to /pkgs/gsettings-desktop-schemas/usr/share/locale/zh_TW/LC_MESSAGES
Installing po/ug/LC_MESSAGES/gsettings-desktop-schemas.mo to /pkgs/gsettings-desktop-schemas/usr/share/locale/ug/LC_MESSAGES
Installing /blfs/builds/gsettings-desktop-schemas-47.1/headers/gdesktop-enums.h to /pkgs/gsettings-desktop-schemas/usr/include/gsettings-desktop-schemas
Installing /blfs/builds/gsettings-desktop-schemas-47.1/build/gsettings-desktop-schemas.pc to /pkgs/gsettings-desktop-schemas/usr/share/pkgconfig
Installing /blfs/builds/gsettings-desktop-schemas-47.1/build/schemas/org.gnome.desktop.default-applications.gschema.xml to /pkgs/gsettings-desktop-schemas/usr/share/glib-2.0/schemas
Installing /blfs/builds/gsettings-desktop-schemas-47.1/build/schemas/org.gnome.desktop.interface.gschema.xml to /pkgs/gsettings-desktop-schemas/usr/share/glib-2.0/schemas
Installing /blfs/builds/gsettings-desktop-schemas-47.1/build/schemas/org.gnome.desktop.lockdown.gschema.xml to /pkgs/gsettings-desktop-schemas/usr/share/glib-2.0/schemas
Installing /blfs/builds/gsettings-desktop-schemas-47.1/build/schemas/org.gnome.system.locale.gschema.xml to /pkgs/gsettings-desktop-schemas/usr/share/glib-2.0/schemas
Installing /blfs/builds/gsettings-desktop-schemas-47.1/build/schemas/org.gnome.system.location.gschema.xml to /pkgs/gsettings-desktop-schemas/usr/share/glib-2.0/schemas
Installing /blfs/builds/gsettings-desktop-schemas-47.1/build/schemas/org.gnome.system.proxy.gschema.xml to /pkgs/gsettings-desktop-schemas/usr/share/glib-2.0/schemas
Installing /blfs/builds/gsettings-desktop-schemas-47.1/build/schemas/org.gnome.desktop.sound.gschema.xml to /pkgs/gsettings-desktop-schemas/usr/share/glib-2.0/schemas
Installing /blfs/builds/gsettings-desktop-schemas-47.1/build/schemas/org.gnome.desktop.thumbnail-cache.gschema.xml to /pkgs/gsettings-desktop-schemas/usr/share/glib-2.0/schemas
Installing /blfs/builds/gsettings-desktop-schemas-47.1/build/schemas/org.gnome.desktop.a11y.gschema.xml to /pkgs/gsettings-desktop-schemas/usr/share/glib-2.0/schemas
Installing /blfs/builds/gsettings-desktop-schemas-47.1/build/schemas/org.gnome.desktop.a11y.keyboard.gschema.xml to /pkgs/gsettings-desktop-schemas/usr/share/glib-2.0/schemas
Installing /blfs/builds/gsettings-desktop-schemas-47.1/build/schemas/org.gnome.desktop.a11y.applications.gschema.xml to /pkgs/gsettings-desktop-schemas/usr/share/glib-2.0/schemas
Installing /blfs/builds/gsettings-desktop-schemas-47.1/build/schemas/org.gnome.desktop.a11y.interface.gschema.xml to /pkgs/gsettings-desktop-schemas/usr/share/glib-2.0/schemas
Installing /blfs/builds/gsettings-desktop-schemas-47.1/build/schemas/org.gnome.desktop.a11y.magnifier.gschema.xml to /pkgs/gsettings-desktop-schemas/usr/share/glib-2.0/schemas
Installing /blfs/builds/gsettings-desktop-schemas-47.1/build/schemas/org.gnome.desktop.a11y.mouse.gschema.xml to /pkgs/gsettings-desktop-schemas/usr/share/glib-2.0/schemas
Installing /blfs/builds/gsettings-desktop-schemas-47.1/build/schemas/org.gnome.desktop.thumbnailers.gschema.xml to /pkgs/gsettings-desktop-schemas/usr/share/glib-2.0/schemas
Installing /blfs/builds/gsettings-desktop-schemas-47.1/build/schemas/org.gnome.desktop.session.gschema.xml to /pkgs/gsettings-desktop-schemas/usr/share/glib-2.0/schemas
Installing /blfs/builds/gsettings-desktop-schemas-47.1/build/schemas/org.gnome.desktop.background.gschema.xml to /pkgs/gsettings-desktop-schemas/usr/share/glib-2.0/schemas
Installing /blfs/builds/gsettings-desktop-schemas-47.1/build/schemas/org.gnome.desktop.break-reminders.gschema.xml to /pkgs/gsettings-desktop-schemas/usr/share/glib-2.0/schemas
Installing /blfs/builds/gsettings-desktop-schemas-47.1/build/schemas/org.gnome.desktop.calendar.gschema.xml to /pkgs/gsettings-desktop-schemas/usr/share/glib-2.0/schemas
Installing /blfs/builds/gsettings-desktop-schemas-47.1/build/schemas/org.gnome.desktop.datetime.gschema.xml to /pkgs/gsettings-desktop-schemas/usr/share/glib-2.0/schemas
Installing /blfs/builds/gsettings-desktop-schemas-47.1/build/schemas/org.gnome.desktop.media-handling.gschema.xml to /pkgs/gsettings-desktop-schemas/usr/share/glib-2.0/schemas
Installing /blfs/builds/gsettings-desktop-schemas-47.1/build/schemas/org.gnome.desktop.screensaver.gschema.xml to /pkgs/gsettings-desktop-schemas/usr/share/glib-2.0/schemas
Installing /blfs/builds/gsettings-desktop-schemas-47.1/build/schemas/org.gnome.desktop.search-providers.gschema.xml to /pkgs/gsettings-desktop-schemas/usr/share/glib-2.0/schemas
Installing /blfs/builds/gsettings-desktop-schemas-47.1/build/schemas/org.gnome.desktop.wm.keybindings.gschema.xml to /pkgs/gsettings-desktop-schemas/usr/share/glib-2.0/schemas
Installing /blfs/builds/gsettings-desktop-schemas-47.1/build/schemas/org.gnome.desktop.wm.preferences.gschema.xml to /pkgs/gsettings-desktop-schemas/usr/share/glib-2.0/schemas
Installing /blfs/builds/gsettings-desktop-schemas-47.1/build/schemas/org.gnome.desktop.input-sources.gschema.xml to /pkgs/gsettings-desktop-schemas/usr/share/glib-2.0/schemas
Installing /blfs/builds/gsettings-desktop-schemas-47.1/build/schemas/org.gnome.desktop.privacy.gschema.xml to /pkgs/gsettings-desktop-schemas/usr/share/glib-2.0/schemas
Installing /blfs/builds/gsettings-desktop-schemas-47.1/build/schemas/org.gnome.desktop.notifications.gschema.xml to /pkgs/gsettings-desktop-schemas/usr/share/glib-2.0/schemas
Installing /blfs/builds/gsettings-desktop-schemas-47.1/build/schemas/org.gnome.desktop.app-folders.gschema.xml to /pkgs/gsettings-desktop-schemas/usr/share/glib-2.0/schemas
Installing /blfs/builds/gsettings-desktop-schemas-47.1/build/schemas/org.gnome.desktop.peripherals.gschema.xml to /pkgs/gsettings-desktop-schemas/usr/share/glib-2.0/schemas
Installing /blfs/builds/gsettings-desktop-schemas-47.1/schemas/gsettings-desktop-schemas.convert to /pkgs/gsettings-desktop-schemas/usr/share/GConf/gsettings
Installing /blfs/builds/gsettings-desktop-schemas-47.1/schemas/wm-schemas.convert to /pkgs/gsettings-desktop-schemas/usr/share/GConf/gsettings
Skipping custom install script because DESTDIR is set '/usr/bin/glib-compile-schemas /usr/share/glib-2.0/schemas'
gsettings-desktop-schemas/
gsettings-desktop-schemas/usr/
gsettings-desktop-schemas/usr/share/
gsettings-desktop-schemas/usr/share/glib-2.0/
gsettings-desktop-schemas/usr/share/glib-2.0/schemas/
gsettings-desktop-schemas/usr/share/glib-2.0/schemas/org.gnome.desktop.default-applications.gschema.xml
gsettings-desktop-schemas/usr/share/glib-2.0/schemas/org.gnome.desktop.calendar.gschema.xml
gsettings-desktop-schemas/usr/share/glib-2.0/schemas/org.gnome.desktop.enums.xml
gsettings-desktop-schemas/usr/share/glib-2.0/schemas/org.gnome.desktop.wm.keybindings.gschema.xml
gsettings-desktop-schemas/usr/share/glib-2.0/schemas/org.gnome.desktop.app-folders.gschema.xml
gsettings-desktop-schemas/usr/share/glib-2.0/schemas/org.gnome.system.proxy.gschema.xml
gsettings-desktop-schemas/usr/share/glib-2.0/schemas/org.gnome.desktop.media-handling.gschema.xml
gsettings-desktop-schemas/usr/share/glib-2.0/schemas/org.gnome.desktop.notifications.gschema.xml
gsettings-desktop-schemas/usr/share/glib-2.0/schemas/org.gnome.desktop.input-sources.gschema.xml
gsettings-desktop-schemas/usr/share/glib-2.0/schemas/org.gnome.desktop.a11y.keyboard.gschema.xml
gsettings-desktop-schemas/usr/share/glib-2.0/schemas/org.gnome.desktop.thumbnail-cache.gschema.xml
gsettings-desktop-schemas/usr/share/glib-2.0/schemas/org.gnome.desktop.peripherals.gschema.xml
gsettings-desktop-schemas/usr/share/glib-2.0/schemas/org.gnome.desktop.a11y.interface.gschema.xml
gsettings-desktop-schemas/usr/share/glib-2.0/schemas/org.gnome.desktop.datetime.gschema.xml
gsettings-desktop-schemas/usr/share/glib-2.0/schemas/org.gnome.desktop.a11y.magnifier.gschema.xml
gsettings-desktop-schemas/usr/share/glib-2.0/schemas/org.gnome.desktop.session.gschema.xml
gsettings-desktop-schemas/usr/share/glib-2.0/schemas/org.gnome.desktop.privacy.gschema.xml
gsettings-desktop-schemas/usr/share/glib-2.0/schemas/org.gnome.desktop.wm.preferences.gschema.xml
gsettings-desktop-schemas/usr/share/glib-2.0/schemas/org.gnome.desktop.thumbnailers.gschema.xml
gsettings-desktop-schemas/usr/share/glib-2.0/schemas/org.gnome.system.location.gschema.xml
gsettings-desktop-schemas/usr/share/glib-2.0/schemas/org.gnome.desktop.background.gschema.xml
gsettings-desktop-schemas/usr/share/glib-2.0/schemas/org.gnome.desktop.a11y.applications.gschema.xml
gsettings-desktop-schemas/usr/share/glib-2.0/schemas/org.gnome.desktop.screensaver.gschema.xml
gsettings-desktop-schemas/usr/share/glib-2.0/schemas/org.gnome.desktop.break-reminders.gschema.xml
gsettings-desktop-schemas/usr/share/glib-2.0/schemas/org.gnome.desktop.a11y.mouse.gschema.xml
gsettings-desktop-schemas/usr/share/glib-2.0/schemas/org.gnome.desktop.interface.gschema.xml
gsettings-desktop-schemas/usr/share/glib-2.0/schemas/org.gnome.desktop.a11y.gschema.xml
gsettings-desktop-schemas/usr/share/glib-2.0/schemas/org.gnome.system.locale.gschema.xml
gsettings-desktop-schemas/usr/share/glib-2.0/schemas/org.gnome.desktop.sound.gschema.xml
gsettings-desktop-schemas/usr/share/glib-2.0/schemas/org.gnome.desktop.search-providers.gschema.xml
gsettings-desktop-schemas/usr/share/glib-2.0/schemas/org.gnome.desktop.lockdown.gschema.xml
gsettings-desktop-schemas/usr/share/locale/
gsettings-desktop-schemas/usr/share/locale/zh_HK/
gsettings-desktop-schemas/usr/share/locale/zh_HK/LC_MESSAGES/
gsettings-desktop-schemas/usr/share/locale/zh_HK/LC_MESSAGES/gsettings-desktop-schemas.mo
gsettings-desktop-schemas/usr/share/locale/be/
gsettings-desktop-schemas/usr/share/locale/be/LC_MESSAGES/
gsettings-desktop-schemas/usr/share/locale/be/LC_MESSAGES/gsettings-desktop-schemas.mo
gsettings-desktop-schemas/usr/share/locale/ca/
gsettings-desktop-schemas/usr/share/locale/ca/LC_MESSAGES/
gsettings-desktop-schemas/usr/share/locale/ca/LC_MESSAGES/gsettings-desktop-schemas.mo
gsettings-desktop-schemas/usr/share/locale/eu/
gsettings-desktop-schemas/usr/share/locale/eu/LC_MESSAGES/
gsettings-desktop-schemas/usr/share/locale/eu/LC_MESSAGES/gsettings-desktop-schemas.mo
gsettings-desktop-schemas/usr/share/locale/en_GB/
gsettings-desktop-schemas/usr/share/locale/en_GB/LC_MESSAGES/
gsettings-desktop-schemas/usr/share/locale/en_GB/LC_MESSAGES/gsettings-desktop-schemas.mo
gsettings-desktop-schemas/usr/share/locale/uk/
gsettings-desktop-schemas/usr/share/locale/uk/LC_MESSAGES/
gsettings-desktop-schemas/usr/share/locale/uk/LC_MESSAGES/gsettings-desktop-schemas.mo
gsettings-desktop-schemas/usr/share/locale/it/
gsettings-desktop-schemas/usr/share/locale/it/LC_MESSAGES/
gsettings-desktop-schemas/usr/share/locale/it/LC_MESSAGES/gsettings-desktop-schemas.mo
gsettings-desktop-schemas/usr/share/locale/ug/
gsettings-desktop-schemas/usr/share/locale/ug/LC_MESSAGES/
gsettings-desktop-schemas/usr/share/locale/ug/LC_MESSAGES/gsettings-desktop-schemas.mo
gsettings-desktop-schemas/usr/share/locale/he/
gsettings-desktop-schemas/usr/share/locale/he/LC_MESSAGES/
gsettings-desktop-schemas/usr/share/locale/he/LC_MESSAGES/gsettings-desktop-schemas.mo
gsettings-desktop-schemas/usr/share/locale/de/
gsettings-desktop-schemas/usr/share/locale/de/LC_MESSAGES/
gsettings-desktop-schemas/usr/share/locale/de/LC_MESSAGES/gsettings-desktop-schemas.mo
gsettings-desktop-schemas/usr/share/locale/pt/
gsettings-desktop-schemas/usr/share/locale/pt/LC_MESSAGES/
gsettings-desktop-schemas/usr/share/locale/pt/LC_MESSAGES/gsettings-desktop-schemas.mo
gsettings-desktop-schemas/usr/share/locale/kk/
gsettings-desktop-schemas/usr/share/locale/kk/LC_MESSAGES/
gsettings-desktop-schemas/usr/share/locale/kk/LC_MESSAGES/gsettings-desktop-schemas.mo
gsettings-desktop-schemas/usr/share/locale/en_US/
gsettings-desktop-schemas/usr/share/locale/en_US/LC_MESSAGES/
gsettings-desktop-schemas/usr/share/locale/en_US/LC_MESSAGES/gsettings-desktop-schemas.mo
gsettings-desktop-schemas/usr/share/locale/es/
gsettings-desktop-schemas/usr/share/locale/es/LC_MESSAGES/
gsettings-desktop-schemas/usr/share/locale/es/LC_MESSAGES/gsettings-desktop-schemas.mo
gsettings-desktop-schemas/usr/share/locale/vi/
gsettings-desktop-schemas/usr/share/locale/vi/LC_MESSAGES/
gsettings-desktop-schemas/usr/share/locale/vi/LC_MESSAGES/gsettings-desktop-schemas.mo
gsettings-desktop-schemas/usr/share/locale/fur/
gsettings-desktop-schemas/usr/share/locale/fur/LC_MESSAGES/
gsettings-desktop-schemas/usr/share/locale/fur/LC_MESSAGES/gsettings-desktop-schemas.mo
gsettings-desktop-schemas/usr/share/locale/ne/
gsettings-desktop-schemas/usr/share/locale/ne/LC_MESSAGES/
gsettings-desktop-schemas/usr/share/locale/ne/LC_MESSAGES/gsettings-desktop-schemas.mo
gsettings-desktop-schemas/usr/share/locale/bs/
gsettings-desktop-schemas/usr/share/locale/bs/LC_MESSAGES/
gsettings-desktop-schemas/usr/share/locale/bs/LC_MESSAGES/gsettings-desktop-schemas.mo
gsettings-desktop-schemas/usr/share/locale/da/
gsettings-desktop-schemas/usr/share/locale/da/LC_MESSAGES/
gsettings-desktop-schemas/usr/share/locale/da/LC_MESSAGES/gsettings-desktop-schemas.mo
gsettings-desktop-schemas/usr/share/locale/zh_CN/
gsettings-desktop-schemas/usr/share/locale/zh_CN/LC_MESSAGES/
gsettings-desktop-schemas/usr/share/locale/zh_CN/LC_MESSAGES/gsettings-desktop-schemas.mo
gsettings-desktop-schemas/usr/share/locale/ml/
gsettings-desktop-schemas/usr/share/locale/ml/LC_MESSAGES/
gsettings-desktop-schemas/usr/share/locale/ml/LC_MESSAGES/gsettings-desktop-schemas.mo
gsettings-desktop-schemas/usr/share/locale/pa/
gsettings-desktop-schemas/usr/share/locale/pa/LC_MESSAGES/
gsettings-desktop-schemas/usr/share/locale/pa/LC_MESSAGES/gsettings-desktop-schemas.mo
gsettings-desktop-schemas/usr/share/locale/or/
gsettings-desktop-schemas/usr/share/locale/or/LC_MESSAGES/
gsettings-desktop-schemas/usr/share/locale/or/LC_MESSAGES/gsettings-desktop-schemas.mo
gsettings-desktop-schemas/usr/share/locale/kab/
gsettings-desktop-schemas/usr/share/locale/kab/LC_MESSAGES/
gsettings-desktop-schemas/usr/share/locale/kab/LC_MESSAGES/gsettings-desktop-schemas.mo
gsettings-desktop-schemas/usr/share/locale/nb/
gsettings-desktop-schemas/usr/share/locale/nb/LC_MESSAGES/
gsettings-desktop-schemas/usr/share/locale/nb/LC_MESSAGES/gsettings-desktop-schemas.mo
gsettings-desktop-schemas/usr/share/locale/hr/
gsettings-desktop-schemas/usr/share/locale/hr/LC_MESSAGES/
gsettings-desktop-schemas/usr/share/locale/hr/LC_MESSAGES/gsettings-desktop-schemas.mo
gsettings-desktop-schemas/usr/share/locale/sr/
gsettings-desktop-schemas/usr/share/locale/sr/LC_MESSAGES/
gsettings-desktop-schemas/usr/share/locale/sr/LC_MESSAGES/gsettings-desktop-schemas.mo
gsettings-desktop-schemas/usr/share/locale/pt_BR/
gsettings-desktop-schemas/usr/share/locale/pt_BR/LC_MESSAGES/
gsettings-desktop-schemas/usr/share/locale/pt_BR/LC_MESSAGES/gsettings-desktop-schemas.mo
gsettings-desktop-schemas/usr/share/locale/tr/
gsettings-desktop-schemas/usr/share/locale/tr/LC_MESSAGES/
gsettings-desktop-schemas/usr/share/locale/tr/LC_MESSAGES/gsettings-desktop-schemas.mo
gsettings-desktop-schemas/usr/share/locale/ca@valencia/
gsettings-desktop-schemas/usr/share/locale/ca@valencia/LC_MESSAGES/
gsettings-desktop-schemas/usr/share/locale/ca@valencia/LC_MESSAGES/gsettings-desktop-schemas.mo
gsettings-desktop-schemas/usr/share/locale/fa/
gsettings-desktop-schemas/usr/share/locale/fa/LC_MESSAGES/
gsettings-desktop-schemas/usr/share/locale/fa/LC_MESSAGES/gsettings-desktop-schemas.mo
gsettings-desktop-schemas/usr/share/locale/sk/
gsettings-desktop-schemas/usr/share/locale/sk/LC_MESSAGES/
gsettings-desktop-schemas/usr/share/locale/sk/LC_MESSAGES/gsettings-desktop-schemas.mo
gsettings-desktop-schemas/usr/share/locale/hi/
gsettings-desktop-schemas/usr/share/locale/hi/LC_MESSAGES/
gsettings-desktop-schemas/usr/share/locale/hi/LC_MESSAGES/gsettings-desktop-schemas.mo
gsettings-desktop-schemas/usr/share/locale/ms/
gsettings-desktop-schemas/usr/share/locale/ms/LC_MESSAGES/
gsettings-desktop-schemas/usr/share/locale/ms/LC_MESSAGES/gsettings-desktop-schemas.mo
gsettings-desktop-schemas/usr/share/locale/gl/
gsettings-desktop-schemas/usr/share/locale/gl/LC_MESSAGES/
gsettings-desktop-schemas/usr/share/locale/gl/LC_MESSAGES/gsettings-desktop-schemas.mo
gsettings-desktop-schemas/usr/share/locale/pl/
gsettings-desktop-schemas/usr/share/locale/pl/LC_MESSAGES/
gsettings-desktop-schemas/usr/share/locale/pl/LC_MESSAGES/gsettings-desktop-schemas.mo
gsettings-desktop-schemas/usr/share/locale/sl/
gsettings-desktop-schemas/usr/share/locale/sl/LC_MESSAGES/
gsettings-desktop-schemas/usr/share/locale/sl/LC_MESSAGES/gsettings-desktop-schemas.mo
gsettings-desktop-schemas/usr/share/locale/fi/
gsettings-desktop-schemas/usr/share/locale/fi/LC_MESSAGES/
gsettings-desktop-schemas/usr/share/locale/fi/LC_MESSAGES/gsettings-desktop-schemas.mo
gsettings-desktop-schemas/usr/share/locale/is/
gsettings-desktop-schemas/usr/share/locale/is/LC_MESSAGES/
gsettings-desktop-schemas/usr/share/locale/is/LC_MESSAGES/gsettings-desktop-schemas.mo
gsettings-desktop-schemas/usr/share/locale/zh_TW/
gsettings-desktop-schemas/usr/share/locale/zh_TW/LC_MESSAGES/
gsettings-desktop-schemas/usr/share/locale/zh_TW/LC_MESSAGES/gsettings-desktop-schemas.mo
gsettings-desktop-schemas/usr/share/locale/nl/
gsettings-desktop-schemas/usr/share/locale/nl/LC_MESSAGES/
gsettings-desktop-schemas/usr/share/locale/nl/LC_MESSAGES/gsettings-desktop-schemas.mo
gsettings-desktop-schemas/usr/share/locale/oc/
gsettings-desktop-schemas/usr/share/locale/oc/LC_MESSAGES/
gsettings-desktop-schemas/usr/share/locale/oc/LC_MESSAGES/gsettings-desktop-schemas.mo
gsettings-desktop-schemas/usr/share/locale/ka/
gsettings-desktop-schemas/usr/share/locale/ka/LC_MESSAGES/
gsettings-desktop-schemas/usr/share/locale/ka/LC_MESSAGES/gsettings-desktop-schemas.mo
gsettings-desktop-schemas/usr/share/locale/tg/
gsettings-desktop-schemas/usr/share/locale/tg/LC_MESSAGES/
gsettings-desktop-schemas/usr/share/locale/tg/LC_MESSAGES/gsettings-desktop-schemas.mo
gsettings-desktop-schemas/usr/share/locale/as/
gsettings-desktop-schemas/usr/share/locale/as/LC_MESSAGES/
gsettings-desktop-schemas/usr/share/locale/as/LC_MESSAGES/gsettings-desktop-schemas.mo
gsettings-desktop-schemas/usr/share/locale/fr/
gsettings-desktop-schemas/usr/share/locale/fr/LC_MESSAGES/
gsettings-desktop-schemas/usr/share/locale/fr/LC_MESSAGES/gsettings-desktop-schemas.mo
gsettings-desktop-schemas/usr/share/locale/sr@latin/
gsettings-desktop-schemas/usr/share/locale/sr@latin/LC_MESSAGES/
gsettings-desktop-schemas/usr/share/locale/sr@latin/LC_MESSAGES/gsettings-desktop-schemas.mo
gsettings-desktop-schemas/usr/share/locale/eo/
gsettings-desktop-schemas/usr/share/locale/eo/LC_MESSAGES/
gsettings-desktop-schemas/usr/share/locale/eo/LC_MESSAGES/gsettings-desktop-schemas.mo
gsettings-desktop-schemas/usr/share/locale/ro/
gsettings-desktop-schemas/usr/share/locale/ro/LC_MESSAGES/
gsettings-desktop-schemas/usr/share/locale/ro/LC_MESSAGES/gsettings-desktop-schemas.mo
gsettings-desktop-schemas/usr/share/locale/lt/
gsettings-desktop-schemas/usr/share/locale/lt/LC_MESSAGES/
gsettings-desktop-schemas/usr/share/locale/lt/LC_MESSAGES/gsettings-desktop-schemas.mo
gsettings-desktop-schemas/usr/share/locale/cs/
gsettings-desktop-schemas/usr/share/locale/cs/LC_MESSAGES/
gsettings-desktop-schemas/usr/share/locale/cs/LC_MESSAGES/gsettings-desktop-schemas.mo
gsettings-desktop-schemas/usr/share/locale/sv/
gsettings-desktop-schemas/usr/share/locale/sv/LC_MESSAGES/
gsettings-desktop-schemas/usr/share/locale/sv/LC_MESSAGES/gsettings-desktop-schemas.mo
gsettings-desktop-schemas/usr/share/locale/gu/
gsettings-desktop-schemas/usr/share/locale/gu/LC_MESSAGES/
gsettings-desktop-schemas/usr/share/locale/gu/LC_MESSAGES/gsettings-desktop-schemas.mo
gsettings-desktop-schemas/usr/share/locale/el/
gsettings-desktop-schemas/usr/share/locale/el/LC_MESSAGES/
gsettings-desktop-schemas/usr/share/locale/el/LC_MESSAGES/gsettings-desktop-schemas.mo
gsettings-desktop-schemas/usr/share/locale/ja/
gsettings-desktop-schemas/usr/share/locale/ja/LC_MESSAGES/
gsettings-desktop-schemas/usr/share/locale/ja/LC_MESSAGES/gsettings-desktop-schemas.mo
gsettings-desktop-schemas/usr/share/locale/id/
gsettings-desktop-schemas/usr/share/locale/id/LC_MESSAGES/
gsettings-desktop-schemas/usr/share/locale/id/LC_MESSAGES/gsettings-desktop-schemas.mo
gsettings-desktop-schemas/usr/share/locale/hu/
gsettings-desktop-schemas/usr/share/locale/hu/LC_MESSAGES/
gsettings-desktop-schemas/usr/share/locale/hu/LC_MESSAGES/gsettings-desktop-schemas.mo
gsettings-desktop-schemas/usr/share/locale/bg/
gsettings-desktop-schemas/usr/share/locale/bg/LC_MESSAGES/
gsettings-desktop-schemas/usr/share/locale/bg/LC_MESSAGES/gsettings-desktop-schemas.mo
gsettings-desktop-schemas/usr/share/locale/ru/
gsettings-desktop-schemas/usr/share/locale/ru/LC_MESSAGES/
gsettings-desktop-schemas/usr/share/locale/ru/LC_MESSAGES/gsettings-desktop-schemas.mo
gsettings-desktop-schemas/usr/share/locale/lv/
gsettings-desktop-schemas/usr/share/locale/lv/LC_MESSAGES/
gsettings-desktop-schemas/usr/share/locale/lv/LC_MESSAGES/gsettings-desktop-schemas.mo
gsettings-desktop-schemas/usr/share/locale/ab/
gsettings-desktop-schemas/usr/share/locale/ab/LC_MESSAGES/
gsettings-desktop-schemas/usr/share/locale/ab/LC_MESSAGES/gsettings-desktop-schemas.mo
gsettings-desktop-schemas/usr/share/pkgconfig/
gsettings-desktop-schemas/usr/share/pkgconfig/gsettings-desktop-schemas.pc
gsettings-desktop-schemas/usr/share/GConf/
gsettings-desktop-schemas/usr/share/GConf/gsettings/
gsettings-desktop-schemas/usr/share/GConf/gsettings/gsettings-desktop-schemas.convert
gsettings-desktop-schemas/usr/share/GConf/gsettings/wm-schemas.convert
gsettings-desktop-schemas/usr/share/gir-1.0/
gsettings-desktop-schemas/usr/share/gir-1.0/GDesktopEnums-3.0.gir
gsettings-desktop-schemas/usr/lib/
gsettings-desktop-schemas/usr/lib/girepository-1.0/
gsettings-desktop-schemas/usr/lib/girepository-1.0/GDesktopEnums-3.0.typelib
gsettings-desktop-schemas/usr/include/
gsettings-desktop-schemas/usr/include/gsettings-desktop-schemas/
gsettings-desktop-schemas/usr/include/gsettings-desktop-schemas/gdesktop-enums.h
gsettings-desktop-schemas/version
gsettings-desktop-schemas/depends
gsettings-desktop-schemas/postinst
