--2025-06-19 07:18:31--  https://tango.freedesktop.org/releases/icon-naming-utils-0.8.90.tar.bz2
Resolving tango.freedesktop.org (tango.freedesktop.org)... 131.252.210.176
Connecting to tango.freedesktop.org (tango.freedesktop.org)|131.252.210.176|:443... connected.
HTTP request sent, awaiting response... 200 OK
Length: 58836 (57K) [application/x-bzip2]
Saving to: 'icon-naming-utils-0.8.90.tar.bz2'

     0K .......... .......... .......... .......... .......... 87%  390K 0s
    50K .......                                               100%  141M=0.1s

2025-06-19 07:18:32 (448 KB/s) - 'icon-naming-utils-0.8.90.tar.bz2' saved [58836/58836]

icon-naming-utils-0.8.90/
icon-naming-utils-0.8.90/README
icon-naming-utils-0.8.90/Makefile.in
icon-naming-utils-0.8.90/icon-naming-utils-uninstalled.pc.in
icon-naming-utils-0.8.90/COPYING
icon-naming-utils-0.8.90/AUTHORS
icon-naming-utils-0.8.90/ChangeLog
icon-naming-utils-0.8.90/icon-name-mapping.pl.in
icon-naming-utils-0.8.90/INSTALL
icon-naming-utils-0.8.90/missing
icon-naming-utils-0.8.90/aclocal.m4
icon-naming-utils-0.8.90/install-sh
icon-naming-utils-0.8.90/legacy-icon-mapping.xml
icon-naming-utils-0.8.90/configure
icon-naming-utils-0.8.90/icon-naming-utils.pc.in
icon-naming-utils-0.8.90/Makefile.am
icon-naming-utils-0.8.90/legacy-icon-mapping.dtd
icon-naming-utils-0.8.90/configure.ac
icon-naming-utils-0.8.90/NEWS
checking for a BSD-compatible install... /usr/bin/install -c
checking whether build environment is sane... yes
checking for a thread-safe mkdir -p... /usr/bin/mkdir -p
checking for gawk... gawk
checking whether make sets $(MAKE)... yes
checking whether to enable maintainer-specific portions of Makefiles... no
checking for perl... /usr/bin/perl
checking for XML::Simple... configure: error: XML::Simple perl module is required for icon-naming-utils
