--2025-06-19 07:16:51--  https://github.com/urllib3/urllib3/releases/download/2.5.0/urllib3-2.5.0.tar.gz
Resolving github.com (github.com)... 140.82.114.4
Connecting to github.com (github.com)|140.82.114.4|:443... connected.
HTTP request sent, awaiting response... 302 Found
Location: https://objects.githubusercontent.com/github-production-release-asset-2e65be/2410676/6af93c35-a93c-451e-bf5c-576943e740ec?X-Amz-Algorithm=AWS4-HMAC-SHA256&X-Amz-Credential=releaseassetproduction%2F20250619%2Fus-east-1%2Fs3%2Faws4_request&X-Amz-Date=20250619T071651Z&X-Amz-Expires=300&X-Amz-Signature=e29b3ae121bd09b258340e7d87b0a1649f69c74581a1d23e9ec53b0df0888f38&X-Amz-SignedHeaders=host&response-content-disposition=attachment%3B%20filename%3Durllib3-2.5.0.tar.gz&response-content-type=application%2Foctet-stream [following]
--2025-06-19 07:16:51--  https://objects.githubusercontent.com/github-production-release-asset-2e65be/2410676/6af93c35-a93c-451e-bf5c-576943e740ec?X-Amz-Algorithm=AWS4-HMAC-SHA256&X-Amz-Credential=releaseassetproduction%2F20250619%2Fus-east-1%2Fs3%2Faws4_request&X-Amz-Date=20250619T071651Z&X-Amz-Expires=300&X-Amz-Signature=e29b3ae121bd09b258340e7d87b0a1649f69c74581a1d23e9ec53b0df0888f38&X-Amz-SignedHeaders=host&response-content-disposition=attachment%3B%20filename%3Durllib3-2.5.0.tar.gz&response-content-type=application%2Foctet-stream
Resolving objects.githubusercontent.com (objects.githubusercontent.com)... 185.199.111.133, 185.199.110.133, 185.199.109.133, ...
Connecting to objects.githubusercontent.com (objects.githubusercontent.com)|185.199.111.133|:443... connected.
HTTP request sent, awaiting response... 200 OK
Length: 393185 (384K) [application/octet-stream]
Saving to: 'urllib3-2.5.0.tar.gz'

     0K .......... .......... .......... .......... .......... 13% 5.59M 0s
    50K .......... .......... .......... .......... .......... 26% 16.1M 0s
   100K .......... .......... .......... .......... .......... 39% 10.6M 0s
   150K .......... .......... .......... .......... .......... 52% 56.5M 0s
   200K .......... .......... .......... .......... .......... 65% 49.0M 0s
   250K .......... .......... .......... .......... .......... 78% 66.4M 0s
   300K .......... .......... .......... .......... .......... 91% 35.5M 0s
   350K .......... .......... .......... ...                  100%  157M=0.02s

2025-06-19 07:16:52 (18.2 MB/s) - 'urllib3-2.5.0.tar.gz' saved [393185/393185]

urllib3-2.5.0/CHANGES.rst
urllib3-2.5.0/uv.lock
urllib3-2.5.0/docs/Makefile
urllib3-2.5.0/docs/advanced-usage.rst
urllib3-2.5.0/docs/changelog.rst
urllib3-2.5.0/docs/conf.py
urllib3-2.5.0/docs/contributing.rst
urllib3-2.5.0/docs/index.rst
urllib3-2.5.0/docs/make.bat
urllib3-2.5.0/docs/sponsors.rst
urllib3-2.5.0/docs/user-guide.rst
urllib3-2.5.0/docs/v2-migration-guide.rst
urllib3-2.5.0/docs/_static/banner.svg
urllib3-2.5.0/docs/_static/banner_github.svg
urllib3-2.5.0/docs/_static/dark-logo.svg
urllib3-2.5.0/docs/images/demo-button.png
urllib3-2.5.0/docs/images/favicon.png
urllib3-2.5.0/docs/images/learn-more-button.png
urllib3-2.5.0/docs/images/logo.png
urllib3-2.5.0/docs/images/logo.svg
urllib3-2.5.0/docs/reference/index.rst
urllib3-2.5.0/docs/reference/urllib3.connection.rst
urllib3-2.5.0/docs/reference/urllib3.connectionpool.rst
urllib3-2.5.0/docs/reference/urllib3.exceptions.rst
urllib3-2.5.0/docs/reference/urllib3.fields.rst
urllib3-2.5.0/docs/reference/urllib3.poolmanager.rst
urllib3-2.5.0/docs/reference/urllib3.request.rst
urllib3-2.5.0/docs/reference/urllib3.response.rst
urllib3-2.5.0/docs/reference/urllib3.util.rst
urllib3-2.5.0/docs/reference/contrib/emscripten.rst
urllib3-2.5.0/docs/reference/contrib/index.rst
urllib3-2.5.0/docs/reference/contrib/pyopenssl.rst
urllib3-2.5.0/docs/reference/contrib/socks.rst
urllib3-2.5.0/dummyserver/__init__.py
urllib3-2.5.0/dummyserver/app.py
urllib3-2.5.0/dummyserver/asgi_proxy.py
urllib3-2.5.0/dummyserver/hypercornserver.py
urllib3-2.5.0/dummyserver/socketserver.py
urllib3-2.5.0/dummyserver/testcase.py
urllib3-2.5.0/dummyserver/certs/README.rst
urllib3-2.5.0/dummyserver/certs/cacert.key
urllib3-2.5.0/dummyserver/certs/cacert.pem
urllib3-2.5.0/dummyserver/certs/server.crt
urllib3-2.5.0/dummyserver/certs/server.key
urllib3-2.5.0/src/urllib3/__init__.py
urllib3-2.5.0/src/urllib3/_base_connection.py
urllib3-2.5.0/src/urllib3/_collections.py
urllib3-2.5.0/src/urllib3/_request_methods.py
urllib3-2.5.0/src/urllib3/_version.py
urllib3-2.5.0/src/urllib3/connection.py
urllib3-2.5.0/src/urllib3/connectionpool.py
urllib3-2.5.0/src/urllib3/exceptions.py
urllib3-2.5.0/src/urllib3/fields.py
urllib3-2.5.0/src/urllib3/filepost.py
urllib3-2.5.0/src/urllib3/poolmanager.py
urllib3-2.5.0/src/urllib3/py.typed
urllib3-2.5.0/src/urllib3/response.py
urllib3-2.5.0/src/urllib3/contrib/__init__.py
urllib3-2.5.0/src/urllib3/contrib/pyopenssl.py
urllib3-2.5.0/src/urllib3/contrib/socks.py
urllib3-2.5.0/src/urllib3/contrib/emscripten/__init__.py
urllib3-2.5.0/src/urllib3/contrib/emscripten/connection.py
urllib3-2.5.0/src/urllib3/contrib/emscripten/emscripten_fetch_worker.js
urllib3-2.5.0/src/urllib3/contrib/emscripten/fetch.py
urllib3-2.5.0/src/urllib3/contrib/emscripten/request.py
urllib3-2.5.0/src/urllib3/contrib/emscripten/response.py
urllib3-2.5.0/src/urllib3/http2/__init__.py
urllib3-2.5.0/src/urllib3/http2/connection.py
urllib3-2.5.0/src/urllib3/http2/probe.py
urllib3-2.5.0/src/urllib3/util/__init__.py
urllib3-2.5.0/src/urllib3/util/connection.py
urllib3-2.5.0/src/urllib3/util/proxy.py
urllib3-2.5.0/src/urllib3/util/request.py
urllib3-2.5.0/src/urllib3/util/response.py
urllib3-2.5.0/src/urllib3/util/retry.py
urllib3-2.5.0/src/urllib3/util/ssl_.py
urllib3-2.5.0/src/urllib3/util/ssl_match_hostname.py
urllib3-2.5.0/src/urllib3/util/ssltransport.py
urllib3-2.5.0/src/urllib3/util/timeout.py
urllib3-2.5.0/src/urllib3/util/url.py
urllib3-2.5.0/src/urllib3/util/util.py
urllib3-2.5.0/src/urllib3/util/wait.py
urllib3-2.5.0/test/__init__.py
urllib3-2.5.0/test/conftest.py
urllib3-2.5.0/test/port_helpers.py
urllib3-2.5.0/test/test_collections.py
urllib3-2.5.0/test/test_compatibility.py
urllib3-2.5.0/test/test_connection.py
urllib3-2.5.0/test/test_connectionpool.py
urllib3-2.5.0/test/test_exceptions.py
urllib3-2.5.0/test/test_fields.py
urllib3-2.5.0/test/test_filepost.py
urllib3-2.5.0/test/test_http2_connection.py
urllib3-2.5.0/test/test_no_ssl.py
urllib3-2.5.0/test/test_poolmanager.py
urllib3-2.5.0/test/test_proxymanager.py
urllib3-2.5.0/test/test_queue_monkeypatch.py
urllib3-2.5.0/test/test_response.py
urllib3-2.5.0/test/test_retry.py
urllib3-2.5.0/test/test_ssl.py
urllib3-2.5.0/test/test_ssltransport.py
urllib3-2.5.0/test/test_util.py
urllib3-2.5.0/test/test_wait.py
urllib3-2.5.0/test/tz_stub.py
urllib3-2.5.0/test/contrib/__init__.py
urllib3-2.5.0/test/contrib/duplicate_san.pem
urllib3-2.5.0/test/contrib/test_pyopenssl.py
urllib3-2.5.0/test/contrib/test_pyopenssl_dependencies.py
urllib3-2.5.0/test/contrib/test_socks.py
urllib3-2.5.0/test/contrib/emscripten/__init__.py
urllib3-2.5.0/test/contrib/emscripten/conftest.py
urllib3-2.5.0/test/contrib/emscripten/test_emscripten.py
urllib3-2.5.0/test/contrib/emscripten/templates/pyodide-console.html
urllib3-2.5.0/test/with_dummyserver/__init__.py
urllib3-2.5.0/test/with_dummyserver/test_chunked_transfer.py
urllib3-2.5.0/test/with_dummyserver/test_connection.py
urllib3-2.5.0/test/with_dummyserver/test_connectionpool.py
urllib3-2.5.0/test/with_dummyserver/test_https.py
urllib3-2.5.0/test/with_dummyserver/test_no_ssl.py
urllib3-2.5.0/test/with_dummyserver/test_poolmanager.py
urllib3-2.5.0/test/with_dummyserver/test_proxy_poolmanager.py
urllib3-2.5.0/test/with_dummyserver/test_socketlevel.py
urllib3-2.5.0/.gitignore
urllib3-2.5.0/LICENSE.txt
urllib3-2.5.0/README.md
urllib3-2.5.0/pyproject.toml
urllib3-2.5.0/PKG-INFO
* Building wheel...
Successfully built urllib3-2.5.0-py3-none-any.whl
'/pkgs/python-urllib3/usr/lib/python3.13/site-packages/urllib3/__init__.py' -> '/usr/lib/python3.13/site-packages/urllib3/__init__.py'
'/pkgs/python-urllib3/usr/lib/python3.13/site-packages/urllib3/_base_connection.py' -> '/usr/lib/python3.13/site-packages/urllib3/_base_connection.py'
'/pkgs/python-urllib3/usr/lib/python3.13/site-packages/urllib3/_collections.py' -> '/usr/lib/python3.13/site-packages/urllib3/_collections.py'
'/pkgs/python-urllib3/usr/lib/python3.13/site-packages/urllib3/_request_methods.py' -> '/usr/lib/python3.13/site-packages/urllib3/_request_methods.py'
'/pkgs/python-urllib3/usr/lib/python3.13/site-packages/urllib3/_version.py' -> '/usr/lib/python3.13/site-packages/urllib3/_version.py'
'/pkgs/python-urllib3/usr/lib/python3.13/site-packages/urllib3/connection.py' -> '/usr/lib/python3.13/site-packages/urllib3/connection.py'
'/pkgs/python-urllib3/usr/lib/python3.13/site-packages/urllib3/connectionpool.py' -> '/usr/lib/python3.13/site-packages/urllib3/connectionpool.py'
'/pkgs/python-urllib3/usr/lib/python3.13/site-packages/urllib3/exceptions.py' -> '/usr/lib/python3.13/site-packages/urllib3/exceptions.py'
'/pkgs/python-urllib3/usr/lib/python3.13/site-packages/urllib3/fields.py' -> '/usr/lib/python3.13/site-packages/urllib3/fields.py'
'/pkgs/python-urllib3/usr/lib/python3.13/site-packages/urllib3/filepost.py' -> '/usr/lib/python3.13/site-packages/urllib3/filepost.py'
'/pkgs/python-urllib3/usr/lib/python3.13/site-packages/urllib3/poolmanager.py' -> '/usr/lib/python3.13/site-packages/urllib3/poolmanager.py'
'/pkgs/python-urllib3/usr/lib/python3.13/site-packages/urllib3/py.typed' -> '/usr/lib/python3.13/site-packages/urllib3/py.typed'
'/pkgs/python-urllib3/usr/lib/python3.13/site-packages/urllib3/response.py' -> '/usr/lib/python3.13/site-packages/urllib3/response.py'
'/pkgs/python-urllib3/usr/lib/python3.13/site-packages/urllib3/contrib/__init__.py' -> '/usr/lib/python3.13/site-packages/urllib3/contrib/__init__.py'
'/pkgs/python-urllib3/usr/lib/python3.13/site-packages/urllib3/contrib/pyopenssl.py' -> '/usr/lib/python3.13/site-packages/urllib3/contrib/pyopenssl.py'
'/pkgs/python-urllib3/usr/lib/python3.13/site-packages/urllib3/contrib/socks.py' -> '/usr/lib/python3.13/site-packages/urllib3/contrib/socks.py'
'/pkgs/python-urllib3/usr/lib/python3.13/site-packages/urllib3/contrib/emscripten/__init__.py' -> '/usr/lib/python3.13/site-packages/urllib3/contrib/emscripten/__init__.py'
'/pkgs/python-urllib3/usr/lib/python3.13/site-packages/urllib3/contrib/emscripten/connection.py' -> '/usr/lib/python3.13/site-packages/urllib3/contrib/emscripten/connection.py'
'/pkgs/python-urllib3/usr/lib/python3.13/site-packages/urllib3/contrib/emscripten/emscripten_fetch_worker.js' -> '/usr/lib/python3.13/site-packages/urllib3/contrib/emscripten/emscripten_fetch_worker.js'
'/pkgs/python-urllib3/usr/lib/python3.13/site-packages/urllib3/contrib/emscripten/fetch.py' -> '/usr/lib/python3.13/site-packages/urllib3/contrib/emscripten/fetch.py'
'/pkgs/python-urllib3/usr/lib/python3.13/site-packages/urllib3/contrib/emscripten/request.py' -> '/usr/lib/python3.13/site-packages/urllib3/contrib/emscripten/request.py'
'/pkgs/python-urllib3/usr/lib/python3.13/site-packages/urllib3/contrib/emscripten/response.py' -> '/usr/lib/python3.13/site-packages/urllib3/contrib/emscripten/response.py'
'/pkgs/python-urllib3/usr/lib/python3.13/site-packages/urllib3/contrib/emscripten/__pycache__/__init__.cpython-313.pyc' -> '/usr/lib/python3.13/site-packages/urllib3/contrib/emscripten/__pycache__/__init__.cpython-313.pyc'
'/pkgs/python-urllib3/usr/lib/python3.13/site-packages/urllib3/contrib/emscripten/__pycache__/__init__.cpython-313.opt-1.pyc' -> '/usr/lib/python3.13/site-packages/urllib3/contrib/emscripten/__pycache__/__init__.cpython-313.opt-1.pyc'
'/pkgs/python-urllib3/usr/lib/python3.13/site-packages/urllib3/contrib/emscripten/__pycache__/connection.cpython-313.pyc' -> '/usr/lib/python3.13/site-packages/urllib3/contrib/emscripten/__pycache__/connection.cpython-313.pyc'
'/pkgs/python-urllib3/usr/lib/python3.13/site-packages/urllib3/contrib/emscripten/__pycache__/connection.cpython-313.opt-1.pyc' -> '/usr/lib/python3.13/site-packages/urllib3/contrib/emscripten/__pycache__/connection.cpython-313.opt-1.pyc'
'/pkgs/python-urllib3/usr/lib/python3.13/site-packages/urllib3/contrib/emscripten/__pycache__/fetch.cpython-313.pyc' -> '/usr/lib/python3.13/site-packages/urllib3/contrib/emscripten/__pycache__/fetch.cpython-313.pyc'
'/pkgs/python-urllib3/usr/lib/python3.13/site-packages/urllib3/contrib/emscripten/__pycache__/fetch.cpython-313.opt-1.pyc' -> '/usr/lib/python3.13/site-packages/urllib3/contrib/emscripten/__pycache__/fetch.cpython-313.opt-1.pyc'
'/pkgs/python-urllib3/usr/lib/python3.13/site-packages/urllib3/contrib/emscripten/__pycache__/request.cpython-313.pyc' -> '/usr/lib/python3.13/site-packages/urllib3/contrib/emscripten/__pycache__/request.cpython-313.pyc'
'/pkgs/python-urllib3/usr/lib/python3.13/site-packages/urllib3/contrib/emscripten/__pycache__/request.cpython-313.opt-1.pyc' -> '/usr/lib/python3.13/site-packages/urllib3/contrib/emscripten/__pycache__/request.cpython-313.opt-1.pyc'
'/pkgs/python-urllib3/usr/lib/python3.13/site-packages/urllib3/contrib/emscripten/__pycache__/response.cpython-313.pyc' -> '/usr/lib/python3.13/site-packages/urllib3/contrib/emscripten/__pycache__/response.cpython-313.pyc'
'/pkgs/python-urllib3/usr/lib/python3.13/site-packages/urllib3/contrib/emscripten/__pycache__/response.cpython-313.opt-1.pyc' -> '/usr/lib/python3.13/site-packages/urllib3/contrib/emscripten/__pycache__/response.cpython-313.opt-1.pyc'
'/pkgs/python-urllib3/usr/lib/python3.13/site-packages/urllib3/contrib/__pycache__/__init__.cpython-313.pyc' -> '/usr/lib/python3.13/site-packages/urllib3/contrib/__pycache__/__init__.cpython-313.pyc'
'/pkgs/python-urllib3/usr/lib/python3.13/site-packages/urllib3/contrib/__pycache__/__init__.cpython-313.opt-1.pyc' -> '/usr/lib/python3.13/site-packages/urllib3/contrib/__pycache__/__init__.cpython-313.opt-1.pyc'
'/pkgs/python-urllib3/usr/lib/python3.13/site-packages/urllib3/contrib/__pycache__/pyopenssl.cpython-313.pyc' -> '/usr/lib/python3.13/site-packages/urllib3/contrib/__pycache__/pyopenssl.cpython-313.pyc'
'/pkgs/python-urllib3/usr/lib/python3.13/site-packages/urllib3/contrib/__pycache__/pyopenssl.cpython-313.opt-1.pyc' -> '/usr/lib/python3.13/site-packages/urllib3/contrib/__pycache__/pyopenssl.cpython-313.opt-1.pyc'
'/pkgs/python-urllib3/usr/lib/python3.13/site-packages/urllib3/contrib/__pycache__/socks.cpython-313.pyc' -> '/usr/lib/python3.13/site-packages/urllib3/contrib/__pycache__/socks.cpython-313.pyc'
'/pkgs/python-urllib3/usr/lib/python3.13/site-packages/urllib3/contrib/__pycache__/socks.cpython-313.opt-1.pyc' -> '/usr/lib/python3.13/site-packages/urllib3/contrib/__pycache__/socks.cpython-313.opt-1.pyc'
'/pkgs/python-urllib3/usr/lib/python3.13/site-packages/urllib3/http2/__init__.py' -> '/usr/lib/python3.13/site-packages/urllib3/http2/__init__.py'
'/pkgs/python-urllib3/usr/lib/python3.13/site-packages/urllib3/http2/connection.py' -> '/usr/lib/python3.13/site-packages/urllib3/http2/connection.py'
'/pkgs/python-urllib3/usr/lib/python3.13/site-packages/urllib3/http2/probe.py' -> '/usr/lib/python3.13/site-packages/urllib3/http2/probe.py'
'/pkgs/python-urllib3/usr/lib/python3.13/site-packages/urllib3/http2/__pycache__/__init__.cpython-313.pyc' -> '/usr/lib/python3.13/site-packages/urllib3/http2/__pycache__/__init__.cpython-313.pyc'
'/pkgs/python-urllib3/usr/lib/python3.13/site-packages/urllib3/http2/__pycache__/__init__.cpython-313.opt-1.pyc' -> '/usr/lib/python3.13/site-packages/urllib3/http2/__pycache__/__init__.cpython-313.opt-1.pyc'
'/pkgs/python-urllib3/usr/lib/python3.13/site-packages/urllib3/http2/__pycache__/connection.cpython-313.pyc' -> '/usr/lib/python3.13/site-packages/urllib3/http2/__pycache__/connection.cpython-313.pyc'
'/pkgs/python-urllib3/usr/lib/python3.13/site-packages/urllib3/http2/__pycache__/connection.cpython-313.opt-1.pyc' -> '/usr/lib/python3.13/site-packages/urllib3/http2/__pycache__/connection.cpython-313.opt-1.pyc'
'/pkgs/python-urllib3/usr/lib/python3.13/site-packages/urllib3/http2/__pycache__/probe.cpython-313.pyc' -> '/usr/lib/python3.13/site-packages/urllib3/http2/__pycache__/probe.cpython-313.pyc'
'/pkgs/python-urllib3/usr/lib/python3.13/site-packages/urllib3/http2/__pycache__/probe.cpython-313.opt-1.pyc' -> '/usr/lib/python3.13/site-packages/urllib3/http2/__pycache__/probe.cpython-313.opt-1.pyc'
'/pkgs/python-urllib3/usr/lib/python3.13/site-packages/urllib3/util/__init__.py' -> '/usr/lib/python3.13/site-packages/urllib3/util/__init__.py'
'/pkgs/python-urllib3/usr/lib/python3.13/site-packages/urllib3/util/connection.py' -> '/usr/lib/python3.13/site-packages/urllib3/util/connection.py'
'/pkgs/python-urllib3/usr/lib/python3.13/site-packages/urllib3/util/proxy.py' -> '/usr/lib/python3.13/site-packages/urllib3/util/proxy.py'
'/pkgs/python-urllib3/usr/lib/python3.13/site-packages/urllib3/util/request.py' -> '/usr/lib/python3.13/site-packages/urllib3/util/request.py'
'/pkgs/python-urllib3/usr/lib/python3.13/site-packages/urllib3/util/response.py' -> '/usr/lib/python3.13/site-packages/urllib3/util/response.py'
'/pkgs/python-urllib3/usr/lib/python3.13/site-packages/urllib3/util/retry.py' -> '/usr/lib/python3.13/site-packages/urllib3/util/retry.py'
'/pkgs/python-urllib3/usr/lib/python3.13/site-packages/urllib3/util/ssl_.py' -> '/usr/lib/python3.13/site-packages/urllib3/util/ssl_.py'
'/pkgs/python-urllib3/usr/lib/python3.13/site-packages/urllib3/util/ssl_match_hostname.py' -> '/usr/lib/python3.13/site-packages/urllib3/util/ssl_match_hostname.py'
'/pkgs/python-urllib3/usr/lib/python3.13/site-packages/urllib3/util/ssltransport.py' -> '/usr/lib/python3.13/site-packages/urllib3/util/ssltransport.py'
'/pkgs/python-urllib3/usr/lib/python3.13/site-packages/urllib3/util/timeout.py' -> '/usr/lib/python3.13/site-packages/urllib3/util/timeout.py'
'/pkgs/python-urllib3/usr/lib/python3.13/site-packages/urllib3/util/url.py' -> '/usr/lib/python3.13/site-packages/urllib3/util/url.py'
'/pkgs/python-urllib3/usr/lib/python3.13/site-packages/urllib3/util/util.py' -> '/usr/lib/python3.13/site-packages/urllib3/util/util.py'
'/pkgs/python-urllib3/usr/lib/python3.13/site-packages/urllib3/util/wait.py' -> '/usr/lib/python3.13/site-packages/urllib3/util/wait.py'
'/pkgs/python-urllib3/usr/lib/python3.13/site-packages/urllib3/util/__pycache__/__init__.cpython-313.pyc' -> '/usr/lib/python3.13/site-packages/urllib3/util/__pycache__/__init__.cpython-313.pyc'
'/pkgs/python-urllib3/usr/lib/python3.13/site-packages/urllib3/util/__pycache__/__init__.cpython-313.opt-1.pyc' -> '/usr/lib/python3.13/site-packages/urllib3/util/__pycache__/__init__.cpython-313.opt-1.pyc'
'/pkgs/python-urllib3/usr/lib/python3.13/site-packages/urllib3/util/__pycache__/connection.cpython-313.pyc' -> '/usr/lib/python3.13/site-packages/urllib3/util/__pycache__/connection.cpython-313.pyc'
'/pkgs/python-urllib3/usr/lib/python3.13/site-packages/urllib3/util/__pycache__/connection.cpython-313.opt-1.pyc' -> '/usr/lib/python3.13/site-packages/urllib3/util/__pycache__/connection.cpython-313.opt-1.pyc'
'/pkgs/python-urllib3/usr/lib/python3.13/site-packages/urllib3/util/__pycache__/proxy.cpython-313.pyc' -> '/usr/lib/python3.13/site-packages/urllib3/util/__pycache__/proxy.cpython-313.pyc'
'/pkgs/python-urllib3/usr/lib/python3.13/site-packages/urllib3/util/__pycache__/proxy.cpython-313.opt-1.pyc' -> '/usr/lib/python3.13/site-packages/urllib3/util/__pycache__/proxy.cpython-313.opt-1.pyc'
'/pkgs/python-urllib3/usr/lib/python3.13/site-packages/urllib3/util/__pycache__/request.cpython-313.pyc' -> '/usr/lib/python3.13/site-packages/urllib3/util/__pycache__/request.cpython-313.pyc'
'/pkgs/python-urllib3/usr/lib/python3.13/site-packages/urllib3/util/__pycache__/request.cpython-313.opt-1.pyc' -> '/usr/lib/python3.13/site-packages/urllib3/util/__pycache__/request.cpython-313.opt-1.pyc'
'/pkgs/python-urllib3/usr/lib/python3.13/site-packages/urllib3/util/__pycache__/response.cpython-313.pyc' -> '/usr/lib/python3.13/site-packages/urllib3/util/__pycache__/response.cpython-313.pyc'
'/pkgs/python-urllib3/usr/lib/python3.13/site-packages/urllib3/util/__pycache__/response.cpython-313.opt-1.pyc' -> '/usr/lib/python3.13/site-packages/urllib3/util/__pycache__/response.cpython-313.opt-1.pyc'
'/pkgs/python-urllib3/usr/lib/python3.13/site-packages/urllib3/util/__pycache__/retry.cpython-313.pyc' -> '/usr/lib/python3.13/site-packages/urllib3/util/__pycache__/retry.cpython-313.pyc'
'/pkgs/python-urllib3/usr/lib/python3.13/site-packages/urllib3/util/__pycache__/retry.cpython-313.opt-1.pyc' -> '/usr/lib/python3.13/site-packages/urllib3/util/__pycache__/retry.cpython-313.opt-1.pyc'
'/pkgs/python-urllib3/usr/lib/python3.13/site-packages/urllib3/util/__pycache__/ssl_.cpython-313.pyc' -> '/usr/lib/python3.13/site-packages/urllib3/util/__pycache__/ssl_.cpython-313.pyc'
'/pkgs/python-urllib3/usr/lib/python3.13/site-packages/urllib3/util/__pycache__/ssl_.cpython-313.opt-1.pyc' -> '/usr/lib/python3.13/site-packages/urllib3/util/__pycache__/ssl_.cpython-313.opt-1.pyc'
'/pkgs/python-urllib3/usr/lib/python3.13/site-packages/urllib3/util/__pycache__/ssl_match_hostname.cpython-313.pyc' -> '/usr/lib/python3.13/site-packages/urllib3/util/__pycache__/ssl_match_hostname.cpython-313.pyc'
'/pkgs/python-urllib3/usr/lib/python3.13/site-packages/urllib3/util/__pycache__/ssl_match_hostname.cpython-313.opt-1.pyc' -> '/usr/lib/python3.13/site-packages/urllib3/util/__pycache__/ssl_match_hostname.cpython-313.opt-1.pyc'
'/pkgs/python-urllib3/usr/lib/python3.13/site-packages/urllib3/util/__pycache__/ssltransport.cpython-313.pyc' -> '/usr/lib/python3.13/site-packages/urllib3/util/__pycache__/ssltransport.cpython-313.pyc'
'/pkgs/python-urllib3/usr/lib/python3.13/site-packages/urllib3/util/__pycache__/ssltransport.cpython-313.opt-1.pyc' -> '/usr/lib/python3.13/site-packages/urllib3/util/__pycache__/ssltransport.cpython-313.opt-1.pyc'
'/pkgs/python-urllib3/usr/lib/python3.13/site-packages/urllib3/util/__pycache__/timeout.cpython-313.pyc' -> '/usr/lib/python3.13/site-packages/urllib3/util/__pycache__/timeout.cpython-313.pyc'
'/pkgs/python-urllib3/usr/lib/python3.13/site-packages/urllib3/util/__pycache__/timeout.cpython-313.opt-1.pyc' -> '/usr/lib/python3.13/site-packages/urllib3/util/__pycache__/timeout.cpython-313.opt-1.pyc'
'/pkgs/python-urllib3/usr/lib/python3.13/site-packages/urllib3/util/__pycache__/url.cpython-313.pyc' -> '/usr/lib/python3.13/site-packages/urllib3/util/__pycache__/url.cpython-313.pyc'
'/pkgs/python-urllib3/usr/lib/python3.13/site-packages/urllib3/util/__pycache__/url.cpython-313.opt-1.pyc' -> '/usr/lib/python3.13/site-packages/urllib3/util/__pycache__/url.cpython-313.opt-1.pyc'
'/pkgs/python-urllib3/usr/lib/python3.13/site-packages/urllib3/util/__pycache__/util.cpython-313.pyc' -> '/usr/lib/python3.13/site-packages/urllib3/util/__pycache__/util.cpython-313.pyc'
'/pkgs/python-urllib3/usr/lib/python3.13/site-packages/urllib3/util/__pycache__/util.cpython-313.opt-1.pyc' -> '/usr/lib/python3.13/site-packages/urllib3/util/__pycache__/util.cpython-313.opt-1.pyc'
'/pkgs/python-urllib3/usr/lib/python3.13/site-packages/urllib3/util/__pycache__/wait.cpython-313.pyc' -> '/usr/lib/python3.13/site-packages/urllib3/util/__pycache__/wait.cpython-313.pyc'
'/pkgs/python-urllib3/usr/lib/python3.13/site-packages/urllib3/util/__pycache__/wait.cpython-313.opt-1.pyc' -> '/usr/lib/python3.13/site-packages/urllib3/util/__pycache__/wait.cpython-313.opt-1.pyc'
'/pkgs/python-urllib3/usr/lib/python3.13/site-packages/urllib3/__pycache__/__init__.cpython-313.pyc' -> '/usr/lib/python3.13/site-packages/urllib3/__pycache__/__init__.cpython-313.pyc'
'/pkgs/python-urllib3/usr/lib/python3.13/site-packages/urllib3/__pycache__/__init__.cpython-313.opt-1.pyc' -> '/usr/lib/python3.13/site-packages/urllib3/__pycache__/__init__.cpython-313.opt-1.pyc'
'/pkgs/python-urllib3/usr/lib/python3.13/site-packages/urllib3/__pycache__/_base_connection.cpython-313.pyc' -> '/usr/lib/python3.13/site-packages/urllib3/__pycache__/_base_connection.cpython-313.pyc'
'/pkgs/python-urllib3/usr/lib/python3.13/site-packages/urllib3/__pycache__/_base_connection.cpython-313.opt-1.pyc' -> '/usr/lib/python3.13/site-packages/urllib3/__pycache__/_base_connection.cpython-313.opt-1.pyc'
'/pkgs/python-urllib3/usr/lib/python3.13/site-packages/urllib3/__pycache__/_collections.cpython-313.pyc' -> '/usr/lib/python3.13/site-packages/urllib3/__pycache__/_collections.cpython-313.pyc'
'/pkgs/python-urllib3/usr/lib/python3.13/site-packages/urllib3/__pycache__/_collections.cpython-313.opt-1.pyc' -> '/usr/lib/python3.13/site-packages/urllib3/__pycache__/_collections.cpython-313.opt-1.pyc'
'/pkgs/python-urllib3/usr/lib/python3.13/site-packages/urllib3/__pycache__/_request_methods.cpython-313.pyc' -> '/usr/lib/python3.13/site-packages/urllib3/__pycache__/_request_methods.cpython-313.pyc'
'/pkgs/python-urllib3/usr/lib/python3.13/site-packages/urllib3/__pycache__/_request_methods.cpython-313.opt-1.pyc' -> '/usr/lib/python3.13/site-packages/urllib3/__pycache__/_request_methods.cpython-313.opt-1.pyc'
'/pkgs/python-urllib3/usr/lib/python3.13/site-packages/urllib3/__pycache__/_version.cpython-313.pyc' -> '/usr/lib/python3.13/site-packages/urllib3/__pycache__/_version.cpython-313.pyc'
'/pkgs/python-urllib3/usr/lib/python3.13/site-packages/urllib3/__pycache__/_version.cpython-313.opt-1.pyc' -> '/usr/lib/python3.13/site-packages/urllib3/__pycache__/_version.cpython-313.opt-1.pyc'
'/pkgs/python-urllib3/usr/lib/python3.13/site-packages/urllib3/__pycache__/connection.cpython-313.pyc' -> '/usr/lib/python3.13/site-packages/urllib3/__pycache__/connection.cpython-313.pyc'
'/pkgs/python-urllib3/usr/lib/python3.13/site-packages/urllib3/__pycache__/connection.cpython-313.opt-1.pyc' -> '/usr/lib/python3.13/site-packages/urllib3/__pycache__/connection.cpython-313.opt-1.pyc'
'/pkgs/python-urllib3/usr/lib/python3.13/site-packages/urllib3/__pycache__/connectionpool.cpython-313.pyc' -> '/usr/lib/python3.13/site-packages/urllib3/__pycache__/connectionpool.cpython-313.pyc'
'/pkgs/python-urllib3/usr/lib/python3.13/site-packages/urllib3/__pycache__/connectionpool.cpython-313.opt-1.pyc' -> '/usr/lib/python3.13/site-packages/urllib3/__pycache__/connectionpool.cpython-313.opt-1.pyc'
'/pkgs/python-urllib3/usr/lib/python3.13/site-packages/urllib3/__pycache__/exceptions.cpython-313.pyc' -> '/usr/lib/python3.13/site-packages/urllib3/__pycache__/exceptions.cpython-313.pyc'
'/pkgs/python-urllib3/usr/lib/python3.13/site-packages/urllib3/__pycache__/exceptions.cpython-313.opt-1.pyc' -> '/usr/lib/python3.13/site-packages/urllib3/__pycache__/exceptions.cpython-313.opt-1.pyc'
'/pkgs/python-urllib3/usr/lib/python3.13/site-packages/urllib3/__pycache__/fields.cpython-313.pyc' -> '/usr/lib/python3.13/site-packages/urllib3/__pycache__/fields.cpython-313.pyc'
'/pkgs/python-urllib3/usr/lib/python3.13/site-packages/urllib3/__pycache__/fields.cpython-313.opt-1.pyc' -> '/usr/lib/python3.13/site-packages/urllib3/__pycache__/fields.cpython-313.opt-1.pyc'
'/pkgs/python-urllib3/usr/lib/python3.13/site-packages/urllib3/__pycache__/filepost.cpython-313.pyc' -> '/usr/lib/python3.13/site-packages/urllib3/__pycache__/filepost.cpython-313.pyc'
'/pkgs/python-urllib3/usr/lib/python3.13/site-packages/urllib3/__pycache__/filepost.cpython-313.opt-1.pyc' -> '/usr/lib/python3.13/site-packages/urllib3/__pycache__/filepost.cpython-313.opt-1.pyc'
'/pkgs/python-urllib3/usr/lib/python3.13/site-packages/urllib3/__pycache__/poolmanager.cpython-313.pyc' -> '/usr/lib/python3.13/site-packages/urllib3/__pycache__/poolmanager.cpython-313.pyc'
'/pkgs/python-urllib3/usr/lib/python3.13/site-packages/urllib3/__pycache__/poolmanager.cpython-313.opt-1.pyc' -> '/usr/lib/python3.13/site-packages/urllib3/__pycache__/poolmanager.cpython-313.opt-1.pyc'
'/pkgs/python-urllib3/usr/lib/python3.13/site-packages/urllib3/__pycache__/response.cpython-313.pyc' -> '/usr/lib/python3.13/site-packages/urllib3/__pycache__/response.cpython-313.pyc'
'/pkgs/python-urllib3/usr/lib/python3.13/site-packages/urllib3/__pycache__/response.cpython-313.opt-1.pyc' -> '/usr/lib/python3.13/site-packages/urllib3/__pycache__/response.cpython-313.opt-1.pyc'
'/pkgs/python-urllib3/usr/lib/python3.13/site-packages/urllib3-2.5.0.dist-info' -> '/usr/lib/python3.13/site-packages/urllib3-2.5.0.dist-info'
'/pkgs/python-urllib3/usr/lib/python3.13/site-packages/urllib3-2.5.0.dist-info/METADATA' -> '/usr/lib/python3.13/site-packages/urllib3-2.5.0.dist-info/METADATA'
'/pkgs/python-urllib3/usr/lib/python3.13/site-packages/urllib3-2.5.0.dist-info/WHEEL' -> '/usr/lib/python3.13/site-packages/urllib3-2.5.0.dist-info/WHEEL'
'/pkgs/python-urllib3/usr/lib/python3.13/site-packages/urllib3-2.5.0.dist-info/licenses' -> '/usr/lib/python3.13/site-packages/urllib3-2.5.0.dist-info/licenses'
'/pkgs/python-urllib3/usr/lib/python3.13/site-packages/urllib3-2.5.0.dist-info/licenses/LICENSE.txt' -> '/usr/lib/python3.13/site-packages/urllib3-2.5.0.dist-info/licenses/LICENSE.txt'
'/pkgs/python-urllib3/usr/lib/python3.13/site-packages/urllib3-2.5.0.dist-info/RECORD' -> '/usr/lib/python3.13/site-packages/urllib3-2.5.0.dist-info/RECORD'
python-urllib3/
python-urllib3/usr/
python-urllib3/usr/lib/
python-urllib3/usr/lib/python3.13/
python-urllib3/usr/lib/python3.13/site-packages/
python-urllib3/usr/lib/python3.13/site-packages/urllib3/
python-urllib3/usr/lib/python3.13/site-packages/urllib3/connection.py
python-urllib3/usr/lib/python3.13/site-packages/urllib3/_version.py
python-urllib3/usr/lib/python3.13/site-packages/urllib3/filepost.py
python-urllib3/usr/lib/python3.13/site-packages/urllib3/connectionpool.py
python-urllib3/usr/lib/python3.13/site-packages/urllib3/fields.py
python-urllib3/usr/lib/python3.13/site-packages/urllib3/py.typed
python-urllib3/usr/lib/python3.13/site-packages/urllib3/util/
python-urllib3/usr/lib/python3.13/site-packages/urllib3/util/connection.py
python-urllib3/usr/lib/python3.13/site-packages/urllib3/util/retry.py
python-urllib3/usr/lib/python3.13/site-packages/urllib3/util/ssl_match_hostname.py
python-urllib3/usr/lib/python3.13/site-packages/urllib3/util/wait.py
python-urllib3/usr/lib/python3.13/site-packages/urllib3/util/url.py
python-urllib3/usr/lib/python3.13/site-packages/urllib3/util/__init__.py
python-urllib3/usr/lib/python3.13/site-packages/urllib3/util/timeout.py
python-urllib3/usr/lib/python3.13/site-packages/urllib3/util/ssl_.py
python-urllib3/usr/lib/python3.13/site-packages/urllib3/util/util.py
python-urllib3/usr/lib/python3.13/site-packages/urllib3/util/response.py
python-urllib3/usr/lib/python3.13/site-packages/urllib3/util/__pycache__/
python-urllib3/usr/lib/python3.13/site-packages/urllib3/util/__pycache__/retry.cpython-313.opt-1.pyc
python-urllib3/usr/lib/python3.13/site-packages/urllib3/util/__pycache__/proxy.cpython-313.opt-1.pyc
python-urllib3/usr/lib/python3.13/site-packages/urllib3/util/__pycache__/wait.cpython-313.opt-1.pyc
python-urllib3/usr/lib/python3.13/site-packages/urllib3/util/__pycache__/util.cpython-313.pyc
python-urllib3/usr/lib/python3.13/site-packages/urllib3/util/__pycache__/ssltransport.cpython-313.opt-1.pyc
python-urllib3/usr/lib/python3.13/site-packages/urllib3/util/__pycache__/url.cpython-313.opt-1.pyc
python-urllib3/usr/lib/python3.13/site-packages/urllib3/util/__pycache__/timeout.cpython-313.opt-1.pyc
python-urllib3/usr/lib/python3.13/site-packages/urllib3/util/__pycache__/response.cpython-313.pyc
python-urllib3/usr/lib/python3.13/site-packages/urllib3/util/__pycache__/response.cpython-313.opt-1.pyc
python-urllib3/usr/lib/python3.13/site-packages/urllib3/util/__pycache__/ssltransport.cpython-313.pyc
python-urllib3/usr/lib/python3.13/site-packages/urllib3/util/__pycache__/retry.cpython-313.pyc
python-urllib3/usr/lib/python3.13/site-packages/urllib3/util/__pycache__/ssl_match_hostname.cpython-313.pyc
python-urllib3/usr/lib/python3.13/site-packages/urllib3/util/__pycache__/__init__.cpython-313.pyc
python-urllib3/usr/lib/python3.13/site-packages/urllib3/util/__pycache__/connection.cpython-313.pyc
python-urllib3/usr/lib/python3.13/site-packages/urllib3/util/__pycache__/wait.cpython-313.pyc
python-urllib3/usr/lib/python3.13/site-packages/urllib3/util/__pycache__/request.cpython-313.opt-1.pyc
python-urllib3/usr/lib/python3.13/site-packages/urllib3/util/__pycache__/ssl_match_hostname.cpython-313.opt-1.pyc
python-urllib3/usr/lib/python3.13/site-packages/urllib3/util/__pycache__/request.cpython-313.pyc
python-urllib3/usr/lib/python3.13/site-packages/urllib3/util/__pycache__/ssl_.cpython-313.opt-1.pyc
python-urllib3/usr/lib/python3.13/site-packages/urllib3/util/__pycache__/util.cpython-313.opt-1.pyc
python-urllib3/usr/lib/python3.13/site-packages/urllib3/util/__pycache__/__init__.cpython-313.opt-1.pyc
python-urllib3/usr/lib/python3.13/site-packages/urllib3/util/__pycache__/proxy.cpython-313.pyc
python-urllib3/usr/lib/python3.13/site-packages/urllib3/util/__pycache__/url.cpython-313.pyc
python-urllib3/usr/lib/python3.13/site-packages/urllib3/util/__pycache__/timeout.cpython-313.pyc
python-urllib3/usr/lib/python3.13/site-packages/urllib3/util/__pycache__/connection.cpython-313.opt-1.pyc
python-urllib3/usr/lib/python3.13/site-packages/urllib3/util/__pycache__/ssl_.cpython-313.pyc
python-urllib3/usr/lib/python3.13/site-packages/urllib3/util/request.py
python-urllib3/usr/lib/python3.13/site-packages/urllib3/util/proxy.py
python-urllib3/usr/lib/python3.13/site-packages/urllib3/util/ssltransport.py
python-urllib3/usr/lib/python3.13/site-packages/urllib3/exceptions.py
python-urllib3/usr/lib/python3.13/site-packages/urllib3/__init__.py
python-urllib3/usr/lib/python3.13/site-packages/urllib3/response.py
python-urllib3/usr/lib/python3.13/site-packages/urllib3/_base_connection.py
python-urllib3/usr/lib/python3.13/site-packages/urllib3/__pycache__/
python-urllib3/usr/lib/python3.13/site-packages/urllib3/__pycache__/_collections.cpython-313.pyc
python-urllib3/usr/lib/python3.13/site-packages/urllib3/__pycache__/connectionpool.cpython-313.pyc
python-urllib3/usr/lib/python3.13/site-packages/urllib3/__pycache__/exceptions.cpython-313.opt-1.pyc
python-urllib3/usr/lib/python3.13/site-packages/urllib3/__pycache__/connectionpool.cpython-313.opt-1.pyc
python-urllib3/usr/lib/python3.13/site-packages/urllib3/__pycache__/_request_methods.cpython-313.pyc
python-urllib3/usr/lib/python3.13/site-packages/urllib3/__pycache__/_collections.cpython-313.opt-1.pyc
python-urllib3/usr/lib/python3.13/site-packages/urllib3/__pycache__/poolmanager.cpython-313.pyc
python-urllib3/usr/lib/python3.13/site-packages/urllib3/__pycache__/response.cpython-313.pyc
python-urllib3/usr/lib/python3.13/site-packages/urllib3/__pycache__/fields.cpython-313.pyc
python-urllib3/usr/lib/python3.13/site-packages/urllib3/__pycache__/filepost.cpython-313.opt-1.pyc
python-urllib3/usr/lib/python3.13/site-packages/urllib3/__pycache__/response.cpython-313.opt-1.pyc
python-urllib3/usr/lib/python3.13/site-packages/urllib3/__pycache__/fields.cpython-313.opt-1.pyc
python-urllib3/usr/lib/python3.13/site-packages/urllib3/__pycache__/poolmanager.cpython-313.opt-1.pyc
python-urllib3/usr/lib/python3.13/site-packages/urllib3/__pycache__/_base_connection.cpython-313.opt-1.pyc
python-urllib3/usr/lib/python3.13/site-packages/urllib3/__pycache__/_version.cpython-313.pyc
python-urllib3/usr/lib/python3.13/site-packages/urllib3/__pycache__/__init__.cpython-313.pyc
python-urllib3/usr/lib/python3.13/site-packages/urllib3/__pycache__/connection.cpython-313.pyc
python-urllib3/usr/lib/python3.13/site-packages/urllib3/__pycache__/_base_connection.cpython-313.pyc
python-urllib3/usr/lib/python3.13/site-packages/urllib3/__pycache__/exceptions.cpython-313.pyc
python-urllib3/usr/lib/python3.13/site-packages/urllib3/__pycache__/_request_methods.cpython-313.opt-1.pyc
python-urllib3/usr/lib/python3.13/site-packages/urllib3/__pycache__/__init__.cpython-313.opt-1.pyc
python-urllib3/usr/lib/python3.13/site-packages/urllib3/__pycache__/filepost.cpython-313.pyc
python-urllib3/usr/lib/python3.13/site-packages/urllib3/__pycache__/connection.cpython-313.opt-1.pyc
python-urllib3/usr/lib/python3.13/site-packages/urllib3/__pycache__/_version.cpython-313.opt-1.pyc
python-urllib3/usr/lib/python3.13/site-packages/urllib3/poolmanager.py
python-urllib3/usr/lib/python3.13/site-packages/urllib3/_request_methods.py
python-urllib3/usr/lib/python3.13/site-packages/urllib3/_collections.py
python-urllib3/usr/lib/python3.13/site-packages/urllib3/http2/
python-urllib3/usr/lib/python3.13/site-packages/urllib3/http2/connection.py
python-urllib3/usr/lib/python3.13/site-packages/urllib3/http2/probe.py
python-urllib3/usr/lib/python3.13/site-packages/urllib3/http2/__init__.py
python-urllib3/usr/lib/python3.13/site-packages/urllib3/http2/__pycache__/
python-urllib3/usr/lib/python3.13/site-packages/urllib3/http2/__pycache__/__init__.cpython-313.pyc
python-urllib3/usr/lib/python3.13/site-packages/urllib3/http2/__pycache__/connection.cpython-313.pyc
python-urllib3/usr/lib/python3.13/site-packages/urllib3/http2/__pycache__/probe.cpython-313.pyc
python-urllib3/usr/lib/python3.13/site-packages/urllib3/http2/__pycache__/probe.cpython-313.opt-1.pyc
python-urllib3/usr/lib/python3.13/site-packages/urllib3/http2/__pycache__/__init__.cpython-313.opt-1.pyc
python-urllib3/usr/lib/python3.13/site-packages/urllib3/http2/__pycache__/connection.cpython-313.opt-1.pyc
python-urllib3/usr/lib/python3.13/site-packages/urllib3/contrib/
python-urllib3/usr/lib/python3.13/site-packages/urllib3/contrib/emscripten/
python-urllib3/usr/lib/python3.13/site-packages/urllib3/contrib/emscripten/connection.py
python-urllib3/usr/lib/python3.13/site-packages/urllib3/contrib/emscripten/fetch.py
python-urllib3/usr/lib/python3.13/site-packages/urllib3/contrib/emscripten/__init__.py
python-urllib3/usr/lib/python3.13/site-packages/urllib3/contrib/emscripten/response.py
python-urllib3/usr/lib/python3.13/site-packages/urllib3/contrib/emscripten/__pycache__/
python-urllib3/usr/lib/python3.13/site-packages/urllib3/contrib/emscripten/__pycache__/response.cpython-313.pyc
python-urllib3/usr/lib/python3.13/site-packages/urllib3/contrib/emscripten/__pycache__/response.cpython-313.opt-1.pyc
python-urllib3/usr/lib/python3.13/site-packages/urllib3/contrib/emscripten/__pycache__/__init__.cpython-313.pyc
python-urllib3/usr/lib/python3.13/site-packages/urllib3/contrib/emscripten/__pycache__/connection.cpython-313.pyc
python-urllib3/usr/lib/python3.13/site-packages/urllib3/contrib/emscripten/__pycache__/request.cpython-313.opt-1.pyc
python-urllib3/usr/lib/python3.13/site-packages/urllib3/contrib/emscripten/__pycache__/fetch.cpython-313.opt-1.pyc
python-urllib3/usr/lib/python3.13/site-packages/urllib3/contrib/emscripten/__pycache__/request.cpython-313.pyc
python-urllib3/usr/lib/python3.13/site-packages/urllib3/contrib/emscripten/__pycache__/__init__.cpython-313.opt-1.pyc
python-urllib3/usr/lib/python3.13/site-packages/urllib3/contrib/emscripten/__pycache__/fetch.cpython-313.pyc
python-urllib3/usr/lib/python3.13/site-packages/urllib3/contrib/emscripten/__pycache__/connection.cpython-313.opt-1.pyc
python-urllib3/usr/lib/python3.13/site-packages/urllib3/contrib/emscripten/emscripten_fetch_worker.js
python-urllib3/usr/lib/python3.13/site-packages/urllib3/contrib/emscripten/request.py
python-urllib3/usr/lib/python3.13/site-packages/urllib3/contrib/__init__.py
python-urllib3/usr/lib/python3.13/site-packages/urllib3/contrib/socks.py
python-urllib3/usr/lib/python3.13/site-packages/urllib3/contrib/pyopenssl.py
python-urllib3/usr/lib/python3.13/site-packages/urllib3/contrib/__pycache__/
python-urllib3/usr/lib/python3.13/site-packages/urllib3/contrib/__pycache__/pyopenssl.cpython-313.pyc
python-urllib3/usr/lib/python3.13/site-packages/urllib3/contrib/__pycache__/socks.cpython-313.opt-1.pyc
python-urllib3/usr/lib/python3.13/site-packages/urllib3/contrib/__pycache__/__init__.cpython-313.pyc
python-urllib3/usr/lib/python3.13/site-packages/urllib3/contrib/__pycache__/socks.cpython-313.pyc
python-urllib3/usr/lib/python3.13/site-packages/urllib3/contrib/__pycache__/__init__.cpython-313.opt-1.pyc
python-urllib3/usr/lib/python3.13/site-packages/urllib3/contrib/__pycache__/pyopenssl.cpython-313.opt-1.pyc
python-urllib3/usr/lib/python3.13/site-packages/urllib3-2.5.0.dist-info/
python-urllib3/usr/lib/python3.13/site-packages/urllib3-2.5.0.dist-info/licenses/
python-urllib3/usr/lib/python3.13/site-packages/urllib3-2.5.0.dist-info/licenses/LICENSE.txt
python-urllib3/usr/lib/python3.13/site-packages/urllib3-2.5.0.dist-info/WHEEL
python-urllib3/usr/lib/python3.13/site-packages/urllib3-2.5.0.dist-info/METADATA
python-urllib3/usr/lib/python3.13/site-packages/urllib3-2.5.0.dist-info/RECORD
python-urllib3/version
python-urllib3/depends
python-urllib3/make-depends
