--2025-06-19 07:26:27--  https://download.gnome.org/sources/xdg-desktop-portal-gnome/47/xdg-desktop-portal-gnome-47.3.tar.xz
Resolving download.gnome.org (download.gnome.org)... 2a02:6ea0:c400::54, 2a02:6ea0:c400::53, 79.127.206.208, ...
Connecting to download.gnome.org (download.gnome.org)|2a02:6ea0:c400::54|:443... connected.
HTTP request sent, awaiting response... 200 OK
Length: 163996 (160K) [application/octet-stream]
Saving to: 'xdg-desktop-portal-gnome-47.3.tar.xz'

     0K .......... .......... .......... .......... .......... 31% 3.69M 0s
    50K .......... .......... .......... .......... .......... 62% 7.55M 0s
   100K .......... .......... .......... .......... .......... 93% 16.8M 0s
   150K ..........                                            100%  456M=0.02s

2025-06-19 07:26:27 (6.91 MB/s) - 'xdg-desktop-portal-gnome-47.3.tar.xz' saved [163996/163996]

xdg-desktop-portal-gnome-47.3/
xdg-desktop-portal-gnome-47.3/.gitignore
xdg-desktop-portal-gnome-47.3/.gitlab-ci/
xdg-desktop-portal-gnome-47.3/.gitlab-ci/install-meson-project.sh
xdg-desktop-portal-gnome-47.3/.gitlab-ci.yml
xdg-desktop-portal-gnome-47.3/COPYING
xdg-desktop-portal-gnome-47.3/NEWS
xdg-desktop-portal-gnome-47.3/README.md
xdg-desktop-portal-gnome-47.3/data/
xdg-desktop-portal-gnome-47.3/data/gnome.portal.in
xdg-desktop-portal-gnome-47.3/data/meson.build
xdg-desktop-portal-gnome-47.3/data/mutter-x11-interop.xml
xdg-desktop-portal-gnome-47.3/data/org.freedesktop.Accounts.User.xml
xdg-desktop-portal-gnome-47.3/data/org.freedesktop.Accounts.xml
xdg-desktop-portal-gnome-47.3/data/org.freedesktop.impl.portal.desktop.gnome.service.in
xdg-desktop-portal-gnome-47.3/data/org.gnome.Mutter.DisplayConfig.xml
xdg-desktop-portal-gnome-47.3/data/org.gnome.Mutter.InputCapture.xml
xdg-desktop-portal-gnome-47.3/data/org.gnome.Mutter.RemoteDesktop.xml
xdg-desktop-portal-gnome-47.3/data/org.gnome.Mutter.ScreenCast.xml
xdg-desktop-portal-gnome-47.3/data/org.gnome.Mutter.ServiceChannel.xml
xdg-desktop-portal-gnome-47.3/data/org.gnome.Shell.Introspect.xml
xdg-desktop-portal-gnome-47.3/data/org.gnome.Shell.Screenshot.xml
xdg-desktop-portal-gnome-47.3/data/org.gtk.Notifications.xml
xdg-desktop-portal-gnome-47.3/data/xdg-desktop-portal-gnome.desktop.in.in
xdg-desktop-portal-gnome-47.3/data/xdg-desktop-portal-gnome.service.in
xdg-desktop-portal-gnome-47.3/demo/
xdg-desktop-portal-gnome-47.3/demo/README.md
xdg-desktop-portal-gnome-47.3/demo/build-and-run.sh
xdg-desktop-portal-gnome-47.3/demo/display-config-mock.py
xdg-desktop-portal-gnome-47.3/demo/follow-xdpg-log.sh
xdg-desktop-portal-gnome-47.3/demo/mock-build-and-run.sh
xdg-desktop-portal-gnome-47.3/meson.build
xdg-desktop-portal-gnome-47.3/meson_options.txt
xdg-desktop-portal-gnome-47.3/po/
xdg-desktop-portal-gnome-47.3/po/LINGUAS
xdg-desktop-portal-gnome-47.3/po/POTFILES.in
xdg-desktop-portal-gnome-47.3/po/ab.po
xdg-desktop-portal-gnome-47.3/po/be.po
xdg-desktop-portal-gnome-47.3/po/bg.po
xdg-desktop-portal-gnome-47.3/po/ca.po
xdg-desktop-portal-gnome-47.3/po/cs.po
xdg-desktop-portal-gnome-47.3/po/da.po
xdg-desktop-portal-gnome-47.3/po/de.po
xdg-desktop-portal-gnome-47.3/po/el.po
xdg-desktop-portal-gnome-47.3/po/en_GB.po
xdg-desktop-portal-gnome-47.3/po/eo.po
xdg-desktop-portal-gnome-47.3/po/es.po
xdg-desktop-portal-gnome-47.3/po/eu.po
xdg-desktop-portal-gnome-47.3/po/fa.po
xdg-desktop-portal-gnome-47.3/po/fi.po
xdg-desktop-portal-gnome-47.3/po/fr.po
xdg-desktop-portal-gnome-47.3/po/fur.po
xdg-desktop-portal-gnome-47.3/po/gl.po
xdg-desktop-portal-gnome-47.3/po/he.po
xdg-desktop-portal-gnome-47.3/po/hi.po
xdg-desktop-portal-gnome-47.3/po/hr.po
xdg-desktop-portal-gnome-47.3/po/hu.po
xdg-desktop-portal-gnome-47.3/po/id.po
xdg-desktop-portal-gnome-47.3/po/ie.po
xdg-desktop-portal-gnome-47.3/po/is.po
xdg-desktop-portal-gnome-47.3/po/it.po
xdg-desktop-portal-gnome-47.3/po/ja.po
xdg-desktop-portal-gnome-47.3/po/ka.po
xdg-desktop-portal-gnome-47.3/po/kab.po
xdg-desktop-portal-gnome-47.3/po/kk.po
xdg-desktop-portal-gnome-47.3/po/ko.po
xdg-desktop-portal-gnome-47.3/po/lt.po
xdg-desktop-portal-gnome-47.3/po/lv.po
xdg-desktop-portal-gnome-47.3/po/meson.build
xdg-desktop-portal-gnome-47.3/po/nb.po
xdg-desktop-portal-gnome-47.3/po/ne.po
xdg-desktop-portal-gnome-47.3/po/nl.po
xdg-desktop-portal-gnome-47.3/po/oc.po
xdg-desktop-portal-gnome-47.3/po/pa.po
xdg-desktop-portal-gnome-47.3/po/pl.po
xdg-desktop-portal-gnome-47.3/po/pt.po
xdg-desktop-portal-gnome-47.3/po/pt_BR.po
xdg-desktop-portal-gnome-47.3/po/ro.po
xdg-desktop-portal-gnome-47.3/po/ru.po
xdg-desktop-portal-gnome-47.3/po/sk.po
xdg-desktop-portal-gnome-47.3/po/sl.po
xdg-desktop-portal-gnome-47.3/po/sr.po
xdg-desktop-portal-gnome-47.3/po/sv.po
xdg-desktop-portal-gnome-47.3/po/th.po
xdg-desktop-portal-gnome-47.3/po/tr.po
xdg-desktop-portal-gnome-47.3/po/uk.po
xdg-desktop-portal-gnome-47.3/po/zh_CN.po
xdg-desktop-portal-gnome-47.3/po/zh_TW.po
xdg-desktop-portal-gnome-47.3/src/
xdg-desktop-portal-gnome-47.3/src/access.c
xdg-desktop-portal-gnome-47.3/src/access.h
xdg-desktop-portal-gnome-47.3/src/account.c
xdg-desktop-portal-gnome-47.3/src/account.h
xdg-desktop-portal-gnome-47.3/src/accountdialog.c
xdg-desktop-portal-gnome-47.3/src/accountdialog.css
xdg-desktop-portal-gnome-47.3/src/accountdialog.h
xdg-desktop-portal-gnome-47.3/src/accountdialog.ui
xdg-desktop-portal-gnome-47.3/src/appchooser.c
xdg-desktop-portal-gnome-47.3/src/appchooser.h
xdg-desktop-portal-gnome-47.3/src/appchooserdialog.c
xdg-desktop-portal-gnome-47.3/src/appchooserdialog.h
xdg-desktop-portal-gnome-47.3/src/appchooserdialog.ui
xdg-desktop-portal-gnome-47.3/src/appchooserrow.c
xdg-desktop-portal-gnome-47.3/src/appchooserrow.h
xdg-desktop-portal-gnome-47.3/src/appchooserrow.ui
xdg-desktop-portal-gnome-47.3/src/assets/
xdg-desktop-portal-gnome-47.3/src/assets/gnome-shell-system.svg
xdg-desktop-portal-gnome-47.3/src/assets/gnome-shell-workspace-indicator.svg
xdg-desktop-portal-gnome-47.3/src/background.c
xdg-desktop-portal-gnome-47.3/src/background.h
xdg-desktop-portal-gnome-47.3/src/clipboard.c
xdg-desktop-portal-gnome-47.3/src/clipboard.h
xdg-desktop-portal-gnome-47.3/src/displaystatetracker.c
xdg-desktop-portal-gnome-47.3/src/displaystatetracker.h
xdg-desktop-portal-gnome-47.3/src/dynamic-launcher.c
xdg-desktop-portal-gnome-47.3/src/dynamic-launcher.h
xdg-desktop-portal-gnome-47.3/src/externalwindow-wayland.c
xdg-desktop-portal-gnome-47.3/src/externalwindow-wayland.h
xdg-desktop-portal-gnome-47.3/src/externalwindow-x11.c
xdg-desktop-portal-gnome-47.3/src/externalwindow-x11.h
xdg-desktop-portal-gnome-47.3/src/externalwindow.c
xdg-desktop-portal-gnome-47.3/src/externalwindow.h
xdg-desktop-portal-gnome-47.3/src/fc-monitor.c
xdg-desktop-portal-gnome-47.3/src/fc-monitor.h
xdg-desktop-portal-gnome-47.3/src/filechooser.c
xdg-desktop-portal-gnome-47.3/src/filechooser.h
xdg-desktop-portal-gnome-47.3/src/gnomeinputcapture.c
xdg-desktop-portal-gnome-47.3/src/gnomeinputcapture.h
xdg-desktop-portal-gnome-47.3/src/gnomescreencast.c
xdg-desktop-portal-gnome-47.3/src/gnomescreencast.h
xdg-desktop-portal-gnome-47.3/src/inputcapture.c
xdg-desktop-portal-gnome-47.3/src/inputcapture.h
xdg-desktop-portal-gnome-47.3/src/inputcapturedialog.c
xdg-desktop-portal-gnome-47.3/src/inputcapturedialog.h
xdg-desktop-portal-gnome-47.3/src/inputcapturedialog.ui
xdg-desktop-portal-gnome-47.3/src/lockdown.c
xdg-desktop-portal-gnome-47.3/src/lockdown.h
xdg-desktop-portal-gnome-47.3/src/meson.build
xdg-desktop-portal-gnome-47.3/src/notification.c
xdg-desktop-portal-gnome-47.3/src/notification.h
xdg-desktop-portal-gnome-47.3/src/print.c
xdg-desktop-portal-gnome-47.3/src/print.h
xdg-desktop-portal-gnome-47.3/src/remotedesktop.c
xdg-desktop-portal-gnome-47.3/src/remotedesktop.h
xdg-desktop-portal-gnome-47.3/src/remotedesktopdialog.c
xdg-desktop-portal-gnome-47.3/src/remotedesktopdialog.h
xdg-desktop-portal-gnome-47.3/src/remotedesktopdialog.ui
xdg-desktop-portal-gnome-47.3/src/request.c
xdg-desktop-portal-gnome-47.3/src/request.h
xdg-desktop-portal-gnome-47.3/src/screencast.c
xdg-desktop-portal-gnome-47.3/src/screencast.h
xdg-desktop-portal-gnome-47.3/src/screencastdialog.c
xdg-desktop-portal-gnome-47.3/src/screencastdialog.h
xdg-desktop-portal-gnome-47.3/src/screencastdialog.ui
xdg-desktop-portal-gnome-47.3/src/screencastgeometrycontainer.c
xdg-desktop-portal-gnome-47.3/src/screencastgeometrycontainer.h
xdg-desktop-portal-gnome-47.3/src/screencastwidget-dark.css
xdg-desktop-portal-gnome-47.3/src/screencastwidget-light.css
xdg-desktop-portal-gnome-47.3/src/screencastwidget.c
xdg-desktop-portal-gnome-47.3/src/screencastwidget.css
xdg-desktop-portal-gnome-47.3/src/screencastwidget.h
xdg-desktop-portal-gnome-47.3/src/screencastwidget.ui
xdg-desktop-portal-gnome-47.3/src/screenshot.c
xdg-desktop-portal-gnome-47.3/src/screenshot.h
xdg-desktop-portal-gnome-47.3/src/screenshotdialog.c
xdg-desktop-portal-gnome-47.3/src/screenshotdialog.h
xdg-desktop-portal-gnome-47.3/src/screenshotdialog.ui
xdg-desktop-portal-gnome-47.3/src/session.c
xdg-desktop-portal-gnome-47.3/src/session.h
xdg-desktop-portal-gnome-47.3/src/settings.c
xdg-desktop-portal-gnome-47.3/src/settings.h
xdg-desktop-portal-gnome-47.3/src/shellintrospect.c
xdg-desktop-portal-gnome-47.3/src/shellintrospect.h
xdg-desktop-portal-gnome-47.3/src/testappchooser.c
xdg-desktop-portal-gnome-47.3/src/utils.c
xdg-desktop-portal-gnome-47.3/src/utils.h
xdg-desktop-portal-gnome-47.3/src/wallpaper.c
xdg-desktop-portal-gnome-47.3/src/wallpaper.h
xdg-desktop-portal-gnome-47.3/src/wallpaperdialog.c
xdg-desktop-portal-gnome-47.3/src/wallpaperdialog.h
xdg-desktop-portal-gnome-47.3/src/wallpaperdialog.ui
xdg-desktop-portal-gnome-47.3/src/wallpaperpreview.c
xdg-desktop-portal-gnome-47.3/src/wallpaperpreview.css
xdg-desktop-portal-gnome-47.3/src/wallpaperpreview.h
xdg-desktop-portal-gnome-47.3/src/wallpaperpreview.ui
xdg-desktop-portal-gnome-47.3/src/xdg-desktop-portal-gnome.c
xdg-desktop-portal-gnome-47.3/src/xdg-desktop-portal-gnome.gresource.xml
xdg-desktop-portal-gnome-47.3/src/xdg-desktop-portal-gnome.gschema.xml
xdg-desktop-portal-gnome-47.3/subprojects/
xdg-desktop-portal-gnome-47.3/subprojects/libadwaita.wrap
xdg-desktop-portal-gnome-47.3/xdg-desktop-portal-gnome.doap
The Meson build system
Version: 1.7.0
Source dir: /blfs/builds/xdg-desktop-portal-gnome-47.3
Build dir: /blfs/builds/xdg-desktop-portal-gnome-47.3/build
Build type: native build
Project name: xdg-desktop-portal-gnome
Project version: 47.3
C compiler for the host machine: cc (gcc 14.2.0 "cc (GCC) 14.2.0")
C linker for the host machine: cc ld.bfd 2.44
Host machine cpu family: x86_64
Host machine cpu: x86_64
Found pkg-config: YES (/usr/bin/pkg-config) 2.5.0
Run-time dependency systemd found: YES 257
Configuring gnome.portal using configuration
Configuring org.freedesktop.impl.portal.desktop.gnome.service using configuration
Configuring xdg-desktop-portal-gnome.service using configuration
Configuring xdg-desktop-portal-gnome.desktop.in using configuration
Program msgfmt found: YES (/usr/bin/msgfmt)
Program msginit found: YES (/usr/bin/msginit)
Program msgmerge found: YES (/usr/bin/msgmerge)
Program xgettext found: YES (/usr/bin/xgettext)
Run-time dependency xdg-desktop-portal found: YES 1.20.2
Build-time dependency gio-2.0 found: YES 2.84.3
Program /usr/bin/gdbus-codegen found: YES (/usr/bin/gdbus-codegen)
Dependency gio-2.0 found: YES 2.84.3 (cached)
Program /usr/bin/gdbus-codegen found: YES (/usr/bin/gdbus-codegen)
Dependency gio-2.0 found: YES 2.84.3 (cached)
Program /usr/bin/glib-compile-resources found: YES (/usr/bin/glib-compile-resources)
Configuring config.h using configuration
Run-time dependency libadwaita-1 found: YES 1.7.4
Library m found: YES
Run-time dependency fontconfig found: YES 2.16.0
Run-time dependency glib-2.0 found: YES 2.84.3
Run-time dependency gio-unix-2.0 found: YES 2.84.3
Run-time dependency gtk4 found: YES 4.18.6
Run-time dependency gtk4-unix-print found: YES 4.18.6
Run-time dependency gsettings-desktop-schemas found: YES 47.1
Run-time dependency gnome-desktop-4 found: YES 43.2
Run-time dependency gnome-bg-4 found: YES 43.2
Run-time dependency gtk4-x11 found: YES 4.18.6
Run-time dependency x11 found: YES 1.8.12
Run-time dependency gtk4-wayland found: YES 4.18.6
Program wayland-scanner found: YES (/usr/bin/wayland-scanner)
Run-time dependency wayland-client found: YES 1.23.92
Dependency gio-2.0 found: YES 2.84.3 (cached)
Program /usr/bin/glib-compile-schemas found: YES (/usr/bin/glib-compile-schemas)
Build targets in project: 64

xdg-desktop-portal-gnome 47.3

    prefix            : /usr
    datadir           : share
    libdir            : lib
    libexecdir        : libexec
    dbus_service_dir  : share/dbus-1/services

  systemd session service
    systemd-service   : auto
    systemduserunitdir: /usr/lib/systemd/user

  User defined options
    buildtype         : release
    prefix            : /usr

Found ninja-1.13.0 at /usr/bin/ninja
[1/104] Generating src/mutter-x11-interop client header with a custom command
[2/104] Generating src/mutter-x11-interop source with a custom command
[3/104] Generating src/xdg-desktop-portal-gnome-resources_h with a custom command
[4/104] Building translation po/ab/LC_MESSAGES/xdg-desktop-portal-gnome-ab.mo
[5/104] Building translation po/be/LC_MESSAGES/xdg-desktop-portal-gnome-be.mo
[6/104] Building translation po/bg/LC_MESSAGES/xdg-desktop-portal-gnome-bg.mo
[7/104] Building translation po/ca/LC_MESSAGES/xdg-desktop-portal-gnome-ca.mo
[8/104] Building translation po/cs/LC_MESSAGES/xdg-desktop-portal-gnome-cs.mo
[9/104] Building translation po/da/LC_MESSAGES/xdg-desktop-portal-gnome-da.mo
[10/104] Building translation po/de/LC_MESSAGES/xdg-desktop-portal-gnome-de.mo
[11/104] Building translation po/el/LC_MESSAGES/xdg-desktop-portal-gnome-el.mo
[12/104] Building translation po/en_GB/LC_MESSAGES/xdg-desktop-portal-gnome-en_GB.mo
[13/104] Building translation po/eo/LC_MESSAGES/xdg-desktop-portal-gnome-eo.mo
[14/104] Building translation po/es/LC_MESSAGES/xdg-desktop-portal-gnome-es.mo
[15/104] Building translation po/eu/LC_MESSAGES/xdg-desktop-portal-gnome-eu.mo
[16/104] Generating src/xdg-desktop-portal-gnome-resources_c with a custom command
[17/104] Building translation po/fi/LC_MESSAGES/xdg-desktop-portal-gnome-fi.mo
[18/104] Building translation po/fa/LC_MESSAGES/xdg-desktop-portal-gnome-fa.mo
[19/104] Building translation po/fr/LC_MESSAGES/xdg-desktop-portal-gnome-fr.mo
[20/104] Building translation po/fur/LC_MESSAGES/xdg-desktop-portal-gnome-fur.mo
[21/104] Building translation po/gl/LC_MESSAGES/xdg-desktop-portal-gnome-gl.mo
[22/104] Building translation po/he/LC_MESSAGES/xdg-desktop-portal-gnome-he.mo
[23/104] Building translation po/hi/LC_MESSAGES/xdg-desktop-portal-gnome-hi.mo
[24/104] Building translation po/hr/LC_MESSAGES/xdg-desktop-portal-gnome-hr.mo
[25/104] Building translation po/hu/LC_MESSAGES/xdg-desktop-portal-gnome-hu.mo
[26/104] Building translation po/id/LC_MESSAGES/xdg-desktop-portal-gnome-id.mo
[27/104] Building translation po/ie/LC_MESSAGES/xdg-desktop-portal-gnome-ie.mo
[28/104] Building translation po/is/LC_MESSAGES/xdg-desktop-portal-gnome-is.mo
[29/104] Building translation po/it/LC_MESSAGES/xdg-desktop-portal-gnome-it.mo
[30/104] Building translation po/ja/LC_MESSAGES/xdg-desktop-portal-gnome-ja.mo
[31/104] Building translation po/ka/LC_MESSAGES/xdg-desktop-portal-gnome-ka.mo
[32/104] Building translation po/kab/LC_MESSAGES/xdg-desktop-portal-gnome-kab.mo
[33/104] Building translation po/kk/LC_MESSAGES/xdg-desktop-portal-gnome-kk.mo
[34/104] Building translation po/ko/LC_MESSAGES/xdg-desktop-portal-gnome-ko.mo
[35/104] Building translation po/lt/LC_MESSAGES/xdg-desktop-portal-gnome-lt.mo
[36/104] Building translation po/lv/LC_MESSAGES/xdg-desktop-portal-gnome-lv.mo
[37/104] Building translation po/nb/LC_MESSAGES/xdg-desktop-portal-gnome-nb.mo
[38/104] Building translation po/ne/LC_MESSAGES/xdg-desktop-portal-gnome-ne.mo
[39/104] Building translation po/nl/LC_MESSAGES/xdg-desktop-portal-gnome-nl.mo
[40/104] Building translation po/oc/LC_MESSAGES/xdg-desktop-portal-gnome-oc.mo
[41/104] Building translation po/pa/LC_MESSAGES/xdg-desktop-portal-gnome-pa.mo
[42/104] Building translation po/pl/LC_MESSAGES/xdg-desktop-portal-gnome-pl.mo
[43/104] Building translation po/pt/LC_MESSAGES/xdg-desktop-portal-gnome-pt.mo
[44/104] Building translation po/pt_BR/LC_MESSAGES/xdg-desktop-portal-gnome-pt_BR.mo
[45/104] Building translation po/ro/LC_MESSAGES/xdg-desktop-portal-gnome-ro.mo
[46/104] Building translation po/ru/LC_MESSAGES/xdg-desktop-portal-gnome-ru.mo
[47/104] Building translation po/sk/LC_MESSAGES/xdg-desktop-portal-gnome-sk.mo
[48/104] Building translation po/sl/LC_MESSAGES/xdg-desktop-portal-gnome-sl.mo
[49/104] Building translation po/sv/LC_MESSAGES/xdg-desktop-portal-gnome-sv.mo
[50/104] Building translation po/sr/LC_MESSAGES/xdg-desktop-portal-gnome-sr.mo
[51/104] Building translation po/th/LC_MESSAGES/xdg-desktop-portal-gnome-th.mo
[52/104] Building translation po/uk/LC_MESSAGES/xdg-desktop-portal-gnome-uk.mo
[53/104] Building translation po/zh_CN/LC_MESSAGES/xdg-desktop-portal-gnome-zh_CN.mo
[54/104] Building translation po/tr/LC_MESSAGES/xdg-desktop-portal-gnome-tr.mo
[55/104] Building translation po/zh_TW/LC_MESSAGES/xdg-desktop-portal-gnome-zh_TW.mo
[56/104] Generating gdbus header src/shell-dbus.h
[57/104] Generating gdbus header src/xdg-desktop-portal-dbus.h
[58/104] Generating gdbus source src/xdg-desktop-portal-dbus.c
[59/104] Generating gdbus source src/shell-dbus.c
[60/104] Compiling C object src/xdg-desktop-portal-gnome.p/meson-generated_.._mutter-x11-interop-protocol.c.o
[61/104] Merging translations for data/xdg-desktop-portal-gnome.desktop
[62/104] Compiling C object src/xdg-desktop-portal-gnome.p/meson-generated_.._xdg-desktop-portal-gnome-resources.c.o
[63/104] Compiling C object src/xdg-desktop-portal-gnome.p/fc-monitor.c.o
[64/104] Compiling C object src/xdg-desktop-portal-gnome.p/lockdown.c.o
[65/104] Compiling C object src/xdg-desktop-portal-gnome.p/appchooserrow.c.o
[66/104] Compiling C object src/xdg-desktop-portal-gnome.p/inputcapturedialog.c.o
[67/104] Compiling C object src/xdg-desktop-portal-gnome.p/externalwindow.c.o
[68/104] Compiling C object src/xdg-desktop-portal-gnome.p/dynamic-launcher.c.o
../src/dynamic-launcher.c: In function 'handle_prepare_install':
../src/dynamic-launcher.c:255:3: warning: 'gtk_dialog_new_with_buttons' is deprecated [-Wdeprecated-declarations]
  255 |   dialog = GTK_WINDOW (gtk_dialog_new_with_buttons (title,
      |   ^~~~~~
In file included from /usr/include/gtk-4.0/gtk/deprecated/gtkappchooserdialog.h:31,
                 from /usr/include/gtk-4.0/gtk/gtk.h:43,
                 from ../src/dynamic-launcher.c:27:
/usr/include/gtk-4.0/gtk/deprecated/gtkdialog.h:137:12: note: declared here
  137 | GtkWidget* gtk_dialog_new_with_buttons (const char      *title,
      |            ^~~~~~~~~~~~~~~~~~~~~~~~~~~
../src/dynamic-launcher.c:264:3: warning: 'gtk_dialog_get_content_area' is deprecated [-Wdeprecated-declarations]
  264 |   content_area = gtk_dialog_get_content_area (GTK_DIALOG (dialog));
      |   ^~~~~~~~~~~~
/usr/include/gtk-4.0/gtk/deprecated/gtkdialog.h:176:13: note: declared here
  176 | GtkWidget * gtk_dialog_get_content_area (GtkDialog *dialog);
      |             ^~~~~~~~~~~~~~~~~~~~~~~~~~~
../src/dynamic-launcher.c:290:3: warning: 'gtk_image_set_from_pixbuf' is deprecated: Use 'gtk_image_set_from_paintable' instead [-Wdeprecated-declarations]
  290 |   gtk_image_set_from_pixbuf (GTK_IMAGE (image), pixbuf);
      |   ^~~~~~~~~~~~~~~~~~~~~~~~~
In file included from /usr/include/gtk-4.0/gtk/gtkentry.h:40,
                 from /usr/include/gtk-4.0/gtk/deprecated/gtktreeview.h:27,
                 from /usr/include/gtk-4.0/gtk/deprecated/gtkcombobox.h:26,
                 from /usr/include/gtk-4.0/gtk/gtk.h:94:
/usr/include/gtk-4.0/gtk/gtkimage.h:95:6: note: declared here
   95 | void gtk_image_set_from_pixbuf    (GtkImage        *image,
      |      ^~~~~~~~~~~~~~~~~~~~~~~~~
../src/dynamic-launcher.c:315:3: warning: 'gtk_dialog_set_default_response' is deprecated [-Wdeprecated-declarations]
  315 |   gtk_dialog_set_default_response (GTK_DIALOG (dialog), GTK_RESPONSE_OK);
      |   ^~~~~~~~~~~~~~~~~~~~~~~~~~~~~~~
/usr/include/gtk-4.0/gtk/deprecated/gtkdialog.h:161:6: note: declared here
  161 | void gtk_dialog_set_default_response   (GtkDialog *dialog,
      |      ^~~~~~~~~~~~~~~~~~~~~~~~~~~~~~~
[69/104] Compiling C object src/xdg-desktop-portal-gnome.p/filechooser.c.o
[70/104] Compiling C object src/xdg-desktop-portal-gnome.p/notification.c.o
[71/104] Compiling C object src/xdg-desktop-portal-gnome.p/appchooser.c.o
[72/104] Compiling C object src/xdg-desktop-portal-gnome.p/displaystatetracker.c.o
[73/104] Compiling C object src/xdg-desktop-portal-gnome.p/access.c.o
../src/access.c: In function 'create_access_dialog':
../src/access.c:213:3: warning: 'adw_message_dialog_new' is deprecated: Use 'adw_alert_dialog_new' instead [-Wdeprecated-declarations]
  213 |   dialog = adw_message_dialog_new (GTK_WINDOW (fake_parent), title, subtitle);
      |   ^~~~~~
In file included from /usr/include/libadwaita-1/adwaita.h:63,
                 from ../src/access.c:5:
/usr/include/libadwaita-1/adw-message-dialog.h:40:12: note: declared here
   40 | GtkWidget *adw_message_dialog_new (GtkWindow  *parent,
      |            ^~~~~~~~~~~~~~~~~~~~~~
../src/access.c:218:3: warning: 'adw_message_dialog_add_responses' is deprecated: Use 'adw_alert_dialog_add_responses' instead [-Wdeprecated-declarations]
  218 |   adw_message_dialog_add_responses (ADW_MESSAGE_DIALOG (dialog),
      |   ^~~~~~~~~~~~~~~~~~~~~~~~~~~~~~~~
/usr/include/libadwaita-1/adw-message-dialog.h:104:6: note: declared here
  104 | void adw_message_dialog_add_responses (AdwMessageDialog *self,
      |      ^~~~~~~~~~~~~~~~~~~~~~~~~~~~~~~~
../src/access.c:223:3: warning: 'adw_message_dialog_set_default_response' is deprecated: Use 'adw_alert_dialog_set_default_response' instead [-Wdeprecated-declarations]
  223 |   adw_message_dialog_set_default_response (ADW_MESSAGE_DIALOG (dialog), "deny");
      |   ^~~~~~~~~~~~~~~~~~~~~~~~~~~~~~~~~~~~~~~
/usr/include/libadwaita-1/adw-message-dialog.h:135:13: note: declared here
  135 | void        adw_message_dialog_set_default_response (AdwMessageDialog *self,
      |             ^~~~~~~~~~~~~~~~~~~~~~~~~~~~~~~~~~~~~~~
../src/access.c:226:3: warning: 'adw_message_dialog_set_extra_child' is deprecated: Use 'adw_alert_dialog_set_extra_child' instead [-Wdeprecated-declarations]
  226 |   adw_message_dialog_set_extra_child (ADW_MESSAGE_DIALOG (dialog), extra);
      |   ^~~~~~~~~~~~~~~~~~~~~~~~~~~~~~~~~~
/usr/include/libadwaita-1/adw-message-dialog.h:91:12: note: declared here
   91 | void       adw_message_dialog_set_extra_child (AdwMessageDialog *self,
      |            ^~~~~~~~~~~~~~~~~~~~~~~~~~~~~~~~~~
[74/104] Compiling C object src/xdg-desktop-portal-gnome.p/accountdialog.c.o
../src/accountdialog.c: In function 'file_chooser_response':
../src/accountdialog.c:128:3: warning: 'gtk_file_chooser_get_file' is deprecated [-Wdeprecated-declarations]
  128 |   file = gtk_file_chooser_get_file (GTK_FILE_CHOOSER (widget));
      |   ^~~~
In file included from /usr/include/gtk-4.0/gtk/gtk.h:130,
                 from /usr/include/libadwaita-1/adwaita.h:9,
                 from ../src/accountdialog.c:5:
/usr/include/gtk-4.0/gtk/deprecated/gtkfilechooser.h:123:22: note: declared here
  123 | GFile *              gtk_file_chooser_get_file            (GtkFileChooser       *chooser);
      |                      ^~~~~~~~~~~~~~~~~~~~~~~~~
../src/accountdialog.c: In function 'image_button_clicked':
../src/accountdialog.c:159:3: warning: 'gtk_file_chooser_dialog_new' is deprecated [-Wdeprecated-declarations]
  159 |   chooser = gtk_file_chooser_dialog_new (_("Select an Image"),
      |   ^~~~~~~
In file included from /usr/include/gtk-4.0/gtk/gtk.h:131:
/usr/include/gtk-4.0/gtk/deprecated/gtkfilechooserdialog.h:39:12: note: declared here
   39 | GtkWidget *gtk_file_chooser_dialog_new              (const char           *title,
      |            ^~~~~~~~~~~~~~~~~~~~~~~~~~~
../src/accountdialog.c:168:3: warning: 'gtk_dialog_set_default_response' is deprecated [-Wdeprecated-declarations]
  168 |   gtk_dialog_set_default_response (GTK_DIALOG (chooser), GTK_RESPONSE_OK);
      |   ^~~~~~~~~~~~~~~~~~~~~~~~~~~~~~~
In file included from /usr/include/gtk-4.0/gtk/deprecated/gtkappchooserdialog.h:31,
                 from /usr/include/gtk-4.0/gtk/gtk.h:43:
/usr/include/gtk-4.0/gtk/deprecated/gtkdialog.h:161:6: note: declared here
  161 | void gtk_dialog_set_default_response   (GtkDialog *dialog,
      |      ^~~~~~~~~~~~~~~~~~~~~~~~~~~~~~~
../src/accountdialog.c:173:3: warning: 'gtk_file_chooser_add_filter' is deprecated [-Wdeprecated-declarations]
  173 |   gtk_file_chooser_add_filter (GTK_FILE_CHOOSER (chooser), filter);
      |   ^~~~~~~~~~~~~~~~~~~~~~~~~~~
/usr/include/gtk-4.0/gtk/deprecated/gtkfilechooser.h:140:22: note: declared here
  140 | void                 gtk_file_chooser_add_filter          (GtkFileChooser       *chooser,
      |                      ^~~~~~~~~~~~~~~~~~~~~~~~~~~
[75/104] Compiling C object src/xdg-desktop-portal-gnome.p/account.c.o
[76/104] Compiling C object src/xdg-desktop-portal-gnome.p/clipboard.c.o
../src/clipboard.c: In function 'handle_selection_write':
../src/clipboard.c:262:3: warning: 'out_fd_id' may be used uninitialized [-Wmaybe-uninitialized]
  262 |   xdp_impl_clipboard_complete_selection_write (object,
      |   ^~~~~~~~~~~~~~~~~~~~~~~~~~~~~~~~~~~~~~~~~~~~~~~~~~~~
  263 |                                                invocation,
      |                                                ~~~~~~~~~~~
  264 |                                                out_fd_list,
      |                                                ~~~~~~~~~~~~
  265 |                                                g_variant_new_handle (out_fd_id));
      |                                                ~~~~~~~~~~~~~~~~~~~~~~~~~~~~~~~~~
../src/clipboard.c:214:7: note: 'out_fd_id' was declared here
  214 |   int out_fd_id;
      |       ^~~~~~~~~
[77/104] Compiling C object src/xdg-desktop-portal-gnome.p/appchooserdialog.c.o
../src/appchooserdialog.c: In function 'show_error_dialog':
../src/appchooserdialog.c:179:3: warning: 'adw_message_dialog_new' is deprecated: Use 'adw_alert_dialog_new' instead [-Wdeprecated-declarations]
  179 |   message_dialog = adw_message_dialog_new (parent, primary, secondary);
      |   ^~~~~~~~~~~~~~
In file included from /usr/include/libadwaita-1/adwaita.h:63,
                 from ../src/appchooserdialog.c:27:
/usr/include/libadwaita-1/adw-message-dialog.h:40:12: note: declared here
   40 | GtkWidget *adw_message_dialog_new (GtkWindow  *parent,
      |            ^~~~~~~~~~~~~~~~~~~~~~
../src/appchooserdialog.c:180:3: warning: 'adw_message_dialog_add_response' is deprecated: Use 'adw_alert_dialog_add_response' instead [-Wdeprecated-declarations]
  180 |   adw_message_dialog_add_response (ADW_MESSAGE_DIALOG (message_dialog), "ok", _("_OK"));
      |   ^~~~~~~~~~~~~~~~~~~~~~~~~~~~~~~
/usr/include/libadwaita-1/adw-message-dialog.h:95:6: note: declared here
   95 | void adw_message_dialog_add_response (AdwMessageDialog *self,
      |      ^~~~~~~~~~~~~~~~~~~~~~~~~~~~~~~
../src/appchooserdialog.c:181:3: warning: 'adw_message_dialog_set_default_response' is deprecated: Use 'adw_alert_dialog_set_default_response' instead [-Wdeprecated-declarations]
  181 |   adw_message_dialog_set_default_response (ADW_MESSAGE_DIALOG (message_dialog), "ok");
      |   ^~~~~~~~~~~~~~~~~~~~~~~~~~~~~~~~~~~~~~~
/usr/include/libadwaita-1/adw-message-dialog.h:135:13: note: declared here
  135 | void        adw_message_dialog_set_default_response (AdwMessageDialog *self,
      |             ^~~~~~~~~~~~~~~~~~~~~~~~~~~~~~~~~~~~~~~
[78/104] Compiling C object src/xdg-desktop-portal-gnome.p/request.c.o
[79/104] Compiling C object src/xdg-desktop-portal-gnome.p/background.c.o
[80/104] Compiling C object src/xdg-desktop-portal-gnome.p/gnomescreencast.c.o
[81/104] Compiling C object src/xdg-desktop-portal-gnome.p/gnomeinputcapture.c.o
[82/104] Compiling C object src/xdg-desktop-portal-gnome.p/session.c.o
[83/104] Compiling C object src/xdg-desktop-portal-gnome.p/utils.c.o
[84/104] Compiling C object src/xdg-desktop-portal-gnome.p/shellintrospect.c.o
[85/104] Compiling C object src/xdg-desktop-portal-gnome.p/inputcapture.c.o
[86/104] Compiling C object src/xdg-desktop-portal-gnome.p/remotedesktop.c.o
[87/104] Compiling C object src/xdg-desktop-portal-gnome.p/print.c.o
../src/print.c: In function 'handle_prepare_print':
../src/print.c:692:7: warning: 'gtk_dialog_get_widget_for_response' is deprecated [-Wdeprecated-declarations]
  692 |       GtkWidget *button = gtk_dialog_get_widget_for_response (GTK_DIALOG (dialog), GTK_RESPONSE_OK);
      |       ^~~~~~~~~
In file included from /usr/include/gtk-4.0/gtk/deprecated/gtkappchooserdialog.h:31,
                 from /usr/include/gtk-4.0/gtk/gtk.h:43,
                 from ../src/print.c:28:
/usr/include/gtk-4.0/gtk/deprecated/gtkdialog.h:164:12: note: declared here
  164 | GtkWidget* gtk_dialog_get_widget_for_response (GtkDialog *dialog,
      |            ^~~~~~~~~~~~~~~~~~~~~~~~~~~~~~~~~~
[88/104] Compiling C object src/xdg-desktop-portal-gnome.p/remotedesktopdialog.c.o
[89/104] Compiling C object src/xdg-desktop-portal-gnome.p/screencastgeometrycontainer.c.o
[90/104] Compiling C object src/xdg-desktop-portal-gnome.p/screenshot.c.o
[91/104] Compiling C object src/xdg-desktop-portal-gnome.p/externalwindow-x11.c.o
../src/externalwindow-x11.c: In function 'external_window_x11_set_parent_of':
../src/externalwindow-x11.c:90:3: warning: 'gdk_x11_display_get_xdisplay' is deprecated [-Wdeprecated-declarations]
   90 |   xdisplay = gdk_x11_display_get_xdisplay (display);
      |   ^~~~~~~~
In file included from /usr/include/gtk-4.0/gdk/x11/gdkx.h:39,
                 from ../src/externalwindow-x11.c:24:
/usr/include/gtk-4.0/gdk/x11/gdkx11display.h:60:15: note: declared here
   60 | Display *     gdk_x11_display_get_xdisplay     (GdkDisplay  *display);
      |               ^~~~~~~~~~~~~~~~~~~~~~~~~~~~
../src/externalwindow-x11.c:93:25: warning: 'gdk_x11_surface_get_xid' is deprecated [-Wdeprecated-declarations]
   93 |                         GDK_SURFACE_XID (surface),
      |                         ^~~~~~~~~~~~~~~
In file included from /usr/include/gtk-4.0/gdk/x11/gdkx.h:47:
/usr/include/gtk-4.0/gdk/x11/gdkx11surface.h:56:10: note: declared here
   56 | Window   gdk_x11_surface_get_xid           (GdkSurface   *surface);
      |          ^~~~~~~~~~~~~~~~~~~~~~~
../src/externalwindow-x11.c:96:3: warning: 'gdk_x11_get_xatom_by_name_for_display' is deprecated [-Wdeprecated-declarations]
   96 |   atom = gdk_x11_get_xatom_by_name_for_display (display, "_NET_WM_WINDOW_TYPE_DIALOG");
      |   ^~~~
In file included from /usr/include/gtk-4.0/gdk/x11/gdkx.h:43:
/usr/include/gtk-4.0/gdk/x11/gdkx11property.h:39:23: note: declared here
   39 | Atom                  gdk_x11_get_xatom_by_name_for_display (GdkDisplay  *display,
      |                       ^~~~~~~~~~~~~~~~~~~~~~~~~~~~~~~~~~~~~
../src/externalwindow-x11.c:98:20: warning: 'gdk_x11_surface_get_xid' is deprecated [-Wdeprecated-declarations]
   98 |                    GDK_SURFACE_XID (surface),
      |                    ^~~~~~~~~~~~~~~
/usr/include/gtk-4.0/gdk/x11/gdkx11surface.h:56:10: note: declared here
   56 | Window   gdk_x11_surface_get_xid           (GdkSurface   *surface);
      |          ^~~~~~~~~~~~~~~~~~~~~~~
../src/externalwindow-x11.c:99:20: warning: 'gdk_x11_get_xatom_by_name_for_display' is deprecated [-Wdeprecated-declarations]
   99 |                    gdk_x11_get_xatom_by_name_for_display (display, "_NET_WM_WINDOW_TYPE"),
      |                    ^~~~~~~~~~~~~~~~~~~~~~~~~~~~~~~~~~~~~
/usr/include/gtk-4.0/gdk/x11/gdkx11property.h:39:23: note: declared here
   39 | Atom                  gdk_x11_get_xatom_by_name_for_display (GdkDisplay  *display,
      |                       ^~~~~~~~~~~~~~~~~~~~~~~~~~~~~~~~~~~~~
[92/104] Compiling C object src/xdg-desktop-portal-gnome.p/screencastdialog.c.o
[93/104] Compiling C object src/xdg-desktop-portal-gnome.p/screenshotdialog.c.o
[94/104] Compiling C object src/xdg-desktop-portal-gnome.p/settings.c.o
[95/104] Compiling C object src/xdg-desktop-portal-gnome.p/wallpaperpreview.c.o
[96/104] Compiling C object src/xdg-desktop-portal-gnome.p/wallpaperdialog.c.o
[97/104] Compiling C object src/xdg-desktop-portal-gnome.p/wallpaper.c.o
[98/104] Compiling C object src/xdg-desktop-portal-gnome.p/screencastwidget.c.o
[99/104] Compiling C object src/xdg-desktop-portal-gnome.p/xdg-desktop-portal-gnome.c.o
[100/104] Compiling C object src/xdg-desktop-portal-gnome.p/externalwindow-wayland.c.o
[101/104] Compiling C object src/xdg-desktop-portal-gnome.p/screencast.c.o
../src/screencast.c: In function 'serialize_screen_cast_streams_as_restore_data':
../src/screencast.c:155:7: warning: 'stream_variant' may be used uninitialized [-Wmaybe-uninitialized]
  155 |       g_variant_builder_add (impl_builder,
      |       ^~~~~~~~~~~~~~~~~~~~~~~~~~~~~~~~~~~~
  156 |                              "(uuv)",
      |                              ~~~~~~~~
  157 |                              info->id,
      |                              ~~~~~~~~~
  158 |                              info->type,
      |                              ~~~~~~~~~~~
  159 |                              stream_variant);
      |                              ~~~~~~~~~~~~~~~
../src/screencast.c:127:17: note: 'stream_variant' was declared here
  127 |       GVariant *stream_variant;
      |                 ^~~~~~~~~~~~~~
[102/104] Compiling C object src/xdg-desktop-portal-gnome.p/meson-generated_.._shell-dbus.c.o
[103/104] Compiling C object src/xdg-desktop-portal-gnome.p/meson-generated_.._xdg-desktop-portal-dbus.c.o
[104/104] Linking target src/xdg-desktop-portal-gnome
[0/1] Installing files
Installing data/xdg-desktop-portal-gnome.desktop to /pkgs/xdg-desktop-portal-gnome/usr/share/applications
Installing po/ab/LC_MESSAGES/xdg-desktop-portal-gnome.mo to /pkgs/xdg-desktop-portal-gnome/usr/share/locale/ab/LC_MESSAGES
Installing po/be/LC_MESSAGES/xdg-desktop-portal-gnome.mo to /pkgs/xdg-desktop-portal-gnome/usr/share/locale/be/LC_MESSAGES
Installing po/bg/LC_MESSAGES/xdg-desktop-portal-gnome.mo to /pkgs/xdg-desktop-portal-gnome/usr/share/locale/bg/LC_MESSAGES
Installing po/ca/LC_MESSAGES/xdg-desktop-portal-gnome.mo to /pkgs/xdg-desktop-portal-gnome/usr/share/locale/ca/LC_MESSAGES
Installing po/cs/LC_MESSAGES/xdg-desktop-portal-gnome.mo to /pkgs/xdg-desktop-portal-gnome/usr/share/locale/cs/LC_MESSAGES
Installing po/da/LC_MESSAGES/xdg-desktop-portal-gnome.mo to /pkgs/xdg-desktop-portal-gnome/usr/share/locale/da/LC_MESSAGES
Installing po/de/LC_MESSAGES/xdg-desktop-portal-gnome.mo to /pkgs/xdg-desktop-portal-gnome/usr/share/locale/de/LC_MESSAGES
Installing po/el/LC_MESSAGES/xdg-desktop-portal-gnome.mo to /pkgs/xdg-desktop-portal-gnome/usr/share/locale/el/LC_MESSAGES
Installing po/en_GB/LC_MESSAGES/xdg-desktop-portal-gnome.mo to /pkgs/xdg-desktop-portal-gnome/usr/share/locale/en_GB/LC_MESSAGES
Installing po/eo/LC_MESSAGES/xdg-desktop-portal-gnome.mo to /pkgs/xdg-desktop-portal-gnome/usr/share/locale/eo/LC_MESSAGES
Installing po/es/LC_MESSAGES/xdg-desktop-portal-gnome.mo to /pkgs/xdg-desktop-portal-gnome/usr/share/locale/es/LC_MESSAGES
Installing po/eu/LC_MESSAGES/xdg-desktop-portal-gnome.mo to /pkgs/xdg-desktop-portal-gnome/usr/share/locale/eu/LC_MESSAGES
Installing po/fa/LC_MESSAGES/xdg-desktop-portal-gnome.mo to /pkgs/xdg-desktop-portal-gnome/usr/share/locale/fa/LC_MESSAGES
Installing po/fi/LC_MESSAGES/xdg-desktop-portal-gnome.mo to /pkgs/xdg-desktop-portal-gnome/usr/share/locale/fi/LC_MESSAGES
Installing po/fr/LC_MESSAGES/xdg-desktop-portal-gnome.mo to /pkgs/xdg-desktop-portal-gnome/usr/share/locale/fr/LC_MESSAGES
Installing po/fur/LC_MESSAGES/xdg-desktop-portal-gnome.mo to /pkgs/xdg-desktop-portal-gnome/usr/share/locale/fur/LC_MESSAGES
Installing po/gl/LC_MESSAGES/xdg-desktop-portal-gnome.mo to /pkgs/xdg-desktop-portal-gnome/usr/share/locale/gl/LC_MESSAGES
Installing po/he/LC_MESSAGES/xdg-desktop-portal-gnome.mo to /pkgs/xdg-desktop-portal-gnome/usr/share/locale/he/LC_MESSAGES
Installing po/hi/LC_MESSAGES/xdg-desktop-portal-gnome.mo to /pkgs/xdg-desktop-portal-gnome/usr/share/locale/hi/LC_MESSAGES
Installing po/hr/LC_MESSAGES/xdg-desktop-portal-gnome.mo to /pkgs/xdg-desktop-portal-gnome/usr/share/locale/hr/LC_MESSAGES
Installing po/hu/LC_MESSAGES/xdg-desktop-portal-gnome.mo to /pkgs/xdg-desktop-portal-gnome/usr/share/locale/hu/LC_MESSAGES
Installing po/id/LC_MESSAGES/xdg-desktop-portal-gnome.mo to /pkgs/xdg-desktop-portal-gnome/usr/share/locale/id/LC_MESSAGES
Installing po/ie/LC_MESSAGES/xdg-desktop-portal-gnome.mo to /pkgs/xdg-desktop-portal-gnome/usr/share/locale/ie/LC_MESSAGES
Installing po/is/LC_MESSAGES/xdg-desktop-portal-gnome.mo to /pkgs/xdg-desktop-portal-gnome/usr/share/locale/is/LC_MESSAGES
Installing po/it/LC_MESSAGES/xdg-desktop-portal-gnome.mo to /pkgs/xdg-desktop-portal-gnome/usr/share/locale/it/LC_MESSAGES
Installing po/ja/LC_MESSAGES/xdg-desktop-portal-gnome.mo to /pkgs/xdg-desktop-portal-gnome/usr/share/locale/ja/LC_MESSAGES
Installing po/ka/LC_MESSAGES/xdg-desktop-portal-gnome.mo to /pkgs/xdg-desktop-portal-gnome/usr/share/locale/ka/LC_MESSAGES
Installing po/kab/LC_MESSAGES/xdg-desktop-portal-gnome.mo to /pkgs/xdg-desktop-portal-gnome/usr/share/locale/kab/LC_MESSAGES
Installing po/kk/LC_MESSAGES/xdg-desktop-portal-gnome.mo to /pkgs/xdg-desktop-portal-gnome/usr/share/locale/kk/LC_MESSAGES
Installing po/ko/LC_MESSAGES/xdg-desktop-portal-gnome.mo to /pkgs/xdg-desktop-portal-gnome/usr/share/locale/ko/LC_MESSAGES
Installing po/lt/LC_MESSAGES/xdg-desktop-portal-gnome.mo to /pkgs/xdg-desktop-portal-gnome/usr/share/locale/lt/LC_MESSAGES
Installing po/lv/LC_MESSAGES/xdg-desktop-portal-gnome.mo to /pkgs/xdg-desktop-portal-gnome/usr/share/locale/lv/LC_MESSAGES
Installing po/nb/LC_MESSAGES/xdg-desktop-portal-gnome.mo to /pkgs/xdg-desktop-portal-gnome/usr/share/locale/nb/LC_MESSAGES
Installing po/ne/LC_MESSAGES/xdg-desktop-portal-gnome.mo to /pkgs/xdg-desktop-portal-gnome/usr/share/locale/ne/LC_MESSAGES
Installing po/nl/LC_MESSAGES/xdg-desktop-portal-gnome.mo to /pkgs/xdg-desktop-portal-gnome/usr/share/locale/nl/LC_MESSAGES
Installing po/oc/LC_MESSAGES/xdg-desktop-portal-gnome.mo to /pkgs/xdg-desktop-portal-gnome/usr/share/locale/oc/LC_MESSAGES
Installing po/pa/LC_MESSAGES/xdg-desktop-portal-gnome.mo to /pkgs/xdg-desktop-portal-gnome/usr/share/locale/pa/LC_MESSAGES
Installing po/pl/LC_MESSAGES/xdg-desktop-portal-gnome.mo to /pkgs/xdg-desktop-portal-gnome/usr/share/locale/pl/LC_MESSAGES
Installing po/pt/LC_MESSAGES/xdg-desktop-portal-gnome.mo to /pkgs/xdg-desktop-portal-gnome/usr/share/locale/pt/LC_MESSAGES
Installing po/pt_BR/LC_MESSAGES/xdg-desktop-portal-gnome.mo to /pkgs/xdg-desktop-portal-gnome/usr/share/locale/pt_BR/LC_MESSAGES
Installing po/ro/LC_MESSAGES/xdg-desktop-portal-gnome.mo to /pkgs/xdg-desktop-portal-gnome/usr/share/locale/ro/LC_MESSAGES
Installing po/ru/LC_MESSAGES/xdg-desktop-portal-gnome.mo to /pkgs/xdg-desktop-portal-gnome/usr/share/locale/ru/LC_MESSAGES
Installing po/sk/LC_MESSAGES/xdg-desktop-portal-gnome.mo to /pkgs/xdg-desktop-portal-gnome/usr/share/locale/sk/LC_MESSAGES
Installing po/sl/LC_MESSAGES/xdg-desktop-portal-gnome.mo to /pkgs/xdg-desktop-portal-gnome/usr/share/locale/sl/LC_MESSAGES
Installing po/sr/LC_MESSAGES/xdg-desktop-portal-gnome.mo to /pkgs/xdg-desktop-portal-gnome/usr/share/locale/sr/LC_MESSAGES
Installing po/sv/LC_MESSAGES/xdg-desktop-portal-gnome.mo to /pkgs/xdg-desktop-portal-gnome/usr/share/locale/sv/LC_MESSAGES
Installing po/th/LC_MESSAGES/xdg-desktop-portal-gnome.mo to /pkgs/xdg-desktop-portal-gnome/usr/share/locale/th/LC_MESSAGES
Installing po/tr/LC_MESSAGES/xdg-desktop-portal-gnome.mo to /pkgs/xdg-desktop-portal-gnome/usr/share/locale/tr/LC_MESSAGES
Installing po/uk/LC_MESSAGES/xdg-desktop-portal-gnome.mo to /pkgs/xdg-desktop-portal-gnome/usr/share/locale/uk/LC_MESSAGES
Installing po/zh_CN/LC_MESSAGES/xdg-desktop-portal-gnome.mo to /pkgs/xdg-desktop-portal-gnome/usr/share/locale/zh_CN/LC_MESSAGES
Installing po/zh_TW/LC_MESSAGES/xdg-desktop-portal-gnome.mo to /pkgs/xdg-desktop-portal-gnome/usr/share/locale/zh_TW/LC_MESSAGES
Installing src/xdg-desktop-portal-gnome to /pkgs/xdg-desktop-portal-gnome/usr/libexec
Installing /blfs/builds/xdg-desktop-portal-gnome-47.3/build/data/gnome.portal to /pkgs/xdg-desktop-portal-gnome/usr/share/xdg-desktop-portal/portals
Installing /blfs/builds/xdg-desktop-portal-gnome-47.3/build/data/org.freedesktop.impl.portal.desktop.gnome.service to /pkgs/xdg-desktop-portal-gnome/usr/share/dbus-1/services
Installing /blfs/builds/xdg-desktop-portal-gnome-47.3/build/data/xdg-desktop-portal-gnome.service to /pkgs/xdg-desktop-portal-gnome/usr/lib/systemd/user
Installing /blfs/builds/xdg-desktop-portal-gnome-47.3/src/xdg-desktop-portal-gnome.gschema.xml to /pkgs/xdg-desktop-portal-gnome/usr/share/glib-2.0/schemas
Skipping custom install script because DESTDIR is set '/usr/bin/glib-compile-schemas /usr/share/glib-2.0/schemas'
[0/1] Installing files
Installing data/xdg-desktop-portal-gnome.desktop to /usr/share/applications
Installing po/ab/LC_MESSAGES/xdg-desktop-portal-gnome.mo to /usr/share/locale/ab/LC_MESSAGES
Installing po/be/LC_MESSAGES/xdg-desktop-portal-gnome.mo to /usr/share/locale/be/LC_MESSAGES
Installing po/bg/LC_MESSAGES/xdg-desktop-portal-gnome.mo to /usr/share/locale/bg/LC_MESSAGES
Installing po/ca/LC_MESSAGES/xdg-desktop-portal-gnome.mo to /usr/share/locale/ca/LC_MESSAGES
Installing po/cs/LC_MESSAGES/xdg-desktop-portal-gnome.mo to /usr/share/locale/cs/LC_MESSAGES
Installing po/da/LC_MESSAGES/xdg-desktop-portal-gnome.mo to /usr/share/locale/da/LC_MESSAGES
Installing po/de/LC_MESSAGES/xdg-desktop-portal-gnome.mo to /usr/share/locale/de/LC_MESSAGES
Installing po/el/LC_MESSAGES/xdg-desktop-portal-gnome.mo to /usr/share/locale/el/LC_MESSAGES
Installing po/en_GB/LC_MESSAGES/xdg-desktop-portal-gnome.mo to /usr/share/locale/en_GB/LC_MESSAGES
Installing po/eo/LC_MESSAGES/xdg-desktop-portal-gnome.mo to /usr/share/locale/eo/LC_MESSAGES
Installing po/es/LC_MESSAGES/xdg-desktop-portal-gnome.mo to /usr/share/locale/es/LC_MESSAGES
Installing po/eu/LC_MESSAGES/xdg-desktop-portal-gnome.mo to /usr/share/locale/eu/LC_MESSAGES
Installing po/fa/LC_MESSAGES/xdg-desktop-portal-gnome.mo to /usr/share/locale/fa/LC_MESSAGES
Installing po/fi/LC_MESSAGES/xdg-desktop-portal-gnome.mo to /usr/share/locale/fi/LC_MESSAGES
Installing po/fr/LC_MESSAGES/xdg-desktop-portal-gnome.mo to /usr/share/locale/fr/LC_MESSAGES
Installing po/fur/LC_MESSAGES/xdg-desktop-portal-gnome.mo to /usr/share/locale/fur/LC_MESSAGES
Installing po/gl/LC_MESSAGES/xdg-desktop-portal-gnome.mo to /usr/share/locale/gl/LC_MESSAGES
Installing po/he/LC_MESSAGES/xdg-desktop-portal-gnome.mo to /usr/share/locale/he/LC_MESSAGES
Installing po/hi/LC_MESSAGES/xdg-desktop-portal-gnome.mo to /usr/share/locale/hi/LC_MESSAGES
Installing po/hr/LC_MESSAGES/xdg-desktop-portal-gnome.mo to /usr/share/locale/hr/LC_MESSAGES
Installing po/hu/LC_MESSAGES/xdg-desktop-portal-gnome.mo to /usr/share/locale/hu/LC_MESSAGES
Installing po/id/LC_MESSAGES/xdg-desktop-portal-gnome.mo to /usr/share/locale/id/LC_MESSAGES
Installing po/ie/LC_MESSAGES/xdg-desktop-portal-gnome.mo to /usr/share/locale/ie/LC_MESSAGES
Installing po/is/LC_MESSAGES/xdg-desktop-portal-gnome.mo to /usr/share/locale/is/LC_MESSAGES
Installing po/it/LC_MESSAGES/xdg-desktop-portal-gnome.mo to /usr/share/locale/it/LC_MESSAGES
Installing po/ja/LC_MESSAGES/xdg-desktop-portal-gnome.mo to /usr/share/locale/ja/LC_MESSAGES
Installing po/ka/LC_MESSAGES/xdg-desktop-portal-gnome.mo to /usr/share/locale/ka/LC_MESSAGES
Installing po/kab/LC_MESSAGES/xdg-desktop-portal-gnome.mo to /usr/share/locale/kab/LC_MESSAGES
Installing po/kk/LC_MESSAGES/xdg-desktop-portal-gnome.mo to /usr/share/locale/kk/LC_MESSAGES
Installing po/ko/LC_MESSAGES/xdg-desktop-portal-gnome.mo to /usr/share/locale/ko/LC_MESSAGES
Installing po/lt/LC_MESSAGES/xdg-desktop-portal-gnome.mo to /usr/share/locale/lt/LC_MESSAGES
Installing po/lv/LC_MESSAGES/xdg-desktop-portal-gnome.mo to /usr/share/locale/lv/LC_MESSAGES
Installing po/nb/LC_MESSAGES/xdg-desktop-portal-gnome.mo to /usr/share/locale/nb/LC_MESSAGES
Installing po/ne/LC_MESSAGES/xdg-desktop-portal-gnome.mo to /usr/share/locale/ne/LC_MESSAGES
Installing po/nl/LC_MESSAGES/xdg-desktop-portal-gnome.mo to /usr/share/locale/nl/LC_MESSAGES
Installing po/oc/LC_MESSAGES/xdg-desktop-portal-gnome.mo to /usr/share/locale/oc/LC_MESSAGES
Installing po/pa/LC_MESSAGES/xdg-desktop-portal-gnome.mo to /usr/share/locale/pa/LC_MESSAGES
Installing po/pl/LC_MESSAGES/xdg-desktop-portal-gnome.mo to /usr/share/locale/pl/LC_MESSAGES
Installing po/pt/LC_MESSAGES/xdg-desktop-portal-gnome.mo to /usr/share/locale/pt/LC_MESSAGES
Installing po/pt_BR/LC_MESSAGES/xdg-desktop-portal-gnome.mo to /usr/share/locale/pt_BR/LC_MESSAGES
Installing po/ro/LC_MESSAGES/xdg-desktop-portal-gnome.mo to /usr/share/locale/ro/LC_MESSAGES
Installing po/ru/LC_MESSAGES/xdg-desktop-portal-gnome.mo to /usr/share/locale/ru/LC_MESSAGES
Installing po/sk/LC_MESSAGES/xdg-desktop-portal-gnome.mo to /usr/share/locale/sk/LC_MESSAGES
Installing po/sl/LC_MESSAGES/xdg-desktop-portal-gnome.mo to /usr/share/locale/sl/LC_MESSAGES
Installing po/sr/LC_MESSAGES/xdg-desktop-portal-gnome.mo to /usr/share/locale/sr/LC_MESSAGES
Installing po/sv/LC_MESSAGES/xdg-desktop-portal-gnome.mo to /usr/share/locale/sv/LC_MESSAGES
Installing po/th/LC_MESSAGES/xdg-desktop-portal-gnome.mo to /usr/share/locale/th/LC_MESSAGES
Installing po/tr/LC_MESSAGES/xdg-desktop-portal-gnome.mo to /usr/share/locale/tr/LC_MESSAGES
Installing po/uk/LC_MESSAGES/xdg-desktop-portal-gnome.mo to /usr/share/locale/uk/LC_MESSAGES
Installing po/zh_CN/LC_MESSAGES/xdg-desktop-portal-gnome.mo to /usr/share/locale/zh_CN/LC_MESSAGES
Installing po/zh_TW/LC_MESSAGES/xdg-desktop-portal-gnome.mo to /usr/share/locale/zh_TW/LC_MESSAGES
Installing src/xdg-desktop-portal-gnome to /usr/libexec
Installing /blfs/builds/xdg-desktop-portal-gnome-47.3/build/data/gnome.portal to /usr/share/xdg-desktop-portal/portals
Installing /blfs/builds/xdg-desktop-portal-gnome-47.3/build/data/org.freedesktop.impl.portal.desktop.gnome.service to /usr/share/dbus-1/services
Installing /blfs/builds/xdg-desktop-portal-gnome-47.3/build/data/xdg-desktop-portal-gnome.service to /usr/lib/systemd/user
Installing /blfs/builds/xdg-desktop-portal-gnome-47.3/src/xdg-desktop-portal-gnome.gschema.xml to /usr/share/glib-2.0/schemas
Running custom install script '/usr/bin/glib-compile-schemas /usr/share/glib-2.0/schemas'
xdg-desktop-portal-gnome/
xdg-desktop-portal-gnome/usr/
xdg-desktop-portal-gnome/usr/share/
xdg-desktop-portal-gnome/usr/share/glib-2.0/
xdg-desktop-portal-gnome/usr/share/glib-2.0/schemas/
xdg-desktop-portal-gnome/usr/share/glib-2.0/schemas/xdg-desktop-portal-gnome.gschema.xml
xdg-desktop-portal-gnome/usr/share/locale/
xdg-desktop-portal-gnome/usr/share/locale/be/
xdg-desktop-portal-gnome/usr/share/locale/be/LC_MESSAGES/
xdg-desktop-portal-gnome/usr/share/locale/be/LC_MESSAGES/xdg-desktop-portal-gnome.mo
xdg-desktop-portal-gnome/usr/share/locale/ca/
xdg-desktop-portal-gnome/usr/share/locale/ca/LC_MESSAGES/
xdg-desktop-portal-gnome/usr/share/locale/ca/LC_MESSAGES/xdg-desktop-portal-gnome.mo
xdg-desktop-portal-gnome/usr/share/locale/eu/
xdg-desktop-portal-gnome/usr/share/locale/eu/LC_MESSAGES/
xdg-desktop-portal-gnome/usr/share/locale/eu/LC_MESSAGES/xdg-desktop-portal-gnome.mo
xdg-desktop-portal-gnome/usr/share/locale/en_GB/
xdg-desktop-portal-gnome/usr/share/locale/en_GB/LC_MESSAGES/
xdg-desktop-portal-gnome/usr/share/locale/en_GB/LC_MESSAGES/xdg-desktop-portal-gnome.mo
xdg-desktop-portal-gnome/usr/share/locale/uk/
xdg-desktop-portal-gnome/usr/share/locale/uk/LC_MESSAGES/
xdg-desktop-portal-gnome/usr/share/locale/uk/LC_MESSAGES/xdg-desktop-portal-gnome.mo
xdg-desktop-portal-gnome/usr/share/locale/it/
xdg-desktop-portal-gnome/usr/share/locale/it/LC_MESSAGES/
xdg-desktop-portal-gnome/usr/share/locale/it/LC_MESSAGES/xdg-desktop-portal-gnome.mo
xdg-desktop-portal-gnome/usr/share/locale/he/
xdg-desktop-portal-gnome/usr/share/locale/he/LC_MESSAGES/
xdg-desktop-portal-gnome/usr/share/locale/he/LC_MESSAGES/xdg-desktop-portal-gnome.mo
xdg-desktop-portal-gnome/usr/share/locale/de/
xdg-desktop-portal-gnome/usr/share/locale/de/LC_MESSAGES/
xdg-desktop-portal-gnome/usr/share/locale/de/LC_MESSAGES/xdg-desktop-portal-gnome.mo
xdg-desktop-portal-gnome/usr/share/locale/pt/
xdg-desktop-portal-gnome/usr/share/locale/pt/LC_MESSAGES/
xdg-desktop-portal-gnome/usr/share/locale/pt/LC_MESSAGES/xdg-desktop-portal-gnome.mo
xdg-desktop-portal-gnome/usr/share/locale/kk/
xdg-desktop-portal-gnome/usr/share/locale/kk/LC_MESSAGES/
xdg-desktop-portal-gnome/usr/share/locale/kk/LC_MESSAGES/xdg-desktop-portal-gnome.mo
xdg-desktop-portal-gnome/usr/share/locale/es/
xdg-desktop-portal-gnome/usr/share/locale/es/LC_MESSAGES/
xdg-desktop-portal-gnome/usr/share/locale/es/LC_MESSAGES/xdg-desktop-portal-gnome.mo
xdg-desktop-portal-gnome/usr/share/locale/fur/
xdg-desktop-portal-gnome/usr/share/locale/fur/LC_MESSAGES/
xdg-desktop-portal-gnome/usr/share/locale/fur/LC_MESSAGES/xdg-desktop-portal-gnome.mo
xdg-desktop-portal-gnome/usr/share/locale/ne/
xdg-desktop-portal-gnome/usr/share/locale/ne/LC_MESSAGES/
xdg-desktop-portal-gnome/usr/share/locale/ne/LC_MESSAGES/xdg-desktop-portal-gnome.mo
xdg-desktop-portal-gnome/usr/share/locale/da/
xdg-desktop-portal-gnome/usr/share/locale/da/LC_MESSAGES/
xdg-desktop-portal-gnome/usr/share/locale/da/LC_MESSAGES/xdg-desktop-portal-gnome.mo
xdg-desktop-portal-gnome/usr/share/locale/zh_CN/
xdg-desktop-portal-gnome/usr/share/locale/zh_CN/LC_MESSAGES/
xdg-desktop-portal-gnome/usr/share/locale/zh_CN/LC_MESSAGES/xdg-desktop-portal-gnome.mo
xdg-desktop-portal-gnome/usr/share/locale/ko/
xdg-desktop-portal-gnome/usr/share/locale/ko/LC_MESSAGES/
xdg-desktop-portal-gnome/usr/share/locale/ko/LC_MESSAGES/xdg-desktop-portal-gnome.mo
xdg-desktop-portal-gnome/usr/share/locale/pa/
xdg-desktop-portal-gnome/usr/share/locale/pa/LC_MESSAGES/
xdg-desktop-portal-gnome/usr/share/locale/pa/LC_MESSAGES/xdg-desktop-portal-gnome.mo
xdg-desktop-portal-gnome/usr/share/locale/kab/
xdg-desktop-portal-gnome/usr/share/locale/kab/LC_MESSAGES/
xdg-desktop-portal-gnome/usr/share/locale/kab/LC_MESSAGES/xdg-desktop-portal-gnome.mo
xdg-desktop-portal-gnome/usr/share/locale/nb/
xdg-desktop-portal-gnome/usr/share/locale/nb/LC_MESSAGES/
xdg-desktop-portal-gnome/usr/share/locale/nb/LC_MESSAGES/xdg-desktop-portal-gnome.mo
xdg-desktop-portal-gnome/usr/share/locale/hr/
xdg-desktop-portal-gnome/usr/share/locale/hr/LC_MESSAGES/
xdg-desktop-portal-gnome/usr/share/locale/hr/LC_MESSAGES/xdg-desktop-portal-gnome.mo
xdg-desktop-portal-gnome/usr/share/locale/sr/
xdg-desktop-portal-gnome/usr/share/locale/sr/LC_MESSAGES/
xdg-desktop-portal-gnome/usr/share/locale/sr/LC_MESSAGES/xdg-desktop-portal-gnome.mo
xdg-desktop-portal-gnome/usr/share/locale/pt_BR/
xdg-desktop-portal-gnome/usr/share/locale/pt_BR/LC_MESSAGES/
xdg-desktop-portal-gnome/usr/share/locale/pt_BR/LC_MESSAGES/xdg-desktop-portal-gnome.mo
xdg-desktop-portal-gnome/usr/share/locale/tr/
xdg-desktop-portal-gnome/usr/share/locale/tr/LC_MESSAGES/
xdg-desktop-portal-gnome/usr/share/locale/tr/LC_MESSAGES/xdg-desktop-portal-gnome.mo
xdg-desktop-portal-gnome/usr/share/locale/fa/
xdg-desktop-portal-gnome/usr/share/locale/fa/LC_MESSAGES/
xdg-desktop-portal-gnome/usr/share/locale/fa/LC_MESSAGES/xdg-desktop-portal-gnome.mo
xdg-desktop-portal-gnome/usr/share/locale/ie/
xdg-desktop-portal-gnome/usr/share/locale/ie/LC_MESSAGES/
xdg-desktop-portal-gnome/usr/share/locale/ie/LC_MESSAGES/xdg-desktop-portal-gnome.mo
xdg-desktop-portal-gnome/usr/share/locale/sk/
xdg-desktop-portal-gnome/usr/share/locale/sk/LC_MESSAGES/
xdg-desktop-portal-gnome/usr/share/locale/sk/LC_MESSAGES/xdg-desktop-portal-gnome.mo
xdg-desktop-portal-gnome/usr/share/locale/hi/
xdg-desktop-portal-gnome/usr/share/locale/hi/LC_MESSAGES/
xdg-desktop-portal-gnome/usr/share/locale/hi/LC_MESSAGES/xdg-desktop-portal-gnome.mo
xdg-desktop-portal-gnome/usr/share/locale/gl/
xdg-desktop-portal-gnome/usr/share/locale/gl/LC_MESSAGES/
xdg-desktop-portal-gnome/usr/share/locale/gl/LC_MESSAGES/xdg-desktop-portal-gnome.mo
xdg-desktop-portal-gnome/usr/share/locale/pl/
xdg-desktop-portal-gnome/usr/share/locale/pl/LC_MESSAGES/
xdg-desktop-portal-gnome/usr/share/locale/pl/LC_MESSAGES/xdg-desktop-portal-gnome.mo
xdg-desktop-portal-gnome/usr/share/locale/sl/
xdg-desktop-portal-gnome/usr/share/locale/sl/LC_MESSAGES/
xdg-desktop-portal-gnome/usr/share/locale/sl/LC_MESSAGES/xdg-desktop-portal-gnome.mo
xdg-desktop-portal-gnome/usr/share/locale/fi/
xdg-desktop-portal-gnome/usr/share/locale/fi/LC_MESSAGES/
xdg-desktop-portal-gnome/usr/share/locale/fi/LC_MESSAGES/xdg-desktop-portal-gnome.mo
xdg-desktop-portal-gnome/usr/share/locale/is/
xdg-desktop-portal-gnome/usr/share/locale/is/LC_MESSAGES/
xdg-desktop-portal-gnome/usr/share/locale/is/LC_MESSAGES/xdg-desktop-portal-gnome.mo
xdg-desktop-portal-gnome/usr/share/locale/zh_TW/
xdg-desktop-portal-gnome/usr/share/locale/zh_TW/LC_MESSAGES/
xdg-desktop-portal-gnome/usr/share/locale/zh_TW/LC_MESSAGES/xdg-desktop-portal-gnome.mo
xdg-desktop-portal-gnome/usr/share/locale/nl/
xdg-desktop-portal-gnome/usr/share/locale/nl/LC_MESSAGES/
xdg-desktop-portal-gnome/usr/share/locale/nl/LC_MESSAGES/xdg-desktop-portal-gnome.mo
xdg-desktop-portal-gnome/usr/share/locale/oc/
xdg-desktop-portal-gnome/usr/share/locale/oc/LC_MESSAGES/
xdg-desktop-portal-gnome/usr/share/locale/oc/LC_MESSAGES/xdg-desktop-portal-gnome.mo
xdg-desktop-portal-gnome/usr/share/locale/ka/
xdg-desktop-portal-gnome/usr/share/locale/ka/LC_MESSAGES/
xdg-desktop-portal-gnome/usr/share/locale/ka/LC_MESSAGES/xdg-desktop-portal-gnome.mo
xdg-desktop-portal-gnome/usr/share/locale/fr/
xdg-desktop-portal-gnome/usr/share/locale/fr/LC_MESSAGES/
xdg-desktop-portal-gnome/usr/share/locale/fr/LC_MESSAGES/xdg-desktop-portal-gnome.mo
xdg-desktop-portal-gnome/usr/share/locale/eo/
xdg-desktop-portal-gnome/usr/share/locale/eo/LC_MESSAGES/
xdg-desktop-portal-gnome/usr/share/locale/eo/LC_MESSAGES/xdg-desktop-portal-gnome.mo
xdg-desktop-portal-gnome/usr/share/locale/ro/
xdg-desktop-portal-gnome/usr/share/locale/ro/LC_MESSAGES/
xdg-desktop-portal-gnome/usr/share/locale/ro/LC_MESSAGES/xdg-desktop-portal-gnome.mo
xdg-desktop-portal-gnome/usr/share/locale/lt/
xdg-desktop-portal-gnome/usr/share/locale/lt/LC_MESSAGES/
xdg-desktop-portal-gnome/usr/share/locale/lt/LC_MESSAGES/xdg-desktop-portal-gnome.mo
xdg-desktop-portal-gnome/usr/share/locale/cs/
xdg-desktop-portal-gnome/usr/share/locale/cs/LC_MESSAGES/
xdg-desktop-portal-gnome/usr/share/locale/cs/LC_MESSAGES/xdg-desktop-portal-gnome.mo
xdg-desktop-portal-gnome/usr/share/locale/sv/
xdg-desktop-portal-gnome/usr/share/locale/sv/LC_MESSAGES/
xdg-desktop-portal-gnome/usr/share/locale/sv/LC_MESSAGES/xdg-desktop-portal-gnome.mo
xdg-desktop-portal-gnome/usr/share/locale/el/
xdg-desktop-portal-gnome/usr/share/locale/el/LC_MESSAGES/
xdg-desktop-portal-gnome/usr/share/locale/el/LC_MESSAGES/xdg-desktop-portal-gnome.mo
xdg-desktop-portal-gnome/usr/share/locale/ja/
xdg-desktop-portal-gnome/usr/share/locale/ja/LC_MESSAGES/
xdg-desktop-portal-gnome/usr/share/locale/ja/LC_MESSAGES/xdg-desktop-portal-gnome.mo
xdg-desktop-portal-gnome/usr/share/locale/id/
xdg-desktop-portal-gnome/usr/share/locale/id/LC_MESSAGES/
xdg-desktop-portal-gnome/usr/share/locale/id/LC_MESSAGES/xdg-desktop-portal-gnome.mo
xdg-desktop-portal-gnome/usr/share/locale/hu/
xdg-desktop-portal-gnome/usr/share/locale/hu/LC_MESSAGES/
xdg-desktop-portal-gnome/usr/share/locale/hu/LC_MESSAGES/xdg-desktop-portal-gnome.mo
xdg-desktop-portal-gnome/usr/share/locale/bg/
xdg-desktop-portal-gnome/usr/share/locale/bg/LC_MESSAGES/
xdg-desktop-portal-gnome/usr/share/locale/bg/LC_MESSAGES/xdg-desktop-portal-gnome.mo
xdg-desktop-portal-gnome/usr/share/locale/ru/
xdg-desktop-portal-gnome/usr/share/locale/ru/LC_MESSAGES/
xdg-desktop-portal-gnome/usr/share/locale/ru/LC_MESSAGES/xdg-desktop-portal-gnome.mo
xdg-desktop-portal-gnome/usr/share/locale/lv/
xdg-desktop-portal-gnome/usr/share/locale/lv/LC_MESSAGES/
xdg-desktop-portal-gnome/usr/share/locale/lv/LC_MESSAGES/xdg-desktop-portal-gnome.mo
xdg-desktop-portal-gnome/usr/share/locale/ab/
xdg-desktop-portal-gnome/usr/share/locale/ab/LC_MESSAGES/
xdg-desktop-portal-gnome/usr/share/locale/ab/LC_MESSAGES/xdg-desktop-portal-gnome.mo
xdg-desktop-portal-gnome/usr/share/locale/th/
xdg-desktop-portal-gnome/usr/share/locale/th/LC_MESSAGES/
xdg-desktop-portal-gnome/usr/share/locale/th/LC_MESSAGES/xdg-desktop-portal-gnome.mo
xdg-desktop-portal-gnome/usr/share/applications/
xdg-desktop-portal-gnome/usr/share/applications/xdg-desktop-portal-gnome.desktop
xdg-desktop-portal-gnome/usr/share/dbus-1/
xdg-desktop-portal-gnome/usr/share/dbus-1/services/
xdg-desktop-portal-gnome/usr/share/dbus-1/services/org.freedesktop.impl.portal.desktop.gnome.service
xdg-desktop-portal-gnome/usr/share/xdg-desktop-portal/
xdg-desktop-portal-gnome/usr/share/xdg-desktop-portal/portals/
xdg-desktop-portal-gnome/usr/share/xdg-desktop-portal/portals/gnome.portal
xdg-desktop-portal-gnome/usr/lib/
xdg-desktop-portal-gnome/usr/lib/systemd/
xdg-desktop-portal-gnome/usr/lib/systemd/user/
xdg-desktop-portal-gnome/usr/lib/systemd/user/xdg-desktop-portal-gnome.service
xdg-desktop-portal-gnome/usr/libexec/
xdg-desktop-portal-gnome/usr/libexec/xdg-desktop-portal-gnome
xdg-desktop-portal-gnome/version
xdg-desktop-portal-gnome/depends
