--2025-06-19 07:15:15--  https://download.gnome.org/sources/yelp-xsl/41/yelp-xsl-41.1.tar.xz
Resolving download.gnome.org (download.gnome.org)... 2a02:6ea0:c400::54, 2a02:6ea0:c400::53, 79.127.206.234, ...
Connecting to download.gnome.org (download.gnome.org)|2a02:6ea0:c400::54|:443... connected.
HTTP request sent, awaiting response... 200 OK
Length: 661572 (646K) [application/octet-stream]
Saving to: 'yelp-xsl-41.1.tar.xz'

     0K .......... .......... .......... .......... ..........  7% 4.15M 0s
    50K .......... .......... .......... .......... .......... 15% 14.8M 0s
   100K .......... .......... .......... .......... .......... 23% 13.4M 0s
   150K .......... .......... .......... .......... .......... 30% 19.9M 0s
   200K .......... .......... .......... .......... .......... 38% 24.8M 0s
   250K .......... .......... .......... .......... .......... 46% 25.6M 0s
   300K .......... .......... .......... .......... .......... 54% 89.0M 0s
   350K .......... .......... .......... .......... .......... 61% 34.6M 0s
   400K .......... .......... .......... .......... .......... 69% 43.2M 0s
   450K .......... .......... .......... .......... .......... 77% 55.5M 0s
   500K .......... .......... .......... .......... .......... 85% 30.4M 0s
   550K .......... .......... .......... .......... .......... 92%  118M 0s
   600K .......... .......... .......... .......... ......    100% 73.2M=0.03s

2025-06-19 07:15:15 (19.9 MB/s) - 'yelp-xsl-41.1.tar.xz' saved [661572/661572]

yelp-xsl-41.1/
yelp-xsl-41.1/m4/
yelp-xsl-41.1/m4/gettext.m4
yelp-xsl-41.1/m4/iconv.m4
yelp-xsl-41.1/m4/intlmacosx.m4
yelp-xsl-41.1/m4/lib-ld.m4
yelp-xsl-41.1/m4/lib-link.m4
yelp-xsl-41.1/m4/lib-prefix.m4
yelp-xsl-41.1/m4/nls.m4
yelp-xsl-41.1/m4/po.m4
yelp-xsl-41.1/m4/progtest.m4
yelp-xsl-41.1/Makefile.am
yelp-xsl-41.1/configure
yelp-xsl-41.1/configure.ac
yelp-xsl-41.1/aclocal.m4
yelp-xsl-41.1/Makefile.in
yelp-xsl-41.1/yelp-xsl.pc.in
yelp-xsl-41.1/ABOUT-NLS
yelp-xsl-41.1/AUTHORS
yelp-xsl-41.1/COPYING
yelp-xsl-41.1/ChangeLog
yelp-xsl-41.1/INSTALL
yelp-xsl-41.1/NEWS
yelp-xsl-41.1/README
yelp-xsl-41.1/compile
yelp-xsl-41.1/config.guess
yelp-xsl-41.1/config.rpath
yelp-xsl-41.1/config.sub
yelp-xsl-41.1/install-sh
yelp-xsl-41.1/missing
yelp-xsl-41.1/COPYING.GPL
yelp-xsl-41.1/COPYING.LGPL
yelp-xsl-41.1/js/
yelp-xsl-41.1/js/Makefile.am
yelp-xsl-41.1/js/Makefile.in
yelp-xsl-41.1/js/highlight.pack.js
yelp-xsl-41.1/xslt/
yelp-xsl-41.1/xslt/Makefile.am
yelp-xsl-41.1/xslt/Makefile.in
yelp-xsl-41.1/xslt/common/
yelp-xsl-41.1/xslt/common/Makefile.am
yelp-xsl-41.1/xslt/common/Makefile.in
yelp-xsl-41.1/xslt/common/color.xsl
yelp-xsl-41.1/xslt/common/icons.xsl
yelp-xsl-41.1/xslt/common/l10n.xsl
yelp-xsl-41.1/xslt/common/l10n-numbers.xsl
yelp-xsl-41.1/xslt/common/html.xsl
yelp-xsl-41.1/xslt/common/tmpl.xsl
yelp-xsl-41.1/xslt/common/ttml.xsl
yelp-xsl-41.1/xslt/common/utils.xsl
yelp-xsl-41.1/xslt/common/css/
yelp-xsl-41.1/xslt/common/css/Makefile.am
yelp-xsl-41.1/xslt/common/css/Makefile.in
yelp-xsl-41.1/xslt/common/css/README
yelp-xsl-41.1/xslt/common/css/core.css.tmpl
yelp-xsl-41.1/xslt/common/css/docbook.css.tmpl
yelp-xsl-41.1/xslt/common/css/elements.css.tmpl
yelp-xsl-41.1/xslt/common/css/mallard.css.tmpl
yelp-xsl-41.1/xslt/common/css/mallard-editor.css.tmpl
yelp-xsl-41.1/xslt/common/css/syntax.css.tmpl
yelp-xsl-41.1/xslt/common/domains/
yelp-xsl-41.1/xslt/common/domains/Makefile.am
yelp-xsl-41.1/xslt/common/domains/Makefile.in
yelp-xsl-41.1/xslt/common/domains/yelp-xsl.xml
yelp-xsl-41.1/xslt/common/domains/yelp-xsl.xml.in
yelp-xsl-41.1/xslt/common/icons/
yelp-xsl-41.1/xslt/common/icons/Makefile.am
yelp-xsl-41.1/xslt/common/icons/Makefile.in
yelp-xsl-41.1/xslt/common/icons/yelp-note-advanced.svg
yelp-xsl-41.1/xslt/common/icons/yelp-note-bug.svg
yelp-xsl-41.1/xslt/common/icons/yelp-note-important.svg
yelp-xsl-41.1/xslt/common/icons/yelp-note-note.svg
yelp-xsl-41.1/xslt/common/icons/yelp-note-package.svg
yelp-xsl-41.1/xslt/common/icons/yelp-note-tip.svg
yelp-xsl-41.1/xslt/common/icons/yelp-note-warning.svg
yelp-xsl-41.1/xslt/docbook/
yelp-xsl-41.1/xslt/docbook/Makefile.am
yelp-xsl-41.1/xslt/docbook/Makefile.in
yelp-xsl-41.1/xslt/docbook/common/
yelp-xsl-41.1/xslt/docbook/common/Makefile.am
yelp-xsl-41.1/xslt/docbook/common/Makefile.in
yelp-xsl-41.1/xslt/docbook/common/db-chunk.xsl
yelp-xsl-41.1/xslt/docbook/common/db-common.xsl
yelp-xsl-41.1/xslt/docbook/common/db-profile.xsl
yelp-xsl-41.1/xslt/docbook/common/db-title.xsl
yelp-xsl-41.1/xslt/docbook/common/db-xref.xsl
yelp-xsl-41.1/xslt/docbook/common/db-selectors.mod
yelp-xsl-41.1/xslt/docbook/html/
yelp-xsl-41.1/xslt/docbook/html/Makefile.am
yelp-xsl-41.1/xslt/docbook/html/Makefile.in
yelp-xsl-41.1/xslt/docbook/html/TODO
yelp-xsl-41.1/xslt/docbook/html/db2html-bibliography.xsl
yelp-xsl-41.1/xslt/docbook/html/db2html-block.xsl
yelp-xsl-41.1/xslt/docbook/html/db2html-callout.xsl
yelp-xsl-41.1/xslt/docbook/html/db2html-classsynopsis.xsl
yelp-xsl-41.1/xslt/docbook/html/db2html-cmdsynopsis.xsl
yelp-xsl-41.1/xslt/docbook/html/db2html-division.xsl
yelp-xsl-41.1/xslt/docbook/html/db2html-ebnf.xsl
yelp-xsl-41.1/xslt/docbook/html/db2html-footnote.xsl
yelp-xsl-41.1/xslt/docbook/html/db2html-funcsynopsis.xsl
yelp-xsl-41.1/xslt/docbook/html/db2html-index.xsl
yelp-xsl-41.1/xslt/docbook/html/db2html-inline.xsl
yelp-xsl-41.1/xslt/docbook/html/db2html-links.xsl
yelp-xsl-41.1/xslt/docbook/html/db2html-math.xsl
yelp-xsl-41.1/xslt/docbook/html/db2html-media.xsl
yelp-xsl-41.1/xslt/docbook/html/db2html-list.xsl
yelp-xsl-41.1/xslt/docbook/html/db2html-refentry.xsl
yelp-xsl-41.1/xslt/docbook/html/db2html-suppressed.xsl
yelp-xsl-41.1/xslt/docbook/html/db2html-table.xsl
yelp-xsl-41.1/xslt/docbook/html/db2html-xref.xsl
yelp-xsl-41.1/xslt/docbook/html/db2html.xsl
yelp-xsl-41.1/xslt/docbook/html/db2xhtml.xsl
yelp-xsl-41.1/xslt/mallard/
yelp-xsl-41.1/xslt/mallard/Makefile.am
yelp-xsl-41.1/xslt/mallard/Makefile.in
yelp-xsl-41.1/xslt/mallard/common/
yelp-xsl-41.1/xslt/mallard/common/Makefile.am
yelp-xsl-41.1/xslt/mallard/common/Makefile.in
yelp-xsl-41.1/xslt/mallard/common/mal-gloss.xsl
yelp-xsl-41.1/xslt/mallard/common/mal-if.xsl
yelp-xsl-41.1/xslt/mallard/common/mal-link.xsl
yelp-xsl-41.1/xslt/mallard/common/mal-sort.xsl
yelp-xsl-41.1/xslt/mallard/html/
yelp-xsl-41.1/xslt/mallard/html/Makefile.am
yelp-xsl-41.1/xslt/mallard/html/Makefile.in
yelp-xsl-41.1/xslt/mallard/html/mal2html-api.xsl
yelp-xsl-41.1/xslt/mallard/html/mal2html-block.xsl
yelp-xsl-41.1/xslt/mallard/html/mal2html-gloss.xsl
yelp-xsl-41.1/xslt/mallard/html/mal2html-inline.xsl
yelp-xsl-41.1/xslt/mallard/html/mal2html-links.xsl
yelp-xsl-41.1/xslt/mallard/html/mal2html-list.xsl
yelp-xsl-41.1/xslt/mallard/html/mal2html-math.xsl
yelp-xsl-41.1/xslt/mallard/html/mal2html-media.xsl
yelp-xsl-41.1/xslt/mallard/html/mal2html-page.xsl
yelp-xsl-41.1/xslt/mallard/html/mal2html-svg.xsl
yelp-xsl-41.1/xslt/mallard/html/mal2html-table.xsl
yelp-xsl-41.1/xslt/mallard/html/mal2html-ui.xsl
yelp-xsl-41.1/xslt/mallard/html/mal2html.xsl
yelp-xsl-41.1/xslt/mallard/html/mal2xhtml.xsl
yelp-xsl-41.1/xslt/mallard/cache/
yelp-xsl-41.1/xslt/mallard/cache/Makefile.am
yelp-xsl-41.1/xslt/mallard/cache/Makefile.in
yelp-xsl-41.1/xslt/mallard/cache/mal-cache.xsl
yelp-xsl-41.1/doc/
yelp-xsl-41.1/doc/Makefile.am
yelp-xsl-41.1/doc/Makefile.in
yelp-xsl-41.1/doc/yelp-xsl/
yelp-xsl-41.1/doc/yelp-xsl/ducks/
yelp-xsl-41.1/doc/yelp-xsl/ducks/color.duck
yelp-xsl-41.1/doc/yelp-xsl/ducks/db-chunk.duck
yelp-xsl-41.1/doc/yelp-xsl/ducks/db-common.duck
yelp-xsl-41.1/doc/yelp-xsl/ducks/db-profile.duck
yelp-xsl-41.1/doc/yelp-xsl/ducks/db-title.duck
yelp-xsl-41.1/doc/yelp-xsl/ducks/db-xref.duck
yelp-xsl-41.1/doc/yelp-xsl/ducks/db2html.duck
yelp-xsl-41.1/doc/yelp-xsl/ducks/db2html-bibliography.duck
yelp-xsl-41.1/doc/yelp-xsl/ducks/db2html-block.duck
yelp-xsl-41.1/doc/yelp-xsl/ducks/db2html-callout.duck
yelp-xsl-41.1/doc/yelp-xsl/ducks/db2html-classsynopsis.duck
yelp-xsl-41.1/doc/yelp-xsl/ducks/db2html-cmdsynopsis.duck
yelp-xsl-41.1/doc/yelp-xsl/ducks/db2html-division.duck
yelp-xsl-41.1/doc/yelp-xsl/ducks/db2html-ebnf.duck
yelp-xsl-41.1/doc/yelp-xsl/ducks/db2html-footnote.duck
yelp-xsl-41.1/doc/yelp-xsl/ducks/db2html-funcsynopsis.duck
yelp-xsl-41.1/doc/yelp-xsl/ducks/db2html-index.duck
yelp-xsl-41.1/doc/yelp-xsl/ducks/db2html-inline.duck
yelp-xsl-41.1/doc/yelp-xsl/ducks/db2html-links.duck
yelp-xsl-41.1/doc/yelp-xsl/ducks/db2html-list.duck
yelp-xsl-41.1/doc/yelp-xsl/ducks/db2html-math.duck
yelp-xsl-41.1/doc/yelp-xsl/ducks/db2html-media.duck
yelp-xsl-41.1/doc/yelp-xsl/ducks/db2html-refentry.duck
yelp-xsl-41.1/doc/yelp-xsl/ducks/db2html-table.duck
yelp-xsl-41.1/doc/yelp-xsl/ducks/db2html-xref.duck
yelp-xsl-41.1/doc/yelp-xsl/ducks/db2xhtml.duck
yelp-xsl-41.1/doc/yelp-xsl/ducks/html.duck
yelp-xsl-41.1/doc/yelp-xsl/ducks/icons.duck
yelp-xsl-41.1/doc/yelp-xsl/ducks/l10n.duck
yelp-xsl-41.1/doc/yelp-xsl/ducks/l10n-numbers.duck
yelp-xsl-41.1/doc/yelp-xsl/ducks/mal-cache.duck
yelp-xsl-41.1/doc/yelp-xsl/ducks/mal-gloss.duck
yelp-xsl-41.1/doc/yelp-xsl/ducks/mal-if.duck
yelp-xsl-41.1/doc/yelp-xsl/ducks/mal-link.duck
yelp-xsl-41.1/doc/yelp-xsl/ducks/mal-sort.duck
yelp-xsl-41.1/doc/yelp-xsl/ducks/mal2html.duck
yelp-xsl-41.1/doc/yelp-xsl/ducks/mal2html-api.duck
yelp-xsl-41.1/doc/yelp-xsl/ducks/mal2html-block.duck
yelp-xsl-41.1/doc/yelp-xsl/ducks/mal2html-gloss.duck
yelp-xsl-41.1/doc/yelp-xsl/ducks/mal2html-inline.duck
yelp-xsl-41.1/doc/yelp-xsl/ducks/mal2html-links.duck
yelp-xsl-41.1/doc/yelp-xsl/ducks/mal2html-list.duck
yelp-xsl-41.1/doc/yelp-xsl/ducks/mal2html-math.duck
yelp-xsl-41.1/doc/yelp-xsl/ducks/mal2html-media.duck
yelp-xsl-41.1/doc/yelp-xsl/ducks/mal2html-page.duck
yelp-xsl-41.1/doc/yelp-xsl/ducks/mal2html-svg.duck
yelp-xsl-41.1/doc/yelp-xsl/ducks/mal2html-table.duck
yelp-xsl-41.1/doc/yelp-xsl/ducks/mal2html-ui.duck
yelp-xsl-41.1/doc/yelp-xsl/ducks/mal2xhtml.duck
yelp-xsl-41.1/doc/yelp-xsl/ducks/tmpl.duck
yelp-xsl-41.1/doc/yelp-xsl/ducks/ttml.duck
yelp-xsl-41.1/doc/yelp-xsl/ducks/utils.duck
yelp-xsl-41.1/doc/yelp-xsl/static/
yelp-xsl-41.1/doc/yelp-xsl/static/index.duck
yelp-xsl-41.1/doc/yelp-xsl/static/keys.duck
yelp-xsl-41.1/doc/yelp-xsl/static/modes.duck
yelp-xsl-41.1/doc/yelp-xsl/static/params.duck
yelp-xsl-41.1/doc/yelp-xsl/static/stubs.duck
yelp-xsl-41.1/doc/yelp-xsl/static/stylesheets.duck
yelp-xsl-41.1/doc/yelp-xsl/static/templates.duck
yelp-xsl-41.1/doc/yelp-xsl/Makefile.am
yelp-xsl-41.1/doc/yelp-xsl/Makefile.in
yelp-xsl-41.1/doc/yelp-xsl/xsldoc.xsl
yelp-xsl-41.1/po/
yelp-xsl-41.1/po/Makefile.in.in
yelp-xsl-41.1/po/remove-potcdate.sin
yelp-xsl-41.1/po/quot.sed
yelp-xsl-41.1/po/boldquot.sed
yelp-xsl-41.1/po/en@quot.header
yelp-xsl-41.1/po/en@boldquot.header
yelp-xsl-41.1/po/insert-header.sin
yelp-xsl-41.1/po/Rules-quot
yelp-xsl-41.1/po/Makevars
yelp-xsl-41.1/po/POTFILES.in
yelp-xsl-41.1/po/af.po
yelp-xsl-41.1/po/ar.po
yelp-xsl-41.1/po/as.po
yelp-xsl-41.1/po/ast.po
yelp-xsl-41.1/po/be.po
yelp-xsl-41.1/po/be@latin.po
yelp-xsl-41.1/po/bg.po
yelp-xsl-41.1/po/bn.po
yelp-xsl-41.1/po/bn_IN.po
yelp-xsl-41.1/po/bs.po
yelp-xsl-41.1/po/ca.po
yelp-xsl-41.1/po/ca@valencia.po
yelp-xsl-41.1/po/ckb.po
yelp-xsl-41.1/po/cs.po
yelp-xsl-41.1/po/cy.po
yelp-xsl-41.1/po/da.po
yelp-xsl-41.1/po/de.po
yelp-xsl-41.1/po/dz.po
yelp-xsl-41.1/po/el.po
yelp-xsl-41.1/po/en_CA.po
yelp-xsl-41.1/po/en_GB.po
yelp-xsl-41.1/po/en@shaw.po
yelp-xsl-41.1/po/eo.po
yelp-xsl-41.1/po/es.po
yelp-xsl-41.1/po/et.po
yelp-xsl-41.1/po/eu.po
yelp-xsl-41.1/po/fa.po
yelp-xsl-41.1/po/fi.po
yelp-xsl-41.1/po/fr.po
yelp-xsl-41.1/po/fur.po
yelp-xsl-41.1/po/ga.po
yelp-xsl-41.1/po/gd.po
yelp-xsl-41.1/po/gl.po
yelp-xsl-41.1/po/gu.po
yelp-xsl-41.1/po/he.po
yelp-xsl-41.1/po/hi.po
yelp-xsl-41.1/po/hr.po
yelp-xsl-41.1/po/hu.po
yelp-xsl-41.1/po/id.po
yelp-xsl-41.1/po/is.po
yelp-xsl-41.1/po/it.po
yelp-xsl-41.1/po/ja.po
yelp-xsl-41.1/po/ka.po
yelp-xsl-41.1/po/kk.po
yelp-xsl-41.1/po/km.po
yelp-xsl-41.1/po/kn.po
yelp-xsl-41.1/po/ko.po
yelp-xsl-41.1/po/ky.po
yelp-xsl-41.1/po/lt.po
yelp-xsl-41.1/po/lv.po
yelp-xsl-41.1/po/mai.po
yelp-xsl-41.1/po/mg.po
yelp-xsl-41.1/po/mk.po
yelp-xsl-41.1/po/ml.po
yelp-xsl-41.1/po/mn.po
yelp-xsl-41.1/po/mr.po
yelp-xsl-41.1/po/ms.po
yelp-xsl-41.1/po/nb.po
yelp-xsl-41.1/po/ne.po
yelp-xsl-41.1/po/nl.po
yelp-xsl-41.1/po/nn.po
yelp-xsl-41.1/po/oc.po
yelp-xsl-41.1/po/or.po
yelp-xsl-41.1/po/pa.po
yelp-xsl-41.1/po/pl.po
yelp-xsl-41.1/po/pt.po
yelp-xsl-41.1/po/pt_BR.po
yelp-xsl-41.1/po/ro.po
yelp-xsl-41.1/po/ru.po
yelp-xsl-41.1/po/rw.po
yelp-xsl-41.1/po/si.po
yelp-xsl-41.1/po/sk.po
yelp-xsl-41.1/po/sl.po
yelp-xsl-41.1/po/sq.po
yelp-xsl-41.1/po/sr.po
yelp-xsl-41.1/po/sr@latin.po
yelp-xsl-41.1/po/sv.po
yelp-xsl-41.1/po/ta.po
yelp-xsl-41.1/po/te.po
yelp-xsl-41.1/po/tg.po
yelp-xsl-41.1/po/th.po
yelp-xsl-41.1/po/tr.po
yelp-xsl-41.1/po/ug.po
yelp-xsl-41.1/po/uk.po
yelp-xsl-41.1/po/uz.po
yelp-xsl-41.1/po/uz@cyrillic.po
yelp-xsl-41.1/po/vi.po
yelp-xsl-41.1/po/wa.po
yelp-xsl-41.1/po/zh_CN.po
yelp-xsl-41.1/po/zh_HK.po
yelp-xsl-41.1/po/zh_TW.po
yelp-xsl-41.1/po/af.gmo
yelp-xsl-41.1/po/ar.gmo
yelp-xsl-41.1/po/as.gmo
yelp-xsl-41.1/po/ast.gmo
yelp-xsl-41.1/po/be.gmo
yelp-xsl-41.1/po/be@latin.gmo
yelp-xsl-41.1/po/bg.gmo
yelp-xsl-41.1/po/bn.gmo
yelp-xsl-41.1/po/bn_IN.gmo
yelp-xsl-41.1/po/bs.gmo
yelp-xsl-41.1/po/ca.gmo
yelp-xsl-41.1/po/ca@valencia.gmo
yelp-xsl-41.1/po/ckb.gmo
yelp-xsl-41.1/po/cs.gmo
yelp-xsl-41.1/po/cy.gmo
yelp-xsl-41.1/po/da.gmo
yelp-xsl-41.1/po/de.gmo
yelp-xsl-41.1/po/dz.gmo
yelp-xsl-41.1/po/el.gmo
yelp-xsl-41.1/po/en_CA.gmo
yelp-xsl-41.1/po/en_GB.gmo
yelp-xsl-41.1/po/en@shaw.gmo
yelp-xsl-41.1/po/eo.gmo
yelp-xsl-41.1/po/es.gmo
yelp-xsl-41.1/po/et.gmo
yelp-xsl-41.1/po/eu.gmo
yelp-xsl-41.1/po/fa.gmo
yelp-xsl-41.1/po/fi.gmo
yelp-xsl-41.1/po/fr.gmo
yelp-xsl-41.1/po/fur.gmo
yelp-xsl-41.1/po/ga.gmo
yelp-xsl-41.1/po/gd.gmo
yelp-xsl-41.1/po/gl.gmo
yelp-xsl-41.1/po/gu.gmo
yelp-xsl-41.1/po/he.gmo
yelp-xsl-41.1/po/hi.gmo
yelp-xsl-41.1/po/hr.gmo
yelp-xsl-41.1/po/hu.gmo
yelp-xsl-41.1/po/id.gmo
yelp-xsl-41.1/po/is.gmo
yelp-xsl-41.1/po/it.gmo
yelp-xsl-41.1/po/ja.gmo
yelp-xsl-41.1/po/ka.gmo
yelp-xsl-41.1/po/kk.gmo
yelp-xsl-41.1/po/km.gmo
yelp-xsl-41.1/po/kn.gmo
yelp-xsl-41.1/po/ko.gmo
yelp-xsl-41.1/po/ky.gmo
yelp-xsl-41.1/po/lt.gmo
yelp-xsl-41.1/po/lv.gmo
yelp-xsl-41.1/po/mai.gmo
yelp-xsl-41.1/po/mg.gmo
yelp-xsl-41.1/po/mk.gmo
yelp-xsl-41.1/po/ml.gmo
yelp-xsl-41.1/po/mn.gmo
yelp-xsl-41.1/po/mr.gmo
yelp-xsl-41.1/po/ms.gmo
yelp-xsl-41.1/po/nb.gmo
yelp-xsl-41.1/po/ne.gmo
yelp-xsl-41.1/po/nl.gmo
yelp-xsl-41.1/po/nn.gmo
yelp-xsl-41.1/po/oc.gmo
yelp-xsl-41.1/po/or.gmo
yelp-xsl-41.1/po/pa.gmo
yelp-xsl-41.1/po/pl.gmo
yelp-xsl-41.1/po/pt.gmo
yelp-xsl-41.1/po/pt_BR.gmo
yelp-xsl-41.1/po/ro.gmo
yelp-xsl-41.1/po/ru.gmo
yelp-xsl-41.1/po/rw.gmo
yelp-xsl-41.1/po/si.gmo
yelp-xsl-41.1/po/sk.gmo
yelp-xsl-41.1/po/sl.gmo
yelp-xsl-41.1/po/sq.gmo
yelp-xsl-41.1/po/sr.gmo
yelp-xsl-41.1/po/sr@latin.gmo
yelp-xsl-41.1/po/sv.gmo
yelp-xsl-41.1/po/ta.gmo
yelp-xsl-41.1/po/te.gmo
yelp-xsl-41.1/po/tg.gmo
yelp-xsl-41.1/po/th.gmo
yelp-xsl-41.1/po/tr.gmo
yelp-xsl-41.1/po/ug.gmo
yelp-xsl-41.1/po/uk.gmo
yelp-xsl-41.1/po/uz.gmo
yelp-xsl-41.1/po/uz@cyrillic.gmo
yelp-xsl-41.1/po/vi.gmo
yelp-xsl-41.1/po/wa.gmo
yelp-xsl-41.1/po/zh_CN.gmo
yelp-xsl-41.1/po/zh_HK.gmo
yelp-xsl-41.1/po/zh_TW.gmo
yelp-xsl-41.1/po/yelp-xsl.pot
yelp-xsl-41.1/po/stamp-po
yelp-xsl-41.1/po/ChangeLog
yelp-xsl-41.1/po/LINGUAS

ERROR: Neither source directory '..' nor build directory None contain a build file meson.build.
